<?xml version="1.0" encoding="UTF-8"?>
<testsuite xmlns:xsi="http://www.w3.org/2001/XMLSchema-instance" xsi:noNamespaceSchemaLocation="https://maven.apache.org/surefire/maven-surefire-plugin/xsd/surefire-test-report-3.0.xsd" version="3.0" name="tests.DocumentoCRUDTest" time="0.841" tests="1" errors="1" skipped="0" failures="0">
  <properties>
    <property name="java.specification.version" value="17"/>
    <property name="sun.cpu.isalist" value="amd64"/>
    <property name="sun.jnu.encoding" value="Cp1252"/>
    <property name="java.class.path" value="C:\Users\NOTDXP_017\Documents\NetBeansProjects\GerenciamentoProjetosSC\target\test-classes;C:\Users\NOTDXP_017\Documents\NetBeansProjects\GerenciamentoProjetosSC\target\classes;C:\Users\NOTDXP_017\.m2\repository\org\eclipse\persistence\eclipselink\4.0.4\eclipselink-4.0.4.jar;C:\Users\NOTDXP_017\.m2\repository\jakarta\persistence\jakarta.persistence-api\3.1.0\jakarta.persistence-api-3.1.0.jar;C:\Users\NOTDXP_017\.m2\repository\jakarta\xml\bind\jakarta.xml.bind-api\4.0.2\jakarta.xml.bind-api-4.0.2.jar;C:\Users\NOTDXP_017\.m2\repository\com\sun\xml\bind\jaxb-xjc\4.0.5\jaxb-xjc-4.0.5.jar;C:\Users\NOTDXP_017\.m2\repository\com\sun\xml\bind\jaxb-core\4.0.5\jaxb-core-4.0.5.jar;C:\Users\NOTDXP_017\.m2\repository\org\eclipse\angus\angus-activation\2.0.2\angus-activation-2.0.2.jar;C:\Users\NOTDXP_017\.m2\repository\jakarta\activation\jakarta.activation-api\2.1.3\jakarta.activation-api-2.1.3.jar;C:\Users\NOTDXP_017\.m2\repository\org\eclipse\persistence\org.eclipse.persistence.jpa\4.0.4\org.eclipse.persistence.jpa-4.0.4.jar;C:\Users\NOTDXP_017\.m2\repository\org\eclipse\persistence\org.eclipse.persistence.asm\9.7.0\org.eclipse.persistence.asm-9.7.0.jar;C:\Users\NOTDXP_017\.m2\repository\org\eclipse\persistence\org.eclipse.persistence.core\4.0.4\org.eclipse.persistence.core-4.0.4.jar;C:\Users\NOTDXP_017\.m2\repository\org\eclipse\persistence\org.eclipse.persistence.jpa.jpql\4.0.4\org.eclipse.persistence.jpa.jpql-4.0.4.jar;C:\Users\NOTDXP_017\.m2\repository\org\apache\derby\derbyclient\10.16.1.1\derbyclient-10.16.1.1.jar;C:\Users\NOTDXP_017\.m2\repository\org\apache\derby\derbyshared\10.16.1.1\derbyshared-10.16.1.1.jar;C:\Users\NOTDXP_017\.m2\repository\org\apache\derby\derbytools\10.16.1.1\derbytools-10.16.1.1.jar;C:\Users\NOTDXP_017\.m2\repository\org\junit\jupiter\junit-jupiter-api\5.11.3\junit-jupiter-api-5.11.3.jar;C:\Users\NOTDXP_017\.m2\repository\org\opentest4j\opentest4j\1.3.0\opentest4j-1.3.0.jar;C:\Users\NOTDXP_017\.m2\repository\org\junit\platform\junit-platform-commons\1.11.3\junit-platform-commons-1.11.3.jar;C:\Users\NOTDXP_017\.m2\repository\org\apiguardian\apiguardian-api\1.1.2\apiguardian-api-1.1.2.jar;C:\Users\NOTDXP_017\.m2\repository\org\dbunit\dbunit\2.8.0\dbunit-2.8.0.jar;C:\Users\NOTDXP_017\.m2\repository\org\yaml\snakeyaml\2.2\snakeyaml-2.2.jar;C:\Users\NOTDXP_017\.m2\repository\org\postgresql\postgresql\42.3.1\postgresql-42.3.1.jar;C:\Users\NOTDXP_017\.m2\repository\org\checkerframework\checker-qual\3.5.0\checker-qual-3.5.0.jar;C:\Users\NOTDXP_017\.m2\repository\com\oracle\database\jdbc\ojdbc8\19.3.0.0\ojdbc8-19.3.0.0.jar;C:\Users\NOTDXP_017\.m2\repository\com\oracle\database\jdbc\ucp\19.3.0.0\ucp-19.3.0.0.jar;C:\Users\NOTDXP_017\.m2\repository\com\oracle\database\security\oraclepki\19.3.0.0\oraclepki-19.3.0.0.jar;C:\Users\NOTDXP_017\.m2\repository\com\oracle\database\security\osdt_cert\19.3.0.0\osdt_cert-19.3.0.0.jar;C:\Users\NOTDXP_017\.m2\repository\com\oracle\database\security\osdt_core\19.3.0.0\osdt_core-19.3.0.0.jar;C:\Users\NOTDXP_017\.m2\repository\com\oracle\database\ha\simplefan\19.3.0.0\simplefan-19.3.0.0.jar;C:\Users\NOTDXP_017\.m2\repository\com\oracle\database\ha\ons\19.3.0.0\ons-19.3.0.0.jar;C:\Users\NOTDXP_017\.m2\repository\org\hibernate\validator\hibernate-validator\8.0.1.Final\hibernate-validator-8.0.1.Final.jar;C:\Users\NOTDXP_017\.m2\repository\jakarta\validation\jakarta.validation-api\3.0.2\jakarta.validation-api-3.0.2.jar;C:\Users\NOTDXP_017\.m2\repository\org\jboss\logging\jboss-logging\3.4.3.Final\jboss-logging-3.4.3.Final.jar;C:\Users\NOTDXP_017\.m2\repository\com\fasterxml\classmate\1.5.1\classmate-1.5.1.jar;C:\Users\NOTDXP_017\.m2\repository\org\glassfish\expressly\expressly\5.0.0\expressly-5.0.0.jar;C:\Users\NOTDXP_017\.m2\repository\jakarta\el\jakarta.el-api\5.0.0\jakarta.el-api-5.0.0.jar;C:\Users\NOTDXP_017\.m2\repository\org\slf4j\slf4j-api\1.7.32\slf4j-api-1.7.32.jar;C:\Users\NOTDXP_017\.m2\repository\ch\qos\logback\logback-classic\1.2.6\logback-classic-1.2.6.jar;C:\Users\NOTDXP_017\.m2\repository\ch\qos\logback\logback-core\1.2.6\logback-core-1.2.6.jar;"/>
    <property name="java.vm.vendor" value="Oracle Corporation"/>
    <property name="sun.arch.data.model" value="64"/>
    <property name="user.variant" value=""/>
    <property name="java.vendor.url" value="https://java.oracle.com/"/>
    <property name="user.timezone" value="America/Fortaleza"/>
    <property name="os.name" value="Windows 10"/>
    <property name="java.vm.specification.version" value="17"/>
    <property name="user.country" value="BR"/>
    <property name="sun.java.launcher" value="SUN_STANDARD"/>
    <property name="sun.boot.library.path" value="C:\Program Files\Java\jdk-17\bin"/>
    <property name="sun.java.command" value="C:\Users\NOTDXP_017\AppData\Local\Temp\surefire3566924430510849952\surefirebooter-20241220020613302_3.jar C:\Users\NOTDXP_017\AppData\Local\Temp\surefire3566924430510849952 2024-12-20T02-06-13_154-jvmRun1 surefire-20241220020613302_1tmp surefire_0-20241220020613302_2tmp"/>
    <property name="jdk.debug" value="release"/>
    <property name="surefire.test.class.path" value="C:\Users\NOTDXP_017\Documents\NetBeansProjects\GerenciamentoProjetosSC\target\test-classes;C:\Users\NOTDXP_017\Documents\NetBeansProjects\GerenciamentoProjetosSC\target\classes;C:\Users\NOTDXP_017\.m2\repository\org\eclipse\persistence\eclipselink\4.0.4\eclipselink-4.0.4.jar;C:\Users\NOTDXP_017\.m2\repository\jakarta\persistence\jakarta.persistence-api\3.1.0\jakarta.persistence-api-3.1.0.jar;C:\Users\NOTDXP_017\.m2\repository\jakarta\xml\bind\jakarta.xml.bind-api\4.0.2\jakarta.xml.bind-api-4.0.2.jar;C:\Users\NOTDXP_017\.m2\repository\com\sun\xml\bind\jaxb-xjc\4.0.5\jaxb-xjc-4.0.5.jar;C:\Users\NOTDXP_017\.m2\repository\com\sun\xml\bind\jaxb-core\4.0.5\jaxb-core-4.0.5.jar;C:\Users\NOTDXP_017\.m2\repository\org\eclipse\angus\angus-activation\2.0.2\angus-activation-2.0.2.jar;C:\Users\NOTDXP_017\.m2\repository\jakarta\activation\jakarta.activation-api\2.1.3\jakarta.activation-api-2.1.3.jar;C:\Users\NOTDXP_017\.m2\repository\org\eclipse\persistence\org.eclipse.persistence.jpa\4.0.4\org.eclipse.persistence.jpa-4.0.4.jar;C:\Users\NOTDXP_017\.m2\repository\org\eclipse\persistence\org.eclipse.persistence.asm\9.7.0\org.eclipse.persistence.asm-9.7.0.jar;C:\Users\NOTDXP_017\.m2\repository\org\eclipse\persistence\org.eclipse.persistence.core\4.0.4\org.eclipse.persistence.core-4.0.4.jar;C:\Users\NOTDXP_017\.m2\repository\org\eclipse\persistence\org.eclipse.persistence.jpa.jpql\4.0.4\org.eclipse.persistence.jpa.jpql-4.0.4.jar;C:\Users\NOTDXP_017\.m2\repository\org\apache\derby\derbyclient\10.16.1.1\derbyclient-10.16.1.1.jar;C:\Users\NOTDXP_017\.m2\repository\org\apache\derby\derbyshared\10.16.1.1\derbyshared-10.16.1.1.jar;C:\Users\NOTDXP_017\.m2\repository\org\apache\derby\derbytools\10.16.1.1\derbytools-10.16.1.1.jar;C:\Users\NOTDXP_017\.m2\repository\org\junit\jupiter\junit-jupiter-api\5.11.3\junit-jupiter-api-5.11.3.jar;C:\Users\NOTDXP_017\.m2\repository\org\opentest4j\opentest4j\1.3.0\opentest4j-1.3.0.jar;C:\Users\NOTDXP_017\.m2\repository\org\junit\platform\junit-platform-commons\1.11.3\junit-platform-commons-1.11.3.jar;C:\Users\NOTDXP_017\.m2\repository\org\apiguardian\apiguardian-api\1.1.2\apiguardian-api-1.1.2.jar;C:\Users\NOTDXP_017\.m2\repository\org\dbunit\dbunit\2.8.0\dbunit-2.8.0.jar;C:\Users\NOTDXP_017\.m2\repository\org\yaml\snakeyaml\2.2\snakeyaml-2.2.jar;C:\Users\NOTDXP_017\.m2\repository\org\postgresql\postgresql\42.3.1\postgresql-42.3.1.jar;C:\Users\NOTDXP_017\.m2\repository\org\checkerframework\checker-qual\3.5.0\checker-qual-3.5.0.jar;C:\Users\NOTDXP_017\.m2\repository\com\oracle\database\jdbc\ojdbc8\19.3.0.0\ojdbc8-19.3.0.0.jar;C:\Users\NOTDXP_017\.m2\repository\com\oracle\database\jdbc\ucp\19.3.0.0\ucp-19.3.0.0.jar;C:\Users\NOTDXP_017\.m2\repository\com\oracle\database\security\oraclepki\19.3.0.0\oraclepki-19.3.0.0.jar;C:\Users\NOTDXP_017\.m2\repository\com\oracle\database\security\osdt_cert\19.3.0.0\osdt_cert-19.3.0.0.jar;C:\Users\NOTDXP_017\.m2\repository\com\oracle\database\security\osdt_core\19.3.0.0\osdt_core-19.3.0.0.jar;C:\Users\NOTDXP_017\.m2\repository\com\oracle\database\ha\simplefan\19.3.0.0\simplefan-19.3.0.0.jar;C:\Users\NOTDXP_017\.m2\repository\com\oracle\database\ha\ons\19.3.0.0\ons-19.3.0.0.jar;C:\Users\NOTDXP_017\.m2\repository\org\hibernate\validator\hibernate-validator\8.0.1.Final\hibernate-validator-8.0.1.Final.jar;C:\Users\NOTDXP_017\.m2\repository\jakarta\validation\jakarta.validation-api\3.0.2\jakarta.validation-api-3.0.2.jar;C:\Users\NOTDXP_017\.m2\repository\org\jboss\logging\jboss-logging\3.4.3.Final\jboss-logging-3.4.3.Final.jar;C:\Users\NOTDXP_017\.m2\repository\com\fasterxml\classmate\1.5.1\classmate-1.5.1.jar;C:\Users\NOTDXP_017\.m2\repository\org\glassfish\expressly\expressly\5.0.0\expressly-5.0.0.jar;C:\Users\NOTDXP_017\.m2\repository\jakarta\el\jakarta.el-api\5.0.0\jakarta.el-api-5.0.0.jar;C:\Users\NOTDXP_017\.m2\repository\org\slf4j\slf4j-api\1.7.32\slf4j-api-1.7.32.jar;C:\Users\NOTDXP_017\.m2\repository\ch\qos\logback\logback-classic\1.2.6\logback-classic-1.2.6.jar;C:\Users\NOTDXP_017\.m2\repository\ch\qos\logback\logback-core\1.2.6\logback-core-1.2.6.jar;"/>
    <property name="sun.cpu.endian" value="little"/>
    <property name="user.home" value="C:\Users\NOTDXP_017"/>
    <property name="user.language" value="pt"/>
    <property name="java.specification.vendor" value="Oracle Corporation"/>
    <property name="java.version.date" value="2024-07-16"/>
    <property name="java.home" value="C:\Program Files\Java\jdk-17"/>
    <property name="file.separator" value="\"/>
    <property name="basedir" value="C:\Users\NOTDXP_017\Documents\NetBeansProjects\GerenciamentoProjetosSC"/>
    <property name="java.vm.compressedOopsMode" value="Zero based"/>
    <property name="line.separator" value="&#10;"/>
    <property name="java.vm.specification.vendor" value="Oracle Corporation"/>
    <property name="java.specification.name" value="Java Platform API Specification"/>
    <property name="surefire.real.class.path" value="C:\Users\NOTDXP_017\AppData\Local\Temp\surefire3566924430510849952\surefirebooter-20241220020613302_3.jar"/>
    <property name="user.script" value=""/>
    <property name="sun.management.compiler" value="HotSpot 64-Bit Tiered Compilers"/>
    <property name="java.runtime.version" value="17.0.12+8-LTS-286"/>
    <property name="user.name" value="NOTDXP_017"/>
    <property name="path.separator" value=";"/>
    <property name="os.version" value="10.0"/>
    <property name="java.runtime.name" value="Java(TM) SE Runtime Environment"/>
    <property name="file.encoding" value="Cp1252"/>
    <property name="java.vm.name" value="Java HotSpot(TM) 64-Bit Server VM"/>
    <property name="maven.ext.class.path" value="C:\Program Files\NetBeans-23\netbeans\java\maven-nblib\netbeans-eventspy.jar"/>
    <property name="localRepository" value="C:\Users\NOTDXP_017\.m2\repository"/>
    <property name="java.vendor.url.bug" value="https://bugreport.java.com/bugreport/"/>
    <property name="java.io.tmpdir" value="C:\Users\NOTDXP~1\AppData\Local\Temp\"/>
    <property name="java.version" value="17.0.12"/>
    <property name="user.dir" value="C:\Users\NOTDXP_017\Documents\NetBeansProjects\GerenciamentoProjetosSC"/>
    <property name="os.arch" value="amd64"/>
    <property name="java.vm.specification.name" value="Java Virtual Machine Specification"/>
    <property name="sun.os.patch.level" value=""/>
    <property name="native.encoding" value="Cp1252"/>
    <property name="java.library.path" value="C:\Program Files\Java\jdk-17\bin;C:\WINDOWS\Sun\Java\bin;C:\WINDOWS\system32;C:\WINDOWS;C:\Program Files\Common Files\Oracle\Java\javapath;C:\WINDOWS\system32;C:\WINDOWS;C:\WINDOWS\System32\Wbem;C:\WINDOWS\System32\WindowsPowerShell\v1.0\;C:\WINDOWS\System32\OpenSSH\;C:\Program Files\Git\cmd;C:\Program Files\apache-ant-1.10.15\bin;C:\Program Files\Java\jdk-17\bin;C:\Program Files\apache-maven-3.9.9\bin;C:\Users\NOTDXP_017\AppData\Local\Microsoft\WindowsApps;C:\Users\NOTDXP_017\AppData\Local\Programs\Microsoft VS Code\bin;C:\Program Files\sf\bin;."/>
    <property name="java.vm.info" value="mixed mode, sharing"/>
    <property name="java.vendor" value="Oracle Corporation"/>
    <property name="java.vm.version" value="17.0.12+8-LTS-286"/>
    <property name="sun.io.unicode.encoding" value="UnicodeLittle"/>
    <property name="java.class.version" value="61.0"/>
  </properties>
  <testcase name="" classname="tests.DocumentoCRUDTest" time="0.841">
    <error message="Falha ao configurar o teste." type="java.lang.RuntimeException"><![CDATA[java.lang.RuntimeException: Falha ao configurar o teste.
	at tests.GenericTest.setUpClass(GenericTest.java:37)
	at java.base/java.lang.reflect.Method.invoke(Method.java:568)
	at java.base/java.util.ArrayList.forEach(ArrayList.java:1511)
Caused by: java.lang.RuntimeException: Exception processing table name='TB_PROJETO'
	at tests.DbUnitUtil.inserirDados(DbUnitUtil.java:39)
	at tests.GenericTest.setUpClass(GenericTest.java:32)
	... 2 more
Caused by: org.dbunit.DatabaseUnitException: Exception processing table name='TB_PROJETO'
	at org.dbunit.operation.AbstractBatchOperation.execute(AbstractBatchOperation.java:240)
	at org.dbunit.operation.CompositeOperation.execute(CompositeOperation.java:79)
	at tests.DbUnitUtil.inserirDados(DbUnitUtil.java:37)
	... 3 more
Caused by: java.sql.SQLIntegrityConstraintViolationException: A coluna 'ID_CALENDARIO' não aceita valor nulo.
	at org.apache.derby.client.am.SQLExceptionFactory.getSQLException(SQLExceptionFactory.java:79)
	at org.apache.derby.client.am.SqlException.getSQLException(SqlException.java:325)
	at org.apache.derby.client.am.ClientPreparedStatement.execute(ClientPreparedStatement.java:1616)
	at org.dbunit.database.statement.SimplePreparedStatement.addBatch(SimplePreparedStatement.java:85)
	at org.dbunit.database.statement.AutomaticPreparedBatchStatement.addBatch(AutomaticPreparedBatchStatement.java:70)
	at org.dbunit.operation.AbstractBatchOperation.execute(AbstractBatchOperation.java:224)
	... 5 more
Caused by: ERROR 23502: A coluna 'ID_CALENDARIO' não aceita valor nulo.
	at org.apache.derby.client.am.ClientStatement.completeExecute(ClientStatement.java:1868)
	at org.apache.derby.client.net.NetStatementReply.parseEXCSQLSTTreply(NetStatementReply.java:323)
	at org.apache.derby.client.net.NetStatementReply.readExecute(NetStatementReply.java:72)
	at org.apache.derby.client.net.StatementReply.readExecute(StatementReply.java:59)
	at org.apache.derby.client.net.NetPreparedStatement.readExecute_(NetPreparedStatement.java:167)
	at org.apache.derby.client.am.ClientPreparedStatement.readExecute(ClientPreparedStatement.java:1844)
	at org.apache.derby.client.am.ClientPreparedStatement.flowExecute(ClientPreparedStatement.java:2133)
	at org.apache.derby.client.am.ClientPreparedStatement.executeX(ClientPreparedStatement.java:1622)
	at org.apache.derby.client.am.ClientPreparedStatement.execute(ClientPreparedStatement.java:1607)
	... 8 more
]]></error>
    <system-out><![CDATA[[EL Fine]: moxy: 2024-12-20 02:06:17.929--Thread(Thread[main,5,main])--SAXParserFactory instance: com.sun.org.apache.xerces.internal.jaxp.SAXParserFactoryImpl@598260a6
[EL Fine]: server: 2024-12-20 02:06:17.934--Thread(Thread[main,5,main])--Configured server platform: org.eclipse.persistence.platform.server.NoServerPlatform
[EL Config]: metadata: 2024-12-20 02:06:17.987--ServerSession(1488352537)--Thread(Thread[main,5,main])--The access type for the persistent class [class entities.Recurso] is set to [FIELD].
[EL Config]: metadata: 2024-12-20 02:06:17.989--ServerSession(1488352537)--Thread(Thread[main,5,main])--The target entity (reference) class for the many to one mapping element [field projeto] is being defaulted to: class entities.Projeto.
[EL Config]: metadata: 2024-12-20 02:06:17.991--ServerSession(1488352537)--Thread(Thread[main,5,main])--The access type for the persistent class [class entities.Cliente] is set to [FIELD].
[EL Config]: metadata: 2024-12-20 02:06:17.991--ServerSession(1488352537)--Thread(Thread[main,5,main])--The target entity (reference) class for the one to many mapping element [field projetos] is being defaulted to: class entities.Projeto.
[EL Config]: metadata: 2024-12-20 02:06:17.991--ServerSession(1488352537)--Thread(Thread[main,5,main])--The target class (reference) class for the element collection mapping element [field telefones] is being defaulted to: class java.lang.String.
[EL Config]: metadata: 2024-12-20 02:06:17.992--ServerSession(1488352537)--Thread(Thread[main,5,main])--The access type for the persistent class [class entities.Documento] is set to [FIELD].
[EL Config]: metadata: 2024-12-20 02:06:17.992--ServerSession(1488352537)--Thread(Thread[main,5,main])--The target entity (reference) class for the many to one mapping element [field projeto] is being defaulted to: class entities.Projeto.
[EL Config]: metadata: 2024-12-20 02:06:17.992--ServerSession(1488352537)--Thread(Thread[main,5,main])--The access type for the persistent class [class entities.Projeto] is set to [FIELD].
[EL Config]: metadata: 2024-12-20 02:06:17.992--ServerSession(1488352537)--Thread(Thread[main,5,main])--The target entity (reference) class for the many to one mapping element [field cliente] is being defaulted to: class entities.Cliente.
[EL Config]: metadata: 2024-12-20 02:06:17.992--ServerSession(1488352537)--Thread(Thread[main,5,main])--The target entity (reference) class for the one to many mapping element [field documentos] is being defaulted to: class entities.Documento.
[EL Config]: metadata: 2024-12-20 02:06:17.992--ServerSession(1488352537)--Thread(Thread[main,5,main])--The target entity (reference) class for the many to many mapping element [field departamentos] is being defaulted to: class entities.Departamento.
[EL Config]: metadata: 2024-12-20 02:06:17.992--ServerSession(1488352537)--Thread(Thread[main,5,main])--The target entity (reference) class for the many to many mapping element [field fornecedores] is being defaulted to: class entities.Fornecedor.
[EL Config]: metadata: 2024-12-20 02:06:17.992--ServerSession(1488352537)--Thread(Thread[main,5,main])--The target entity (reference) class for the one to one mapping element [field calendario] is being defaulted to: class entities.Calendario.
[EL Config]: metadata: 2024-12-20 02:06:17.993--ServerSession(1488352537)--Thread(Thread[main,5,main])--The target entity (reference) class for the one to many mapping element [field recursos] is being defaulted to: class entities.Recurso.
[EL Config]: metadata: 2024-12-20 02:06:17.993--ServerSession(1488352537)--Thread(Thread[main,5,main])--The target entity (reference) class for the one to one mapping element [field relatorio] is being defaulted to: class entities.Relatorio.
[EL Config]: metadata: 2024-12-20 02:06:17.993--ServerSession(1488352537)--Thread(Thread[main,5,main])--The access type for the persistent class [class entities.Feriado] is set to [FIELD].
[EL Config]: metadata: 2024-12-20 02:06:17.993--ServerSession(1488352537)--Thread(Thread[main,5,main])--The access type for the persistent class [class entities.Usuario] is set to [FIELD].
[EL Config]: metadata: 2024-12-20 02:06:17.994--ServerSession(1488352537)--Thread(Thread[main,5,main])--The target entity (reference) class for the many to many mapping element [field perfis] is being defaulted to: class entities.Perfil.
[EL Config]: metadata: 2024-12-20 02:06:17.994--ServerSession(1488352537)--Thread(Thread[main,5,main])--The target entity (reference) class for the one to many mapping element [field tarefas] is being defaulted to: class entities.Tarefa.
[EL Config]: metadata: 2024-12-20 02:06:17.994--ServerSession(1488352537)--Thread(Thread[main,5,main])--The access type for the persistent class [class entities.Tarefa] is set to [FIELD].
[EL Config]: metadata: 2024-12-20 02:06:17.994--ServerSession(1488352537)--Thread(Thread[main,5,main])--The target entity (reference) class for the many to one mapping element [field projeto] is being defaulted to: class entities.Projeto.
[EL Config]: metadata: 2024-12-20 02:06:17.994--ServerSession(1488352537)--Thread(Thread[main,5,main])--The target entity (reference) class for the many to one mapping element [field usuarioResponsavel] is being defaulted to: class entities.Usuario.
[EL Config]: metadata: 2024-12-20 02:06:17.995--ServerSession(1488352537)--Thread(Thread[main,5,main])--The access type for the persistent class [class entities.Relatorio] is set to [FIELD].
[EL Config]: metadata: 2024-12-20 02:06:17.995--ServerSession(1488352537)--Thread(Thread[main,5,main])--The target entity (reference) class for the many to one mapping element [field projeto] is being defaulted to: class entities.Projeto.
[EL Config]: metadata: 2024-12-20 02:06:17.995--ServerSession(1488352537)--Thread(Thread[main,5,main])--The access type for the persistent class [class entities.Fornecedor] is set to [FIELD].
[EL Config]: metadata: 2024-12-20 02:06:17.995--ServerSession(1488352537)--Thread(Thread[main,5,main])--The target class (reference) class for the element collection mapping element [field enderecos] is being defaulted to: class java.lang.String.
[EL Config]: metadata: 2024-12-20 02:06:17.995--ServerSession(1488352537)--Thread(Thread[main,5,main])--The target entity (reference) class for the many to many mapping element [field projetos] is being defaulted to: class entities.Projeto.
[EL Config]: metadata: 2024-12-20 02:06:17.996--ServerSession(1488352537)--Thread(Thread[main,5,main])--The target class (reference) class for the element collection mapping element [field telefones] is being defaulted to: class java.lang.String.
[EL Config]: metadata: 2024-12-20 02:06:17.996--ServerSession(1488352537)--Thread(Thread[main,5,main])--The access type for the persistent class [class entities.Departamento] is set to [FIELD].
[EL Config]: metadata: 2024-12-20 02:06:17.996--ServerSession(1488352537)--Thread(Thread[main,5,main])--The target entity (reference) class for the many to many mapping element [field projetos] is being defaulted to: class entities.Projeto.
[EL Config]: metadata: 2024-12-20 02:06:17.996--ServerSession(1488352537)--Thread(Thread[main,5,main])--The access type for the persistent class [class entities.Perfil] is set to [FIELD].
[EL Config]: metadata: 2024-12-20 02:06:17.997--ServerSession(1488352537)--Thread(Thread[main,5,main])--The target entity (reference) class for the many to many mapping element [field usuarios] is being defaulted to: class entities.Usuario.
[EL Config]: metadata: 2024-12-20 02:06:17.997--ServerSession(1488352537)--Thread(Thread[main,5,main])--The access type for the persistent class [class entities.Calendario] is set to [FIELD].
[EL Config]: metadata: 2024-12-20 02:06:17.998--ServerSession(1488352537)--Thread(Thread[main,5,main])--The target entity (reference) class for the one to one mapping element [field projeto] is being defaulted to: class entities.Projeto.
[EL Config]: metadata: 2024-12-20 02:06:18.0--ServerSession(1488352537)--Thread(Thread[main,5,main])--The alias name for the entity class [class entities.Recurso] is being defaulted to: Recurso.
[EL Config]: metadata: 2024-12-20 02:06:18.001--ServerSession(1488352537)--Thread(Thread[main,5,main])--The alias name for the entity class [class entities.Cliente] is being defaulted to: Cliente.
[EL Config]: metadata: 2024-12-20 02:06:18.002--ServerSession(1488352537)--Thread(Thread[main,5,main])--The alias name for the entity class [class entities.Documento] is being defaulted to: Documento.
[EL Config]: metadata: 2024-12-20 02:06:18.003--ServerSession(1488352537)--Thread(Thread[main,5,main])--The alias name for the entity class [class entities.Projeto] is being defaulted to: Projeto.
[EL Config]: metadata: 2024-12-20 02:06:18.003--ServerSession(1488352537)--Thread(Thread[main,5,main])--The alias name for the entity class [class entities.Feriado] is being defaulted to: Feriado.
[EL Config]: metadata: 2024-12-20 02:06:18.003--ServerSession(1488352537)--Thread(Thread[main,5,main])--The alias name for the entity class [class entities.Usuario] is being defaulted to: Usuario.
[EL Config]: metadata: 2024-12-20 02:06:18.003--ServerSession(1488352537)--Thread(Thread[main,5,main])--The alias name for the entity class [class entities.Tarefa] is being defaulted to: Tarefa.
[EL Config]: metadata: 2024-12-20 02:06:18.004--ServerSession(1488352537)--Thread(Thread[main,5,main])--The alias name for the entity class [class entities.Relatorio] is being defaulted to: Relatorio.
[EL Config]: metadata: 2024-12-20 02:06:18.004--ServerSession(1488352537)--Thread(Thread[main,5,main])--The alias name for the entity class [class entities.Fornecedor] is being defaulted to: Fornecedor.
[EL Config]: metadata: 2024-12-20 02:06:18.004--ServerSession(1488352537)--Thread(Thread[main,5,main])--The alias name for the entity class [class entities.Departamento] is being defaulted to: Departamento.
[EL Config]: metadata: 2024-12-20 02:06:18.004--ServerSession(1488352537)--Thread(Thread[main,5,main])--The alias name for the entity class [class entities.Perfil] is being defaulted to: Perfil.
[EL Config]: metadata: 2024-12-20 02:06:18.004--ServerSession(1488352537)--Thread(Thread[main,5,main])--The alias name for the entity class [class entities.Calendario] is being defaulted to: Calendario.
[EL Config]: metadata: 2024-12-20 02:06:18.005--ServerSession(1488352537)--Thread(Thread[main,5,main])--The primary key column name for the mapping element [field telefones] is being defaulted to: ID_CLIENTE.
[EL Config]: metadata: 2024-12-20 02:06:18.005--ServerSession(1488352537)--Thread(Thread[main,5,main])--The primary key column name for the mapping element [field enderecos] is being defaulted to: ID_FORNECEDOR.
[EL Config]: metadata: 2024-12-20 02:06:18.006--ServerSession(1488352537)--Thread(Thread[main,5,main])--The primary key column name for the mapping element [field telefones] is being defaulted to: ID_FORNECEDOR.
[EL Config]: metadata: 2024-12-20 02:06:18.006--ServerSession(1488352537)--Thread(Thread[main,5,main])--The primary key column name for the mapping element [field projeto] is being defaulted to: ID_PROJETO.
[EL Config]: metadata: 2024-12-20 02:06:18.006--ServerSession(1488352537)--Thread(Thread[main,5,main])--The primary key column name for the mapping element [field projeto] is being defaulted to: ID_PROJETO.
[EL Config]: metadata: 2024-12-20 02:06:18.006--ServerSession(1488352537)--Thread(Thread[main,5,main])--The primary key column name for the mapping element [field cliente] is being defaulted to: ID_CLIENTE.
[EL Config]: metadata: 2024-12-20 02:06:18.007--ServerSession(1488352537)--Thread(Thread[main,5,main])--The source primary key column name for the many to many mapping [field fornecedores] is being defaulted to: ID_PROJETO.
[EL Config]: metadata: 2024-12-20 02:06:18.007--ServerSession(1488352537)--Thread(Thread[main,5,main])--The target primary key column name for the many to many mapping [field fornecedores] is being defaulted to: ID_FORNECEDOR.
[EL Config]: metadata: 2024-12-20 02:06:18.007--ServerSession(1488352537)--Thread(Thread[main,5,main])--The primary key column name for the mapping element [field calendario] is being defaulted to: ID_CALENDARIO.
[EL Config]: metadata: 2024-12-20 02:06:18.007--ServerSession(1488352537)--Thread(Thread[main,5,main])--The primary key column name for the mapping element [field relatorio] is being defaulted to: ID_RELATORIO.
[EL Config]: metadata: 2024-12-20 02:06:18.007--ServerSession(1488352537)--Thread(Thread[main,5,main])--The source primary key column name for the many to many mapping [field perfis] is being defaulted to: ID_USUARIO.
[EL Config]: metadata: 2024-12-20 02:06:18.007--ServerSession(1488352537)--Thread(Thread[main,5,main])--The target primary key column name for the many to many mapping [field perfis] is being defaulted to: ID_PERFIL.
[EL Config]: metadata: 2024-12-20 02:06:18.007--ServerSession(1488352537)--Thread(Thread[main,5,main])--The primary key column name for the mapping element [field projeto] is being defaulted to: ID_PROJETO.
[EL Config]: metadata: 2024-12-20 02:06:18.007--ServerSession(1488352537)--Thread(Thread[main,5,main])--The primary key column name for the mapping element [field usuarioResponsavel] is being defaulted to: ID_USUARIO.
[EL Config]: metadata: 2024-12-20 02:06:18.007--ServerSession(1488352537)--Thread(Thread[main,5,main])--The primary key column name for the mapping element [field projeto] is being defaulted to: ID_PROJETO.
[EL Config]: metadata: 2024-12-20 02:06:18.008--ServerSession(1488352537)--Thread(Thread[main,5,main])--The source primary key column name for the many to many mapping [field projetos] is being defaulted to: ID_DEPARTAMENTO.
[EL Config]: metadata: 2024-12-20 02:06:18.008--ServerSession(1488352537)--Thread(Thread[main,5,main])--The target primary key column name for the many to many mapping [field projetos] is being defaulted to: ID_PROJETO.
02:06:18.013 [main] DEBUG org.hibernate.validator.internal.xml.config.ValidationXmlParser - Trying to load META-INF/validation.xml for XML based Validator configuration.
02:06:18.013 [main] DEBUG org.hibernate.validator.internal.xml.config.ResourceLoaderHelper - Trying to load META-INF/validation.xml via user class loader
02:06:18.013 [main] DEBUG org.hibernate.validator.internal.xml.config.ResourceLoaderHelper - Trying to load META-INF/validation.xml via TCCL
02:06:18.013 [main] DEBUG org.hibernate.validator.internal.xml.config.ResourceLoaderHelper - Trying to load META-INF/validation.xml via Hibernate Validator's class loader
02:06:18.014 [main] DEBUG org.hibernate.validator.internal.xml.config.ValidationXmlParser - No META-INF/validation.xml found. Using annotation based configuration only.
02:06:18.014 [main] DEBUG org.hibernate.validator.internal.engine.resolver.TraversableResolvers - Found jakarta.persistence.Persistence on classpath containing 'getPersistenceUtil'. Assuming JPA 2 environment. Trying to instantiate JPA aware TraversableResolver
02:06:18.014 [main] DEBUG org.hibernate.validator.internal.engine.resolver.TraversableResolvers - Instantiated JPA aware TraversableResolver of type org.hibernate.validator.internal.engine.resolver.JPATraversableResolver.
02:06:18.014 [main] DEBUG org.hibernate.validator.messageinterpolation.ResourceBundleMessageInterpolator - Loaded expression factory via original TCCL
02:06:18.016 [main] DEBUG org.hibernate.validator.internal.engine.ValidatorFactoryConfigurationHelper - HV000252: Using org.hibernate.validator.internal.engine.DefaultPropertyNodeNameProvider as property node name provider.
02:06:18.017 [main] DEBUG org.hibernate.validator.internal.engine.ValidatorFactoryConfigurationHelper - HV000234: Using org.hibernate.validator.messageinterpolation.ResourceBundleMessageInterpolator as ValidatorFactory-scoped message interpolator.
02:06:18.017 [main] DEBUG org.hibernate.validator.internal.engine.ValidatorFactoryConfigurationHelper - HV000234: Using org.hibernate.validator.internal.engine.resolver.JPATraversableResolver as ValidatorFactory-scoped traversable resolver.
02:06:18.017 [main] DEBUG org.hibernate.validator.internal.engine.ValidatorFactoryConfigurationHelper - HV000234: Using org.hibernate.validator.internal.util.ExecutableParameterNameProvider as ValidatorFactory-scoped parameter name provider.
02:06:18.017 [main] DEBUG org.hibernate.validator.internal.engine.ValidatorFactoryConfigurationHelper - HV000234: Using org.hibernate.validator.internal.engine.DefaultClockProvider as ValidatorFactory-scoped clock provider.
02:06:18.017 [main] DEBUG org.hibernate.validator.internal.engine.ValidatorFactoryConfigurationHelper - HV000234: Using org.hibernate.validator.internal.engine.scripting.DefaultScriptEvaluatorFactory as ValidatorFactory-scoped script evaluator factory.
[EL Info]: 2024-12-20 02:06:18.019--ServerSession(1488352537)--Thread(Thread[main,5,main])--EclipseLink, version: Eclipse Persistence Services - 4.0.4.v202407190748-059428cdd2583c46f1f3e50d235854840a6fa9a7
[EL Fine]: connection: 2024-12-20 02:06:18.019--ServerSession(1488352537)--Connection(2055288499)--Thread(Thread[main,5,main])--connecting(DatabaseLogin(
	platform=>DerbyPlatform
	user name=> "adm"
	datasource URL=> "jdbc:derby://localhost:1527/carga_trabalho;create=true"
))
[EL Config]: connection: 2024-12-20 02:06:18.022--ServerSession(1488352537)--Connection(501650218)--Thread(Thread[main,5,main])--Connected: jdbc:derby://localhost:1527/carga_trabalho;create=true
	User: adm
	Database: Apache Derby  Version: 10.16.1.1 - (1901046)
	Driver: Apache Derby Network Client JDBC Driver  Version: 10.16.1.1 - (1901046)
[EL Warning]: metadata: 2024-12-20 02:06:18.023--ServerSession(1488352537)--Thread(Thread[main,5,main])--Reverting the lazy setting on the OneToOne or ManyToOne attribute [projeto] for the entity class [class entities.Documento] since weaving was not enabled or did not occur.
[EL Warning]: metadata: 2024-12-20 02:06:18.023--ServerSession(1488352537)--Thread(Thread[main,5,main])--Reverting the lazy setting on the OneToOne or ManyToOne attribute [cliente] for the entity class [class entities.Projeto] since weaving was not enabled or did not occur.
[EL Warning]: metadata: 2024-12-20 02:06:18.023--ServerSession(1488352537)--Thread(Thread[main,5,main])--Reverting the lazy setting on the OneToOne or ManyToOne attribute [calendario] for the entity class [class entities.Projeto] since weaving was not enabled or did not occur.
[EL Warning]: metadata: 2024-12-20 02:06:18.023--ServerSession(1488352537)--Thread(Thread[main,5,main])--Reverting the lazy setting on the OneToOne or ManyToOne attribute [relatorio] for the entity class [class entities.Projeto] since weaving was not enabled or did not occur.
[EL Warning]: metadata: 2024-12-20 02:06:18.024--ServerSession(1488352537)--Thread(Thread[main,5,main])--Reverting the lazy setting on the OneToOne or ManyToOne attribute [projeto] for the entity class [class entities.Relatorio] since weaving was not enabled or did not occur.
[EL Warning]: metadata: 2024-12-20 02:06:18.024--ServerSession(1488352537)--Thread(Thread[main,5,main])--Reverting the lazy setting on the OneToOne or ManyToOne attribute [projeto] for the entity class [class entities.Recurso] since weaving was not enabled or did not occur.
[EL Warning]: metadata: 2024-12-20 02:06:18.024--ServerSession(1488352537)--Thread(Thread[main,5,main])--Reverting the lazy setting on the OneToOne or ManyToOne attribute [projeto] for the entity class [class entities.Tarefa] since weaving was not enabled or did not occur.
[EL Warning]: metadata: 2024-12-20 02:06:18.024--ServerSession(1488352537)--Thread(Thread[main,5,main])--Reverting the lazy setting on the OneToOne or ManyToOne attribute [usuarioResponsavel] for the entity class [class entities.Tarefa] since weaving was not enabled or did not occur.
[EL Fine]: connection: 2024-12-20 02:06:18.029--ServerSession(1488352537)--Thread(Thread[main,5,main])--/file:/C:/Users/NOTDXP_017/Documents/NetBeansProjects/GerenciamentoProjetosSC/target/classes/_carga_trabalho login successful
[EL Fine]: sql: 2024-12-20 02:06:18.031--ServerSession(1488352537)--Connection(501650218)--Thread(Thread[main,5,main])--ALTER TABLE TB_PROJETO DROP CONSTRAINT TBPROJETODRLATORIO
[EL Fine]: sql: 2024-12-20 02:06:18.032--ServerSession(1488352537)--Thread(Thread[main,5,main])--VALUES(1)
[EL Warning]: 2024-12-20 02:06:18.034--ServerSession(1488352537)--Thread(Thread[main,5,main])--Exception [EclipseLink-4002] (Eclipse Persistence Services - 4.0.4.v202407190748-059428cdd2583c46f1f3e50d235854840a6fa9a7): org.eclipse.persistence.exceptions.DatabaseException
Internal Exception: java.sql.SQLSyntaxErrorException: ALTER TABLE falhou. Não existe a restrição 'ADM.TBPROJETODRLATORIO' na tabela '"ADM"."TB_PROJETO"'.
Error Code: 30000
Call: ALTER TABLE TB_PROJETO DROP CONSTRAINT TBPROJETODRLATORIO
Query: DataModifyQuery(sql="ALTER TABLE TB_PROJETO DROP CONSTRAINT TBPROJETODRLATORIO")
[EL Fine]: sql: 2024-12-20 02:06:18.034--ServerSession(1488352537)--Connection(501650218)--Thread(Thread[main,5,main])--ALTER TABLE TB_PROJETO DROP CONSTRAINT TBPRJETODCLENDARIO
[EL Fine]: sql: 2024-12-20 02:06:18.037--ServerSession(1488352537)--Thread(Thread[main,5,main])--VALUES(1)
[EL Warning]: 2024-12-20 02:06:18.038--ServerSession(1488352537)--Thread(Thread[main,5,main])--Exception [EclipseLink-4002] (Eclipse Persistence Services - 4.0.4.v202407190748-059428cdd2583c46f1f3e50d235854840a6fa9a7): org.eclipse.persistence.exceptions.DatabaseException
Internal Exception: java.sql.SQLSyntaxErrorException: ALTER TABLE falhou. Não existe a restrição 'ADM.TBPRJETODCLENDARIO' na tabela '"ADM"."TB_PROJETO"'.
Error Code: 30000
Call: ALTER TABLE TB_PROJETO DROP CONSTRAINT TBPRJETODCLENDARIO
Query: DataModifyQuery(sql="ALTER TABLE TB_PROJETO DROP CONSTRAINT TBPRJETODCLENDARIO")
[EL Fine]: sql: 2024-12-20 02:06:18.038--ServerSession(1488352537)--Connection(501650218)--Thread(Thread[main,5,main])--ALTER TABLE TB_PROJETO DROP CONSTRAINT TBPROJETOIDCLIENTE
[EL Fine]: sql: 2024-12-20 02:06:18.041--ServerSession(1488352537)--Thread(Thread[main,5,main])--VALUES(1)
[EL Warning]: 2024-12-20 02:06:18.043--ServerSession(1488352537)--Thread(Thread[main,5,main])--Exception [EclipseLink-4002] (Eclipse Persistence Services - 4.0.4.v202407190748-059428cdd2583c46f1f3e50d235854840a6fa9a7): org.eclipse.persistence.exceptions.DatabaseException
Internal Exception: java.sql.SQLSyntaxErrorException: ALTER TABLE falhou. Não existe a restrição 'ADM.TBPROJETOIDCLIENTE' na tabela '"ADM"."TB_PROJETO"'.
Error Code: 30000
Call: ALTER TABLE TB_PROJETO DROP CONSTRAINT TBPROJETOIDCLIENTE
Query: DataModifyQuery(sql="ALTER TABLE TB_PROJETO DROP CONSTRAINT TBPROJETOIDCLIENTE")
[EL Fine]: sql: 2024-12-20 02:06:18.043--ServerSession(1488352537)--Connection(501650218)--Thread(Thread[main,5,main])--ALTER TABLE TB_TAREFA DROP CONSTRAINT TBTAREFAUSUARIO_ID
[EL Fine]: sql: 2024-12-20 02:06:18.111--ServerSession(1488352537)--Connection(501650218)--Thread(Thread[main,5,main])--ALTER TABLE TB_TAREFA DROP CONSTRAINT TBTAREFAID_PROJETO
[EL Fine]: sql: 2024-12-20 02:06:18.126--ServerSession(1488352537)--Connection(501650218)--Thread(Thread[main,5,main])--ALTER TABLE TB_RELATORIO DROP CONSTRAINT TBRLATORIODPROJETO
[EL Fine]: sql: 2024-12-20 02:06:18.128--ServerSession(1488352537)--Thread(Thread[main,5,main])--VALUES(1)
[EL Warning]: 2024-12-20 02:06:18.129--ServerSession(1488352537)--Thread(Thread[main,5,main])--Exception [EclipseLink-4002] (Eclipse Persistence Services - 4.0.4.v202407190748-059428cdd2583c46f1f3e50d235854840a6fa9a7): org.eclipse.persistence.exceptions.DatabaseException
Internal Exception: java.sql.SQLSyntaxErrorException: 'ALTER TABLE' não pode ser realizado em 'TB_RELATORIO', porque 'TB_RELATORIO' não existe.
Error Code: 30000
Call: ALTER TABLE TB_RELATORIO DROP CONSTRAINT TBRLATORIODPROJETO
Query: DataModifyQuery(sql="ALTER TABLE TB_RELATORIO DROP CONSTRAINT TBRLATORIODPROJETO")
[EL Fine]: sql: 2024-12-20 02:06:18.129--ServerSession(1488352537)--Connection(501650218)--Thread(Thread[main,5,main])--ALTER TABLE TB_RECURSO DROP CONSTRAINT TBRECURSOIDPROJETO
[EL Fine]: sql: 2024-12-20 02:06:18.137--ServerSession(1488352537)--Connection(501650218)--Thread(Thread[main,5,main])--ALTER TABLE TB_DOCUMENTO DROP CONSTRAINT TBDCUMENTODPROJETO
[EL Fine]: sql: 2024-12-20 02:06:18.145--ServerSession(1488352537)--Connection(501650218)--Thread(Thread[main,5,main])--ALTER TABLE TB_TELEFONE_CLIENTE DROP CONSTRAINT TBTLFNCLIENTEDCLNT
[EL Fine]: sql: 2024-12-20 02:06:18.154--ServerSession(1488352537)--Connection(501650218)--Thread(Thread[main,5,main])--ALTER TABLE TB_DEPARTAMENTO_PROJETO DROP CONSTRAINT TBDPRTMNTPDDPRTMNT
[EL Fine]: sql: 2024-12-20 02:06:18.161--ServerSession(1488352537)--Connection(501650218)--Thread(Thread[main,5,main])--ALTER TABLE TB_DEPARTAMENTO_PROJETO DROP CONSTRAINT TBDPRTMNTPRJTDPRJT
[EL Fine]: sql: 2024-12-20 02:06:18.167--ServerSession(1488352537)--Connection(501650218)--Thread(Thread[main,5,main])--ALTER TABLE TB_PROJETO_FORNECEDOR DROP CONSTRAINT TBPRJTFRNCDORDPRJT
[EL Fine]: sql: 2024-12-20 02:06:18.175--ServerSession(1488352537)--Connection(501650218)--Thread(Thread[main,5,main])--ALTER TABLE TB_PROJETO_FORNECEDOR DROP CONSTRAINT TBPRJTFRNCDDFRNCDR
[EL Fine]: sql: 2024-12-20 02:06:18.182--ServerSession(1488352537)--Connection(501650218)--Thread(Thread[main,5,main])--ALTER TABLE TB_TELEFONE_USUARIO DROP CONSTRAINT TBTLFNEUSUARIODSRO
[EL Fine]: sql: 2024-12-20 02:06:18.187--ServerSession(1488352537)--Connection(501650218)--Thread(Thread[main,5,main])--ALTER TABLE TB_USUARIO_PERFIL DROP CONSTRAINT TBSRIOPERFILDSARIO
[EL Fine]: sql: 2024-12-20 02:06:18.193--ServerSession(1488352537)--Connection(501650218)--Thread(Thread[main,5,main])--ALTER TABLE TB_USUARIO_PERFIL DROP CONSTRAINT TBSRIOPERFILDPRFIL
[EL Fine]: sql: 2024-12-20 02:06:18.199--ServerSession(1488352537)--Connection(501650218)--Thread(Thread[main,5,main])--DROP TABLE TB_CLIENTE
[EL Fine]: sql: 2024-12-20 02:06:18.211--ServerSession(1488352537)--Connection(501650218)--Thread(Thread[main,5,main])--DROP TABLE TB_PROJETO
[EL Fine]: sql: 2024-12-20 02:06:18.227--ServerSession(1488352537)--Connection(501650218)--Thread(Thread[main,5,main])--DROP TABLE TB_TAREFA
[EL Fine]: sql: 2024-12-20 02:06:18.237--ServerSession(1488352537)--Connection(501650218)--Thread(Thread[main,5,main])--DROP TABLE TB_RELATORIO
[EL Fine]: sql: 2024-12-20 02:06:18.239--ServerSession(1488352537)--Thread(Thread[main,5,main])--VALUES(1)
[EL Warning]: 2024-12-20 02:06:18.24--ServerSession(1488352537)--Thread(Thread[main,5,main])--Exception [EclipseLink-4002] (Eclipse Persistence Services - 4.0.4.v202407190748-059428cdd2583c46f1f3e50d235854840a6fa9a7): org.eclipse.persistence.exceptions.DatabaseException
Internal Exception: java.sql.SQLSyntaxErrorException: 'DROP TABLE' não pode ser realizado em 'TB_RELATORIO', porque 'TB_RELATORIO' não existe.
Error Code: 30000
Call: DROP TABLE TB_RELATORIO
Query: DataModifyQuery(sql="DROP TABLE TB_RELATORIO")
[EL Fine]: sql: 2024-12-20 02:06:18.241--ServerSession(1488352537)--Connection(501650218)--Thread(Thread[main,5,main])--DROP TABLE TB_Fornecedor
[EL Fine]: sql: 2024-12-20 02:06:18.249--ServerSession(1488352537)--Connection(501650218)--Thread(Thread[main,5,main])--DROP TABLE TB_DEPARTAMENTO
[EL Fine]: sql: 2024-12-20 02:06:18.259--ServerSession(1488352537)--Connection(501650218)--Thread(Thread[main,5,main])--DROP TABLE TB_RECURSO
[EL Fine]: sql: 2024-12-20 02:06:18.265--ServerSession(1488352537)--Connection(501650218)--Thread(Thread[main,5,main])--DROP TABLE TB_DOCUMENTO
[EL Fine]: sql: 2024-12-20 02:06:18.274--ServerSession(1488352537)--Connection(501650218)--Thread(Thread[main,5,main])--DROP TABLE TB_FERIADO
[EL Fine]: sql: 2024-12-20 02:06:18.287--ServerSession(1488352537)--Connection(501650218)--Thread(Thread[main,5,main])--DROP TABLE TB_USUARIO
[EL Fine]: sql: 2024-12-20 02:06:18.298--ServerSession(1488352537)--Connection(501650218)--Thread(Thread[main,5,main])--DROP TABLE TB_PERFIL
[EL Fine]: sql: 2024-12-20 02:06:18.306--ServerSession(1488352537)--Connection(501650218)--Thread(Thread[main,5,main])--DROP TABLE TB_CALENDARIO
[EL Fine]: sql: 2024-12-20 02:06:18.313--ServerSession(1488352537)--Connection(501650218)--Thread(Thread[main,5,main])--DROP TABLE TB_TELEFONE_CLIENTE
[EL Fine]: sql: 2024-12-20 02:06:18.317--ServerSession(1488352537)--Connection(501650218)--Thread(Thread[main,5,main])--DROP TABLE TB_DEPARTAMENTO_PROJETO
[EL Fine]: sql: 2024-12-20 02:06:18.328--ServerSession(1488352537)--Connection(501650218)--Thread(Thread[main,5,main])--DROP TABLE TB_PROJETO_FORNECEDOR
[EL Fine]: sql: 2024-12-20 02:06:18.335--ServerSession(1488352537)--Connection(501650218)--Thread(Thread[main,5,main])--DROP TABLE TB_TELEFONE_USUARIO
[EL Fine]: sql: 2024-12-20 02:06:18.34--ServerSession(1488352537)--Connection(501650218)--Thread(Thread[main,5,main])--DROP TABLE TB_USUARIO_PERFIL
[EL Fine]: sql: 2024-12-20 02:06:18.348--ServerSession(1488352537)--Connection(501650218)--Thread(Thread[main,5,main])--DROP TABLE TB_RELATORIO
[EL Fine]: sql: 2024-12-20 02:06:18.349--ServerSession(1488352537)--Thread(Thread[main,5,main])--VALUES(1)
[EL Warning]: 2024-12-20 02:06:18.349--ServerSession(1488352537)--Thread(Thread[main,5,main])--Exception [EclipseLink-4002] (Eclipse Persistence Services - 4.0.4.v202407190748-059428cdd2583c46f1f3e50d235854840a6fa9a7): org.eclipse.persistence.exceptions.DatabaseException
Internal Exception: java.sql.SQLSyntaxErrorException: 'DROP TABLE' não pode ser realizado em 'TB_RELATORIO', porque 'TB_RELATORIO' não existe.
Error Code: 30000
Call: DROP TABLE TB_RELATORIO
Query: DataModifyQuery(sql="DROP TABLE TB_RELATORIO")
[EL Fine]: sql: 2024-12-20 02:06:18.35--ServerSession(1488352537)--Connection(501650218)--Thread(Thread[main,5,main])--DROP TABLE TB_RELATORIO
[EL Fine]: sql: 2024-12-20 02:06:18.351--ServerSession(1488352537)--Thread(Thread[main,5,main])--VALUES(1)
[EL Warning]: 2024-12-20 02:06:18.352--ServerSession(1488352537)--Thread(Thread[main,5,main])--Exception [EclipseLink-4002] (Eclipse Persistence Services - 4.0.4.v202407190748-059428cdd2583c46f1f3e50d235854840a6fa9a7): org.eclipse.persistence.exceptions.DatabaseException
Internal Exception: java.sql.SQLSyntaxErrorException: 'DROP TABLE' não pode ser realizado em 'TB_RELATORIO', porque 'TB_RELATORIO' não existe.
Error Code: 30000
Call: DROP TABLE TB_RELATORIO
Query: DataModifyQuery(sql="DROP TABLE TB_RELATORIO")
[EL Fine]: sql: 2024-12-20 02:06:18.352--ServerSession(1488352537)--Connection(501650218)--Thread(Thread[main,5,main])--DROP TABLE TB_RELATORIO
[EL Fine]: sql: 2024-12-20 02:06:18.353--ServerSession(1488352537)--Thread(Thread[main,5,main])--VALUES(1)
[EL Warning]: 2024-12-20 02:06:18.353--ServerSession(1488352537)--Thread(Thread[main,5,main])--Exception [EclipseLink-4002] (Eclipse Persistence Services - 4.0.4.v202407190748-059428cdd2583c46f1f3e50d235854840a6fa9a7): org.eclipse.persistence.exceptions.DatabaseException
Internal Exception: java.sql.SQLSyntaxErrorException: 'DROP TABLE' não pode ser realizado em 'TB_RELATORIO', porque 'TB_RELATORIO' não existe.
Error Code: 30000
Call: DROP TABLE TB_RELATORIO
Query: DataModifyQuery(sql="DROP TABLE TB_RELATORIO")
[EL Fine]: sql: 2024-12-20 02:06:18.353--ServerSession(1488352537)--Connection(501650218)--Thread(Thread[main,5,main])--DROP TABLE TB_RELATORIO
[EL Fine]: sql: 2024-12-20 02:06:18.355--ServerSession(1488352537)--Thread(Thread[main,5,main])--VALUES(1)
[EL Warning]: 2024-12-20 02:06:18.355--ServerSession(1488352537)--Thread(Thread[main,5,main])--Exception [EclipseLink-4002] (Eclipse Persistence Services - 4.0.4.v202407190748-059428cdd2583c46f1f3e50d235854840a6fa9a7): org.eclipse.persistence.exceptions.DatabaseException
Internal Exception: java.sql.SQLSyntaxErrorException: 'DROP TABLE' não pode ser realizado em 'TB_RELATORIO', porque 'TB_RELATORIO' não existe.
Error Code: 30000
Call: DROP TABLE TB_RELATORIO
Query: DataModifyQuery(sql="DROP TABLE TB_RELATORIO")
[EL Fine]: sql: 2024-12-20 02:06:18.359--ServerSession(1488352537)--Connection(501650218)--Thread(Thread[main,5,main])--CREATE TABLE TB_CLIENTE (ID_CLIENTE BIGINT GENERATED BY DEFAULT AS IDENTITY NOT NULL, CNPJ_CLIENTE VARCHAR(20) NOT NULL, EMAIL_CLIENTE VARCHAR(50) NOT NULL, NOME_CLIENTE VARCHAR(70) NOT NULL, PRIMARY KEY (ID_CLIENTE))
[EL Fine]: sql: 2024-12-20 02:06:18.368--ServerSession(1488352537)--Connection(501650218)--Thread(Thread[main,5,main])--CREATE TABLE TB_PROJETO (ID_PROJETO BIGINT GENERATED BY DEFAULT AS IDENTITY NOT NULL, DESCRICAO_PROJETO VARCHAR(255) NOT NULL, NOME_PROJETO VARCHAR(255) NOT NULL UNIQUE, ID_CLIENTE BIGINT NOT NULL, ID_CALENDARIO BIGINT NOT NULL, ID_RELATORIO BIGINT NOT NULL, PRIMARY KEY (ID_PROJETO))
[EL Fine]: sql: 2024-12-20 02:06:18.383--ServerSession(1488352537)--Connection(501650218)--Thread(Thread[main,5,main])--CREATE TABLE TB_TAREFA (ID_TAREFA BIGINT GENERATED BY DEFAULT AS IDENTITY NOT NULL, DATA_FIM_TAREFA DATE, DATA_INICIO_TAREFA DATE NOT NULL, DESCRICAO_TAREFA VARCHAR(500), NOME_TAREFA VARCHAR(255) NOT NULL, PRIORIDADE_TAREFA VARCHAR(50) NOT NULL, TIPO_STATUS INTEGER NOT NULL, ID_PROJETO BIGINT NOT NULL, USUARIO_ID BIGINT NOT NULL, PRIMARY KEY (ID_TAREFA))
[EL Fine]: sql: 2024-12-20 02:06:18.393--ServerSession(1488352537)--Connection(501650218)--Thread(Thread[main,5,main])--CREATE TABLE TB_RELATORIO (ID_RELATORIO BIGINT GENERATED BY DEFAULT AS IDENTITY NOT NULL, AUTOR_RELATORIO VARCHAR(255) NOT NULL, CONTEUDO_RELATORIO TEXT, DATA_CRIACAO_RELATORIO DATE NOT NULL, DESCRICAO_RELATORIO TEXT, TITULO_RELATORIO VARCHAR(255) NOT NULL, ID_PROJETO BIGINT NOT NULL, PRIMARY KEY (ID_RELATORIO))
[EL Fine]: sql: 2024-12-20 02:06:18.394--ServerSession(1488352537)--Thread(Thread[main,5,main])--VALUES(1)
[EL Warning]: 2024-12-20 02:06:18.394--ServerSession(1488352537)--Thread(Thread[main,5,main])--Exception [EclipseLink-4002] (Eclipse Persistence Services - 4.0.4.v202407190748-059428cdd2583c46f1f3e50d235854840a6fa9a7): org.eclipse.persistence.exceptions.DatabaseException
Internal Exception: java.sql.SQLSyntaxErrorException: TYPE 'TEXT' não existe.
Error Code: 30000
Call: CREATE TABLE TB_RELATORIO (ID_RELATORIO BIGINT GENERATED BY DEFAULT AS IDENTITY NOT NULL, AUTOR_RELATORIO VARCHAR(255) NOT NULL, CONTEUDO_RELATORIO TEXT, DATA_CRIACAO_RELATORIO DATE NOT NULL, DESCRICAO_RELATORIO TEXT, TITULO_RELATORIO VARCHAR(255) NOT NULL, ID_PROJETO BIGINT NOT NULL, PRIMARY KEY (ID_RELATORIO))
Query: DataModifyQuery(sql="CREATE TABLE TB_RELATORIO (ID_RELATORIO BIGINT GENERATED BY DEFAULT AS IDENTITY NOT NULL, AUTOR_RELATORIO VARCHAR(255) NOT NULL, CONTEUDO_RELATORIO TEXT, DATA_CRIACAO_RELATORIO DATE NOT NULL, DESCRICAO_RELATORIO TEXT, TITULO_RELATORIO VARCHAR(255) NOT NULL, ID_PROJETO BIGINT NOT NULL, PRIMARY KEY (ID_RELATORIO))")
[EL Fine]: sql: 2024-12-20 02:06:18.396--ServerSession(1488352537)--Connection(501650218)--Thread(Thread[main,5,main])--CREATE TABLE TB_Fornecedor (ID_FORNECEDOR BIGINT GENERATED BY DEFAULT AS IDENTITY NOT NULL, CNPJ_FORNECEDOR VARCHAR(18) NOT NULL, DATA_CADASTRO DATE, DESCRICAO VARCHAR(255), EMAIL_FORNECEDOR VARCHAR(255) NOT NULL, NOME_FORNECEDOR VARCHAR(255) NOT NULL, TIPO_FORNECEDOR VARCHAR(25) NOT NULL, TIPO_STATUS VARCHAR(40) NOT NULL, PRIMARY KEY (ID_FORNECEDOR))
[EL Fine]: sql: 2024-12-20 02:06:18.41--ServerSession(1488352537)--Connection(501650218)--Thread(Thread[main,5,main])--CREATE TABLE TB_DEPARTAMENTO (ID_DEPARTAMENTO BIGINT GENERATED BY DEFAULT AS IDENTITY NOT NULL, NOME_DEPARTAMENTO VARCHAR(50) NOT NULL, PRIMARY KEY (ID_DEPARTAMENTO))
[EL Fine]: sql: 2024-12-20 02:06:18.42--ServerSession(1488352537)--Connection(501650218)--Thread(Thread[main,5,main])--CREATE TABLE TB_RECURSO (ID_RECURSO BIGINT GENERATED BY DEFAULT AS IDENTITY NOT NULL, CUSTO_RECURSO FLOAT NOT NULL, NOME_RECURSO VARCHAR(255) NOT NULL, QUANTIDADE_RECURSO INTEGER NOT NULL, TIPO_RECURSO VARCHAR(50) NOT NULL, ID_PROJETO BIGINT NOT NULL, PRIMARY KEY (ID_RECURSO))
[EL Fine]: sql: 2024-12-20 02:06:18.43--ServerSession(1488352537)--Connection(501650218)--Thread(Thread[main,5,main])--CREATE TABLE TB_DOCUMENTO (ID_DOCUMENTO BIGINT GENERATED BY DEFAULT AS IDENTITY NOT NULL, AUTOR_DOCUMENTO VARCHAR(50) NOT NULL, CAMINHO_ARQUIVO_DOCUMENTO VARCHAR(255) NOT NULL, DATA_CRIACAO_DOCUMENTO DATE NOT NULL, TIPO_DOCUMENTO VARCHAR(50) NOT NULL, TITULO_DOCUMENTO VARCHAR(255) NOT NULL, ID_PROJETO BIGINT NOT NULL, PRIMARY KEY (ID_DOCUMENTO))
[EL Fine]: sql: 2024-12-20 02:06:18.441--ServerSession(1488352537)--Connection(501650218)--Thread(Thread[main,5,main])--CREATE TABLE TB_FERIADO (ID_FERIADO BIGINT GENERATED BY DEFAULT AS IDENTITY NOT NULL, DATA_FERIADO DATE NOT NULL UNIQUE, NOME_FERIADO VARCHAR(50) NOT NULL UNIQUE, TIPO_FERIADO VARCHAR(20) NOT NULL, PRIMARY KEY (ID_FERIADO))
[EL Fine]: sql: 2024-12-20 02:06:18.461--ServerSession(1488352537)--Connection(501650218)--Thread(Thread[main,5,main])--CREATE TABLE TB_USUARIO (ID_USUARIO BIGINT GENERATED BY DEFAULT AS IDENTITY NOT NULL, EMAIL_USUARIO VARCHAR(255) NOT NULL UNIQUE, NOME_USUARIO VARCHAR(255) NOT NULL, SENHA_USUARIO VARCHAR(255) NOT NULL, PRIMARY KEY (ID_USUARIO))
[EL Fine]: sql: 2024-12-20 02:06:18.476--ServerSession(1488352537)--Connection(501650218)--Thread(Thread[main,5,main])--CREATE TABLE TB_PERFIL (ID_PERFIL BIGINT GENERATED BY DEFAULT AS IDENTITY NOT NULL, NOME_PERFIL VARCHAR(100) NOT NULL, PRIMARY KEY (ID_PERFIL))
[EL Fine]: sql: 2024-12-20 02:06:18.489--ServerSession(1488352537)--Connection(501650218)--Thread(Thread[main,5,main])--CREATE TABLE TB_CALENDARIO (ID_CALENDARIO BIGINT GENERATED BY DEFAULT AS IDENTITY NOT NULL, DATA_FIM DATE NOT NULL, DATA_INICIO DATE NOT NULL, HORAS_TOTAIS INTEGER NOT NULL, PRIMARY KEY (ID_CALENDARIO))
[EL Fine]: sql: 2024-12-20 02:06:18.498--ServerSession(1488352537)--Connection(501650218)--Thread(Thread[main,5,main])--CREATE TABLE TB_TELEFONE_CLIENTE (ID_CLIENTE BIGINT NOT NULL, NUM_TELEFONE VARCHAR(20) NOT NULL)
[EL Fine]: sql: 2024-12-20 02:06:18.505--ServerSession(1488352537)--Connection(501650218)--Thread(Thread[main,5,main])--CREATE TABLE TB_DEPARTAMENTO_PROJETO (ID_PROJETO BIGINT NOT NULL, ID_DEPARTAMENTO BIGINT NOT NULL, PRIMARY KEY (ID_PROJETO, ID_DEPARTAMENTO))
[EL Fine]: sql: 2024-12-20 02:06:18.514--ServerSession(1488352537)--Connection(501650218)--Thread(Thread[main,5,main])--CREATE TABLE TB_PROJETO_FORNECEDOR (ID_PROJETO BIGINT NOT NULL, ID_FORNECEDOR BIGINT NOT NULL, PRIMARY KEY (ID_PROJETO, ID_FORNECEDOR))
[EL Fine]: sql: 2024-12-20 02:06:18.524--ServerSession(1488352537)--Connection(501650218)--Thread(Thread[main,5,main])--CREATE TABLE TB_TELEFONE_USUARIO (ID_USUARIO BIGINT NOT NULL, ENDERECO VARCHAR(255) NOT NULL, NUM_TELEFONE VARCHAR(20) NOT NULL)
[EL Fine]: sql: 2024-12-20 02:06:18.529--ServerSession(1488352537)--Connection(501650218)--Thread(Thread[main,5,main])--CREATE TABLE TB_USUARIO_PERFIL (ID_USUARIO BIGINT NOT NULL, ID_PERFIL BIGINT NOT NULL, PRIMARY KEY (ID_USUARIO, ID_PERFIL))
[EL Fine]: sql: 2024-12-20 02:06:18.538--ServerSession(1488352537)--Connection(501650218)--Thread(Thread[main,5,main])--ALTER TABLE TB_PROJETO ADD CONSTRAINT TBPROJETODRLATORIO FOREIGN KEY (ID_RELATORIO) REFERENCES TB_RELATORIO (ID_RELATORIO)
[EL Fine]: sql: 2024-12-20 02:06:18.539--ServerSession(1488352537)--Thread(Thread[main,5,main])--VALUES(1)
[EL Warning]: 2024-12-20 02:06:18.54--ServerSession(1488352537)--Thread(Thread[main,5,main])--Exception [EclipseLink-4002] (Eclipse Persistence Services - 4.0.4.v202407190748-059428cdd2583c46f1f3e50d235854840a6fa9a7): org.eclipse.persistence.exceptions.DatabaseException
Internal Exception: java.sql.SQLTransactionRollbackException: A restrição 'TBPROJETODRLATORIO' não é válida: a tabela referenciada TB_RELATORIO não existe.
Error Code: 30000
Call: ALTER TABLE TB_PROJETO ADD CONSTRAINT TBPROJETODRLATORIO FOREIGN KEY (ID_RELATORIO) REFERENCES TB_RELATORIO (ID_RELATORIO)
Query: DataModifyQuery(sql="ALTER TABLE TB_PROJETO ADD CONSTRAINT TBPROJETODRLATORIO FOREIGN KEY (ID_RELATORIO) REFERENCES TB_RELATORIO (ID_RELATORIO)")
[EL Fine]: sql: 2024-12-20 02:06:18.54--ServerSession(1488352537)--Connection(501650218)--Thread(Thread[main,5,main])--ALTER TABLE TB_TAREFA ADD CONSTRAINT TBTAREFAUSUARIO_ID FOREIGN KEY (USUARIO_ID) REFERENCES TB_USUARIO (ID_USUARIO)
[EL Fine]: sql: 2024-12-20 02:06:18.547--ServerSession(1488352537)--Connection(501650218)--Thread(Thread[main,5,main])--ALTER TABLE TB_TAREFA ADD CONSTRAINT TBTAREFAID_PROJETO FOREIGN KEY (ID_PROJETO) REFERENCES TB_PROJETO (ID_PROJETO)
[EL Fine]: sql: 2024-12-20 02:06:18.553--ServerSession(1488352537)--Connection(501650218)--Thread(Thread[main,5,main])--ALTER TABLE TB_RELATORIO ADD CONSTRAINT TBRLATORIODPROJETO FOREIGN KEY (ID_PROJETO) REFERENCES TB_PROJETO (ID_PROJETO)
[EL Fine]: sql: 2024-12-20 02:06:18.555--ServerSession(1488352537)--Thread(Thread[main,5,main])--VALUES(1)
[EL Warning]: 2024-12-20 02:06:18.555--ServerSession(1488352537)--Thread(Thread[main,5,main])--Exception [EclipseLink-4002] (Eclipse Persistence Services - 4.0.4.v202407190748-059428cdd2583c46f1f3e50d235854840a6fa9a7): org.eclipse.persistence.exceptions.DatabaseException
Internal Exception: java.sql.SQLSyntaxErrorException: 'ALTER TABLE' não pode ser realizado em 'TB_RELATORIO', porque 'TB_RELATORIO' não existe.
Error Code: 30000
Call: ALTER TABLE TB_RELATORIO ADD CONSTRAINT TBRLATORIODPROJETO FOREIGN KEY (ID_PROJETO) REFERENCES TB_PROJETO (ID_PROJETO)
Query: DataModifyQuery(sql="ALTER TABLE TB_RELATORIO ADD CONSTRAINT TBRLATORIODPROJETO FOREIGN KEY (ID_PROJETO) REFERENCES TB_PROJETO (ID_PROJETO)")
[EL Fine]: sql: 2024-12-20 02:06:18.555--ServerSession(1488352537)--Connection(501650218)--Thread(Thread[main,5,main])--ALTER TABLE TB_RECURSO ADD CONSTRAINT TBRECURSOIDPROJETO FOREIGN KEY (ID_PROJETO) REFERENCES TB_PROJETO (ID_PROJETO)
[EL Fine]: sql: 2024-12-20 02:06:18.561--ServerSession(1488352537)--Connection(501650218)--Thread(Thread[main,5,main])--ALTER TABLE TB_DOCUMENTO ADD CONSTRAINT TBDCUMENTODPROJETO FOREIGN KEY (ID_PROJETO) REFERENCES TB_PROJETO (ID_PROJETO)
[EL Fine]: sql: 2024-12-20 02:06:18.566--ServerSession(1488352537)--Connection(501650218)--Thread(Thread[main,5,main])--ALTER TABLE TB_TELEFONE_CLIENTE ADD CONSTRAINT TBTLFNCLIENTEDCLNT FOREIGN KEY (ID_CLIENTE) REFERENCES TB_CLIENTE (ID_CLIENTE)
[EL Fine]: sql: 2024-12-20 02:06:18.574--ServerSession(1488352537)--Connection(501650218)--Thread(Thread[main,5,main])--ALTER TABLE TB_DEPARTAMENTO_PROJETO ADD CONSTRAINT TBDPRTMNTPDDPRTMNT FOREIGN KEY (ID_DEPARTAMENTO) REFERENCES TB_DEPARTAMENTO (ID_DEPARTAMENTO)
[EL Fine]: sql: 2024-12-20 02:06:18.58--ServerSession(1488352537)--Connection(501650218)--Thread(Thread[main,5,main])--ALTER TABLE TB_DEPARTAMENTO_PROJETO ADD CONSTRAINT TBDPRTMNTPRJTDPRJT FOREIGN KEY (ID_PROJETO) REFERENCES TB_PROJETO (ID_PROJETO)
[EL Fine]: sql: 2024-12-20 02:06:18.586--ServerSession(1488352537)--Connection(501650218)--Thread(Thread[main,5,main])--ALTER TABLE TB_PROJETO_FORNECEDOR ADD CONSTRAINT TBPRJTFRNCDORDPRJT FOREIGN KEY (ID_PROJETO) REFERENCES TB_PROJETO (ID_PROJETO)
[EL Fine]: sql: 2024-12-20 02:06:18.592--ServerSession(1488352537)--Connection(501650218)--Thread(Thread[main,5,main])--ALTER TABLE TB_PROJETO_FORNECEDOR ADD CONSTRAINT TBPRJTFRNCDDFRNCDR FOREIGN KEY (ID_FORNECEDOR) REFERENCES TB_Fornecedor (ID_FORNECEDOR)
[EL Fine]: sql: 2024-12-20 02:06:18.599--ServerSession(1488352537)--Connection(501650218)--Thread(Thread[main,5,main])--ALTER TABLE TB_TELEFONE_USUARIO ADD CONSTRAINT TBTLFNEUSUARIODSRO FOREIGN KEY (ID_USUARIO) REFERENCES TB_Fornecedor (ID_FORNECEDOR)
[EL Fine]: sql: 2024-12-20 02:06:18.607--ServerSession(1488352537)--Connection(501650218)--Thread(Thread[main,5,main])--ALTER TABLE TB_USUARIO_PERFIL ADD CONSTRAINT TBSRIOPERFILDSARIO FOREIGN KEY (ID_USUARIO) REFERENCES TB_USUARIO (ID_USUARIO)
[EL Fine]: sql: 2024-12-20 02:06:18.613--ServerSession(1488352537)--Connection(501650218)--Thread(Thread[main,5,main])--ALTER TABLE TB_USUARIO_PERFIL ADD CONSTRAINT TBSRIOPERFILDPRFIL FOREIGN KEY (ID_PERFIL) REFERENCES TB_PERFIL (ID_PERFIL)
02:06:18.623 [main] DEBUG org.dbunit.database.DatabaseConnection - Database connection info: 
	database product name=Apache Derby
	database version=10.16.1.1 - (1901046)
	database major version=10
	database minor version=16
	jdbc driver name=Apache Derby Network Client JDBC Driver
	jdbc driver version=10.16.1.1 - (1901046)
	jdbc driver major version=10
	jdbc driver minor version=16

02:06:18.624 [main] DEBUG org.dbunit.database.DatabaseConnection - validateSchema(validateStrict=false) - start
02:06:18.624 [main] DEBUG org.dbunit.database.DatabaseConnection - Schema is null. Nothing to validate.
02:06:18.624 [main] DEBUG org.dbunit.dataset.xml.FlatXmlDataSetBuilder - Creating FlatXmlDataSet with builder parameters: org.dbunit.dataset.xml.FlatXmlDataSetBuilder[dtdMetadata=true, columnSensing=true, caseSensitiveTableNames=false, metaDataSet=null]
02:06:18.624 [main] DEBUG org.dbunit.dataset.xml.FlatXmlDataSetBuilder - Creating FlatXmlProducer using the properties of this builder: org.dbunit.dataset.xml.FlatXmlDataSetBuilder[dtdMetadata=true, columnSensing=true, caseSensitiveTableNames=false, metaDataSet=null]
02:06:18.624 [main] DEBUG org.dbunit.dataset.AbstractDataSet - initialize() - start
02:06:18.624 [main] DEBUG org.dbunit.dataset.CachedDataSet - createIterator(reversed=false) - start
02:06:18.624 [main] DEBUG org.dbunit.dataset.OrderedTableNameMap - orderedValues() - start
02:06:18.624 [main] DEBUG org.dbunit.dataset.xml.FlatXmlProducer - setConsumer(consumer) - start
02:06:18.624 [main] DEBUG org.dbunit.dataset.xml.FlatXmlProducer - produce() - start
02:06:18.625 [main] DEBUG org.dbunit.dataset.xml.FlatDtdProducer - setLexicalHandler(xmlReader=com.sun.org.apache.xerces.internal.jaxp.SAXParserImpl$JAXPSAXParser@27ace0b1, handler=org.dbunit.dataset.xml.FlatXmlProducer$FlatDtdHandler@664e5dee) - start
02:06:18.625 [main] DEBUG org.dbunit.dataset.xml.FlatDtdProducer - setDeclHandler(xmlReader=com.sun.org.apache.xerces.internal.jaxp.SAXParserImpl$JAXPSAXParser@27ace0b1, handler=org.dbunit.dataset.xml.FlatXmlProducer$FlatDtdHandler@664e5dee) - start
02:06:18.625 [main] DEBUG org.dbunit.dataset.xml.FlatXmlProducer - startElement(uri=, localName=, qName=dataset, attributes=com.sun.org.apache.xerces.internal.parsers.AbstractSAXParser$AttributesProxy@431f1eaf) - start
02:06:18.625 [main] DEBUG org.dbunit.dataset.CachedDataSet - startDataSet() - start
02:06:18.625 [main] DEBUG org.dbunit.dataset.xml.FlatXmlProducer - startElement(uri=, localName=, qName=TB_CLIENTE, attributes=com.sun.org.apache.xerces.internal.parsers.AbstractSAXParser$AttributesProxy@431f1eaf) - start
02:06:18.625 [main] DEBUG org.dbunit.dataset.OrderedTableNameMap - getLastTableName() - start
02:06:18.625 [main] DEBUG org.dbunit.dataset.OrderedTableNameMap - isLastTable(tableName=TB_CLIENTE) - start
02:06:18.625 [main] DEBUG org.dbunit.dataset.OrderedTableNameMap - getTableName(tableName=TB_CLIENTE) - start
02:06:18.625 [main] DEBUG org.dbunit.dataset.OrderedTableNameMap - getTableName(tableName=TB_CLIENTE) - end - result=TB_CLIENTE
02:06:18.625 [main] DEBUG org.dbunit.dataset.xml.FlatXmlProducer - createTableMetaData(tableName=TB_CLIENTE, attributes=com.sun.org.apache.xerces.internal.parsers.AbstractSAXParser$AttributesProxy@431f1eaf) - start
02:06:18.625 [main] DEBUG org.dbunit.dataset.Columns - getColumns(columnNames=[], columns=[(ID_CLIENTE, UNKNOWN, nullableUnknown), (NOME_CLIENTE, UNKNOWN, nullableUnknown), (EMAIL_CLIENTE, UNKNOWN, nullableUnknown), (CNPJ_CLIENTE, UNKNOWN, nullableUnknown)]) - start
02:06:18.625 [main] DEBUG org.dbunit.dataset.OrderedTableNameMap - add(tableName=TB_CLIENTE, object=tableName=TB_CLIENTE, columns=[(ID_CLIENTE, UNKNOWN, nullableUnknown), (NOME_CLIENTE, UNKNOWN, nullableUnknown), (EMAIL_CLIENTE, UNKNOWN, nullableUnknown), (CNPJ_CLIENTE, UNKNOWN, nullableUnknown)], keys=[]) - start
02:06:18.625 [main] DEBUG org.dbunit.dataset.OrderedTableNameMap - getTableName(tableName=TB_CLIENTE) - start
02:06:18.625 [main] DEBUG org.dbunit.dataset.OrderedTableNameMap - getTableName(tableName=TB_CLIENTE) - end - result=TB_CLIENTE
02:06:18.625 [main] DEBUG org.dbunit.dataset.OrderedTableNameMap - getTableName(tableName=TB_CLIENTE) - start
02:06:18.625 [main] DEBUG org.dbunit.dataset.OrderedTableNameMap - getTableName(tableName=TB_CLIENTE) - end - result=TB_CLIENTE
02:06:18.625 [main] DEBUG org.dbunit.dataset.OrderedTableNameMap - getLastTableName() - start
02:06:18.625 [main] DEBUG org.dbunit.dataset.OrderedTableNameMap - getTableName(tableName=TB_CLIENTE) - start
02:06:18.625 [main] DEBUG org.dbunit.dataset.OrderedTableNameMap - getTableName(tableName=TB_CLIENTE) - end - result=TB_CLIENTE
02:06:18.625 [main] DEBUG org.dbunit.dataset.AbstractTableMetaData - getColumnIndex(columnName=ID_CLIENTE) - start
02:06:18.625 [main] DEBUG org.dbunit.dataset.AbstractTableMetaData - getColumnIndex(columnName=NOME_CLIENTE) - start
02:06:18.625 [main] DEBUG org.dbunit.dataset.AbstractTableMetaData - getColumnIndex(columnName=EMAIL_CLIENTE) - start
02:06:18.625 [main] DEBUG org.dbunit.dataset.AbstractTableMetaData - getColumnIndex(columnName=CNPJ_CLIENTE) - start
02:06:18.625 [main] DEBUG org.dbunit.dataset.OrderedTableNameMap - getLastTableName() - start
02:06:18.625 [main] DEBUG org.dbunit.dataset.OrderedTableNameMap - getTableName(tableName=TB_CLIENTE) - start
02:06:18.625 [main] DEBUG org.dbunit.dataset.OrderedTableNameMap - getTableName(tableName=TB_CLIENTE) - end - result=TB_CLIENTE
02:06:18.625 [main] DEBUG org.dbunit.dataset.AbstractTableMetaData - getColumnIndex(columnName=ID_CLIENTE) - start
02:06:18.625 [main] DEBUG org.dbunit.dataset.AbstractTableMetaData - getColumnIndex(columnName=NOME_CLIENTE) - start
02:06:18.625 [main] DEBUG org.dbunit.dataset.AbstractTableMetaData - getColumnIndex(columnName=EMAIL_CLIENTE) - start
02:06:18.625 [main] DEBUG org.dbunit.dataset.AbstractTableMetaData - getColumnIndex(columnName=CNPJ_CLIENTE) - start
02:06:18.625 [main] DEBUG org.dbunit.dataset.xml.FlatXmlProducer - endElement(uri=, localName=, qName=TB_CLIENTE) - start
02:06:18.625 [main] DEBUG org.dbunit.dataset.xml.FlatXmlProducer - startElement(uri=, localName=, qName=TB_CLIENTE, attributes=com.sun.org.apache.xerces.internal.parsers.AbstractSAXParser$AttributesProxy@431f1eaf) - start
02:06:18.625 [main] DEBUG org.dbunit.dataset.OrderedTableNameMap - getLastTableName() - start
02:06:18.625 [main] DEBUG org.dbunit.dataset.OrderedTableNameMap - getTableName(tableName=TB_CLIENTE) - start
02:06:18.625 [main] DEBUG org.dbunit.dataset.OrderedTableNameMap - getTableName(tableName=TB_CLIENTE) - end - result=TB_CLIENTE
02:06:18.625 [main] DEBUG org.dbunit.dataset.OrderedTableNameMap - isLastTable(tableName=TB_CLIENTE) - start
02:06:18.625 [main] DEBUG org.dbunit.dataset.OrderedTableNameMap - getLastTableName() - start
02:06:18.625 [main] DEBUG org.dbunit.dataset.OrderedTableNameMap - getTableName(tableName=TB_CLIENTE) - start
02:06:18.625 [main] DEBUG org.dbunit.dataset.OrderedTableNameMap - getTableName(tableName=TB_CLIENTE) - end - result=TB_CLIENTE
02:06:18.625 [main] DEBUG org.dbunit.dataset.OrderedTableNameMap - getTableName(tableName=TB_CLIENTE) - start
02:06:18.625 [main] DEBUG org.dbunit.dataset.OrderedTableNameMap - getTableName(tableName=TB_CLIENTE) - end - result=TB_CLIENTE
02:06:18.625 [main] DEBUG org.dbunit.dataset.OrderedTableNameMap - getLastTableName() - start
02:06:18.625 [main] DEBUG org.dbunit.dataset.OrderedTableNameMap - getTableName(tableName=TB_CLIENTE) - start
02:06:18.625 [main] DEBUG org.dbunit.dataset.OrderedTableNameMap - getTableName(tableName=TB_CLIENTE) - end - result=TB_CLIENTE
02:06:18.625 [main] DEBUG org.dbunit.dataset.AbstractTableMetaData - getColumnIndex(columnName=ID_CLIENTE) - start
02:06:18.625 [main] DEBUG org.dbunit.dataset.AbstractTableMetaData - getColumnIndex(columnName=NOME_CLIENTE) - start
02:06:18.625 [main] DEBUG org.dbunit.dataset.AbstractTableMetaData - getColumnIndex(columnName=EMAIL_CLIENTE) - start
02:06:18.625 [main] DEBUG org.dbunit.dataset.AbstractTableMetaData - getColumnIndex(columnName=CNPJ_CLIENTE) - start
02:06:18.625 [main] DEBUG org.dbunit.dataset.OrderedTableNameMap - getLastTableName() - start
02:06:18.625 [main] DEBUG org.dbunit.dataset.OrderedTableNameMap - getTableName(tableName=TB_CLIENTE) - start
02:06:18.625 [main] DEBUG org.dbunit.dataset.OrderedTableNameMap - getTableName(tableName=TB_CLIENTE) - end - result=TB_CLIENTE
02:06:18.625 [main] DEBUG org.dbunit.dataset.AbstractTableMetaData - getColumnIndex(columnName=ID_CLIENTE) - start
02:06:18.625 [main] DEBUG org.dbunit.dataset.AbstractTableMetaData - getColumnIndex(columnName=NOME_CLIENTE) - start
02:06:18.625 [main] DEBUG org.dbunit.dataset.AbstractTableMetaData - getColumnIndex(columnName=EMAIL_CLIENTE) - start
02:06:18.625 [main] DEBUG org.dbunit.dataset.AbstractTableMetaData - getColumnIndex(columnName=CNPJ_CLIENTE) - start
02:06:18.625 [main] DEBUG org.dbunit.dataset.xml.FlatXmlProducer - endElement(uri=, localName=, qName=TB_CLIENTE) - start
02:06:18.625 [main] DEBUG org.dbunit.dataset.xml.FlatXmlProducer - startElement(uri=, localName=, qName=TB_TELEFONE_CLIENTE, attributes=com.sun.org.apache.xerces.internal.parsers.AbstractSAXParser$AttributesProxy@431f1eaf) - start
02:06:18.625 [main] DEBUG org.dbunit.dataset.OrderedTableNameMap - getLastTableName() - start
02:06:18.625 [main] DEBUG org.dbunit.dataset.OrderedTableNameMap - getTableName(tableName=TB_CLIENTE) - start
02:06:18.625 [main] DEBUG org.dbunit.dataset.OrderedTableNameMap - getTableName(tableName=TB_CLIENTE) - end - result=TB_CLIENTE
02:06:18.625 [main] DEBUG org.dbunit.dataset.OrderedTableNameMap - isLastTable(tableName=TB_TELEFONE_CLIENTE) - start
02:06:18.625 [main] DEBUG org.dbunit.dataset.OrderedTableNameMap - getLastTableName() - start
02:06:18.625 [main] DEBUG org.dbunit.dataset.OrderedTableNameMap - getTableName(tableName=TB_CLIENTE) - start
02:06:18.625 [main] DEBUG org.dbunit.dataset.OrderedTableNameMap - getTableName(tableName=TB_CLIENTE) - end - result=TB_CLIENTE
02:06:18.625 [main] DEBUG org.dbunit.dataset.OrderedTableNameMap - getTableName(tableName=TB_TELEFONE_CLIENTE) - start
02:06:18.625 [main] DEBUG org.dbunit.dataset.OrderedTableNameMap - getTableName(tableName=TB_TELEFONE_CLIENTE) - end - result=TB_TELEFONE_CLIENTE
02:06:18.625 [main] DEBUG org.dbunit.dataset.OrderedTableNameMap - getTableName(tableName=TB_TELEFONE_CLIENTE) - start
02:06:18.625 [main] DEBUG org.dbunit.dataset.OrderedTableNameMap - getTableName(tableName=TB_TELEFONE_CLIENTE) - end - result=TB_TELEFONE_CLIENTE
02:06:18.625 [main] DEBUG org.dbunit.dataset.xml.FlatXmlProducer - createTableMetaData(tableName=TB_TELEFONE_CLIENTE, attributes=com.sun.org.apache.xerces.internal.parsers.AbstractSAXParser$AttributesProxy@431f1eaf) - start
02:06:18.625 [main] DEBUG org.dbunit.dataset.Columns - getColumns(columnNames=[], columns=[(ID_CLIENTE, UNKNOWN, nullableUnknown), (NUM_TELEFONE, UNKNOWN, nullableUnknown)]) - start
02:06:18.625 [main] DEBUG org.dbunit.dataset.OrderedTableNameMap - add(tableName=TB_TELEFONE_CLIENTE, object=tableName=TB_TELEFONE_CLIENTE, columns=[(ID_CLIENTE, UNKNOWN, nullableUnknown), (NUM_TELEFONE, UNKNOWN, nullableUnknown)], keys=[]) - start
02:06:18.625 [main] DEBUG org.dbunit.dataset.OrderedTableNameMap - getTableName(tableName=TB_TELEFONE_CLIENTE) - start
02:06:18.625 [main] DEBUG org.dbunit.dataset.OrderedTableNameMap - getTableName(tableName=TB_TELEFONE_CLIENTE) - end - result=TB_TELEFONE_CLIENTE
02:06:18.625 [main] DEBUG org.dbunit.dataset.OrderedTableNameMap - getTableName(tableName=TB_TELEFONE_CLIENTE) - start
02:06:18.625 [main] DEBUG org.dbunit.dataset.OrderedTableNameMap - getTableName(tableName=TB_TELEFONE_CLIENTE) - end - result=TB_TELEFONE_CLIENTE
02:06:18.625 [main] DEBUG org.dbunit.dataset.OrderedTableNameMap - getLastTableName() - start
02:06:18.625 [main] DEBUG org.dbunit.dataset.OrderedTableNameMap - getTableName(tableName=TB_TELEFONE_CLIENTE) - start
02:06:18.625 [main] DEBUG org.dbunit.dataset.OrderedTableNameMap - getTableName(tableName=TB_TELEFONE_CLIENTE) - end - result=TB_TELEFONE_CLIENTE
02:06:18.625 [main] DEBUG org.dbunit.dataset.AbstractTableMetaData - getColumnIndex(columnName=ID_CLIENTE) - start
02:06:18.625 [main] DEBUG org.dbunit.dataset.AbstractTableMetaData - getColumnIndex(columnName=NUM_TELEFONE) - start
02:06:18.625 [main] DEBUG org.dbunit.dataset.OrderedTableNameMap - getLastTableName() - start
02:06:18.625 [main] DEBUG org.dbunit.dataset.OrderedTableNameMap - getTableName(tableName=TB_TELEFONE_CLIENTE) - start
02:06:18.625 [main] DEBUG org.dbunit.dataset.OrderedTableNameMap - getTableName(tableName=TB_TELEFONE_CLIENTE) - end - result=TB_TELEFONE_CLIENTE
02:06:18.625 [main] DEBUG org.dbunit.dataset.AbstractTableMetaData - getColumnIndex(columnName=ID_CLIENTE) - start
02:06:18.625 [main] DEBUG org.dbunit.dataset.AbstractTableMetaData - getColumnIndex(columnName=NUM_TELEFONE) - start
02:06:18.625 [main] DEBUG org.dbunit.dataset.xml.FlatXmlProducer - endElement(uri=, localName=, qName=TB_TELEFONE_CLIENTE) - start
02:06:18.625 [main] DEBUG org.dbunit.dataset.xml.FlatXmlProducer - startElement(uri=, localName=, qName=TB_TELEFONE_CLIENTE, attributes=com.sun.org.apache.xerces.internal.parsers.AbstractSAXParser$AttributesProxy@431f1eaf) - start
02:06:18.625 [main] DEBUG org.dbunit.dataset.OrderedTableNameMap - getLastTableName() - start
02:06:18.625 [main] DEBUG org.dbunit.dataset.OrderedTableNameMap - getTableName(tableName=TB_TELEFONE_CLIENTE) - start
02:06:18.625 [main] DEBUG org.dbunit.dataset.OrderedTableNameMap - getTableName(tableName=TB_TELEFONE_CLIENTE) - end - result=TB_TELEFONE_CLIENTE
02:06:18.625 [main] DEBUG org.dbunit.dataset.OrderedTableNameMap - isLastTable(tableName=TB_TELEFONE_CLIENTE) - start
02:06:18.625 [main] DEBUG org.dbunit.dataset.OrderedTableNameMap - getLastTableName() - start
02:06:18.625 [main] DEBUG org.dbunit.dataset.OrderedTableNameMap - getTableName(tableName=TB_TELEFONE_CLIENTE) - start
02:06:18.625 [main] DEBUG org.dbunit.dataset.OrderedTableNameMap - getTableName(tableName=TB_TELEFONE_CLIENTE) - end - result=TB_TELEFONE_CLIENTE
02:06:18.625 [main] DEBUG org.dbunit.dataset.OrderedTableNameMap - getTableName(tableName=TB_TELEFONE_CLIENTE) - start
02:06:18.625 [main] DEBUG org.dbunit.dataset.OrderedTableNameMap - getTableName(tableName=TB_TELEFONE_CLIENTE) - end - result=TB_TELEFONE_CLIENTE
02:06:18.625 [main] DEBUG org.dbunit.dataset.OrderedTableNameMap - getLastTableName() - start
02:06:18.625 [main] DEBUG org.dbunit.dataset.OrderedTableNameMap - getTableName(tableName=TB_TELEFONE_CLIENTE) - start
02:06:18.625 [main] DEBUG org.dbunit.dataset.OrderedTableNameMap - getTableName(tableName=TB_TELEFONE_CLIENTE) - end - result=TB_TELEFONE_CLIENTE
02:06:18.625 [main] DEBUG org.dbunit.dataset.AbstractTableMetaData - getColumnIndex(columnName=ID_CLIENTE) - start
02:06:18.625 [main] DEBUG org.dbunit.dataset.AbstractTableMetaData - getColumnIndex(columnName=NUM_TELEFONE) - start
02:06:18.625 [main] DEBUG org.dbunit.dataset.OrderedTableNameMap - getLastTableName() - start
02:06:18.625 [main] DEBUG org.dbunit.dataset.OrderedTableNameMap - getTableName(tableName=TB_TELEFONE_CLIENTE) - start
02:06:18.625 [main] DEBUG org.dbunit.dataset.OrderedTableNameMap - getTableName(tableName=TB_TELEFONE_CLIENTE) - end - result=TB_TELEFONE_CLIENTE
02:06:18.625 [main] DEBUG org.dbunit.dataset.AbstractTableMetaData - getColumnIndex(columnName=ID_CLIENTE) - start
02:06:18.625 [main] DEBUG org.dbunit.dataset.AbstractTableMetaData - getColumnIndex(columnName=NUM_TELEFONE) - start
02:06:18.625 [main] DEBUG org.dbunit.dataset.xml.FlatXmlProducer - endElement(uri=, localName=, qName=TB_TELEFONE_CLIENTE) - start
02:06:18.626 [main] DEBUG org.dbunit.dataset.xml.FlatXmlProducer - startElement(uri=, localName=, qName=TB_TELEFONE_CLIENTE, attributes=com.sun.org.apache.xerces.internal.parsers.AbstractSAXParser$AttributesProxy@431f1eaf) - start
02:06:18.626 [main] DEBUG org.dbunit.dataset.OrderedTableNameMap - getLastTableName() - start
02:06:18.626 [main] DEBUG org.dbunit.dataset.OrderedTableNameMap - getTableName(tableName=TB_TELEFONE_CLIENTE) - start
02:06:18.626 [main] DEBUG org.dbunit.dataset.OrderedTableNameMap - getTableName(tableName=TB_TELEFONE_CLIENTE) - end - result=TB_TELEFONE_CLIENTE
02:06:18.626 [main] DEBUG org.dbunit.dataset.OrderedTableNameMap - isLastTable(tableName=TB_TELEFONE_CLIENTE) - start
02:06:18.626 [main] DEBUG org.dbunit.dataset.OrderedTableNameMap - getLastTableName() - start
02:06:18.626 [main] DEBUG org.dbunit.dataset.OrderedTableNameMap - getTableName(tableName=TB_TELEFONE_CLIENTE) - start
02:06:18.626 [main] DEBUG org.dbunit.dataset.OrderedTableNameMap - getTableName(tableName=TB_TELEFONE_CLIENTE) - end - result=TB_TELEFONE_CLIENTE
02:06:18.626 [main] DEBUG org.dbunit.dataset.OrderedTableNameMap - getTableName(tableName=TB_TELEFONE_CLIENTE) - start
02:06:18.626 [main] DEBUG org.dbunit.dataset.OrderedTableNameMap - getTableName(tableName=TB_TELEFONE_CLIENTE) - end - result=TB_TELEFONE_CLIENTE
02:06:18.626 [main] DEBUG org.dbunit.dataset.OrderedTableNameMap - getLastTableName() - start
02:06:18.626 [main] DEBUG org.dbunit.dataset.OrderedTableNameMap - getTableName(tableName=TB_TELEFONE_CLIENTE) - start
02:06:18.626 [main] DEBUG org.dbunit.dataset.OrderedTableNameMap - getTableName(tableName=TB_TELEFONE_CLIENTE) - end - result=TB_TELEFONE_CLIENTE
02:06:18.626 [main] DEBUG org.dbunit.dataset.AbstractTableMetaData - getColumnIndex(columnName=ID_CLIENTE) - start
02:06:18.626 [main] DEBUG org.dbunit.dataset.AbstractTableMetaData - getColumnIndex(columnName=NUM_TELEFONE) - start
02:06:18.626 [main] DEBUG org.dbunit.dataset.OrderedTableNameMap - getLastTableName() - start
02:06:18.626 [main] DEBUG org.dbunit.dataset.OrderedTableNameMap - getTableName(tableName=TB_TELEFONE_CLIENTE) - start
02:06:18.626 [main] DEBUG org.dbunit.dataset.OrderedTableNameMap - getTableName(tableName=TB_TELEFONE_CLIENTE) - end - result=TB_TELEFONE_CLIENTE
02:06:18.626 [main] DEBUG org.dbunit.dataset.AbstractTableMetaData - getColumnIndex(columnName=ID_CLIENTE) - start
02:06:18.626 [main] DEBUG org.dbunit.dataset.AbstractTableMetaData - getColumnIndex(columnName=NUM_TELEFONE) - start
02:06:18.626 [main] DEBUG org.dbunit.dataset.xml.FlatXmlProducer - endElement(uri=, localName=, qName=TB_TELEFONE_CLIENTE) - start
02:06:18.626 [main] DEBUG org.dbunit.dataset.xml.FlatXmlProducer - startElement(uri=, localName=, qName=TB_PROJETO, attributes=com.sun.org.apache.xerces.internal.parsers.AbstractSAXParser$AttributesProxy@431f1eaf) - start
02:06:18.626 [main] DEBUG org.dbunit.dataset.OrderedTableNameMap - getLastTableName() - start
02:06:18.626 [main] DEBUG org.dbunit.dataset.OrderedTableNameMap - getTableName(tableName=TB_TELEFONE_CLIENTE) - start
02:06:18.626 [main] DEBUG org.dbunit.dataset.OrderedTableNameMap - getTableName(tableName=TB_TELEFONE_CLIENTE) - end - result=TB_TELEFONE_CLIENTE
02:06:18.626 [main] DEBUG org.dbunit.dataset.OrderedTableNameMap - isLastTable(tableName=TB_PROJETO) - start
02:06:18.626 [main] DEBUG org.dbunit.dataset.OrderedTableNameMap - getLastTableName() - start
02:06:18.626 [main] DEBUG org.dbunit.dataset.OrderedTableNameMap - getTableName(tableName=TB_TELEFONE_CLIENTE) - start
02:06:18.626 [main] DEBUG org.dbunit.dataset.OrderedTableNameMap - getTableName(tableName=TB_TELEFONE_CLIENTE) - end - result=TB_TELEFONE_CLIENTE
02:06:18.626 [main] DEBUG org.dbunit.dataset.OrderedTableNameMap - getTableName(tableName=TB_PROJETO) - start
02:06:18.626 [main] DEBUG org.dbunit.dataset.OrderedTableNameMap - getTableName(tableName=TB_PROJETO) - end - result=TB_PROJETO
02:06:18.626 [main] DEBUG org.dbunit.dataset.OrderedTableNameMap - getTableName(tableName=TB_PROJETO) - start
02:06:18.626 [main] DEBUG org.dbunit.dataset.OrderedTableNameMap - getTableName(tableName=TB_PROJETO) - end - result=TB_PROJETO
02:06:18.626 [main] DEBUG org.dbunit.dataset.xml.FlatXmlProducer - createTableMetaData(tableName=TB_PROJETO, attributes=com.sun.org.apache.xerces.internal.parsers.AbstractSAXParser$AttributesProxy@431f1eaf) - start
02:06:18.626 [main] DEBUG org.dbunit.dataset.Columns - getColumns(columnNames=[], columns=[(ID_PROJETO, UNKNOWN, nullableUnknown), (NOME_PROJETO, UNKNOWN, nullableUnknown), (DESCRICAO_PROJETO, UNKNOWN, nullableUnknown), (ID_CLIENTE, UNKNOWN, nullableUnknown)]) - start
02:06:18.626 [main] DEBUG org.dbunit.dataset.OrderedTableNameMap - add(tableName=TB_PROJETO, object=tableName=TB_PROJETO, columns=[(ID_PROJETO, UNKNOWN, nullableUnknown), (NOME_PROJETO, UNKNOWN, nullableUnknown), (DESCRICAO_PROJETO, UNKNOWN, nullableUnknown), (ID_CLIENTE, UNKNOWN, nullableUnknown)], keys=[]) - start
02:06:18.626 [main] DEBUG org.dbunit.dataset.OrderedTableNameMap - getTableName(tableName=TB_PROJETO) - start
02:06:18.626 [main] DEBUG org.dbunit.dataset.OrderedTableNameMap - getTableName(tableName=TB_PROJETO) - end - result=TB_PROJETO
02:06:18.626 [main] DEBUG org.dbunit.dataset.OrderedTableNameMap - getTableName(tableName=TB_PROJETO) - start
02:06:18.626 [main] DEBUG org.dbunit.dataset.OrderedTableNameMap - getTableName(tableName=TB_PROJETO) - end - result=TB_PROJETO
02:06:18.626 [main] DEBUG org.dbunit.dataset.OrderedTableNameMap - getLastTableName() - start
02:06:18.626 [main] DEBUG org.dbunit.dataset.OrderedTableNameMap - getTableName(tableName=TB_PROJETO) - start
02:06:18.626 [main] DEBUG org.dbunit.dataset.OrderedTableNameMap - getTableName(tableName=TB_PROJETO) - end - result=TB_PROJETO
02:06:18.626 [main] DEBUG org.dbunit.dataset.AbstractTableMetaData - getColumnIndex(columnName=ID_PROJETO) - start
02:06:18.626 [main] DEBUG org.dbunit.dataset.AbstractTableMetaData - getColumnIndex(columnName=NOME_PROJETO) - start
02:06:18.626 [main] DEBUG org.dbunit.dataset.AbstractTableMetaData - getColumnIndex(columnName=DESCRICAO_PROJETO) - start
02:06:18.626 [main] DEBUG org.dbunit.dataset.AbstractTableMetaData - getColumnIndex(columnName=ID_CLIENTE) - start
02:06:18.626 [main] DEBUG org.dbunit.dataset.OrderedTableNameMap - getLastTableName() - start
02:06:18.626 [main] DEBUG org.dbunit.dataset.OrderedTableNameMap - getTableName(tableName=TB_PROJETO) - start
02:06:18.626 [main] DEBUG org.dbunit.dataset.OrderedTableNameMap - getTableName(tableName=TB_PROJETO) - end - result=TB_PROJETO
02:06:18.626 [main] DEBUG org.dbunit.dataset.AbstractTableMetaData - getColumnIndex(columnName=ID_PROJETO) - start
02:06:18.626 [main] DEBUG org.dbunit.dataset.AbstractTableMetaData - getColumnIndex(columnName=NOME_PROJETO) - start
02:06:18.626 [main] DEBUG org.dbunit.dataset.AbstractTableMetaData - getColumnIndex(columnName=DESCRICAO_PROJETO) - start
02:06:18.626 [main] DEBUG org.dbunit.dataset.AbstractTableMetaData - getColumnIndex(columnName=ID_CLIENTE) - start
02:06:18.626 [main] DEBUG org.dbunit.dataset.xml.FlatXmlProducer - endElement(uri=, localName=, qName=TB_PROJETO) - start
02:06:18.626 [main] DEBUG org.dbunit.dataset.xml.FlatXmlProducer - startElement(uri=, localName=, qName=TB_PROJETO, attributes=com.sun.org.apache.xerces.internal.parsers.AbstractSAXParser$AttributesProxy@431f1eaf) - start
02:06:18.626 [main] DEBUG org.dbunit.dataset.OrderedTableNameMap - getLastTableName() - start
02:06:18.626 [main] DEBUG org.dbunit.dataset.OrderedTableNameMap - getTableName(tableName=TB_PROJETO) - start
02:06:18.626 [main] DEBUG org.dbunit.dataset.OrderedTableNameMap - getTableName(tableName=TB_PROJETO) - end - result=TB_PROJETO
02:06:18.626 [main] DEBUG org.dbunit.dataset.OrderedTableNameMap - isLastTable(tableName=TB_PROJETO) - start
02:06:18.626 [main] DEBUG org.dbunit.dataset.OrderedTableNameMap - getLastTableName() - start
02:06:18.626 [main] DEBUG org.dbunit.dataset.OrderedTableNameMap - getTableName(tableName=TB_PROJETO) - start
02:06:18.626 [main] DEBUG org.dbunit.dataset.OrderedTableNameMap - getTableName(tableName=TB_PROJETO) - end - result=TB_PROJETO
02:06:18.626 [main] DEBUG org.dbunit.dataset.OrderedTableNameMap - getTableName(tableName=TB_PROJETO) - start
02:06:18.626 [main] DEBUG org.dbunit.dataset.OrderedTableNameMap - getTableName(tableName=TB_PROJETO) - end - result=TB_PROJETO
02:06:18.626 [main] DEBUG org.dbunit.dataset.OrderedTableNameMap - getLastTableName() - start
02:06:18.626 [main] DEBUG org.dbunit.dataset.OrderedTableNameMap - getTableName(tableName=TB_PROJETO) - start
02:06:18.626 [main] DEBUG org.dbunit.dataset.OrderedTableNameMap - getTableName(tableName=TB_PROJETO) - end - result=TB_PROJETO
02:06:18.626 [main] DEBUG org.dbunit.dataset.AbstractTableMetaData - getColumnIndex(columnName=ID_PROJETO) - start
02:06:18.626 [main] DEBUG org.dbunit.dataset.AbstractTableMetaData - getColumnIndex(columnName=NOME_PROJETO) - start
02:06:18.626 [main] DEBUG org.dbunit.dataset.AbstractTableMetaData - getColumnIndex(columnName=DESCRICAO_PROJETO) - start
02:06:18.626 [main] DEBUG org.dbunit.dataset.AbstractTableMetaData - getColumnIndex(columnName=ID_CLIENTE) - start
02:06:18.626 [main] DEBUG org.dbunit.dataset.OrderedTableNameMap - getLastTableName() - start
02:06:18.626 [main] DEBUG org.dbunit.dataset.OrderedTableNameMap - getTableName(tableName=TB_PROJETO) - start
02:06:18.626 [main] DEBUG org.dbunit.dataset.OrderedTableNameMap - getTableName(tableName=TB_PROJETO) - end - result=TB_PROJETO
02:06:18.626 [main] DEBUG org.dbunit.dataset.AbstractTableMetaData - getColumnIndex(columnName=ID_PROJETO) - start
02:06:18.626 [main] DEBUG org.dbunit.dataset.AbstractTableMetaData - getColumnIndex(columnName=NOME_PROJETO) - start
02:06:18.626 [main] DEBUG org.dbunit.dataset.AbstractTableMetaData - getColumnIndex(columnName=DESCRICAO_PROJETO) - start
02:06:18.626 [main] DEBUG org.dbunit.dataset.AbstractTableMetaData - getColumnIndex(columnName=ID_CLIENTE) - start
02:06:18.626 [main] DEBUG org.dbunit.dataset.xml.FlatXmlProducer - endElement(uri=, localName=, qName=TB_PROJETO) - start
02:06:18.626 [main] DEBUG org.dbunit.dataset.xml.FlatXmlProducer - startElement(uri=, localName=, qName=TB_CALENDARIO, attributes=com.sun.org.apache.xerces.internal.parsers.AbstractSAXParser$AttributesProxy@431f1eaf) - start
02:06:18.626 [main] DEBUG org.dbunit.dataset.OrderedTableNameMap - getLastTableName() - start
02:06:18.626 [main] DEBUG org.dbunit.dataset.OrderedTableNameMap - getTableName(tableName=TB_PROJETO) - start
02:06:18.626 [main] DEBUG org.dbunit.dataset.OrderedTableNameMap - getTableName(tableName=TB_PROJETO) - end - result=TB_PROJETO
02:06:18.626 [main] DEBUG org.dbunit.dataset.OrderedTableNameMap - isLastTable(tableName=TB_CALENDARIO) - start
02:06:18.626 [main] DEBUG org.dbunit.dataset.OrderedTableNameMap - getLastTableName() - start
02:06:18.626 [main] DEBUG org.dbunit.dataset.OrderedTableNameMap - getTableName(tableName=TB_PROJETO) - start
02:06:18.626 [main] DEBUG org.dbunit.dataset.OrderedTableNameMap - getTableName(tableName=TB_PROJETO) - end - result=TB_PROJETO
02:06:18.626 [main] DEBUG org.dbunit.dataset.OrderedTableNameMap - getTableName(tableName=TB_CALENDARIO) - start
02:06:18.626 [main] DEBUG org.dbunit.dataset.OrderedTableNameMap - getTableName(tableName=TB_CALENDARIO) - end - result=TB_CALENDARIO
02:06:18.626 [main] DEBUG org.dbunit.dataset.OrderedTableNameMap - getTableName(tableName=TB_CALENDARIO) - start
02:06:18.626 [main] DEBUG org.dbunit.dataset.OrderedTableNameMap - getTableName(tableName=TB_CALENDARIO) - end - result=TB_CALENDARIO
02:06:18.626 [main] DEBUG org.dbunit.dataset.xml.FlatXmlProducer - createTableMetaData(tableName=TB_CALENDARIO, attributes=com.sun.org.apache.xerces.internal.parsers.AbstractSAXParser$AttributesProxy@431f1eaf) - start
02:06:18.626 [main] DEBUG org.dbunit.dataset.Columns - getColumns(columnNames=[], columns=[(ID_CALENDARIO, UNKNOWN, nullableUnknown), (DATA_INICIO, UNKNOWN, nullableUnknown), (DATA_FIM, UNKNOWN, nullableUnknown), (HORAS_TOTAIS, UNKNOWN, nullableUnknown)]) - start
02:06:18.626 [main] DEBUG org.dbunit.dataset.OrderedTableNameMap - add(tableName=TB_CALENDARIO, object=tableName=TB_CALENDARIO, columns=[(ID_CALENDARIO, UNKNOWN, nullableUnknown), (DATA_INICIO, UNKNOWN, nullableUnknown), (DATA_FIM, UNKNOWN, nullableUnknown), (HORAS_TOTAIS, UNKNOWN, nullableUnknown)], keys=[]) - start
02:06:18.626 [main] DEBUG org.dbunit.dataset.OrderedTableNameMap - getTableName(tableName=TB_CALENDARIO) - start
02:06:18.626 [main] DEBUG org.dbunit.dataset.OrderedTableNameMap - getTableName(tableName=TB_CALENDARIO) - end - result=TB_CALENDARIO
02:06:18.626 [main] DEBUG org.dbunit.dataset.OrderedTableNameMap - getTableName(tableName=TB_CALENDARIO) - start
02:06:18.626 [main] DEBUG org.dbunit.dataset.OrderedTableNameMap - getTableName(tableName=TB_CALENDARIO) - end - result=TB_CALENDARIO
02:06:18.626 [main] DEBUG org.dbunit.dataset.OrderedTableNameMap - getLastTableName() - start
02:06:18.626 [main] DEBUG org.dbunit.dataset.OrderedTableNameMap - getTableName(tableName=TB_CALENDARIO) - start
02:06:18.626 [main] DEBUG org.dbunit.dataset.OrderedTableNameMap - getTableName(tableName=TB_CALENDARIO) - end - result=TB_CALENDARIO
02:06:18.626 [main] DEBUG org.dbunit.dataset.AbstractTableMetaData - getColumnIndex(columnName=ID_CALENDARIO) - start
02:06:18.626 [main] DEBUG org.dbunit.dataset.AbstractTableMetaData - getColumnIndex(columnName=DATA_INICIO) - start
02:06:18.626 [main] DEBUG org.dbunit.dataset.AbstractTableMetaData - getColumnIndex(columnName=DATA_FIM) - start
02:06:18.626 [main] DEBUG org.dbunit.dataset.AbstractTableMetaData - getColumnIndex(columnName=HORAS_TOTAIS) - start
02:06:18.626 [main] DEBUG org.dbunit.dataset.OrderedTableNameMap - getLastTableName() - start
02:06:18.626 [main] DEBUG org.dbunit.dataset.OrderedTableNameMap - getTableName(tableName=TB_CALENDARIO) - start
02:06:18.626 [main] DEBUG org.dbunit.dataset.OrderedTableNameMap - getTableName(tableName=TB_CALENDARIO) - end - result=TB_CALENDARIO
02:06:18.626 [main] DEBUG org.dbunit.dataset.AbstractTableMetaData - getColumnIndex(columnName=ID_CALENDARIO) - start
02:06:18.626 [main] DEBUG org.dbunit.dataset.AbstractTableMetaData - getColumnIndex(columnName=DATA_INICIO) - start
02:06:18.626 [main] DEBUG org.dbunit.dataset.AbstractTableMetaData - getColumnIndex(columnName=DATA_FIM) - start
02:06:18.626 [main] DEBUG org.dbunit.dataset.AbstractTableMetaData - getColumnIndex(columnName=HORAS_TOTAIS) - start
02:06:18.626 [main] DEBUG org.dbunit.dataset.xml.FlatXmlProducer - endElement(uri=, localName=, qName=TB_CALENDARIO) - start
02:06:18.626 [main] DEBUG org.dbunit.dataset.xml.FlatXmlProducer - startElement(uri=, localName=, qName=TB_CALENDARIO, attributes=com.sun.org.apache.xerces.internal.parsers.AbstractSAXParser$AttributesProxy@431f1eaf) - start
02:06:18.626 [main] DEBUG org.dbunit.dataset.OrderedTableNameMap - getLastTableName() - start
02:06:18.626 [main] DEBUG org.dbunit.dataset.OrderedTableNameMap - getTableName(tableName=TB_CALENDARIO) - start
02:06:18.626 [main] DEBUG org.dbunit.dataset.OrderedTableNameMap - getTableName(tableName=TB_CALENDARIO) - end - result=TB_CALENDARIO
02:06:18.626 [main] DEBUG org.dbunit.dataset.OrderedTableNameMap - isLastTable(tableName=TB_CALENDARIO) - start
02:06:18.626 [main] DEBUG org.dbunit.dataset.OrderedTableNameMap - getLastTableName() - start
02:06:18.626 [main] DEBUG org.dbunit.dataset.OrderedTableNameMap - getTableName(tableName=TB_CALENDARIO) - start
02:06:18.626 [main] DEBUG org.dbunit.dataset.OrderedTableNameMap - getTableName(tableName=TB_CALENDARIO) - end - result=TB_CALENDARIO
02:06:18.626 [main] DEBUG org.dbunit.dataset.OrderedTableNameMap - getTableName(tableName=TB_CALENDARIO) - start
02:06:18.626 [main] DEBUG org.dbunit.dataset.OrderedTableNameMap - getTableName(tableName=TB_CALENDARIO) - end - result=TB_CALENDARIO
02:06:18.626 [main] DEBUG org.dbunit.dataset.OrderedTableNameMap - getLastTableName() - start
02:06:18.626 [main] DEBUG org.dbunit.dataset.OrderedTableNameMap - getTableName(tableName=TB_CALENDARIO) - start
02:06:18.626 [main] DEBUG org.dbunit.dataset.OrderedTableNameMap - getTableName(tableName=TB_CALENDARIO) - end - result=TB_CALENDARIO
02:06:18.626 [main] DEBUG org.dbunit.dataset.AbstractTableMetaData - getColumnIndex(columnName=ID_CALENDARIO) - start
02:06:18.626 [main] DEBUG org.dbunit.dataset.AbstractTableMetaData - getColumnIndex(columnName=DATA_INICIO) - start
02:06:18.626 [main] DEBUG org.dbunit.dataset.AbstractTableMetaData - getColumnIndex(columnName=DATA_FIM) - start
02:06:18.626 [main] DEBUG org.dbunit.dataset.AbstractTableMetaData - getColumnIndex(columnName=HORAS_TOTAIS) - start
02:06:18.626 [main] DEBUG org.dbunit.dataset.OrderedTableNameMap - getLastTableName() - start
02:06:18.626 [main] DEBUG org.dbunit.dataset.OrderedTableNameMap - getTableName(tableName=TB_CALENDARIO) - start
02:06:18.626 [main] DEBUG org.dbunit.dataset.OrderedTableNameMap - getTableName(tableName=TB_CALENDARIO) - end - result=TB_CALENDARIO
02:06:18.626 [main] DEBUG org.dbunit.dataset.AbstractTableMetaData - getColumnIndex(columnName=ID_CALENDARIO) - start
02:06:18.626 [main] DEBUG org.dbunit.dataset.AbstractTableMetaData - getColumnIndex(columnName=DATA_INICIO) - start
02:06:18.626 [main] DEBUG org.dbunit.dataset.AbstractTableMetaData - getColumnIndex(columnName=DATA_FIM) - start
02:06:18.626 [main] DEBUG org.dbunit.dataset.AbstractTableMetaData - getColumnIndex(columnName=HORAS_TOTAIS) - start
02:06:18.626 [main] DEBUG org.dbunit.dataset.xml.FlatXmlProducer - endElement(uri=, localName=, qName=TB_CALENDARIO) - start
02:06:18.626 [main] DEBUG org.dbunit.dataset.xml.FlatXmlProducer - startElement(uri=, localName=, qName=TB_PROJETO, attributes=com.sun.org.apache.xerces.internal.parsers.AbstractSAXParser$AttributesProxy@431f1eaf) - start
02:06:18.626 [main] DEBUG org.dbunit.dataset.OrderedTableNameMap - getLastTableName() - start
02:06:18.626 [main] DEBUG org.dbunit.dataset.OrderedTableNameMap - getTableName(tableName=TB_CALENDARIO) - start
02:06:18.626 [main] DEBUG org.dbunit.dataset.OrderedTableNameMap - getTableName(tableName=TB_CALENDARIO) - end - result=TB_CALENDARIO
02:06:18.626 [main] DEBUG org.dbunit.dataset.OrderedTableNameMap - isLastTable(tableName=TB_PROJETO) - start
02:06:18.626 [main] DEBUG org.dbunit.dataset.OrderedTableNameMap - getLastTableName() - start
02:06:18.626 [main] DEBUG org.dbunit.dataset.OrderedTableNameMap - getTableName(tableName=TB_CALENDARIO) - start
02:06:18.626 [main] DEBUG org.dbunit.dataset.OrderedTableNameMap - getTableName(tableName=TB_CALENDARIO) - end - result=TB_CALENDARIO
02:06:18.626 [main] DEBUG org.dbunit.dataset.OrderedTableNameMap - getTableName(tableName=TB_PROJETO) - start
02:06:18.626 [main] DEBUG org.dbunit.dataset.OrderedTableNameMap - getTableName(tableName=TB_PROJETO) - end - result=TB_PROJETO
02:06:18.626 [main] DEBUG org.dbunit.dataset.OrderedTableNameMap - getTableName(tableName=TB_PROJETO) - start
02:06:18.626 [main] DEBUG org.dbunit.dataset.OrderedTableNameMap - getTableName(tableName=TB_PROJETO) - end - result=TB_PROJETO
02:06:18.626 [main] DEBUG org.dbunit.dataset.OrderedTableNameMap - getTableName(tableName=TB_PROJETO) - start
02:06:18.626 [main] DEBUG org.dbunit.dataset.OrderedTableNameMap - getTableName(tableName=TB_PROJETO) - end - result=TB_PROJETO
02:06:18.626 [main] DEBUG org.dbunit.dataset.OrderedTableNameMap - setLastTable(nameTB_PROJETO) - start
02:06:18.626 [main] DEBUG org.dbunit.dataset.OrderedTableNameMap - getTableName(tableName=TB_PROJETO) - start
02:06:18.626 [main] DEBUG org.dbunit.dataset.OrderedTableNameMap - getTableName(tableName=TB_PROJETO) - end - result=TB_PROJETO
02:06:18.626 [main] DEBUG org.dbunit.dataset.OrderedTableNameMap - getLastTableName() - start
02:06:18.626 [main] DEBUG org.dbunit.dataset.OrderedTableNameMap - getTableName(tableName=TB_PROJETO) - start
02:06:18.626 [main] DEBUG org.dbunit.dataset.OrderedTableNameMap - getTableName(tableName=TB_PROJETO) - end - result=TB_PROJETO
02:06:18.626 [main] DEBUG org.dbunit.dataset.AbstractTableMetaData - getColumnIndex(columnName=ID_PROJETO) - start
02:06:18.626 [main] DEBUG org.dbunit.dataset.AbstractTableMetaData - getColumnIndex(columnName=ID_CALENDARIO) - start
02:06:18.626 [main] DEBUG org.dbunit.dataset.xml.FlatXmlProducer - Column sensing enabled. Will create a new metaData with potentially new columns if needed
02:06:18.626 [main] DEBUG org.dbunit.dataset.Columns - getColumns(columnNames=[], columns=[(ID_PROJETO, UNKNOWN, nullableUnknown), (NOME_PROJETO, UNKNOWN, nullableUnknown), (DESCRICAO_PROJETO, UNKNOWN, nullableUnknown), (ID_CLIENTE, UNKNOWN, nullableUnknown), (ID_CALENDARIO, UNKNOWN, nullableUnknown)]) - start
02:06:18.626 [main] DEBUG org.dbunit.dataset.OrderedTableNameMap - update(tableName=TB_PROJETO, object=tableName=TB_PROJETO, columns=[(ID_PROJETO, UNKNOWN, nullableUnknown), (NOME_PROJETO, UNKNOWN, nullableUnknown), (DESCRICAO_PROJETO, UNKNOWN, nullableUnknown), (ID_CLIENTE, UNKNOWN, nullableUnknown), (ID_CALENDARIO, UNKNOWN, nullableUnknown)], keys=[]) - start
02:06:18.626 [main] DEBUG org.dbunit.dataset.OrderedTableNameMap - getTableName(tableName=TB_PROJETO) - start
02:06:18.626 [main] DEBUG org.dbunit.dataset.OrderedTableNameMap - getTableName(tableName=TB_PROJETO) - end - result=TB_PROJETO
02:06:18.626 [main] DEBUG org.dbunit.dataset.OrderedTableNameMap - getTableName(tableName=TB_PROJETO) - start
02:06:18.626 [main] DEBUG org.dbunit.dataset.OrderedTableNameMap - getTableName(tableName=TB_PROJETO) - end - result=TB_PROJETO
02:06:18.626 [main] DEBUG org.dbunit.dataset.OrderedTableNameMap - getLastTableName() - start
02:06:18.626 [main] DEBUG org.dbunit.dataset.OrderedTableNameMap - getTableName(tableName=TB_PROJETO) - start
02:06:18.626 [main] DEBUG org.dbunit.dataset.OrderedTableNameMap - getTableName(tableName=TB_PROJETO) - end - result=TB_PROJETO
02:06:18.626 [main] DEBUG org.dbunit.dataset.AbstractTableMetaData - getColumnIndex(columnName=ID_PROJETO) - start
02:06:18.626 [main] DEBUG org.dbunit.dataset.AbstractTableMetaData - getColumnIndex(columnName=ID_CALENDARIO) - start
02:06:18.626 [main] DEBUG org.dbunit.dataset.xml.FlatXmlProducer - endElement(uri=, localName=, qName=TB_PROJETO) - start
02:06:18.626 [main] DEBUG org.dbunit.dataset.xml.FlatXmlProducer - startElement(uri=, localName=, qName=TB_PROJETO, attributes=com.sun.org.apache.xerces.internal.parsers.AbstractSAXParser$AttributesProxy@431f1eaf) - start
02:06:18.626 [main] DEBUG org.dbunit.dataset.OrderedTableNameMap - getLastTableName() - start
02:06:18.626 [main] DEBUG org.dbunit.dataset.OrderedTableNameMap - getTableName(tableName=TB_PROJETO) - start
02:06:18.626 [main] DEBUG org.dbunit.dataset.OrderedTableNameMap - getTableName(tableName=TB_PROJETO) - end - result=TB_PROJETO
02:06:18.626 [main] DEBUG org.dbunit.dataset.OrderedTableNameMap - isLastTable(tableName=TB_PROJETO) - start
02:06:18.626 [main] DEBUG org.dbunit.dataset.OrderedTableNameMap - getLastTableName() - start
02:06:18.626 [main] DEBUG org.dbunit.dataset.OrderedTableNameMap - getTableName(tableName=TB_PROJETO) - start
02:06:18.626 [main] DEBUG org.dbunit.dataset.OrderedTableNameMap - getTableName(tableName=TB_PROJETO) - end - result=TB_PROJETO
02:06:18.626 [main] DEBUG org.dbunit.dataset.OrderedTableNameMap - getTableName(tableName=TB_PROJETO) - start
02:06:18.626 [main] DEBUG org.dbunit.dataset.OrderedTableNameMap - getTableName(tableName=TB_PROJETO) - end - result=TB_PROJETO
02:06:18.626 [main] DEBUG org.dbunit.dataset.OrderedTableNameMap - getLastTableName() - start
02:06:18.626 [main] DEBUG org.dbunit.dataset.OrderedTableNameMap - getTableName(tableName=TB_PROJETO) - start
02:06:18.626 [main] DEBUG org.dbunit.dataset.OrderedTableNameMap - getTableName(tableName=TB_PROJETO) - end - result=TB_PROJETO
02:06:18.626 [main] DEBUG org.dbunit.dataset.AbstractTableMetaData - getColumnIndex(columnName=ID_PROJETO) - start
02:06:18.626 [main] DEBUG org.dbunit.dataset.AbstractTableMetaData - getColumnIndex(columnName=ID_CALENDARIO) - start
02:06:18.626 [main] DEBUG org.dbunit.dataset.OrderedTableNameMap - getLastTableName() - start
02:06:18.626 [main] DEBUG org.dbunit.dataset.OrderedTableNameMap - getTableName(tableName=TB_PROJETO) - start
02:06:18.626 [main] DEBUG org.dbunit.dataset.OrderedTableNameMap - getTableName(tableName=TB_PROJETO) - end - result=TB_PROJETO
02:06:18.626 [main] DEBUG org.dbunit.dataset.AbstractTableMetaData - getColumnIndex(columnName=ID_PROJETO) - start
02:06:18.626 [main] DEBUG org.dbunit.dataset.AbstractTableMetaData - getColumnIndex(columnName=ID_CALENDARIO) - start
02:06:18.626 [main] DEBUG org.dbunit.dataset.xml.FlatXmlProducer - endElement(uri=, localName=, qName=TB_PROJETO) - start
02:06:18.626 [main] DEBUG org.dbunit.dataset.xml.FlatXmlProducer - startElement(uri=, localName=, qName=TB_DOCUMENTO, attributes=com.sun.org.apache.xerces.internal.parsers.AbstractSAXParser$AttributesProxy@431f1eaf) - start
02:06:18.626 [main] DEBUG org.dbunit.dataset.OrderedTableNameMap - getLastTableName() - start
02:06:18.626 [main] DEBUG org.dbunit.dataset.OrderedTableNameMap - getTableName(tableName=TB_PROJETO) - start
02:06:18.626 [main] DEBUG org.dbunit.dataset.OrderedTableNameMap - getTableName(tableName=TB_PROJETO) - end - result=TB_PROJETO
02:06:18.626 [main] DEBUG org.dbunit.dataset.OrderedTableNameMap - isLastTable(tableName=TB_DOCUMENTO) - start
02:06:18.626 [main] DEBUG org.dbunit.dataset.OrderedTableNameMap - getLastTableName() - start
02:06:18.626 [main] DEBUG org.dbunit.dataset.OrderedTableNameMap - getTableName(tableName=TB_PROJETO) - start
02:06:18.626 [main] DEBUG org.dbunit.dataset.OrderedTableNameMap - getTableName(tableName=TB_PROJETO) - end - result=TB_PROJETO
02:06:18.626 [main] DEBUG org.dbunit.dataset.OrderedTableNameMap - getTableName(tableName=TB_DOCUMENTO) - start
02:06:18.626 [main] DEBUG org.dbunit.dataset.OrderedTableNameMap - getTableName(tableName=TB_DOCUMENTO) - end - result=TB_DOCUMENTO
02:06:18.626 [main] DEBUG org.dbunit.dataset.OrderedTableNameMap - getTableName(tableName=TB_DOCUMENTO) - start
02:06:18.626 [main] DEBUG org.dbunit.dataset.OrderedTableNameMap - getTableName(tableName=TB_DOCUMENTO) - end - result=TB_DOCUMENTO
02:06:18.626 [main] DEBUG org.dbunit.dataset.xml.FlatXmlProducer - createTableMetaData(tableName=TB_DOCUMENTO, attributes=com.sun.org.apache.xerces.internal.parsers.AbstractSAXParser$AttributesProxy@431f1eaf) - start
02:06:18.626 [main] DEBUG org.dbunit.dataset.Columns - getColumns(columnNames=[], columns=[(ID_DOCUMENTO, UNKNOWN, nullableUnknown), (TITULO_DOCUMENTO, UNKNOWN, nullableUnknown), (TIPO_DOCUMENTO, UNKNOWN, nullableUnknown), (DATA_CRIACAO_DOCUMENTO, UNKNOWN, nullableUnknown), (AUTOR_DOCUMENTO, UNKNOWN, nullableUnknown), (CAMINHO_ARQUIVO_DOCUMENTO, UNKNOWN, nullableUnknown), (ID_PROJETO, UNKNOWN, nullableUnknown)]) - start
02:06:18.626 [main] DEBUG org.dbunit.dataset.OrderedTableNameMap - add(tableName=TB_DOCUMENTO, object=tableName=TB_DOCUMENTO, columns=[(ID_DOCUMENTO, UNKNOWN, nullableUnknown), (TITULO_DOCUMENTO, UNKNOWN, nullableUnknown), (TIPO_DOCUMENTO, UNKNOWN, nullableUnknown), (DATA_CRIACAO_DOCUMENTO, UNKNOWN, nullableUnknown), (AUTOR_DOCUMENTO, UNKNOWN, nullableUnknown), (CAMINHO_ARQUIVO_DOCUMENTO, UNKNOWN, nullableUnknown), (ID_PROJETO, UNKNOWN, nullableUnknown)], keys=[]) - start
02:06:18.626 [main] DEBUG org.dbunit.dataset.OrderedTableNameMap - getTableName(tableName=TB_DOCUMENTO) - start
02:06:18.626 [main] DEBUG org.dbunit.dataset.OrderedTableNameMap - getTableName(tableName=TB_DOCUMENTO) - end - result=TB_DOCUMENTO
02:06:18.626 [main] DEBUG org.dbunit.dataset.OrderedTableNameMap - getTableName(tableName=TB_DOCUMENTO) - start
02:06:18.626 [main] DEBUG org.dbunit.dataset.OrderedTableNameMap - getTableName(tableName=TB_DOCUMENTO) - end - result=TB_DOCUMENTO
02:06:18.626 [main] DEBUG org.dbunit.dataset.OrderedTableNameMap - getLastTableName() - start
02:06:18.626 [main] DEBUG org.dbunit.dataset.OrderedTableNameMap - getTableName(tableName=TB_DOCUMENTO) - start
02:06:18.626 [main] DEBUG org.dbunit.dataset.OrderedTableNameMap - getTableName(tableName=TB_DOCUMENTO) - end - result=TB_DOCUMENTO
02:06:18.626 [main] DEBUG org.dbunit.dataset.AbstractTableMetaData - getColumnIndex(columnName=ID_DOCUMENTO) - start
02:06:18.626 [main] DEBUG org.dbunit.dataset.AbstractTableMetaData - getColumnIndex(columnName=TITULO_DOCUMENTO) - start
02:06:18.626 [main] DEBUG org.dbunit.dataset.AbstractTableMetaData - getColumnIndex(columnName=TIPO_DOCUMENTO) - start
02:06:18.626 [main] DEBUG org.dbunit.dataset.AbstractTableMetaData - getColumnIndex(columnName=DATA_CRIACAO_DOCUMENTO) - start
02:06:18.626 [main] DEBUG org.dbunit.dataset.AbstractTableMetaData - getColumnIndex(columnName=AUTOR_DOCUMENTO) - start
02:06:18.626 [main] DEBUG org.dbunit.dataset.AbstractTableMetaData - getColumnIndex(columnName=CAMINHO_ARQUIVO_DOCUMENTO) - start
02:06:18.626 [main] DEBUG org.dbunit.dataset.AbstractTableMetaData - getColumnIndex(columnName=ID_PROJETO) - start
02:06:18.626 [main] DEBUG org.dbunit.dataset.OrderedTableNameMap - getLastTableName() - start
02:06:18.626 [main] DEBUG org.dbunit.dataset.OrderedTableNameMap - getTableName(tableName=TB_DOCUMENTO) - start
02:06:18.626 [main] DEBUG org.dbunit.dataset.OrderedTableNameMap - getTableName(tableName=TB_DOCUMENTO) - end - result=TB_DOCUMENTO
02:06:18.626 [main] DEBUG org.dbunit.dataset.AbstractTableMetaData - getColumnIndex(columnName=ID_DOCUMENTO) - start
02:06:18.626 [main] DEBUG org.dbunit.dataset.AbstractTableMetaData - getColumnIndex(columnName=TITULO_DOCUMENTO) - start
02:06:18.626 [main] DEBUG org.dbunit.dataset.AbstractTableMetaData - getColumnIndex(columnName=TIPO_DOCUMENTO) - start
02:06:18.626 [main] DEBUG org.dbunit.dataset.AbstractTableMetaData - getColumnIndex(columnName=DATA_CRIACAO_DOCUMENTO) - start
02:06:18.626 [main] DEBUG org.dbunit.dataset.AbstractTableMetaData - getColumnIndex(columnName=AUTOR_DOCUMENTO) - start
02:06:18.626 [main] DEBUG org.dbunit.dataset.AbstractTableMetaData - getColumnIndex(columnName=CAMINHO_ARQUIVO_DOCUMENTO) - start
02:06:18.626 [main] DEBUG org.dbunit.dataset.AbstractTableMetaData - getColumnIndex(columnName=ID_PROJETO) - start
02:06:18.626 [main] DEBUG org.dbunit.dataset.xml.FlatXmlProducer - endElement(uri=, localName=, qName=TB_DOCUMENTO) - start
02:06:18.626 [main] DEBUG org.dbunit.dataset.xml.FlatXmlProducer - startElement(uri=, localName=, qName=TB_DOCUMENTO, attributes=com.sun.org.apache.xerces.internal.parsers.AbstractSAXParser$AttributesProxy@431f1eaf) - start
02:06:18.626 [main] DEBUG org.dbunit.dataset.OrderedTableNameMap - getLastTableName() - start
02:06:18.626 [main] DEBUG org.dbunit.dataset.OrderedTableNameMap - getTableName(tableName=TB_DOCUMENTO) - start
02:06:18.626 [main] DEBUG org.dbunit.dataset.OrderedTableNameMap - getTableName(tableName=TB_DOCUMENTO) - end - result=TB_DOCUMENTO
02:06:18.626 [main] DEBUG org.dbunit.dataset.OrderedTableNameMap - isLastTable(tableName=TB_DOCUMENTO) - start
02:06:18.626 [main] DEBUG org.dbunit.dataset.OrderedTableNameMap - getLastTableName() - start
02:06:18.626 [main] DEBUG org.dbunit.dataset.OrderedTableNameMap - getTableName(tableName=TB_DOCUMENTO) - start
02:06:18.626 [main] DEBUG org.dbunit.dataset.OrderedTableNameMap - getTableName(tableName=TB_DOCUMENTO) - end - result=TB_DOCUMENTO
02:06:18.626 [main] DEBUG org.dbunit.dataset.OrderedTableNameMap - getTableName(tableName=TB_DOCUMENTO) - start
02:06:18.626 [main] DEBUG org.dbunit.dataset.OrderedTableNameMap - getTableName(tableName=TB_DOCUMENTO) - end - result=TB_DOCUMENTO
02:06:18.626 [main] DEBUG org.dbunit.dataset.OrderedTableNameMap - getLastTableName() - start
02:06:18.626 [main] DEBUG org.dbunit.dataset.OrderedTableNameMap - getTableName(tableName=TB_DOCUMENTO) - start
02:06:18.626 [main] DEBUG org.dbunit.dataset.OrderedTableNameMap - getTableName(tableName=TB_DOCUMENTO) - end - result=TB_DOCUMENTO
02:06:18.627 [main] DEBUG org.dbunit.dataset.AbstractTableMetaData - getColumnIndex(columnName=ID_DOCUMENTO) - start
02:06:18.627 [main] DEBUG org.dbunit.dataset.AbstractTableMetaData - getColumnIndex(columnName=TITULO_DOCUMENTO) - start
02:06:18.627 [main] DEBUG org.dbunit.dataset.AbstractTableMetaData - getColumnIndex(columnName=TIPO_DOCUMENTO) - start
02:06:18.627 [main] DEBUG org.dbunit.dataset.AbstractTableMetaData - getColumnIndex(columnName=DATA_CRIACAO_DOCUMENTO) - start
02:06:18.627 [main] DEBUG org.dbunit.dataset.AbstractTableMetaData - getColumnIndex(columnName=AUTOR_DOCUMENTO) - start
02:06:18.627 [main] DEBUG org.dbunit.dataset.AbstractTableMetaData - getColumnIndex(columnName=CAMINHO_ARQUIVO_DOCUMENTO) - start
02:06:18.627 [main] DEBUG org.dbunit.dataset.AbstractTableMetaData - getColumnIndex(columnName=ID_PROJETO) - start
02:06:18.627 [main] DEBUG org.dbunit.dataset.OrderedTableNameMap - getLastTableName() - start
02:06:18.627 [main] DEBUG org.dbunit.dataset.OrderedTableNameMap - getTableName(tableName=TB_DOCUMENTO) - start
02:06:18.627 [main] DEBUG org.dbunit.dataset.OrderedTableNameMap - getTableName(tableName=TB_DOCUMENTO) - end - result=TB_DOCUMENTO
02:06:18.627 [main] DEBUG org.dbunit.dataset.AbstractTableMetaData - getColumnIndex(columnName=ID_DOCUMENTO) - start
02:06:18.627 [main] DEBUG org.dbunit.dataset.AbstractTableMetaData - getColumnIndex(columnName=TITULO_DOCUMENTO) - start
02:06:18.627 [main] DEBUG org.dbunit.dataset.AbstractTableMetaData - getColumnIndex(columnName=TIPO_DOCUMENTO) - start
02:06:18.627 [main] DEBUG org.dbunit.dataset.AbstractTableMetaData - getColumnIndex(columnName=DATA_CRIACAO_DOCUMENTO) - start
02:06:18.627 [main] DEBUG org.dbunit.dataset.AbstractTableMetaData - getColumnIndex(columnName=AUTOR_DOCUMENTO) - start
02:06:18.627 [main] DEBUG org.dbunit.dataset.AbstractTableMetaData - getColumnIndex(columnName=CAMINHO_ARQUIVO_DOCUMENTO) - start
02:06:18.627 [main] DEBUG org.dbunit.dataset.AbstractTableMetaData - getColumnIndex(columnName=ID_PROJETO) - start
02:06:18.627 [main] DEBUG org.dbunit.dataset.xml.FlatXmlProducer - endElement(uri=, localName=, qName=TB_DOCUMENTO) - start
02:06:18.627 [main] DEBUG org.dbunit.dataset.xml.FlatXmlProducer - startElement(uri=, localName=, qName=TB_RECURSO, attributes=com.sun.org.apache.xerces.internal.parsers.AbstractSAXParser$AttributesProxy@431f1eaf) - start
02:06:18.627 [main] DEBUG org.dbunit.dataset.OrderedTableNameMap - getLastTableName() - start
02:06:18.627 [main] DEBUG org.dbunit.dataset.OrderedTableNameMap - getTableName(tableName=TB_DOCUMENTO) - start
02:06:18.627 [main] DEBUG org.dbunit.dataset.OrderedTableNameMap - getTableName(tableName=TB_DOCUMENTO) - end - result=TB_DOCUMENTO
02:06:18.627 [main] DEBUG org.dbunit.dataset.OrderedTableNameMap - isLastTable(tableName=TB_RECURSO) - start
02:06:18.627 [main] DEBUG org.dbunit.dataset.OrderedTableNameMap - getLastTableName() - start
02:06:18.627 [main] DEBUG org.dbunit.dataset.OrderedTableNameMap - getTableName(tableName=TB_DOCUMENTO) - start
02:06:18.627 [main] DEBUG org.dbunit.dataset.OrderedTableNameMap - getTableName(tableName=TB_DOCUMENTO) - end - result=TB_DOCUMENTO
02:06:18.627 [main] DEBUG org.dbunit.dataset.OrderedTableNameMap - getTableName(tableName=TB_RECURSO) - start
02:06:18.627 [main] DEBUG org.dbunit.dataset.OrderedTableNameMap - getTableName(tableName=TB_RECURSO) - end - result=TB_RECURSO
02:06:18.627 [main] DEBUG org.dbunit.dataset.OrderedTableNameMap - getTableName(tableName=TB_RECURSO) - start
02:06:18.627 [main] DEBUG org.dbunit.dataset.OrderedTableNameMap - getTableName(tableName=TB_RECURSO) - end - result=TB_RECURSO
02:06:18.627 [main] DEBUG org.dbunit.dataset.xml.FlatXmlProducer - createTableMetaData(tableName=TB_RECURSO, attributes=com.sun.org.apache.xerces.internal.parsers.AbstractSAXParser$AttributesProxy@431f1eaf) - start
02:06:18.627 [main] DEBUG org.dbunit.dataset.Columns - getColumns(columnNames=[], columns=[(ID_RECURSO, UNKNOWN, nullableUnknown), (NOME_RECURSO, UNKNOWN, nullableUnknown), (TIPO_RECURSO, UNKNOWN, nullableUnknown), (QUANTIDADE_RECURSO, UNKNOWN, nullableUnknown), (CUSTO_RECURSO, UNKNOWN, nullableUnknown), (ID_PROJETO, UNKNOWN, nullableUnknown)]) - start
02:06:18.627 [main] DEBUG org.dbunit.dataset.OrderedTableNameMap - add(tableName=TB_RECURSO, object=tableName=TB_RECURSO, columns=[(ID_RECURSO, UNKNOWN, nullableUnknown), (NOME_RECURSO, UNKNOWN, nullableUnknown), (TIPO_RECURSO, UNKNOWN, nullableUnknown), (QUANTIDADE_RECURSO, UNKNOWN, nullableUnknown), (CUSTO_RECURSO, UNKNOWN, nullableUnknown), (ID_PROJETO, UNKNOWN, nullableUnknown)], keys=[]) - start
02:06:18.627 [main] DEBUG org.dbunit.dataset.OrderedTableNameMap - getTableName(tableName=TB_RECURSO) - start
02:06:18.627 [main] DEBUG org.dbunit.dataset.OrderedTableNameMap - getTableName(tableName=TB_RECURSO) - end - result=TB_RECURSO
02:06:18.627 [main] DEBUG org.dbunit.dataset.OrderedTableNameMap - getTableName(tableName=TB_RECURSO) - start
02:06:18.627 [main] DEBUG org.dbunit.dataset.OrderedTableNameMap - getTableName(tableName=TB_RECURSO) - end - result=TB_RECURSO
02:06:18.627 [main] DEBUG org.dbunit.dataset.OrderedTableNameMap - getLastTableName() - start
02:06:18.627 [main] DEBUG org.dbunit.dataset.OrderedTableNameMap - getTableName(tableName=TB_RECURSO) - start
02:06:18.627 [main] DEBUG org.dbunit.dataset.OrderedTableNameMap - getTableName(tableName=TB_RECURSO) - end - result=TB_RECURSO
02:06:18.627 [main] DEBUG org.dbunit.dataset.AbstractTableMetaData - getColumnIndex(columnName=ID_RECURSO) - start
02:06:18.627 [main] DEBUG org.dbunit.dataset.AbstractTableMetaData - getColumnIndex(columnName=NOME_RECURSO) - start
02:06:18.627 [main] DEBUG org.dbunit.dataset.AbstractTableMetaData - getColumnIndex(columnName=TIPO_RECURSO) - start
02:06:18.627 [main] DEBUG org.dbunit.dataset.AbstractTableMetaData - getColumnIndex(columnName=QUANTIDADE_RECURSO) - start
02:06:18.627 [main] DEBUG org.dbunit.dataset.AbstractTableMetaData - getColumnIndex(columnName=CUSTO_RECURSO) - start
02:06:18.627 [main] DEBUG org.dbunit.dataset.AbstractTableMetaData - getColumnIndex(columnName=ID_PROJETO) - start
02:06:18.627 [main] DEBUG org.dbunit.dataset.OrderedTableNameMap - getLastTableName() - start
02:06:18.627 [main] DEBUG org.dbunit.dataset.OrderedTableNameMap - getTableName(tableName=TB_RECURSO) - start
02:06:18.627 [main] DEBUG org.dbunit.dataset.OrderedTableNameMap - getTableName(tableName=TB_RECURSO) - end - result=TB_RECURSO
02:06:18.627 [main] DEBUG org.dbunit.dataset.AbstractTableMetaData - getColumnIndex(columnName=ID_RECURSO) - start
02:06:18.627 [main] DEBUG org.dbunit.dataset.AbstractTableMetaData - getColumnIndex(columnName=NOME_RECURSO) - start
02:06:18.627 [main] DEBUG org.dbunit.dataset.AbstractTableMetaData - getColumnIndex(columnName=TIPO_RECURSO) - start
02:06:18.627 [main] DEBUG org.dbunit.dataset.AbstractTableMetaData - getColumnIndex(columnName=QUANTIDADE_RECURSO) - start
02:06:18.627 [main] DEBUG org.dbunit.dataset.AbstractTableMetaData - getColumnIndex(columnName=CUSTO_RECURSO) - start
02:06:18.627 [main] DEBUG org.dbunit.dataset.AbstractTableMetaData - getColumnIndex(columnName=ID_PROJETO) - start
02:06:18.627 [main] DEBUG org.dbunit.dataset.xml.FlatXmlProducer - endElement(uri=, localName=, qName=TB_RECURSO) - start
02:06:18.627 [main] DEBUG org.dbunit.dataset.xml.FlatXmlProducer - startElement(uri=, localName=, qName=TB_RECURSO, attributes=com.sun.org.apache.xerces.internal.parsers.AbstractSAXParser$AttributesProxy@431f1eaf) - start
02:06:18.627 [main] DEBUG org.dbunit.dataset.OrderedTableNameMap - getLastTableName() - start
02:06:18.627 [main] DEBUG org.dbunit.dataset.OrderedTableNameMap - getTableName(tableName=TB_RECURSO) - start
02:06:18.627 [main] DEBUG org.dbunit.dataset.OrderedTableNameMap - getTableName(tableName=TB_RECURSO) - end - result=TB_RECURSO
02:06:18.627 [main] DEBUG org.dbunit.dataset.OrderedTableNameMap - isLastTable(tableName=TB_RECURSO) - start
02:06:18.627 [main] DEBUG org.dbunit.dataset.OrderedTableNameMap - getLastTableName() - start
02:06:18.627 [main] DEBUG org.dbunit.dataset.OrderedTableNameMap - getTableName(tableName=TB_RECURSO) - start
02:06:18.627 [main] DEBUG org.dbunit.dataset.OrderedTableNameMap - getTableName(tableName=TB_RECURSO) - end - result=TB_RECURSO
02:06:18.627 [main] DEBUG org.dbunit.dataset.OrderedTableNameMap - getTableName(tableName=TB_RECURSO) - start
02:06:18.627 [main] DEBUG org.dbunit.dataset.OrderedTableNameMap - getTableName(tableName=TB_RECURSO) - end - result=TB_RECURSO
02:06:18.627 [main] DEBUG org.dbunit.dataset.OrderedTableNameMap - getLastTableName() - start
02:06:18.627 [main] DEBUG org.dbunit.dataset.OrderedTableNameMap - getTableName(tableName=TB_RECURSO) - start
02:06:18.627 [main] DEBUG org.dbunit.dataset.OrderedTableNameMap - getTableName(tableName=TB_RECURSO) - end - result=TB_RECURSO
02:06:18.627 [main] DEBUG org.dbunit.dataset.AbstractTableMetaData - getColumnIndex(columnName=ID_RECURSO) - start
02:06:18.627 [main] DEBUG org.dbunit.dataset.AbstractTableMetaData - getColumnIndex(columnName=NOME_RECURSO) - start
02:06:18.627 [main] DEBUG org.dbunit.dataset.AbstractTableMetaData - getColumnIndex(columnName=TIPO_RECURSO) - start
02:06:18.627 [main] DEBUG org.dbunit.dataset.AbstractTableMetaData - getColumnIndex(columnName=QUANTIDADE_RECURSO) - start
02:06:18.627 [main] DEBUG org.dbunit.dataset.AbstractTableMetaData - getColumnIndex(columnName=CUSTO_RECURSO) - start
02:06:18.627 [main] DEBUG org.dbunit.dataset.AbstractTableMetaData - getColumnIndex(columnName=ID_PROJETO) - start
02:06:18.627 [main] DEBUG org.dbunit.dataset.OrderedTableNameMap - getLastTableName() - start
02:06:18.627 [main] DEBUG org.dbunit.dataset.OrderedTableNameMap - getTableName(tableName=TB_RECURSO) - start
02:06:18.627 [main] DEBUG org.dbunit.dataset.OrderedTableNameMap - getTableName(tableName=TB_RECURSO) - end - result=TB_RECURSO
02:06:18.627 [main] DEBUG org.dbunit.dataset.AbstractTableMetaData - getColumnIndex(columnName=ID_RECURSO) - start
02:06:18.627 [main] DEBUG org.dbunit.dataset.AbstractTableMetaData - getColumnIndex(columnName=NOME_RECURSO) - start
02:06:18.627 [main] DEBUG org.dbunit.dataset.AbstractTableMetaData - getColumnIndex(columnName=TIPO_RECURSO) - start
02:06:18.627 [main] DEBUG org.dbunit.dataset.AbstractTableMetaData - getColumnIndex(columnName=QUANTIDADE_RECURSO) - start
02:06:18.627 [main] DEBUG org.dbunit.dataset.AbstractTableMetaData - getColumnIndex(columnName=CUSTO_RECURSO) - start
02:06:18.627 [main] DEBUG org.dbunit.dataset.AbstractTableMetaData - getColumnIndex(columnName=ID_PROJETO) - start
02:06:18.627 [main] DEBUG org.dbunit.dataset.xml.FlatXmlProducer - endElement(uri=, localName=, qName=TB_RECURSO) - start
02:06:18.627 [main] DEBUG org.dbunit.dataset.xml.FlatXmlProducer - startElement(uri=, localName=, qName=TB_FERIADO, attributes=com.sun.org.apache.xerces.internal.parsers.AbstractSAXParser$AttributesProxy@431f1eaf) - start
02:06:18.627 [main] DEBUG org.dbunit.dataset.OrderedTableNameMap - getLastTableName() - start
02:06:18.627 [main] DEBUG org.dbunit.dataset.OrderedTableNameMap - getTableName(tableName=TB_RECURSO) - start
02:06:18.627 [main] DEBUG org.dbunit.dataset.OrderedTableNameMap - getTableName(tableName=TB_RECURSO) - end - result=TB_RECURSO
02:06:18.627 [main] DEBUG org.dbunit.dataset.OrderedTableNameMap - isLastTable(tableName=TB_FERIADO) - start
02:06:18.627 [main] DEBUG org.dbunit.dataset.OrderedTableNameMap - getLastTableName() - start
02:06:18.627 [main] DEBUG org.dbunit.dataset.OrderedTableNameMap - getTableName(tableName=TB_RECURSO) - start
02:06:18.627 [main] DEBUG org.dbunit.dataset.OrderedTableNameMap - getTableName(tableName=TB_RECURSO) - end - result=TB_RECURSO
02:06:18.627 [main] DEBUG org.dbunit.dataset.OrderedTableNameMap - getTableName(tableName=TB_FERIADO) - start
02:06:18.627 [main] DEBUG org.dbunit.dataset.OrderedTableNameMap - getTableName(tableName=TB_FERIADO) - end - result=TB_FERIADO
02:06:18.627 [main] DEBUG org.dbunit.dataset.OrderedTableNameMap - getTableName(tableName=TB_FERIADO) - start
02:06:18.627 [main] DEBUG org.dbunit.dataset.OrderedTableNameMap - getTableName(tableName=TB_FERIADO) - end - result=TB_FERIADO
02:06:18.627 [main] DEBUG org.dbunit.dataset.xml.FlatXmlProducer - createTableMetaData(tableName=TB_FERIADO, attributes=com.sun.org.apache.xerces.internal.parsers.AbstractSAXParser$AttributesProxy@431f1eaf) - start
02:06:18.627 [main] DEBUG org.dbunit.dataset.Columns - getColumns(columnNames=[], columns=[(ID_FERIADO, UNKNOWN, nullableUnknown), (DATA_FERIADO, UNKNOWN, nullableUnknown), (NOME_FERIADO, UNKNOWN, nullableUnknown), (TIPO_FERIADO, UNKNOWN, nullableUnknown)]) - start
02:06:18.627 [main] DEBUG org.dbunit.dataset.OrderedTableNameMap - add(tableName=TB_FERIADO, object=tableName=TB_FERIADO, columns=[(ID_FERIADO, UNKNOWN, nullableUnknown), (DATA_FERIADO, UNKNOWN, nullableUnknown), (NOME_FERIADO, UNKNOWN, nullableUnknown), (TIPO_FERIADO, UNKNOWN, nullableUnknown)], keys=[]) - start
02:06:18.627 [main] DEBUG org.dbunit.dataset.OrderedTableNameMap - getTableName(tableName=TB_FERIADO) - start
02:06:18.627 [main] DEBUG org.dbunit.dataset.OrderedTableNameMap - getTableName(tableName=TB_FERIADO) - end - result=TB_FERIADO
02:06:18.627 [main] DEBUG org.dbunit.dataset.OrderedTableNameMap - getTableName(tableName=TB_FERIADO) - start
02:06:18.627 [main] DEBUG org.dbunit.dataset.OrderedTableNameMap - getTableName(tableName=TB_FERIADO) - end - result=TB_FERIADO
02:06:18.627 [main] DEBUG org.dbunit.dataset.OrderedTableNameMap - getLastTableName() - start
02:06:18.627 [main] DEBUG org.dbunit.dataset.OrderedTableNameMap - getTableName(tableName=TB_FERIADO) - start
02:06:18.627 [main] DEBUG org.dbunit.dataset.OrderedTableNameMap - getTableName(tableName=TB_FERIADO) - end - result=TB_FERIADO
02:06:18.627 [main] DEBUG org.dbunit.dataset.AbstractTableMetaData - getColumnIndex(columnName=ID_FERIADO) - start
02:06:18.627 [main] DEBUG org.dbunit.dataset.AbstractTableMetaData - getColumnIndex(columnName=DATA_FERIADO) - start
02:06:18.627 [main] DEBUG org.dbunit.dataset.AbstractTableMetaData - getColumnIndex(columnName=NOME_FERIADO) - start
02:06:18.627 [main] DEBUG org.dbunit.dataset.AbstractTableMetaData - getColumnIndex(columnName=TIPO_FERIADO) - start
02:06:18.627 [main] DEBUG org.dbunit.dataset.OrderedTableNameMap - getLastTableName() - start
02:06:18.627 [main] DEBUG org.dbunit.dataset.OrderedTableNameMap - getTableName(tableName=TB_FERIADO) - start
02:06:18.627 [main] DEBUG org.dbunit.dataset.OrderedTableNameMap - getTableName(tableName=TB_FERIADO) - end - result=TB_FERIADO
02:06:18.627 [main] DEBUG org.dbunit.dataset.AbstractTableMetaData - getColumnIndex(columnName=ID_FERIADO) - start
02:06:18.627 [main] DEBUG org.dbunit.dataset.AbstractTableMetaData - getColumnIndex(columnName=DATA_FERIADO) - start
02:06:18.627 [main] DEBUG org.dbunit.dataset.AbstractTableMetaData - getColumnIndex(columnName=NOME_FERIADO) - start
02:06:18.627 [main] DEBUG org.dbunit.dataset.AbstractTableMetaData - getColumnIndex(columnName=TIPO_FERIADO) - start
02:06:18.627 [main] DEBUG org.dbunit.dataset.xml.FlatXmlProducer - endElement(uri=, localName=, qName=TB_FERIADO) - start
02:06:18.627 [main] DEBUG org.dbunit.dataset.xml.FlatXmlProducer - startElement(uri=, localName=, qName=TB_FERIADO, attributes=com.sun.org.apache.xerces.internal.parsers.AbstractSAXParser$AttributesProxy@431f1eaf) - start
02:06:18.627 [main] DEBUG org.dbunit.dataset.OrderedTableNameMap - getLastTableName() - start
02:06:18.627 [main] DEBUG org.dbunit.dataset.OrderedTableNameMap - getTableName(tableName=TB_FERIADO) - start
02:06:18.627 [main] DEBUG org.dbunit.dataset.OrderedTableNameMap - getTableName(tableName=TB_FERIADO) - end - result=TB_FERIADO
02:06:18.627 [main] DEBUG org.dbunit.dataset.OrderedTableNameMap - isLastTable(tableName=TB_FERIADO) - start
02:06:18.627 [main] DEBUG org.dbunit.dataset.OrderedTableNameMap - getLastTableName() - start
02:06:18.627 [main] DEBUG org.dbunit.dataset.OrderedTableNameMap - getTableName(tableName=TB_FERIADO) - start
02:06:18.627 [main] DEBUG org.dbunit.dataset.OrderedTableNameMap - getTableName(tableName=TB_FERIADO) - end - result=TB_FERIADO
02:06:18.627 [main] DEBUG org.dbunit.dataset.OrderedTableNameMap - getTableName(tableName=TB_FERIADO) - start
02:06:18.627 [main] DEBUG org.dbunit.dataset.OrderedTableNameMap - getTableName(tableName=TB_FERIADO) - end - result=TB_FERIADO
02:06:18.627 [main] DEBUG org.dbunit.dataset.OrderedTableNameMap - getLastTableName() - start
02:06:18.627 [main] DEBUG org.dbunit.dataset.OrderedTableNameMap - getTableName(tableName=TB_FERIADO) - start
02:06:18.627 [main] DEBUG org.dbunit.dataset.OrderedTableNameMap - getTableName(tableName=TB_FERIADO) - end - result=TB_FERIADO
02:06:18.627 [main] DEBUG org.dbunit.dataset.AbstractTableMetaData - getColumnIndex(columnName=ID_FERIADO) - start
02:06:18.627 [main] DEBUG org.dbunit.dataset.AbstractTableMetaData - getColumnIndex(columnName=DATA_FERIADO) - start
02:06:18.627 [main] DEBUG org.dbunit.dataset.AbstractTableMetaData - getColumnIndex(columnName=NOME_FERIADO) - start
02:06:18.627 [main] DEBUG org.dbunit.dataset.AbstractTableMetaData - getColumnIndex(columnName=TIPO_FERIADO) - start
02:06:18.627 [main] DEBUG org.dbunit.dataset.OrderedTableNameMap - getLastTableName() - start
02:06:18.627 [main] DEBUG org.dbunit.dataset.OrderedTableNameMap - getTableName(tableName=TB_FERIADO) - start
02:06:18.627 [main] DEBUG org.dbunit.dataset.OrderedTableNameMap - getTableName(tableName=TB_FERIADO) - end - result=TB_FERIADO
02:06:18.627 [main] DEBUG org.dbunit.dataset.AbstractTableMetaData - getColumnIndex(columnName=ID_FERIADO) - start
02:06:18.627 [main] DEBUG org.dbunit.dataset.AbstractTableMetaData - getColumnIndex(columnName=DATA_FERIADO) - start
02:06:18.627 [main] DEBUG org.dbunit.dataset.AbstractTableMetaData - getColumnIndex(columnName=NOME_FERIADO) - start
02:06:18.627 [main] DEBUG org.dbunit.dataset.AbstractTableMetaData - getColumnIndex(columnName=TIPO_FERIADO) - start
02:06:18.627 [main] DEBUG org.dbunit.dataset.xml.FlatXmlProducer - endElement(uri=, localName=, qName=TB_FERIADO) - start
02:06:18.627 [main] DEBUG org.dbunit.dataset.xml.FlatXmlProducer - startElement(uri=, localName=, qName=TB_FORNECEDOR, attributes=com.sun.org.apache.xerces.internal.parsers.AbstractSAXParser$AttributesProxy@431f1eaf) - start
02:06:18.627 [main] DEBUG org.dbunit.dataset.OrderedTableNameMap - getLastTableName() - start
02:06:18.627 [main] DEBUG org.dbunit.dataset.OrderedTableNameMap - getTableName(tableName=TB_FERIADO) - start
02:06:18.627 [main] DEBUG org.dbunit.dataset.OrderedTableNameMap - getTableName(tableName=TB_FERIADO) - end - result=TB_FERIADO
02:06:18.627 [main] DEBUG org.dbunit.dataset.OrderedTableNameMap - isLastTable(tableName=TB_FORNECEDOR) - start
02:06:18.627 [main] DEBUG org.dbunit.dataset.OrderedTableNameMap - getLastTableName() - start
02:06:18.627 [main] DEBUG org.dbunit.dataset.OrderedTableNameMap - getTableName(tableName=TB_FERIADO) - start
02:06:18.627 [main] DEBUG org.dbunit.dataset.OrderedTableNameMap - getTableName(tableName=TB_FERIADO) - end - result=TB_FERIADO
02:06:18.627 [main] DEBUG org.dbunit.dataset.OrderedTableNameMap - getTableName(tableName=TB_FORNECEDOR) - start
02:06:18.627 [main] DEBUG org.dbunit.dataset.OrderedTableNameMap - getTableName(tableName=TB_FORNECEDOR) - end - result=TB_FORNECEDOR
02:06:18.627 [main] DEBUG org.dbunit.dataset.OrderedTableNameMap - getTableName(tableName=TB_FORNECEDOR) - start
02:06:18.627 [main] DEBUG org.dbunit.dataset.OrderedTableNameMap - getTableName(tableName=TB_FORNECEDOR) - end - result=TB_FORNECEDOR
02:06:18.627 [main] DEBUG org.dbunit.dataset.xml.FlatXmlProducer - createTableMetaData(tableName=TB_FORNECEDOR, attributes=com.sun.org.apache.xerces.internal.parsers.AbstractSAXParser$AttributesProxy@431f1eaf) - start
02:06:18.627 [main] DEBUG org.dbunit.dataset.Columns - getColumns(columnNames=[], columns=[(ID_FORNECEDOR, UNKNOWN, nullableUnknown), (NOME_FORNECEDOR, UNKNOWN, nullableUnknown), (CNPJ_FORNECEDOR, UNKNOWN, nullableUnknown), (EMAIL_FORNECEDOR, UNKNOWN, nullableUnknown), (TIPO_FORNECEDOR, UNKNOWN, nullableUnknown), (TIPO_STATUS, UNKNOWN, nullableUnknown), (DESCRICAO, UNKNOWN, nullableUnknown), (DATA_CADASTRO, UNKNOWN, nullableUnknown)]) - start
02:06:18.627 [main] DEBUG org.dbunit.dataset.OrderedTableNameMap - add(tableName=TB_FORNECEDOR, object=tableName=TB_FORNECEDOR, columns=[(ID_FORNECEDOR, UNKNOWN, nullableUnknown), (NOME_FORNECEDOR, UNKNOWN, nullableUnknown), (CNPJ_FORNECEDOR, UNKNOWN, nullableUnknown), (EMAIL_FORNECEDOR, UNKNOWN, nullableUnknown), (TIPO_FORNECEDOR, UNKNOWN, nullableUnknown), (TIPO_STATUS, UNKNOWN, nullableUnknown), (DESCRICAO, UNKNOWN, nullableUnknown), (DATA_CADASTRO, UNKNOWN, nullableUnknown)], keys=[]) - start
02:06:18.627 [main] DEBUG org.dbunit.dataset.OrderedTableNameMap - getTableName(tableName=TB_FORNECEDOR) - start
02:06:18.627 [main] DEBUG org.dbunit.dataset.OrderedTableNameMap - getTableName(tableName=TB_FORNECEDOR) - end - result=TB_FORNECEDOR
02:06:18.627 [main] DEBUG org.dbunit.dataset.OrderedTableNameMap - getTableName(tableName=TB_FORNECEDOR) - start
02:06:18.627 [main] DEBUG org.dbunit.dataset.OrderedTableNameMap - getTableName(tableName=TB_FORNECEDOR) - end - result=TB_FORNECEDOR
02:06:18.627 [main] DEBUG org.dbunit.dataset.OrderedTableNameMap - getLastTableName() - start
02:06:18.627 [main] DEBUG org.dbunit.dataset.OrderedTableNameMap - getTableName(tableName=TB_FORNECEDOR) - start
02:06:18.627 [main] DEBUG org.dbunit.dataset.OrderedTableNameMap - getTableName(tableName=TB_FORNECEDOR) - end - result=TB_FORNECEDOR
02:06:18.627 [main] DEBUG org.dbunit.dataset.AbstractTableMetaData - getColumnIndex(columnName=ID_FORNECEDOR) - start
02:06:18.627 [main] DEBUG org.dbunit.dataset.AbstractTableMetaData - getColumnIndex(columnName=NOME_FORNECEDOR) - start
02:06:18.627 [main] DEBUG org.dbunit.dataset.AbstractTableMetaData - getColumnIndex(columnName=CNPJ_FORNECEDOR) - start
02:06:18.627 [main] DEBUG org.dbunit.dataset.AbstractTableMetaData - getColumnIndex(columnName=EMAIL_FORNECEDOR) - start
02:06:18.627 [main] DEBUG org.dbunit.dataset.AbstractTableMetaData - getColumnIndex(columnName=TIPO_FORNECEDOR) - start
02:06:18.627 [main] DEBUG org.dbunit.dataset.AbstractTableMetaData - getColumnIndex(columnName=TIPO_STATUS) - start
02:06:18.627 [main] DEBUG org.dbunit.dataset.AbstractTableMetaData - getColumnIndex(columnName=DESCRICAO) - start
02:06:18.627 [main] DEBUG org.dbunit.dataset.AbstractTableMetaData - getColumnIndex(columnName=DATA_CADASTRO) - start
02:06:18.627 [main] DEBUG org.dbunit.dataset.OrderedTableNameMap - getLastTableName() - start
02:06:18.627 [main] DEBUG org.dbunit.dataset.OrderedTableNameMap - getTableName(tableName=TB_FORNECEDOR) - start
02:06:18.627 [main] DEBUG org.dbunit.dataset.OrderedTableNameMap - getTableName(tableName=TB_FORNECEDOR) - end - result=TB_FORNECEDOR
02:06:18.627 [main] DEBUG org.dbunit.dataset.AbstractTableMetaData - getColumnIndex(columnName=ID_FORNECEDOR) - start
02:06:18.627 [main] DEBUG org.dbunit.dataset.AbstractTableMetaData - getColumnIndex(columnName=NOME_FORNECEDOR) - start
02:06:18.627 [main] DEBUG org.dbunit.dataset.AbstractTableMetaData - getColumnIndex(columnName=CNPJ_FORNECEDOR) - start
02:06:18.627 [main] DEBUG org.dbunit.dataset.AbstractTableMetaData - getColumnIndex(columnName=EMAIL_FORNECEDOR) - start
02:06:18.627 [main] DEBUG org.dbunit.dataset.AbstractTableMetaData - getColumnIndex(columnName=TIPO_FORNECEDOR) - start
02:06:18.627 [main] DEBUG org.dbunit.dataset.AbstractTableMetaData - getColumnIndex(columnName=TIPO_STATUS) - start
02:06:18.627 [main] DEBUG org.dbunit.dataset.AbstractTableMetaData - getColumnIndex(columnName=DESCRICAO) - start
02:06:18.627 [main] DEBUG org.dbunit.dataset.AbstractTableMetaData - getColumnIndex(columnName=DATA_CADASTRO) - start
02:06:18.627 [main] DEBUG org.dbunit.dataset.xml.FlatXmlProducer - endElement(uri=, localName=, qName=TB_FORNECEDOR) - start
02:06:18.627 [main] DEBUG org.dbunit.dataset.xml.FlatXmlProducer - startElement(uri=, localName=, qName=TB_FORNECEDOR, attributes=com.sun.org.apache.xerces.internal.parsers.AbstractSAXParser$AttributesProxy@431f1eaf) - start
02:06:18.627 [main] DEBUG org.dbunit.dataset.OrderedTableNameMap - getLastTableName() - start
02:06:18.627 [main] DEBUG org.dbunit.dataset.OrderedTableNameMap - getTableName(tableName=TB_FORNECEDOR) - start
02:06:18.627 [main] DEBUG org.dbunit.dataset.OrderedTableNameMap - getTableName(tableName=TB_FORNECEDOR) - end - result=TB_FORNECEDOR
02:06:18.627 [main] DEBUG org.dbunit.dataset.OrderedTableNameMap - isLastTable(tableName=TB_FORNECEDOR) - start
02:06:18.627 [main] DEBUG org.dbunit.dataset.OrderedTableNameMap - getLastTableName() - start
02:06:18.627 [main] DEBUG org.dbunit.dataset.OrderedTableNameMap - getTableName(tableName=TB_FORNECEDOR) - start
02:06:18.627 [main] DEBUG org.dbunit.dataset.OrderedTableNameMap - getTableName(tableName=TB_FORNECEDOR) - end - result=TB_FORNECEDOR
02:06:18.627 [main] DEBUG org.dbunit.dataset.OrderedTableNameMap - getTableName(tableName=TB_FORNECEDOR) - start
02:06:18.627 [main] DEBUG org.dbunit.dataset.OrderedTableNameMap - getTableName(tableName=TB_FORNECEDOR) - end - result=TB_FORNECEDOR
02:06:18.627 [main] DEBUG org.dbunit.dataset.OrderedTableNameMap - getLastTableName() - start
02:06:18.627 [main] DEBUG org.dbunit.dataset.OrderedTableNameMap - getTableName(tableName=TB_FORNECEDOR) - start
02:06:18.627 [main] DEBUG org.dbunit.dataset.OrderedTableNameMap - getTableName(tableName=TB_FORNECEDOR) - end - result=TB_FORNECEDOR
02:06:18.627 [main] DEBUG org.dbunit.dataset.AbstractTableMetaData - getColumnIndex(columnName=ID_FORNECEDOR) - start
02:06:18.627 [main] DEBUG org.dbunit.dataset.AbstractTableMetaData - getColumnIndex(columnName=NOME_FORNECEDOR) - start
02:06:18.627 [main] DEBUG org.dbunit.dataset.AbstractTableMetaData - getColumnIndex(columnName=CNPJ_FORNECEDOR) - start
02:06:18.627 [main] DEBUG org.dbunit.dataset.AbstractTableMetaData - getColumnIndex(columnName=EMAIL_FORNECEDOR) - start
02:06:18.627 [main] DEBUG org.dbunit.dataset.AbstractTableMetaData - getColumnIndex(columnName=TIPO_FORNECEDOR) - start
02:06:18.627 [main] DEBUG org.dbunit.dataset.AbstractTableMetaData - getColumnIndex(columnName=TIPO_STATUS) - start
02:06:18.627 [main] DEBUG org.dbunit.dataset.AbstractTableMetaData - getColumnIndex(columnName=DESCRICAO) - start
02:06:18.627 [main] DEBUG org.dbunit.dataset.AbstractTableMetaData - getColumnIndex(columnName=DATA_CADASTRO) - start
02:06:18.627 [main] DEBUG org.dbunit.dataset.OrderedTableNameMap - getLastTableName() - start
02:06:18.627 [main] DEBUG org.dbunit.dataset.OrderedTableNameMap - getTableName(tableName=TB_FORNECEDOR) - start
02:06:18.627 [main] DEBUG org.dbunit.dataset.OrderedTableNameMap - getTableName(tableName=TB_FORNECEDOR) - end - result=TB_FORNECEDOR
02:06:18.627 [main] DEBUG org.dbunit.dataset.AbstractTableMetaData - getColumnIndex(columnName=ID_FORNECEDOR) - start
02:06:18.627 [main] DEBUG org.dbunit.dataset.AbstractTableMetaData - getColumnIndex(columnName=NOME_FORNECEDOR) - start
02:06:18.627 [main] DEBUG org.dbunit.dataset.AbstractTableMetaData - getColumnIndex(columnName=CNPJ_FORNECEDOR) - start
02:06:18.627 [main] DEBUG org.dbunit.dataset.AbstractTableMetaData - getColumnIndex(columnName=EMAIL_FORNECEDOR) - start
02:06:18.627 [main] DEBUG org.dbunit.dataset.AbstractTableMetaData - getColumnIndex(columnName=TIPO_FORNECEDOR) - start
02:06:18.627 [main] DEBUG org.dbunit.dataset.AbstractTableMetaData - getColumnIndex(columnName=TIPO_STATUS) - start
02:06:18.627 [main] DEBUG org.dbunit.dataset.AbstractTableMetaData - getColumnIndex(columnName=DESCRICAO) - start
02:06:18.627 [main] DEBUG org.dbunit.dataset.AbstractTableMetaData - getColumnIndex(columnName=DATA_CADASTRO) - start
02:06:18.627 [main] DEBUG org.dbunit.dataset.xml.FlatXmlProducer - endElement(uri=, localName=, qName=TB_FORNECEDOR) - start
02:06:18.627 [main] DEBUG org.dbunit.dataset.xml.FlatXmlProducer - startElement(uri=, localName=, qName=TB_PROJETO_FORNECEDOR, attributes=com.sun.org.apache.xerces.internal.parsers.AbstractSAXParser$AttributesProxy@431f1eaf) - start
02:06:18.627 [main] DEBUG org.dbunit.dataset.OrderedTableNameMap - getLastTableName() - start
02:06:18.627 [main] DEBUG org.dbunit.dataset.OrderedTableNameMap - getTableName(tableName=TB_FORNECEDOR) - start
02:06:18.627 [main] DEBUG org.dbunit.dataset.OrderedTableNameMap - getTableName(tableName=TB_FORNECEDOR) - end - result=TB_FORNECEDOR
02:06:18.627 [main] DEBUG org.dbunit.dataset.OrderedTableNameMap - isLastTable(tableName=TB_PROJETO_FORNECEDOR) - start
02:06:18.627 [main] DEBUG org.dbunit.dataset.OrderedTableNameMap - getLastTableName() - start
02:06:18.627 [main] DEBUG org.dbunit.dataset.OrderedTableNameMap - getTableName(tableName=TB_FORNECEDOR) - start
02:06:18.627 [main] DEBUG org.dbunit.dataset.OrderedTableNameMap - getTableName(tableName=TB_FORNECEDOR) - end - result=TB_FORNECEDOR
02:06:18.627 [main] DEBUG org.dbunit.dataset.OrderedTableNameMap - getTableName(tableName=TB_PROJETO_FORNECEDOR) - start
02:06:18.627 [main] DEBUG org.dbunit.dataset.OrderedTableNameMap - getTableName(tableName=TB_PROJETO_FORNECEDOR) - end - result=TB_PROJETO_FORNECEDOR
02:06:18.627 [main] DEBUG org.dbunit.dataset.OrderedTableNameMap - getTableName(tableName=TB_PROJETO_FORNECEDOR) - start
02:06:18.627 [main] DEBUG org.dbunit.dataset.OrderedTableNameMap - getTableName(tableName=TB_PROJETO_FORNECEDOR) - end - result=TB_PROJETO_FORNECEDOR
02:06:18.627 [main] DEBUG org.dbunit.dataset.xml.FlatXmlProducer - createTableMetaData(tableName=TB_PROJETO_FORNECEDOR, attributes=com.sun.org.apache.xerces.internal.parsers.AbstractSAXParser$AttributesProxy@431f1eaf) - start
02:06:18.627 [main] DEBUG org.dbunit.dataset.Columns - getColumns(columnNames=[], columns=[(ID_PROJETO, UNKNOWN, nullableUnknown), (ID_FORNECEDOR, UNKNOWN, nullableUnknown)]) - start
02:06:18.627 [main] DEBUG org.dbunit.dataset.OrderedTableNameMap - add(tableName=TB_PROJETO_FORNECEDOR, object=tableName=TB_PROJETO_FORNECEDOR, columns=[(ID_PROJETO, UNKNOWN, nullableUnknown), (ID_FORNECEDOR, UNKNOWN, nullableUnknown)], keys=[]) - start
02:06:18.627 [main] DEBUG org.dbunit.dataset.OrderedTableNameMap - getTableName(tableName=TB_PROJETO_FORNECEDOR) - start
02:06:18.627 [main] DEBUG org.dbunit.dataset.OrderedTableNameMap - getTableName(tableName=TB_PROJETO_FORNECEDOR) - end - result=TB_PROJETO_FORNECEDOR
02:06:18.627 [main] DEBUG org.dbunit.dataset.OrderedTableNameMap - getTableName(tableName=TB_PROJETO_FORNECEDOR) - start
02:06:18.627 [main] DEBUG org.dbunit.dataset.OrderedTableNameMap - getTableName(tableName=TB_PROJETO_FORNECEDOR) - end - result=TB_PROJETO_FORNECEDOR
02:06:18.627 [main] DEBUG org.dbunit.dataset.OrderedTableNameMap - getLastTableName() - start
02:06:18.627 [main] DEBUG org.dbunit.dataset.OrderedTableNameMap - getTableName(tableName=TB_PROJETO_FORNECEDOR) - start
02:06:18.627 [main] DEBUG org.dbunit.dataset.OrderedTableNameMap - getTableName(tableName=TB_PROJETO_FORNECEDOR) - end - result=TB_PROJETO_FORNECEDOR
02:06:18.627 [main] DEBUG org.dbunit.dataset.AbstractTableMetaData - getColumnIndex(columnName=ID_PROJETO) - start
02:06:18.627 [main] DEBUG org.dbunit.dataset.AbstractTableMetaData - getColumnIndex(columnName=ID_FORNECEDOR) - start
02:06:18.627 [main] DEBUG org.dbunit.dataset.OrderedTableNameMap - getLastTableName() - start
02:06:18.627 [main] DEBUG org.dbunit.dataset.OrderedTableNameMap - getTableName(tableName=TB_PROJETO_FORNECEDOR) - start
02:06:18.627 [main] DEBUG org.dbunit.dataset.OrderedTableNameMap - getTableName(tableName=TB_PROJETO_FORNECEDOR) - end - result=TB_PROJETO_FORNECEDOR
02:06:18.627 [main] DEBUG org.dbunit.dataset.AbstractTableMetaData - getColumnIndex(columnName=ID_PROJETO) - start
02:06:18.627 [main] DEBUG org.dbunit.dataset.AbstractTableMetaData - getColumnIndex(columnName=ID_FORNECEDOR) - start
02:06:18.627 [main] DEBUG org.dbunit.dataset.xml.FlatXmlProducer - endElement(uri=, localName=, qName=TB_PROJETO_FORNECEDOR) - start
02:06:18.627 [main] DEBUG org.dbunit.dataset.xml.FlatXmlProducer - startElement(uri=, localName=, qName=TB_PROJETO_FORNECEDOR, attributes=com.sun.org.apache.xerces.internal.parsers.AbstractSAXParser$AttributesProxy@431f1eaf) - start
02:06:18.627 [main] DEBUG org.dbunit.dataset.OrderedTableNameMap - getLastTableName() - start
02:06:18.627 [main] DEBUG org.dbunit.dataset.OrderedTableNameMap - getTableName(tableName=TB_PROJETO_FORNECEDOR) - start
02:06:18.627 [main] DEBUG org.dbunit.dataset.OrderedTableNameMap - getTableName(tableName=TB_PROJETO_FORNECEDOR) - end - result=TB_PROJETO_FORNECEDOR
02:06:18.627 [main] DEBUG org.dbunit.dataset.OrderedTableNameMap - isLastTable(tableName=TB_PROJETO_FORNECEDOR) - start
02:06:18.627 [main] DEBUG org.dbunit.dataset.OrderedTableNameMap - getLastTableName() - start
02:06:18.627 [main] DEBUG org.dbunit.dataset.OrderedTableNameMap - getTableName(tableName=TB_PROJETO_FORNECEDOR) - start
02:06:18.627 [main] DEBUG org.dbunit.dataset.OrderedTableNameMap - getTableName(tableName=TB_PROJETO_FORNECEDOR) - end - result=TB_PROJETO_FORNECEDOR
02:06:18.627 [main] DEBUG org.dbunit.dataset.OrderedTableNameMap - getTableName(tableName=TB_PROJETO_FORNECEDOR) - start
02:06:18.627 [main] DEBUG org.dbunit.dataset.OrderedTableNameMap - getTableName(tableName=TB_PROJETO_FORNECEDOR) - end - result=TB_PROJETO_FORNECEDOR
02:06:18.627 [main] DEBUG org.dbunit.dataset.OrderedTableNameMap - getLastTableName() - start
02:06:18.627 [main] DEBUG org.dbunit.dataset.OrderedTableNameMap - getTableName(tableName=TB_PROJETO_FORNECEDOR) - start
02:06:18.627 [main] DEBUG org.dbunit.dataset.OrderedTableNameMap - getTableName(tableName=TB_PROJETO_FORNECEDOR) - end - result=TB_PROJETO_FORNECEDOR
02:06:18.627 [main] DEBUG org.dbunit.dataset.AbstractTableMetaData - getColumnIndex(columnName=ID_PROJETO) - start
02:06:18.627 [main] DEBUG org.dbunit.dataset.AbstractTableMetaData - getColumnIndex(columnName=ID_FORNECEDOR) - start
02:06:18.628 [main] DEBUG org.dbunit.dataset.OrderedTableNameMap - getLastTableName() - start
02:06:18.628 [main] DEBUG org.dbunit.dataset.OrderedTableNameMap - getTableName(tableName=TB_PROJETO_FORNECEDOR) - start
02:06:18.628 [main] DEBUG org.dbunit.dataset.OrderedTableNameMap - getTableName(tableName=TB_PROJETO_FORNECEDOR) - end - result=TB_PROJETO_FORNECEDOR
02:06:18.628 [main] DEBUG org.dbunit.dataset.AbstractTableMetaData - getColumnIndex(columnName=ID_PROJETO) - start
02:06:18.628 [main] DEBUG org.dbunit.dataset.AbstractTableMetaData - getColumnIndex(columnName=ID_FORNECEDOR) - start
02:06:18.628 [main] DEBUG org.dbunit.dataset.xml.FlatXmlProducer - endElement(uri=, localName=, qName=TB_PROJETO_FORNECEDOR) - start
02:06:18.628 [main] DEBUG org.dbunit.dataset.xml.FlatXmlProducer - startElement(uri=, localName=, qName=TB_USUARIO, attributes=com.sun.org.apache.xerces.internal.parsers.AbstractSAXParser$AttributesProxy@431f1eaf) - start
02:06:18.628 [main] DEBUG org.dbunit.dataset.OrderedTableNameMap - getLastTableName() - start
02:06:18.628 [main] DEBUG org.dbunit.dataset.OrderedTableNameMap - getTableName(tableName=TB_PROJETO_FORNECEDOR) - start
02:06:18.628 [main] DEBUG org.dbunit.dataset.OrderedTableNameMap - getTableName(tableName=TB_PROJETO_FORNECEDOR) - end - result=TB_PROJETO_FORNECEDOR
02:06:18.628 [main] DEBUG org.dbunit.dataset.OrderedTableNameMap - isLastTable(tableName=TB_USUARIO) - start
02:06:18.628 [main] DEBUG org.dbunit.dataset.OrderedTableNameMap - getLastTableName() - start
02:06:18.628 [main] DEBUG org.dbunit.dataset.OrderedTableNameMap - getTableName(tableName=TB_PROJETO_FORNECEDOR) - start
02:06:18.628 [main] DEBUG org.dbunit.dataset.OrderedTableNameMap - getTableName(tableName=TB_PROJETO_FORNECEDOR) - end - result=TB_PROJETO_FORNECEDOR
02:06:18.628 [main] DEBUG org.dbunit.dataset.OrderedTableNameMap - getTableName(tableName=TB_USUARIO) - start
02:06:18.628 [main] DEBUG org.dbunit.dataset.OrderedTableNameMap - getTableName(tableName=TB_USUARIO) - end - result=TB_USUARIO
02:06:18.628 [main] DEBUG org.dbunit.dataset.OrderedTableNameMap - getTableName(tableName=TB_USUARIO) - start
02:06:18.628 [main] DEBUG org.dbunit.dataset.OrderedTableNameMap - getTableName(tableName=TB_USUARIO) - end - result=TB_USUARIO
02:06:18.628 [main] DEBUG org.dbunit.dataset.xml.FlatXmlProducer - createTableMetaData(tableName=TB_USUARIO, attributes=com.sun.org.apache.xerces.internal.parsers.AbstractSAXParser$AttributesProxy@431f1eaf) - start
02:06:18.628 [main] DEBUG org.dbunit.dataset.Columns - getColumns(columnNames=[], columns=[(ID_USUARIO, UNKNOWN, nullableUnknown), (NOME_USUARIO, UNKNOWN, nullableUnknown), (EMAIL_USUARIO, UNKNOWN, nullableUnknown), (SENHA_USUARIO, UNKNOWN, nullableUnknown)]) - start
02:06:18.628 [main] DEBUG org.dbunit.dataset.OrderedTableNameMap - add(tableName=TB_USUARIO, object=tableName=TB_USUARIO, columns=[(ID_USUARIO, UNKNOWN, nullableUnknown), (NOME_USUARIO, UNKNOWN, nullableUnknown), (EMAIL_USUARIO, UNKNOWN, nullableUnknown), (SENHA_USUARIO, UNKNOWN, nullableUnknown)], keys=[]) - start
02:06:18.628 [main] DEBUG org.dbunit.dataset.OrderedTableNameMap - getTableName(tableName=TB_USUARIO) - start
02:06:18.628 [main] DEBUG org.dbunit.dataset.OrderedTableNameMap - getTableName(tableName=TB_USUARIO) - end - result=TB_USUARIO
02:06:18.628 [main] DEBUG org.dbunit.dataset.OrderedTableNameMap - getTableName(tableName=TB_USUARIO) - start
02:06:18.628 [main] DEBUG org.dbunit.dataset.OrderedTableNameMap - getTableName(tableName=TB_USUARIO) - end - result=TB_USUARIO
02:06:18.628 [main] DEBUG org.dbunit.dataset.OrderedTableNameMap - getLastTableName() - start
02:06:18.628 [main] DEBUG org.dbunit.dataset.OrderedTableNameMap - getTableName(tableName=TB_USUARIO) - start
02:06:18.628 [main] DEBUG org.dbunit.dataset.OrderedTableNameMap - getTableName(tableName=TB_USUARIO) - end - result=TB_USUARIO
02:06:18.628 [main] DEBUG org.dbunit.dataset.AbstractTableMetaData - getColumnIndex(columnName=ID_USUARIO) - start
02:06:18.628 [main] DEBUG org.dbunit.dataset.AbstractTableMetaData - getColumnIndex(columnName=NOME_USUARIO) - start
02:06:18.628 [main] DEBUG org.dbunit.dataset.AbstractTableMetaData - getColumnIndex(columnName=EMAIL_USUARIO) - start
02:06:18.628 [main] DEBUG org.dbunit.dataset.AbstractTableMetaData - getColumnIndex(columnName=SENHA_USUARIO) - start
02:06:18.628 [main] DEBUG org.dbunit.dataset.OrderedTableNameMap - getLastTableName() - start
02:06:18.628 [main] DEBUG org.dbunit.dataset.OrderedTableNameMap - getTableName(tableName=TB_USUARIO) - start
02:06:18.628 [main] DEBUG org.dbunit.dataset.OrderedTableNameMap - getTableName(tableName=TB_USUARIO) - end - result=TB_USUARIO
02:06:18.628 [main] DEBUG org.dbunit.dataset.AbstractTableMetaData - getColumnIndex(columnName=ID_USUARIO) - start
02:06:18.628 [main] DEBUG org.dbunit.dataset.AbstractTableMetaData - getColumnIndex(columnName=NOME_USUARIO) - start
02:06:18.628 [main] DEBUG org.dbunit.dataset.AbstractTableMetaData - getColumnIndex(columnName=EMAIL_USUARIO) - start
02:06:18.628 [main] DEBUG org.dbunit.dataset.AbstractTableMetaData - getColumnIndex(columnName=SENHA_USUARIO) - start
02:06:18.628 [main] DEBUG org.dbunit.dataset.xml.FlatXmlProducer - endElement(uri=, localName=, qName=TB_USUARIO) - start
02:06:18.628 [main] DEBUG org.dbunit.dataset.xml.FlatXmlProducer - startElement(uri=, localName=, qName=TB_USUARIO, attributes=com.sun.org.apache.xerces.internal.parsers.AbstractSAXParser$AttributesProxy@431f1eaf) - start
02:06:18.628 [main] DEBUG org.dbunit.dataset.OrderedTableNameMap - getLastTableName() - start
02:06:18.628 [main] DEBUG org.dbunit.dataset.OrderedTableNameMap - getTableName(tableName=TB_USUARIO) - start
02:06:18.628 [main] DEBUG org.dbunit.dataset.OrderedTableNameMap - getTableName(tableName=TB_USUARIO) - end - result=TB_USUARIO
02:06:18.628 [main] DEBUG org.dbunit.dataset.OrderedTableNameMap - isLastTable(tableName=TB_USUARIO) - start
02:06:18.628 [main] DEBUG org.dbunit.dataset.OrderedTableNameMap - getLastTableName() - start
02:06:18.628 [main] DEBUG org.dbunit.dataset.OrderedTableNameMap - getTableName(tableName=TB_USUARIO) - start
02:06:18.628 [main] DEBUG org.dbunit.dataset.OrderedTableNameMap - getTableName(tableName=TB_USUARIO) - end - result=TB_USUARIO
02:06:18.628 [main] DEBUG org.dbunit.dataset.OrderedTableNameMap - getTableName(tableName=TB_USUARIO) - start
02:06:18.628 [main] DEBUG org.dbunit.dataset.OrderedTableNameMap - getTableName(tableName=TB_USUARIO) - end - result=TB_USUARIO
02:06:18.628 [main] DEBUG org.dbunit.dataset.OrderedTableNameMap - getLastTableName() - start
02:06:18.628 [main] DEBUG org.dbunit.dataset.OrderedTableNameMap - getTableName(tableName=TB_USUARIO) - start
02:06:18.628 [main] DEBUG org.dbunit.dataset.OrderedTableNameMap - getTableName(tableName=TB_USUARIO) - end - result=TB_USUARIO
02:06:18.628 [main] DEBUG org.dbunit.dataset.AbstractTableMetaData - getColumnIndex(columnName=ID_USUARIO) - start
02:06:18.628 [main] DEBUG org.dbunit.dataset.AbstractTableMetaData - getColumnIndex(columnName=NOME_USUARIO) - start
02:06:18.628 [main] DEBUG org.dbunit.dataset.AbstractTableMetaData - getColumnIndex(columnName=EMAIL_USUARIO) - start
02:06:18.628 [main] DEBUG org.dbunit.dataset.AbstractTableMetaData - getColumnIndex(columnName=SENHA_USUARIO) - start
02:06:18.628 [main] DEBUG org.dbunit.dataset.OrderedTableNameMap - getLastTableName() - start
02:06:18.628 [main] DEBUG org.dbunit.dataset.OrderedTableNameMap - getTableName(tableName=TB_USUARIO) - start
02:06:18.628 [main] DEBUG org.dbunit.dataset.OrderedTableNameMap - getTableName(tableName=TB_USUARIO) - end - result=TB_USUARIO
02:06:18.628 [main] DEBUG org.dbunit.dataset.AbstractTableMetaData - getColumnIndex(columnName=ID_USUARIO) - start
02:06:18.628 [main] DEBUG org.dbunit.dataset.AbstractTableMetaData - getColumnIndex(columnName=NOME_USUARIO) - start
02:06:18.628 [main] DEBUG org.dbunit.dataset.AbstractTableMetaData - getColumnIndex(columnName=EMAIL_USUARIO) - start
02:06:18.628 [main] DEBUG org.dbunit.dataset.AbstractTableMetaData - getColumnIndex(columnName=SENHA_USUARIO) - start
02:06:18.628 [main] DEBUG org.dbunit.dataset.xml.FlatXmlProducer - endElement(uri=, localName=, qName=TB_USUARIO) - start
02:06:18.628 [main] DEBUG org.dbunit.dataset.xml.FlatXmlProducer - startElement(uri=, localName=, qName=TB_PERFIL, attributes=com.sun.org.apache.xerces.internal.parsers.AbstractSAXParser$AttributesProxy@431f1eaf) - start
02:06:18.628 [main] DEBUG org.dbunit.dataset.OrderedTableNameMap - getLastTableName() - start
02:06:18.628 [main] DEBUG org.dbunit.dataset.OrderedTableNameMap - getTableName(tableName=TB_USUARIO) - start
02:06:18.628 [main] DEBUG org.dbunit.dataset.OrderedTableNameMap - getTableName(tableName=TB_USUARIO) - end - result=TB_USUARIO
02:06:18.628 [main] DEBUG org.dbunit.dataset.OrderedTableNameMap - isLastTable(tableName=TB_PERFIL) - start
02:06:18.628 [main] DEBUG org.dbunit.dataset.OrderedTableNameMap - getLastTableName() - start
02:06:18.628 [main] DEBUG org.dbunit.dataset.OrderedTableNameMap - getTableName(tableName=TB_USUARIO) - start
02:06:18.628 [main] DEBUG org.dbunit.dataset.OrderedTableNameMap - getTableName(tableName=TB_USUARIO) - end - result=TB_USUARIO
02:06:18.628 [main] DEBUG org.dbunit.dataset.OrderedTableNameMap - getTableName(tableName=TB_PERFIL) - start
02:06:18.628 [main] DEBUG org.dbunit.dataset.OrderedTableNameMap - getTableName(tableName=TB_PERFIL) - end - result=TB_PERFIL
02:06:18.628 [main] DEBUG org.dbunit.dataset.OrderedTableNameMap - getTableName(tableName=TB_PERFIL) - start
02:06:18.628 [main] DEBUG org.dbunit.dataset.OrderedTableNameMap - getTableName(tableName=TB_PERFIL) - end - result=TB_PERFIL
02:06:18.628 [main] DEBUG org.dbunit.dataset.xml.FlatXmlProducer - createTableMetaData(tableName=TB_PERFIL, attributes=com.sun.org.apache.xerces.internal.parsers.AbstractSAXParser$AttributesProxy@431f1eaf) - start
02:06:18.628 [main] DEBUG org.dbunit.dataset.Columns - getColumns(columnNames=[], columns=[(ID_PERFIL, UNKNOWN, nullableUnknown), (NOME_PERFIL, UNKNOWN, nullableUnknown)]) - start
02:06:18.628 [main] DEBUG org.dbunit.dataset.OrderedTableNameMap - add(tableName=TB_PERFIL, object=tableName=TB_PERFIL, columns=[(ID_PERFIL, UNKNOWN, nullableUnknown), (NOME_PERFIL, UNKNOWN, nullableUnknown)], keys=[]) - start
02:06:18.628 [main] DEBUG org.dbunit.dataset.OrderedTableNameMap - getTableName(tableName=TB_PERFIL) - start
02:06:18.628 [main] DEBUG org.dbunit.dataset.OrderedTableNameMap - getTableName(tableName=TB_PERFIL) - end - result=TB_PERFIL
02:06:18.628 [main] DEBUG org.dbunit.dataset.OrderedTableNameMap - getTableName(tableName=TB_PERFIL) - start
02:06:18.628 [main] DEBUG org.dbunit.dataset.OrderedTableNameMap - getTableName(tableName=TB_PERFIL) - end - result=TB_PERFIL
02:06:18.628 [main] DEBUG org.dbunit.dataset.OrderedTableNameMap - getLastTableName() - start
02:06:18.628 [main] DEBUG org.dbunit.dataset.OrderedTableNameMap - getTableName(tableName=TB_PERFIL) - start
02:06:18.628 [main] DEBUG org.dbunit.dataset.OrderedTableNameMap - getTableName(tableName=TB_PERFIL) - end - result=TB_PERFIL
02:06:18.628 [main] DEBUG org.dbunit.dataset.AbstractTableMetaData - getColumnIndex(columnName=ID_PERFIL) - start
02:06:18.628 [main] DEBUG org.dbunit.dataset.AbstractTableMetaData - getColumnIndex(columnName=NOME_PERFIL) - start
02:06:18.628 [main] DEBUG org.dbunit.dataset.OrderedTableNameMap - getLastTableName() - start
02:06:18.628 [main] DEBUG org.dbunit.dataset.OrderedTableNameMap - getTableName(tableName=TB_PERFIL) - start
02:06:18.628 [main] DEBUG org.dbunit.dataset.OrderedTableNameMap - getTableName(tableName=TB_PERFIL) - end - result=TB_PERFIL
02:06:18.628 [main] DEBUG org.dbunit.dataset.AbstractTableMetaData - getColumnIndex(columnName=ID_PERFIL) - start
02:06:18.628 [main] DEBUG org.dbunit.dataset.AbstractTableMetaData - getColumnIndex(columnName=NOME_PERFIL) - start
02:06:18.628 [main] DEBUG org.dbunit.dataset.xml.FlatXmlProducer - endElement(uri=, localName=, qName=TB_PERFIL) - start
02:06:18.628 [main] DEBUG org.dbunit.dataset.xml.FlatXmlProducer - startElement(uri=, localName=, qName=TB_PERFIL, attributes=com.sun.org.apache.xerces.internal.parsers.AbstractSAXParser$AttributesProxy@431f1eaf) - start
02:06:18.628 [main] DEBUG org.dbunit.dataset.OrderedTableNameMap - getLastTableName() - start
02:06:18.628 [main] DEBUG org.dbunit.dataset.OrderedTableNameMap - getTableName(tableName=TB_PERFIL) - start
02:06:18.628 [main] DEBUG org.dbunit.dataset.OrderedTableNameMap - getTableName(tableName=TB_PERFIL) - end - result=TB_PERFIL
02:06:18.628 [main] DEBUG org.dbunit.dataset.OrderedTableNameMap - isLastTable(tableName=TB_PERFIL) - start
02:06:18.628 [main] DEBUG org.dbunit.dataset.OrderedTableNameMap - getLastTableName() - start
02:06:18.628 [main] DEBUG org.dbunit.dataset.OrderedTableNameMap - getTableName(tableName=TB_PERFIL) - start
02:06:18.628 [main] DEBUG org.dbunit.dataset.OrderedTableNameMap - getTableName(tableName=TB_PERFIL) - end - result=TB_PERFIL
02:06:18.628 [main] DEBUG org.dbunit.dataset.OrderedTableNameMap - getTableName(tableName=TB_PERFIL) - start
02:06:18.628 [main] DEBUG org.dbunit.dataset.OrderedTableNameMap - getTableName(tableName=TB_PERFIL) - end - result=TB_PERFIL
02:06:18.628 [main] DEBUG org.dbunit.dataset.OrderedTableNameMap - getLastTableName() - start
02:06:18.628 [main] DEBUG org.dbunit.dataset.OrderedTableNameMap - getTableName(tableName=TB_PERFIL) - start
02:06:18.628 [main] DEBUG org.dbunit.dataset.OrderedTableNameMap - getTableName(tableName=TB_PERFIL) - end - result=TB_PERFIL
02:06:18.628 [main] DEBUG org.dbunit.dataset.AbstractTableMetaData - getColumnIndex(columnName=ID_PERFIL) - start
02:06:18.628 [main] DEBUG org.dbunit.dataset.AbstractTableMetaData - getColumnIndex(columnName=NOME_PERFIL) - start
02:06:18.628 [main] DEBUG org.dbunit.dataset.OrderedTableNameMap - getLastTableName() - start
02:06:18.628 [main] DEBUG org.dbunit.dataset.OrderedTableNameMap - getTableName(tableName=TB_PERFIL) - start
02:06:18.628 [main] DEBUG org.dbunit.dataset.OrderedTableNameMap - getTableName(tableName=TB_PERFIL) - end - result=TB_PERFIL
02:06:18.628 [main] DEBUG org.dbunit.dataset.AbstractTableMetaData - getColumnIndex(columnName=ID_PERFIL) - start
02:06:18.628 [main] DEBUG org.dbunit.dataset.AbstractTableMetaData - getColumnIndex(columnName=NOME_PERFIL) - start
02:06:18.628 [main] DEBUG org.dbunit.dataset.xml.FlatXmlProducer - endElement(uri=, localName=, qName=TB_PERFIL) - start
02:06:18.628 [main] DEBUG org.dbunit.dataset.xml.FlatXmlProducer - startElement(uri=, localName=, qName=TB_USUARIO_PERFIL, attributes=com.sun.org.apache.xerces.internal.parsers.AbstractSAXParser$AttributesProxy@431f1eaf) - start
02:06:18.628 [main] DEBUG org.dbunit.dataset.OrderedTableNameMap - getLastTableName() - start
02:06:18.628 [main] DEBUG org.dbunit.dataset.OrderedTableNameMap - getTableName(tableName=TB_PERFIL) - start
02:06:18.628 [main] DEBUG org.dbunit.dataset.OrderedTableNameMap - getTableName(tableName=TB_PERFIL) - end - result=TB_PERFIL
02:06:18.628 [main] DEBUG org.dbunit.dataset.OrderedTableNameMap - isLastTable(tableName=TB_USUARIO_PERFIL) - start
02:06:18.628 [main] DEBUG org.dbunit.dataset.OrderedTableNameMap - getLastTableName() - start
02:06:18.628 [main] DEBUG org.dbunit.dataset.OrderedTableNameMap - getTableName(tableName=TB_PERFIL) - start
02:06:18.628 [main] DEBUG org.dbunit.dataset.OrderedTableNameMap - getTableName(tableName=TB_PERFIL) - end - result=TB_PERFIL
02:06:18.628 [main] DEBUG org.dbunit.dataset.OrderedTableNameMap - getTableName(tableName=TB_USUARIO_PERFIL) - start
02:06:18.628 [main] DEBUG org.dbunit.dataset.OrderedTableNameMap - getTableName(tableName=TB_USUARIO_PERFIL) - end - result=TB_USUARIO_PERFIL
02:06:18.628 [main] DEBUG org.dbunit.dataset.OrderedTableNameMap - getTableName(tableName=TB_USUARIO_PERFIL) - start
02:06:18.628 [main] DEBUG org.dbunit.dataset.OrderedTableNameMap - getTableName(tableName=TB_USUARIO_PERFIL) - end - result=TB_USUARIO_PERFIL
02:06:18.628 [main] DEBUG org.dbunit.dataset.xml.FlatXmlProducer - createTableMetaData(tableName=TB_USUARIO_PERFIL, attributes=com.sun.org.apache.xerces.internal.parsers.AbstractSAXParser$AttributesProxy@431f1eaf) - start
02:06:18.628 [main] DEBUG org.dbunit.dataset.Columns - getColumns(columnNames=[], columns=[(ID_USUARIO, UNKNOWN, nullableUnknown), (ID_PERFIL, UNKNOWN, nullableUnknown)]) - start
02:06:18.628 [main] DEBUG org.dbunit.dataset.OrderedTableNameMap - add(tableName=TB_USUARIO_PERFIL, object=tableName=TB_USUARIO_PERFIL, columns=[(ID_USUARIO, UNKNOWN, nullableUnknown), (ID_PERFIL, UNKNOWN, nullableUnknown)], keys=[]) - start
02:06:18.628 [main] DEBUG org.dbunit.dataset.OrderedTableNameMap - getTableName(tableName=TB_USUARIO_PERFIL) - start
02:06:18.628 [main] DEBUG org.dbunit.dataset.OrderedTableNameMap - getTableName(tableName=TB_USUARIO_PERFIL) - end - result=TB_USUARIO_PERFIL
02:06:18.628 [main] DEBUG org.dbunit.dataset.OrderedTableNameMap - getTableName(tableName=TB_USUARIO_PERFIL) - start
02:06:18.628 [main] DEBUG org.dbunit.dataset.OrderedTableNameMap - getTableName(tableName=TB_USUARIO_PERFIL) - end - result=TB_USUARIO_PERFIL
02:06:18.628 [main] DEBUG org.dbunit.dataset.OrderedTableNameMap - getLastTableName() - start
02:06:18.628 [main] DEBUG org.dbunit.dataset.OrderedTableNameMap - getTableName(tableName=TB_USUARIO_PERFIL) - start
02:06:18.628 [main] DEBUG org.dbunit.dataset.OrderedTableNameMap - getTableName(tableName=TB_USUARIO_PERFIL) - end - result=TB_USUARIO_PERFIL
02:06:18.628 [main] DEBUG org.dbunit.dataset.AbstractTableMetaData - getColumnIndex(columnName=ID_USUARIO) - start
02:06:18.628 [main] DEBUG org.dbunit.dataset.AbstractTableMetaData - getColumnIndex(columnName=ID_PERFIL) - start
02:06:18.628 [main] DEBUG org.dbunit.dataset.OrderedTableNameMap - getLastTableName() - start
02:06:18.628 [main] DEBUG org.dbunit.dataset.OrderedTableNameMap - getTableName(tableName=TB_USUARIO_PERFIL) - start
02:06:18.628 [main] DEBUG org.dbunit.dataset.OrderedTableNameMap - getTableName(tableName=TB_USUARIO_PERFIL) - end - result=TB_USUARIO_PERFIL
02:06:18.628 [main] DEBUG org.dbunit.dataset.AbstractTableMetaData - getColumnIndex(columnName=ID_USUARIO) - start
02:06:18.628 [main] DEBUG org.dbunit.dataset.AbstractTableMetaData - getColumnIndex(columnName=ID_PERFIL) - start
02:06:18.628 [main] DEBUG org.dbunit.dataset.xml.FlatXmlProducer - endElement(uri=, localName=, qName=TB_USUARIO_PERFIL) - start
02:06:18.628 [main] DEBUG org.dbunit.dataset.xml.FlatXmlProducer - startElement(uri=, localName=, qName=TB_USUARIO_PERFIL, attributes=com.sun.org.apache.xerces.internal.parsers.AbstractSAXParser$AttributesProxy@431f1eaf) - start
02:06:18.628 [main] DEBUG org.dbunit.dataset.OrderedTableNameMap - getLastTableName() - start
02:06:18.628 [main] DEBUG org.dbunit.dataset.OrderedTableNameMap - getTableName(tableName=TB_USUARIO_PERFIL) - start
02:06:18.628 [main] DEBUG org.dbunit.dataset.OrderedTableNameMap - getTableName(tableName=TB_USUARIO_PERFIL) - end - result=TB_USUARIO_PERFIL
02:06:18.628 [main] DEBUG org.dbunit.dataset.OrderedTableNameMap - isLastTable(tableName=TB_USUARIO_PERFIL) - start
02:06:18.628 [main] DEBUG org.dbunit.dataset.OrderedTableNameMap - getLastTableName() - start
02:06:18.628 [main] DEBUG org.dbunit.dataset.OrderedTableNameMap - getTableName(tableName=TB_USUARIO_PERFIL) - start
02:06:18.628 [main] DEBUG org.dbunit.dataset.OrderedTableNameMap - getTableName(tableName=TB_USUARIO_PERFIL) - end - result=TB_USUARIO_PERFIL
02:06:18.628 [main] DEBUG org.dbunit.dataset.OrderedTableNameMap - getTableName(tableName=TB_USUARIO_PERFIL) - start
02:06:18.628 [main] DEBUG org.dbunit.dataset.OrderedTableNameMap - getTableName(tableName=TB_USUARIO_PERFIL) - end - result=TB_USUARIO_PERFIL
02:06:18.628 [main] DEBUG org.dbunit.dataset.OrderedTableNameMap - getLastTableName() - start
02:06:18.628 [main] DEBUG org.dbunit.dataset.OrderedTableNameMap - getTableName(tableName=TB_USUARIO_PERFIL) - start
02:06:18.628 [main] DEBUG org.dbunit.dataset.OrderedTableNameMap - getTableName(tableName=TB_USUARIO_PERFIL) - end - result=TB_USUARIO_PERFIL
02:06:18.628 [main] DEBUG org.dbunit.dataset.AbstractTableMetaData - getColumnIndex(columnName=ID_USUARIO) - start
02:06:18.628 [main] DEBUG org.dbunit.dataset.AbstractTableMetaData - getColumnIndex(columnName=ID_PERFIL) - start
02:06:18.628 [main] DEBUG org.dbunit.dataset.OrderedTableNameMap - getLastTableName() - start
02:06:18.628 [main] DEBUG org.dbunit.dataset.OrderedTableNameMap - getTableName(tableName=TB_USUARIO_PERFIL) - start
02:06:18.628 [main] DEBUG org.dbunit.dataset.OrderedTableNameMap - getTableName(tableName=TB_USUARIO_PERFIL) - end - result=TB_USUARIO_PERFIL
02:06:18.628 [main] DEBUG org.dbunit.dataset.AbstractTableMetaData - getColumnIndex(columnName=ID_USUARIO) - start
02:06:18.628 [main] DEBUG org.dbunit.dataset.AbstractTableMetaData - getColumnIndex(columnName=ID_PERFIL) - start
02:06:18.628 [main] DEBUG org.dbunit.dataset.xml.FlatXmlProducer - endElement(uri=, localName=, qName=TB_USUARIO_PERFIL) - start
02:06:18.628 [main] DEBUG org.dbunit.dataset.xml.FlatXmlProducer - startElement(uri=, localName=, qName=TB_TAREFA, attributes=com.sun.org.apache.xerces.internal.parsers.AbstractSAXParser$AttributesProxy@431f1eaf) - start
02:06:18.628 [main] DEBUG org.dbunit.dataset.OrderedTableNameMap - getLastTableName() - start
02:06:18.628 [main] DEBUG org.dbunit.dataset.OrderedTableNameMap - getTableName(tableName=TB_USUARIO_PERFIL) - start
02:06:18.628 [main] DEBUG org.dbunit.dataset.OrderedTableNameMap - getTableName(tableName=TB_USUARIO_PERFIL) - end - result=TB_USUARIO_PERFIL
02:06:18.628 [main] DEBUG org.dbunit.dataset.OrderedTableNameMap - isLastTable(tableName=TB_TAREFA) - start
02:06:18.628 [main] DEBUG org.dbunit.dataset.OrderedTableNameMap - getLastTableName() - start
02:06:18.628 [main] DEBUG org.dbunit.dataset.OrderedTableNameMap - getTableName(tableName=TB_USUARIO_PERFIL) - start
02:06:18.628 [main] DEBUG org.dbunit.dataset.OrderedTableNameMap - getTableName(tableName=TB_USUARIO_PERFIL) - end - result=TB_USUARIO_PERFIL
02:06:18.628 [main] DEBUG org.dbunit.dataset.OrderedTableNameMap - getTableName(tableName=TB_TAREFA) - start
02:06:18.628 [main] DEBUG org.dbunit.dataset.OrderedTableNameMap - getTableName(tableName=TB_TAREFA) - end - result=TB_TAREFA
02:06:18.628 [main] DEBUG org.dbunit.dataset.OrderedTableNameMap - getTableName(tableName=TB_TAREFA) - start
02:06:18.628 [main] DEBUG org.dbunit.dataset.OrderedTableNameMap - getTableName(tableName=TB_TAREFA) - end - result=TB_TAREFA
02:06:18.628 [main] DEBUG org.dbunit.dataset.xml.FlatXmlProducer - createTableMetaData(tableName=TB_TAREFA, attributes=com.sun.org.apache.xerces.internal.parsers.AbstractSAXParser$AttributesProxy@431f1eaf) - start
02:06:18.628 [main] DEBUG org.dbunit.dataset.Columns - getColumns(columnNames=[], columns=[(ID_TAREFA, UNKNOWN, nullableUnknown), (NOME_TAREFA, UNKNOWN, nullableUnknown), (DESCRICAO_TAREFA, UNKNOWN, nullableUnknown), (DATA_INICIO_TAREFA, UNKNOWN, nullableUnknown), (PRIORIDADE_TAREFA, UNKNOWN, nullableUnknown), (TIPO_STATUS, UNKNOWN, nullableUnknown), (USUARIO_ID, UNKNOWN, nullableUnknown), (ID_PROJETO, UNKNOWN, nullableUnknown)]) - start
02:06:18.628 [main] DEBUG org.dbunit.dataset.OrderedTableNameMap - add(tableName=TB_TAREFA, object=tableName=TB_TAREFA, columns=[(ID_TAREFA, UNKNOWN, nullableUnknown), (NOME_TAREFA, UNKNOWN, nullableUnknown), (DESCRICAO_TAREFA, UNKNOWN, nullableUnknown), (DATA_INICIO_TAREFA, UNKNOWN, nullableUnknown), (PRIORIDADE_TAREFA, UNKNOWN, nullableUnknown), (TIPO_STATUS, UNKNOWN, nullableUnknown), (USUARIO_ID, UNKNOWN, nullableUnknown), (ID_PROJETO, UNKNOWN, nullableUnknown)], keys=[]) - start
02:06:18.628 [main] DEBUG org.dbunit.dataset.OrderedTableNameMap - getTableName(tableName=TB_TAREFA) - start
02:06:18.628 [main] DEBUG org.dbunit.dataset.OrderedTableNameMap - getTableName(tableName=TB_TAREFA) - end - result=TB_TAREFA
02:06:18.628 [main] DEBUG org.dbunit.dataset.OrderedTableNameMap - getTableName(tableName=TB_TAREFA) - start
02:06:18.628 [main] DEBUG org.dbunit.dataset.OrderedTableNameMap - getTableName(tableName=TB_TAREFA) - end - result=TB_TAREFA
02:06:18.628 [main] DEBUG org.dbunit.dataset.OrderedTableNameMap - getLastTableName() - start
02:06:18.628 [main] DEBUG org.dbunit.dataset.OrderedTableNameMap - getTableName(tableName=TB_TAREFA) - start
02:06:18.628 [main] DEBUG org.dbunit.dataset.OrderedTableNameMap - getTableName(tableName=TB_TAREFA) - end - result=TB_TAREFA
02:06:18.628 [main] DEBUG org.dbunit.dataset.AbstractTableMetaData - getColumnIndex(columnName=ID_TAREFA) - start
02:06:18.628 [main] DEBUG org.dbunit.dataset.AbstractTableMetaData - getColumnIndex(columnName=NOME_TAREFA) - start
02:06:18.628 [main] DEBUG org.dbunit.dataset.AbstractTableMetaData - getColumnIndex(columnName=DESCRICAO_TAREFA) - start
02:06:18.628 [main] DEBUG org.dbunit.dataset.AbstractTableMetaData - getColumnIndex(columnName=DATA_INICIO_TAREFA) - start
02:06:18.628 [main] DEBUG org.dbunit.dataset.AbstractTableMetaData - getColumnIndex(columnName=PRIORIDADE_TAREFA) - start
02:06:18.628 [main] DEBUG org.dbunit.dataset.AbstractTableMetaData - getColumnIndex(columnName=TIPO_STATUS) - start
02:06:18.628 [main] DEBUG org.dbunit.dataset.AbstractTableMetaData - getColumnIndex(columnName=USUARIO_ID) - start
02:06:18.628 [main] DEBUG org.dbunit.dataset.AbstractTableMetaData - getColumnIndex(columnName=ID_PROJETO) - start
02:06:18.628 [main] DEBUG org.dbunit.dataset.OrderedTableNameMap - getLastTableName() - start
02:06:18.628 [main] DEBUG org.dbunit.dataset.OrderedTableNameMap - getTableName(tableName=TB_TAREFA) - start
02:06:18.628 [main] DEBUG org.dbunit.dataset.OrderedTableNameMap - getTableName(tableName=TB_TAREFA) - end - result=TB_TAREFA
02:06:18.628 [main] DEBUG org.dbunit.dataset.AbstractTableMetaData - getColumnIndex(columnName=ID_TAREFA) - start
02:06:18.628 [main] DEBUG org.dbunit.dataset.AbstractTableMetaData - getColumnIndex(columnName=NOME_TAREFA) - start
02:06:18.628 [main] DEBUG org.dbunit.dataset.AbstractTableMetaData - getColumnIndex(columnName=DESCRICAO_TAREFA) - start
02:06:18.628 [main] DEBUG org.dbunit.dataset.AbstractTableMetaData - getColumnIndex(columnName=DATA_INICIO_TAREFA) - start
02:06:18.628 [main] DEBUG org.dbunit.dataset.AbstractTableMetaData - getColumnIndex(columnName=PRIORIDADE_TAREFA) - start
02:06:18.628 [main] DEBUG org.dbunit.dataset.AbstractTableMetaData - getColumnIndex(columnName=TIPO_STATUS) - start
02:06:18.628 [main] DEBUG org.dbunit.dataset.AbstractTableMetaData - getColumnIndex(columnName=USUARIO_ID) - start
02:06:18.628 [main] DEBUG org.dbunit.dataset.AbstractTableMetaData - getColumnIndex(columnName=ID_PROJETO) - start
02:06:18.628 [main] DEBUG org.dbunit.dataset.xml.FlatXmlProducer - endElement(uri=, localName=, qName=TB_TAREFA) - start
02:06:18.628 [main] DEBUG org.dbunit.dataset.xml.FlatXmlProducer - startElement(uri=, localName=, qName=TB_TAREFA, attributes=com.sun.org.apache.xerces.internal.parsers.AbstractSAXParser$AttributesProxy@431f1eaf) - start
02:06:18.628 [main] DEBUG org.dbunit.dataset.OrderedTableNameMap - getLastTableName() - start
02:06:18.628 [main] DEBUG org.dbunit.dataset.OrderedTableNameMap - getTableName(tableName=TB_TAREFA) - start
02:06:18.628 [main] DEBUG org.dbunit.dataset.OrderedTableNameMap - getTableName(tableName=TB_TAREFA) - end - result=TB_TAREFA
02:06:18.628 [main] DEBUG org.dbunit.dataset.OrderedTableNameMap - isLastTable(tableName=TB_TAREFA) - start
02:06:18.628 [main] DEBUG org.dbunit.dataset.OrderedTableNameMap - getLastTableName() - start
02:06:18.628 [main] DEBUG org.dbunit.dataset.OrderedTableNameMap - getTableName(tableName=TB_TAREFA) - start
02:06:18.628 [main] DEBUG org.dbunit.dataset.OrderedTableNameMap - getTableName(tableName=TB_TAREFA) - end - result=TB_TAREFA
02:06:18.628 [main] DEBUG org.dbunit.dataset.OrderedTableNameMap - getTableName(tableName=TB_TAREFA) - start
02:06:18.628 [main] DEBUG org.dbunit.dataset.OrderedTableNameMap - getTableName(tableName=TB_TAREFA) - end - result=TB_TAREFA
02:06:18.628 [main] DEBUG org.dbunit.dataset.OrderedTableNameMap - getLastTableName() - start
02:06:18.628 [main] DEBUG org.dbunit.dataset.OrderedTableNameMap - getTableName(tableName=TB_TAREFA) - start
02:06:18.628 [main] DEBUG org.dbunit.dataset.OrderedTableNameMap - getTableName(tableName=TB_TAREFA) - end - result=TB_TAREFA
02:06:18.628 [main] DEBUG org.dbunit.dataset.AbstractTableMetaData - getColumnIndex(columnName=ID_TAREFA) - start
02:06:18.628 [main] DEBUG org.dbunit.dataset.AbstractTableMetaData - getColumnIndex(columnName=NOME_TAREFA) - start
02:06:18.628 [main] DEBUG org.dbunit.dataset.AbstractTableMetaData - getColumnIndex(columnName=DESCRICAO_TAREFA) - start
02:06:18.628 [main] DEBUG org.dbunit.dataset.AbstractTableMetaData - getColumnIndex(columnName=DATA_INICIO_TAREFA) - start
02:06:18.628 [main] DEBUG org.dbunit.dataset.AbstractTableMetaData - getColumnIndex(columnName=PRIORIDADE_TAREFA) - start
02:06:18.628 [main] DEBUG org.dbunit.dataset.AbstractTableMetaData - getColumnIndex(columnName=TIPO_STATUS) - start
02:06:18.628 [main] DEBUG org.dbunit.dataset.AbstractTableMetaData - getColumnIndex(columnName=USUARIO_ID) - start
02:06:18.628 [main] DEBUG org.dbunit.dataset.AbstractTableMetaData - getColumnIndex(columnName=ID_PROJETO) - start
02:06:18.628 [main] DEBUG org.dbunit.dataset.OrderedTableNameMap - getLastTableName() - start
02:06:18.628 [main] DEBUG org.dbunit.dataset.OrderedTableNameMap - getTableName(tableName=TB_TAREFA) - start
02:06:18.628 [main] DEBUG org.dbunit.dataset.OrderedTableNameMap - getTableName(tableName=TB_TAREFA) - end - result=TB_TAREFA
02:06:18.628 [main] DEBUG org.dbunit.dataset.AbstractTableMetaData - getColumnIndex(columnName=ID_TAREFA) - start
02:06:18.628 [main] DEBUG org.dbunit.dataset.AbstractTableMetaData - getColumnIndex(columnName=NOME_TAREFA) - start
02:06:18.628 [main] DEBUG org.dbunit.dataset.AbstractTableMetaData - getColumnIndex(columnName=DESCRICAO_TAREFA) - start
02:06:18.628 [main] DEBUG org.dbunit.dataset.AbstractTableMetaData - getColumnIndex(columnName=DATA_INICIO_TAREFA) - start
02:06:18.628 [main] DEBUG org.dbunit.dataset.AbstractTableMetaData - getColumnIndex(columnName=PRIORIDADE_TAREFA) - start
02:06:18.628 [main] DEBUG org.dbunit.dataset.AbstractTableMetaData - getColumnIndex(columnName=TIPO_STATUS) - start
02:06:18.628 [main] DEBUG org.dbunit.dataset.AbstractTableMetaData - getColumnIndex(columnName=USUARIO_ID) - start
02:06:18.628 [main] DEBUG org.dbunit.dataset.AbstractTableMetaData - getColumnIndex(columnName=ID_PROJETO) - start
02:06:18.628 [main] DEBUG org.dbunit.dataset.xml.FlatXmlProducer - endElement(uri=, localName=, qName=TB_TAREFA) - start
02:06:18.628 [main] DEBUG org.dbunit.dataset.xml.FlatXmlProducer - endElement(uri=, localName=, qName=dataset) - start
02:06:18.628 [main] DEBUG org.dbunit.dataset.OrderedTableNameMap - getLastTableName() - start
02:06:18.628 [main] DEBUG org.dbunit.dataset.OrderedTableNameMap - getTableName(tableName=TB_TAREFA) - start
02:06:18.628 [main] DEBUG org.dbunit.dataset.OrderedTableNameMap - getTableName(tableName=TB_TAREFA) - end - result=TB_TAREFA
02:06:18.628 [main] DEBUG org.dbunit.dataset.CachedDataSet - startTable(metaData=tableName=TB_CLIENTE, columns=[(ID_CLIENTE, UNKNOWN, nullableUnknown), (NOME_CLIENTE, UNKNOWN, nullableUnknown), (EMAIL_CLIENTE, UNKNOWN, nullableUnknown), (CNPJ_CLIENTE, UNKNOWN, nullableUnknown)], keys=[]) - start
02:06:18.629 [main] DEBUG org.dbunit.dataset.CachedDataSet - row(values=1) - start
02:06:18.629 [main] DEBUG org.dbunit.dataset.DefaultTable - addRow(values=1) - start
02:06:18.629 [main] DEBUG org.dbunit.dataset.CachedDataSet - row(values=2) - start
02:06:18.629 [main] DEBUG org.dbunit.dataset.DefaultTable - addRow(values=2) - start
02:06:18.629 [main] DEBUG org.dbunit.dataset.CachedDataSet - endTable() - start
02:06:18.629 [main] DEBUG org.dbunit.dataset.OrderedTableNameMap - getTableName(tableName=TB_CLIENTE) - start
02:06:18.629 [main] DEBUG org.dbunit.dataset.OrderedTableNameMap - getTableName(tableName=TB_CLIENTE) - end - result=TB_CLIENTE
02:06:18.629 [main] DEBUG org.dbunit.dataset.OrderedTableNameMap - add(tableName=TB_CLIENTE, object=org.dbunit.dataset.DefaultTable[_metaData=tableName=TB_CLIENTE, columns=[(ID_CLIENTE, UNKNOWN, nullableUnknown), (NOME_CLIENTE, UNKNOWN, nullableUnknown), (EMAIL_CLIENTE, UNKNOWN, nullableUnknown), (CNPJ_CLIENTE, UNKNOWN, nullableUnknown)], keys=[], _rowList.size()=2]) - start
02:06:18.629 [main] DEBUG org.dbunit.dataset.OrderedTableNameMap - getTableName(tableName=TB_CLIENTE) - start
02:06:18.629 [main] DEBUG org.dbunit.dataset.OrderedTableNameMap - getTableName(tableName=TB_CLIENTE) - end - result=TB_CLIENTE
02:06:18.629 [main] DEBUG org.dbunit.dataset.OrderedTableNameMap - getTableName(tableName=TB_CLIENTE) - start
02:06:18.629 [main] DEBUG org.dbunit.dataset.OrderedTableNameMap - getTableName(tableName=TB_CLIENTE) - end - result=TB_CLIENTE
02:06:18.629 [main] DEBUG org.dbunit.dataset.CachedDataSet - startTable(metaData=tableName=TB_TELEFONE_CLIENTE, columns=[(ID_CLIENTE, UNKNOWN, nullableUnknown), (NUM_TELEFONE, UNKNOWN, nullableUnknown)], keys=[]) - start
02:06:18.629 [main] DEBUG org.dbunit.dataset.CachedDataSet - row(values=1) - start
02:06:18.629 [main] DEBUG org.dbunit.dataset.DefaultTable - addRow(values=1) - start
02:06:18.629 [main] DEBUG org.dbunit.dataset.CachedDataSet - row(values=1) - start
02:06:18.629 [main] DEBUG org.dbunit.dataset.DefaultTable - addRow(values=1) - start
02:06:18.629 [main] DEBUG org.dbunit.dataset.CachedDataSet - row(values=2) - start
02:06:18.629 [main] DEBUG org.dbunit.dataset.DefaultTable - addRow(values=2) - start
02:06:18.629 [main] DEBUG org.dbunit.dataset.CachedDataSet - endTable() - start
02:06:18.629 [main] DEBUG org.dbunit.dataset.OrderedTableNameMap - getTableName(tableName=TB_TELEFONE_CLIENTE) - start
02:06:18.629 [main] DEBUG org.dbunit.dataset.OrderedTableNameMap - getTableName(tableName=TB_TELEFONE_CLIENTE) - end - result=TB_TELEFONE_CLIENTE
02:06:18.629 [main] DEBUG org.dbunit.dataset.OrderedTableNameMap - add(tableName=TB_TELEFONE_CLIENTE, object=org.dbunit.dataset.DefaultTable[_metaData=tableName=TB_TELEFONE_CLIENTE, columns=[(ID_CLIENTE, UNKNOWN, nullableUnknown), (NUM_TELEFONE, UNKNOWN, nullableUnknown)], keys=[], _rowList.size()=3]) - start
02:06:18.629 [main] DEBUG org.dbunit.dataset.OrderedTableNameMap - getTableName(tableName=TB_TELEFONE_CLIENTE) - start
02:06:18.629 [main] DEBUG org.dbunit.dataset.OrderedTableNameMap - getTableName(tableName=TB_TELEFONE_CLIENTE) - end - result=TB_TELEFONE_CLIENTE
02:06:18.629 [main] DEBUG org.dbunit.dataset.OrderedTableNameMap - getTableName(tableName=TB_TELEFONE_CLIENTE) - start
02:06:18.629 [main] DEBUG org.dbunit.dataset.OrderedTableNameMap - getTableName(tableName=TB_TELEFONE_CLIENTE) - end - result=TB_TELEFONE_CLIENTE
02:06:18.629 [main] DEBUG org.dbunit.dataset.CachedDataSet - startTable(metaData=tableName=TB_PROJETO, columns=[(ID_PROJETO, UNKNOWN, nullableUnknown), (NOME_PROJETO, UNKNOWN, nullableUnknown), (DESCRICAO_PROJETO, UNKNOWN, nullableUnknown), (ID_CLIENTE, UNKNOWN, nullableUnknown), (ID_CALENDARIO, UNKNOWN, nullableUnknown)], keys=[]) - start
02:06:18.629 [main] DEBUG org.dbunit.dataset.CachedDataSet - row(values=1) - start
02:06:18.629 [main] DEBUG org.dbunit.dataset.DefaultTable - addRow(values=1) - start
02:06:18.629 [main] DEBUG org.dbunit.dataset.CachedDataSet - row(values=2) - start
02:06:18.629 [main] DEBUG org.dbunit.dataset.DefaultTable - addRow(values=2) - start
02:06:18.629 [main] DEBUG org.dbunit.dataset.CachedDataSet - row(values=1) - start
02:06:18.629 [main] DEBUG org.dbunit.dataset.DefaultTable - addRow(values=1) - start
02:06:18.629 [main] DEBUG org.dbunit.dataset.CachedDataSet - row(values=2) - start
02:06:18.629 [main] DEBUG org.dbunit.dataset.DefaultTable - addRow(values=2) - start
02:06:18.629 [main] DEBUG org.dbunit.dataset.CachedDataSet - endTable() - start
02:06:18.629 [main] DEBUG org.dbunit.dataset.OrderedTableNameMap - getTableName(tableName=TB_PROJETO) - start
02:06:18.629 [main] DEBUG org.dbunit.dataset.OrderedTableNameMap - getTableName(tableName=TB_PROJETO) - end - result=TB_PROJETO
02:06:18.629 [main] DEBUG org.dbunit.dataset.OrderedTableNameMap - add(tableName=TB_PROJETO, object=org.dbunit.dataset.DefaultTable[_metaData=tableName=TB_PROJETO, columns=[(ID_PROJETO, UNKNOWN, nullableUnknown), (NOME_PROJETO, UNKNOWN, nullableUnknown), (DESCRICAO_PROJETO, UNKNOWN, nullableUnknown), (ID_CLIENTE, UNKNOWN, nullableUnknown), (ID_CALENDARIO, UNKNOWN, nullableUnknown)], keys=[], _rowList.size()=4]) - start
02:06:18.629 [main] DEBUG org.dbunit.dataset.OrderedTableNameMap - getTableName(tableName=TB_PROJETO) - start
02:06:18.629 [main] DEBUG org.dbunit.dataset.OrderedTableNameMap - getTableName(tableName=TB_PROJETO) - end - result=TB_PROJETO
02:06:18.629 [main] DEBUG org.dbunit.dataset.OrderedTableNameMap - getTableName(tableName=TB_PROJETO) - start
02:06:18.629 [main] DEBUG org.dbunit.dataset.OrderedTableNameMap - getTableName(tableName=TB_PROJETO) - end - result=TB_PROJETO
02:06:18.629 [main] DEBUG org.dbunit.dataset.CachedDataSet - startTable(metaData=tableName=TB_CALENDARIO, columns=[(ID_CALENDARIO, UNKNOWN, nullableUnknown), (DATA_INICIO, UNKNOWN, nullableUnknown), (DATA_FIM, UNKNOWN, nullableUnknown), (HORAS_TOTAIS, UNKNOWN, nullableUnknown)], keys=[]) - start
02:06:18.629 [main] DEBUG org.dbunit.dataset.CachedDataSet - row(values=1) - start
02:06:18.629 [main] DEBUG org.dbunit.dataset.DefaultTable - addRow(values=1) - start
02:06:18.629 [main] DEBUG org.dbunit.dataset.CachedDataSet - row(values=2) - start
02:06:18.629 [main] DEBUG org.dbunit.dataset.DefaultTable - addRow(values=2) - start
02:06:18.629 [main] DEBUG org.dbunit.dataset.CachedDataSet - endTable() - start
02:06:18.629 [main] DEBUG org.dbunit.dataset.OrderedTableNameMap - getTableName(tableName=TB_CALENDARIO) - start
02:06:18.629 [main] DEBUG org.dbunit.dataset.OrderedTableNameMap - getTableName(tableName=TB_CALENDARIO) - end - result=TB_CALENDARIO
02:06:18.629 [main] DEBUG org.dbunit.dataset.OrderedTableNameMap - add(tableName=TB_CALENDARIO, object=org.dbunit.dataset.DefaultTable[_metaData=tableName=TB_CALENDARIO, columns=[(ID_CALENDARIO, UNKNOWN, nullableUnknown), (DATA_INICIO, UNKNOWN, nullableUnknown), (DATA_FIM, UNKNOWN, nullableUnknown), (HORAS_TOTAIS, UNKNOWN, nullableUnknown)], keys=[], _rowList.size()=2]) - start
02:06:18.629 [main] DEBUG org.dbunit.dataset.OrderedTableNameMap - getTableName(tableName=TB_CALENDARIO) - start
02:06:18.629 [main] DEBUG org.dbunit.dataset.OrderedTableNameMap - getTableName(tableName=TB_CALENDARIO) - end - result=TB_CALENDARIO
02:06:18.629 [main] DEBUG org.dbunit.dataset.OrderedTableNameMap - getTableName(tableName=TB_CALENDARIO) - start
02:06:18.629 [main] DEBUG org.dbunit.dataset.OrderedTableNameMap - getTableName(tableName=TB_CALENDARIO) - end - result=TB_CALENDARIO
02:06:18.629 [main] DEBUG org.dbunit.dataset.CachedDataSet - startTable(metaData=tableName=TB_DOCUMENTO, columns=[(ID_DOCUMENTO, UNKNOWN, nullableUnknown), (TITULO_DOCUMENTO, UNKNOWN, nullableUnknown), (TIPO_DOCUMENTO, UNKNOWN, nullableUnknown), (DATA_CRIACAO_DOCUMENTO, UNKNOWN, nullableUnknown), (AUTOR_DOCUMENTO, UNKNOWN, nullableUnknown), (CAMINHO_ARQUIVO_DOCUMENTO, UNKNOWN, nullableUnknown), (ID_PROJETO, UNKNOWN, nullableUnknown)], keys=[]) - start
02:06:18.629 [main] DEBUG org.dbunit.dataset.CachedDataSet - row(values=1) - start
02:06:18.629 [main] DEBUG org.dbunit.dataset.DefaultTable - addRow(values=1) - start
02:06:18.629 [main] DEBUG org.dbunit.dataset.CachedDataSet - row(values=2) - start
02:06:18.629 [main] DEBUG org.dbunit.dataset.DefaultTable - addRow(values=2) - start
02:06:18.629 [main] DEBUG org.dbunit.dataset.CachedDataSet - endTable() - start
02:06:18.629 [main] DEBUG org.dbunit.dataset.OrderedTableNameMap - getTableName(tableName=TB_DOCUMENTO) - start
02:06:18.629 [main] DEBUG org.dbunit.dataset.OrderedTableNameMap - getTableName(tableName=TB_DOCUMENTO) - end - result=TB_DOCUMENTO
02:06:18.629 [main] DEBUG org.dbunit.dataset.OrderedTableNameMap - add(tableName=TB_DOCUMENTO, object=org.dbunit.dataset.DefaultTable[_metaData=tableName=TB_DOCUMENTO, columns=[(ID_DOCUMENTO, UNKNOWN, nullableUnknown), (TITULO_DOCUMENTO, UNKNOWN, nullableUnknown), (TIPO_DOCUMENTO, UNKNOWN, nullableUnknown), (DATA_CRIACAO_DOCUMENTO, UNKNOWN, nullableUnknown), (AUTOR_DOCUMENTO, UNKNOWN, nullableUnknown), (CAMINHO_ARQUIVO_DOCUMENTO, UNKNOWN, nullableUnknown), (ID_PROJETO, UNKNOWN, nullableUnknown)], keys=[], _rowList.size()=2]) - start
02:06:18.629 [main] DEBUG org.dbunit.dataset.OrderedTableNameMap - getTableName(tableName=TB_DOCUMENTO) - start
02:06:18.629 [main] DEBUG org.dbunit.dataset.OrderedTableNameMap - getTableName(tableName=TB_DOCUMENTO) - end - result=TB_DOCUMENTO
02:06:18.629 [main] DEBUG org.dbunit.dataset.OrderedTableNameMap - getTableName(tableName=TB_DOCUMENTO) - start
02:06:18.629 [main] DEBUG org.dbunit.dataset.OrderedTableNameMap - getTableName(tableName=TB_DOCUMENTO) - end - result=TB_DOCUMENTO
02:06:18.629 [main] DEBUG org.dbunit.dataset.CachedDataSet - startTable(metaData=tableName=TB_RECURSO, columns=[(ID_RECURSO, UNKNOWN, nullableUnknown), (NOME_RECURSO, UNKNOWN, nullableUnknown), (TIPO_RECURSO, UNKNOWN, nullableUnknown), (QUANTIDADE_RECURSO, UNKNOWN, nullableUnknown), (CUSTO_RECURSO, UNKNOWN, nullableUnknown), (ID_PROJETO, UNKNOWN, nullableUnknown)], keys=[]) - start
02:06:18.629 [main] DEBUG org.dbunit.dataset.CachedDataSet - row(values=1) - start
02:06:18.629 [main] DEBUG org.dbunit.dataset.DefaultTable - addRow(values=1) - start
02:06:18.629 [main] DEBUG org.dbunit.dataset.CachedDataSet - row(values=2) - start
02:06:18.629 [main] DEBUG org.dbunit.dataset.DefaultTable - addRow(values=2) - start
02:06:18.629 [main] DEBUG org.dbunit.dataset.CachedDataSet - endTable() - start
02:06:18.629 [main] DEBUG org.dbunit.dataset.OrderedTableNameMap - getTableName(tableName=TB_RECURSO) - start
02:06:18.629 [main] DEBUG org.dbunit.dataset.OrderedTableNameMap - getTableName(tableName=TB_RECURSO) - end - result=TB_RECURSO
02:06:18.629 [main] DEBUG org.dbunit.dataset.OrderedTableNameMap - add(tableName=TB_RECURSO, object=org.dbunit.dataset.DefaultTable[_metaData=tableName=TB_RECURSO, columns=[(ID_RECURSO, UNKNOWN, nullableUnknown), (NOME_RECURSO, UNKNOWN, nullableUnknown), (TIPO_RECURSO, UNKNOWN, nullableUnknown), (QUANTIDADE_RECURSO, UNKNOWN, nullableUnknown), (CUSTO_RECURSO, UNKNOWN, nullableUnknown), (ID_PROJETO, UNKNOWN, nullableUnknown)], keys=[], _rowList.size()=2]) - start
02:06:18.629 [main] DEBUG org.dbunit.dataset.OrderedTableNameMap - getTableName(tableName=TB_RECURSO) - start
02:06:18.629 [main] DEBUG org.dbunit.dataset.OrderedTableNameMap - getTableName(tableName=TB_RECURSO) - end - result=TB_RECURSO
02:06:18.629 [main] DEBUG org.dbunit.dataset.OrderedTableNameMap - getTableName(tableName=TB_RECURSO) - start
02:06:18.629 [main] DEBUG org.dbunit.dataset.OrderedTableNameMap - getTableName(tableName=TB_RECURSO) - end - result=TB_RECURSO
02:06:18.629 [main] DEBUG org.dbunit.dataset.CachedDataSet - startTable(metaData=tableName=TB_FERIADO, columns=[(ID_FERIADO, UNKNOWN, nullableUnknown), (DATA_FERIADO, UNKNOWN, nullableUnknown), (NOME_FERIADO, UNKNOWN, nullableUnknown), (TIPO_FERIADO, UNKNOWN, nullableUnknown)], keys=[]) - start
02:06:18.629 [main] DEBUG org.dbunit.dataset.CachedDataSet - row(values=1) - start
02:06:18.629 [main] DEBUG org.dbunit.dataset.DefaultTable - addRow(values=1) - start
02:06:18.629 [main] DEBUG org.dbunit.dataset.CachedDataSet - row(values=2) - start
02:06:18.629 [main] DEBUG org.dbunit.dataset.DefaultTable - addRow(values=2) - start
02:06:18.629 [main] DEBUG org.dbunit.dataset.CachedDataSet - endTable() - start
02:06:18.629 [main] DEBUG org.dbunit.dataset.OrderedTableNameMap - getTableName(tableName=TB_FERIADO) - start
02:06:18.629 [main] DEBUG org.dbunit.dataset.OrderedTableNameMap - getTableName(tableName=TB_FERIADO) - end - result=TB_FERIADO
02:06:18.629 [main] DEBUG org.dbunit.dataset.OrderedTableNameMap - add(tableName=TB_FERIADO, object=org.dbunit.dataset.DefaultTable[_metaData=tableName=TB_FERIADO, columns=[(ID_FERIADO, UNKNOWN, nullableUnknown), (DATA_FERIADO, UNKNOWN, nullableUnknown), (NOME_FERIADO, UNKNOWN, nullableUnknown), (TIPO_FERIADO, UNKNOWN, nullableUnknown)], keys=[], _rowList.size()=2]) - start
02:06:18.629 [main] DEBUG org.dbunit.dataset.OrderedTableNameMap - getTableName(tableName=TB_FERIADO) - start
02:06:18.629 [main] DEBUG org.dbunit.dataset.OrderedTableNameMap - getTableName(tableName=TB_FERIADO) - end - result=TB_FERIADO
02:06:18.629 [main] DEBUG org.dbunit.dataset.OrderedTableNameMap - getTableName(tableName=TB_FERIADO) - start
02:06:18.629 [main] DEBUG org.dbunit.dataset.OrderedTableNameMap - getTableName(tableName=TB_FERIADO) - end - result=TB_FERIADO
02:06:18.629 [main] DEBUG org.dbunit.dataset.CachedDataSet - startTable(metaData=tableName=TB_FORNECEDOR, columns=[(ID_FORNECEDOR, UNKNOWN, nullableUnknown), (NOME_FORNECEDOR, UNKNOWN, nullableUnknown), (CNPJ_FORNECEDOR, UNKNOWN, nullableUnknown), (EMAIL_FORNECEDOR, UNKNOWN, nullableUnknown), (TIPO_FORNECEDOR, UNKNOWN, nullableUnknown), (TIPO_STATUS, UNKNOWN, nullableUnknown), (DESCRICAO, UNKNOWN, nullableUnknown), (DATA_CADASTRO, UNKNOWN, nullableUnknown)], keys=[]) - start
02:06:18.629 [main] DEBUG org.dbunit.dataset.CachedDataSet - row(values=1) - start
02:06:18.629 [main] DEBUG org.dbunit.dataset.DefaultTable - addRow(values=1) - start
02:06:18.629 [main] DEBUG org.dbunit.dataset.CachedDataSet - row(values=2) - start
02:06:18.629 [main] DEBUG org.dbunit.dataset.DefaultTable - addRow(values=2) - start
02:06:18.629 [main] DEBUG org.dbunit.dataset.CachedDataSet - endTable() - start
02:06:18.629 [main] DEBUG org.dbunit.dataset.OrderedTableNameMap - getTableName(tableName=TB_FORNECEDOR) - start
02:06:18.629 [main] DEBUG org.dbunit.dataset.OrderedTableNameMap - getTableName(tableName=TB_FORNECEDOR) - end - result=TB_FORNECEDOR
02:06:18.629 [main] DEBUG org.dbunit.dataset.OrderedTableNameMap - add(tableName=TB_FORNECEDOR, object=org.dbunit.dataset.DefaultTable[_metaData=tableName=TB_FORNECEDOR, columns=[(ID_FORNECEDOR, UNKNOWN, nullableUnknown), (NOME_FORNECEDOR, UNKNOWN, nullableUnknown), (CNPJ_FORNECEDOR, UNKNOWN, nullableUnknown), (EMAIL_FORNECEDOR, UNKNOWN, nullableUnknown), (TIPO_FORNECEDOR, UNKNOWN, nullableUnknown), (TIPO_STATUS, UNKNOWN, nullableUnknown), (DESCRICAO, UNKNOWN, nullableUnknown), (DATA_CADASTRO, UNKNOWN, nullableUnknown)], keys=[], _rowList.size()=2]) - start
02:06:18.629 [main] DEBUG org.dbunit.dataset.OrderedTableNameMap - getTableName(tableName=TB_FORNECEDOR) - start
02:06:18.629 [main] DEBUG org.dbunit.dataset.OrderedTableNameMap - getTableName(tableName=TB_FORNECEDOR) - end - result=TB_FORNECEDOR
02:06:18.629 [main] DEBUG org.dbunit.dataset.OrderedTableNameMap - getTableName(tableName=TB_FORNECEDOR) - start
02:06:18.629 [main] DEBUG org.dbunit.dataset.OrderedTableNameMap - getTableName(tableName=TB_FORNECEDOR) - end - result=TB_FORNECEDOR
02:06:18.629 [main] DEBUG org.dbunit.dataset.CachedDataSet - startTable(metaData=tableName=TB_PROJETO_FORNECEDOR, columns=[(ID_PROJETO, UNKNOWN, nullableUnknown), (ID_FORNECEDOR, UNKNOWN, nullableUnknown)], keys=[]) - start
02:06:18.629 [main] DEBUG org.dbunit.dataset.CachedDataSet - row(values=1) - start
02:06:18.629 [main] DEBUG org.dbunit.dataset.DefaultTable - addRow(values=1) - start
02:06:18.629 [main] DEBUG org.dbunit.dataset.CachedDataSet - row(values=2) - start
02:06:18.629 [main] DEBUG org.dbunit.dataset.DefaultTable - addRow(values=2) - start
02:06:18.629 [main] DEBUG org.dbunit.dataset.CachedDataSet - endTable() - start
02:06:18.629 [main] DEBUG org.dbunit.dataset.OrderedTableNameMap - getTableName(tableName=TB_PROJETO_FORNECEDOR) - start
02:06:18.629 [main] DEBUG org.dbunit.dataset.OrderedTableNameMap - getTableName(tableName=TB_PROJETO_FORNECEDOR) - end - result=TB_PROJETO_FORNECEDOR
02:06:18.629 [main] DEBUG org.dbunit.dataset.OrderedTableNameMap - add(tableName=TB_PROJETO_FORNECEDOR, object=org.dbunit.dataset.DefaultTable[_metaData=tableName=TB_PROJETO_FORNECEDOR, columns=[(ID_PROJETO, UNKNOWN, nullableUnknown), (ID_FORNECEDOR, UNKNOWN, nullableUnknown)], keys=[], _rowList.size()=2]) - start
02:06:18.629 [main] DEBUG org.dbunit.dataset.OrderedTableNameMap - getTableName(tableName=TB_PROJETO_FORNECEDOR) - start
02:06:18.629 [main] DEBUG org.dbunit.dataset.OrderedTableNameMap - getTableName(tableName=TB_PROJETO_FORNECEDOR) - end - result=TB_PROJETO_FORNECEDOR
02:06:18.629 [main] DEBUG org.dbunit.dataset.OrderedTableNameMap - getTableName(tableName=TB_PROJETO_FORNECEDOR) - start
02:06:18.629 [main] DEBUG org.dbunit.dataset.OrderedTableNameMap - getTableName(tableName=TB_PROJETO_FORNECEDOR) - end - result=TB_PROJETO_FORNECEDOR
02:06:18.629 [main] DEBUG org.dbunit.dataset.CachedDataSet - startTable(metaData=tableName=TB_USUARIO, columns=[(ID_USUARIO, UNKNOWN, nullableUnknown), (NOME_USUARIO, UNKNOWN, nullableUnknown), (EMAIL_USUARIO, UNKNOWN, nullableUnknown), (SENHA_USUARIO, UNKNOWN, nullableUnknown)], keys=[]) - start
02:06:18.629 [main] DEBUG org.dbunit.dataset.CachedDataSet - row(values=1) - start
02:06:18.629 [main] DEBUG org.dbunit.dataset.DefaultTable - addRow(values=1) - start
02:06:18.629 [main] DEBUG org.dbunit.dataset.CachedDataSet - row(values=2) - start
02:06:18.629 [main] DEBUG org.dbunit.dataset.DefaultTable - addRow(values=2) - start
02:06:18.629 [main] DEBUG org.dbunit.dataset.CachedDataSet - endTable() - start
02:06:18.629 [main] DEBUG org.dbunit.dataset.OrderedTableNameMap - getTableName(tableName=TB_USUARIO) - start
02:06:18.629 [main] DEBUG org.dbunit.dataset.OrderedTableNameMap - getTableName(tableName=TB_USUARIO) - end - result=TB_USUARIO
02:06:18.629 [main] DEBUG org.dbunit.dataset.OrderedTableNameMap - add(tableName=TB_USUARIO, object=org.dbunit.dataset.DefaultTable[_metaData=tableName=TB_USUARIO, columns=[(ID_USUARIO, UNKNOWN, nullableUnknown), (NOME_USUARIO, UNKNOWN, nullableUnknown), (EMAIL_USUARIO, UNKNOWN, nullableUnknown), (SENHA_USUARIO, UNKNOWN, nullableUnknown)], keys=[], _rowList.size()=2]) - start
02:06:18.629 [main] DEBUG org.dbunit.dataset.OrderedTableNameMap - getTableName(tableName=TB_USUARIO) - start
02:06:18.629 [main] DEBUG org.dbunit.dataset.OrderedTableNameMap - getTableName(tableName=TB_USUARIO) - end - result=TB_USUARIO
02:06:18.629 [main] DEBUG org.dbunit.dataset.OrderedTableNameMap - getTableName(tableName=TB_USUARIO) - start
02:06:18.629 [main] DEBUG org.dbunit.dataset.OrderedTableNameMap - getTableName(tableName=TB_USUARIO) - end - result=TB_USUARIO
02:06:18.629 [main] DEBUG org.dbunit.dataset.CachedDataSet - startTable(metaData=tableName=TB_PERFIL, columns=[(ID_PERFIL, UNKNOWN, nullableUnknown), (NOME_PERFIL, UNKNOWN, nullableUnknown)], keys=[]) - start
02:06:18.629 [main] DEBUG org.dbunit.dataset.CachedDataSet - row(values=1) - start
02:06:18.629 [main] DEBUG org.dbunit.dataset.DefaultTable - addRow(values=1) - start
02:06:18.629 [main] DEBUG org.dbunit.dataset.CachedDataSet - row(values=2) - start
02:06:18.629 [main] DEBUG org.dbunit.dataset.DefaultTable - addRow(values=2) - start
02:06:18.629 [main] DEBUG org.dbunit.dataset.CachedDataSet - endTable() - start
02:06:18.629 [main] DEBUG org.dbunit.dataset.OrderedTableNameMap - getTableName(tableName=TB_PERFIL) - start
02:06:18.629 [main] DEBUG org.dbunit.dataset.OrderedTableNameMap - getTableName(tableName=TB_PERFIL) - end - result=TB_PERFIL
02:06:18.629 [main] DEBUG org.dbunit.dataset.OrderedTableNameMap - add(tableName=TB_PERFIL, object=org.dbunit.dataset.DefaultTable[_metaData=tableName=TB_PERFIL, columns=[(ID_PERFIL, UNKNOWN, nullableUnknown), (NOME_PERFIL, UNKNOWN, nullableUnknown)], keys=[], _rowList.size()=2]) - start
02:06:18.629 [main] DEBUG org.dbunit.dataset.OrderedTableNameMap - getTableName(tableName=TB_PERFIL) - start
02:06:18.629 [main] DEBUG org.dbunit.dataset.OrderedTableNameMap - getTableName(tableName=TB_PERFIL) - end - result=TB_PERFIL
02:06:18.629 [main] DEBUG org.dbunit.dataset.OrderedTableNameMap - getTableName(tableName=TB_PERFIL) - start
02:06:18.629 [main] DEBUG org.dbunit.dataset.OrderedTableNameMap - getTableName(tableName=TB_PERFIL) - end - result=TB_PERFIL
02:06:18.629 [main] DEBUG org.dbunit.dataset.CachedDataSet - startTable(metaData=tableName=TB_USUARIO_PERFIL, columns=[(ID_USUARIO, UNKNOWN, nullableUnknown), (ID_PERFIL, UNKNOWN, nullableUnknown)], keys=[]) - start
02:06:18.629 [main] DEBUG org.dbunit.dataset.CachedDataSet - row(values=1) - start
02:06:18.629 [main] DEBUG org.dbunit.dataset.DefaultTable - addRow(values=1) - start
02:06:18.629 [main] DEBUG org.dbunit.dataset.CachedDataSet - row(values=2) - start
02:06:18.629 [main] DEBUG org.dbunit.dataset.DefaultTable - addRow(values=2) - start
02:06:18.629 [main] DEBUG org.dbunit.dataset.CachedDataSet - endTable() - start
02:06:18.629 [main] DEBUG org.dbunit.dataset.OrderedTableNameMap - getTableName(tableName=TB_USUARIO_PERFIL) - start
02:06:18.629 [main] DEBUG org.dbunit.dataset.OrderedTableNameMap - getTableName(tableName=TB_USUARIO_PERFIL) - end - result=TB_USUARIO_PERFIL
02:06:18.629 [main] DEBUG org.dbunit.dataset.OrderedTableNameMap - add(tableName=TB_USUARIO_PERFIL, object=org.dbunit.dataset.DefaultTable[_metaData=tableName=TB_USUARIO_PERFIL, columns=[(ID_USUARIO, UNKNOWN, nullableUnknown), (ID_PERFIL, UNKNOWN, nullableUnknown)], keys=[], _rowList.size()=2]) - start
02:06:18.629 [main] DEBUG org.dbunit.dataset.OrderedTableNameMap - getTableName(tableName=TB_USUARIO_PERFIL) - start
02:06:18.629 [main] DEBUG org.dbunit.dataset.OrderedTableNameMap - getTableName(tableName=TB_USUARIO_PERFIL) - end - result=TB_USUARIO_PERFIL
02:06:18.629 [main] DEBUG org.dbunit.dataset.OrderedTableNameMap - getTableName(tableName=TB_USUARIO_PERFIL) - start
02:06:18.629 [main] DEBUG org.dbunit.dataset.OrderedTableNameMap - getTableName(tableName=TB_USUARIO_PERFIL) - end - result=TB_USUARIO_PERFIL
02:06:18.629 [main] DEBUG org.dbunit.dataset.CachedDataSet - startTable(metaData=tableName=TB_TAREFA, columns=[(ID_TAREFA, UNKNOWN, nullableUnknown), (NOME_TAREFA, UNKNOWN, nullableUnknown), (DESCRICAO_TAREFA, UNKNOWN, nullableUnknown), (DATA_INICIO_TAREFA, UNKNOWN, nullableUnknown), (PRIORIDADE_TAREFA, UNKNOWN, nullableUnknown), (TIPO_STATUS, UNKNOWN, nullableUnknown), (USUARIO_ID, UNKNOWN, nullableUnknown), (ID_PROJETO, UNKNOWN, nullableUnknown)], keys=[]) - start
02:06:18.629 [main] DEBUG org.dbunit.dataset.CachedDataSet - row(values=1) - start
02:06:18.629 [main] DEBUG org.dbunit.dataset.DefaultTable - addRow(values=1) - start
02:06:18.629 [main] DEBUG org.dbunit.dataset.CachedDataSet - row(values=2) - start
02:06:18.629 [main] DEBUG org.dbunit.dataset.DefaultTable - addRow(values=2) - start
02:06:18.629 [main] DEBUG org.dbunit.dataset.CachedDataSet - endTable() - start
02:06:18.629 [main] DEBUG org.dbunit.dataset.OrderedTableNameMap - getTableName(tableName=TB_TAREFA) - start
02:06:18.629 [main] DEBUG org.dbunit.dataset.OrderedTableNameMap - getTableName(tableName=TB_TAREFA) - end - result=TB_TAREFA
02:06:18.629 [main] DEBUG org.dbunit.dataset.OrderedTableNameMap - add(tableName=TB_TAREFA, object=org.dbunit.dataset.DefaultTable[_metaData=tableName=TB_TAREFA, columns=[(ID_TAREFA, UNKNOWN, nullableUnknown), (NOME_TAREFA, UNKNOWN, nullableUnknown), (DESCRICAO_TAREFA, UNKNOWN, nullableUnknown), (DATA_INICIO_TAREFA, UNKNOWN, nullableUnknown), (PRIORIDADE_TAREFA, UNKNOWN, nullableUnknown), (TIPO_STATUS, UNKNOWN, nullableUnknown), (USUARIO_ID, UNKNOWN, nullableUnknown), (ID_PROJETO, UNKNOWN, nullableUnknown)], keys=[], _rowList.size()=2]) - start
02:06:18.629 [main] DEBUG org.dbunit.dataset.OrderedTableNameMap - getTableName(tableName=TB_TAREFA) - start
02:06:18.629 [main] DEBUG org.dbunit.dataset.OrderedTableNameMap - getTableName(tableName=TB_TAREFA) - end - result=TB_TAREFA
02:06:18.629 [main] DEBUG org.dbunit.dataset.OrderedTableNameMap - getTableName(tableName=TB_TAREFA) - start
02:06:18.629 [main] DEBUG org.dbunit.dataset.OrderedTableNameMap - getTableName(tableName=TB_TAREFA) - end - result=TB_TAREFA
02:06:18.629 [main] DEBUG org.dbunit.dataset.CachedDataSet - endDataSet() - start
02:06:18.629 [main] DEBUG org.dbunit.dataset.CachedDataSet - endDataSet() - the final tableMap is: org.dbunit.dataset.OrderedTableNameMap[_tableNames=[TB_CLIENTE, TB_TELEFONE_CLIENTE, TB_PROJETO, TB_CALENDARIO, TB_DOCUMENTO, TB_RECURSO, TB_FERIADO, TB_FORNECEDOR, TB_PROJETO_FORNECEDOR, TB_USUARIO, TB_PERFIL, TB_USUARIO_PERFIL, TB_TAREFA], _tableMap={TB_TELEFONE_CLIENTE=org.dbunit.dataset.DefaultTable[_metaData=tableName=TB_TELEFONE_CLIENTE, columns=[(ID_CLIENTE, UNKNOWN, nullableUnknown), (NUM_TELEFONE, UNKNOWN, nullableUnknown)], keys=[], _rowList.size()=3], TB_FERIADO=org.dbunit.dataset.DefaultTable[_metaData=tableName=TB_FERIADO, columns=[(ID_FERIADO, UNKNOWN, nullableUnknown), (DATA_FERIADO, UNKNOWN, nullableUnknown), (NOME_FERIADO, UNKNOWN, nullableUnknown), (TIPO_FERIADO, UNKNOWN, nullableUnknown)], keys=[], _rowList.size()=2], TB_PROJETO_FORNECEDOR=org.dbunit.dataset.DefaultTable[_metaData=tableName=TB_PROJETO_FORNECEDOR, columns=[(ID_PROJETO, UNKNOWN, nullableUnknown), (ID_FORNECEDOR, UNKNOWN, nullableUnknown)], keys=[], _rowList.size()=2], TB_FORNECEDOR=org.dbunit.dataset.DefaultTable[_metaData=tableName=TB_FORNECEDOR, columns=[(ID_FORNECEDOR, UNKNOWN, nullableUnknown), (NOME_FORNECEDOR, UNKNOWN, nullableUnknown), (CNPJ_FORNECEDOR, UNKNOWN, nullableUnknown), (EMAIL_FORNECEDOR, UNKNOWN, nullableUnknown), (TIPO_FORNECEDOR, UNKNOWN, nullableUnknown), (TIPO_STATUS, UNKNOWN, nullableUnknown), (DESCRICAO, UNKNOWN, nullableUnknown), (DATA_CADASTRO, UNKNOWN, nullableUnknown)], keys=[], _rowList.size()=2], TB_CLIENTE=org.dbunit.dataset.DefaultTable[_metaData=tableName=TB_CLIENTE, columns=[(ID_CLIENTE, UNKNOWN, nullableUnknown), (NOME_CLIENTE, UNKNOWN, nullableUnknown), (EMAIL_CLIENTE, UNKNOWN, nullableUnknown), (CNPJ_CLIENTE, UNKNOWN, nullableUnknown)], keys=[], _rowList.size()=2], TB_TAREFA=org.dbunit.dataset.DefaultTable[_metaData=tableName=TB_TAREFA, columns=[(ID_TAREFA, UNKNOWN, nullableUnknown), (NOME_TAREFA, UNKNOWN, nullableUnknown), (DESCRICAO_TAREFA, UNKNOWN, nullableUnknown), (DATA_INICIO_TAREFA, UNKNOWN, nullableUnknown), (PRIORIDADE_TAREFA, UNKNOWN, nullableUnknown), (TIPO_STATUS, UNKNOWN, nullableUnknown), (USUARIO_ID, UNKNOWN, nullableUnknown), (ID_PROJETO, UNKNOWN, nullableUnknown)], keys=[], _rowList.size()=2], TB_USUARIO=org.dbunit.dataset.DefaultTable[_metaData=tableName=TB_USUARIO, columns=[(ID_USUARIO, UNKNOWN, nullableUnknown), (NOME_USUARIO, UNKNOWN, nullableUnknown), (EMAIL_USUARIO, UNKNOWN, nullableUnknown), (SENHA_USUARIO, UNKNOWN, nullableUnknown)], keys=[], _rowList.size()=2], TB_USUARIO_PERFIL=org.dbunit.dataset.DefaultTable[_metaData=tableName=TB_USUARIO_PERFIL, columns=[(ID_USUARIO, UNKNOWN, nullableUnknown), (ID_PERFIL, UNKNOWN, nullableUnknown)], keys=[], _rowList.size()=2], TB_CALENDARIO=org.dbunit.dataset.DefaultTable[_metaData=tableName=TB_CALENDARIO, columns=[(ID_CALENDARIO, UNKNOWN, nullableUnknown), (DATA_INICIO, UNKNOWN, nullableUnknown), (DATA_FIM, UNKNOWN, nullableUnknown), (HORAS_TOTAIS, UNKNOWN, nullableUnknown)], keys=[], _rowList.size()=2], TB_DOCUMENTO=org.dbunit.dataset.DefaultTable[_metaData=tableName=TB_DOCUMENTO, columns=[(ID_DOCUMENTO, UNKNOWN, nullableUnknown), (TITULO_DOCUMENTO, UNKNOWN, nullableUnknown), (TIPO_DOCUMENTO, UNKNOWN, nullableUnknown), (DATA_CRIACAO_DOCUMENTO, UNKNOWN, nullableUnknown), (AUTOR_DOCUMENTO, UNKNOWN, nullableUnknown), (CAMINHO_ARQUIVO_DOCUMENTO, UNKNOWN, nullableUnknown), (ID_PROJETO, UNKNOWN, nullableUnknown)], keys=[], _rowList.size()=2], TB_PERFIL=org.dbunit.dataset.DefaultTable[_metaData=tableName=TB_PERFIL, columns=[(ID_PERFIL, UNKNOWN, nullableUnknown), (NOME_PERFIL, UNKNOWN, nullableUnknown)], keys=[], _rowList.size()=2], TB_RECURSO=org.dbunit.dataset.DefaultTable[_metaData=tableName=TB_RECURSO, columns=[(ID_RECURSO, UNKNOWN, nullableUnknown), (NOME_RECURSO, UNKNOWN, nullableUnknown), (TIPO_RECURSO, UNKNOWN, nullableUnknown), (QUANTIDADE_RECURSO, UNKNOWN, nullableUnknown), (CUSTO_RECURSO, UNKNOWN, nullableUnknown), (ID_PROJETO, UNKNOWN, nullableUnknown)], keys=[], _rowList.size()=2], TB_PROJETO=org.dbunit.dataset.DefaultTable[_metaData=tableName=TB_PROJETO, columns=[(ID_PROJETO, UNKNOWN, nullableUnknown), (NOME_PROJETO, UNKNOWN, nullableUnknown), (DESCRICAO_PROJETO, UNKNOWN, nullableUnknown), (ID_CLIENTE, UNKNOWN, nullableUnknown), (ID_CALENDARIO, UNKNOWN, nullableUnknown)], keys=[], _rowList.size()=4]}, _caseSensitiveTableNames=false]
02:06:18.629 [main] DEBUG org.dbunit.operation.CompositeOperation - execute(connection=org.dbunit.database.DatabaseConnection[schema=null, connection=org.apache.derby.client.net.NetConnection@55e3d6c3, super=_databaseConfig=org.dbunit.database.DatabaseConfig[, _propertyMap={http://www.dbunit.org/features/qualifiedTableNames=false, http://www.dbunit.org/properties/tableType=[Ljava.lang.String;@518cf84a, http://www.dbunit.org/properties/batchSize=100, http://www.dbunit.org/properties/statementFactory=org.dbunit.database.statement.PreparedStatementFactory@62e7dffa, http://www.dbunit.org/features/batchedStatements=false, http://www.dbunit.org/features/caseSensitiveTableNames=false, http://www.dbunit.org/features/allowEmptyFields=false, http://www.dbunit.org/properties/datatypeFactory=org.dbunit.dataset.datatype.DefaultDataTypeFactory[_toleratedDeltaMap=org.dbunit.dataset.datatype.ToleratedDeltaMap@6edcd0d8], http://www.dbunit.org/properties/metadataHandler=org.dbunit.database.DefaultMetadataHandler@30e6a763, http://www.dbunit.org/properties/fetchSize=100, http://www.dbunit.org/properties/resultSetTableFactory=org.dbunit.database.CachedResultSetTableFactory@57ce634f, http://www.dbunit.org/features/datatypeWarning=true, http://www.dbunit.org/properties/escapePattern=null, http://www.dbunit.org/properties/allowVerifytabledefinitionExpectedtableCountMismatch=false}], _dataSet=null], , dataSet=AbstractDataSet[_orderedTableNameMap=org.dbunit.dataset.OrderedTableNameMap[_tableNames=[TB_CLIENTE, TB_TELEFONE_CLIENTE, TB_PROJETO, TB_CALENDARIO, TB_DOCUMENTO, TB_RECURSO, TB_FERIADO, TB_FORNECEDOR, TB_PROJETO_FORNECEDOR, TB_USUARIO, TB_PERFIL, TB_USUARIO_PERFIL, TB_TAREFA], _tableMap={TB_TELEFONE_CLIENTE=org.dbunit.dataset.DefaultTable[_metaData=tableName=TB_TELEFONE_CLIENTE, columns=[(ID_CLIENTE, UNKNOWN, nullableUnknown), (NUM_TELEFONE, UNKNOWN, nullableUnknown)], keys=[], _rowList.size()=3], TB_FERIADO=org.dbunit.dataset.DefaultTable[_metaData=tableName=TB_FERIADO, columns=[(ID_FERIADO, UNKNOWN, nullableUnknown), (DATA_FERIADO, UNKNOWN, nullableUnknown), (NOME_FERIADO, UNKNOWN, nullableUnknown), (TIPO_FERIADO, UNKNOWN, nullableUnknown)], keys=[], _rowList.size()=2], TB_PROJETO_FORNECEDOR=org.dbunit.dataset.DefaultTable[_metaData=tableName=TB_PROJETO_FORNECEDOR, columns=[(ID_PROJETO, UNKNOWN, nullableUnknown), (ID_FORNECEDOR, UNKNOWN, nullableUnknown)], keys=[], _rowList.size()=2], TB_FORNECEDOR=org.dbunit.dataset.DefaultTable[_metaData=tableName=TB_FORNECEDOR, columns=[(ID_FORNECEDOR, UNKNOWN, nullableUnknown), (NOME_FORNECEDOR, UNKNOWN, nullableUnknown), (CNPJ_FORNECEDOR, UNKNOWN, nullableUnknown), (EMAIL_FORNECEDOR, UNKNOWN, nullableUnknown), (TIPO_FORNECEDOR, UNKNOWN, nullableUnknown), (TIPO_STATUS, UNKNOWN, nullableUnknown), (DESCRICAO, UNKNOWN, nullableUnknown), (DATA_CADASTRO, UNKNOWN, nullableUnknown)], keys=[], _rowList.size()=2], TB_CLIENTE=org.dbunit.dataset.DefaultTable[_metaData=tableName=TB_CLIENTE, columns=[(ID_CLIENTE, UNKNOWN, nullableUnknown), (NOME_CLIENTE, UNKNOWN, nullableUnknown), (EMAIL_CLIENTE, UNKNOWN, nullableUnknown), (CNPJ_CLIENTE, UNKNOWN, nullableUnknown)], keys=[], _rowList.size()=2], TB_TAREFA=org.dbunit.dataset.DefaultTable[_metaData=tableName=TB_TAREFA, columns=[(ID_TAREFA, UNKNOWN, nullableUnknown), (NOME_TAREFA, UNKNOWN, nullableUnknown), (DESCRICAO_TAREFA, UNKNOWN, nullableUnknown), (DATA_INICIO_TAREFA, UNKNOWN, nullableUnknown), (PRIORIDADE_TAREFA, UNKNOWN, nullableUnknown), (TIPO_STATUS, UNKNOWN, nullableUnknown), (USUARIO_ID, UNKNOWN, nullableUnknown), (ID_PROJETO, UNKNOWN, nullableUnknown)], keys=[], _rowList.size()=2], TB_USUARIO=org.dbunit.dataset.DefaultTable[_metaData=tableName=TB_USUARIO, columns=[(ID_USUARIO, UNKNOWN, nullableUnknown), (NOME_USUARIO, UNKNOWN, nullableUnknown), (EMAIL_USUARIO, UNKNOWN, nullableUnknown), (SENHA_USUARIO, UNKNOWN, nullableUnknown)], keys=[], _rowList.size()=2], TB_USUARIO_PERFIL=org.dbunit.dataset.DefaultTable[_metaData=tableName=TB_USUARIO_PERFIL, columns=[(ID_USUARIO, UNKNOWN, nullableUnknown), (ID_PERFIL, UNKNOWN, nullableUnknown)], keys=[], _rowList.size()=2], TB_CALENDARIO=org.dbunit.dataset.DefaultTable[_metaData=tableName=TB_CALENDARIO, columns=[(ID_CALENDARIO, UNKNOWN, nullableUnknown), (DATA_INICIO, UNKNOWN, nullableUnknown), (DATA_FIM, UNKNOWN, nullableUnknown), (HORAS_TOTAIS, UNKNOWN, nullableUnknown)], keys=[], _rowList.size()=2], TB_DOCUMENTO=org.dbunit.dataset.DefaultTable[_metaData=tableName=TB_DOCUMENTO, columns=[(ID_DOCUMENTO, UNKNOWN, nullableUnknown), (TITULO_DOCUMENTO, UNKNOWN, nullableUnknown), (TIPO_DOCUMENTO, UNKNOWN, nullableUnknown), (DATA_CRIACAO_DOCUMENTO, UNKNOWN, nullableUnknown), (AUTOR_DOCUMENTO, UNKNOWN, nullableUnknown), (CAMINHO_ARQUIVO_DOCUMENTO, UNKNOWN, nullableUnknown), (ID_PROJETO, UNKNOWN, nullableUnknown)], keys=[], _rowList.size()=2], TB_PERFIL=org.dbunit.dataset.DefaultTable[_metaData=tableName=TB_PERFIL, columns=[(ID_PERFIL, UNKNOWN, nullableUnknown), (NOME_PERFIL, UNKNOWN, nullableUnknown)], keys=[], _rowList.size()=2], TB_RECURSO=org.dbunit.dataset.DefaultTable[_metaData=tableName=TB_RECURSO, columns=[(ID_RECURSO, UNKNOWN, nullableUnknown), (NOME_RECURSO, UNKNOWN, nullableUnknown), (TIPO_RECURSO, UNKNOWN, nullableUnknown), (QUANTIDADE_RECURSO, UNKNOWN, nullableUnknown), (CUSTO_RECURSO, UNKNOWN, nullableUnknown), (ID_PROJETO, UNKNOWN, nullableUnknown)], keys=[], _rowList.size()=2], TB_PROJETO=org.dbunit.dataset.DefaultTable[_metaData=tableName=TB_PROJETO, columns=[(ID_PROJETO, UNKNOWN, nullableUnknown), (NOME_PROJETO, UNKNOWN, nullableUnknown), (DESCRICAO_PROJETO, UNKNOWN, nullableUnknown), (ID_CLIENTE, UNKNOWN, nullableUnknown), (ID_CALENDARIO, UNKNOWN, nullableUnknown)], keys=[], _rowList.size()=4]}, _caseSensitiveTableNames=false]]) - start
02:06:18.630 [main] DEBUG org.dbunit.operation.DeleteAllOperation - execute(connection=org.dbunit.database.DatabaseConnection[schema=null, connection=org.apache.derby.client.net.NetConnection@55e3d6c3, super=_databaseConfig=org.dbunit.database.DatabaseConfig[, _propertyMap={http://www.dbunit.org/features/qualifiedTableNames=false, http://www.dbunit.org/properties/tableType=[Ljava.lang.String;@518cf84a, http://www.dbunit.org/properties/batchSize=100, http://www.dbunit.org/properties/statementFactory=org.dbunit.database.statement.PreparedStatementFactory@62e7dffa, http://www.dbunit.org/features/batchedStatements=false, http://www.dbunit.org/features/caseSensitiveTableNames=false, http://www.dbunit.org/features/allowEmptyFields=false, http://www.dbunit.org/properties/datatypeFactory=org.dbunit.dataset.datatype.DefaultDataTypeFactory[_toleratedDeltaMap=org.dbunit.dataset.datatype.ToleratedDeltaMap@6edcd0d8], http://www.dbunit.org/properties/metadataHandler=org.dbunit.database.DefaultMetadataHandler@30e6a763, http://www.dbunit.org/properties/fetchSize=100, http://www.dbunit.org/properties/resultSetTableFactory=org.dbunit.database.CachedResultSetTableFactory@57ce634f, http://www.dbunit.org/features/datatypeWarning=true, http://www.dbunit.org/properties/escapePattern=null, http://www.dbunit.org/properties/allowVerifytabledefinitionExpectedtableCountMismatch=false}], _dataSet=null], dataSet=AbstractDataSet[_orderedTableNameMap=org.dbunit.dataset.OrderedTableNameMap[_tableNames=[TB_CLIENTE, TB_TELEFONE_CLIENTE, TB_PROJETO, TB_CALENDARIO, TB_DOCUMENTO, TB_RECURSO, TB_FERIADO, TB_FORNECEDOR, TB_PROJETO_FORNECEDOR, TB_USUARIO, TB_PERFIL, TB_USUARIO_PERFIL, TB_TAREFA], _tableMap={TB_TELEFONE_CLIENTE=org.dbunit.dataset.DefaultTable[_metaData=tableName=TB_TELEFONE_CLIENTE, columns=[(ID_CLIENTE, UNKNOWN, nullableUnknown), (NUM_TELEFONE, UNKNOWN, nullableUnknown)], keys=[], _rowList.size()=3], TB_FERIADO=org.dbunit.dataset.DefaultTable[_metaData=tableName=TB_FERIADO, columns=[(ID_FERIADO, UNKNOWN, nullableUnknown), (DATA_FERIADO, UNKNOWN, nullableUnknown), (NOME_FERIADO, UNKNOWN, nullableUnknown), (TIPO_FERIADO, UNKNOWN, nullableUnknown)], keys=[], _rowList.size()=2], TB_PROJETO_FORNECEDOR=org.dbunit.dataset.DefaultTable[_metaData=tableName=TB_PROJETO_FORNECEDOR, columns=[(ID_PROJETO, UNKNOWN, nullableUnknown), (ID_FORNECEDOR, UNKNOWN, nullableUnknown)], keys=[], _rowList.size()=2], TB_FORNECEDOR=org.dbunit.dataset.DefaultTable[_metaData=tableName=TB_FORNECEDOR, columns=[(ID_FORNECEDOR, UNKNOWN, nullableUnknown), (NOME_FORNECEDOR, UNKNOWN, nullableUnknown), (CNPJ_FORNECEDOR, UNKNOWN, nullableUnknown), (EMAIL_FORNECEDOR, UNKNOWN, nullableUnknown), (TIPO_FORNECEDOR, UNKNOWN, nullableUnknown), (TIPO_STATUS, UNKNOWN, nullableUnknown), (DESCRICAO, UNKNOWN, nullableUnknown), (DATA_CADASTRO, UNKNOWN, nullableUnknown)], keys=[], _rowList.size()=2], TB_CLIENTE=org.dbunit.dataset.DefaultTable[_metaData=tableName=TB_CLIENTE, columns=[(ID_CLIENTE, UNKNOWN, nullableUnknown), (NOME_CLIENTE, UNKNOWN, nullableUnknown), (EMAIL_CLIENTE, UNKNOWN, nullableUnknown), (CNPJ_CLIENTE, UNKNOWN, nullableUnknown)], keys=[], _rowList.size()=2], TB_TAREFA=org.dbunit.dataset.DefaultTable[_metaData=tableName=TB_TAREFA, columns=[(ID_TAREFA, UNKNOWN, nullableUnknown), (NOME_TAREFA, UNKNOWN, nullableUnknown), (DESCRICAO_TAREFA, UNKNOWN, nullableUnknown), (DATA_INICIO_TAREFA, UNKNOWN, nullableUnknown), (PRIORIDADE_TAREFA, UNKNOWN, nullableUnknown), (TIPO_STATUS, UNKNOWN, nullableUnknown), (USUARIO_ID, UNKNOWN, nullableUnknown), (ID_PROJETO, UNKNOWN, nullableUnknown)], keys=[], _rowList.size()=2], TB_USUARIO=org.dbunit.dataset.DefaultTable[_metaData=tableName=TB_USUARIO, columns=[(ID_USUARIO, UNKNOWN, nullableUnknown), (NOME_USUARIO, UNKNOWN, nullableUnknown), (EMAIL_USUARIO, UNKNOWN, nullableUnknown), (SENHA_USUARIO, UNKNOWN, nullableUnknown)], keys=[], _rowList.size()=2], TB_USUARIO_PERFIL=org.dbunit.dataset.DefaultTable[_metaData=tableName=TB_USUARIO_PERFIL, columns=[(ID_USUARIO, UNKNOWN, nullableUnknown), (ID_PERFIL, UNKNOWN, nullableUnknown)], keys=[], _rowList.size()=2], TB_CALENDARIO=org.dbunit.dataset.DefaultTable[_metaData=tableName=TB_CALENDARIO, columns=[(ID_CALENDARIO, UNKNOWN, nullableUnknown), (DATA_INICIO, UNKNOWN, nullableUnknown), (DATA_FIM, UNKNOWN, nullableUnknown), (HORAS_TOTAIS, UNKNOWN, nullableUnknown)], keys=[], _rowList.size()=2], TB_DOCUMENTO=org.dbunit.dataset.DefaultTable[_metaData=tableName=TB_DOCUMENTO, columns=[(ID_DOCUMENTO, UNKNOWN, nullableUnknown), (TITULO_DOCUMENTO, UNKNOWN, nullableUnknown), (TIPO_DOCUMENTO, UNKNOWN, nullableUnknown), (DATA_CRIACAO_DOCUMENTO, UNKNOWN, nullableUnknown), (AUTOR_DOCUMENTO, UNKNOWN, nullableUnknown), (CAMINHO_ARQUIVO_DOCUMENTO, UNKNOWN, nullableUnknown), (ID_PROJETO, UNKNOWN, nullableUnknown)], keys=[], _rowList.size()=2], TB_PERFIL=org.dbunit.dataset.DefaultTable[_metaData=tableName=TB_PERFIL, columns=[(ID_PERFIL, UNKNOWN, nullableUnknown), (NOME_PERFIL, UNKNOWN, nullableUnknown)], keys=[], _rowList.size()=2], TB_RECURSO=org.dbunit.dataset.DefaultTable[_metaData=tableName=TB_RECURSO, columns=[(ID_RECURSO, UNKNOWN, nullableUnknown), (NOME_RECURSO, UNKNOWN, nullableUnknown), (TIPO_RECURSO, UNKNOWN, nullableUnknown), (QUANTIDADE_RECURSO, UNKNOWN, nullableUnknown), (CUSTO_RECURSO, UNKNOWN, nullableUnknown), (ID_PROJETO, UNKNOWN, nullableUnknown)], keys=[], _rowList.size()=2], TB_PROJETO=org.dbunit.dataset.DefaultTable[_metaData=tableName=TB_PROJETO, columns=[(ID_PROJETO, UNKNOWN, nullableUnknown), (NOME_PROJETO, UNKNOWN, nullableUnknown), (DESCRICAO_PROJETO, UNKNOWN, nullableUnknown), (ID_CLIENTE, UNKNOWN, nullableUnknown), (ID_CALENDARIO, UNKNOWN, nullableUnknown)], keys=[], _rowList.size()=4]}, _caseSensitiveTableNames=false]]) - start
02:06:18.630 [main] DEBUG org.dbunit.database.AbstractDatabaseConnection - createDataSet() - start
02:06:18.630 [main] DEBUG org.dbunit.database.statement.PreparedStatementFactory - createBatchStatement(connection=org.dbunit.database.DatabaseConnection[schema=null, connection=org.apache.derby.client.net.NetConnection@55e3d6c3, super=_databaseConfig=org.dbunit.database.DatabaseConfig[, _propertyMap={http://www.dbunit.org/features/qualifiedTableNames=false, http://www.dbunit.org/properties/tableType=[Ljava.lang.String;@518cf84a, http://www.dbunit.org/properties/batchSize=100, http://www.dbunit.org/properties/statementFactory=org.dbunit.database.statement.PreparedStatementFactory@62e7dffa, http://www.dbunit.org/features/batchedStatements=false, http://www.dbunit.org/features/caseSensitiveTableNames=false, http://www.dbunit.org/features/allowEmptyFields=false, http://www.dbunit.org/properties/datatypeFactory=org.dbunit.dataset.datatype.DefaultDataTypeFactory[_toleratedDeltaMap=org.dbunit.dataset.datatype.ToleratedDeltaMap@6edcd0d8], http://www.dbunit.org/properties/metadataHandler=org.dbunit.database.DefaultMetadataHandler@30e6a763, http://www.dbunit.org/properties/fetchSize=100, http://www.dbunit.org/properties/resultSetTableFactory=org.dbunit.database.CachedResultSetTableFactory@57ce634f, http://www.dbunit.org/features/datatypeWarning=true, http://www.dbunit.org/properties/escapePattern=null, http://www.dbunit.org/properties/allowVerifytabledefinitionExpectedtableCountMismatch=false}], _dataSet=AbstractDataSet[_orderedTableNameMap=null]]) - start
02:06:18.630 [main] DEBUG org.dbunit.database.statement.AbstractStatementFactory - supportBatchStatement(connection=org.dbunit.database.DatabaseConnection[schema=null, connection=org.apache.derby.client.net.NetConnection@55e3d6c3, super=_databaseConfig=org.dbunit.database.DatabaseConfig[, _propertyMap={http://www.dbunit.org/features/qualifiedTableNames=false, http://www.dbunit.org/properties/tableType=[Ljava.lang.String;@518cf84a, http://www.dbunit.org/properties/batchSize=100, http://www.dbunit.org/properties/statementFactory=org.dbunit.database.statement.PreparedStatementFactory@62e7dffa, http://www.dbunit.org/features/batchedStatements=false, http://www.dbunit.org/features/caseSensitiveTableNames=false, http://www.dbunit.org/features/allowEmptyFields=false, http://www.dbunit.org/properties/datatypeFactory=org.dbunit.dataset.datatype.DefaultDataTypeFactory[_toleratedDeltaMap=org.dbunit.dataset.datatype.ToleratedDeltaMap@6edcd0d8], http://www.dbunit.org/properties/metadataHandler=org.dbunit.database.DefaultMetadataHandler@30e6a763, http://www.dbunit.org/properties/fetchSize=100, http://www.dbunit.org/properties/resultSetTableFactory=org.dbunit.database.CachedResultSetTableFactory@57ce634f, http://www.dbunit.org/features/datatypeWarning=true, http://www.dbunit.org/properties/escapePattern=null, http://www.dbunit.org/properties/allowVerifytabledefinitionExpectedtableCountMismatch=false}], _dataSet=AbstractDataSet[_orderedTableNameMap=null]]) - start
02:06:18.630 [main] DEBUG org.dbunit.dataset.AbstractDataSet - iterator() - start
02:06:18.630 [main] DEBUG org.dbunit.dataset.CachedDataSet - createIterator(reversed=false) - start
02:06:18.630 [main] DEBUG org.dbunit.dataset.OrderedTableNameMap - orderedValues() - start
02:06:18.630 [main] DEBUG org.dbunit.dataset.OrderedTableNameMap - getTableName(tableName=TB_CLIENTE) - start
02:06:18.630 [main] DEBUG org.dbunit.dataset.OrderedTableNameMap - getTableName(tableName=TB_CLIENTE) - end - result=TB_CLIENTE
02:06:18.630 [main] DEBUG org.dbunit.dataset.OrderedTableNameMap - getTableName(tableName=TB_TELEFONE_CLIENTE) - start
02:06:18.630 [main] DEBUG org.dbunit.dataset.OrderedTableNameMap - getTableName(tableName=TB_TELEFONE_CLIENTE) - end - result=TB_TELEFONE_CLIENTE
02:06:18.630 [main] DEBUG org.dbunit.dataset.OrderedTableNameMap - getTableName(tableName=TB_PROJETO) - start
02:06:18.630 [main] DEBUG org.dbunit.dataset.OrderedTableNameMap - getTableName(tableName=TB_PROJETO) - end - result=TB_PROJETO
02:06:18.630 [main] DEBUG org.dbunit.dataset.OrderedTableNameMap - getTableName(tableName=TB_CALENDARIO) - start
02:06:18.630 [main] DEBUG org.dbunit.dataset.OrderedTableNameMap - getTableName(tableName=TB_CALENDARIO) - end - result=TB_CALENDARIO
02:06:18.630 [main] DEBUG org.dbunit.dataset.OrderedTableNameMap - getTableName(tableName=TB_DOCUMENTO) - start
02:06:18.630 [main] DEBUG org.dbunit.dataset.OrderedTableNameMap - getTableName(tableName=TB_DOCUMENTO) - end - result=TB_DOCUMENTO
02:06:18.630 [main] DEBUG org.dbunit.dataset.OrderedTableNameMap - getTableName(tableName=TB_RECURSO) - start
02:06:18.630 [main] DEBUG org.dbunit.dataset.OrderedTableNameMap - getTableName(tableName=TB_RECURSO) - end - result=TB_RECURSO
02:06:18.630 [main] DEBUG org.dbunit.dataset.OrderedTableNameMap - getTableName(tableName=TB_FERIADO) - start
02:06:18.630 [main] DEBUG org.dbunit.dataset.OrderedTableNameMap - getTableName(tableName=TB_FERIADO) - end - result=TB_FERIADO
02:06:18.630 [main] DEBUG org.dbunit.dataset.OrderedTableNameMap - getTableName(tableName=TB_FORNECEDOR) - start
02:06:18.630 [main] DEBUG org.dbunit.dataset.OrderedTableNameMap - getTableName(tableName=TB_FORNECEDOR) - end - result=TB_FORNECEDOR
02:06:18.630 [main] DEBUG org.dbunit.dataset.OrderedTableNameMap - getTableName(tableName=TB_PROJETO_FORNECEDOR) - start
02:06:18.630 [main] DEBUG org.dbunit.dataset.OrderedTableNameMap - getTableName(tableName=TB_PROJETO_FORNECEDOR) - end - result=TB_PROJETO_FORNECEDOR
02:06:18.630 [main] DEBUG org.dbunit.dataset.OrderedTableNameMap - getTableName(tableName=TB_USUARIO) - start
02:06:18.630 [main] DEBUG org.dbunit.dataset.OrderedTableNameMap - getTableName(tableName=TB_USUARIO) - end - result=TB_USUARIO
02:06:18.630 [main] DEBUG org.dbunit.dataset.OrderedTableNameMap - getTableName(tableName=TB_PERFIL) - start
02:06:18.630 [main] DEBUG org.dbunit.dataset.OrderedTableNameMap - getTableName(tableName=TB_PERFIL) - end - result=TB_PERFIL
02:06:18.630 [main] DEBUG org.dbunit.dataset.OrderedTableNameMap - getTableName(tableName=TB_USUARIO_PERFIL) - start
02:06:18.630 [main] DEBUG org.dbunit.dataset.OrderedTableNameMap - getTableName(tableName=TB_USUARIO_PERFIL) - end - result=TB_USUARIO_PERFIL
02:06:18.630 [main] DEBUG org.dbunit.dataset.OrderedTableNameMap - getTableName(tableName=TB_TAREFA) - start
02:06:18.630 [main] DEBUG org.dbunit.dataset.OrderedTableNameMap - getTableName(tableName=TB_TAREFA) - end - result=TB_TAREFA
02:06:18.630 [main] DEBUG org.dbunit.dataset.DefaultTableIterator - getTableMetaData() - start
02:06:18.630 [main] DEBUG org.dbunit.dataset.DefaultTableIterator - getTable() - start
02:06:18.630 [main] DEBUG org.dbunit.dataset.DefaultTableIterator - getTableMetaData() - start
02:06:18.630 [main] DEBUG org.dbunit.dataset.DefaultTableIterator - getTable() - start
02:06:18.630 [main] DEBUG org.dbunit.dataset.DefaultTableIterator - getTableMetaData() - start
02:06:18.630 [main] DEBUG org.dbunit.dataset.DefaultTableIterator - getTable() - start
02:06:18.630 [main] DEBUG org.dbunit.dataset.DefaultTableIterator - getTableMetaData() - start
02:06:18.630 [main] DEBUG org.dbunit.dataset.DefaultTableIterator - getTable() - start
02:06:18.630 [main] DEBUG org.dbunit.dataset.DefaultTableIterator - getTableMetaData() - start
02:06:18.630 [main] DEBUG org.dbunit.dataset.DefaultTableIterator - getTable() - start
02:06:18.630 [main] DEBUG org.dbunit.dataset.DefaultTableIterator - getTableMetaData() - start
02:06:18.630 [main] DEBUG org.dbunit.dataset.DefaultTableIterator - getTable() - start
02:06:18.630 [main] DEBUG org.dbunit.dataset.DefaultTableIterator - getTableMetaData() - start
02:06:18.630 [main] DEBUG org.dbunit.dataset.DefaultTableIterator - getTable() - start
02:06:18.630 [main] DEBUG org.dbunit.dataset.DefaultTableIterator - getTableMetaData() - start
02:06:18.630 [main] DEBUG org.dbunit.dataset.DefaultTableIterator - getTable() - start
02:06:18.630 [main] DEBUG org.dbunit.dataset.DefaultTableIterator - getTableMetaData() - start
02:06:18.630 [main] DEBUG org.dbunit.dataset.DefaultTableIterator - getTable() - start
02:06:18.630 [main] DEBUG org.dbunit.dataset.DefaultTableIterator - getTableMetaData() - start
02:06:18.630 [main] DEBUG org.dbunit.dataset.DefaultTableIterator - getTable() - start
02:06:18.630 [main] DEBUG org.dbunit.dataset.DefaultTableIterator - getTableMetaData() - start
02:06:18.630 [main] DEBUG org.dbunit.dataset.DefaultTableIterator - getTable() - start
02:06:18.630 [main] DEBUG org.dbunit.dataset.DefaultTableIterator - getTableMetaData() - start
02:06:18.630 [main] DEBUG org.dbunit.dataset.DefaultTableIterator - getTable() - start
02:06:18.630 [main] DEBUG org.dbunit.dataset.DefaultTableIterator - getTableMetaData() - start
02:06:18.630 [main] DEBUG org.dbunit.dataset.DefaultTableIterator - getTable() - start
02:06:18.630 [main] DEBUG org.dbunit.database.DatabaseDataSet - getTableMetaData(tableName=TB_TAREFA) - start
02:06:18.630 [main] DEBUG org.dbunit.database.DatabaseDataSet - initialize() - start
02:06:18.630 [main] DEBUG org.dbunit.database.DatabaseDataSet - Initializing the data set from the database...
02:06:18.635 [main] DEBUG org.dbunit.database.DatabaseDataSet - 
	database product name=Apache Derby
	database version=10.16.1.1 - (1901046)
	database major version=10
	database minor version=16
	jdbc driver name=Apache Derby Network Client JDBC Driver
	jdbc driver version=10.16.1.1 - (1901046)
	jdbc driver major version=10
	jdbc driver minor version=16

02:06:18.635 [main] DEBUG org.dbunit.database.DatabaseDataSet - metadata resultset=org.apache.derby.client.net.NetResultSet42@38320e34
02:06:18.635 [main] DEBUG org.dbunit.util.QualifiedTableName - getQualifiedNameIfEnabled(config=org.dbunit.database.DatabaseConfig[, _propertyMap={http://www.dbunit.org/features/qualifiedTableNames=false, http://www.dbunit.org/properties/tableType=[Ljava.lang.String;@518cf84a, http://www.dbunit.org/properties/batchSize=100, http://www.dbunit.org/properties/statementFactory=org.dbunit.database.statement.PreparedStatementFactory@62e7dffa, http://www.dbunit.org/features/batchedStatements=false, http://www.dbunit.org/features/caseSensitiveTableNames=false, http://www.dbunit.org/features/allowEmptyFields=false, http://www.dbunit.org/properties/datatypeFactory=org.dbunit.dataset.datatype.DefaultDataTypeFactory[_toleratedDeltaMap=org.dbunit.dataset.datatype.ToleratedDeltaMap@6edcd0d8], http://www.dbunit.org/properties/metadataHandler=org.dbunit.database.DefaultMetadataHandler@30e6a763, http://www.dbunit.org/properties/fetchSize=100, http://www.dbunit.org/properties/resultSetTableFactory=org.dbunit.database.CachedResultSetTableFactory@57ce634f, http://www.dbunit.org/features/datatypeWarning=true, http://www.dbunit.org/properties/escapePattern=null, http://www.dbunit.org/properties/allowVerifytabledefinitionExpectedtableCountMismatch=false}]) - start
02:06:18.635 [main] DEBUG org.dbunit.util.QualifiedTableName - Qualified table names feature is disabled. Returning plain table name
02:06:18.635 [main] DEBUG org.dbunit.util.QualifiedTableName - getQualifiedName(prefix=null, name=TB_CALENDARIO, escapePattern=null) - start
02:06:18.635 [main] DEBUG org.dbunit.dataset.OrderedTableNameMap - add(tableName=TB_CALENDARIO, object=null) - start
02:06:18.635 [main] DEBUG org.dbunit.dataset.OrderedTableNameMap - getTableName(tableName=TB_CALENDARIO) - start
02:06:18.635 [main] DEBUG org.dbunit.dataset.OrderedTableNameMap - getTableName(tableName=TB_CALENDARIO) - end - result=TB_CALENDARIO
02:06:18.635 [main] DEBUG org.dbunit.dataset.OrderedTableNameMap - getTableName(tableName=TB_CALENDARIO) - start
02:06:18.635 [main] DEBUG org.dbunit.dataset.OrderedTableNameMap - getTableName(tableName=TB_CALENDARIO) - end - result=TB_CALENDARIO
02:06:18.635 [main] DEBUG org.dbunit.util.QualifiedTableName - getQualifiedNameIfEnabled(config=org.dbunit.database.DatabaseConfig[, _propertyMap={http://www.dbunit.org/features/qualifiedTableNames=false, http://www.dbunit.org/properties/tableType=[Ljava.lang.String;@518cf84a, http://www.dbunit.org/properties/batchSize=100, http://www.dbunit.org/properties/statementFactory=org.dbunit.database.statement.PreparedStatementFactory@62e7dffa, http://www.dbunit.org/features/batchedStatements=false, http://www.dbunit.org/features/caseSensitiveTableNames=false, http://www.dbunit.org/features/allowEmptyFields=false, http://www.dbunit.org/properties/datatypeFactory=org.dbunit.dataset.datatype.DefaultDataTypeFactory[_toleratedDeltaMap=org.dbunit.dataset.datatype.ToleratedDeltaMap@6edcd0d8], http://www.dbunit.org/properties/metadataHandler=org.dbunit.database.DefaultMetadataHandler@30e6a763, http://www.dbunit.org/properties/fetchSize=100, http://www.dbunit.org/properties/resultSetTableFactory=org.dbunit.database.CachedResultSetTableFactory@57ce634f, http://www.dbunit.org/features/datatypeWarning=true, http://www.dbunit.org/properties/escapePattern=null, http://www.dbunit.org/properties/allowVerifytabledefinitionExpectedtableCountMismatch=false}]) - start
02:06:18.635 [main] DEBUG org.dbunit.util.QualifiedTableName - Qualified table names feature is disabled. Returning plain table name
02:06:18.635 [main] DEBUG org.dbunit.util.QualifiedTableName - getQualifiedName(prefix=null, name=TB_CLIENTE, escapePattern=null) - start
02:06:18.635 [main] DEBUG org.dbunit.dataset.OrderedTableNameMap - add(tableName=TB_CLIENTE, object=null) - start
02:06:18.635 [main] DEBUG org.dbunit.dataset.OrderedTableNameMap - getTableName(tableName=TB_CLIENTE) - start
02:06:18.635 [main] DEBUG org.dbunit.dataset.OrderedTableNameMap - getTableName(tableName=TB_CLIENTE) - end - result=TB_CLIENTE
02:06:18.635 [main] DEBUG org.dbunit.dataset.OrderedTableNameMap - getTableName(tableName=TB_CLIENTE) - start
02:06:18.635 [main] DEBUG org.dbunit.dataset.OrderedTableNameMap - getTableName(tableName=TB_CLIENTE) - end - result=TB_CLIENTE
02:06:18.635 [main] DEBUG org.dbunit.util.QualifiedTableName - getQualifiedNameIfEnabled(config=org.dbunit.database.DatabaseConfig[, _propertyMap={http://www.dbunit.org/features/qualifiedTableNames=false, http://www.dbunit.org/properties/tableType=[Ljava.lang.String;@518cf84a, http://www.dbunit.org/properties/batchSize=100, http://www.dbunit.org/properties/statementFactory=org.dbunit.database.statement.PreparedStatementFactory@62e7dffa, http://www.dbunit.org/features/batchedStatements=false, http://www.dbunit.org/features/caseSensitiveTableNames=false, http://www.dbunit.org/features/allowEmptyFields=false, http://www.dbunit.org/properties/datatypeFactory=org.dbunit.dataset.datatype.DefaultDataTypeFactory[_toleratedDeltaMap=org.dbunit.dataset.datatype.ToleratedDeltaMap@6edcd0d8], http://www.dbunit.org/properties/metadataHandler=org.dbunit.database.DefaultMetadataHandler@30e6a763, http://www.dbunit.org/properties/fetchSize=100, http://www.dbunit.org/properties/resultSetTableFactory=org.dbunit.database.CachedResultSetTableFactory@57ce634f, http://www.dbunit.org/features/datatypeWarning=true, http://www.dbunit.org/properties/escapePattern=null, http://www.dbunit.org/properties/allowVerifytabledefinitionExpectedtableCountMismatch=false}]) - start
02:06:18.635 [main] DEBUG org.dbunit.util.QualifiedTableName - Qualified table names feature is disabled. Returning plain table name
02:06:18.635 [main] DEBUG org.dbunit.util.QualifiedTableName - getQualifiedName(prefix=null, name=TB_DEPARTAMENTO, escapePattern=null) - start
02:06:18.635 [main] DEBUG org.dbunit.dataset.OrderedTableNameMap - add(tableName=TB_DEPARTAMENTO, object=null) - start
02:06:18.635 [main] DEBUG org.dbunit.dataset.OrderedTableNameMap - getTableName(tableName=TB_DEPARTAMENTO) - start
02:06:18.635 [main] DEBUG org.dbunit.dataset.OrderedTableNameMap - getTableName(tableName=TB_DEPARTAMENTO) - end - result=TB_DEPARTAMENTO
02:06:18.635 [main] DEBUG org.dbunit.dataset.OrderedTableNameMap - getTableName(tableName=TB_DEPARTAMENTO) - start
02:06:18.635 [main] DEBUG org.dbunit.dataset.OrderedTableNameMap - getTableName(tableName=TB_DEPARTAMENTO) - end - result=TB_DEPARTAMENTO
02:06:18.635 [main] DEBUG org.dbunit.util.QualifiedTableName - getQualifiedNameIfEnabled(config=org.dbunit.database.DatabaseConfig[, _propertyMap={http://www.dbunit.org/features/qualifiedTableNames=false, http://www.dbunit.org/properties/tableType=[Ljava.lang.String;@518cf84a, http://www.dbunit.org/properties/batchSize=100, http://www.dbunit.org/properties/statementFactory=org.dbunit.database.statement.PreparedStatementFactory@62e7dffa, http://www.dbunit.org/features/batchedStatements=false, http://www.dbunit.org/features/caseSensitiveTableNames=false, http://www.dbunit.org/features/allowEmptyFields=false, http://www.dbunit.org/properties/datatypeFactory=org.dbunit.dataset.datatype.DefaultDataTypeFactory[_toleratedDeltaMap=org.dbunit.dataset.datatype.ToleratedDeltaMap@6edcd0d8], http://www.dbunit.org/properties/metadataHandler=org.dbunit.database.DefaultMetadataHandler@30e6a763, http://www.dbunit.org/properties/fetchSize=100, http://www.dbunit.org/properties/resultSetTableFactory=org.dbunit.database.CachedResultSetTableFactory@57ce634f, http://www.dbunit.org/features/datatypeWarning=true, http://www.dbunit.org/properties/escapePattern=null, http://www.dbunit.org/properties/allowVerifytabledefinitionExpectedtableCountMismatch=false}]) - start
02:06:18.635 [main] DEBUG org.dbunit.util.QualifiedTableName - Qualified table names feature is disabled. Returning plain table name
02:06:18.635 [main] DEBUG org.dbunit.util.QualifiedTableName - getQualifiedName(prefix=null, name=TB_DEPARTAMENTO_PROJETO, escapePattern=null) - start
02:06:18.635 [main] DEBUG org.dbunit.dataset.OrderedTableNameMap - add(tableName=TB_DEPARTAMENTO_PROJETO, object=null) - start
02:06:18.635 [main] DEBUG org.dbunit.dataset.OrderedTableNameMap - getTableName(tableName=TB_DEPARTAMENTO_PROJETO) - start
02:06:18.635 [main] DEBUG org.dbunit.dataset.OrderedTableNameMap - getTableName(tableName=TB_DEPARTAMENTO_PROJETO) - end - result=TB_DEPARTAMENTO_PROJETO
02:06:18.635 [main] DEBUG org.dbunit.dataset.OrderedTableNameMap - getTableName(tableName=TB_DEPARTAMENTO_PROJETO) - start
02:06:18.635 [main] DEBUG org.dbunit.dataset.OrderedTableNameMap - getTableName(tableName=TB_DEPARTAMENTO_PROJETO) - end - result=TB_DEPARTAMENTO_PROJETO
02:06:18.635 [main] DEBUG org.dbunit.util.QualifiedTableName - getQualifiedNameIfEnabled(config=org.dbunit.database.DatabaseConfig[, _propertyMap={http://www.dbunit.org/features/qualifiedTableNames=false, http://www.dbunit.org/properties/tableType=[Ljava.lang.String;@518cf84a, http://www.dbunit.org/properties/batchSize=100, http://www.dbunit.org/properties/statementFactory=org.dbunit.database.statement.PreparedStatementFactory@62e7dffa, http://www.dbunit.org/features/batchedStatements=false, http://www.dbunit.org/features/caseSensitiveTableNames=false, http://www.dbunit.org/features/allowEmptyFields=false, http://www.dbunit.org/properties/datatypeFactory=org.dbunit.dataset.datatype.DefaultDataTypeFactory[_toleratedDeltaMap=org.dbunit.dataset.datatype.ToleratedDeltaMap@6edcd0d8], http://www.dbunit.org/properties/metadataHandler=org.dbunit.database.DefaultMetadataHandler@30e6a763, http://www.dbunit.org/properties/fetchSize=100, http://www.dbunit.org/properties/resultSetTableFactory=org.dbunit.database.CachedResultSetTableFactory@57ce634f, http://www.dbunit.org/features/datatypeWarning=true, http://www.dbunit.org/properties/escapePattern=null, http://www.dbunit.org/properties/allowVerifytabledefinitionExpectedtableCountMismatch=false}]) - start
02:06:18.635 [main] DEBUG org.dbunit.util.QualifiedTableName - Qualified table names feature is disabled. Returning plain table name
02:06:18.635 [main] DEBUG org.dbunit.util.QualifiedTableName - getQualifiedName(prefix=null, name=TB_DOCUMENTO, escapePattern=null) - start
02:06:18.635 [main] DEBUG org.dbunit.dataset.OrderedTableNameMap - add(tableName=TB_DOCUMENTO, object=null) - start
02:06:18.635 [main] DEBUG org.dbunit.dataset.OrderedTableNameMap - getTableName(tableName=TB_DOCUMENTO) - start
02:06:18.635 [main] DEBUG org.dbunit.dataset.OrderedTableNameMap - getTableName(tableName=TB_DOCUMENTO) - end - result=TB_DOCUMENTO
02:06:18.635 [main] DEBUG org.dbunit.dataset.OrderedTableNameMap - getTableName(tableName=TB_DOCUMENTO) - start
02:06:18.635 [main] DEBUG org.dbunit.dataset.OrderedTableNameMap - getTableName(tableName=TB_DOCUMENTO) - end - result=TB_DOCUMENTO
02:06:18.635 [main] DEBUG org.dbunit.util.QualifiedTableName - getQualifiedNameIfEnabled(config=org.dbunit.database.DatabaseConfig[, _propertyMap={http://www.dbunit.org/features/qualifiedTableNames=false, http://www.dbunit.org/properties/tableType=[Ljava.lang.String;@518cf84a, http://www.dbunit.org/properties/batchSize=100, http://www.dbunit.org/properties/statementFactory=org.dbunit.database.statement.PreparedStatementFactory@62e7dffa, http://www.dbunit.org/features/batchedStatements=false, http://www.dbunit.org/features/caseSensitiveTableNames=false, http://www.dbunit.org/features/allowEmptyFields=false, http://www.dbunit.org/properties/datatypeFactory=org.dbunit.dataset.datatype.DefaultDataTypeFactory[_toleratedDeltaMap=org.dbunit.dataset.datatype.ToleratedDeltaMap@6edcd0d8], http://www.dbunit.org/properties/metadataHandler=org.dbunit.database.DefaultMetadataHandler@30e6a763, http://www.dbunit.org/properties/fetchSize=100, http://www.dbunit.org/properties/resultSetTableFactory=org.dbunit.database.CachedResultSetTableFactory@57ce634f, http://www.dbunit.org/features/datatypeWarning=true, http://www.dbunit.org/properties/escapePattern=null, http://www.dbunit.org/properties/allowVerifytabledefinitionExpectedtableCountMismatch=false}]) - start
02:06:18.636 [main] DEBUG org.dbunit.util.QualifiedTableName - Qualified table names feature is disabled. Returning plain table name
02:06:18.636 [main] DEBUG org.dbunit.util.QualifiedTableName - getQualifiedName(prefix=null, name=TB_FERIADO, escapePattern=null) - start
02:06:18.636 [main] DEBUG org.dbunit.dataset.OrderedTableNameMap - add(tableName=TB_FERIADO, object=null) - start
02:06:18.636 [main] DEBUG org.dbunit.dataset.OrderedTableNameMap - getTableName(tableName=TB_FERIADO) - start
02:06:18.636 [main] DEBUG org.dbunit.dataset.OrderedTableNameMap - getTableName(tableName=TB_FERIADO) - end - result=TB_FERIADO
02:06:18.636 [main] DEBUG org.dbunit.dataset.OrderedTableNameMap - getTableName(tableName=TB_FERIADO) - start
02:06:18.636 [main] DEBUG org.dbunit.dataset.OrderedTableNameMap - getTableName(tableName=TB_FERIADO) - end - result=TB_FERIADO
02:06:18.636 [main] DEBUG org.dbunit.util.QualifiedTableName - getQualifiedNameIfEnabled(config=org.dbunit.database.DatabaseConfig[, _propertyMap={http://www.dbunit.org/features/qualifiedTableNames=false, http://www.dbunit.org/properties/tableType=[Ljava.lang.String;@518cf84a, http://www.dbunit.org/properties/batchSize=100, http://www.dbunit.org/properties/statementFactory=org.dbunit.database.statement.PreparedStatementFactory@62e7dffa, http://www.dbunit.org/features/batchedStatements=false, http://www.dbunit.org/features/caseSensitiveTableNames=false, http://www.dbunit.org/features/allowEmptyFields=false, http://www.dbunit.org/properties/datatypeFactory=org.dbunit.dataset.datatype.DefaultDataTypeFactory[_toleratedDeltaMap=org.dbunit.dataset.datatype.ToleratedDeltaMap@6edcd0d8], http://www.dbunit.org/properties/metadataHandler=org.dbunit.database.DefaultMetadataHandler@30e6a763, http://www.dbunit.org/properties/fetchSize=100, http://www.dbunit.org/properties/resultSetTableFactory=org.dbunit.database.CachedResultSetTableFactory@57ce634f, http://www.dbunit.org/features/datatypeWarning=true, http://www.dbunit.org/properties/escapePattern=null, http://www.dbunit.org/properties/allowVerifytabledefinitionExpectedtableCountMismatch=false}]) - start
02:06:18.636 [main] DEBUG org.dbunit.util.QualifiedTableName - Qualified table names feature is disabled. Returning plain table name
02:06:18.636 [main] DEBUG org.dbunit.util.QualifiedTableName - getQualifiedName(prefix=null, name=TB_FORNECEDOR, escapePattern=null) - start
02:06:18.636 [main] DEBUG org.dbunit.dataset.OrderedTableNameMap - add(tableName=TB_FORNECEDOR, object=null) - start
02:06:18.636 [main] DEBUG org.dbunit.dataset.OrderedTableNameMap - getTableName(tableName=TB_FORNECEDOR) - start
02:06:18.636 [main] DEBUG org.dbunit.dataset.OrderedTableNameMap - getTableName(tableName=TB_FORNECEDOR) - end - result=TB_FORNECEDOR
02:06:18.636 [main] DEBUG org.dbunit.dataset.OrderedTableNameMap - getTableName(tableName=TB_FORNECEDOR) - start
02:06:18.636 [main] DEBUG org.dbunit.dataset.OrderedTableNameMap - getTableName(tableName=TB_FORNECEDOR) - end - result=TB_FORNECEDOR
02:06:18.636 [main] DEBUG org.dbunit.util.QualifiedTableName - getQualifiedNameIfEnabled(config=org.dbunit.database.DatabaseConfig[, _propertyMap={http://www.dbunit.org/features/qualifiedTableNames=false, http://www.dbunit.org/properties/tableType=[Ljava.lang.String;@518cf84a, http://www.dbunit.org/properties/batchSize=100, http://www.dbunit.org/properties/statementFactory=org.dbunit.database.statement.PreparedStatementFactory@62e7dffa, http://www.dbunit.org/features/batchedStatements=false, http://www.dbunit.org/features/caseSensitiveTableNames=false, http://www.dbunit.org/features/allowEmptyFields=false, http://www.dbunit.org/properties/datatypeFactory=org.dbunit.dataset.datatype.DefaultDataTypeFactory[_toleratedDeltaMap=org.dbunit.dataset.datatype.ToleratedDeltaMap@6edcd0d8], http://www.dbunit.org/properties/metadataHandler=org.dbunit.database.DefaultMetadataHandler@30e6a763, http://www.dbunit.org/properties/fetchSize=100, http://www.dbunit.org/properties/resultSetTableFactory=org.dbunit.database.CachedResultSetTableFactory@57ce634f, http://www.dbunit.org/features/datatypeWarning=true, http://www.dbunit.org/properties/escapePattern=null, http://www.dbunit.org/properties/allowVerifytabledefinitionExpectedtableCountMismatch=false}]) - start
02:06:18.636 [main] DEBUG org.dbunit.util.QualifiedTableName - Qualified table names feature is disabled. Returning plain table name
02:06:18.636 [main] DEBUG org.dbunit.util.QualifiedTableName - getQualifiedName(prefix=null, name=TB_PERFIL, escapePattern=null) - start
02:06:18.636 [main] DEBUG org.dbunit.dataset.OrderedTableNameMap - add(tableName=TB_PERFIL, object=null) - start
02:06:18.636 [main] DEBUG org.dbunit.dataset.OrderedTableNameMap - getTableName(tableName=TB_PERFIL) - start
02:06:18.636 [main] DEBUG org.dbunit.dataset.OrderedTableNameMap - getTableName(tableName=TB_PERFIL) - end - result=TB_PERFIL
02:06:18.636 [main] DEBUG org.dbunit.dataset.OrderedTableNameMap - getTableName(tableName=TB_PERFIL) - start
02:06:18.636 [main] DEBUG org.dbunit.dataset.OrderedTableNameMap - getTableName(tableName=TB_PERFIL) - end - result=TB_PERFIL
02:06:18.636 [main] DEBUG org.dbunit.util.QualifiedTableName - getQualifiedNameIfEnabled(config=org.dbunit.database.DatabaseConfig[, _propertyMap={http://www.dbunit.org/features/qualifiedTableNames=false, http://www.dbunit.org/properties/tableType=[Ljava.lang.String;@518cf84a, http://www.dbunit.org/properties/batchSize=100, http://www.dbunit.org/properties/statementFactory=org.dbunit.database.statement.PreparedStatementFactory@62e7dffa, http://www.dbunit.org/features/batchedStatements=false, http://www.dbunit.org/features/caseSensitiveTableNames=false, http://www.dbunit.org/features/allowEmptyFields=false, http://www.dbunit.org/properties/datatypeFactory=org.dbunit.dataset.datatype.DefaultDataTypeFactory[_toleratedDeltaMap=org.dbunit.dataset.datatype.ToleratedDeltaMap@6edcd0d8], http://www.dbunit.org/properties/metadataHandler=org.dbunit.database.DefaultMetadataHandler@30e6a763, http://www.dbunit.org/properties/fetchSize=100, http://www.dbunit.org/properties/resultSetTableFactory=org.dbunit.database.CachedResultSetTableFactory@57ce634f, http://www.dbunit.org/features/datatypeWarning=true, http://www.dbunit.org/properties/escapePattern=null, http://www.dbunit.org/properties/allowVerifytabledefinitionExpectedtableCountMismatch=false}]) - start
02:06:18.636 [main] DEBUG org.dbunit.util.QualifiedTableName - Qualified table names feature is disabled. Returning plain table name
02:06:18.636 [main] DEBUG org.dbunit.util.QualifiedTableName - getQualifiedName(prefix=null, name=TB_PROJETO, escapePattern=null) - start
02:06:18.636 [main] DEBUG org.dbunit.dataset.OrderedTableNameMap - add(tableName=TB_PROJETO, object=null) - start
02:06:18.636 [main] DEBUG org.dbunit.dataset.OrderedTableNameMap - getTableName(tableName=TB_PROJETO) - start
02:06:18.636 [main] DEBUG org.dbunit.dataset.OrderedTableNameMap - getTableName(tableName=TB_PROJETO) - end - result=TB_PROJETO
02:06:18.636 [main] DEBUG org.dbunit.dataset.OrderedTableNameMap - getTableName(tableName=TB_PROJETO) - start
02:06:18.636 [main] DEBUG org.dbunit.dataset.OrderedTableNameMap - getTableName(tableName=TB_PROJETO) - end - result=TB_PROJETO
02:06:18.636 [main] DEBUG org.dbunit.util.QualifiedTableName - getQualifiedNameIfEnabled(config=org.dbunit.database.DatabaseConfig[, _propertyMap={http://www.dbunit.org/features/qualifiedTableNames=false, http://www.dbunit.org/properties/tableType=[Ljava.lang.String;@518cf84a, http://www.dbunit.org/properties/batchSize=100, http://www.dbunit.org/properties/statementFactory=org.dbunit.database.statement.PreparedStatementFactory@62e7dffa, http://www.dbunit.org/features/batchedStatements=false, http://www.dbunit.org/features/caseSensitiveTableNames=false, http://www.dbunit.org/features/allowEmptyFields=false, http://www.dbunit.org/properties/datatypeFactory=org.dbunit.dataset.datatype.DefaultDataTypeFactory[_toleratedDeltaMap=org.dbunit.dataset.datatype.ToleratedDeltaMap@6edcd0d8], http://www.dbunit.org/properties/metadataHandler=org.dbunit.database.DefaultMetadataHandler@30e6a763, http://www.dbunit.org/properties/fetchSize=100, http://www.dbunit.org/properties/resultSetTableFactory=org.dbunit.database.CachedResultSetTableFactory@57ce634f, http://www.dbunit.org/features/datatypeWarning=true, http://www.dbunit.org/properties/escapePattern=null, http://www.dbunit.org/properties/allowVerifytabledefinitionExpectedtableCountMismatch=false}]) - start
02:06:18.636 [main] DEBUG org.dbunit.util.QualifiedTableName - Qualified table names feature is disabled. Returning plain table name
02:06:18.636 [main] DEBUG org.dbunit.util.QualifiedTableName - getQualifiedName(prefix=null, name=TB_PROJETO_FORNECEDOR, escapePattern=null) - start
02:06:18.636 [main] DEBUG org.dbunit.dataset.OrderedTableNameMap - add(tableName=TB_PROJETO_FORNECEDOR, object=null) - start
02:06:18.636 [main] DEBUG org.dbunit.dataset.OrderedTableNameMap - getTableName(tableName=TB_PROJETO_FORNECEDOR) - start
02:06:18.636 [main] DEBUG org.dbunit.dataset.OrderedTableNameMap - getTableName(tableName=TB_PROJETO_FORNECEDOR) - end - result=TB_PROJETO_FORNECEDOR
02:06:18.636 [main] DEBUG org.dbunit.dataset.OrderedTableNameMap - getTableName(tableName=TB_PROJETO_FORNECEDOR) - start
02:06:18.636 [main] DEBUG org.dbunit.dataset.OrderedTableNameMap - getTableName(tableName=TB_PROJETO_FORNECEDOR) - end - result=TB_PROJETO_FORNECEDOR
02:06:18.636 [main] DEBUG org.dbunit.util.QualifiedTableName - getQualifiedNameIfEnabled(config=org.dbunit.database.DatabaseConfig[, _propertyMap={http://www.dbunit.org/features/qualifiedTableNames=false, http://www.dbunit.org/properties/tableType=[Ljava.lang.String;@518cf84a, http://www.dbunit.org/properties/batchSize=100, http://www.dbunit.org/properties/statementFactory=org.dbunit.database.statement.PreparedStatementFactory@62e7dffa, http://www.dbunit.org/features/batchedStatements=false, http://www.dbunit.org/features/caseSensitiveTableNames=false, http://www.dbunit.org/features/allowEmptyFields=false, http://www.dbunit.org/properties/datatypeFactory=org.dbunit.dataset.datatype.DefaultDataTypeFactory[_toleratedDeltaMap=org.dbunit.dataset.datatype.ToleratedDeltaMap@6edcd0d8], http://www.dbunit.org/properties/metadataHandler=org.dbunit.database.DefaultMetadataHandler@30e6a763, http://www.dbunit.org/properties/fetchSize=100, http://www.dbunit.org/properties/resultSetTableFactory=org.dbunit.database.CachedResultSetTableFactory@57ce634f, http://www.dbunit.org/features/datatypeWarning=true, http://www.dbunit.org/properties/escapePattern=null, http://www.dbunit.org/properties/allowVerifytabledefinitionExpectedtableCountMismatch=false}]) - start
02:06:18.636 [main] DEBUG org.dbunit.util.QualifiedTableName - Qualified table names feature is disabled. Returning plain table name
02:06:18.636 [main] DEBUG org.dbunit.util.QualifiedTableName - getQualifiedName(prefix=null, name=TB_RECURSO, escapePattern=null) - start
02:06:18.636 [main] DEBUG org.dbunit.dataset.OrderedTableNameMap - add(tableName=TB_RECURSO, object=null) - start
02:06:18.636 [main] DEBUG org.dbunit.dataset.OrderedTableNameMap - getTableName(tableName=TB_RECURSO) - start
02:06:18.636 [main] DEBUG org.dbunit.dataset.OrderedTableNameMap - getTableName(tableName=TB_RECURSO) - end - result=TB_RECURSO
02:06:18.636 [main] DEBUG org.dbunit.dataset.OrderedTableNameMap - getTableName(tableName=TB_RECURSO) - start
02:06:18.636 [main] DEBUG org.dbunit.dataset.OrderedTableNameMap - getTableName(tableName=TB_RECURSO) - end - result=TB_RECURSO
02:06:18.636 [main] DEBUG org.dbunit.util.QualifiedTableName - getQualifiedNameIfEnabled(config=org.dbunit.database.DatabaseConfig[, _propertyMap={http://www.dbunit.org/features/qualifiedTableNames=false, http://www.dbunit.org/properties/tableType=[Ljava.lang.String;@518cf84a, http://www.dbunit.org/properties/batchSize=100, http://www.dbunit.org/properties/statementFactory=org.dbunit.database.statement.PreparedStatementFactory@62e7dffa, http://www.dbunit.org/features/batchedStatements=false, http://www.dbunit.org/features/caseSensitiveTableNames=false, http://www.dbunit.org/features/allowEmptyFields=false, http://www.dbunit.org/properties/datatypeFactory=org.dbunit.dataset.datatype.DefaultDataTypeFactory[_toleratedDeltaMap=org.dbunit.dataset.datatype.ToleratedDeltaMap@6edcd0d8], http://www.dbunit.org/properties/metadataHandler=org.dbunit.database.DefaultMetadataHandler@30e6a763, http://www.dbunit.org/properties/fetchSize=100, http://www.dbunit.org/properties/resultSetTableFactory=org.dbunit.database.CachedResultSetTableFactory@57ce634f, http://www.dbunit.org/features/datatypeWarning=true, http://www.dbunit.org/properties/escapePattern=null, http://www.dbunit.org/properties/allowVerifytabledefinitionExpectedtableCountMismatch=false}]) - start
02:06:18.636 [main] DEBUG org.dbunit.util.QualifiedTableName - Qualified table names feature is disabled. Returning plain table name
02:06:18.636 [main] DEBUG org.dbunit.util.QualifiedTableName - getQualifiedName(prefix=null, name=TB_TAREFA, escapePattern=null) - start
02:06:18.636 [main] DEBUG org.dbunit.dataset.OrderedTableNameMap - add(tableName=TB_TAREFA, object=null) - start
02:06:18.636 [main] DEBUG org.dbunit.dataset.OrderedTableNameMap - getTableName(tableName=TB_TAREFA) - start
02:06:18.636 [main] DEBUG org.dbunit.dataset.OrderedTableNameMap - getTableName(tableName=TB_TAREFA) - end - result=TB_TAREFA
02:06:18.636 [main] DEBUG org.dbunit.dataset.OrderedTableNameMap - getTableName(tableName=TB_TAREFA) - start
02:06:18.636 [main] DEBUG org.dbunit.dataset.OrderedTableNameMap - getTableName(tableName=TB_TAREFA) - end - result=TB_TAREFA
02:06:18.636 [main] DEBUG org.dbunit.util.QualifiedTableName - getQualifiedNameIfEnabled(config=org.dbunit.database.DatabaseConfig[, _propertyMap={http://www.dbunit.org/features/qualifiedTableNames=false, http://www.dbunit.org/properties/tableType=[Ljava.lang.String;@518cf84a, http://www.dbunit.org/properties/batchSize=100, http://www.dbunit.org/properties/statementFactory=org.dbunit.database.statement.PreparedStatementFactory@62e7dffa, http://www.dbunit.org/features/batchedStatements=false, http://www.dbunit.org/features/caseSensitiveTableNames=false, http://www.dbunit.org/features/allowEmptyFields=false, http://www.dbunit.org/properties/datatypeFactory=org.dbunit.dataset.datatype.DefaultDataTypeFactory[_toleratedDeltaMap=org.dbunit.dataset.datatype.ToleratedDeltaMap@6edcd0d8], http://www.dbunit.org/properties/metadataHandler=org.dbunit.database.DefaultMetadataHandler@30e6a763, http://www.dbunit.org/properties/fetchSize=100, http://www.dbunit.org/properties/resultSetTableFactory=org.dbunit.database.CachedResultSetTableFactory@57ce634f, http://www.dbunit.org/features/datatypeWarning=true, http://www.dbunit.org/properties/escapePattern=null, http://www.dbunit.org/properties/allowVerifytabledefinitionExpectedtableCountMismatch=false}]) - start
02:06:18.636 [main] DEBUG org.dbunit.util.QualifiedTableName - Qualified table names feature is disabled. Returning plain table name
02:06:18.636 [main] DEBUG org.dbunit.util.QualifiedTableName - getQualifiedName(prefix=null, name=TB_TELEFONE_CLIENTE, escapePattern=null) - start
02:06:18.636 [main] DEBUG org.dbunit.dataset.OrderedTableNameMap - add(tableName=TB_TELEFONE_CLIENTE, object=null) - start
02:06:18.636 [main] DEBUG org.dbunit.dataset.OrderedTableNameMap - getTableName(tableName=TB_TELEFONE_CLIENTE) - start
02:06:18.636 [main] DEBUG org.dbunit.dataset.OrderedTableNameMap - getTableName(tableName=TB_TELEFONE_CLIENTE) - end - result=TB_TELEFONE_CLIENTE
02:06:18.636 [main] DEBUG org.dbunit.dataset.OrderedTableNameMap - getTableName(tableName=TB_TELEFONE_CLIENTE) - start
02:06:18.636 [main] DEBUG org.dbunit.dataset.OrderedTableNameMap - getTableName(tableName=TB_TELEFONE_CLIENTE) - end - result=TB_TELEFONE_CLIENTE
02:06:18.636 [main] DEBUG org.dbunit.util.QualifiedTableName - getQualifiedNameIfEnabled(config=org.dbunit.database.DatabaseConfig[, _propertyMap={http://www.dbunit.org/features/qualifiedTableNames=false, http://www.dbunit.org/properties/tableType=[Ljava.lang.String;@518cf84a, http://www.dbunit.org/properties/batchSize=100, http://www.dbunit.org/properties/statementFactory=org.dbunit.database.statement.PreparedStatementFactory@62e7dffa, http://www.dbunit.org/features/batchedStatements=false, http://www.dbunit.org/features/caseSensitiveTableNames=false, http://www.dbunit.org/features/allowEmptyFields=false, http://www.dbunit.org/properties/datatypeFactory=org.dbunit.dataset.datatype.DefaultDataTypeFactory[_toleratedDeltaMap=org.dbunit.dataset.datatype.ToleratedDeltaMap@6edcd0d8], http://www.dbunit.org/properties/metadataHandler=org.dbunit.database.DefaultMetadataHandler@30e6a763, http://www.dbunit.org/properties/fetchSize=100, http://www.dbunit.org/properties/resultSetTableFactory=org.dbunit.database.CachedResultSetTableFactory@57ce634f, http://www.dbunit.org/features/datatypeWarning=true, http://www.dbunit.org/properties/escapePattern=null, http://www.dbunit.org/properties/allowVerifytabledefinitionExpectedtableCountMismatch=false}]) - start
02:06:18.636 [main] DEBUG org.dbunit.util.QualifiedTableName - Qualified table names feature is disabled. Returning plain table name
02:06:18.636 [main] DEBUG org.dbunit.util.QualifiedTableName - getQualifiedName(prefix=null, name=TB_TELEFONE_USUARIO, escapePattern=null) - start
02:06:18.636 [main] DEBUG org.dbunit.dataset.OrderedTableNameMap - add(tableName=TB_TELEFONE_USUARIO, object=null) - start
02:06:18.636 [main] DEBUG org.dbunit.dataset.OrderedTableNameMap - getTableName(tableName=TB_TELEFONE_USUARIO) - start
02:06:18.636 [main] DEBUG org.dbunit.dataset.OrderedTableNameMap - getTableName(tableName=TB_TELEFONE_USUARIO) - end - result=TB_TELEFONE_USUARIO
02:06:18.636 [main] DEBUG org.dbunit.dataset.OrderedTableNameMap - getTableName(tableName=TB_TELEFONE_USUARIO) - start
02:06:18.636 [main] DEBUG org.dbunit.dataset.OrderedTableNameMap - getTableName(tableName=TB_TELEFONE_USUARIO) - end - result=TB_TELEFONE_USUARIO
02:06:18.636 [main] DEBUG org.dbunit.util.QualifiedTableName - getQualifiedNameIfEnabled(config=org.dbunit.database.DatabaseConfig[, _propertyMap={http://www.dbunit.org/features/qualifiedTableNames=false, http://www.dbunit.org/properties/tableType=[Ljava.lang.String;@518cf84a, http://www.dbunit.org/properties/batchSize=100, http://www.dbunit.org/properties/statementFactory=org.dbunit.database.statement.PreparedStatementFactory@62e7dffa, http://www.dbunit.org/features/batchedStatements=false, http://www.dbunit.org/features/caseSensitiveTableNames=false, http://www.dbunit.org/features/allowEmptyFields=false, http://www.dbunit.org/properties/datatypeFactory=org.dbunit.dataset.datatype.DefaultDataTypeFactory[_toleratedDeltaMap=org.dbunit.dataset.datatype.ToleratedDeltaMap@6edcd0d8], http://www.dbunit.org/properties/metadataHandler=org.dbunit.database.DefaultMetadataHandler@30e6a763, http://www.dbunit.org/properties/fetchSize=100, http://www.dbunit.org/properties/resultSetTableFactory=org.dbunit.database.CachedResultSetTableFactory@57ce634f, http://www.dbunit.org/features/datatypeWarning=true, http://www.dbunit.org/properties/escapePattern=null, http://www.dbunit.org/properties/allowVerifytabledefinitionExpectedtableCountMismatch=false}]) - start
02:06:18.636 [main] DEBUG org.dbunit.util.QualifiedTableName - Qualified table names feature is disabled. Returning plain table name
02:06:18.636 [main] DEBUG org.dbunit.util.QualifiedTableName - getQualifiedName(prefix=null, name=TB_USUARIO, escapePattern=null) - start
02:06:18.636 [main] DEBUG org.dbunit.dataset.OrderedTableNameMap - add(tableName=TB_USUARIO, object=null) - start
02:06:18.636 [main] DEBUG org.dbunit.dataset.OrderedTableNameMap - getTableName(tableName=TB_USUARIO) - start
02:06:18.636 [main] DEBUG org.dbunit.dataset.OrderedTableNameMap - getTableName(tableName=TB_USUARIO) - end - result=TB_USUARIO
02:06:18.636 [main] DEBUG org.dbunit.dataset.OrderedTableNameMap - getTableName(tableName=TB_USUARIO) - start
02:06:18.636 [main] DEBUG org.dbunit.dataset.OrderedTableNameMap - getTableName(tableName=TB_USUARIO) - end - result=TB_USUARIO
02:06:18.636 [main] DEBUG org.dbunit.util.QualifiedTableName - getQualifiedNameIfEnabled(config=org.dbunit.database.DatabaseConfig[, _propertyMap={http://www.dbunit.org/features/qualifiedTableNames=false, http://www.dbunit.org/properties/tableType=[Ljava.lang.String;@518cf84a, http://www.dbunit.org/properties/batchSize=100, http://www.dbunit.org/properties/statementFactory=org.dbunit.database.statement.PreparedStatementFactory@62e7dffa, http://www.dbunit.org/features/batchedStatements=false, http://www.dbunit.org/features/caseSensitiveTableNames=false, http://www.dbunit.org/features/allowEmptyFields=false, http://www.dbunit.org/properties/datatypeFactory=org.dbunit.dataset.datatype.DefaultDataTypeFactory[_toleratedDeltaMap=org.dbunit.dataset.datatype.ToleratedDeltaMap@6edcd0d8], http://www.dbunit.org/properties/metadataHandler=org.dbunit.database.DefaultMetadataHandler@30e6a763, http://www.dbunit.org/properties/fetchSize=100, http://www.dbunit.org/properties/resultSetTableFactory=org.dbunit.database.CachedResultSetTableFactory@57ce634f, http://www.dbunit.org/features/datatypeWarning=true, http://www.dbunit.org/properties/escapePattern=null, http://www.dbunit.org/properties/allowVerifytabledefinitionExpectedtableCountMismatch=false}]) - start
02:06:18.636 [main] DEBUG org.dbunit.util.QualifiedTableName - Qualified table names feature is disabled. Returning plain table name
02:06:18.636 [main] DEBUG org.dbunit.util.QualifiedTableName - getQualifiedName(prefix=null, name=TB_USUARIO_PERFIL, escapePattern=null) - start
02:06:18.636 [main] DEBUG org.dbunit.dataset.OrderedTableNameMap - add(tableName=TB_USUARIO_PERFIL, object=null) - start
02:06:18.636 [main] DEBUG org.dbunit.dataset.OrderedTableNameMap - getTableName(tableName=TB_USUARIO_PERFIL) - start
02:06:18.636 [main] DEBUG org.dbunit.dataset.OrderedTableNameMap - getTableName(tableName=TB_USUARIO_PERFIL) - end - result=TB_USUARIO_PERFIL
02:06:18.636 [main] DEBUG org.dbunit.dataset.OrderedTableNameMap - getTableName(tableName=TB_USUARIO_PERFIL) - start
02:06:18.636 [main] DEBUG org.dbunit.dataset.OrderedTableNameMap - getTableName(tableName=TB_USUARIO_PERFIL) - end - result=TB_USUARIO_PERFIL
02:06:18.637 [main] DEBUG org.dbunit.dataset.OrderedTableNameMap - getTableName(tableName=TB_TAREFA) - start
02:06:18.637 [main] DEBUG org.dbunit.dataset.OrderedTableNameMap - getTableName(tableName=TB_TAREFA) - end - result=TB_TAREFA
02:06:18.637 [main] DEBUG org.dbunit.dataset.OrderedTableNameMap - getTableName(tableName=TB_TAREFA) - start
02:06:18.637 [main] DEBUG org.dbunit.dataset.OrderedTableNameMap - getTableName(tableName=TB_TAREFA) - end - result=TB_TAREFA
02:06:18.637 [main] DEBUG org.dbunit.util.SQLHelper - isEscaped returns 'false' for tableName=TB_TAREFA (dbIdentifierQuoteString=")
02:06:18.640 [main] DEBUG org.dbunit.database.DatabaseTableMetaData - Validating if table 'TB_TAREFA' exists in schema 'null' ...
02:06:18.642 [main] DEBUG org.dbunit.util.SQLHelper - close(resultSet=org.apache.derby.client.net.NetResultSet42@9d7ccfe) - start
02:06:18.642 [main] DEBUG org.dbunit.dataset.OrderedTableNameMap - update(tableName=TB_TAREFA, object=table=TB_TAREFA, cols=[(ID_TAREFA, BIGINT, noNulls), (DATA_FIM_TAREFA, DATE, nullable), (DATA_INICIO_TAREFA, DATE, noNulls), (DESCRICAO_TAREFA, VARCHAR, nullable), (NOME_TAREFA, VARCHAR, noNulls), (PRIORIDADE_TAREFA, VARCHAR, noNulls), (TIPO_STATUS, INTEGER, noNulls), (ID_PROJETO, BIGINT, noNulls), (USUARIO_ID, BIGINT, noNulls)], pk=[(ID_TAREFA, BIGINT, noNulls)]) - start
02:06:18.648 [main] DEBUG org.dbunit.dataset.OrderedTableNameMap - getTableName(tableName=TB_TAREFA) - start
02:06:18.648 [main] DEBUG org.dbunit.dataset.OrderedTableNameMap - getTableName(tableName=TB_TAREFA) - end - result=TB_TAREFA
02:06:18.648 [main] DEBUG org.dbunit.dataset.OrderedTableNameMap - getTableName(tableName=TB_TAREFA) - start
02:06:18.648 [main] DEBUG org.dbunit.dataset.OrderedTableNameMap - getTableName(tableName=TB_TAREFA) - end - result=TB_TAREFA
02:06:18.648 [main] DEBUG org.dbunit.operation.AbstractOperation - getQualifiedName(prefix=null, name=TB_TAREFA, connection=org.dbunit.database.DatabaseConnection[schema=null, connection=org.apache.derby.client.net.NetConnection@55e3d6c3, super=_databaseConfig=org.dbunit.database.DatabaseConfig[, _propertyMap={http://www.dbunit.org/features/qualifiedTableNames=false, http://www.dbunit.org/properties/tableType=[Ljava.lang.String;@518cf84a, http://www.dbunit.org/properties/batchSize=100, http://www.dbunit.org/properties/statementFactory=org.dbunit.database.statement.PreparedStatementFactory@62e7dffa, http://www.dbunit.org/features/batchedStatements=false, http://www.dbunit.org/features/caseSensitiveTableNames=false, http://www.dbunit.org/features/allowEmptyFields=false, http://www.dbunit.org/properties/datatypeFactory=org.dbunit.dataset.datatype.DefaultDataTypeFactory[_toleratedDeltaMap=org.dbunit.dataset.datatype.ToleratedDeltaMap@6edcd0d8], http://www.dbunit.org/properties/metadataHandler=org.dbunit.database.DefaultMetadataHandler@30e6a763, http://www.dbunit.org/properties/fetchSize=100, http://www.dbunit.org/properties/resultSetTableFactory=org.dbunit.database.CachedResultSetTableFactory@57ce634f, http://www.dbunit.org/features/datatypeWarning=true, http://www.dbunit.org/properties/escapePattern=null, http://www.dbunit.org/properties/allowVerifytabledefinitionExpectedtableCountMismatch=false}], _dataSet=AbstractDataSet[_orderedTableNameMap=null]]) - start
02:06:18.648 [main] DEBUG org.dbunit.util.QualifiedTableName - getQualifiedName() - start
02:06:18.648 [main] DEBUG org.dbunit.util.QualifiedTableName - getQualifiedName(prefix=null, name=TB_TAREFA, escapePattern=null) - start
02:06:18.648 [main] DEBUG org.dbunit.database.statement.SimpleStatement - addBatch(sql=delete from TB_TAREFA) - start
02:06:18.648 [main] DEBUG org.dbunit.operation.DeleteAllOperation - Added SQL: delete from TB_TAREFA
02:06:18.648 [main] DEBUG org.dbunit.database.DatabaseDataSet - getTableMetaData(tableName=TB_USUARIO_PERFIL) - start
02:06:18.648 [main] DEBUG org.dbunit.database.DatabaseDataSet - initialize() - start
02:06:18.648 [main] DEBUG org.dbunit.dataset.OrderedTableNameMap - getTableName(tableName=TB_USUARIO_PERFIL) - start
02:06:18.648 [main] DEBUG org.dbunit.dataset.OrderedTableNameMap - getTableName(tableName=TB_USUARIO_PERFIL) - end - result=TB_USUARIO_PERFIL
02:06:18.648 [main] DEBUG org.dbunit.dataset.OrderedTableNameMap - getTableName(tableName=TB_USUARIO_PERFIL) - start
02:06:18.648 [main] DEBUG org.dbunit.dataset.OrderedTableNameMap - getTableName(tableName=TB_USUARIO_PERFIL) - end - result=TB_USUARIO_PERFIL
02:06:18.648 [main] DEBUG org.dbunit.util.SQLHelper - isEscaped returns 'false' for tableName=TB_USUARIO_PERFIL (dbIdentifierQuoteString=")
02:06:18.648 [main] DEBUG org.dbunit.database.DatabaseTableMetaData - Validating if table 'TB_USUARIO_PERFIL' exists in schema 'null' ...
02:06:18.650 [main] DEBUG org.dbunit.util.SQLHelper - close(resultSet=org.apache.derby.client.net.NetResultSet42@f096f37) - start
02:06:18.650 [main] DEBUG org.dbunit.dataset.OrderedTableNameMap - update(tableName=TB_USUARIO_PERFIL, object=table=TB_USUARIO_PERFIL, cols=[(ID_USUARIO, BIGINT, noNulls), (ID_PERFIL, BIGINT, noNulls)], pk=[(ID_USUARIO, BIGINT, noNulls), (ID_PERFIL, BIGINT, noNulls)]) - start
02:06:18.652 [main] DEBUG org.dbunit.dataset.OrderedTableNameMap - getTableName(tableName=TB_USUARIO_PERFIL) - start
02:06:18.652 [main] DEBUG org.dbunit.dataset.OrderedTableNameMap - getTableName(tableName=TB_USUARIO_PERFIL) - end - result=TB_USUARIO_PERFIL
02:06:18.652 [main] DEBUG org.dbunit.dataset.OrderedTableNameMap - getTableName(tableName=TB_USUARIO_PERFIL) - start
02:06:18.652 [main] DEBUG org.dbunit.dataset.OrderedTableNameMap - getTableName(tableName=TB_USUARIO_PERFIL) - end - result=TB_USUARIO_PERFIL
02:06:18.652 [main] DEBUG org.dbunit.operation.AbstractOperation - getQualifiedName(prefix=null, name=TB_USUARIO_PERFIL, connection=org.dbunit.database.DatabaseConnection[schema=null, connection=org.apache.derby.client.net.NetConnection@55e3d6c3, super=_databaseConfig=org.dbunit.database.DatabaseConfig[, _propertyMap={http://www.dbunit.org/features/qualifiedTableNames=false, http://www.dbunit.org/properties/tableType=[Ljava.lang.String;@518cf84a, http://www.dbunit.org/properties/batchSize=100, http://www.dbunit.org/properties/statementFactory=org.dbunit.database.statement.PreparedStatementFactory@62e7dffa, http://www.dbunit.org/features/batchedStatements=false, http://www.dbunit.org/features/caseSensitiveTableNames=false, http://www.dbunit.org/features/allowEmptyFields=false, http://www.dbunit.org/properties/datatypeFactory=org.dbunit.dataset.datatype.DefaultDataTypeFactory[_toleratedDeltaMap=org.dbunit.dataset.datatype.ToleratedDeltaMap@6edcd0d8], http://www.dbunit.org/properties/metadataHandler=org.dbunit.database.DefaultMetadataHandler@30e6a763, http://www.dbunit.org/properties/fetchSize=100, http://www.dbunit.org/properties/resultSetTableFactory=org.dbunit.database.CachedResultSetTableFactory@57ce634f, http://www.dbunit.org/features/datatypeWarning=true, http://www.dbunit.org/properties/escapePattern=null, http://www.dbunit.org/properties/allowVerifytabledefinitionExpectedtableCountMismatch=false}], _dataSet=AbstractDataSet[_orderedTableNameMap=null]]) - start
02:06:18.652 [main] DEBUG org.dbunit.util.QualifiedTableName - getQualifiedName() - start
02:06:18.652 [main] DEBUG org.dbunit.util.QualifiedTableName - getQualifiedName(prefix=null, name=TB_USUARIO_PERFIL, escapePattern=null) - start
02:06:18.652 [main] DEBUG org.dbunit.database.statement.SimpleStatement - addBatch(sql=delete from TB_USUARIO_PERFIL) - start
02:06:18.652 [main] DEBUG org.dbunit.operation.DeleteAllOperation - Added SQL: delete from TB_USUARIO_PERFIL
02:06:18.652 [main] DEBUG org.dbunit.database.DatabaseDataSet - getTableMetaData(tableName=TB_PERFIL) - start
02:06:18.652 [main] DEBUG org.dbunit.database.DatabaseDataSet - initialize() - start
02:06:18.652 [main] DEBUG org.dbunit.dataset.OrderedTableNameMap - getTableName(tableName=TB_PERFIL) - start
02:06:18.652 [main] DEBUG org.dbunit.dataset.OrderedTableNameMap - getTableName(tableName=TB_PERFIL) - end - result=TB_PERFIL
02:06:18.652 [main] DEBUG org.dbunit.dataset.OrderedTableNameMap - getTableName(tableName=TB_PERFIL) - start
02:06:18.652 [main] DEBUG org.dbunit.dataset.OrderedTableNameMap - getTableName(tableName=TB_PERFIL) - end - result=TB_PERFIL
02:06:18.652 [main] DEBUG org.dbunit.util.SQLHelper - isEscaped returns 'false' for tableName=TB_PERFIL (dbIdentifierQuoteString=")
02:06:18.652 [main] DEBUG org.dbunit.database.DatabaseTableMetaData - Validating if table 'TB_PERFIL' exists in schema 'null' ...
02:06:18.653 [main] DEBUG org.dbunit.util.SQLHelper - close(resultSet=org.apache.derby.client.net.NetResultSet42@6f4ade6e) - start
02:06:18.654 [main] DEBUG org.dbunit.dataset.OrderedTableNameMap - update(tableName=TB_PERFIL, object=table=TB_PERFIL, cols=[(ID_PERFIL, BIGINT, noNulls), (NOME_PERFIL, VARCHAR, noNulls)], pk=[(ID_PERFIL, BIGINT, noNulls)]) - start
02:06:18.657 [main] DEBUG org.dbunit.dataset.OrderedTableNameMap - getTableName(tableName=TB_PERFIL) - start
02:06:18.657 [main] DEBUG org.dbunit.dataset.OrderedTableNameMap - getTableName(tableName=TB_PERFIL) - end - result=TB_PERFIL
02:06:18.657 [main] DEBUG org.dbunit.dataset.OrderedTableNameMap - getTableName(tableName=TB_PERFIL) - start
02:06:18.657 [main] DEBUG org.dbunit.dataset.OrderedTableNameMap - getTableName(tableName=TB_PERFIL) - end - result=TB_PERFIL
02:06:18.657 [main] DEBUG org.dbunit.operation.AbstractOperation - getQualifiedName(prefix=null, name=TB_PERFIL, connection=org.dbunit.database.DatabaseConnection[schema=null, connection=org.apache.derby.client.net.NetConnection@55e3d6c3, super=_databaseConfig=org.dbunit.database.DatabaseConfig[, _propertyMap={http://www.dbunit.org/features/qualifiedTableNames=false, http://www.dbunit.org/properties/tableType=[Ljava.lang.String;@518cf84a, http://www.dbunit.org/properties/batchSize=100, http://www.dbunit.org/properties/statementFactory=org.dbunit.database.statement.PreparedStatementFactory@62e7dffa, http://www.dbunit.org/features/batchedStatements=false, http://www.dbunit.org/features/caseSensitiveTableNames=false, http://www.dbunit.org/features/allowEmptyFields=false, http://www.dbunit.org/properties/datatypeFactory=org.dbunit.dataset.datatype.DefaultDataTypeFactory[_toleratedDeltaMap=org.dbunit.dataset.datatype.ToleratedDeltaMap@6edcd0d8], http://www.dbunit.org/properties/metadataHandler=org.dbunit.database.DefaultMetadataHandler@30e6a763, http://www.dbunit.org/properties/fetchSize=100, http://www.dbunit.org/properties/resultSetTableFactory=org.dbunit.database.CachedResultSetTableFactory@57ce634f, http://www.dbunit.org/features/datatypeWarning=true, http://www.dbunit.org/properties/escapePattern=null, http://www.dbunit.org/properties/allowVerifytabledefinitionExpectedtableCountMismatch=false}], _dataSet=AbstractDataSet[_orderedTableNameMap=null]]) - start
02:06:18.657 [main] DEBUG org.dbunit.util.QualifiedTableName - getQualifiedName() - start
02:06:18.657 [main] DEBUG org.dbunit.util.QualifiedTableName - getQualifiedName(prefix=null, name=TB_PERFIL, escapePattern=null) - start
02:06:18.657 [main] DEBUG org.dbunit.database.statement.SimpleStatement - addBatch(sql=delete from TB_PERFIL) - start
02:06:18.657 [main] DEBUG org.dbunit.operation.DeleteAllOperation - Added SQL: delete from TB_PERFIL
02:06:18.657 [main] DEBUG org.dbunit.database.DatabaseDataSet - getTableMetaData(tableName=TB_USUARIO) - start
02:06:18.657 [main] DEBUG org.dbunit.database.DatabaseDataSet - initialize() - start
02:06:18.657 [main] DEBUG org.dbunit.dataset.OrderedTableNameMap - getTableName(tableName=TB_USUARIO) - start
02:06:18.657 [main] DEBUG org.dbunit.dataset.OrderedTableNameMap - getTableName(tableName=TB_USUARIO) - end - result=TB_USUARIO
02:06:18.657 [main] DEBUG org.dbunit.dataset.OrderedTableNameMap - getTableName(tableName=TB_USUARIO) - start
02:06:18.657 [main] DEBUG org.dbunit.dataset.OrderedTableNameMap - getTableName(tableName=TB_USUARIO) - end - result=TB_USUARIO
02:06:18.657 [main] DEBUG org.dbunit.util.SQLHelper - isEscaped returns 'false' for tableName=TB_USUARIO (dbIdentifierQuoteString=")
02:06:18.657 [main] DEBUG org.dbunit.database.DatabaseTableMetaData - Validating if table 'TB_USUARIO' exists in schema 'null' ...
02:06:18.659 [main] DEBUG org.dbunit.util.SQLHelper - close(resultSet=org.apache.derby.client.net.NetResultSet42@3ec2ecea) - start
02:06:18.659 [main] DEBUG org.dbunit.dataset.OrderedTableNameMap - update(tableName=TB_USUARIO, object=table=TB_USUARIO, cols=[(ID_USUARIO, BIGINT, noNulls), (EMAIL_USUARIO, VARCHAR, noNulls), (NOME_USUARIO, VARCHAR, noNulls), (SENHA_USUARIO, VARCHAR, noNulls)], pk=[(ID_USUARIO, BIGINT, noNulls)]) - start
02:06:18.661 [main] DEBUG org.dbunit.dataset.OrderedTableNameMap - getTableName(tableName=TB_USUARIO) - start
02:06:18.661 [main] DEBUG org.dbunit.dataset.OrderedTableNameMap - getTableName(tableName=TB_USUARIO) - end - result=TB_USUARIO
02:06:18.661 [main] DEBUG org.dbunit.dataset.OrderedTableNameMap - getTableName(tableName=TB_USUARIO) - start
02:06:18.661 [main] DEBUG org.dbunit.dataset.OrderedTableNameMap - getTableName(tableName=TB_USUARIO) - end - result=TB_USUARIO
02:06:18.661 [main] DEBUG org.dbunit.operation.AbstractOperation - getQualifiedName(prefix=null, name=TB_USUARIO, connection=org.dbunit.database.DatabaseConnection[schema=null, connection=org.apache.derby.client.net.NetConnection@55e3d6c3, super=_databaseConfig=org.dbunit.database.DatabaseConfig[, _propertyMap={http://www.dbunit.org/features/qualifiedTableNames=false, http://www.dbunit.org/properties/tableType=[Ljava.lang.String;@518cf84a, http://www.dbunit.org/properties/batchSize=100, http://www.dbunit.org/properties/statementFactory=org.dbunit.database.statement.PreparedStatementFactory@62e7dffa, http://www.dbunit.org/features/batchedStatements=false, http://www.dbunit.org/features/caseSensitiveTableNames=false, http://www.dbunit.org/features/allowEmptyFields=false, http://www.dbunit.org/properties/datatypeFactory=org.dbunit.dataset.datatype.DefaultDataTypeFactory[_toleratedDeltaMap=org.dbunit.dataset.datatype.ToleratedDeltaMap@6edcd0d8], http://www.dbunit.org/properties/metadataHandler=org.dbunit.database.DefaultMetadataHandler@30e6a763, http://www.dbunit.org/properties/fetchSize=100, http://www.dbunit.org/properties/resultSetTableFactory=org.dbunit.database.CachedResultSetTableFactory@57ce634f, http://www.dbunit.org/features/datatypeWarning=true, http://www.dbunit.org/properties/escapePattern=null, http://www.dbunit.org/properties/allowVerifytabledefinitionExpectedtableCountMismatch=false}], _dataSet=AbstractDataSet[_orderedTableNameMap=null]]) - start
02:06:18.661 [main] DEBUG org.dbunit.util.QualifiedTableName - getQualifiedName() - start
02:06:18.661 [main] DEBUG org.dbunit.util.QualifiedTableName - getQualifiedName(prefix=null, name=TB_USUARIO, escapePattern=null) - start
02:06:18.661 [main] DEBUG org.dbunit.database.statement.SimpleStatement - addBatch(sql=delete from TB_USUARIO) - start
02:06:18.661 [main] DEBUG org.dbunit.operation.DeleteAllOperation - Added SQL: delete from TB_USUARIO
02:06:18.661 [main] DEBUG org.dbunit.database.DatabaseDataSet - getTableMetaData(tableName=TB_PROJETO_FORNECEDOR) - start
02:06:18.661 [main] DEBUG org.dbunit.database.DatabaseDataSet - initialize() - start
02:06:18.661 [main] DEBUG org.dbunit.dataset.OrderedTableNameMap - getTableName(tableName=TB_PROJETO_FORNECEDOR) - start
02:06:18.661 [main] DEBUG org.dbunit.dataset.OrderedTableNameMap - getTableName(tableName=TB_PROJETO_FORNECEDOR) - end - result=TB_PROJETO_FORNECEDOR
02:06:18.661 [main] DEBUG org.dbunit.dataset.OrderedTableNameMap - getTableName(tableName=TB_PROJETO_FORNECEDOR) - start
02:06:18.661 [main] DEBUG org.dbunit.dataset.OrderedTableNameMap - getTableName(tableName=TB_PROJETO_FORNECEDOR) - end - result=TB_PROJETO_FORNECEDOR
02:06:18.661 [main] DEBUG org.dbunit.util.SQLHelper - isEscaped returns 'false' for tableName=TB_PROJETO_FORNECEDOR (dbIdentifierQuoteString=")
02:06:18.661 [main] DEBUG org.dbunit.database.DatabaseTableMetaData - Validating if table 'TB_PROJETO_FORNECEDOR' exists in schema 'null' ...
02:06:18.663 [main] DEBUG org.dbunit.util.SQLHelper - close(resultSet=org.apache.derby.client.net.NetResultSet42@6b00ad9) - start
02:06:18.663 [main] DEBUG org.dbunit.dataset.OrderedTableNameMap - update(tableName=TB_PROJETO_FORNECEDOR, object=table=TB_PROJETO_FORNECEDOR, cols=[(ID_PROJETO, BIGINT, noNulls), (ID_FORNECEDOR, BIGINT, noNulls)], pk=[(ID_PROJETO, BIGINT, noNulls), (ID_FORNECEDOR, BIGINT, noNulls)]) - start
02:06:18.665 [main] DEBUG org.dbunit.dataset.OrderedTableNameMap - getTableName(tableName=TB_PROJETO_FORNECEDOR) - start
02:06:18.665 [main] DEBUG org.dbunit.dataset.OrderedTableNameMap - getTableName(tableName=TB_PROJETO_FORNECEDOR) - end - result=TB_PROJETO_FORNECEDOR
02:06:18.665 [main] DEBUG org.dbunit.dataset.OrderedTableNameMap - getTableName(tableName=TB_PROJETO_FORNECEDOR) - start
02:06:18.665 [main] DEBUG org.dbunit.dataset.OrderedTableNameMap - getTableName(tableName=TB_PROJETO_FORNECEDOR) - end - result=TB_PROJETO_FORNECEDOR
02:06:18.665 [main] DEBUG org.dbunit.operation.AbstractOperation - getQualifiedName(prefix=null, name=TB_PROJETO_FORNECEDOR, connection=org.dbunit.database.DatabaseConnection[schema=null, connection=org.apache.derby.client.net.NetConnection@55e3d6c3, super=_databaseConfig=org.dbunit.database.DatabaseConfig[, _propertyMap={http://www.dbunit.org/features/qualifiedTableNames=false, http://www.dbunit.org/properties/tableType=[Ljava.lang.String;@518cf84a, http://www.dbunit.org/properties/batchSize=100, http://www.dbunit.org/properties/statementFactory=org.dbunit.database.statement.PreparedStatementFactory@62e7dffa, http://www.dbunit.org/features/batchedStatements=false, http://www.dbunit.org/features/caseSensitiveTableNames=false, http://www.dbunit.org/features/allowEmptyFields=false, http://www.dbunit.org/properties/datatypeFactory=org.dbunit.dataset.datatype.DefaultDataTypeFactory[_toleratedDeltaMap=org.dbunit.dataset.datatype.ToleratedDeltaMap@6edcd0d8], http://www.dbunit.org/properties/metadataHandler=org.dbunit.database.DefaultMetadataHandler@30e6a763, http://www.dbunit.org/properties/fetchSize=100, http://www.dbunit.org/properties/resultSetTableFactory=org.dbunit.database.CachedResultSetTableFactory@57ce634f, http://www.dbunit.org/features/datatypeWarning=true, http://www.dbunit.org/properties/escapePattern=null, http://www.dbunit.org/properties/allowVerifytabledefinitionExpectedtableCountMismatch=false}], _dataSet=AbstractDataSet[_orderedTableNameMap=null]]) - start
02:06:18.665 [main] DEBUG org.dbunit.util.QualifiedTableName - getQualifiedName() - start
02:06:18.665 [main] DEBUG org.dbunit.util.QualifiedTableName - getQualifiedName(prefix=null, name=TB_PROJETO_FORNECEDOR, escapePattern=null) - start
02:06:18.665 [main] DEBUG org.dbunit.database.statement.SimpleStatement - addBatch(sql=delete from TB_PROJETO_FORNECEDOR) - start
02:06:18.665 [main] DEBUG org.dbunit.operation.DeleteAllOperation - Added SQL: delete from TB_PROJETO_FORNECEDOR
02:06:18.665 [main] DEBUG org.dbunit.database.DatabaseDataSet - getTableMetaData(tableName=TB_FORNECEDOR) - start
02:06:18.665 [main] DEBUG org.dbunit.database.DatabaseDataSet - initialize() - start
02:06:18.665 [main] DEBUG org.dbunit.dataset.OrderedTableNameMap - getTableName(tableName=TB_FORNECEDOR) - start
02:06:18.665 [main] DEBUG org.dbunit.dataset.OrderedTableNameMap - getTableName(tableName=TB_FORNECEDOR) - end - result=TB_FORNECEDOR
02:06:18.665 [main] DEBUG org.dbunit.dataset.OrderedTableNameMap - getTableName(tableName=TB_FORNECEDOR) - start
02:06:18.665 [main] DEBUG org.dbunit.dataset.OrderedTableNameMap - getTableName(tableName=TB_FORNECEDOR) - end - result=TB_FORNECEDOR
02:06:18.665 [main] DEBUG org.dbunit.util.SQLHelper - isEscaped returns 'false' for tableName=TB_FORNECEDOR (dbIdentifierQuoteString=")
02:06:18.665 [main] DEBUG org.dbunit.database.DatabaseTableMetaData - Validating if table 'TB_FORNECEDOR' exists in schema 'null' ...
02:06:18.666 [main] DEBUG org.dbunit.util.SQLHelper - close(resultSet=org.apache.derby.client.net.NetResultSet42@49c8f6e8) - start
02:06:18.667 [main] DEBUG org.dbunit.dataset.OrderedTableNameMap - update(tableName=TB_FORNECEDOR, object=table=TB_FORNECEDOR, cols=[(ID_FORNECEDOR, BIGINT, noNulls), (CNPJ_FORNECEDOR, VARCHAR, noNulls), (DATA_CADASTRO, DATE, nullable), (DESCRICAO, VARCHAR, nullable), (EMAIL_FORNECEDOR, VARCHAR, noNulls), (NOME_FORNECEDOR, VARCHAR, noNulls), (TIPO_FORNECEDOR, VARCHAR, noNulls), (TIPO_STATUS, VARCHAR, noNulls)], pk=[(ID_FORNECEDOR, BIGINT, noNulls)]) - start
02:06:18.671 [main] DEBUG org.dbunit.dataset.OrderedTableNameMap - getTableName(tableName=TB_FORNECEDOR) - start
02:06:18.671 [main] DEBUG org.dbunit.dataset.OrderedTableNameMap - getTableName(tableName=TB_FORNECEDOR) - end - result=TB_FORNECEDOR
02:06:18.671 [main] DEBUG org.dbunit.dataset.OrderedTableNameMap - getTableName(tableName=TB_FORNECEDOR) - start
02:06:18.671 [main] DEBUG org.dbunit.dataset.OrderedTableNameMap - getTableName(tableName=TB_FORNECEDOR) - end - result=TB_FORNECEDOR
02:06:18.671 [main] DEBUG org.dbunit.operation.AbstractOperation - getQualifiedName(prefix=null, name=TB_FORNECEDOR, connection=org.dbunit.database.DatabaseConnection[schema=null, connection=org.apache.derby.client.net.NetConnection@55e3d6c3, super=_databaseConfig=org.dbunit.database.DatabaseConfig[, _propertyMap={http://www.dbunit.org/features/qualifiedTableNames=false, http://www.dbunit.org/properties/tableType=[Ljava.lang.String;@518cf84a, http://www.dbunit.org/properties/batchSize=100, http://www.dbunit.org/properties/statementFactory=org.dbunit.database.statement.PreparedStatementFactory@62e7dffa, http://www.dbunit.org/features/batchedStatements=false, http://www.dbunit.org/features/caseSensitiveTableNames=false, http://www.dbunit.org/features/allowEmptyFields=false, http://www.dbunit.org/properties/datatypeFactory=org.dbunit.dataset.datatype.DefaultDataTypeFactory[_toleratedDeltaMap=org.dbunit.dataset.datatype.ToleratedDeltaMap@6edcd0d8], http://www.dbunit.org/properties/metadataHandler=org.dbunit.database.DefaultMetadataHandler@30e6a763, http://www.dbunit.org/properties/fetchSize=100, http://www.dbunit.org/properties/resultSetTableFactory=org.dbunit.database.CachedResultSetTableFactory@57ce634f, http://www.dbunit.org/features/datatypeWarning=true, http://www.dbunit.org/properties/escapePattern=null, http://www.dbunit.org/properties/allowVerifytabledefinitionExpectedtableCountMismatch=false}], _dataSet=AbstractDataSet[_orderedTableNameMap=null]]) - start
02:06:18.671 [main] DEBUG org.dbunit.util.QualifiedTableName - getQualifiedName() - start
02:06:18.671 [main] DEBUG org.dbunit.util.QualifiedTableName - getQualifiedName(prefix=null, name=TB_FORNECEDOR, escapePattern=null) - start
02:06:18.671 [main] DEBUG org.dbunit.database.statement.SimpleStatement - addBatch(sql=delete from TB_FORNECEDOR) - start
02:06:18.671 [main] DEBUG org.dbunit.operation.DeleteAllOperation - Added SQL: delete from TB_FORNECEDOR
02:06:18.671 [main] DEBUG org.dbunit.database.DatabaseDataSet - getTableMetaData(tableName=TB_FERIADO) - start
02:06:18.671 [main] DEBUG org.dbunit.database.DatabaseDataSet - initialize() - start
02:06:18.671 [main] DEBUG org.dbunit.dataset.OrderedTableNameMap - getTableName(tableName=TB_FERIADO) - start
02:06:18.671 [main] DEBUG org.dbunit.dataset.OrderedTableNameMap - getTableName(tableName=TB_FERIADO) - end - result=TB_FERIADO
02:06:18.671 [main] DEBUG org.dbunit.dataset.OrderedTableNameMap - getTableName(tableName=TB_FERIADO) - start
02:06:18.671 [main] DEBUG org.dbunit.dataset.OrderedTableNameMap - getTableName(tableName=TB_FERIADO) - end - result=TB_FERIADO
02:06:18.671 [main] DEBUG org.dbunit.util.SQLHelper - isEscaped returns 'false' for tableName=TB_FERIADO (dbIdentifierQuoteString=")
02:06:18.671 [main] DEBUG org.dbunit.database.DatabaseTableMetaData - Validating if table 'TB_FERIADO' exists in schema 'null' ...
02:06:18.673 [main] DEBUG org.dbunit.util.SQLHelper - close(resultSet=org.apache.derby.client.net.NetResultSet42@2416498e) - start
02:06:18.673 [main] DEBUG org.dbunit.dataset.OrderedTableNameMap - update(tableName=TB_FERIADO, object=table=TB_FERIADO, cols=[(ID_FERIADO, BIGINT, noNulls), (DATA_FERIADO, DATE, noNulls), (NOME_FERIADO, VARCHAR, noNulls), (TIPO_FERIADO, VARCHAR, noNulls)], pk=[(ID_FERIADO, BIGINT, noNulls)]) - start
02:06:18.676 [main] DEBUG org.dbunit.dataset.OrderedTableNameMap - getTableName(tableName=TB_FERIADO) - start
02:06:18.677 [main] DEBUG org.dbunit.dataset.OrderedTableNameMap - getTableName(tableName=TB_FERIADO) - end - result=TB_FERIADO
02:06:18.677 [main] DEBUG org.dbunit.dataset.OrderedTableNameMap - getTableName(tableName=TB_FERIADO) - start
02:06:18.677 [main] DEBUG org.dbunit.dataset.OrderedTableNameMap - getTableName(tableName=TB_FERIADO) - end - result=TB_FERIADO
02:06:18.677 [main] DEBUG org.dbunit.operation.AbstractOperation - getQualifiedName(prefix=null, name=TB_FERIADO, connection=org.dbunit.database.DatabaseConnection[schema=null, connection=org.apache.derby.client.net.NetConnection@55e3d6c3, super=_databaseConfig=org.dbunit.database.DatabaseConfig[, _propertyMap={http://www.dbunit.org/features/qualifiedTableNames=false, http://www.dbunit.org/properties/tableType=[Ljava.lang.String;@518cf84a, http://www.dbunit.org/properties/batchSize=100, http://www.dbunit.org/properties/statementFactory=org.dbunit.database.statement.PreparedStatementFactory@62e7dffa, http://www.dbunit.org/features/batchedStatements=false, http://www.dbunit.org/features/caseSensitiveTableNames=false, http://www.dbunit.org/features/allowEmptyFields=false, http://www.dbunit.org/properties/datatypeFactory=org.dbunit.dataset.datatype.DefaultDataTypeFactory[_toleratedDeltaMap=org.dbunit.dataset.datatype.ToleratedDeltaMap@6edcd0d8], http://www.dbunit.org/properties/metadataHandler=org.dbunit.database.DefaultMetadataHandler@30e6a763, http://www.dbunit.org/properties/fetchSize=100, http://www.dbunit.org/properties/resultSetTableFactory=org.dbunit.database.CachedResultSetTableFactory@57ce634f, http://www.dbunit.org/features/datatypeWarning=true, http://www.dbunit.org/properties/escapePattern=null, http://www.dbunit.org/properties/allowVerifytabledefinitionExpectedtableCountMismatch=false}], _dataSet=AbstractDataSet[_orderedTableNameMap=null]]) - start
02:06:18.677 [main] DEBUG org.dbunit.util.QualifiedTableName - getQualifiedName() - start
02:06:18.677 [main] DEBUG org.dbunit.util.QualifiedTableName - getQualifiedName(prefix=null, name=TB_FERIADO, escapePattern=null) - start
02:06:18.677 [main] DEBUG org.dbunit.database.statement.SimpleStatement - addBatch(sql=delete from TB_FERIADO) - start
02:06:18.677 [main] DEBUG org.dbunit.operation.DeleteAllOperation - Added SQL: delete from TB_FERIADO
02:06:18.677 [main] DEBUG org.dbunit.database.DatabaseDataSet - getTableMetaData(tableName=TB_RECURSO) - start
02:06:18.677 [main] DEBUG org.dbunit.database.DatabaseDataSet - initialize() - start
02:06:18.677 [main] DEBUG org.dbunit.dataset.OrderedTableNameMap - getTableName(tableName=TB_RECURSO) - start
02:06:18.677 [main] DEBUG org.dbunit.dataset.OrderedTableNameMap - getTableName(tableName=TB_RECURSO) - end - result=TB_RECURSO
02:06:18.677 [main] DEBUG org.dbunit.dataset.OrderedTableNameMap - getTableName(tableName=TB_RECURSO) - start
02:06:18.677 [main] DEBUG org.dbunit.dataset.OrderedTableNameMap - getTableName(tableName=TB_RECURSO) - end - result=TB_RECURSO
02:06:18.677 [main] DEBUG org.dbunit.util.SQLHelper - isEscaped returns 'false' for tableName=TB_RECURSO (dbIdentifierQuoteString=")
02:06:18.677 [main] DEBUG org.dbunit.database.DatabaseTableMetaData - Validating if table 'TB_RECURSO' exists in schema 'null' ...
02:06:18.678 [main] DEBUG org.dbunit.util.SQLHelper - close(resultSet=org.apache.derby.client.net.NetResultSet42@64693226) - start
02:06:18.679 [main] DEBUG org.dbunit.dataset.OrderedTableNameMap - update(tableName=TB_RECURSO, object=table=TB_RECURSO, cols=[(ID_RECURSO, BIGINT, noNulls), (CUSTO_RECURSO, DOUBLE, noNulls), (NOME_RECURSO, VARCHAR, noNulls), (QUANTIDADE_RECURSO, INTEGER, noNulls), (TIPO_RECURSO, VARCHAR, noNulls), (ID_PROJETO, BIGINT, noNulls)], pk=[(ID_RECURSO, BIGINT, noNulls)]) - start
02:06:18.681 [main] DEBUG org.dbunit.dataset.OrderedTableNameMap - getTableName(tableName=TB_RECURSO) - start
02:06:18.681 [main] DEBUG org.dbunit.dataset.OrderedTableNameMap - getTableName(tableName=TB_RECURSO) - end - result=TB_RECURSO
02:06:18.681 [main] DEBUG org.dbunit.dataset.OrderedTableNameMap - getTableName(tableName=TB_RECURSO) - start
02:06:18.681 [main] DEBUG org.dbunit.dataset.OrderedTableNameMap - getTableName(tableName=TB_RECURSO) - end - result=TB_RECURSO
02:06:18.681 [main] DEBUG org.dbunit.operation.AbstractOperation - getQualifiedName(prefix=null, name=TB_RECURSO, connection=org.dbunit.database.DatabaseConnection[schema=null, connection=org.apache.derby.client.net.NetConnection@55e3d6c3, super=_databaseConfig=org.dbunit.database.DatabaseConfig[, _propertyMap={http://www.dbunit.org/features/qualifiedTableNames=false, http://www.dbunit.org/properties/tableType=[Ljava.lang.String;@518cf84a, http://www.dbunit.org/properties/batchSize=100, http://www.dbunit.org/properties/statementFactory=org.dbunit.database.statement.PreparedStatementFactory@62e7dffa, http://www.dbunit.org/features/batchedStatements=false, http://www.dbunit.org/features/caseSensitiveTableNames=false, http://www.dbunit.org/features/allowEmptyFields=false, http://www.dbunit.org/properties/datatypeFactory=org.dbunit.dataset.datatype.DefaultDataTypeFactory[_toleratedDeltaMap=org.dbunit.dataset.datatype.ToleratedDeltaMap@6edcd0d8], http://www.dbunit.org/properties/metadataHandler=org.dbunit.database.DefaultMetadataHandler@30e6a763, http://www.dbunit.org/properties/fetchSize=100, http://www.dbunit.org/properties/resultSetTableFactory=org.dbunit.database.CachedResultSetTableFactory@57ce634f, http://www.dbunit.org/features/datatypeWarning=true, http://www.dbunit.org/properties/escapePattern=null, http://www.dbunit.org/properties/allowVerifytabledefinitionExpectedtableCountMismatch=false}], _dataSet=AbstractDataSet[_orderedTableNameMap=null]]) - start
02:06:18.681 [main] DEBUG org.dbunit.util.QualifiedTableName - getQualifiedName() - start
02:06:18.681 [main] DEBUG org.dbunit.util.QualifiedTableName - getQualifiedName(prefix=null, name=TB_RECURSO, escapePattern=null) - start
02:06:18.681 [main] DEBUG org.dbunit.database.statement.SimpleStatement - addBatch(sql=delete from TB_RECURSO) - start
02:06:18.681 [main] DEBUG org.dbunit.operation.DeleteAllOperation - Added SQL: delete from TB_RECURSO
02:06:18.681 [main] DEBUG org.dbunit.database.DatabaseDataSet - getTableMetaData(tableName=TB_DOCUMENTO) - start
02:06:18.681 [main] DEBUG org.dbunit.database.DatabaseDataSet - initialize() - start
02:06:18.681 [main] DEBUG org.dbunit.dataset.OrderedTableNameMap - getTableName(tableName=TB_DOCUMENTO) - start
02:06:18.681 [main] DEBUG org.dbunit.dataset.OrderedTableNameMap - getTableName(tableName=TB_DOCUMENTO) - end - result=TB_DOCUMENTO
02:06:18.681 [main] DEBUG org.dbunit.dataset.OrderedTableNameMap - getTableName(tableName=TB_DOCUMENTO) - start
02:06:18.681 [main] DEBUG org.dbunit.dataset.OrderedTableNameMap - getTableName(tableName=TB_DOCUMENTO) - end - result=TB_DOCUMENTO
02:06:18.682 [main] DEBUG org.dbunit.util.SQLHelper - isEscaped returns 'false' for tableName=TB_DOCUMENTO (dbIdentifierQuoteString=")
02:06:18.682 [main] DEBUG org.dbunit.database.DatabaseTableMetaData - Validating if table 'TB_DOCUMENTO' exists in schema 'null' ...
02:06:18.683 [main] DEBUG org.dbunit.util.SQLHelper - close(resultSet=org.apache.derby.client.net.NetResultSet42@21d1b321) - start
02:06:18.683 [main] DEBUG org.dbunit.dataset.OrderedTableNameMap - update(tableName=TB_DOCUMENTO, object=table=TB_DOCUMENTO, cols=[(ID_DOCUMENTO, BIGINT, noNulls), (AUTOR_DOCUMENTO, VARCHAR, noNulls), (CAMINHO_ARQUIVO_DOCUMENTO, VARCHAR, noNulls), (DATA_CRIACAO_DOCUMENTO, DATE, noNulls), (TIPO_DOCUMENTO, VARCHAR, noNulls), (TITULO_DOCUMENTO, VARCHAR, noNulls), (ID_PROJETO, BIGINT, noNulls)], pk=[(ID_DOCUMENTO, BIGINT, noNulls)]) - start
02:06:18.686 [main] DEBUG org.dbunit.dataset.OrderedTableNameMap - getTableName(tableName=TB_DOCUMENTO) - start
02:06:18.686 [main] DEBUG org.dbunit.dataset.OrderedTableNameMap - getTableName(tableName=TB_DOCUMENTO) - end - result=TB_DOCUMENTO
02:06:18.686 [main] DEBUG org.dbunit.dataset.OrderedTableNameMap - getTableName(tableName=TB_DOCUMENTO) - start
02:06:18.686 [main] DEBUG org.dbunit.dataset.OrderedTableNameMap - getTableName(tableName=TB_DOCUMENTO) - end - result=TB_DOCUMENTO
02:06:18.686 [main] DEBUG org.dbunit.operation.AbstractOperation - getQualifiedName(prefix=null, name=TB_DOCUMENTO, connection=org.dbunit.database.DatabaseConnection[schema=null, connection=org.apache.derby.client.net.NetConnection@55e3d6c3, super=_databaseConfig=org.dbunit.database.DatabaseConfig[, _propertyMap={http://www.dbunit.org/features/qualifiedTableNames=false, http://www.dbunit.org/properties/tableType=[Ljava.lang.String;@518cf84a, http://www.dbunit.org/properties/batchSize=100, http://www.dbunit.org/properties/statementFactory=org.dbunit.database.statement.PreparedStatementFactory@62e7dffa, http://www.dbunit.org/features/batchedStatements=false, http://www.dbunit.org/features/caseSensitiveTableNames=false, http://www.dbunit.org/features/allowEmptyFields=false, http://www.dbunit.org/properties/datatypeFactory=org.dbunit.dataset.datatype.DefaultDataTypeFactory[_toleratedDeltaMap=org.dbunit.dataset.datatype.ToleratedDeltaMap@6edcd0d8], http://www.dbunit.org/properties/metadataHandler=org.dbunit.database.DefaultMetadataHandler@30e6a763, http://www.dbunit.org/properties/fetchSize=100, http://www.dbunit.org/properties/resultSetTableFactory=org.dbunit.database.CachedResultSetTableFactory@57ce634f, http://www.dbunit.org/features/datatypeWarning=true, http://www.dbunit.org/properties/escapePattern=null, http://www.dbunit.org/properties/allowVerifytabledefinitionExpectedtableCountMismatch=false}], _dataSet=AbstractDataSet[_orderedTableNameMap=null]]) - start
02:06:18.687 [main] DEBUG org.dbunit.util.QualifiedTableName - getQualifiedName() - start
02:06:18.687 [main] DEBUG org.dbunit.util.QualifiedTableName - getQualifiedName(prefix=null, name=TB_DOCUMENTO, escapePattern=null) - start
02:06:18.687 [main] DEBUG org.dbunit.database.statement.SimpleStatement - addBatch(sql=delete from TB_DOCUMENTO) - start
02:06:18.687 [main] DEBUG org.dbunit.operation.DeleteAllOperation - Added SQL: delete from TB_DOCUMENTO
02:06:18.687 [main] DEBUG org.dbunit.database.DatabaseDataSet - getTableMetaData(tableName=TB_CALENDARIO) - start
02:06:18.687 [main] DEBUG org.dbunit.database.DatabaseDataSet - initialize() - start
02:06:18.687 [main] DEBUG org.dbunit.dataset.OrderedTableNameMap - getTableName(tableName=TB_CALENDARIO) - start
02:06:18.687 [main] DEBUG org.dbunit.dataset.OrderedTableNameMap - getTableName(tableName=TB_CALENDARIO) - end - result=TB_CALENDARIO
02:06:18.687 [main] DEBUG org.dbunit.dataset.OrderedTableNameMap - getTableName(tableName=TB_CALENDARIO) - start
02:06:18.687 [main] DEBUG org.dbunit.dataset.OrderedTableNameMap - getTableName(tableName=TB_CALENDARIO) - end - result=TB_CALENDARIO
02:06:18.687 [main] DEBUG org.dbunit.util.SQLHelper - isEscaped returns 'false' for tableName=TB_CALENDARIO (dbIdentifierQuoteString=")
02:06:18.687 [main] DEBUG org.dbunit.database.DatabaseTableMetaData - Validating if table 'TB_CALENDARIO' exists in schema 'null' ...
02:06:18.689 [main] DEBUG org.dbunit.util.SQLHelper - close(resultSet=org.apache.derby.client.net.NetResultSet42@46cb98a3) - start
02:06:18.689 [main] DEBUG org.dbunit.dataset.OrderedTableNameMap - update(tableName=TB_CALENDARIO, object=table=TB_CALENDARIO, cols=[(ID_CALENDARIO, BIGINT, noNulls), (DATA_FIM, DATE, noNulls), (DATA_INICIO, DATE, noNulls), (HORAS_TOTAIS, INTEGER, noNulls)], pk=[(ID_CALENDARIO, BIGINT, noNulls)]) - start
02:06:18.692 [main] DEBUG org.dbunit.dataset.OrderedTableNameMap - getTableName(tableName=TB_CALENDARIO) - start
02:06:18.692 [main] DEBUG org.dbunit.dataset.OrderedTableNameMap - getTableName(tableName=TB_CALENDARIO) - end - result=TB_CALENDARIO
02:06:18.692 [main] DEBUG org.dbunit.dataset.OrderedTableNameMap - getTableName(tableName=TB_CALENDARIO) - start
02:06:18.692 [main] DEBUG org.dbunit.dataset.OrderedTableNameMap - getTableName(tableName=TB_CALENDARIO) - end - result=TB_CALENDARIO
02:06:18.692 [main] DEBUG org.dbunit.operation.AbstractOperation - getQualifiedName(prefix=null, name=TB_CALENDARIO, connection=org.dbunit.database.DatabaseConnection[schema=null, connection=org.apache.derby.client.net.NetConnection@55e3d6c3, super=_databaseConfig=org.dbunit.database.DatabaseConfig[, _propertyMap={http://www.dbunit.org/features/qualifiedTableNames=false, http://www.dbunit.org/properties/tableType=[Ljava.lang.String;@518cf84a, http://www.dbunit.org/properties/batchSize=100, http://www.dbunit.org/properties/statementFactory=org.dbunit.database.statement.PreparedStatementFactory@62e7dffa, http://www.dbunit.org/features/batchedStatements=false, http://www.dbunit.org/features/caseSensitiveTableNames=false, http://www.dbunit.org/features/allowEmptyFields=false, http://www.dbunit.org/properties/datatypeFactory=org.dbunit.dataset.datatype.DefaultDataTypeFactory[_toleratedDeltaMap=org.dbunit.dataset.datatype.ToleratedDeltaMap@6edcd0d8], http://www.dbunit.org/properties/metadataHandler=org.dbunit.database.DefaultMetadataHandler@30e6a763, http://www.dbunit.org/properties/fetchSize=100, http://www.dbunit.org/properties/resultSetTableFactory=org.dbunit.database.CachedResultSetTableFactory@57ce634f, http://www.dbunit.org/features/datatypeWarning=true, http://www.dbunit.org/properties/escapePattern=null, http://www.dbunit.org/properties/allowVerifytabledefinitionExpectedtableCountMismatch=false}], _dataSet=AbstractDataSet[_orderedTableNameMap=null]]) - start
02:06:18.692 [main] DEBUG org.dbunit.util.QualifiedTableName - getQualifiedName() - start
02:06:18.692 [main] DEBUG org.dbunit.util.QualifiedTableName - getQualifiedName(prefix=null, name=TB_CALENDARIO, escapePattern=null) - start
02:06:18.692 [main] DEBUG org.dbunit.database.statement.SimpleStatement - addBatch(sql=delete from TB_CALENDARIO) - start
02:06:18.692 [main] DEBUG org.dbunit.operation.DeleteAllOperation - Added SQL: delete from TB_CALENDARIO
02:06:18.692 [main] DEBUG org.dbunit.database.DatabaseDataSet - getTableMetaData(tableName=TB_PROJETO) - start
02:06:18.692 [main] DEBUG org.dbunit.database.DatabaseDataSet - initialize() - start
02:06:18.692 [main] DEBUG org.dbunit.dataset.OrderedTableNameMap - getTableName(tableName=TB_PROJETO) - start
02:06:18.692 [main] DEBUG org.dbunit.dataset.OrderedTableNameMap - getTableName(tableName=TB_PROJETO) - end - result=TB_PROJETO
02:06:18.692 [main] DEBUG org.dbunit.dataset.OrderedTableNameMap - getTableName(tableName=TB_PROJETO) - start
02:06:18.692 [main] DEBUG org.dbunit.dataset.OrderedTableNameMap - getTableName(tableName=TB_PROJETO) - end - result=TB_PROJETO
02:06:18.692 [main] DEBUG org.dbunit.util.SQLHelper - isEscaped returns 'false' for tableName=TB_PROJETO (dbIdentifierQuoteString=")
02:06:18.692 [main] DEBUG org.dbunit.database.DatabaseTableMetaData - Validating if table 'TB_PROJETO' exists in schema 'null' ...
02:06:18.693 [main] DEBUG org.dbunit.util.SQLHelper - close(resultSet=org.apache.derby.client.net.NetResultSet42@451882b2) - start
02:06:18.693 [main] DEBUG org.dbunit.dataset.OrderedTableNameMap - update(tableName=TB_PROJETO, object=table=TB_PROJETO, cols=[(ID_PROJETO, BIGINT, noNulls), (DESCRICAO_PROJETO, VARCHAR, noNulls), (NOME_PROJETO, VARCHAR, noNulls), (ID_CLIENTE, BIGINT, noNulls), (ID_CALENDARIO, BIGINT, noNulls), (ID_RELATORIO, BIGINT, noNulls)], pk=[(ID_PROJETO, BIGINT, noNulls)]) - start
02:06:18.696 [main] DEBUG org.dbunit.dataset.OrderedTableNameMap - getTableName(tableName=TB_PROJETO) - start
02:06:18.696 [main] DEBUG org.dbunit.dataset.OrderedTableNameMap - getTableName(tableName=TB_PROJETO) - end - result=TB_PROJETO
02:06:18.696 [main] DEBUG org.dbunit.dataset.OrderedTableNameMap - getTableName(tableName=TB_PROJETO) - start
02:06:18.696 [main] DEBUG org.dbunit.dataset.OrderedTableNameMap - getTableName(tableName=TB_PROJETO) - end - result=TB_PROJETO
02:06:18.696 [main] DEBUG org.dbunit.operation.AbstractOperation - getQualifiedName(prefix=null, name=TB_PROJETO, connection=org.dbunit.database.DatabaseConnection[schema=null, connection=org.apache.derby.client.net.NetConnection@55e3d6c3, super=_databaseConfig=org.dbunit.database.DatabaseConfig[, _propertyMap={http://www.dbunit.org/features/qualifiedTableNames=false, http://www.dbunit.org/properties/tableType=[Ljava.lang.String;@518cf84a, http://www.dbunit.org/properties/batchSize=100, http://www.dbunit.org/properties/statementFactory=org.dbunit.database.statement.PreparedStatementFactory@62e7dffa, http://www.dbunit.org/features/batchedStatements=false, http://www.dbunit.org/features/caseSensitiveTableNames=false, http://www.dbunit.org/features/allowEmptyFields=false, http://www.dbunit.org/properties/datatypeFactory=org.dbunit.dataset.datatype.DefaultDataTypeFactory[_toleratedDeltaMap=org.dbunit.dataset.datatype.ToleratedDeltaMap@6edcd0d8], http://www.dbunit.org/properties/metadataHandler=org.dbunit.database.DefaultMetadataHandler@30e6a763, http://www.dbunit.org/properties/fetchSize=100, http://www.dbunit.org/properties/resultSetTableFactory=org.dbunit.database.CachedResultSetTableFactory@57ce634f, http://www.dbunit.org/features/datatypeWarning=true, http://www.dbunit.org/properties/escapePattern=null, http://www.dbunit.org/properties/allowVerifytabledefinitionExpectedtableCountMismatch=false}], _dataSet=AbstractDataSet[_orderedTableNameMap=null]]) - start
02:06:18.696 [main] DEBUG org.dbunit.util.QualifiedTableName - getQualifiedName() - start
02:06:18.696 [main] DEBUG org.dbunit.util.QualifiedTableName - getQualifiedName(prefix=null, name=TB_PROJETO, escapePattern=null) - start
02:06:18.696 [main] DEBUG org.dbunit.database.statement.SimpleStatement - addBatch(sql=delete from TB_PROJETO) - start
02:06:18.696 [main] DEBUG org.dbunit.operation.DeleteAllOperation - Added SQL: delete from TB_PROJETO
02:06:18.696 [main] DEBUG org.dbunit.database.DatabaseDataSet - getTableMetaData(tableName=TB_TELEFONE_CLIENTE) - start
02:06:18.696 [main] DEBUG org.dbunit.database.DatabaseDataSet - initialize() - start
02:06:18.696 [main] DEBUG org.dbunit.dataset.OrderedTableNameMap - getTableName(tableName=TB_TELEFONE_CLIENTE) - start
02:06:18.696 [main] DEBUG org.dbunit.dataset.OrderedTableNameMap - getTableName(tableName=TB_TELEFONE_CLIENTE) - end - result=TB_TELEFONE_CLIENTE
02:06:18.696 [main] DEBUG org.dbunit.dataset.OrderedTableNameMap - getTableName(tableName=TB_TELEFONE_CLIENTE) - start
02:06:18.696 [main] DEBUG org.dbunit.dataset.OrderedTableNameMap - getTableName(tableName=TB_TELEFONE_CLIENTE) - end - result=TB_TELEFONE_CLIENTE
02:06:18.696 [main] DEBUG org.dbunit.util.SQLHelper - isEscaped returns 'false' for tableName=TB_TELEFONE_CLIENTE (dbIdentifierQuoteString=")
02:06:18.696 [main] DEBUG org.dbunit.database.DatabaseTableMetaData - Validating if table 'TB_TELEFONE_CLIENTE' exists in schema 'null' ...
02:06:18.698 [main] DEBUG org.dbunit.util.SQLHelper - close(resultSet=org.apache.derby.client.net.NetResultSet42@47447ccf) - start
02:06:18.698 [main] DEBUG org.dbunit.dataset.OrderedTableNameMap - update(tableName=TB_TELEFONE_CLIENTE, object=table=TB_TELEFONE_CLIENTE, cols=[(ID_CLIENTE, BIGINT, noNulls), (NUM_TELEFONE, VARCHAR, noNulls)], pk=[]) - start
02:06:18.701 [main] DEBUG org.dbunit.dataset.OrderedTableNameMap - getTableName(tableName=TB_TELEFONE_CLIENTE) - start
02:06:18.701 [main] DEBUG org.dbunit.dataset.OrderedTableNameMap - getTableName(tableName=TB_TELEFONE_CLIENTE) - end - result=TB_TELEFONE_CLIENTE
02:06:18.701 [main] DEBUG org.dbunit.dataset.OrderedTableNameMap - getTableName(tableName=TB_TELEFONE_CLIENTE) - start
02:06:18.701 [main] DEBUG org.dbunit.dataset.OrderedTableNameMap - getTableName(tableName=TB_TELEFONE_CLIENTE) - end - result=TB_TELEFONE_CLIENTE
02:06:18.701 [main] DEBUG org.dbunit.operation.AbstractOperation - getQualifiedName(prefix=null, name=TB_TELEFONE_CLIENTE, connection=org.dbunit.database.DatabaseConnection[schema=null, connection=org.apache.derby.client.net.NetConnection@55e3d6c3, super=_databaseConfig=org.dbunit.database.DatabaseConfig[, _propertyMap={http://www.dbunit.org/features/qualifiedTableNames=false, http://www.dbunit.org/properties/tableType=[Ljava.lang.String;@518cf84a, http://www.dbunit.org/properties/batchSize=100, http://www.dbunit.org/properties/statementFactory=org.dbunit.database.statement.PreparedStatementFactory@62e7dffa, http://www.dbunit.org/features/batchedStatements=false, http://www.dbunit.org/features/caseSensitiveTableNames=false, http://www.dbunit.org/features/allowEmptyFields=false, http://www.dbunit.org/properties/datatypeFactory=org.dbunit.dataset.datatype.DefaultDataTypeFactory[_toleratedDeltaMap=org.dbunit.dataset.datatype.ToleratedDeltaMap@6edcd0d8], http://www.dbunit.org/properties/metadataHandler=org.dbunit.database.DefaultMetadataHandler@30e6a763, http://www.dbunit.org/properties/fetchSize=100, http://www.dbunit.org/properties/resultSetTableFactory=org.dbunit.database.CachedResultSetTableFactory@57ce634f, http://www.dbunit.org/features/datatypeWarning=true, http://www.dbunit.org/properties/escapePattern=null, http://www.dbunit.org/properties/allowVerifytabledefinitionExpectedtableCountMismatch=false}], _dataSet=AbstractDataSet[_orderedTableNameMap=null]]) - start
02:06:18.701 [main] DEBUG org.dbunit.util.QualifiedTableName - getQualifiedName() - start
02:06:18.701 [main] DEBUG org.dbunit.util.QualifiedTableName - getQualifiedName(prefix=null, name=TB_TELEFONE_CLIENTE, escapePattern=null) - start
02:06:18.701 [main] DEBUG org.dbunit.database.statement.SimpleStatement - addBatch(sql=delete from TB_TELEFONE_CLIENTE) - start
02:06:18.701 [main] DEBUG org.dbunit.operation.DeleteAllOperation - Added SQL: delete from TB_TELEFONE_CLIENTE
02:06:18.701 [main] DEBUG org.dbunit.database.DatabaseDataSet - getTableMetaData(tableName=TB_CLIENTE) - start
02:06:18.701 [main] DEBUG org.dbunit.database.DatabaseDataSet - initialize() - start
02:06:18.701 [main] DEBUG org.dbunit.dataset.OrderedTableNameMap - getTableName(tableName=TB_CLIENTE) - start
02:06:18.701 [main] DEBUG org.dbunit.dataset.OrderedTableNameMap - getTableName(tableName=TB_CLIENTE) - end - result=TB_CLIENTE
02:06:18.701 [main] DEBUG org.dbunit.dataset.OrderedTableNameMap - getTableName(tableName=TB_CLIENTE) - start
02:06:18.701 [main] DEBUG org.dbunit.dataset.OrderedTableNameMap - getTableName(tableName=TB_CLIENTE) - end - result=TB_CLIENTE
02:06:18.701 [main] DEBUG org.dbunit.util.SQLHelper - isEscaped returns 'false' for tableName=TB_CLIENTE (dbIdentifierQuoteString=")
02:06:18.701 [main] DEBUG org.dbunit.database.DatabaseTableMetaData - Validating if table 'TB_CLIENTE' exists in schema 'null' ...
02:06:18.703 [main] DEBUG org.dbunit.util.SQLHelper - close(resultSet=org.apache.derby.client.net.NetResultSet42@3e84111a) - start
02:06:18.703 [main] DEBUG org.dbunit.dataset.OrderedTableNameMap - update(tableName=TB_CLIENTE, object=table=TB_CLIENTE, cols=[(ID_CLIENTE, BIGINT, noNulls), (CNPJ_CLIENTE, VARCHAR, noNulls), (EMAIL_CLIENTE, VARCHAR, noNulls), (NOME_CLIENTE, VARCHAR, noNulls)], pk=[(ID_CLIENTE, BIGINT, noNulls)]) - start
02:06:18.706 [main] DEBUG org.dbunit.dataset.OrderedTableNameMap - getTableName(tableName=TB_CLIENTE) - start
02:06:18.706 [main] DEBUG org.dbunit.dataset.OrderedTableNameMap - getTableName(tableName=TB_CLIENTE) - end - result=TB_CLIENTE
02:06:18.706 [main] DEBUG org.dbunit.dataset.OrderedTableNameMap - getTableName(tableName=TB_CLIENTE) - start
02:06:18.706 [main] DEBUG org.dbunit.dataset.OrderedTableNameMap - getTableName(tableName=TB_CLIENTE) - end - result=TB_CLIENTE
02:06:18.706 [main] DEBUG org.dbunit.operation.AbstractOperation - getQualifiedName(prefix=null, name=TB_CLIENTE, connection=org.dbunit.database.DatabaseConnection[schema=null, connection=org.apache.derby.client.net.NetConnection@55e3d6c3, super=_databaseConfig=org.dbunit.database.DatabaseConfig[, _propertyMap={http://www.dbunit.org/features/qualifiedTableNames=false, http://www.dbunit.org/properties/tableType=[Ljava.lang.String;@518cf84a, http://www.dbunit.org/properties/batchSize=100, http://www.dbunit.org/properties/statementFactory=org.dbunit.database.statement.PreparedStatementFactory@62e7dffa, http://www.dbunit.org/features/batchedStatements=false, http://www.dbunit.org/features/caseSensitiveTableNames=false, http://www.dbunit.org/features/allowEmptyFields=false, http://www.dbunit.org/properties/datatypeFactory=org.dbunit.dataset.datatype.DefaultDataTypeFactory[_toleratedDeltaMap=org.dbunit.dataset.datatype.ToleratedDeltaMap@6edcd0d8], http://www.dbunit.org/properties/metadataHandler=org.dbunit.database.DefaultMetadataHandler@30e6a763, http://www.dbunit.org/properties/fetchSize=100, http://www.dbunit.org/properties/resultSetTableFactory=org.dbunit.database.CachedResultSetTableFactory@57ce634f, http://www.dbunit.org/features/datatypeWarning=true, http://www.dbunit.org/properties/escapePattern=null, http://www.dbunit.org/properties/allowVerifytabledefinitionExpectedtableCountMismatch=false}], _dataSet=AbstractDataSet[_orderedTableNameMap=null]]) - start
02:06:18.706 [main] DEBUG org.dbunit.util.QualifiedTableName - getQualifiedName() - start
02:06:18.706 [main] DEBUG org.dbunit.util.QualifiedTableName - getQualifiedName(prefix=null, name=TB_CLIENTE, escapePattern=null) - start
02:06:18.706 [main] DEBUG org.dbunit.database.statement.SimpleStatement - addBatch(sql=delete from TB_CLIENTE) - start
02:06:18.706 [main] DEBUG org.dbunit.operation.DeleteAllOperation - Added SQL: delete from TB_CLIENTE
02:06:18.706 [main] DEBUG org.dbunit.database.statement.SimpleStatement - executeBatch() - start
02:06:18.706 [main] DEBUG org.dbunit.database.statement.SimpleStatement - DbUnit SQL: delete from TB_TAREFA
02:06:18.711 [main] DEBUG org.dbunit.database.statement.SimpleStatement - DbUnit SQL: delete from TB_USUARIO_PERFIL
02:06:18.713 [main] DEBUG org.dbunit.database.statement.SimpleStatement - DbUnit SQL: delete from TB_PERFIL
02:06:18.716 [main] DEBUG org.dbunit.database.statement.SimpleStatement - DbUnit SQL: delete from TB_USUARIO
02:06:18.720 [main] DEBUG org.dbunit.database.statement.SimpleStatement - DbUnit SQL: delete from TB_PROJETO_FORNECEDOR
02:06:18.722 [main] DEBUG org.dbunit.database.statement.SimpleStatement - DbUnit SQL: delete from TB_FORNECEDOR
02:06:18.725 [main] DEBUG org.dbunit.database.statement.SimpleStatement - DbUnit SQL: delete from TB_FERIADO
02:06:18.729 [main] DEBUG org.dbunit.database.statement.SimpleStatement - DbUnit SQL: delete from TB_RECURSO
02:06:18.732 [main] DEBUG org.dbunit.database.statement.SimpleStatement - DbUnit SQL: delete from TB_DOCUMENTO
02:06:18.735 [main] DEBUG org.dbunit.database.statement.SimpleStatement - DbUnit SQL: delete from TB_CALENDARIO
02:06:18.738 [main] DEBUG org.dbunit.database.statement.SimpleStatement - DbUnit SQL: delete from TB_PROJETO
02:06:18.742 [main] DEBUG org.dbunit.database.statement.SimpleStatement - DbUnit SQL: delete from TB_TELEFONE_CLIENTE
02:06:18.744 [main] DEBUG org.dbunit.database.statement.SimpleStatement - DbUnit SQL: delete from TB_CLIENTE
02:06:18.747 [main] DEBUG org.dbunit.database.statement.SimpleStatement - clearBatch() - start
02:06:18.747 [main] DEBUG org.dbunit.database.statement.AbstractBatchStatement - close() - start
02:06:18.747 [main] DEBUG org.dbunit.operation.AbstractBatchOperation - execute(connection=org.dbunit.database.DatabaseConnection[schema=null, connection=org.apache.derby.client.net.NetConnection@55e3d6c3, super=_databaseConfig=org.dbunit.database.DatabaseConfig[, _propertyMap={http://www.dbunit.org/features/qualifiedTableNames=false, http://www.dbunit.org/properties/tableType=[Ljava.lang.String;@518cf84a, http://www.dbunit.org/properties/batchSize=100, http://www.dbunit.org/properties/statementFactory=org.dbunit.database.statement.PreparedStatementFactory@62e7dffa, http://www.dbunit.org/features/batchedStatements=false, http://www.dbunit.org/features/caseSensitiveTableNames=false, http://www.dbunit.org/features/allowEmptyFields=false, http://www.dbunit.org/properties/datatypeFactory=org.dbunit.dataset.datatype.DefaultDataTypeFactory[_toleratedDeltaMap=org.dbunit.dataset.datatype.ToleratedDeltaMap@6edcd0d8], http://www.dbunit.org/properties/metadataHandler=org.dbunit.database.DefaultMetadataHandler@30e6a763, http://www.dbunit.org/properties/fetchSize=100, http://www.dbunit.org/properties/resultSetTableFactory=org.dbunit.database.CachedResultSetTableFactory@57ce634f, http://www.dbunit.org/features/datatypeWarning=true, http://www.dbunit.org/properties/escapePattern=null, http://www.dbunit.org/properties/allowVerifytabledefinitionExpectedtableCountMismatch=false}], _dataSet=AbstractDataSet[_orderedTableNameMap=null]], dataSet=AbstractDataSet[_orderedTableNameMap=org.dbunit.dataset.OrderedTableNameMap[_tableNames=[TB_CLIENTE, TB_TELEFONE_CLIENTE, TB_PROJETO, TB_CALENDARIO, TB_DOCUMENTO, TB_RECURSO, TB_FERIADO, TB_FORNECEDOR, TB_PROJETO_FORNECEDOR, TB_USUARIO, TB_PERFIL, TB_USUARIO_PERFIL, TB_TAREFA], _tableMap={TB_TELEFONE_CLIENTE=org.dbunit.dataset.DefaultTable[_metaData=tableName=TB_TELEFONE_CLIENTE, columns=[(ID_CLIENTE, UNKNOWN, nullableUnknown), (NUM_TELEFONE, UNKNOWN, nullableUnknown)], keys=[], _rowList.size()=3], TB_FERIADO=org.dbunit.dataset.DefaultTable[_metaData=tableName=TB_FERIADO, columns=[(ID_FERIADO, UNKNOWN, nullableUnknown), (DATA_FERIADO, UNKNOWN, nullableUnknown), (NOME_FERIADO, UNKNOWN, nullableUnknown), (TIPO_FERIADO, UNKNOWN, nullableUnknown)], keys=[], _rowList.size()=2], TB_PROJETO_FORNECEDOR=org.dbunit.dataset.DefaultTable[_metaData=tableName=TB_PROJETO_FORNECEDOR, columns=[(ID_PROJETO, UNKNOWN, nullableUnknown), (ID_FORNECEDOR, UNKNOWN, nullableUnknown)], keys=[], _rowList.size()=2], TB_FORNECEDOR=org.dbunit.dataset.DefaultTable[_metaData=tableName=TB_FORNECEDOR, columns=[(ID_FORNECEDOR, UNKNOWN, nullableUnknown), (NOME_FORNECEDOR, UNKNOWN, nullableUnknown), (CNPJ_FORNECEDOR, UNKNOWN, nullableUnknown), (EMAIL_FORNECEDOR, UNKNOWN, nullableUnknown), (TIPO_FORNECEDOR, UNKNOWN, nullableUnknown), (TIPO_STATUS, UNKNOWN, nullableUnknown), (DESCRICAO, UNKNOWN, nullableUnknown), (DATA_CADASTRO, UNKNOWN, nullableUnknown)], keys=[], _rowList.size()=2], TB_CLIENTE=org.dbunit.dataset.DefaultTable[_metaData=tableName=TB_CLIENTE, columns=[(ID_CLIENTE, UNKNOWN, nullableUnknown), (NOME_CLIENTE, UNKNOWN, nullableUnknown), (EMAIL_CLIENTE, UNKNOWN, nullableUnknown), (CNPJ_CLIENTE, UNKNOWN, nullableUnknown)], keys=[], _rowList.size()=2], TB_TAREFA=org.dbunit.dataset.DefaultTable[_metaData=tableName=TB_TAREFA, columns=[(ID_TAREFA, UNKNOWN, nullableUnknown), (NOME_TAREFA, UNKNOWN, nullableUnknown), (DESCRICAO_TAREFA, UNKNOWN, nullableUnknown), (DATA_INICIO_TAREFA, UNKNOWN, nullableUnknown), (PRIORIDADE_TAREFA, UNKNOWN, nullableUnknown), (TIPO_STATUS, UNKNOWN, nullableUnknown), (USUARIO_ID, UNKNOWN, nullableUnknown), (ID_PROJETO, UNKNOWN, nullableUnknown)], keys=[], _rowList.size()=2], TB_USUARIO=org.dbunit.dataset.DefaultTable[_metaData=tableName=TB_USUARIO, columns=[(ID_USUARIO, UNKNOWN, nullableUnknown), (NOME_USUARIO, UNKNOWN, nullableUnknown), (EMAIL_USUARIO, UNKNOWN, nullableUnknown), (SENHA_USUARIO, UNKNOWN, nullableUnknown)], keys=[], _rowList.size()=2], TB_USUARIO_PERFIL=org.dbunit.dataset.DefaultTable[_metaData=tableName=TB_USUARIO_PERFIL, columns=[(ID_USUARIO, UNKNOWN, nullableUnknown), (ID_PERFIL, UNKNOWN, nullableUnknown)], keys=[], _rowList.size()=2], TB_CALENDARIO=org.dbunit.dataset.DefaultTable[_metaData=tableName=TB_CALENDARIO, columns=[(ID_CALENDARIO, UNKNOWN, nullableUnknown), (DATA_INICIO, UNKNOWN, nullableUnknown), (DATA_FIM, UNKNOWN, nullableUnknown), (HORAS_TOTAIS, UNKNOWN, nullableUnknown)], keys=[], _rowList.size()=2], TB_DOCUMENTO=org.dbunit.dataset.DefaultTable[_metaData=tableName=TB_DOCUMENTO, columns=[(ID_DOCUMENTO, UNKNOWN, nullableUnknown), (TITULO_DOCUMENTO, UNKNOWN, nullableUnknown), (TIPO_DOCUMENTO, UNKNOWN, nullableUnknown), (DATA_CRIACAO_DOCUMENTO, UNKNOWN, nullableUnknown), (AUTOR_DOCUMENTO, UNKNOWN, nullableUnknown), (CAMINHO_ARQUIVO_DOCUMENTO, UNKNOWN, nullableUnknown), (ID_PROJETO, UNKNOWN, nullableUnknown)], keys=[], _rowList.size()=2], TB_PERFIL=org.dbunit.dataset.DefaultTable[_metaData=tableName=TB_PERFIL, columns=[(ID_PERFIL, UNKNOWN, nullableUnknown), (NOME_PERFIL, UNKNOWN, nullableUnknown)], keys=[], _rowList.size()=2], TB_RECURSO=org.dbunit.dataset.DefaultTable[_metaData=tableName=TB_RECURSO, columns=[(ID_RECURSO, UNKNOWN, nullableUnknown), (NOME_RECURSO, UNKNOWN, nullableUnknown), (TIPO_RECURSO, UNKNOWN, nullableUnknown), (QUANTIDADE_RECURSO, UNKNOWN, nullableUnknown), (CUSTO_RECURSO, UNKNOWN, nullableUnknown), (ID_PROJETO, UNKNOWN, nullableUnknown)], keys=[], _rowList.size()=2], TB_PROJETO=org.dbunit.dataset.DefaultTable[_metaData=tableName=TB_PROJETO, columns=[(ID_PROJETO, UNKNOWN, nullableUnknown), (NOME_PROJETO, UNKNOWN, nullableUnknown), (DESCRICAO_PROJETO, UNKNOWN, nullableUnknown), (ID_CLIENTE, UNKNOWN, nullableUnknown), (ID_CALENDARIO, UNKNOWN, nullableUnknown)], keys=[], _rowList.size()=4]}, _caseSensitiveTableNames=false]]) - start
02:06:18.748 [main] DEBUG org.dbunit.dataset.AbstractDataSet - iterator() - start
02:06:18.748 [main] DEBUG org.dbunit.dataset.CachedDataSet - createIterator(reversed=false) - start
02:06:18.748 [main] DEBUG org.dbunit.dataset.OrderedTableNameMap - orderedValues() - start
02:06:18.748 [main] DEBUG org.dbunit.dataset.OrderedTableNameMap - getTableName(tableName=TB_CLIENTE) - start
02:06:18.748 [main] DEBUG org.dbunit.dataset.OrderedTableNameMap - getTableName(tableName=TB_CLIENTE) - end - result=TB_CLIENTE
02:06:18.748 [main] DEBUG org.dbunit.dataset.OrderedTableNameMap - getTableName(tableName=TB_TELEFONE_CLIENTE) - start
02:06:18.748 [main] DEBUG org.dbunit.dataset.OrderedTableNameMap - getTableName(tableName=TB_TELEFONE_CLIENTE) - end - result=TB_TELEFONE_CLIENTE
02:06:18.748 [main] DEBUG org.dbunit.dataset.OrderedTableNameMap - getTableName(tableName=TB_PROJETO) - start
02:06:18.748 [main] DEBUG org.dbunit.dataset.OrderedTableNameMap - getTableName(tableName=TB_PROJETO) - end - result=TB_PROJETO
02:06:18.748 [main] DEBUG org.dbunit.dataset.OrderedTableNameMap - getTableName(tableName=TB_CALENDARIO) - start
02:06:18.748 [main] DEBUG org.dbunit.dataset.OrderedTableNameMap - getTableName(tableName=TB_CALENDARIO) - end - result=TB_CALENDARIO
02:06:18.748 [main] DEBUG org.dbunit.dataset.OrderedTableNameMap - getTableName(tableName=TB_DOCUMENTO) - start
02:06:18.748 [main] DEBUG org.dbunit.dataset.OrderedTableNameMap - getTableName(tableName=TB_DOCUMENTO) - end - result=TB_DOCUMENTO
02:06:18.748 [main] DEBUG org.dbunit.dataset.OrderedTableNameMap - getTableName(tableName=TB_RECURSO) - start
02:06:18.748 [main] DEBUG org.dbunit.dataset.OrderedTableNameMap - getTableName(tableName=TB_RECURSO) - end - result=TB_RECURSO
02:06:18.748 [main] DEBUG org.dbunit.dataset.OrderedTableNameMap - getTableName(tableName=TB_FERIADO) - start
02:06:18.748 [main] DEBUG org.dbunit.dataset.OrderedTableNameMap - getTableName(tableName=TB_FERIADO) - end - result=TB_FERIADO
02:06:18.748 [main] DEBUG org.dbunit.dataset.OrderedTableNameMap - getTableName(tableName=TB_FORNECEDOR) - start
02:06:18.748 [main] DEBUG org.dbunit.dataset.OrderedTableNameMap - getTableName(tableName=TB_FORNECEDOR) - end - result=TB_FORNECEDOR
02:06:18.748 [main] DEBUG org.dbunit.dataset.OrderedTableNameMap - getTableName(tableName=TB_PROJETO_FORNECEDOR) - start
02:06:18.748 [main] DEBUG org.dbunit.dataset.OrderedTableNameMap - getTableName(tableName=TB_PROJETO_FORNECEDOR) - end - result=TB_PROJETO_FORNECEDOR
02:06:18.748 [main] DEBUG org.dbunit.dataset.OrderedTableNameMap - getTableName(tableName=TB_USUARIO) - start
02:06:18.748 [main] DEBUG org.dbunit.dataset.OrderedTableNameMap - getTableName(tableName=TB_USUARIO) - end - result=TB_USUARIO
02:06:18.748 [main] DEBUG org.dbunit.dataset.OrderedTableNameMap - getTableName(tableName=TB_PERFIL) - start
02:06:18.748 [main] DEBUG org.dbunit.dataset.OrderedTableNameMap - getTableName(tableName=TB_PERFIL) - end - result=TB_PERFIL
02:06:18.748 [main] DEBUG org.dbunit.dataset.OrderedTableNameMap - getTableName(tableName=TB_USUARIO_PERFIL) - start
02:06:18.748 [main] DEBUG org.dbunit.dataset.OrderedTableNameMap - getTableName(tableName=TB_USUARIO_PERFIL) - end - result=TB_USUARIO_PERFIL
02:06:18.748 [main] DEBUG org.dbunit.dataset.OrderedTableNameMap - getTableName(tableName=TB_TAREFA) - start
02:06:18.748 [main] DEBUG org.dbunit.dataset.OrderedTableNameMap - getTableName(tableName=TB_TAREFA) - end - result=TB_TAREFA
02:06:18.748 [main] DEBUG org.dbunit.dataset.DefaultTableIterator - getTable() - start
02:06:18.748 [main] DEBUG org.dbunit.operation.AbstractBatchOperation - isEmpty(table=org.dbunit.dataset.DefaultTable[_metaData=tableName=TB_CLIENTE, columns=[(ID_CLIENTE, UNKNOWN, nullableUnknown), (NOME_CLIENTE, UNKNOWN, nullableUnknown), (EMAIL_CLIENTE, UNKNOWN, nullableUnknown), (CNPJ_CLIENTE, UNKNOWN, nullableUnknown)], keys=[], _rowList.size()=2]) - start
02:06:18.748 [main] DEBUG org.dbunit.dataset.DefaultTable - getValue(row=0, column=ID_CLIENTE) - start
02:06:18.748 [main] DEBUG org.dbunit.dataset.AbstractTable - assertValidRowIndex(row=0) - start
02:06:18.748 [main] DEBUG org.dbunit.dataset.AbstractTable - assertValidRowIndex(row=0, rowCount=2) - start
02:06:18.748 [main] DEBUG org.dbunit.dataset.AbstractTable - getColumnIndex(columnName=ID_CLIENTE) - start
02:06:18.748 [main] DEBUG org.dbunit.dataset.AbstractTableMetaData - getColumnIndex(columnName=ID_CLIENTE) - start
02:06:18.748 [main] DEBUG org.dbunit.operation.AbstractOperation - getOperationMetaData(connection=org.dbunit.database.DatabaseConnection[schema=null, connection=org.apache.derby.client.net.NetConnection@55e3d6c3, super=_databaseConfig=org.dbunit.database.DatabaseConfig[, _propertyMap={http://www.dbunit.org/features/qualifiedTableNames=false, http://www.dbunit.org/properties/tableType=[Ljava.lang.String;@518cf84a, http://www.dbunit.org/properties/batchSize=100, http://www.dbunit.org/properties/statementFactory=org.dbunit.database.statement.PreparedStatementFactory@62e7dffa, http://www.dbunit.org/features/batchedStatements=false, http://www.dbunit.org/features/caseSensitiveTableNames=false, http://www.dbunit.org/features/allowEmptyFields=false, http://www.dbunit.org/properties/datatypeFactory=org.dbunit.dataset.datatype.DefaultDataTypeFactory[_toleratedDeltaMap=org.dbunit.dataset.datatype.ToleratedDeltaMap@6edcd0d8], http://www.dbunit.org/properties/metadataHandler=org.dbunit.database.DefaultMetadataHandler@30e6a763, http://www.dbunit.org/properties/fetchSize=100, http://www.dbunit.org/properties/resultSetTableFactory=org.dbunit.database.CachedResultSetTableFactory@57ce634f, http://www.dbunit.org/features/datatypeWarning=true, http://www.dbunit.org/properties/escapePattern=null, http://www.dbunit.org/properties/allowVerifytabledefinitionExpectedtableCountMismatch=false}], _dataSet=AbstractDataSet[_orderedTableNameMap=null]], metaData=tableName=TB_CLIENTE, columns=[(ID_CLIENTE, UNKNOWN, nullableUnknown), (NOME_CLIENTE, UNKNOWN, nullableUnknown), (EMAIL_CLIENTE, UNKNOWN, nullableUnknown), (CNPJ_CLIENTE, UNKNOWN, nullableUnknown)], keys=[]) - start
02:06:18.748 [main] DEBUG org.dbunit.database.AbstractDatabaseConnection - createDataSet() - start
02:06:18.748 [main] DEBUG org.dbunit.database.DatabaseDataSet - getTableMetaData(tableName=TB_CLIENTE) - start
02:06:18.748 [main] DEBUG org.dbunit.database.DatabaseDataSet - initialize() - start
02:06:18.748 [main] DEBUG org.dbunit.dataset.OrderedTableNameMap - getTableName(tableName=TB_CLIENTE) - start
02:06:18.748 [main] DEBUG org.dbunit.dataset.OrderedTableNameMap - getTableName(tableName=TB_CLIENTE) - end - result=TB_CLIENTE
02:06:18.748 [main] DEBUG org.dbunit.dataset.OrderedTableNameMap - getTableName(tableName=TB_CLIENTE) - start
02:06:18.748 [main] DEBUG org.dbunit.dataset.OrderedTableNameMap - getTableName(tableName=TB_CLIENTE) - end - result=TB_CLIENTE
02:06:18.748 [main] DEBUG org.dbunit.dataset.AbstractTableMetaData - getColumnIndex(columnName=ID_CLIENTE) - start
02:06:18.748 [main] DEBUG org.dbunit.database.DatabaseTableMetaData - getColumns() - start
02:06:18.748 [main] DEBUG org.dbunit.database.DatabaseTableMetaData - getColumns() - start
02:06:18.748 [main] DEBUG org.dbunit.dataset.AbstractTableMetaData - getColumnIndex(columnName=NOME_CLIENTE) - start
02:06:18.748 [main] DEBUG org.dbunit.database.DatabaseTableMetaData - getColumns() - start
02:06:18.748 [main] DEBUG org.dbunit.dataset.AbstractTableMetaData - getColumnIndex(columnName=EMAIL_CLIENTE) - start
02:06:18.748 [main] DEBUG org.dbunit.database.DatabaseTableMetaData - getColumns() - start
02:06:18.748 [main] DEBUG org.dbunit.dataset.AbstractTableMetaData - getColumnIndex(columnName=CNPJ_CLIENTE) - start
02:06:18.748 [main] DEBUG org.dbunit.database.DatabaseTableMetaData - getColumns() - start
02:06:18.748 [main] DEBUG org.dbunit.database.DatabaseTableMetaData - getPrimaryKeys() - start
02:06:18.748 [main] DEBUG org.dbunit.operation.InsertOperation - getIgnoreMapping(table=org.dbunit.dataset.DefaultTable[_metaData=tableName=TB_CLIENTE, columns=[(ID_CLIENTE, UNKNOWN, nullableUnknown), (NOME_CLIENTE, UNKNOWN, nullableUnknown), (EMAIL_CLIENTE, UNKNOWN, nullableUnknown), (CNPJ_CLIENTE, UNKNOWN, nullableUnknown)], keys=[], _rowList.size()=2], row=0) - start
02:06:18.748 [main] DEBUG org.dbunit.dataset.DefaultTable - getValue(row=0, column=ID_CLIENTE) - start
02:06:18.748 [main] DEBUG org.dbunit.dataset.AbstractTable - assertValidRowIndex(row=0) - start
02:06:18.748 [main] DEBUG org.dbunit.dataset.AbstractTable - assertValidRowIndex(row=0, rowCount=2) - start
02:06:18.748 [main] DEBUG org.dbunit.dataset.AbstractTable - getColumnIndex(columnName=ID_CLIENTE) - start
02:06:18.748 [main] DEBUG org.dbunit.dataset.AbstractTableMetaData - getColumnIndex(columnName=ID_CLIENTE) - start
02:06:18.748 [main] DEBUG org.dbunit.dataset.DefaultTable - getValue(row=0, column=NOME_CLIENTE) - start
02:06:18.748 [main] DEBUG org.dbunit.dataset.AbstractTable - assertValidRowIndex(row=0) - start
02:06:18.748 [main] DEBUG org.dbunit.dataset.AbstractTable - assertValidRowIndex(row=0, rowCount=2) - start
02:06:18.748 [main] DEBUG org.dbunit.dataset.AbstractTable - getColumnIndex(columnName=NOME_CLIENTE) - start
02:06:18.748 [main] DEBUG org.dbunit.dataset.AbstractTableMetaData - getColumnIndex(columnName=NOME_CLIENTE) - start
02:06:18.748 [main] DEBUG org.dbunit.dataset.DefaultTable - getValue(row=0, column=EMAIL_CLIENTE) - start
02:06:18.748 [main] DEBUG org.dbunit.dataset.AbstractTable - assertValidRowIndex(row=0) - start
02:06:18.748 [main] DEBUG org.dbunit.dataset.AbstractTable - assertValidRowIndex(row=0, rowCount=2) - start
02:06:18.748 [main] DEBUG org.dbunit.dataset.AbstractTable - getColumnIndex(columnName=EMAIL_CLIENTE) - start
02:06:18.748 [main] DEBUG org.dbunit.dataset.AbstractTableMetaData - getColumnIndex(columnName=EMAIL_CLIENTE) - start
02:06:18.748 [main] DEBUG org.dbunit.dataset.DefaultTable - getValue(row=0, column=CNPJ_CLIENTE) - start
02:06:18.748 [main] DEBUG org.dbunit.dataset.AbstractTable - assertValidRowIndex(row=0) - start
02:06:18.748 [main] DEBUG org.dbunit.dataset.AbstractTable - assertValidRowIndex(row=0, rowCount=2) - start
02:06:18.748 [main] DEBUG org.dbunit.dataset.AbstractTable - getColumnIndex(columnName=CNPJ_CLIENTE) - start
02:06:18.748 [main] DEBUG org.dbunit.dataset.AbstractTableMetaData - getColumnIndex(columnName=CNPJ_CLIENTE) - start
02:06:18.748 [main] DEBUG org.dbunit.operation.InsertOperation - getOperationData(metaData=tableName=TB_CLIENTE, columns=[(ID_CLIENTE, BIGINT, noNulls), (NOME_CLIENTE, VARCHAR, noNulls), (EMAIL_CLIENTE, VARCHAR, noNulls), (CNPJ_CLIENTE, VARCHAR, noNulls)], keys=[(ID_CLIENTE, BIGINT, noNulls)], ignoreMapping={}, connection=org.dbunit.database.DatabaseConnection[schema=null, connection=org.apache.derby.client.net.NetConnection@55e3d6c3, super=_databaseConfig=org.dbunit.database.DatabaseConfig[, _propertyMap={http://www.dbunit.org/features/qualifiedTableNames=false, http://www.dbunit.org/properties/tableType=[Ljava.lang.String;@518cf84a, http://www.dbunit.org/properties/batchSize=100, http://www.dbunit.org/properties/statementFactory=org.dbunit.database.statement.PreparedStatementFactory@62e7dffa, http://www.dbunit.org/features/batchedStatements=false, http://www.dbunit.org/features/caseSensitiveTableNames=false, http://www.dbunit.org/features/allowEmptyFields=false, http://www.dbunit.org/properties/datatypeFactory=org.dbunit.dataset.datatype.DefaultDataTypeFactory[_toleratedDeltaMap=org.dbunit.dataset.datatype.ToleratedDeltaMap@6edcd0d8], http://www.dbunit.org/properties/metadataHandler=org.dbunit.database.DefaultMetadataHandler@30e6a763, http://www.dbunit.org/properties/fetchSize=100, http://www.dbunit.org/properties/resultSetTableFactory=org.dbunit.database.CachedResultSetTableFactory@57ce634f, http://www.dbunit.org/features/datatypeWarning=true, http://www.dbunit.org/properties/escapePattern=null, http://www.dbunit.org/properties/allowVerifytabledefinitionExpectedtableCountMismatch=false}], _dataSet=AbstractDataSet[_orderedTableNameMap=null]]) - start
02:06:18.748 [main] DEBUG org.dbunit.operation.AbstractOperation - getQualifiedName(prefix=null, name=TB_CLIENTE, connection=org.dbunit.database.DatabaseConnection[schema=null, connection=org.apache.derby.client.net.NetConnection@55e3d6c3, super=_databaseConfig=org.dbunit.database.DatabaseConfig[, _propertyMap={http://www.dbunit.org/features/qualifiedTableNames=false, http://www.dbunit.org/properties/tableType=[Ljava.lang.String;@518cf84a, http://www.dbunit.org/properties/batchSize=100, http://www.dbunit.org/properties/statementFactory=org.dbunit.database.statement.PreparedStatementFactory@62e7dffa, http://www.dbunit.org/features/batchedStatements=false, http://www.dbunit.org/features/caseSensitiveTableNames=false, http://www.dbunit.org/features/allowEmptyFields=false, http://www.dbunit.org/properties/datatypeFactory=org.dbunit.dataset.datatype.DefaultDataTypeFactory[_toleratedDeltaMap=org.dbunit.dataset.datatype.ToleratedDeltaMap@6edcd0d8], http://www.dbunit.org/properties/metadataHandler=org.dbunit.database.DefaultMetadataHandler@30e6a763, http://www.dbunit.org/properties/fetchSize=100, http://www.dbunit.org/properties/resultSetTableFactory=org.dbunit.database.CachedResultSetTableFactory@57ce634f, http://www.dbunit.org/features/datatypeWarning=true, http://www.dbunit.org/properties/escapePattern=null, http://www.dbunit.org/properties/allowVerifytabledefinitionExpectedtableCountMismatch=false}], _dataSet=AbstractDataSet[_orderedTableNameMap=null]]) - start
02:06:18.748 [main] DEBUG org.dbunit.util.QualifiedTableName - getQualifiedName() - start
02:06:18.748 [main] DEBUG org.dbunit.util.QualifiedTableName - getQualifiedName(prefix=null, name=TB_CLIENTE, escapePattern=null) - start
02:06:18.748 [main] DEBUG org.dbunit.operation.AbstractOperation - getQualifiedName(prefix=null, name=ID_CLIENTE, connection=org.dbunit.database.DatabaseConnection[schema=null, connection=org.apache.derby.client.net.NetConnection@55e3d6c3, super=_databaseConfig=org.dbunit.database.DatabaseConfig[, _propertyMap={http://www.dbunit.org/features/qualifiedTableNames=false, http://www.dbunit.org/properties/tableType=[Ljava.lang.String;@518cf84a, http://www.dbunit.org/properties/batchSize=100, http://www.dbunit.org/properties/statementFactory=org.dbunit.database.statement.PreparedStatementFactory@62e7dffa, http://www.dbunit.org/features/batchedStatements=false, http://www.dbunit.org/features/caseSensitiveTableNames=false, http://www.dbunit.org/features/allowEmptyFields=false, http://www.dbunit.org/properties/datatypeFactory=org.dbunit.dataset.datatype.DefaultDataTypeFactory[_toleratedDeltaMap=org.dbunit.dataset.datatype.ToleratedDeltaMap@6edcd0d8], http://www.dbunit.org/properties/metadataHandler=org.dbunit.database.DefaultMetadataHandler@30e6a763, http://www.dbunit.org/properties/fetchSize=100, http://www.dbunit.org/properties/resultSetTableFactory=org.dbunit.database.CachedResultSetTableFactory@57ce634f, http://www.dbunit.org/features/datatypeWarning=true, http://www.dbunit.org/properties/escapePattern=null, http://www.dbunit.org/properties/allowVerifytabledefinitionExpectedtableCountMismatch=false}], _dataSet=AbstractDataSet[_orderedTableNameMap=null]]) - start
02:06:18.748 [main] DEBUG org.dbunit.util.QualifiedTableName - getQualifiedName() - start
02:06:18.748 [main] DEBUG org.dbunit.util.QualifiedTableName - getQualifiedName(prefix=null, name=ID_CLIENTE, escapePattern=null) - start
02:06:18.748 [main] DEBUG org.dbunit.operation.AbstractOperation - getQualifiedName(prefix=null, name=NOME_CLIENTE, connection=org.dbunit.database.DatabaseConnection[schema=null, connection=org.apache.derby.client.net.NetConnection@55e3d6c3, super=_databaseConfig=org.dbunit.database.DatabaseConfig[, _propertyMap={http://www.dbunit.org/features/qualifiedTableNames=false, http://www.dbunit.org/properties/tableType=[Ljava.lang.String;@518cf84a, http://www.dbunit.org/properties/batchSize=100, http://www.dbunit.org/properties/statementFactory=org.dbunit.database.statement.PreparedStatementFactory@62e7dffa, http://www.dbunit.org/features/batchedStatements=false, http://www.dbunit.org/features/caseSensitiveTableNames=false, http://www.dbunit.org/features/allowEmptyFields=false, http://www.dbunit.org/properties/datatypeFactory=org.dbunit.dataset.datatype.DefaultDataTypeFactory[_toleratedDeltaMap=org.dbunit.dataset.datatype.ToleratedDeltaMap@6edcd0d8], http://www.dbunit.org/properties/metadataHandler=org.dbunit.database.DefaultMetadataHandler@30e6a763, http://www.dbunit.org/properties/fetchSize=100, http://www.dbunit.org/properties/resultSetTableFactory=org.dbunit.database.CachedResultSetTableFactory@57ce634f, http://www.dbunit.org/features/datatypeWarning=true, http://www.dbunit.org/properties/escapePattern=null, http://www.dbunit.org/properties/allowVerifytabledefinitionExpectedtableCountMismatch=false}], _dataSet=AbstractDataSet[_orderedTableNameMap=null]]) - start
02:06:18.748 [main] DEBUG org.dbunit.util.QualifiedTableName - getQualifiedName() - start
02:06:18.748 [main] DEBUG org.dbunit.util.QualifiedTableName - getQualifiedName(prefix=null, name=NOME_CLIENTE, escapePattern=null) - start
02:06:18.748 [main] DEBUG org.dbunit.operation.AbstractOperation - getQualifiedName(prefix=null, name=EMAIL_CLIENTE, connection=org.dbunit.database.DatabaseConnection[schema=null, connection=org.apache.derby.client.net.NetConnection@55e3d6c3, super=_databaseConfig=org.dbunit.database.DatabaseConfig[, _propertyMap={http://www.dbunit.org/features/qualifiedTableNames=false, http://www.dbunit.org/properties/tableType=[Ljava.lang.String;@518cf84a, http://www.dbunit.org/properties/batchSize=100, http://www.dbunit.org/properties/statementFactory=org.dbunit.database.statement.PreparedStatementFactory@62e7dffa, http://www.dbunit.org/features/batchedStatements=false, http://www.dbunit.org/features/caseSensitiveTableNames=false, http://www.dbunit.org/features/allowEmptyFields=false, http://www.dbunit.org/properties/datatypeFactory=org.dbunit.dataset.datatype.DefaultDataTypeFactory[_toleratedDeltaMap=org.dbunit.dataset.datatype.ToleratedDeltaMap@6edcd0d8], http://www.dbunit.org/properties/metadataHandler=org.dbunit.database.DefaultMetadataHandler@30e6a763, http://www.dbunit.org/properties/fetchSize=100, http://www.dbunit.org/properties/resultSetTableFactory=org.dbunit.database.CachedResultSetTableFactory@57ce634f, http://www.dbunit.org/features/datatypeWarning=true, http://www.dbunit.org/properties/escapePattern=null, http://www.dbunit.org/properties/allowVerifytabledefinitionExpectedtableCountMismatch=false}], _dataSet=AbstractDataSet[_orderedTableNameMap=null]]) - start
02:06:18.748 [main] DEBUG org.dbunit.util.QualifiedTableName - getQualifiedName() - start
02:06:18.748 [main] DEBUG org.dbunit.util.QualifiedTableName - getQualifiedName(prefix=null, name=EMAIL_CLIENTE, escapePattern=null) - start
02:06:18.748 [main] DEBUG org.dbunit.operation.AbstractOperation - getQualifiedName(prefix=null, name=CNPJ_CLIENTE, connection=org.dbunit.database.DatabaseConnection[schema=null, connection=org.apache.derby.client.net.NetConnection@55e3d6c3, super=_databaseConfig=org.dbunit.database.DatabaseConfig[, _propertyMap={http://www.dbunit.org/features/qualifiedTableNames=false, http://www.dbunit.org/properties/tableType=[Ljava.lang.String;@518cf84a, http://www.dbunit.org/properties/batchSize=100, http://www.dbunit.org/properties/statementFactory=org.dbunit.database.statement.PreparedStatementFactory@62e7dffa, http://www.dbunit.org/features/batchedStatements=false, http://www.dbunit.org/features/caseSensitiveTableNames=false, http://www.dbunit.org/features/allowEmptyFields=false, http://www.dbunit.org/properties/datatypeFactory=org.dbunit.dataset.datatype.DefaultDataTypeFactory[_toleratedDeltaMap=org.dbunit.dataset.datatype.ToleratedDeltaMap@6edcd0d8], http://www.dbunit.org/properties/metadataHandler=org.dbunit.database.DefaultMetadataHandler@30e6a763, http://www.dbunit.org/properties/fetchSize=100, http://www.dbunit.org/properties/resultSetTableFactory=org.dbunit.database.CachedResultSetTableFactory@57ce634f, http://www.dbunit.org/features/datatypeWarning=true, http://www.dbunit.org/properties/escapePattern=null, http://www.dbunit.org/properties/allowVerifytabledefinitionExpectedtableCountMismatch=false}], _dataSet=AbstractDataSet[_orderedTableNameMap=null]]) - start
02:06:18.748 [main] DEBUG org.dbunit.util.QualifiedTableName - getQualifiedName() - start
02:06:18.748 [main] DEBUG org.dbunit.util.QualifiedTableName - getQualifiedName(prefix=null, name=CNPJ_CLIENTE, escapePattern=null) - start
02:06:18.748 [main] DEBUG org.dbunit.database.statement.PreparedStatementFactory - createPreparedBatchStatement(sql=insert into TB_CLIENTE (ID_CLIENTE, NOME_CLIENTE, EMAIL_CLIENTE, CNPJ_CLIENTE) values (?, ?, ?, ?), connection=org.dbunit.database.DatabaseConnection[schema=null, connection=org.apache.derby.client.net.NetConnection@55e3d6c3, super=_databaseConfig=org.dbunit.database.DatabaseConfig[, _propertyMap={http://www.dbunit.org/features/qualifiedTableNames=false, http://www.dbunit.org/properties/tableType=[Ljava.lang.String;@518cf84a, http://www.dbunit.org/properties/batchSize=100, http://www.dbunit.org/properties/statementFactory=org.dbunit.database.statement.PreparedStatementFactory@62e7dffa, http://www.dbunit.org/features/batchedStatements=false, http://www.dbunit.org/features/caseSensitiveTableNames=false, http://www.dbunit.org/features/allowEmptyFields=false, http://www.dbunit.org/properties/datatypeFactory=org.dbunit.dataset.datatype.DefaultDataTypeFactory[_toleratedDeltaMap=org.dbunit.dataset.datatype.ToleratedDeltaMap@6edcd0d8], http://www.dbunit.org/properties/metadataHandler=org.dbunit.database.DefaultMetadataHandler@30e6a763, http://www.dbunit.org/properties/fetchSize=100, http://www.dbunit.org/properties/resultSetTableFactory=org.dbunit.database.CachedResultSetTableFactory@57ce634f, http://www.dbunit.org/features/datatypeWarning=true, http://www.dbunit.org/properties/escapePattern=null, http://www.dbunit.org/properties/allowVerifytabledefinitionExpectedtableCountMismatch=false}], _dataSet=AbstractDataSet[_orderedTableNameMap=null]]) - start
02:06:18.748 [main] DEBUG org.dbunit.database.statement.AbstractStatementFactory - supportBatchStatement(connection=org.dbunit.database.DatabaseConnection[schema=null, connection=org.apache.derby.client.net.NetConnection@55e3d6c3, super=_databaseConfig=org.dbunit.database.DatabaseConfig[, _propertyMap={http://www.dbunit.org/features/qualifiedTableNames=false, http://www.dbunit.org/properties/tableType=[Ljava.lang.String;@518cf84a, http://www.dbunit.org/properties/batchSize=100, http://www.dbunit.org/properties/statementFactory=org.dbunit.database.statement.PreparedStatementFactory@62e7dffa, http://www.dbunit.org/features/batchedStatements=false, http://www.dbunit.org/features/caseSensitiveTableNames=false, http://www.dbunit.org/features/allowEmptyFields=false, http://www.dbunit.org/properties/datatypeFactory=org.dbunit.dataset.datatype.DefaultDataTypeFactory[_toleratedDeltaMap=org.dbunit.dataset.datatype.ToleratedDeltaMap@6edcd0d8], http://www.dbunit.org/properties/metadataHandler=org.dbunit.database.DefaultMetadataHandler@30e6a763, http://www.dbunit.org/properties/fetchSize=100, http://www.dbunit.org/properties/resultSetTableFactory=org.dbunit.database.CachedResultSetTableFactory@57ce634f, http://www.dbunit.org/features/datatypeWarning=true, http://www.dbunit.org/properties/escapePattern=null, http://www.dbunit.org/properties/allowVerifytabledefinitionExpectedtableCountMismatch=false}], _dataSet=AbstractDataSet[_orderedTableNameMap=null]]) - start
02:06:18.750 [main] DEBUG org.dbunit.dataset.DefaultTable - getValue(row=0, column=ID_CLIENTE) - start
02:06:18.751 [main] DEBUG org.dbunit.dataset.AbstractTable - assertValidRowIndex(row=0) - start
02:06:18.751 [main] DEBUG org.dbunit.dataset.AbstractTable - assertValidRowIndex(row=0, rowCount=2) - start
02:06:18.751 [main] DEBUG org.dbunit.dataset.AbstractTable - getColumnIndex(columnName=ID_CLIENTE) - start
02:06:18.751 [main] DEBUG org.dbunit.dataset.AbstractTableMetaData - getColumnIndex(columnName=ID_CLIENTE) - start
02:06:18.751 [main] DEBUG org.dbunit.database.statement.AutomaticPreparedBatchStatement - addValue(value=1, dataType=BIGINT) - start
02:06:18.751 [main] DEBUG org.dbunit.database.statement.SimplePreparedStatement - addValue(value=1, dataType=BIGINT) - start
02:06:18.751 [main] DEBUG org.dbunit.dataset.datatype.BigIntegerDataType - setSqlValue(value=1, column=1, statement=org.apache.derby.client.am.ClientPreparedStatement42@74db12c2) - start
02:06:18.751 [main] DEBUG org.dbunit.dataset.datatype.BigIntegerDataType - typeCast(value=1) - start
02:06:18.751 [main] DEBUG org.dbunit.dataset.DefaultTable - getValue(row=0, column=NOME_CLIENTE) - start
02:06:18.751 [main] DEBUG org.dbunit.dataset.AbstractTable - assertValidRowIndex(row=0) - start
02:06:18.751 [main] DEBUG org.dbunit.dataset.AbstractTable - assertValidRowIndex(row=0, rowCount=2) - start
02:06:18.751 [main] DEBUG org.dbunit.dataset.AbstractTable - getColumnIndex(columnName=NOME_CLIENTE) - start
02:06:18.751 [main] DEBUG org.dbunit.dataset.AbstractTableMetaData - getColumnIndex(columnName=NOME_CLIENTE) - start
02:06:18.751 [main] DEBUG org.dbunit.database.statement.AutomaticPreparedBatchStatement - addValue(value=Microsoft, dataType=VARCHAR) - start
02:06:18.751 [main] DEBUG org.dbunit.database.statement.SimplePreparedStatement - addValue(value=Microsoft, dataType=VARCHAR) - start
02:06:18.751 [main] DEBUG org.dbunit.dataset.datatype.StringDataType - setSqlValue(value=Microsoft, column=2, statement=org.apache.derby.client.am.ClientPreparedStatement42@74db12c2) - start
02:06:18.751 [main] DEBUG org.dbunit.dataset.datatype.DataType - asString(value=Microsoft) - start
02:06:18.751 [main] DEBUG org.dbunit.dataset.datatype.StringDataType - typeCast(value=Microsoft) - start
02:06:18.751 [main] DEBUG org.dbunit.dataset.DefaultTable - getValue(row=0, column=EMAIL_CLIENTE) - start
02:06:18.751 [main] DEBUG org.dbunit.dataset.AbstractTable - assertValidRowIndex(row=0) - start
02:06:18.751 [main] DEBUG org.dbunit.dataset.AbstractTable - assertValidRowIndex(row=0, rowCount=2) - start
02:06:18.751 [main] DEBUG org.dbunit.dataset.AbstractTable - getColumnIndex(columnName=EMAIL_CLIENTE) - start
02:06:18.751 [main] DEBUG org.dbunit.dataset.AbstractTableMetaData - getColumnIndex(columnName=EMAIL_CLIENTE) - start
02:06:18.751 [main] DEBUG org.dbunit.database.statement.AutomaticPreparedBatchStatement - addValue(value=contact@microsoft.com, dataType=VARCHAR) - start
02:06:18.751 [main] DEBUG org.dbunit.database.statement.SimplePreparedStatement - addValue(value=contact@microsoft.com, dataType=VARCHAR) - start
02:06:18.751 [main] DEBUG org.dbunit.dataset.datatype.StringDataType - setSqlValue(value=contact@microsoft.com, column=3, statement=org.apache.derby.client.am.ClientPreparedStatement42@74db12c2) - start
02:06:18.751 [main] DEBUG org.dbunit.dataset.datatype.DataType - asString(value=contact@microsoft.com) - start
02:06:18.751 [main] DEBUG org.dbunit.dataset.datatype.StringDataType - typeCast(value=contact@microsoft.com) - start
02:06:18.751 [main] DEBUG org.dbunit.dataset.DefaultTable - getValue(row=0, column=CNPJ_CLIENTE) - start
02:06:18.751 [main] DEBUG org.dbunit.dataset.AbstractTable - assertValidRowIndex(row=0) - start
02:06:18.751 [main] DEBUG org.dbunit.dataset.AbstractTable - assertValidRowIndex(row=0, rowCount=2) - start
02:06:18.751 [main] DEBUG org.dbunit.dataset.AbstractTable - getColumnIndex(columnName=CNPJ_CLIENTE) - start
02:06:18.751 [main] DEBUG org.dbunit.dataset.AbstractTableMetaData - getColumnIndex(columnName=CNPJ_CLIENTE) - start
02:06:18.751 [main] DEBUG org.dbunit.database.statement.AutomaticPreparedBatchStatement - addValue(value=12.345.678/0001-99, dataType=VARCHAR) - start
02:06:18.751 [main] DEBUG org.dbunit.database.statement.SimplePreparedStatement - addValue(value=12.345.678/0001-99, dataType=VARCHAR) - start
02:06:18.751 [main] DEBUG org.dbunit.dataset.datatype.StringDataType - setSqlValue(value=12.345.678/0001-99, column=4, statement=org.apache.derby.client.am.ClientPreparedStatement42@74db12c2) - start
02:06:18.751 [main] DEBUG org.dbunit.dataset.datatype.DataType - asString(value=12.345.678/0001-99) - start
02:06:18.751 [main] DEBUG org.dbunit.dataset.datatype.StringDataType - typeCast(value=12.345.678/0001-99) - start
02:06:18.751 [main] DEBUG org.dbunit.database.statement.AutomaticPreparedBatchStatement - addBatch() - start
02:06:18.751 [main] DEBUG org.dbunit.database.statement.SimplePreparedStatement - addBatch() - start
02:06:18.752 [main] DEBUG org.dbunit.operation.InsertOperation - equalsIgnoreMapping(ignoreMapping={}, table=org.dbunit.dataset.DefaultTable[_metaData=tableName=TB_CLIENTE, columns=[(ID_CLIENTE, UNKNOWN, nullableUnknown), (NOME_CLIENTE, UNKNOWN, nullableUnknown), (EMAIL_CLIENTE, UNKNOWN, nullableUnknown), (CNPJ_CLIENTE, UNKNOWN, nullableUnknown)], keys=[], _rowList.size()=2], row=1) - start
02:06:18.752 [main] DEBUG org.dbunit.dataset.DefaultTable - getValue(row=1, column=ID_CLIENTE) - start
02:06:18.752 [main] DEBUG org.dbunit.dataset.AbstractTable - assertValidRowIndex(row=1) - start
02:06:18.752 [main] DEBUG org.dbunit.dataset.AbstractTable - assertValidRowIndex(row=1, rowCount=2) - start
02:06:18.752 [main] DEBUG org.dbunit.dataset.AbstractTable - getColumnIndex(columnName=ID_CLIENTE) - start
02:06:18.752 [main] DEBUG org.dbunit.dataset.AbstractTableMetaData - getColumnIndex(columnName=ID_CLIENTE) - start
02:06:18.752 [main] DEBUG org.dbunit.dataset.DefaultTable - getValue(row=1, column=NOME_CLIENTE) - start
02:06:18.752 [main] DEBUG org.dbunit.dataset.AbstractTable - assertValidRowIndex(row=1) - start
02:06:18.752 [main] DEBUG org.dbunit.dataset.AbstractTable - assertValidRowIndex(row=1, rowCount=2) - start
02:06:18.752 [main] DEBUG org.dbunit.dataset.AbstractTable - getColumnIndex(columnName=NOME_CLIENTE) - start
02:06:18.752 [main] DEBUG org.dbunit.dataset.AbstractTableMetaData - getColumnIndex(columnName=NOME_CLIENTE) - start
02:06:18.752 [main] DEBUG org.dbunit.dataset.DefaultTable - getValue(row=1, column=EMAIL_CLIENTE) - start
02:06:18.752 [main] DEBUG org.dbunit.dataset.AbstractTable - assertValidRowIndex(row=1) - start
02:06:18.752 [main] DEBUG org.dbunit.dataset.AbstractTable - assertValidRowIndex(row=1, rowCount=2) - start
02:06:18.752 [main] DEBUG org.dbunit.dataset.AbstractTable - getColumnIndex(columnName=EMAIL_CLIENTE) - start
02:06:18.752 [main] DEBUG org.dbunit.dataset.AbstractTableMetaData - getColumnIndex(columnName=EMAIL_CLIENTE) - start
02:06:18.752 [main] DEBUG org.dbunit.dataset.DefaultTable - getValue(row=1, column=CNPJ_CLIENTE) - start
02:06:18.752 [main] DEBUG org.dbunit.dataset.AbstractTable - assertValidRowIndex(row=1) - start
02:06:18.752 [main] DEBUG org.dbunit.dataset.AbstractTable - assertValidRowIndex(row=1, rowCount=2) - start
02:06:18.752 [main] DEBUG org.dbunit.dataset.AbstractTable - getColumnIndex(columnName=CNPJ_CLIENTE) - start
02:06:18.752 [main] DEBUG org.dbunit.dataset.AbstractTableMetaData - getColumnIndex(columnName=CNPJ_CLIENTE) - start
02:06:18.752 [main] DEBUG org.dbunit.dataset.DefaultTable - getValue(row=1, column=ID_CLIENTE) - start
02:06:18.752 [main] DEBUG org.dbunit.dataset.AbstractTable - assertValidRowIndex(row=1) - start
02:06:18.752 [main] DEBUG org.dbunit.dataset.AbstractTable - assertValidRowIndex(row=1, rowCount=2) - start
02:06:18.752 [main] DEBUG org.dbunit.dataset.AbstractTable - getColumnIndex(columnName=ID_CLIENTE) - start
02:06:18.752 [main] DEBUG org.dbunit.dataset.AbstractTableMetaData - getColumnIndex(columnName=ID_CLIENTE) - start
02:06:18.752 [main] DEBUG org.dbunit.database.statement.AutomaticPreparedBatchStatement - addValue(value=2, dataType=BIGINT) - start
02:06:18.752 [main] DEBUG org.dbunit.database.statement.SimplePreparedStatement - addValue(value=2, dataType=BIGINT) - start
02:06:18.752 [main] DEBUG org.dbunit.dataset.datatype.BigIntegerDataType - setSqlValue(value=2, column=1, statement=org.apache.derby.client.am.ClientPreparedStatement42@74db12c2) - start
02:06:18.752 [main] DEBUG org.dbunit.dataset.datatype.BigIntegerDataType - typeCast(value=2) - start
02:06:18.752 [main] DEBUG org.dbunit.dataset.DefaultTable - getValue(row=1, column=NOME_CLIENTE) - start
02:06:18.752 [main] DEBUG org.dbunit.dataset.AbstractTable - assertValidRowIndex(row=1) - start
02:06:18.752 [main] DEBUG org.dbunit.dataset.AbstractTable - assertValidRowIndex(row=1, rowCount=2) - start
02:06:18.752 [main] DEBUG org.dbunit.dataset.AbstractTable - getColumnIndex(columnName=NOME_CLIENTE) - start
02:06:18.752 [main] DEBUG org.dbunit.dataset.AbstractTableMetaData - getColumnIndex(columnName=NOME_CLIENTE) - start
02:06:18.752 [main] DEBUG org.dbunit.database.statement.AutomaticPreparedBatchStatement - addValue(value=Apple, dataType=VARCHAR) - start
02:06:18.752 [main] DEBUG org.dbunit.database.statement.SimplePreparedStatement - addValue(value=Apple, dataType=VARCHAR) - start
02:06:18.752 [main] DEBUG org.dbunit.dataset.datatype.StringDataType - setSqlValue(value=Apple, column=2, statement=org.apache.derby.client.am.ClientPreparedStatement42@74db12c2) - start
02:06:18.752 [main] DEBUG org.dbunit.dataset.datatype.DataType - asString(value=Apple) - start
02:06:18.752 [main] DEBUG org.dbunit.dataset.datatype.StringDataType - typeCast(value=Apple) - start
02:06:18.752 [main] DEBUG org.dbunit.dataset.DefaultTable - getValue(row=1, column=EMAIL_CLIENTE) - start
02:06:18.752 [main] DEBUG org.dbunit.dataset.AbstractTable - assertValidRowIndex(row=1) - start
02:06:18.752 [main] DEBUG org.dbunit.dataset.AbstractTable - assertValidRowIndex(row=1, rowCount=2) - start
02:06:18.752 [main] DEBUG org.dbunit.dataset.AbstractTable - getColumnIndex(columnName=EMAIL_CLIENTE) - start
02:06:18.752 [main] DEBUG org.dbunit.dataset.AbstractTableMetaData - getColumnIndex(columnName=EMAIL_CLIENTE) - start
02:06:18.752 [main] DEBUG org.dbunit.database.statement.AutomaticPreparedBatchStatement - addValue(value=contact@apple.com, dataType=VARCHAR) - start
02:06:18.752 [main] DEBUG org.dbunit.database.statement.SimplePreparedStatement - addValue(value=contact@apple.com, dataType=VARCHAR) - start
02:06:18.752 [main] DEBUG org.dbunit.dataset.datatype.StringDataType - setSqlValue(value=contact@apple.com, column=3, statement=org.apache.derby.client.am.ClientPreparedStatement42@74db12c2) - start
02:06:18.752 [main] DEBUG org.dbunit.dataset.datatype.DataType - asString(value=contact@apple.com) - start
02:06:18.752 [main] DEBUG org.dbunit.dataset.datatype.StringDataType - typeCast(value=contact@apple.com) - start
02:06:18.752 [main] DEBUG org.dbunit.dataset.DefaultTable - getValue(row=1, column=CNPJ_CLIENTE) - start
02:06:18.752 [main] DEBUG org.dbunit.dataset.AbstractTable - assertValidRowIndex(row=1) - start
02:06:18.752 [main] DEBUG org.dbunit.dataset.AbstractTable - assertValidRowIndex(row=1, rowCount=2) - start
02:06:18.752 [main] DEBUG org.dbunit.dataset.AbstractTable - getColumnIndex(columnName=CNPJ_CLIENTE) - start
02:06:18.752 [main] DEBUG org.dbunit.dataset.AbstractTableMetaData - getColumnIndex(columnName=CNPJ_CLIENTE) - start
02:06:18.752 [main] DEBUG org.dbunit.database.statement.AutomaticPreparedBatchStatement - addValue(value=98.765.432/0001-11, dataType=VARCHAR) - start
02:06:18.752 [main] DEBUG org.dbunit.database.statement.SimplePreparedStatement - addValue(value=98.765.432/0001-11, dataType=VARCHAR) - start
02:06:18.752 [main] DEBUG org.dbunit.dataset.datatype.StringDataType - setSqlValue(value=98.765.432/0001-11, column=4, statement=org.apache.derby.client.am.ClientPreparedStatement42@74db12c2) - start
02:06:18.752 [main] DEBUG org.dbunit.dataset.datatype.DataType - asString(value=98.765.432/0001-11) - start
02:06:18.752 [main] DEBUG org.dbunit.dataset.datatype.StringDataType - typeCast(value=98.765.432/0001-11) - start
02:06:18.752 [main] DEBUG org.dbunit.database.statement.AutomaticPreparedBatchStatement - addBatch() - start
02:06:18.752 [main] DEBUG org.dbunit.database.statement.SimplePreparedStatement - addBatch() - start
02:06:18.753 [main] DEBUG org.dbunit.operation.InsertOperation - equalsIgnoreMapping(ignoreMapping={}, table=org.dbunit.dataset.DefaultTable[_metaData=tableName=TB_CLIENTE, columns=[(ID_CLIENTE, UNKNOWN, nullableUnknown), (NOME_CLIENTE, UNKNOWN, nullableUnknown), (EMAIL_CLIENTE, UNKNOWN, nullableUnknown), (CNPJ_CLIENTE, UNKNOWN, nullableUnknown)], keys=[], _rowList.size()=2], row=2) - start
02:06:18.753 [main] DEBUG org.dbunit.dataset.DefaultTable - getValue(row=2, column=ID_CLIENTE) - start
02:06:18.753 [main] DEBUG org.dbunit.dataset.AbstractTable - assertValidRowIndex(row=2) - start
02:06:18.753 [main] DEBUG org.dbunit.dataset.AbstractTable - assertValidRowIndex(row=2, rowCount=2) - start
02:06:18.753 [main] DEBUG org.dbunit.database.statement.AutomaticPreparedBatchStatement - executeBatch() - start
02:06:18.753 [main] DEBUG org.dbunit.database.statement.SimplePreparedStatement - executeBatch() - start
02:06:18.753 [main] DEBUG org.dbunit.database.statement.SimplePreparedStatement - clearBatch() - start
02:06:18.753 [main] DEBUG org.dbunit.database.statement.AutomaticPreparedBatchStatement - clearBatch() - start
02:06:18.753 [main] DEBUG org.dbunit.database.statement.SimplePreparedStatement - clearBatch() - start
02:06:18.753 [main] DEBUG org.dbunit.database.statement.AutomaticPreparedBatchStatement - close() - start
02:06:18.753 [main] DEBUG org.dbunit.database.statement.AbstractPreparedBatchStatement - close() - start
02:06:18.753 [main] DEBUG org.dbunit.dataset.DefaultTableIterator - getTable() - start
02:06:18.753 [main] DEBUG org.dbunit.operation.AbstractBatchOperation - isEmpty(table=org.dbunit.dataset.DefaultTable[_metaData=tableName=TB_TELEFONE_CLIENTE, columns=[(ID_CLIENTE, UNKNOWN, nullableUnknown), (NUM_TELEFONE, UNKNOWN, nullableUnknown)], keys=[], _rowList.size()=3]) - start
02:06:18.753 [main] DEBUG org.dbunit.dataset.DefaultTable - getValue(row=0, column=ID_CLIENTE) - start
02:06:18.753 [main] DEBUG org.dbunit.dataset.AbstractTable - assertValidRowIndex(row=0) - start
02:06:18.753 [main] DEBUG org.dbunit.dataset.AbstractTable - assertValidRowIndex(row=0, rowCount=3) - start
02:06:18.753 [main] DEBUG org.dbunit.dataset.AbstractTable - getColumnIndex(columnName=ID_CLIENTE) - start
02:06:18.753 [main] DEBUG org.dbunit.dataset.AbstractTableMetaData - getColumnIndex(columnName=ID_CLIENTE) - start
02:06:18.753 [main] DEBUG org.dbunit.operation.AbstractOperation - getOperationMetaData(connection=org.dbunit.database.DatabaseConnection[schema=null, connection=org.apache.derby.client.net.NetConnection@55e3d6c3, super=_databaseConfig=org.dbunit.database.DatabaseConfig[, _propertyMap={http://www.dbunit.org/features/qualifiedTableNames=false, http://www.dbunit.org/properties/tableType=[Ljava.lang.String;@518cf84a, http://www.dbunit.org/properties/batchSize=100, http://www.dbunit.org/properties/statementFactory=org.dbunit.database.statement.PreparedStatementFactory@62e7dffa, http://www.dbunit.org/features/batchedStatements=false, http://www.dbunit.org/features/caseSensitiveTableNames=false, http://www.dbunit.org/features/allowEmptyFields=false, http://www.dbunit.org/properties/datatypeFactory=org.dbunit.dataset.datatype.DefaultDataTypeFactory[_toleratedDeltaMap=org.dbunit.dataset.datatype.ToleratedDeltaMap@6edcd0d8], http://www.dbunit.org/properties/metadataHandler=org.dbunit.database.DefaultMetadataHandler@30e6a763, http://www.dbunit.org/properties/fetchSize=100, http://www.dbunit.org/properties/resultSetTableFactory=org.dbunit.database.CachedResultSetTableFactory@57ce634f, http://www.dbunit.org/features/datatypeWarning=true, http://www.dbunit.org/properties/escapePattern=null, http://www.dbunit.org/properties/allowVerifytabledefinitionExpectedtableCountMismatch=false}], _dataSet=AbstractDataSet[_orderedTableNameMap=null]], metaData=tableName=TB_TELEFONE_CLIENTE, columns=[(ID_CLIENTE, UNKNOWN, nullableUnknown), (NUM_TELEFONE, UNKNOWN, nullableUnknown)], keys=[]) - start
02:06:18.753 [main] DEBUG org.dbunit.database.AbstractDatabaseConnection - createDataSet() - start
02:06:18.753 [main] DEBUG org.dbunit.database.DatabaseDataSet - getTableMetaData(tableName=TB_TELEFONE_CLIENTE) - start
02:06:18.753 [main] DEBUG org.dbunit.database.DatabaseDataSet - initialize() - start
02:06:18.753 [main] DEBUG org.dbunit.dataset.OrderedTableNameMap - getTableName(tableName=TB_TELEFONE_CLIENTE) - start
02:06:18.753 [main] DEBUG org.dbunit.dataset.OrderedTableNameMap - getTableName(tableName=TB_TELEFONE_CLIENTE) - end - result=TB_TELEFONE_CLIENTE
02:06:18.753 [main] DEBUG org.dbunit.dataset.OrderedTableNameMap - getTableName(tableName=TB_TELEFONE_CLIENTE) - start
02:06:18.753 [main] DEBUG org.dbunit.dataset.OrderedTableNameMap - getTableName(tableName=TB_TELEFONE_CLIENTE) - end - result=TB_TELEFONE_CLIENTE
02:06:18.753 [main] DEBUG org.dbunit.dataset.AbstractTableMetaData - getColumnIndex(columnName=ID_CLIENTE) - start
02:06:18.753 [main] DEBUG org.dbunit.database.DatabaseTableMetaData - getColumns() - start
02:06:18.753 [main] DEBUG org.dbunit.database.DatabaseTableMetaData - getColumns() - start
02:06:18.753 [main] DEBUG org.dbunit.dataset.AbstractTableMetaData - getColumnIndex(columnName=NUM_TELEFONE) - start
02:06:18.753 [main] DEBUG org.dbunit.database.DatabaseTableMetaData - getColumns() - start
02:06:18.753 [main] DEBUG org.dbunit.database.DatabaseTableMetaData - getPrimaryKeys() - start
02:06:18.753 [main] DEBUG org.dbunit.operation.InsertOperation - getIgnoreMapping(table=org.dbunit.dataset.DefaultTable[_metaData=tableName=TB_TELEFONE_CLIENTE, columns=[(ID_CLIENTE, UNKNOWN, nullableUnknown), (NUM_TELEFONE, UNKNOWN, nullableUnknown)], keys=[], _rowList.size()=3], row=0) - start
02:06:18.753 [main] DEBUG org.dbunit.dataset.DefaultTable - getValue(row=0, column=ID_CLIENTE) - start
02:06:18.753 [main] DEBUG org.dbunit.dataset.AbstractTable - assertValidRowIndex(row=0) - start
02:06:18.753 [main] DEBUG org.dbunit.dataset.AbstractTable - assertValidRowIndex(row=0, rowCount=3) - start
02:06:18.753 [main] DEBUG org.dbunit.dataset.AbstractTable - getColumnIndex(columnName=ID_CLIENTE) - start
02:06:18.753 [main] DEBUG org.dbunit.dataset.AbstractTableMetaData - getColumnIndex(columnName=ID_CLIENTE) - start
02:06:18.753 [main] DEBUG org.dbunit.dataset.DefaultTable - getValue(row=0, column=NUM_TELEFONE) - start
02:06:18.753 [main] DEBUG org.dbunit.dataset.AbstractTable - assertValidRowIndex(row=0) - start
02:06:18.753 [main] DEBUG org.dbunit.dataset.AbstractTable - assertValidRowIndex(row=0, rowCount=3) - start
02:06:18.753 [main] DEBUG org.dbunit.dataset.AbstractTable - getColumnIndex(columnName=NUM_TELEFONE) - start
02:06:18.753 [main] DEBUG org.dbunit.dataset.AbstractTableMetaData - getColumnIndex(columnName=NUM_TELEFONE) - start
02:06:18.753 [main] DEBUG org.dbunit.operation.InsertOperation - getOperationData(metaData=tableName=TB_TELEFONE_CLIENTE, columns=[(ID_CLIENTE, BIGINT, noNulls), (NUM_TELEFONE, VARCHAR, noNulls)], keys=[], ignoreMapping={}, connection=org.dbunit.database.DatabaseConnection[schema=null, connection=org.apache.derby.client.net.NetConnection@55e3d6c3, super=_databaseConfig=org.dbunit.database.DatabaseConfig[, _propertyMap={http://www.dbunit.org/features/qualifiedTableNames=false, http://www.dbunit.org/properties/tableType=[Ljava.lang.String;@518cf84a, http://www.dbunit.org/properties/batchSize=100, http://www.dbunit.org/properties/statementFactory=org.dbunit.database.statement.PreparedStatementFactory@62e7dffa, http://www.dbunit.org/features/batchedStatements=false, http://www.dbunit.org/features/caseSensitiveTableNames=false, http://www.dbunit.org/features/allowEmptyFields=false, http://www.dbunit.org/properties/datatypeFactory=org.dbunit.dataset.datatype.DefaultDataTypeFactory[_toleratedDeltaMap=org.dbunit.dataset.datatype.ToleratedDeltaMap@6edcd0d8], http://www.dbunit.org/properties/metadataHandler=org.dbunit.database.DefaultMetadataHandler@30e6a763, http://www.dbunit.org/properties/fetchSize=100, http://www.dbunit.org/properties/resultSetTableFactory=org.dbunit.database.CachedResultSetTableFactory@57ce634f, http://www.dbunit.org/features/datatypeWarning=true, http://www.dbunit.org/properties/escapePattern=null, http://www.dbunit.org/properties/allowVerifytabledefinitionExpectedtableCountMismatch=false}], _dataSet=AbstractDataSet[_orderedTableNameMap=null]]) - start
02:06:18.753 [main] DEBUG org.dbunit.operation.AbstractOperation - getQualifiedName(prefix=null, name=TB_TELEFONE_CLIENTE, connection=org.dbunit.database.DatabaseConnection[schema=null, connection=org.apache.derby.client.net.NetConnection@55e3d6c3, super=_databaseConfig=org.dbunit.database.DatabaseConfig[, _propertyMap={http://www.dbunit.org/features/qualifiedTableNames=false, http://www.dbunit.org/properties/tableType=[Ljava.lang.String;@518cf84a, http://www.dbunit.org/properties/batchSize=100, http://www.dbunit.org/properties/statementFactory=org.dbunit.database.statement.PreparedStatementFactory@62e7dffa, http://www.dbunit.org/features/batchedStatements=false, http://www.dbunit.org/features/caseSensitiveTableNames=false, http://www.dbunit.org/features/allowEmptyFields=false, http://www.dbunit.org/properties/datatypeFactory=org.dbunit.dataset.datatype.DefaultDataTypeFactory[_toleratedDeltaMap=org.dbunit.dataset.datatype.ToleratedDeltaMap@6edcd0d8], http://www.dbunit.org/properties/metadataHandler=org.dbunit.database.DefaultMetadataHandler@30e6a763, http://www.dbunit.org/properties/fetchSize=100, http://www.dbunit.org/properties/resultSetTableFactory=org.dbunit.database.CachedResultSetTableFactory@57ce634f, http://www.dbunit.org/features/datatypeWarning=true, http://www.dbunit.org/properties/escapePattern=null, http://www.dbunit.org/properties/allowVerifytabledefinitionExpectedtableCountMismatch=false}], _dataSet=AbstractDataSet[_orderedTableNameMap=null]]) - start
02:06:18.753 [main] DEBUG org.dbunit.util.QualifiedTableName - getQualifiedName() - start
02:06:18.753 [main] DEBUG org.dbunit.util.QualifiedTableName - getQualifiedName(prefix=null, name=TB_TELEFONE_CLIENTE, escapePattern=null) - start
02:06:18.753 [main] DEBUG org.dbunit.operation.AbstractOperation - getQualifiedName(prefix=null, name=ID_CLIENTE, connection=org.dbunit.database.DatabaseConnection[schema=null, connection=org.apache.derby.client.net.NetConnection@55e3d6c3, super=_databaseConfig=org.dbunit.database.DatabaseConfig[, _propertyMap={http://www.dbunit.org/features/qualifiedTableNames=false, http://www.dbunit.org/properties/tableType=[Ljava.lang.String;@518cf84a, http://www.dbunit.org/properties/batchSize=100, http://www.dbunit.org/properties/statementFactory=org.dbunit.database.statement.PreparedStatementFactory@62e7dffa, http://www.dbunit.org/features/batchedStatements=false, http://www.dbunit.org/features/caseSensitiveTableNames=false, http://www.dbunit.org/features/allowEmptyFields=false, http://www.dbunit.org/properties/datatypeFactory=org.dbunit.dataset.datatype.DefaultDataTypeFactory[_toleratedDeltaMap=org.dbunit.dataset.datatype.ToleratedDeltaMap@6edcd0d8], http://www.dbunit.org/properties/metadataHandler=org.dbunit.database.DefaultMetadataHandler@30e6a763, http://www.dbunit.org/properties/fetchSize=100, http://www.dbunit.org/properties/resultSetTableFactory=org.dbunit.database.CachedResultSetTableFactory@57ce634f, http://www.dbunit.org/features/datatypeWarning=true, http://www.dbunit.org/properties/escapePattern=null, http://www.dbunit.org/properties/allowVerifytabledefinitionExpectedtableCountMismatch=false}], _dataSet=AbstractDataSet[_orderedTableNameMap=null]]) - start
02:06:18.753 [main] DEBUG org.dbunit.util.QualifiedTableName - getQualifiedName() - start
02:06:18.753 [main] DEBUG org.dbunit.util.QualifiedTableName - getQualifiedName(prefix=null, name=ID_CLIENTE, escapePattern=null) - start
02:06:18.753 [main] DEBUG org.dbunit.operation.AbstractOperation - getQualifiedName(prefix=null, name=NUM_TELEFONE, connection=org.dbunit.database.DatabaseConnection[schema=null, connection=org.apache.derby.client.net.NetConnection@55e3d6c3, super=_databaseConfig=org.dbunit.database.DatabaseConfig[, _propertyMap={http://www.dbunit.org/features/qualifiedTableNames=false, http://www.dbunit.org/properties/tableType=[Ljava.lang.String;@518cf84a, http://www.dbunit.org/properties/batchSize=100, http://www.dbunit.org/properties/statementFactory=org.dbunit.database.statement.PreparedStatementFactory@62e7dffa, http://www.dbunit.org/features/batchedStatements=false, http://www.dbunit.org/features/caseSensitiveTableNames=false, http://www.dbunit.org/features/allowEmptyFields=false, http://www.dbunit.org/properties/datatypeFactory=org.dbunit.dataset.datatype.DefaultDataTypeFactory[_toleratedDeltaMap=org.dbunit.dataset.datatype.ToleratedDeltaMap@6edcd0d8], http://www.dbunit.org/properties/metadataHandler=org.dbunit.database.DefaultMetadataHandler@30e6a763, http://www.dbunit.org/properties/fetchSize=100, http://www.dbunit.org/properties/resultSetTableFactory=org.dbunit.database.CachedResultSetTableFactory@57ce634f, http://www.dbunit.org/features/datatypeWarning=true, http://www.dbunit.org/properties/escapePattern=null, http://www.dbunit.org/properties/allowVerifytabledefinitionExpectedtableCountMismatch=false}], _dataSet=AbstractDataSet[_orderedTableNameMap=null]]) - start
02:06:18.754 [main] DEBUG org.dbunit.util.QualifiedTableName - getQualifiedName() - start
02:06:18.754 [main] DEBUG org.dbunit.util.QualifiedTableName - getQualifiedName(prefix=null, name=NUM_TELEFONE, escapePattern=null) - start
02:06:18.754 [main] DEBUG org.dbunit.database.statement.PreparedStatementFactory - createPreparedBatchStatement(sql=insert into TB_TELEFONE_CLIENTE (ID_CLIENTE, NUM_TELEFONE) values (?, ?), connection=org.dbunit.database.DatabaseConnection[schema=null, connection=org.apache.derby.client.net.NetConnection@55e3d6c3, super=_databaseConfig=org.dbunit.database.DatabaseConfig[, _propertyMap={http://www.dbunit.org/features/qualifiedTableNames=false, http://www.dbunit.org/properties/tableType=[Ljava.lang.String;@518cf84a, http://www.dbunit.org/properties/batchSize=100, http://www.dbunit.org/properties/statementFactory=org.dbunit.database.statement.PreparedStatementFactory@62e7dffa, http://www.dbunit.org/features/batchedStatements=false, http://www.dbunit.org/features/caseSensitiveTableNames=false, http://www.dbunit.org/features/allowEmptyFields=false, http://www.dbunit.org/properties/datatypeFactory=org.dbunit.dataset.datatype.DefaultDataTypeFactory[_toleratedDeltaMap=org.dbunit.dataset.datatype.ToleratedDeltaMap@6edcd0d8], http://www.dbunit.org/properties/metadataHandler=org.dbunit.database.DefaultMetadataHandler@30e6a763, http://www.dbunit.org/properties/fetchSize=100, http://www.dbunit.org/properties/resultSetTableFactory=org.dbunit.database.CachedResultSetTableFactory@57ce634f, http://www.dbunit.org/features/datatypeWarning=true, http://www.dbunit.org/properties/escapePattern=null, http://www.dbunit.org/properties/allowVerifytabledefinitionExpectedtableCountMismatch=false}], _dataSet=AbstractDataSet[_orderedTableNameMap=null]]) - start
02:06:18.754 [main] DEBUG org.dbunit.database.statement.AbstractStatementFactory - supportBatchStatement(connection=org.dbunit.database.DatabaseConnection[schema=null, connection=org.apache.derby.client.net.NetConnection@55e3d6c3, super=_databaseConfig=org.dbunit.database.DatabaseConfig[, _propertyMap={http://www.dbunit.org/features/qualifiedTableNames=false, http://www.dbunit.org/properties/tableType=[Ljava.lang.String;@518cf84a, http://www.dbunit.org/properties/batchSize=100, http://www.dbunit.org/properties/statementFactory=org.dbunit.database.statement.PreparedStatementFactory@62e7dffa, http://www.dbunit.org/features/batchedStatements=false, http://www.dbunit.org/features/caseSensitiveTableNames=false, http://www.dbunit.org/features/allowEmptyFields=false, http://www.dbunit.org/properties/datatypeFactory=org.dbunit.dataset.datatype.DefaultDataTypeFactory[_toleratedDeltaMap=org.dbunit.dataset.datatype.ToleratedDeltaMap@6edcd0d8], http://www.dbunit.org/properties/metadataHandler=org.dbunit.database.DefaultMetadataHandler@30e6a763, http://www.dbunit.org/properties/fetchSize=100, http://www.dbunit.org/properties/resultSetTableFactory=org.dbunit.database.CachedResultSetTableFactory@57ce634f, http://www.dbunit.org/features/datatypeWarning=true, http://www.dbunit.org/properties/escapePattern=null, http://www.dbunit.org/properties/allowVerifytabledefinitionExpectedtableCountMismatch=false}], _dataSet=AbstractDataSet[_orderedTableNameMap=null]]) - start
02:06:18.756 [main] DEBUG org.dbunit.dataset.DefaultTable - getValue(row=0, column=ID_CLIENTE) - start
02:06:18.756 [main] DEBUG org.dbunit.dataset.AbstractTable - assertValidRowIndex(row=0) - start
02:06:18.756 [main] DEBUG org.dbunit.dataset.AbstractTable - assertValidRowIndex(row=0, rowCount=3) - start
02:06:18.756 [main] DEBUG org.dbunit.dataset.AbstractTable - getColumnIndex(columnName=ID_CLIENTE) - start
02:06:18.756 [main] DEBUG org.dbunit.dataset.AbstractTableMetaData - getColumnIndex(columnName=ID_CLIENTE) - start
02:06:18.756 [main] DEBUG org.dbunit.database.statement.AutomaticPreparedBatchStatement - addValue(value=1, dataType=BIGINT) - start
02:06:18.756 [main] DEBUG org.dbunit.database.statement.SimplePreparedStatement - addValue(value=1, dataType=BIGINT) - start
02:06:18.756 [main] DEBUG org.dbunit.dataset.datatype.BigIntegerDataType - setSqlValue(value=1, column=1, statement=org.apache.derby.client.am.ClientPreparedStatement42@2ff15f8c) - start
02:06:18.756 [main] DEBUG org.dbunit.dataset.datatype.BigIntegerDataType - typeCast(value=1) - start
02:06:18.756 [main] DEBUG org.dbunit.dataset.DefaultTable - getValue(row=0, column=NUM_TELEFONE) - start
02:06:18.756 [main] DEBUG org.dbunit.dataset.AbstractTable - assertValidRowIndex(row=0) - start
02:06:18.756 [main] DEBUG org.dbunit.dataset.AbstractTable - assertValidRowIndex(row=0, rowCount=3) - start
02:06:18.756 [main] DEBUG org.dbunit.dataset.AbstractTable - getColumnIndex(columnName=NUM_TELEFONE) - start
02:06:18.756 [main] DEBUG org.dbunit.dataset.AbstractTableMetaData - getColumnIndex(columnName=NUM_TELEFONE) - start
02:06:18.756 [main] DEBUG org.dbunit.database.statement.AutomaticPreparedBatchStatement - addValue(value=11-98765-4321, dataType=VARCHAR) - start
02:06:18.756 [main] DEBUG org.dbunit.database.statement.SimplePreparedStatement - addValue(value=11-98765-4321, dataType=VARCHAR) - start
02:06:18.756 [main] DEBUG org.dbunit.dataset.datatype.StringDataType - setSqlValue(value=11-98765-4321, column=2, statement=org.apache.derby.client.am.ClientPreparedStatement42@2ff15f8c) - start
02:06:18.756 [main] DEBUG org.dbunit.dataset.datatype.DataType - asString(value=11-98765-4321) - start
02:06:18.756 [main] DEBUG org.dbunit.dataset.datatype.StringDataType - typeCast(value=11-98765-4321) - start
02:06:18.756 [main] DEBUG org.dbunit.database.statement.AutomaticPreparedBatchStatement - addBatch() - start
02:06:18.756 [main] DEBUG org.dbunit.database.statement.SimplePreparedStatement - addBatch() - start
02:06:18.757 [main] DEBUG org.dbunit.operation.InsertOperation - equalsIgnoreMapping(ignoreMapping={}, table=org.dbunit.dataset.DefaultTable[_metaData=tableName=TB_TELEFONE_CLIENTE, columns=[(ID_CLIENTE, UNKNOWN, nullableUnknown), (NUM_TELEFONE, UNKNOWN, nullableUnknown)], keys=[], _rowList.size()=3], row=1) - start
02:06:18.757 [main] DEBUG org.dbunit.dataset.DefaultTable - getValue(row=1, column=ID_CLIENTE) - start
02:06:18.757 [main] DEBUG org.dbunit.dataset.AbstractTable - assertValidRowIndex(row=1) - start
02:06:18.757 [main] DEBUG org.dbunit.dataset.AbstractTable - assertValidRowIndex(row=1, rowCount=3) - start
02:06:18.757 [main] DEBUG org.dbunit.dataset.AbstractTable - getColumnIndex(columnName=ID_CLIENTE) - start
02:06:18.757 [main] DEBUG org.dbunit.dataset.AbstractTableMetaData - getColumnIndex(columnName=ID_CLIENTE) - start
02:06:18.757 [main] DEBUG org.dbunit.dataset.DefaultTable - getValue(row=1, column=NUM_TELEFONE) - start
02:06:18.757 [main] DEBUG org.dbunit.dataset.AbstractTable - assertValidRowIndex(row=1) - start
02:06:18.757 [main] DEBUG org.dbunit.dataset.AbstractTable - assertValidRowIndex(row=1, rowCount=3) - start
02:06:18.757 [main] DEBUG org.dbunit.dataset.AbstractTable - getColumnIndex(columnName=NUM_TELEFONE) - start
02:06:18.757 [main] DEBUG org.dbunit.dataset.AbstractTableMetaData - getColumnIndex(columnName=NUM_TELEFONE) - start
02:06:18.757 [main] DEBUG org.dbunit.dataset.DefaultTable - getValue(row=1, column=ID_CLIENTE) - start
02:06:18.757 [main] DEBUG org.dbunit.dataset.AbstractTable - assertValidRowIndex(row=1) - start
02:06:18.757 [main] DEBUG org.dbunit.dataset.AbstractTable - assertValidRowIndex(row=1, rowCount=3) - start
02:06:18.757 [main] DEBUG org.dbunit.dataset.AbstractTable - getColumnIndex(columnName=ID_CLIENTE) - start
02:06:18.757 [main] DEBUG org.dbunit.dataset.AbstractTableMetaData - getColumnIndex(columnName=ID_CLIENTE) - start
02:06:18.757 [main] DEBUG org.dbunit.database.statement.AutomaticPreparedBatchStatement - addValue(value=1, dataType=BIGINT) - start
02:06:18.757 [main] DEBUG org.dbunit.database.statement.SimplePreparedStatement - addValue(value=1, dataType=BIGINT) - start
02:06:18.757 [main] DEBUG org.dbunit.dataset.datatype.BigIntegerDataType - setSqlValue(value=1, column=1, statement=org.apache.derby.client.am.ClientPreparedStatement42@2ff15f8c) - start
02:06:18.757 [main] DEBUG org.dbunit.dataset.datatype.BigIntegerDataType - typeCast(value=1) - start
02:06:18.757 [main] DEBUG org.dbunit.dataset.DefaultTable - getValue(row=1, column=NUM_TELEFONE) - start
02:06:18.757 [main] DEBUG org.dbunit.dataset.AbstractTable - assertValidRowIndex(row=1) - start
02:06:18.757 [main] DEBUG org.dbunit.dataset.AbstractTable - assertValidRowIndex(row=1, rowCount=3) - start
02:06:18.757 [main] DEBUG org.dbunit.dataset.AbstractTable - getColumnIndex(columnName=NUM_TELEFONE) - start
02:06:18.757 [main] DEBUG org.dbunit.dataset.AbstractTableMetaData - getColumnIndex(columnName=NUM_TELEFONE) - start
02:06:18.757 [main] DEBUG org.dbunit.database.statement.AutomaticPreparedBatchStatement - addValue(value=11-91234-5678, dataType=VARCHAR) - start
02:06:18.757 [main] DEBUG org.dbunit.database.statement.SimplePreparedStatement - addValue(value=11-91234-5678, dataType=VARCHAR) - start
02:06:18.757 [main] DEBUG org.dbunit.dataset.datatype.StringDataType - setSqlValue(value=11-91234-5678, column=2, statement=org.apache.derby.client.am.ClientPreparedStatement42@2ff15f8c) - start
02:06:18.757 [main] DEBUG org.dbunit.dataset.datatype.DataType - asString(value=11-91234-5678) - start
02:06:18.757 [main] DEBUG org.dbunit.dataset.datatype.StringDataType - typeCast(value=11-91234-5678) - start
02:06:18.757 [main] DEBUG org.dbunit.database.statement.AutomaticPreparedBatchStatement - addBatch() - start
02:06:18.757 [main] DEBUG org.dbunit.database.statement.SimplePreparedStatement - addBatch() - start
02:06:18.757 [main] DEBUG org.dbunit.operation.InsertOperation - equalsIgnoreMapping(ignoreMapping={}, table=org.dbunit.dataset.DefaultTable[_metaData=tableName=TB_TELEFONE_CLIENTE, columns=[(ID_CLIENTE, UNKNOWN, nullableUnknown), (NUM_TELEFONE, UNKNOWN, nullableUnknown)], keys=[], _rowList.size()=3], row=2) - start
02:06:18.757 [main] DEBUG org.dbunit.dataset.DefaultTable - getValue(row=2, column=ID_CLIENTE) - start
02:06:18.757 [main] DEBUG org.dbunit.dataset.AbstractTable - assertValidRowIndex(row=2) - start
02:06:18.757 [main] DEBUG org.dbunit.dataset.AbstractTable - assertValidRowIndex(row=2, rowCount=3) - start
02:06:18.757 [main] DEBUG org.dbunit.dataset.AbstractTable - getColumnIndex(columnName=ID_CLIENTE) - start
02:06:18.757 [main] DEBUG org.dbunit.dataset.AbstractTableMetaData - getColumnIndex(columnName=ID_CLIENTE) - start
02:06:18.757 [main] DEBUG org.dbunit.dataset.DefaultTable - getValue(row=2, column=NUM_TELEFONE) - start
02:06:18.757 [main] DEBUG org.dbunit.dataset.AbstractTable - assertValidRowIndex(row=2) - start
02:06:18.757 [main] DEBUG org.dbunit.dataset.AbstractTable - assertValidRowIndex(row=2, rowCount=3) - start
02:06:18.757 [main] DEBUG org.dbunit.dataset.AbstractTable - getColumnIndex(columnName=NUM_TELEFONE) - start
02:06:18.757 [main] DEBUG org.dbunit.dataset.AbstractTableMetaData - getColumnIndex(columnName=NUM_TELEFONE) - start
02:06:18.757 [main] DEBUG org.dbunit.dataset.DefaultTable - getValue(row=2, column=ID_CLIENTE) - start
02:06:18.757 [main] DEBUG org.dbunit.dataset.AbstractTable - assertValidRowIndex(row=2) - start
02:06:18.757 [main] DEBUG org.dbunit.dataset.AbstractTable - assertValidRowIndex(row=2, rowCount=3) - start
02:06:18.757 [main] DEBUG org.dbunit.dataset.AbstractTable - getColumnIndex(columnName=ID_CLIENTE) - start
02:06:18.757 [main] DEBUG org.dbunit.dataset.AbstractTableMetaData - getColumnIndex(columnName=ID_CLIENTE) - start
02:06:18.757 [main] DEBUG org.dbunit.database.statement.AutomaticPreparedBatchStatement - addValue(value=2, dataType=BIGINT) - start
02:06:18.757 [main] DEBUG org.dbunit.database.statement.SimplePreparedStatement - addValue(value=2, dataType=BIGINT) - start
02:06:18.757 [main] DEBUG org.dbunit.dataset.datatype.BigIntegerDataType - setSqlValue(value=2, column=1, statement=org.apache.derby.client.am.ClientPreparedStatement42@2ff15f8c) - start
02:06:18.757 [main] DEBUG org.dbunit.dataset.datatype.BigIntegerDataType - typeCast(value=2) - start
02:06:18.757 [main] DEBUG org.dbunit.dataset.DefaultTable - getValue(row=2, column=NUM_TELEFONE) - start
02:06:18.757 [main] DEBUG org.dbunit.dataset.AbstractTable - assertValidRowIndex(row=2) - start
02:06:18.757 [main] DEBUG org.dbunit.dataset.AbstractTable - assertValidRowIndex(row=2, rowCount=3) - start
02:06:18.757 [main] DEBUG org.dbunit.dataset.AbstractTable - getColumnIndex(columnName=NUM_TELEFONE) - start
02:06:18.758 [main] DEBUG org.dbunit.dataset.AbstractTableMetaData - getColumnIndex(columnName=NUM_TELEFONE) - start
02:06:18.758 [main] DEBUG org.dbunit.database.statement.AutomaticPreparedBatchStatement - addValue(value=21-98765-1234, dataType=VARCHAR) - start
02:06:18.758 [main] DEBUG org.dbunit.database.statement.SimplePreparedStatement - addValue(value=21-98765-1234, dataType=VARCHAR) - start
02:06:18.758 [main] DEBUG org.dbunit.dataset.datatype.StringDataType - setSqlValue(value=21-98765-1234, column=2, statement=org.apache.derby.client.am.ClientPreparedStatement42@2ff15f8c) - start
02:06:18.758 [main] DEBUG org.dbunit.dataset.datatype.DataType - asString(value=21-98765-1234) - start
02:06:18.758 [main] DEBUG org.dbunit.dataset.datatype.StringDataType - typeCast(value=21-98765-1234) - start
02:06:18.758 [main] DEBUG org.dbunit.database.statement.AutomaticPreparedBatchStatement - addBatch() - start
02:06:18.758 [main] DEBUG org.dbunit.database.statement.SimplePreparedStatement - addBatch() - start
02:06:18.758 [main] DEBUG org.dbunit.operation.InsertOperation - equalsIgnoreMapping(ignoreMapping={}, table=org.dbunit.dataset.DefaultTable[_metaData=tableName=TB_TELEFONE_CLIENTE, columns=[(ID_CLIENTE, UNKNOWN, nullableUnknown), (NUM_TELEFONE, UNKNOWN, nullableUnknown)], keys=[], _rowList.size()=3], row=3) - start
02:06:18.758 [main] DEBUG org.dbunit.dataset.DefaultTable - getValue(row=3, column=ID_CLIENTE) - start
02:06:18.758 [main] DEBUG org.dbunit.dataset.AbstractTable - assertValidRowIndex(row=3) - start
02:06:18.758 [main] DEBUG org.dbunit.dataset.AbstractTable - assertValidRowIndex(row=3, rowCount=3) - start
02:06:18.758 [main] DEBUG org.dbunit.database.statement.AutomaticPreparedBatchStatement - executeBatch() - start
02:06:18.758 [main] DEBUG org.dbunit.database.statement.SimplePreparedStatement - executeBatch() - start
02:06:18.758 [main] DEBUG org.dbunit.database.statement.SimplePreparedStatement - clearBatch() - start
02:06:18.758 [main] DEBUG org.dbunit.database.statement.AutomaticPreparedBatchStatement - clearBatch() - start
02:06:18.758 [main] DEBUG org.dbunit.database.statement.SimplePreparedStatement - clearBatch() - start
02:06:18.758 [main] DEBUG org.dbunit.database.statement.AutomaticPreparedBatchStatement - close() - start
02:06:18.758 [main] DEBUG org.dbunit.database.statement.AbstractPreparedBatchStatement - close() - start
02:06:18.758 [main] DEBUG org.dbunit.dataset.DefaultTableIterator - getTable() - start
02:06:18.758 [main] DEBUG org.dbunit.operation.AbstractBatchOperation - isEmpty(table=org.dbunit.dataset.DefaultTable[_metaData=tableName=TB_PROJETO, columns=[(ID_PROJETO, UNKNOWN, nullableUnknown), (NOME_PROJETO, UNKNOWN, nullableUnknown), (DESCRICAO_PROJETO, UNKNOWN, nullableUnknown), (ID_CLIENTE, UNKNOWN, nullableUnknown), (ID_CALENDARIO, UNKNOWN, nullableUnknown)], keys=[], _rowList.size()=4]) - start
02:06:18.758 [main] DEBUG org.dbunit.dataset.DefaultTable - getValue(row=0, column=ID_PROJETO) - start
02:06:18.758 [main] DEBUG org.dbunit.dataset.AbstractTable - assertValidRowIndex(row=0) - start
02:06:18.758 [main] DEBUG org.dbunit.dataset.AbstractTable - assertValidRowIndex(row=0, rowCount=4) - start
02:06:18.758 [main] DEBUG org.dbunit.dataset.AbstractTable - getColumnIndex(columnName=ID_PROJETO) - start
02:06:18.758 [main] DEBUG org.dbunit.dataset.AbstractTableMetaData - getColumnIndex(columnName=ID_PROJETO) - start
02:06:18.758 [main] DEBUG org.dbunit.operation.AbstractOperation - getOperationMetaData(connection=org.dbunit.database.DatabaseConnection[schema=null, connection=org.apache.derby.client.net.NetConnection@55e3d6c3, super=_databaseConfig=org.dbunit.database.DatabaseConfig[, _propertyMap={http://www.dbunit.org/features/qualifiedTableNames=false, http://www.dbunit.org/properties/tableType=[Ljava.lang.String;@518cf84a, http://www.dbunit.org/properties/batchSize=100, http://www.dbunit.org/properties/statementFactory=org.dbunit.database.statement.PreparedStatementFactory@62e7dffa, http://www.dbunit.org/features/batchedStatements=false, http://www.dbunit.org/features/caseSensitiveTableNames=false, http://www.dbunit.org/features/allowEmptyFields=false, http://www.dbunit.org/properties/datatypeFactory=org.dbunit.dataset.datatype.DefaultDataTypeFactory[_toleratedDeltaMap=org.dbunit.dataset.datatype.ToleratedDeltaMap@6edcd0d8], http://www.dbunit.org/properties/metadataHandler=org.dbunit.database.DefaultMetadataHandler@30e6a763, http://www.dbunit.org/properties/fetchSize=100, http://www.dbunit.org/properties/resultSetTableFactory=org.dbunit.database.CachedResultSetTableFactory@57ce634f, http://www.dbunit.org/features/datatypeWarning=true, http://www.dbunit.org/properties/escapePattern=null, http://www.dbunit.org/properties/allowVerifytabledefinitionExpectedtableCountMismatch=false}], _dataSet=AbstractDataSet[_orderedTableNameMap=null]], metaData=tableName=TB_PROJETO, columns=[(ID_PROJETO, UNKNOWN, nullableUnknown), (NOME_PROJETO, UNKNOWN, nullableUnknown), (DESCRICAO_PROJETO, UNKNOWN, nullableUnknown), (ID_CLIENTE, UNKNOWN, nullableUnknown), (ID_CALENDARIO, UNKNOWN, nullableUnknown)], keys=[]) - start
02:06:18.758 [main] DEBUG org.dbunit.database.AbstractDatabaseConnection - createDataSet() - start
02:06:18.758 [main] DEBUG org.dbunit.database.DatabaseDataSet - getTableMetaData(tableName=TB_PROJETO) - start
02:06:18.758 [main] DEBUG org.dbunit.database.DatabaseDataSet - initialize() - start
02:06:18.758 [main] DEBUG org.dbunit.dataset.OrderedTableNameMap - getTableName(tableName=TB_PROJETO) - start
02:06:18.758 [main] DEBUG org.dbunit.dataset.OrderedTableNameMap - getTableName(tableName=TB_PROJETO) - end - result=TB_PROJETO
02:06:18.758 [main] DEBUG org.dbunit.dataset.OrderedTableNameMap - getTableName(tableName=TB_PROJETO) - start
02:06:18.758 [main] DEBUG org.dbunit.dataset.OrderedTableNameMap - getTableName(tableName=TB_PROJETO) - end - result=TB_PROJETO
02:06:18.758 [main] DEBUG org.dbunit.dataset.AbstractTableMetaData - getColumnIndex(columnName=ID_PROJETO) - start
02:06:18.758 [main] DEBUG org.dbunit.database.DatabaseTableMetaData - getColumns() - start
02:06:18.758 [main] DEBUG org.dbunit.database.DatabaseTableMetaData - getColumns() - start
02:06:18.758 [main] DEBUG org.dbunit.dataset.AbstractTableMetaData - getColumnIndex(columnName=NOME_PROJETO) - start
02:06:18.758 [main] DEBUG org.dbunit.database.DatabaseTableMetaData - getColumns() - start
02:06:18.758 [main] DEBUG org.dbunit.dataset.AbstractTableMetaData - getColumnIndex(columnName=DESCRICAO_PROJETO) - start
02:06:18.758 [main] DEBUG org.dbunit.database.DatabaseTableMetaData - getColumns() - start
02:06:18.758 [main] DEBUG org.dbunit.dataset.AbstractTableMetaData - getColumnIndex(columnName=ID_CLIENTE) - start
02:06:18.758 [main] DEBUG org.dbunit.database.DatabaseTableMetaData - getColumns() - start
02:06:18.758 [main] DEBUG org.dbunit.dataset.AbstractTableMetaData - getColumnIndex(columnName=ID_CALENDARIO) - start
02:06:18.758 [main] DEBUG org.dbunit.database.DatabaseTableMetaData - getColumns() - start
02:06:18.758 [main] DEBUG org.dbunit.database.DatabaseTableMetaData - getPrimaryKeys() - start
02:06:18.758 [main] DEBUG org.dbunit.operation.InsertOperation - getIgnoreMapping(table=org.dbunit.dataset.DefaultTable[_metaData=tableName=TB_PROJETO, columns=[(ID_PROJETO, UNKNOWN, nullableUnknown), (NOME_PROJETO, UNKNOWN, nullableUnknown), (DESCRICAO_PROJETO, UNKNOWN, nullableUnknown), (ID_CLIENTE, UNKNOWN, nullableUnknown), (ID_CALENDARIO, UNKNOWN, nullableUnknown)], keys=[], _rowList.size()=4], row=0) - start
02:06:18.758 [main] DEBUG org.dbunit.dataset.DefaultTable - getValue(row=0, column=ID_PROJETO) - start
02:06:18.758 [main] DEBUG org.dbunit.dataset.AbstractTable - assertValidRowIndex(row=0) - start
02:06:18.758 [main] DEBUG org.dbunit.dataset.AbstractTable - assertValidRowIndex(row=0, rowCount=4) - start
02:06:18.758 [main] DEBUG org.dbunit.dataset.AbstractTable - getColumnIndex(columnName=ID_PROJETO) - start
02:06:18.758 [main] DEBUG org.dbunit.dataset.AbstractTableMetaData - getColumnIndex(columnName=ID_PROJETO) - start
02:06:18.758 [main] DEBUG org.dbunit.dataset.DefaultTable - getValue(row=0, column=NOME_PROJETO) - start
02:06:18.758 [main] DEBUG org.dbunit.dataset.AbstractTable - assertValidRowIndex(row=0) - start
02:06:18.758 [main] DEBUG org.dbunit.dataset.AbstractTable - assertValidRowIndex(row=0, rowCount=4) - start
02:06:18.758 [main] DEBUG org.dbunit.dataset.AbstractTable - getColumnIndex(columnName=NOME_PROJETO) - start
02:06:18.758 [main] DEBUG org.dbunit.dataset.AbstractTableMetaData - getColumnIndex(columnName=NOME_PROJETO) - start
02:06:18.758 [main] DEBUG org.dbunit.dataset.DefaultTable - getValue(row=0, column=DESCRICAO_PROJETO) - start
02:06:18.758 [main] DEBUG org.dbunit.dataset.AbstractTable - assertValidRowIndex(row=0) - start
02:06:18.758 [main] DEBUG org.dbunit.dataset.AbstractTable - assertValidRowIndex(row=0, rowCount=4) - start
02:06:18.758 [main] DEBUG org.dbunit.dataset.AbstractTable - getColumnIndex(columnName=DESCRICAO_PROJETO) - start
02:06:18.758 [main] DEBUG org.dbunit.dataset.AbstractTableMetaData - getColumnIndex(columnName=DESCRICAO_PROJETO) - start
02:06:18.758 [main] DEBUG org.dbunit.dataset.DefaultTable - getValue(row=0, column=ID_CLIENTE) - start
02:06:18.758 [main] DEBUG org.dbunit.dataset.AbstractTable - assertValidRowIndex(row=0) - start
02:06:18.758 [main] DEBUG org.dbunit.dataset.AbstractTable - assertValidRowIndex(row=0, rowCount=4) - start
02:06:18.758 [main] DEBUG org.dbunit.dataset.AbstractTable - getColumnIndex(columnName=ID_CLIENTE) - start
02:06:18.758 [main] DEBUG org.dbunit.dataset.AbstractTableMetaData - getColumnIndex(columnName=ID_CLIENTE) - start
02:06:18.758 [main] DEBUG org.dbunit.dataset.DefaultTable - getValue(row=0, column=ID_CALENDARIO) - start
02:06:18.758 [main] DEBUG org.dbunit.dataset.AbstractTable - assertValidRowIndex(row=0) - start
02:06:18.758 [main] DEBUG org.dbunit.dataset.AbstractTable - assertValidRowIndex(row=0, rowCount=4) - start
02:06:18.758 [main] DEBUG org.dbunit.dataset.AbstractTable - getColumnIndex(columnName=ID_CALENDARIO) - start
02:06:18.758 [main] DEBUG org.dbunit.dataset.AbstractTableMetaData - getColumnIndex(columnName=ID_CALENDARIO) - start
02:06:18.758 [main] DEBUG org.dbunit.operation.InsertOperation - getOperationData(metaData=tableName=TB_PROJETO, columns=[(ID_PROJETO, BIGINT, noNulls), (NOME_PROJETO, VARCHAR, noNulls), (DESCRICAO_PROJETO, VARCHAR, noNulls), (ID_CLIENTE, BIGINT, noNulls), (ID_CALENDARIO, BIGINT, noNulls)], keys=[(ID_PROJETO, BIGINT, noNulls)], ignoreMapping={}, connection=org.dbunit.database.DatabaseConnection[schema=null, connection=org.apache.derby.client.net.NetConnection@55e3d6c3, super=_databaseConfig=org.dbunit.database.DatabaseConfig[, _propertyMap={http://www.dbunit.org/features/qualifiedTableNames=false, http://www.dbunit.org/properties/tableType=[Ljava.lang.String;@518cf84a, http://www.dbunit.org/properties/batchSize=100, http://www.dbunit.org/properties/statementFactory=org.dbunit.database.statement.PreparedStatementFactory@62e7dffa, http://www.dbunit.org/features/batchedStatements=false, http://www.dbunit.org/features/caseSensitiveTableNames=false, http://www.dbunit.org/features/allowEmptyFields=false, http://www.dbunit.org/properties/datatypeFactory=org.dbunit.dataset.datatype.DefaultDataTypeFactory[_toleratedDeltaMap=org.dbunit.dataset.datatype.ToleratedDeltaMap@6edcd0d8], http://www.dbunit.org/properties/metadataHandler=org.dbunit.database.DefaultMetadataHandler@30e6a763, http://www.dbunit.org/properties/fetchSize=100, http://www.dbunit.org/properties/resultSetTableFactory=org.dbunit.database.CachedResultSetTableFactory@57ce634f, http://www.dbunit.org/features/datatypeWarning=true, http://www.dbunit.org/properties/escapePattern=null, http://www.dbunit.org/properties/allowVerifytabledefinitionExpectedtableCountMismatch=false}], _dataSet=AbstractDataSet[_orderedTableNameMap=null]]) - start
02:06:18.758 [main] DEBUG org.dbunit.operation.AbstractOperation - getQualifiedName(prefix=null, name=TB_PROJETO, connection=org.dbunit.database.DatabaseConnection[schema=null, connection=org.apache.derby.client.net.NetConnection@55e3d6c3, super=_databaseConfig=org.dbunit.database.DatabaseConfig[, _propertyMap={http://www.dbunit.org/features/qualifiedTableNames=false, http://www.dbunit.org/properties/tableType=[Ljava.lang.String;@518cf84a, http://www.dbunit.org/properties/batchSize=100, http://www.dbunit.org/properties/statementFactory=org.dbunit.database.statement.PreparedStatementFactory@62e7dffa, http://www.dbunit.org/features/batchedStatements=false, http://www.dbunit.org/features/caseSensitiveTableNames=false, http://www.dbunit.org/features/allowEmptyFields=false, http://www.dbunit.org/properties/datatypeFactory=org.dbunit.dataset.datatype.DefaultDataTypeFactory[_toleratedDeltaMap=org.dbunit.dataset.datatype.ToleratedDeltaMap@6edcd0d8], http://www.dbunit.org/properties/metadataHandler=org.dbunit.database.DefaultMetadataHandler@30e6a763, http://www.dbunit.org/properties/fetchSize=100, http://www.dbunit.org/properties/resultSetTableFactory=org.dbunit.database.CachedResultSetTableFactory@57ce634f, http://www.dbunit.org/features/datatypeWarning=true, http://www.dbunit.org/properties/escapePattern=null, http://www.dbunit.org/properties/allowVerifytabledefinitionExpectedtableCountMismatch=false}], _dataSet=AbstractDataSet[_orderedTableNameMap=null]]) - start
02:06:18.758 [main] DEBUG org.dbunit.util.QualifiedTableName - getQualifiedName() - start
02:06:18.758 [main] DEBUG org.dbunit.util.QualifiedTableName - getQualifiedName(prefix=null, name=TB_PROJETO, escapePattern=null) - start
02:06:18.758 [main] DEBUG org.dbunit.operation.AbstractOperation - getQualifiedName(prefix=null, name=ID_PROJETO, connection=org.dbunit.database.DatabaseConnection[schema=null, connection=org.apache.derby.client.net.NetConnection@55e3d6c3, super=_databaseConfig=org.dbunit.database.DatabaseConfig[, _propertyMap={http://www.dbunit.org/features/qualifiedTableNames=false, http://www.dbunit.org/properties/tableType=[Ljava.lang.String;@518cf84a, http://www.dbunit.org/properties/batchSize=100, http://www.dbunit.org/properties/statementFactory=org.dbunit.database.statement.PreparedStatementFactory@62e7dffa, http://www.dbunit.org/features/batchedStatements=false, http://www.dbunit.org/features/caseSensitiveTableNames=false, http://www.dbunit.org/features/allowEmptyFields=false, http://www.dbunit.org/properties/datatypeFactory=org.dbunit.dataset.datatype.DefaultDataTypeFactory[_toleratedDeltaMap=org.dbunit.dataset.datatype.ToleratedDeltaMap@6edcd0d8], http://www.dbunit.org/properties/metadataHandler=org.dbunit.database.DefaultMetadataHandler@30e6a763, http://www.dbunit.org/properties/fetchSize=100, http://www.dbunit.org/properties/resultSetTableFactory=org.dbunit.database.CachedResultSetTableFactory@57ce634f, http://www.dbunit.org/features/datatypeWarning=true, http://www.dbunit.org/properties/escapePattern=null, http://www.dbunit.org/properties/allowVerifytabledefinitionExpectedtableCountMismatch=false}], _dataSet=AbstractDataSet[_orderedTableNameMap=null]]) - start
02:06:18.758 [main] DEBUG org.dbunit.util.QualifiedTableName - getQualifiedName() - start
02:06:18.758 [main] DEBUG org.dbunit.util.QualifiedTableName - getQualifiedName(prefix=null, name=ID_PROJETO, escapePattern=null) - start
02:06:18.758 [main] DEBUG org.dbunit.operation.AbstractOperation - getQualifiedName(prefix=null, name=NOME_PROJETO, connection=org.dbunit.database.DatabaseConnection[schema=null, connection=org.apache.derby.client.net.NetConnection@55e3d6c3, super=_databaseConfig=org.dbunit.database.DatabaseConfig[, _propertyMap={http://www.dbunit.org/features/qualifiedTableNames=false, http://www.dbunit.org/properties/tableType=[Ljava.lang.String;@518cf84a, http://www.dbunit.org/properties/batchSize=100, http://www.dbunit.org/properties/statementFactory=org.dbunit.database.statement.PreparedStatementFactory@62e7dffa, http://www.dbunit.org/features/batchedStatements=false, http://www.dbunit.org/features/caseSensitiveTableNames=false, http://www.dbunit.org/features/allowEmptyFields=false, http://www.dbunit.org/properties/datatypeFactory=org.dbunit.dataset.datatype.DefaultDataTypeFactory[_toleratedDeltaMap=org.dbunit.dataset.datatype.ToleratedDeltaMap@6edcd0d8], http://www.dbunit.org/properties/metadataHandler=org.dbunit.database.DefaultMetadataHandler@30e6a763, http://www.dbunit.org/properties/fetchSize=100, http://www.dbunit.org/properties/resultSetTableFactory=org.dbunit.database.CachedResultSetTableFactory@57ce634f, http://www.dbunit.org/features/datatypeWarning=true, http://www.dbunit.org/properties/escapePattern=null, http://www.dbunit.org/properties/allowVerifytabledefinitionExpectedtableCountMismatch=false}], _dataSet=AbstractDataSet[_orderedTableNameMap=null]]) - start
02:06:18.759 [main] DEBUG org.dbunit.util.QualifiedTableName - getQualifiedName() - start
02:06:18.759 [main] DEBUG org.dbunit.util.QualifiedTableName - getQualifiedName(prefix=null, name=NOME_PROJETO, escapePattern=null) - start
02:06:18.759 [main] DEBUG org.dbunit.operation.AbstractOperation - getQualifiedName(prefix=null, name=DESCRICAO_PROJETO, connection=org.dbunit.database.DatabaseConnection[schema=null, connection=org.apache.derby.client.net.NetConnection@55e3d6c3, super=_databaseConfig=org.dbunit.database.DatabaseConfig[, _propertyMap={http://www.dbunit.org/features/qualifiedTableNames=false, http://www.dbunit.org/properties/tableType=[Ljava.lang.String;@518cf84a, http://www.dbunit.org/properties/batchSize=100, http://www.dbunit.org/properties/statementFactory=org.dbunit.database.statement.PreparedStatementFactory@62e7dffa, http://www.dbunit.org/features/batchedStatements=false, http://www.dbunit.org/features/caseSensitiveTableNames=false, http://www.dbunit.org/features/allowEmptyFields=false, http://www.dbunit.org/properties/datatypeFactory=org.dbunit.dataset.datatype.DefaultDataTypeFactory[_toleratedDeltaMap=org.dbunit.dataset.datatype.ToleratedDeltaMap@6edcd0d8], http://www.dbunit.org/properties/metadataHandler=org.dbunit.database.DefaultMetadataHandler@30e6a763, http://www.dbunit.org/properties/fetchSize=100, http://www.dbunit.org/properties/resultSetTableFactory=org.dbunit.database.CachedResultSetTableFactory@57ce634f, http://www.dbunit.org/features/datatypeWarning=true, http://www.dbunit.org/properties/escapePattern=null, http://www.dbunit.org/properties/allowVerifytabledefinitionExpectedtableCountMismatch=false}], _dataSet=AbstractDataSet[_orderedTableNameMap=null]]) - start
02:06:18.759 [main] DEBUG org.dbunit.util.QualifiedTableName - getQualifiedName() - start
02:06:18.759 [main] DEBUG org.dbunit.util.QualifiedTableName - getQualifiedName(prefix=null, name=DESCRICAO_PROJETO, escapePattern=null) - start
02:06:18.759 [main] DEBUG org.dbunit.operation.AbstractOperation - getQualifiedName(prefix=null, name=ID_CLIENTE, connection=org.dbunit.database.DatabaseConnection[schema=null, connection=org.apache.derby.client.net.NetConnection@55e3d6c3, super=_databaseConfig=org.dbunit.database.DatabaseConfig[, _propertyMap={http://www.dbunit.org/features/qualifiedTableNames=false, http://www.dbunit.org/properties/tableType=[Ljava.lang.String;@518cf84a, http://www.dbunit.org/properties/batchSize=100, http://www.dbunit.org/properties/statementFactory=org.dbunit.database.statement.PreparedStatementFactory@62e7dffa, http://www.dbunit.org/features/batchedStatements=false, http://www.dbunit.org/features/caseSensitiveTableNames=false, http://www.dbunit.org/features/allowEmptyFields=false, http://www.dbunit.org/properties/datatypeFactory=org.dbunit.dataset.datatype.DefaultDataTypeFactory[_toleratedDeltaMap=org.dbunit.dataset.datatype.ToleratedDeltaMap@6edcd0d8], http://www.dbunit.org/properties/metadataHandler=org.dbunit.database.DefaultMetadataHandler@30e6a763, http://www.dbunit.org/properties/fetchSize=100, http://www.dbunit.org/properties/resultSetTableFactory=org.dbunit.database.CachedResultSetTableFactory@57ce634f, http://www.dbunit.org/features/datatypeWarning=true, http://www.dbunit.org/properties/escapePattern=null, http://www.dbunit.org/properties/allowVerifytabledefinitionExpectedtableCountMismatch=false}], _dataSet=AbstractDataSet[_orderedTableNameMap=null]]) - start
02:06:18.759 [main] DEBUG org.dbunit.util.QualifiedTableName - getQualifiedName() - start
02:06:18.759 [main] DEBUG org.dbunit.util.QualifiedTableName - getQualifiedName(prefix=null, name=ID_CLIENTE, escapePattern=null) - start
02:06:18.759 [main] DEBUG org.dbunit.operation.AbstractOperation - getQualifiedName(prefix=null, name=ID_CALENDARIO, connection=org.dbunit.database.DatabaseConnection[schema=null, connection=org.apache.derby.client.net.NetConnection@55e3d6c3, super=_databaseConfig=org.dbunit.database.DatabaseConfig[, _propertyMap={http://www.dbunit.org/features/qualifiedTableNames=false, http://www.dbunit.org/properties/tableType=[Ljava.lang.String;@518cf84a, http://www.dbunit.org/properties/batchSize=100, http://www.dbunit.org/properties/statementFactory=org.dbunit.database.statement.PreparedStatementFactory@62e7dffa, http://www.dbunit.org/features/batchedStatements=false, http://www.dbunit.org/features/caseSensitiveTableNames=false, http://www.dbunit.org/features/allowEmptyFields=false, http://www.dbunit.org/properties/datatypeFactory=org.dbunit.dataset.datatype.DefaultDataTypeFactory[_toleratedDeltaMap=org.dbunit.dataset.datatype.ToleratedDeltaMap@6edcd0d8], http://www.dbunit.org/properties/metadataHandler=org.dbunit.database.DefaultMetadataHandler@30e6a763, http://www.dbunit.org/properties/fetchSize=100, http://www.dbunit.org/properties/resultSetTableFactory=org.dbunit.database.CachedResultSetTableFactory@57ce634f, http://www.dbunit.org/features/datatypeWarning=true, http://www.dbunit.org/properties/escapePattern=null, http://www.dbunit.org/properties/allowVerifytabledefinitionExpectedtableCountMismatch=false}], _dataSet=AbstractDataSet[_orderedTableNameMap=null]]) - start
02:06:18.759 [main] DEBUG org.dbunit.util.QualifiedTableName - getQualifiedName() - start
02:06:18.759 [main] DEBUG org.dbunit.util.QualifiedTableName - getQualifiedName(prefix=null, name=ID_CALENDARIO, escapePattern=null) - start
02:06:18.759 [main] DEBUG org.dbunit.database.statement.PreparedStatementFactory - createPreparedBatchStatement(sql=insert into TB_PROJETO (ID_PROJETO, NOME_PROJETO, DESCRICAO_PROJETO, ID_CLIENTE, ID_CALENDARIO) values (?, ?, ?, ?, ?), connection=org.dbunit.database.DatabaseConnection[schema=null, connection=org.apache.derby.client.net.NetConnection@55e3d6c3, super=_databaseConfig=org.dbunit.database.DatabaseConfig[, _propertyMap={http://www.dbunit.org/features/qualifiedTableNames=false, http://www.dbunit.org/properties/tableType=[Ljava.lang.String;@518cf84a, http://www.dbunit.org/properties/batchSize=100, http://www.dbunit.org/properties/statementFactory=org.dbunit.database.statement.PreparedStatementFactory@62e7dffa, http://www.dbunit.org/features/batchedStatements=false, http://www.dbunit.org/features/caseSensitiveTableNames=false, http://www.dbunit.org/features/allowEmptyFields=false, http://www.dbunit.org/properties/datatypeFactory=org.dbunit.dataset.datatype.DefaultDataTypeFactory[_toleratedDeltaMap=org.dbunit.dataset.datatype.ToleratedDeltaMap@6edcd0d8], http://www.dbunit.org/properties/metadataHandler=org.dbunit.database.DefaultMetadataHandler@30e6a763, http://www.dbunit.org/properties/fetchSize=100, http://www.dbunit.org/properties/resultSetTableFactory=org.dbunit.database.CachedResultSetTableFactory@57ce634f, http://www.dbunit.org/features/datatypeWarning=true, http://www.dbunit.org/properties/escapePattern=null, http://www.dbunit.org/properties/allowVerifytabledefinitionExpectedtableCountMismatch=false}], _dataSet=AbstractDataSet[_orderedTableNameMap=null]]) - start
02:06:18.759 [main] DEBUG org.dbunit.database.statement.AbstractStatementFactory - supportBatchStatement(connection=org.dbunit.database.DatabaseConnection[schema=null, connection=org.apache.derby.client.net.NetConnection@55e3d6c3, super=_databaseConfig=org.dbunit.database.DatabaseConfig[, _propertyMap={http://www.dbunit.org/features/qualifiedTableNames=false, http://www.dbunit.org/properties/tableType=[Ljava.lang.String;@518cf84a, http://www.dbunit.org/properties/batchSize=100, http://www.dbunit.org/properties/statementFactory=org.dbunit.database.statement.PreparedStatementFactory@62e7dffa, http://www.dbunit.org/features/batchedStatements=false, http://www.dbunit.org/features/caseSensitiveTableNames=false, http://www.dbunit.org/features/allowEmptyFields=false, http://www.dbunit.org/properties/datatypeFactory=org.dbunit.dataset.datatype.DefaultDataTypeFactory[_toleratedDeltaMap=org.dbunit.dataset.datatype.ToleratedDeltaMap@6edcd0d8], http://www.dbunit.org/properties/metadataHandler=org.dbunit.database.DefaultMetadataHandler@30e6a763, http://www.dbunit.org/properties/fetchSize=100, http://www.dbunit.org/properties/resultSetTableFactory=org.dbunit.database.CachedResultSetTableFactory@57ce634f, http://www.dbunit.org/features/datatypeWarning=true, http://www.dbunit.org/properties/escapePattern=null, http://www.dbunit.org/properties/allowVerifytabledefinitionExpectedtableCountMismatch=false}], _dataSet=AbstractDataSet[_orderedTableNameMap=null]]) - start
02:06:18.761 [main] DEBUG org.dbunit.dataset.DefaultTable - getValue(row=0, column=ID_PROJETO) - start
02:06:18.761 [main] DEBUG org.dbunit.dataset.AbstractTable - assertValidRowIndex(row=0) - start
02:06:18.761 [main] DEBUG org.dbunit.dataset.AbstractTable - assertValidRowIndex(row=0, rowCount=4) - start
02:06:18.761 [main] DEBUG org.dbunit.dataset.AbstractTable - getColumnIndex(columnName=ID_PROJETO) - start
02:06:18.761 [main] DEBUG org.dbunit.dataset.AbstractTableMetaData - getColumnIndex(columnName=ID_PROJETO) - start
02:06:18.761 [main] DEBUG org.dbunit.database.statement.AutomaticPreparedBatchStatement - addValue(value=1, dataType=BIGINT) - start
02:06:18.761 [main] DEBUG org.dbunit.database.statement.SimplePreparedStatement - addValue(value=1, dataType=BIGINT) - start
02:06:18.761 [main] DEBUG org.dbunit.dataset.datatype.BigIntegerDataType - setSqlValue(value=1, column=1, statement=org.apache.derby.client.am.ClientPreparedStatement42@7ea899a9) - start
02:06:18.761 [main] DEBUG org.dbunit.dataset.datatype.BigIntegerDataType - typeCast(value=1) - start
02:06:18.761 [main] DEBUG org.dbunit.dataset.DefaultTable - getValue(row=0, column=NOME_PROJETO) - start
02:06:18.761 [main] DEBUG org.dbunit.dataset.AbstractTable - assertValidRowIndex(row=0) - start
02:06:18.761 [main] DEBUG org.dbunit.dataset.AbstractTable - assertValidRowIndex(row=0, rowCount=4) - start
02:06:18.761 [main] DEBUG org.dbunit.dataset.AbstractTable - getColumnIndex(columnName=NOME_PROJETO) - start
02:06:18.761 [main] DEBUG org.dbunit.dataset.AbstractTableMetaData - getColumnIndex(columnName=NOME_PROJETO) - start
02:06:18.761 [main] DEBUG org.dbunit.database.statement.AutomaticPreparedBatchStatement - addValue(value=Azure Cloud, dataType=VARCHAR) - start
02:06:18.761 [main] DEBUG org.dbunit.database.statement.SimplePreparedStatement - addValue(value=Azure Cloud, dataType=VARCHAR) - start
02:06:18.761 [main] DEBUG org.dbunit.dataset.datatype.StringDataType - setSqlValue(value=Azure Cloud, column=2, statement=org.apache.derby.client.am.ClientPreparedStatement42@7ea899a9) - start
02:06:18.761 [main] DEBUG org.dbunit.dataset.datatype.DataType - asString(value=Azure Cloud) - start
02:06:18.761 [main] DEBUG org.dbunit.dataset.datatype.StringDataType - typeCast(value=Azure Cloud) - start
02:06:18.761 [main] DEBUG org.dbunit.dataset.DefaultTable - getValue(row=0, column=DESCRICAO_PROJETO) - start
02:06:18.761 [main] DEBUG org.dbunit.dataset.AbstractTable - assertValidRowIndex(row=0) - start
02:06:18.761 [main] DEBUG org.dbunit.dataset.AbstractTable - assertValidRowIndex(row=0, rowCount=4) - start
02:06:18.761 [main] DEBUG org.dbunit.dataset.AbstractTable - getColumnIndex(columnName=DESCRICAO_PROJETO) - start
02:06:18.761 [main] DEBUG org.dbunit.dataset.AbstractTableMetaData - getColumnIndex(columnName=DESCRICAO_PROJETO) - start
02:06:18.761 [main] DEBUG org.dbunit.database.statement.AutomaticPreparedBatchStatement - addValue(value=Cloud platform development, dataType=VARCHAR) - start
02:06:18.761 [main] DEBUG org.dbunit.database.statement.SimplePreparedStatement - addValue(value=Cloud platform development, dataType=VARCHAR) - start
02:06:18.761 [main] DEBUG org.dbunit.dataset.datatype.StringDataType - setSqlValue(value=Cloud platform development, column=3, statement=org.apache.derby.client.am.ClientPreparedStatement42@7ea899a9) - start
02:06:18.761 [main] DEBUG org.dbunit.dataset.datatype.DataType - asString(value=Cloud platform development) - start
02:06:18.761 [main] DEBUG org.dbunit.dataset.datatype.StringDataType - typeCast(value=Cloud platform development) - start
02:06:18.761 [main] DEBUG org.dbunit.dataset.DefaultTable - getValue(row=0, column=ID_CLIENTE) - start
02:06:18.761 [main] DEBUG org.dbunit.dataset.AbstractTable - assertValidRowIndex(row=0) - start
02:06:18.761 [main] DEBUG org.dbunit.dataset.AbstractTable - assertValidRowIndex(row=0, rowCount=4) - start
02:06:18.761 [main] DEBUG org.dbunit.dataset.AbstractTable - getColumnIndex(columnName=ID_CLIENTE) - start
02:06:18.761 [main] DEBUG org.dbunit.dataset.AbstractTableMetaData - getColumnIndex(columnName=ID_CLIENTE) - start
02:06:18.761 [main] DEBUG org.dbunit.database.statement.AutomaticPreparedBatchStatement - addValue(value=1, dataType=BIGINT) - start
02:06:18.761 [main] DEBUG org.dbunit.database.statement.SimplePreparedStatement - addValue(value=1, dataType=BIGINT) - start
02:06:18.761 [main] DEBUG org.dbunit.dataset.datatype.BigIntegerDataType - setSqlValue(value=1, column=4, statement=org.apache.derby.client.am.ClientPreparedStatement42@7ea899a9) - start
02:06:18.761 [main] DEBUG org.dbunit.dataset.datatype.BigIntegerDataType - typeCast(value=1) - start
02:06:18.761 [main] DEBUG org.dbunit.dataset.DefaultTable - getValue(row=0, column=ID_CALENDARIO) - start
02:06:18.761 [main] DEBUG org.dbunit.dataset.AbstractTable - assertValidRowIndex(row=0) - start
02:06:18.761 [main] DEBUG org.dbunit.dataset.AbstractTable - assertValidRowIndex(row=0, rowCount=4) - start
02:06:18.761 [main] DEBUG org.dbunit.dataset.AbstractTable - getColumnIndex(columnName=ID_CALENDARIO) - start
02:06:18.761 [main] DEBUG org.dbunit.dataset.AbstractTableMetaData - getColumnIndex(columnName=ID_CALENDARIO) - start
02:06:18.761 [main] DEBUG org.dbunit.database.statement.AutomaticPreparedBatchStatement - addValue(value=null, dataType=BIGINT) - start
02:06:18.761 [main] DEBUG org.dbunit.database.statement.SimplePreparedStatement - addValue(value=null, dataType=BIGINT) - start
02:06:18.761 [main] DEBUG org.dbunit.dataset.datatype.AbstractDataType - getSqlType() - start
02:06:18.761 [main] DEBUG org.dbunit.database.statement.AutomaticPreparedBatchStatement - addBatch() - start
02:06:18.761 [main] DEBUG org.dbunit.database.statement.SimplePreparedStatement - addBatch() - start
02:06:18.762 [main] DEBUG org.dbunit.database.statement.AutomaticPreparedBatchStatement - close() - start
02:06:18.762 [main] DEBUG org.dbunit.database.statement.AbstractPreparedBatchStatement - close() - start
02:06:18.762 [main] DEBUG org.dbunit.database.DatabaseConnection - close() - start
[EL Fine]: connection: 2024-12-20 02:06:18.763--ServerSession(1488352537)--Connection(501650218)--Thread(Thread[main,5,main])--disconnect
[EL Fine]: connection: 2024-12-20 02:06:18.764--ServerSession(1488352537)--Thread(Thread[main,5,main])--/file:/C:/Users/NOTDXP_017/Documents/NetBeansProjects/GerenciamentoProjetosSC/target/classes/_carga_trabalho logout successful
[EL Fine]: connection: 2024-12-20 02:06:18.764--ServerSession(1488352537)--Connection(2055288499)--Thread(Thread[main,5,main])--disconnect
]]></system-out>
    <system-err><![CDATA[dez. 20, 2024 2:06:17 AM tests.GenericTest setUpClass
INFO: Inicializando EntityManagerFactory...
dez. 20, 2024 2:06:18 AM tests.GenericTest setUpClass
INFO: EntityManagerFactory inicializado com sucesso.
dez. 20, 2024 2:06:18 AM tests.GenericTest setUpClass
INFO: Inserindo dados de teste...
dez. 20, 2024 2:06:18 AM tests.GenericTest setUpClass
SEVERE: Erro ao inicializar EntityManagerFactory: Exception processing table name='TB_PROJETO'
dez. 20, 2024 2:06:18 AM tests.GenericTest tearDownClass
INFO: Fechando EntityManagerFactory...
dez. 20, 2024 2:06:18 AM tests.GenericTest tearDownClass
INFO: EntityManagerFactory fechado com sucesso.
]]></system-err>
  </testcase>
</testsuite>