<?xml version="1.0" encoding="UTF-8"?>
<testsuite xmlns:xsi="http://www.w3.org/2001/XMLSchema-instance" xsi:noNamespaceSchemaLocation="https://maven.apache.org/surefire/maven-surefire-plugin/xsd/surefire-test-report-3.0.xsd" version="3.0" name="tests.ClienteCrudTest" time="1.459" tests="4" errors="4" skipped="0" failures="0">
  <properties>
    <property name="java.specification.version" value="21"/>
    <property name="sun.cpu.isalist" value="amd64"/>
    <property name="sun.jnu.encoding" value="Cp1252"/>
    <property name="java.class.path" value="C:\Users\raulv\Desktop\CorporativoAtividade1\GerenciamentoProjetosSC\target\test-classes;C:\Users\raulv\Desktop\CorporativoAtividade1\GerenciamentoProjetosSC\target\classes;C:\Users\raulv\.m2\repository\org\eclipse\persistence\eclipselink\4.0.4\eclipselink-4.0.4.jar;C:\Users\raulv\.m2\repository\jakarta\persistence\jakarta.persistence-api\3.1.0\jakarta.persistence-api-3.1.0.jar;C:\Users\raulv\.m2\repository\jakarta\xml\bind\jakarta.xml.bind-api\4.0.2\jakarta.xml.bind-api-4.0.2.jar;C:\Users\raulv\.m2\repository\com\sun\xml\bind\jaxb-xjc\4.0.5\jaxb-xjc-4.0.5.jar;C:\Users\raulv\.m2\repository\com\sun\xml\bind\jaxb-core\4.0.5\jaxb-core-4.0.5.jar;C:\Users\raulv\.m2\repository\org\eclipse\angus\angus-activation\2.0.2\angus-activation-2.0.2.jar;C:\Users\raulv\.m2\repository\jakarta\activation\jakarta.activation-api\2.1.3\jakarta.activation-api-2.1.3.jar;C:\Users\raulv\.m2\repository\org\eclipse\persistence\org.eclipse.persistence.jpa\4.0.4\org.eclipse.persistence.jpa-4.0.4.jar;C:\Users\raulv\.m2\repository\org\eclipse\persistence\org.eclipse.persistence.asm\9.7.0\org.eclipse.persistence.asm-9.7.0.jar;C:\Users\raulv\.m2\repository\org\eclipse\persistence\org.eclipse.persistence.core\4.0.4\org.eclipse.persistence.core-4.0.4.jar;C:\Users\raulv\.m2\repository\org\eclipse\persistence\org.eclipse.persistence.jpa.jpql\4.0.4\org.eclipse.persistence.jpa.jpql-4.0.4.jar;C:\Users\raulv\.m2\repository\org\apache\derby\derbyclient\10.16.1.1\derbyclient-10.16.1.1.jar;C:\Users\raulv\.m2\repository\org\apache\derby\derbyshared\10.16.1.1\derbyshared-10.16.1.1.jar;C:\Users\raulv\.m2\repository\org\apache\derby\derbytools\10.16.1.1\derbytools-10.16.1.1.jar;C:\Users\raulv\.m2\repository\org\junit\jupiter\junit-jupiter-api\5.11.3\junit-jupiter-api-5.11.3.jar;C:\Users\raulv\.m2\repository\org\opentest4j\opentest4j\1.3.0\opentest4j-1.3.0.jar;C:\Users\raulv\.m2\repository\org\junit\platform\junit-platform-commons\1.11.3\junit-platform-commons-1.11.3.jar;C:\Users\raulv\.m2\repository\org\apiguardian\apiguardian-api\1.1.2\apiguardian-api-1.1.2.jar;C:\Users\raulv\.m2\repository\org\dbunit\dbunit\2.8.0\dbunit-2.8.0.jar;C:\Users\raulv\.m2\repository\org\yaml\snakeyaml\2.2\snakeyaml-2.2.jar;C:\Users\raulv\.m2\repository\org\postgresql\postgresql\42.3.1\postgresql-42.3.1.jar;C:\Users\raulv\.m2\repository\org\checkerframework\checker-qual\3.5.0\checker-qual-3.5.0.jar;C:\Users\raulv\.m2\repository\com\oracle\database\jdbc\ojdbc8\19.3.0.0\ojdbc8-19.3.0.0.jar;C:\Users\raulv\.m2\repository\com\oracle\database\jdbc\ucp\19.3.0.0\ucp-19.3.0.0.jar;C:\Users\raulv\.m2\repository\com\oracle\database\security\oraclepki\19.3.0.0\oraclepki-19.3.0.0.jar;C:\Users\raulv\.m2\repository\com\oracle\database\security\osdt_cert\19.3.0.0\osdt_cert-19.3.0.0.jar;C:\Users\raulv\.m2\repository\com\oracle\database\security\osdt_core\19.3.0.0\osdt_core-19.3.0.0.jar;C:\Users\raulv\.m2\repository\com\oracle\database\ha\simplefan\19.3.0.0\simplefan-19.3.0.0.jar;C:\Users\raulv\.m2\repository\com\oracle\database\ha\ons\19.3.0.0\ons-19.3.0.0.jar;C:\Users\raulv\.m2\repository\org\hibernate\validator\hibernate-validator\8.0.1.Final\hibernate-validator-8.0.1.Final.jar;C:\Users\raulv\.m2\repository\jakarta\validation\jakarta.validation-api\3.0.2\jakarta.validation-api-3.0.2.jar;C:\Users\raulv\.m2\repository\org\jboss\logging\jboss-logging\3.4.3.Final\jboss-logging-3.4.3.Final.jar;C:\Users\raulv\.m2\repository\com\fasterxml\classmate\1.5.1\classmate-1.5.1.jar;C:\Users\raulv\.m2\repository\org\glassfish\expressly\expressly\5.0.0\expressly-5.0.0.jar;C:\Users\raulv\.m2\repository\jakarta\el\jakarta.el-api\5.0.0\jakarta.el-api-5.0.0.jar;C:\Users\raulv\.m2\repository\org\slf4j\slf4j-api\1.7.32\slf4j-api-1.7.32.jar;C:\Users\raulv\.m2\repository\ch\qos\logback\logback-classic\1.2.6\logback-classic-1.2.6.jar;C:\Users\raulv\.m2\repository\ch\qos\logback\logback-core\1.2.6\logback-core-1.2.6.jar;"/>
    <property name="java.vm.vendor" value="Oracle Corporation"/>
    <property name="sun.arch.data.model" value="64"/>
    <property name="user.variant" value=""/>
    <property name="java.vendor.url" value="https://java.oracle.com/"/>
    <property name="user.timezone" value="America/Sao_Paulo"/>
    <property name="os.name" value="Windows 11"/>
    <property name="java.vm.specification.version" value="21"/>
    <property name="user.country" value="BR"/>
    <property name="sun.java.launcher" value="SUN_STANDARD"/>
    <property name="sun.boot.library.path" value="C:\Program Files\Java\jdk-21\bin"/>
    <property name="sun.java.command" value="C:\Users\raulv\AppData\Local\Temp\surefire1040753722097984723\surefirebooter-20241220132011121_3.jar C:\Users\raulv\AppData\Local\Temp\surefire1040753722097984723 2024-12-20T13-20-10_893-jvmRun1 surefire-20241220132011121_1tmp surefire_0-20241220132011121_2tmp"/>
    <property name="jdk.debug" value="release"/>
    <property name="surefire.test.class.path" value="C:\Users\raulv\Desktop\CorporativoAtividade1\GerenciamentoProjetosSC\target\test-classes;C:\Users\raulv\Desktop\CorporativoAtividade1\GerenciamentoProjetosSC\target\classes;C:\Users\raulv\.m2\repository\org\eclipse\persistence\eclipselink\4.0.4\eclipselink-4.0.4.jar;C:\Users\raulv\.m2\repository\jakarta\persistence\jakarta.persistence-api\3.1.0\jakarta.persistence-api-3.1.0.jar;C:\Users\raulv\.m2\repository\jakarta\xml\bind\jakarta.xml.bind-api\4.0.2\jakarta.xml.bind-api-4.0.2.jar;C:\Users\raulv\.m2\repository\com\sun\xml\bind\jaxb-xjc\4.0.5\jaxb-xjc-4.0.5.jar;C:\Users\raulv\.m2\repository\com\sun\xml\bind\jaxb-core\4.0.5\jaxb-core-4.0.5.jar;C:\Users\raulv\.m2\repository\org\eclipse\angus\angus-activation\2.0.2\angus-activation-2.0.2.jar;C:\Users\raulv\.m2\repository\jakarta\activation\jakarta.activation-api\2.1.3\jakarta.activation-api-2.1.3.jar;C:\Users\raulv\.m2\repository\org\eclipse\persistence\org.eclipse.persistence.jpa\4.0.4\org.eclipse.persistence.jpa-4.0.4.jar;C:\Users\raulv\.m2\repository\org\eclipse\persistence\org.eclipse.persistence.asm\9.7.0\org.eclipse.persistence.asm-9.7.0.jar;C:\Users\raulv\.m2\repository\org\eclipse\persistence\org.eclipse.persistence.core\4.0.4\org.eclipse.persistence.core-4.0.4.jar;C:\Users\raulv\.m2\repository\org\eclipse\persistence\org.eclipse.persistence.jpa.jpql\4.0.4\org.eclipse.persistence.jpa.jpql-4.0.4.jar;C:\Users\raulv\.m2\repository\org\apache\derby\derbyclient\10.16.1.1\derbyclient-10.16.1.1.jar;C:\Users\raulv\.m2\repository\org\apache\derby\derbyshared\10.16.1.1\derbyshared-10.16.1.1.jar;C:\Users\raulv\.m2\repository\org\apache\derby\derbytools\10.16.1.1\derbytools-10.16.1.1.jar;C:\Users\raulv\.m2\repository\org\junit\jupiter\junit-jupiter-api\5.11.3\junit-jupiter-api-5.11.3.jar;C:\Users\raulv\.m2\repository\org\opentest4j\opentest4j\1.3.0\opentest4j-1.3.0.jar;C:\Users\raulv\.m2\repository\org\junit\platform\junit-platform-commons\1.11.3\junit-platform-commons-1.11.3.jar;C:\Users\raulv\.m2\repository\org\apiguardian\apiguardian-api\1.1.2\apiguardian-api-1.1.2.jar;C:\Users\raulv\.m2\repository\org\dbunit\dbunit\2.8.0\dbunit-2.8.0.jar;C:\Users\raulv\.m2\repository\org\yaml\snakeyaml\2.2\snakeyaml-2.2.jar;C:\Users\raulv\.m2\repository\org\postgresql\postgresql\42.3.1\postgresql-42.3.1.jar;C:\Users\raulv\.m2\repository\org\checkerframework\checker-qual\3.5.0\checker-qual-3.5.0.jar;C:\Users\raulv\.m2\repository\com\oracle\database\jdbc\ojdbc8\19.3.0.0\ojdbc8-19.3.0.0.jar;C:\Users\raulv\.m2\repository\com\oracle\database\jdbc\ucp\19.3.0.0\ucp-19.3.0.0.jar;C:\Users\raulv\.m2\repository\com\oracle\database\security\oraclepki\19.3.0.0\oraclepki-19.3.0.0.jar;C:\Users\raulv\.m2\repository\com\oracle\database\security\osdt_cert\19.3.0.0\osdt_cert-19.3.0.0.jar;C:\Users\raulv\.m2\repository\com\oracle\database\security\osdt_core\19.3.0.0\osdt_core-19.3.0.0.jar;C:\Users\raulv\.m2\repository\com\oracle\database\ha\simplefan\19.3.0.0\simplefan-19.3.0.0.jar;C:\Users\raulv\.m2\repository\com\oracle\database\ha\ons\19.3.0.0\ons-19.3.0.0.jar;C:\Users\raulv\.m2\repository\org\hibernate\validator\hibernate-validator\8.0.1.Final\hibernate-validator-8.0.1.Final.jar;C:\Users\raulv\.m2\repository\jakarta\validation\jakarta.validation-api\3.0.2\jakarta.validation-api-3.0.2.jar;C:\Users\raulv\.m2\repository\org\jboss\logging\jboss-logging\3.4.3.Final\jboss-logging-3.4.3.Final.jar;C:\Users\raulv\.m2\repository\com\fasterxml\classmate\1.5.1\classmate-1.5.1.jar;C:\Users\raulv\.m2\repository\org\glassfish\expressly\expressly\5.0.0\expressly-5.0.0.jar;C:\Users\raulv\.m2\repository\jakarta\el\jakarta.el-api\5.0.0\jakarta.el-api-5.0.0.jar;C:\Users\raulv\.m2\repository\org\slf4j\slf4j-api\1.7.32\slf4j-api-1.7.32.jar;C:\Users\raulv\.m2\repository\ch\qos\logback\logback-classic\1.2.6\logback-classic-1.2.6.jar;C:\Users\raulv\.m2\repository\ch\qos\logback\logback-core\1.2.6\logback-core-1.2.6.jar;"/>
    <property name="sun.cpu.endian" value="little"/>
    <property name="user.home" value="C:\Users\raulv"/>
    <property name="user.language" value="pt"/>
    <property name="java.specification.vendor" value="Oracle Corporation"/>
    <property name="java.version.date" value="2024-07-16"/>
    <property name="java.home" value="C:\Program Files\Java\jdk-21"/>
    <property name="file.separator" value="\"/>
    <property name="basedir" value="C:\Users\raulv\Desktop\CorporativoAtividade1\GerenciamentoProjetosSC"/>
    <property name="java.vm.compressedOopsMode" value="Zero based"/>
    <property name="line.separator" value="&#10;"/>
    <property name="java.vm.specification.vendor" value="Oracle Corporation"/>
    <property name="java.specification.name" value="Java Platform API Specification"/>
    <property name="surefire.real.class.path" value="C:\Users\raulv\AppData\Local\Temp\surefire1040753722097984723\surefirebooter-20241220132011121_3.jar"/>
    <property name="user.script" value=""/>
    <property name="sun.management.compiler" value="HotSpot 64-Bit Tiered Compilers"/>
    <property name="java.runtime.version" value="21.0.4+8-LTS-274"/>
    <property name="user.name" value="raulv"/>
    <property name="stdout.encoding" value="Cp1252"/>
    <property name="path.separator" value=";"/>
    <property name="os.version" value="10.0"/>
    <property name="java.runtime.name" value="Java(TM) SE Runtime Environment"/>
    <property name="file.encoding" value="UTF-8"/>
    <property name="java.vm.name" value="Java HotSpot(TM) 64-Bit Server VM"/>
    <property name="maven.ext.class.path" value="C:\Users\raulv\Documents\netbeans\java\maven-nblib\netbeans-eventspy.jar"/>
    <property name="localRepository" value="C:\Users\raulv\.m2\repository"/>
    <property name="java.vendor.url.bug" value="https://bugreport.java.com/bugreport/"/>
    <property name="java.io.tmpdir" value="C:\Users\raulv\AppData\Local\Temp\"/>
    <property name="java.version" value="21.0.4"/>
    <property name="user.dir" value="C:\Users\raulv\Desktop\CorporativoAtividade1\GerenciamentoProjetosSC"/>
    <property name="os.arch" value="amd64"/>
    <property name="java.vm.specification.name" value="Java Virtual Machine Specification"/>
    <property name="sun.os.patch.level" value=""/>
    <property name="native.encoding" value="Cp1252"/>
    <property name="java.library.path" value="C:\Program Files\Java\jdk-21\bin;C:\WINDOWS\Sun\Java\bin;C:\WINDOWS\system32;C:\WINDOWS;C:\Program Files\Common Files\Oracle\Java\javapath;C:\Program Files (x86)\Common Files\Oracle\Java\java8path;C:\Program Files (x86)\Common Files\Oracle\Java\javapath;C:\Windows\system32;C:\Windows;C:\Windows\System32\Wbem;C:\Windows\System32\WindowsPowerShell\v1.0\;C:\Windows\System32\OpenSSH\;C:\Program Files (x86)\NVIDIA Corporation\PhysX\Common;C:\Program Files (x86)\dotnet\;C:\Program Files\Git\cmd;C:\WINDOWS\system32;C:\WINDOWS;C:\WINDOWS\System32\Wbem;C:\WINDOWS\System32\WindowsPowerShell\v1.0\;C:\WINDOWS\System32\OpenSSH\;C:\ProgramData\UNIVALI\Portugol Studio;C:\Users\raulv\projects\apache-maven-3.9.1\bin;C:\Program Files\dotnet\;C:\Program Files\Microsoft SQL Server\150\Tools\Binn\;C:\Program Files\Microsoft SQL Server\Client SDK\ODBC\170\Tools\Binn\;C:\MinGW\bin;C:\Program Files (x86)\BaseX\bin;C:\Program Files\Docker\Docker\resources\bin;C:\Program Files\NVIDIA Corporation\NVIDIA app\NvDLISR;C:\Program Files\nodejs\;C:\Users\raulv\AppData\Local\Programs\Python\Python312\Scripts\;C:\Users\raulv\AppData\Local\Programs\Python\Python312\;C:\Users\raulv\AppData\Local\Programs\Python\Launcher\;C:\Program Files\MySQL\MySQL Shell 8.0\bin\;C:\Users\raulv\AppData\Local\Programs\Python\Python311\Scripts\;C:\Users\raulv\AppData\Local\Programs\Python\Python311\;C:\Users\raulv\AppData\Local\Microsoft\WindowsApps;C:\Users\raulv\AppData\Local\GitHubDesktop\bin;C:\Program Files\JetBrains\IntelliJ IDEA Community Edition 2023.1\bin;;C:\Users\raulv\.dotnet\tools;C:\Users\raulv\AppData\Local\Programs\Microsoft VS Code\bin;C:\Users\raulv\AppData\Local\Microsoft\WinGet\Packages\Schniz.fnm_Microsoft.Winget.Source_8wekyb3d8bbwe;C:\Users\raulv\AppData\Roaming\npm;C:\Program Files\PostgreSQL\17\bin;;."/>
    <property name="java.vm.info" value="mixed mode, sharing"/>
    <property name="stderr.encoding" value="Cp1252"/>
    <property name="java.vendor" value="Oracle Corporation"/>
    <property name="java.vm.version" value="21.0.4+8-LTS-274"/>
    <property name="sun.io.unicode.encoding" value="UnicodeLittle"/>
    <property name="java.class.version" value="65.0"/>
  </properties>
  <testcase name="atualizarCliente" classname="tests.ClienteCrudTest" time="0.016">
    <error message="getSingleResult() did not retrieve any entities." type="jakarta.persistence.NoResultException"><![CDATA[jakarta.persistence.NoResultException: getSingleResult() did not retrieve any entities.
	at org.eclipse.persistence.internal.jpa.QueryImpl.throwNoResultException(QueryImpl.java:980)
	at org.eclipse.persistence.internal.jpa.QueryImpl.getSingleResult(QueryImpl.java:536)
	at org.eclipse.persistence.internal.jpa.EJBQueryImpl.getSingleResult(EJBQueryImpl.java:400)
	at tests.ClienteCrudTest.atualizarCliente(ClienteCrudTest.java:65)
	at java.base/java.lang.reflect.Method.invoke(Method.java:580)
	at java.base/java.util.ArrayList.forEach(ArrayList.java:1596)
	at java.base/java.util.ArrayList.forEach(ArrayList.java:1596)
]]></error>
    <system-out><![CDATA[[EL Fine]: moxy: 2024-12-20 13:20:16.1--Thread(Thread[#1,main,5,main])--SAXParserFactory instance: com.sun.org.apache.xerces.internal.jaxp.SAXParserFactoryImpl@2dd0f797
[EL Fine]: server: 2024-12-20 13:20:16.106--Thread(Thread[#1,main,5,main])--Configured server platform: org.eclipse.persistence.platform.server.NoServerPlatform
[EL Config]: metadata: 2024-12-20 13:20:16.196--ServerSession(1728465884)--Thread(Thread[#1,main,5,main])--The access type for the persistent class [class entities.Recurso] is set to [FIELD].
[EL Config]: metadata: 2024-12-20 13:20:16.198--ServerSession(1728465884)--Thread(Thread[#1,main,5,main])--The target entity (reference) class for the many to one mapping element [field projeto] is being defaulted to: class entities.Projeto.
[EL Config]: metadata: 2024-12-20 13:20:16.203--ServerSession(1728465884)--Thread(Thread[#1,main,5,main])--The access type for the persistent class [class entities.Cliente] is set to [FIELD].
[EL Config]: metadata: 2024-12-20 13:20:16.204--ServerSession(1728465884)--Thread(Thread[#1,main,5,main])--The target entity (reference) class for the one to many mapping element [field projetos] is being defaulted to: class entities.Projeto.
[EL Config]: metadata: 2024-12-20 13:20:16.205--ServerSession(1728465884)--Thread(Thread[#1,main,5,main])--The target class (reference) class for the element collection mapping element [field telefones] is being defaulted to: class java.lang.String.
[EL Config]: metadata: 2024-12-20 13:20:16.206--ServerSession(1728465884)--Thread(Thread[#1,main,5,main])--The access type for the persistent class [class entities.Documento] is set to [FIELD].
[EL Config]: metadata: 2024-12-20 13:20:16.206--ServerSession(1728465884)--Thread(Thread[#1,main,5,main])--The target entity (reference) class for the many to one mapping element [field projeto] is being defaulted to: class entities.Projeto.
[EL Config]: metadata: 2024-12-20 13:20:16.207--ServerSession(1728465884)--Thread(Thread[#1,main,5,main])--The access type for the persistent class [class entities.Projeto] is set to [FIELD].
[EL Config]: metadata: 2024-12-20 13:20:16.208--ServerSession(1728465884)--Thread(Thread[#1,main,5,main])--The target entity (reference) class for the many to one mapping element [field cliente] is being defaulted to: class entities.Cliente.
[EL Config]: metadata: 2024-12-20 13:20:16.208--ServerSession(1728465884)--Thread(Thread[#1,main,5,main])--The target entity (reference) class for the one to many mapping element [field documentos] is being defaulted to: class entities.Documento.
[EL Config]: metadata: 2024-12-20 13:20:16.208--ServerSession(1728465884)--Thread(Thread[#1,main,5,main])--The target entity (reference) class for the many to many mapping element [field departamentos] is being defaulted to: class entities.Departamento.
[EL Config]: metadata: 2024-12-20 13:20:16.208--ServerSession(1728465884)--Thread(Thread[#1,main,5,main])--The target entity (reference) class for the many to many mapping element [field fornecedores] is being defaulted to: class entities.Fornecedor.
[EL Config]: metadata: 2024-12-20 13:20:16.209--ServerSession(1728465884)--Thread(Thread[#1,main,5,main])--The target entity (reference) class for the one to one mapping element [field calendario] is being defaulted to: class entities.Calendario.
[EL Config]: metadata: 2024-12-20 13:20:16.209--ServerSession(1728465884)--Thread(Thread[#1,main,5,main])--The target entity (reference) class for the one to many mapping element [field recursos] is being defaulted to: class entities.Recurso.
[EL Config]: metadata: 2024-12-20 13:20:16.209--ServerSession(1728465884)--Thread(Thread[#1,main,5,main])--The target entity (reference) class for the one to one mapping element [field relatorio] is being defaulted to: class entities.Relatorio.
[EL Config]: metadata: 2024-12-20 13:20:16.21--ServerSession(1728465884)--Thread(Thread[#1,main,5,main])--The access type for the persistent class [class entities.Feriado] is set to [FIELD].
[EL Config]: metadata: 2024-12-20 13:20:16.21--ServerSession(1728465884)--Thread(Thread[#1,main,5,main])--The access type for the persistent class [class entities.Usuario] is set to [FIELD].
[EL Config]: metadata: 2024-12-20 13:20:16.211--ServerSession(1728465884)--Thread(Thread[#1,main,5,main])--The target entity (reference) class for the many to many mapping element [field perfis] is being defaulted to: class entities.Perfil.
[EL Config]: metadata: 2024-12-20 13:20:16.211--ServerSession(1728465884)--Thread(Thread[#1,main,5,main])--The target entity (reference) class for the one to many mapping element [field tarefas] is being defaulted to: class entities.Tarefa.
[EL Config]: metadata: 2024-12-20 13:20:16.212--ServerSession(1728465884)--Thread(Thread[#1,main,5,main])--The access type for the persistent class [class entities.Tarefa] is set to [FIELD].
[EL Config]: metadata: 2024-12-20 13:20:16.212--ServerSession(1728465884)--Thread(Thread[#1,main,5,main])--The target entity (reference) class for the many to one mapping element [field projeto] is being defaulted to: class entities.Projeto.
[EL Config]: metadata: 2024-12-20 13:20:16.212--ServerSession(1728465884)--Thread(Thread[#1,main,5,main])--The target entity (reference) class for the many to one mapping element [field usuarioResponsavel] is being defaulted to: class entities.Usuario.
[EL Config]: metadata: 2024-12-20 13:20:16.213--ServerSession(1728465884)--Thread(Thread[#1,main,5,main])--The access type for the persistent class [class entities.Relatorio] is set to [FIELD].
[EL Config]: metadata: 2024-12-20 13:20:16.214--ServerSession(1728465884)--Thread(Thread[#1,main,5,main])--The target entity (reference) class for the one to one mapping element [field projeto] is being defaulted to: class entities.Projeto.
[EL Config]: metadata: 2024-12-20 13:20:16.215--ServerSession(1728465884)--Thread(Thread[#1,main,5,main])--The access type for the persistent class [class entities.Fornecedor] is set to [FIELD].
[EL Config]: metadata: 2024-12-20 13:20:16.215--ServerSession(1728465884)--Thread(Thread[#1,main,5,main])--The target class (reference) class for the element collection mapping element [field enderecos] is being defaulted to: class java.lang.String.
[EL Config]: metadata: 2024-12-20 13:20:16.215--ServerSession(1728465884)--Thread(Thread[#1,main,5,main])--The target entity (reference) class for the many to many mapping element [field projetos] is being defaulted to: class entities.Projeto.
[EL Config]: metadata: 2024-12-20 13:20:16.217--ServerSession(1728465884)--Thread(Thread[#1,main,5,main])--The target class (reference) class for the element collection mapping element [field telefones] is being defaulted to: class java.lang.String.
[EL Config]: metadata: 2024-12-20 13:20:16.217--ServerSession(1728465884)--Thread(Thread[#1,main,5,main])--The access type for the persistent class [class entities.Departamento] is set to [FIELD].
[EL Config]: metadata: 2024-12-20 13:20:16.218--ServerSession(1728465884)--Thread(Thread[#1,main,5,main])--The target entity (reference) class for the many to many mapping element [field projetos] is being defaulted to: class entities.Projeto.
[EL Config]: metadata: 2024-12-20 13:20:16.219--ServerSession(1728465884)--Thread(Thread[#1,main,5,main])--The access type for the persistent class [class entities.Perfil] is set to [FIELD].
[EL Config]: metadata: 2024-12-20 13:20:16.219--ServerSession(1728465884)--Thread(Thread[#1,main,5,main])--The target entity (reference) class for the many to many mapping element [field usuarios] is being defaulted to: class entities.Usuario.
[EL Config]: metadata: 2024-12-20 13:20:16.22--ServerSession(1728465884)--Thread(Thread[#1,main,5,main])--The access type for the persistent class [class entities.Calendario] is set to [FIELD].
[EL Config]: metadata: 2024-12-20 13:20:16.221--ServerSession(1728465884)--Thread(Thread[#1,main,5,main])--The target entity (reference) class for the one to one mapping element [field projeto] is being defaulted to: class entities.Projeto.
[EL Config]: metadata: 2024-12-20 13:20:16.221--ServerSession(1728465884)--Thread(Thread[#1,main,5,main])--The alias name for the entity class [class entities.Recurso] is being defaulted to: Recurso.
[EL Config]: metadata: 2024-12-20 13:20:16.223--ServerSession(1728465884)--Thread(Thread[#1,main,5,main])--The alias name for the entity class [class entities.Cliente] is being defaulted to: Cliente.
[EL Config]: metadata: 2024-12-20 13:20:16.224--ServerSession(1728465884)--Thread(Thread[#1,main,5,main])--The alias name for the entity class [class entities.Documento] is being defaulted to: Documento.
[EL Config]: metadata: 2024-12-20 13:20:16.224--ServerSession(1728465884)--Thread(Thread[#1,main,5,main])--The alias name for the entity class [class entities.Projeto] is being defaulted to: Projeto.
[EL Config]: metadata: 2024-12-20 13:20:16.226--ServerSession(1728465884)--Thread(Thread[#1,main,5,main])--The alias name for the entity class [class entities.Feriado] is being defaulted to: Feriado.
[EL Config]: metadata: 2024-12-20 13:20:16.227--ServerSession(1728465884)--Thread(Thread[#1,main,5,main])--The alias name for the entity class [class entities.Usuario] is being defaulted to: Usuario.
[EL Config]: metadata: 2024-12-20 13:20:16.227--ServerSession(1728465884)--Thread(Thread[#1,main,5,main])--The alias name for the entity class [class entities.Tarefa] is being defaulted to: Tarefa.
[EL Config]: metadata: 2024-12-20 13:20:16.228--ServerSession(1728465884)--Thread(Thread[#1,main,5,main])--The alias name for the entity class [class entities.Relatorio] is being defaulted to: Relatorio.
[EL Config]: metadata: 2024-12-20 13:20:16.228--ServerSession(1728465884)--Thread(Thread[#1,main,5,main])--The alias name for the entity class [class entities.Fornecedor] is being defaulted to: Fornecedor.
[EL Config]: metadata: 2024-12-20 13:20:16.229--ServerSession(1728465884)--Thread(Thread[#1,main,5,main])--The alias name for the entity class [class entities.Departamento] is being defaulted to: Departamento.
[EL Config]: metadata: 2024-12-20 13:20:16.229--ServerSession(1728465884)--Thread(Thread[#1,main,5,main])--The alias name for the entity class [class entities.Perfil] is being defaulted to: Perfil.
[EL Config]: metadata: 2024-12-20 13:20:16.229--ServerSession(1728465884)--Thread(Thread[#1,main,5,main])--The alias name for the entity class [class entities.Calendario] is being defaulted to: Calendario.
[EL Config]: metadata: 2024-12-20 13:20:16.229--ServerSession(1728465884)--Thread(Thread[#1,main,5,main])--The primary key column name for the mapping element [field telefones] is being defaulted to: ID_CLIENTE.
[EL Config]: metadata: 2024-12-20 13:20:16.23--ServerSession(1728465884)--Thread(Thread[#1,main,5,main])--The primary key column name for the mapping element [field enderecos] is being defaulted to: ID_FORNECEDOR.
[EL Config]: metadata: 2024-12-20 13:20:16.231--ServerSession(1728465884)--Thread(Thread[#1,main,5,main])--The primary key column name for the mapping element [field telefones] is being defaulted to: ID_FORNECEDOR.
[EL Config]: metadata: 2024-12-20 13:20:16.231--ServerSession(1728465884)--Thread(Thread[#1,main,5,main])--The primary key column name for the mapping element [field projeto] is being defaulted to: ID_PROJETO.
[EL Config]: metadata: 2024-12-20 13:20:16.231--ServerSession(1728465884)--Thread(Thread[#1,main,5,main])--The primary key column name for the mapping element [field projeto] is being defaulted to: ID_PROJETO.
[EL Config]: metadata: 2024-12-20 13:20:16.232--ServerSession(1728465884)--Thread(Thread[#1,main,5,main])--The primary key column name for the mapping element [field cliente] is being defaulted to: ID_CLIENTE.
[EL Config]: metadata: 2024-12-20 13:20:16.232--ServerSession(1728465884)--Thread(Thread[#1,main,5,main])--The source primary key column name for the many to many mapping [field fornecedores] is being defaulted to: ID_PROJETO.
[EL Config]: metadata: 2024-12-20 13:20:16.232--ServerSession(1728465884)--Thread(Thread[#1,main,5,main])--The target primary key column name for the many to many mapping [field fornecedores] is being defaulted to: ID_FORNECEDOR.
[EL Config]: metadata: 2024-12-20 13:20:16.232--ServerSession(1728465884)--Thread(Thread[#1,main,5,main])--The primary key column name for the mapping element [field calendario] is being defaulted to: ID_CALENDARIO.
[EL Config]: metadata: 2024-12-20 13:20:16.233--ServerSession(1728465884)--Thread(Thread[#1,main,5,main])--The primary key column name for the mapping element [field relatorio] is being defaulted to: ID_RELATORIO.
[EL Config]: metadata: 2024-12-20 13:20:16.233--ServerSession(1728465884)--Thread(Thread[#1,main,5,main])--The source primary key column name for the many to many mapping [field perfis] is being defaulted to: ID_USUARIO.
[EL Config]: metadata: 2024-12-20 13:20:16.233--ServerSession(1728465884)--Thread(Thread[#1,main,5,main])--The target primary key column name for the many to many mapping [field perfis] is being defaulted to: ID_PERFIL.
[EL Config]: metadata: 2024-12-20 13:20:16.233--ServerSession(1728465884)--Thread(Thread[#1,main,5,main])--The primary key column name for the mapping element [field projeto] is being defaulted to: ID_PROJETO.
[EL Config]: metadata: 2024-12-20 13:20:16.234--ServerSession(1728465884)--Thread(Thread[#1,main,5,main])--The primary key column name for the mapping element [field usuarioResponsavel] is being defaulted to: ID_USUARIO.
[EL Config]: metadata: 2024-12-20 13:20:16.234--ServerSession(1728465884)--Thread(Thread[#1,main,5,main])--The source primary key column name for the many to many mapping [field projetos] is being defaulted to: ID_DEPARTAMENTO.
[EL Config]: metadata: 2024-12-20 13:20:16.234--ServerSession(1728465884)--Thread(Thread[#1,main,5,main])--The target primary key column name for the many to many mapping [field projetos] is being defaulted to: ID_PROJETO.
13:20:16.247 [main] DEBUG org.hibernate.validator.internal.xml.config.ValidationXmlParser - Trying to load META-INF/validation.xml for XML based Validator configuration.
13:20:16.248 [main] DEBUG org.hibernate.validator.internal.xml.config.ResourceLoaderHelper - Trying to load META-INF/validation.xml via user class loader
13:20:16.248 [main] DEBUG org.hibernate.validator.internal.xml.config.ResourceLoaderHelper - Trying to load META-INF/validation.xml via TCCL
13:20:16.248 [main] DEBUG org.hibernate.validator.internal.xml.config.ResourceLoaderHelper - Trying to load META-INF/validation.xml via Hibernate Validator's class loader
13:20:16.248 [main] DEBUG org.hibernate.validator.internal.xml.config.ValidationXmlParser - No META-INF/validation.xml found. Using annotation based configuration only.
13:20:16.248 [main] DEBUG org.hibernate.validator.internal.engine.resolver.TraversableResolvers - Found jakarta.persistence.Persistence on classpath containing 'getPersistenceUtil'. Assuming JPA 2 environment. Trying to instantiate JPA aware TraversableResolver
13:20:16.248 [main] DEBUG org.hibernate.validator.internal.engine.resolver.TraversableResolvers - Instantiated JPA aware TraversableResolver of type org.hibernate.validator.internal.engine.resolver.JPATraversableResolver.
13:20:16.248 [main] DEBUG org.hibernate.validator.messageinterpolation.ResourceBundleMessageInterpolator - Loaded expression factory via original TCCL
13:20:16.251 [main] DEBUG org.hibernate.validator.internal.engine.ValidatorFactoryConfigurationHelper - HV000252: Using org.hibernate.validator.internal.engine.DefaultPropertyNodeNameProvider as property node name provider.
13:20:16.252 [main] DEBUG org.hibernate.validator.internal.engine.ValidatorFactoryConfigurationHelper - HV000234: Using org.hibernate.validator.messageinterpolation.ResourceBundleMessageInterpolator as ValidatorFactory-scoped message interpolator.
13:20:16.252 [main] DEBUG org.hibernate.validator.internal.engine.ValidatorFactoryConfigurationHelper - HV000234: Using org.hibernate.validator.internal.engine.resolver.JPATraversableResolver as ValidatorFactory-scoped traversable resolver.
13:20:16.252 [main] DEBUG org.hibernate.validator.internal.engine.ValidatorFactoryConfigurationHelper - HV000234: Using org.hibernate.validator.internal.util.ExecutableParameterNameProvider as ValidatorFactory-scoped parameter name provider.
13:20:16.252 [main] DEBUG org.hibernate.validator.internal.engine.ValidatorFactoryConfigurationHelper - HV000234: Using org.hibernate.validator.internal.engine.DefaultClockProvider as ValidatorFactory-scoped clock provider.
13:20:16.252 [main] DEBUG org.hibernate.validator.internal.engine.ValidatorFactoryConfigurationHelper - HV000234: Using org.hibernate.validator.internal.engine.scripting.DefaultScriptEvaluatorFactory as ValidatorFactory-scoped script evaluator factory.
[EL Info]: 2024-12-20 13:20:16.254--ServerSession(1728465884)--Thread(Thread[#1,main,5,main])--EclipseLink, version: Eclipse Persistence Services - 4.0.4.v202407190748-059428cdd2583c46f1f3e50d235854840a6fa9a7
[EL Fine]: connection: 2024-12-20 13:20:16.254--ServerSession(1728465884)--Connection(1147545255)--Thread(Thread[#1,main,5,main])--connecting(DatabaseLogin(
	platform=>DerbyPlatform
	user name=> "adm"
	datasource URL=> "jdbc:derby://localhost:1527/carga_trabalho;create=true"
))
[EL Config]: connection: 2024-12-20 13:20:16.259--ServerSession(1728465884)--Connection(1117747481)--Thread(Thread[#1,main,5,main])--Connected: jdbc:derby://localhost:1527/carga_trabalho;create=true
	User: adm
	Database: Apache Derby  Version: 10.16.1.1 - (1901046)
	Driver: Apache Derby Network Client JDBC Driver  Version: 10.16.1.1 - (1901046)
[EL Warning]: metadata: 2024-12-20 13:20:16.259--ServerSession(1728465884)--Thread(Thread[#1,main,5,main])--Reverting the lazy setting on the OneToOne or ManyToOne attribute [projeto] for the entity class [class entities.Recurso] since weaving was not enabled or did not occur.
[EL Warning]: metadata: 2024-12-20 13:20:16.26--ServerSession(1728465884)--Thread(Thread[#1,main,5,main])--Reverting the lazy setting on the OneToOne or ManyToOne attribute [cliente] for the entity class [class entities.Projeto] since weaving was not enabled or did not occur.
[EL Warning]: metadata: 2024-12-20 13:20:16.26--ServerSession(1728465884)--Thread(Thread[#1,main,5,main])--Reverting the lazy setting on the OneToOne or ManyToOne attribute [calendario] for the entity class [class entities.Projeto] since weaving was not enabled or did not occur.
[EL Warning]: metadata: 2024-12-20 13:20:16.26--ServerSession(1728465884)--Thread(Thread[#1,main,5,main])--Reverting the lazy setting on the OneToOne or ManyToOne attribute [relatorio] for the entity class [class entities.Projeto] since weaving was not enabled or did not occur.
[EL Warning]: metadata: 2024-12-20 13:20:16.26--ServerSession(1728465884)--Thread(Thread[#1,main,5,main])--Reverting the lazy setting on the OneToOne or ManyToOne attribute [projeto] for the entity class [class entities.Tarefa] since weaving was not enabled or did not occur.
[EL Warning]: metadata: 2024-12-20 13:20:16.26--ServerSession(1728465884)--Thread(Thread[#1,main,5,main])--Reverting the lazy setting on the OneToOne or ManyToOne attribute [usuarioResponsavel] for the entity class [class entities.Tarefa] since weaving was not enabled or did not occur.
[EL Warning]: metadata: 2024-12-20 13:20:16.26--ServerSession(1728465884)--Thread(Thread[#1,main,5,main])--Reverting the lazy setting on the OneToOne or ManyToOne attribute [projeto] for the entity class [class entities.Documento] since weaving was not enabled or did not occur.
[EL Fine]: connection: 2024-12-20 13:20:16.266--ServerSession(1728465884)--Thread(Thread[#1,main,5,main])--/file:/C:/Users/raulv/Desktop/CorporativoAtividade1/GerenciamentoProjetosSC/target/classes/_carga_trabalho login successful
[EL Fine]: sql: 2024-12-20 13:20:16.268--ServerSession(1728465884)--Connection(1117747481)--Thread(Thread[#1,main,5,main])--ALTER TABLE TB_PROJETO DROP CONSTRAINT TBPROJETODRLATORIO
[EL Fine]: sql: 2024-12-20 13:20:16.274--ServerSession(1728465884)--Connection(1117747481)--Thread(Thread[#1,main,5,main])--ALTER TABLE TB_PROJETO DROP CONSTRAINT TBPRJETODCLENDARIO
[EL Fine]: sql: 2024-12-20 13:20:16.279--ServerSession(1728465884)--Connection(1117747481)--Thread(Thread[#1,main,5,main])--ALTER TABLE TB_PROJETO DROP CONSTRAINT TBPROJETOIDCLIENTE
[EL Fine]: sql: 2024-12-20 13:20:16.284--ServerSession(1728465884)--Connection(1117747481)--Thread(Thread[#1,main,5,main])--ALTER TABLE TB_TAREFA DROP CONSTRAINT TBTAREFAUSUARIO_ID
[EL Fine]: sql: 2024-12-20 13:20:16.29--ServerSession(1728465884)--Connection(1117747481)--Thread(Thread[#1,main,5,main])--ALTER TABLE TB_TAREFA DROP CONSTRAINT TBTAREFAID_PROJETO
[EL Fine]: sql: 2024-12-20 13:20:16.296--ServerSession(1728465884)--Connection(1117747481)--Thread(Thread[#1,main,5,main])--ALTER TABLE TB_RECURSO DROP CONSTRAINT TBRECURSOIDPROJETO
[EL Fine]: sql: 2024-12-20 13:20:16.311--ServerSession(1728465884)--Connection(1117747481)--Thread(Thread[#1,main,5,main])--ALTER TABLE TB_DOCUMENTO DROP CONSTRAINT TBDCUMENTODPROJETO
[EL Fine]: sql: 2024-12-20 13:20:16.317--ServerSession(1728465884)--Connection(1117747481)--Thread(Thread[#1,main,5,main])--ALTER TABLE TB_TELEFONE_CLIENTE DROP CONSTRAINT TBTLFNCLIENTEDCLNT
[EL Fine]: sql: 2024-12-20 13:20:16.323--ServerSession(1728465884)--Connection(1117747481)--Thread(Thread[#1,main,5,main])--ALTER TABLE TB_DEPARTAMENTO_PROJETO DROP CONSTRAINT TBDPRTMNTPDDPRTMNT
[EL Fine]: sql: 2024-12-20 13:20:16.329--ServerSession(1728465884)--Connection(1117747481)--Thread(Thread[#1,main,5,main])--ALTER TABLE TB_DEPARTAMENTO_PROJETO DROP CONSTRAINT TBDPRTMNTPRJTDPRJT
[EL Fine]: sql: 2024-12-20 13:20:16.335--ServerSession(1728465884)--Connection(1117747481)--Thread(Thread[#1,main,5,main])--ALTER TABLE TB_PROJETO_FORNECEDOR DROP CONSTRAINT TBPRJTFRNCDORDPRJT
[EL Fine]: sql: 2024-12-20 13:20:16.341--ServerSession(1728465884)--Connection(1117747481)--Thread(Thread[#1,main,5,main])--ALTER TABLE TB_PROJETO_FORNECEDOR DROP CONSTRAINT TBPRJTFRNCDDFRNCDR
[EL Fine]: sql: 2024-12-20 13:20:16.347--ServerSession(1728465884)--Connection(1117747481)--Thread(Thread[#1,main,5,main])--ALTER TABLE TB_TELEFONE_USUARIO DROP CONSTRAINT TBTLFNEUSUARIODSRO
[EL Fine]: sql: 2024-12-20 13:20:16.352--ServerSession(1728465884)--Connection(1117747481)--Thread(Thread[#1,main,5,main])--ALTER TABLE TB_USUARIO_PERFIL DROP CONSTRAINT TBSRIOPERFILDSARIO
[EL Fine]: sql: 2024-12-20 13:20:16.358--ServerSession(1728465884)--Connection(1117747481)--Thread(Thread[#1,main,5,main])--ALTER TABLE TB_USUARIO_PERFIL DROP CONSTRAINT TBSRIOPERFILDPRFIL
[EL Fine]: sql: 2024-12-20 13:20:16.364--ServerSession(1728465884)--Connection(1117747481)--Thread(Thread[#1,main,5,main])--DROP TABLE TB_CLIENTE
[EL Fine]: sql: 2024-12-20 13:20:16.371--ServerSession(1728465884)--Connection(1117747481)--Thread(Thread[#1,main,5,main])--DROP TABLE TB_PROJETO
[EL Fine]: sql: 2024-12-20 13:20:16.381--ServerSession(1728465884)--Connection(1117747481)--Thread(Thread[#1,main,5,main])--DROP TABLE TB_TAREFA
[EL Fine]: sql: 2024-12-20 13:20:16.388--ServerSession(1728465884)--Connection(1117747481)--Thread(Thread[#1,main,5,main])--DROP TABLE TB_RELATORIO
[EL Fine]: sql: 2024-12-20 13:20:16.396--ServerSession(1728465884)--Connection(1117747481)--Thread(Thread[#1,main,5,main])--DROP TABLE TB_Fornecedor
[EL Fine]: sql: 2024-12-20 13:20:16.406--ServerSession(1728465884)--Connection(1117747481)--Thread(Thread[#1,main,5,main])--DROP TABLE TB_DEPARTAMENTO
[EL Fine]: sql: 2024-12-20 13:20:16.415--ServerSession(1728465884)--Connection(1117747481)--Thread(Thread[#1,main,5,main])--DROP TABLE TB_RECURSO
[EL Fine]: sql: 2024-12-20 13:20:16.422--ServerSession(1728465884)--Connection(1117747481)--Thread(Thread[#1,main,5,main])--DROP TABLE TB_DOCUMENTO
[EL Fine]: sql: 2024-12-20 13:20:16.431--ServerSession(1728465884)--Connection(1117747481)--Thread(Thread[#1,main,5,main])--DROP TABLE TB_FERIADO
[EL Fine]: sql: 2024-12-20 13:20:16.444--ServerSession(1728465884)--Connection(1117747481)--Thread(Thread[#1,main,5,main])--DROP TABLE TB_USUARIO
[EL Fine]: sql: 2024-12-20 13:20:16.456--ServerSession(1728465884)--Connection(1117747481)--Thread(Thread[#1,main,5,main])--DROP TABLE TB_PERFIL
[EL Fine]: sql: 2024-12-20 13:20:16.466--ServerSession(1728465884)--Connection(1117747481)--Thread(Thread[#1,main,5,main])--DROP TABLE TB_CALENDARIO
[EL Fine]: sql: 2024-12-20 13:20:16.475--ServerSession(1728465884)--Connection(1117747481)--Thread(Thread[#1,main,5,main])--DROP TABLE TB_TELEFONE_CLIENTE
[EL Fine]: sql: 2024-12-20 13:20:16.48--ServerSession(1728465884)--Connection(1117747481)--Thread(Thread[#1,main,5,main])--DROP TABLE TB_DEPARTAMENTO_PROJETO
[EL Fine]: sql: 2024-12-20 13:20:16.487--ServerSession(1728465884)--Connection(1117747481)--Thread(Thread[#1,main,5,main])--DROP TABLE TB_PROJETO_FORNECEDOR
[EL Fine]: sql: 2024-12-20 13:20:16.496--ServerSession(1728465884)--Connection(1117747481)--Thread(Thread[#1,main,5,main])--DROP TABLE TB_TELEFONE_USUARIO
[EL Fine]: sql: 2024-12-20 13:20:16.503--ServerSession(1728465884)--Connection(1117747481)--Thread(Thread[#1,main,5,main])--DROP TABLE TB_USUARIO_PERFIL
[EL Fine]: sql: 2024-12-20 13:20:16.517--ServerSession(1728465884)--Connection(1117747481)--Thread(Thread[#1,main,5,main])--CREATE TABLE TB_CLIENTE (ID_CLIENTE BIGINT GENERATED BY DEFAULT AS IDENTITY NOT NULL, CNPJ_CLIENTE VARCHAR(20) NOT NULL, EMAIL_CLIENTE VARCHAR(50) NOT NULL, NOME_CLIENTE VARCHAR(70) NOT NULL, PRIMARY KEY (ID_CLIENTE))
[EL Fine]: sql: 2024-12-20 13:20:16.529--ServerSession(1728465884)--Connection(1117747481)--Thread(Thread[#1,main,5,main])--CREATE TABLE TB_PROJETO (ID_PROJETO BIGINT GENERATED BY DEFAULT AS IDENTITY NOT NULL, DESCRICAO_PROJETO VARCHAR(255) NOT NULL, NOME_PROJETO VARCHAR(255) NOT NULL UNIQUE, ID_CLIENTE BIGINT NOT NULL, ID_CALENDARIO BIGINT NOT NULL, ID_RELATORIO BIGINT NOT NULL, PRIMARY KEY (ID_PROJETO))
[EL Fine]: sql: 2024-12-20 13:20:16.546--ServerSession(1728465884)--Connection(1117747481)--Thread(Thread[#1,main,5,main])--CREATE TABLE TB_TAREFA (ID_TAREFA BIGINT GENERATED BY DEFAULT AS IDENTITY NOT NULL, DATA_FIM_TAREFA DATE, DATA_INICIO_TAREFA DATE NOT NULL, DESCRICAO_TAREFA VARCHAR(500), NOME_TAREFA VARCHAR(255) NOT NULL, PRIORIDADE_TAREFA VARCHAR(50) NOT NULL, TIPO_STATUS VARCHAR(50) NOT NULL, ID_PROJETO BIGINT NOT NULL, USUARIO_ID BIGINT NOT NULL, PRIMARY KEY (ID_TAREFA))
[EL Fine]: sql: 2024-12-20 13:20:16.559--ServerSession(1728465884)--Connection(1117747481)--Thread(Thread[#1,main,5,main])--CREATE TABLE TB_RELATORIO (ID_RELATORIO BIGINT GENERATED BY DEFAULT AS IDENTITY NOT NULL, AUTOR_RELATORIO VARCHAR(255) NOT NULL, CONTEUDO_RELATORIO VARCHAR(255) NOT NULL, DATA_CRIACAO_RELATORIO DATE NOT NULL, DESCRICAO_RELATORIO VARCHAR(255) NOT NULL, TITULO_RELATORIO VARCHAR(255) NOT NULL, PRIMARY KEY (ID_RELATORIO))
[EL Fine]: sql: 2024-12-20 13:20:16.572--ServerSession(1728465884)--Connection(1117747481)--Thread(Thread[#1,main,5,main])--CREATE TABLE TB_Fornecedor (ID_FORNECEDOR BIGINT GENERATED BY DEFAULT AS IDENTITY NOT NULL, CNPJ_FORNECEDOR VARCHAR(18) NOT NULL, DATA_CADASTRO DATE, DESCRICAO VARCHAR(255), EMAIL_FORNECEDOR VARCHAR(255) NOT NULL, NOME_FORNECEDOR VARCHAR(255) NOT NULL, TIPO_FORNECEDOR VARCHAR(25) NOT NULL, TIPO_STATUS VARCHAR(40) NOT NULL, PRIMARY KEY (ID_FORNECEDOR))
[EL Fine]: sql: 2024-12-20 13:20:16.583--ServerSession(1728465884)--Connection(1117747481)--Thread(Thread[#1,main,5,main])--CREATE TABLE TB_DEPARTAMENTO (ID_DEPARTAMENTO BIGINT GENERATED BY DEFAULT AS IDENTITY NOT NULL, NOME_DEPARTAMENTO VARCHAR(50) NOT NULL, PRIMARY KEY (ID_DEPARTAMENTO))
[EL Fine]: sql: 2024-12-20 13:20:16.594--ServerSession(1728465884)--Connection(1117747481)--Thread(Thread[#1,main,5,main])--CREATE TABLE TB_RECURSO (ID_RECURSO BIGINT GENERATED BY DEFAULT AS IDENTITY NOT NULL, CUSTO_RECURSO FLOAT NOT NULL, NOME_RECURSO VARCHAR(255) NOT NULL, QUANTIDADE_RECURSO INTEGER NOT NULL, TIPO_RECURSO VARCHAR(50) NOT NULL, ID_PROJETO BIGINT NOT NULL, PRIMARY KEY (ID_RECURSO))
[EL Fine]: sql: 2024-12-20 13:20:16.605--ServerSession(1728465884)--Connection(1117747481)--Thread(Thread[#1,main,5,main])--CREATE TABLE TB_DOCUMENTO (ID_DOCUMENTO BIGINT GENERATED BY DEFAULT AS IDENTITY NOT NULL, AUTOR_DOCUMENTO VARCHAR(50) NOT NULL, CAMINHO_ARQUIVO_DOCUMENTO VARCHAR(255) NOT NULL, DATA_CRIACAO_DOCUMENTO DATE NOT NULL, TIPO_DOCUMENTO VARCHAR(50) NOT NULL, TITULO_DOCUMENTO VARCHAR(255) NOT NULL, ID_PROJETO BIGINT NOT NULL, PRIMARY KEY (ID_DOCUMENTO))
[EL Fine]: sql: 2024-12-20 13:20:16.617--ServerSession(1728465884)--Connection(1117747481)--Thread(Thread[#1,main,5,main])--CREATE TABLE TB_FERIADO (ID_FERIADO BIGINT GENERATED BY DEFAULT AS IDENTITY NOT NULL, DATA_FERIADO DATE NOT NULL UNIQUE, NOME_FERIADO VARCHAR(50) NOT NULL UNIQUE, TIPO_FERIADO VARCHAR(20) NOT NULL, PRIMARY KEY (ID_FERIADO))
[EL Fine]: sql: 2024-12-20 13:20:16.638--ServerSession(1728465884)--Connection(1117747481)--Thread(Thread[#1,main,5,main])--CREATE TABLE TB_USUARIO (ID_USUARIO BIGINT GENERATED BY DEFAULT AS IDENTITY NOT NULL, EMAIL_USUARIO VARCHAR(255) NOT NULL UNIQUE, NOME_USUARIO VARCHAR(255) NOT NULL, SENHA_USUARIO VARCHAR(255) NOT NULL, PRIMARY KEY (ID_USUARIO))
[EL Fine]: sql: 2024-12-20 13:20:16.654--ServerSession(1728465884)--Connection(1117747481)--Thread(Thread[#1,main,5,main])--CREATE TABLE TB_PERFIL (ID_PERFIL BIGINT GENERATED BY DEFAULT AS IDENTITY NOT NULL, NOME_PERFIL VARCHAR(100) NOT NULL, PRIMARY KEY (ID_PERFIL))
[EL Fine]: sql: 2024-12-20 13:20:16.665--ServerSession(1728465884)--Connection(1117747481)--Thread(Thread[#1,main,5,main])--CREATE TABLE TB_CALENDARIO (ID_CALENDARIO BIGINT GENERATED BY DEFAULT AS IDENTITY NOT NULL, DATA_FIM DATE NOT NULL, DATA_INICIO DATE NOT NULL, HORAS_TOTAIS INTEGER NOT NULL, PRIMARY KEY (ID_CALENDARIO))
[EL Fine]: sql: 2024-12-20 13:20:16.677--ServerSession(1728465884)--Connection(1117747481)--Thread(Thread[#1,main,5,main])--CREATE TABLE TB_TELEFONE_CLIENTE (ID_CLIENTE BIGINT NOT NULL, NUM_TELEFONE VARCHAR(20) NOT NULL)
[EL Fine]: sql: 2024-12-20 13:20:16.686--ServerSession(1728465884)--Connection(1117747481)--Thread(Thread[#1,main,5,main])--CREATE TABLE TB_DEPARTAMENTO_PROJETO (ID_PROJETO BIGINT NOT NULL, ID_DEPARTAMENTO BIGINT NOT NULL, PRIMARY KEY (ID_PROJETO, ID_DEPARTAMENTO))
[EL Fine]: sql: 2024-12-20 13:20:16.698--ServerSession(1728465884)--Connection(1117747481)--Thread(Thread[#1,main,5,main])--CREATE TABLE TB_PROJETO_FORNECEDOR (ID_PROJETO BIGINT NOT NULL, ID_FORNECEDOR BIGINT NOT NULL, PRIMARY KEY (ID_PROJETO, ID_FORNECEDOR))
[EL Fine]: sql: 2024-12-20 13:20:16.715--ServerSession(1728465884)--Connection(1117747481)--Thread(Thread[#1,main,5,main])--CREATE TABLE TB_TELEFONE_USUARIO (ID_USUARIO BIGINT NOT NULL, ENDERECO VARCHAR(255) NOT NULL, NUM_TELEFONE VARCHAR(20) NOT NULL)
[EL Fine]: sql: 2024-12-20 13:20:16.722--ServerSession(1728465884)--Connection(1117747481)--Thread(Thread[#1,main,5,main])--CREATE TABLE TB_USUARIO_PERFIL (ID_USUARIO BIGINT NOT NULL, ID_PERFIL BIGINT NOT NULL, PRIMARY KEY (ID_USUARIO, ID_PERFIL))
[EL Fine]: sql: 2024-12-20 13:20:16.73--ServerSession(1728465884)--Connection(1117747481)--Thread(Thread[#1,main,5,main])--ALTER TABLE TB_PROJETO ADD CONSTRAINT TBPROJETODRLATORIO FOREIGN KEY (ID_RELATORIO) REFERENCES TB_RELATORIO (ID_RELATORIO)
[EL Fine]: sql: 2024-12-20 13:20:16.737--ServerSession(1728465884)--Connection(1117747481)--Thread(Thread[#1,main,5,main])--ALTER TABLE TB_PROJETO ADD CONSTRAINT TBPRJETODCLENDARIO FOREIGN KEY (ID_CALENDARIO) REFERENCES TB_CALENDARIO (ID_CALENDARIO)
[EL Fine]: sql: 2024-12-20 13:20:16.745--ServerSession(1728465884)--Connection(1117747481)--Thread(Thread[#1,main,5,main])--ALTER TABLE TB_PROJETO ADD CONSTRAINT TBPROJETOIDCLIENTE FOREIGN KEY (ID_CLIENTE) REFERENCES TB_CLIENTE (ID_CLIENTE)
[EL Fine]: sql: 2024-12-20 13:20:16.751--ServerSession(1728465884)--Connection(1117747481)--Thread(Thread[#1,main,5,main])--ALTER TABLE TB_TAREFA ADD CONSTRAINT TBTAREFAUSUARIO_ID FOREIGN KEY (USUARIO_ID) REFERENCES TB_USUARIO (ID_USUARIO)
[EL Fine]: sql: 2024-12-20 13:20:16.758--ServerSession(1728465884)--Connection(1117747481)--Thread(Thread[#1,main,5,main])--ALTER TABLE TB_TAREFA ADD CONSTRAINT TBTAREFAID_PROJETO FOREIGN KEY (ID_PROJETO) REFERENCES TB_PROJETO (ID_PROJETO)
[EL Fine]: sql: 2024-12-20 13:20:16.776--ServerSession(1728465884)--Connection(1117747481)--Thread(Thread[#1,main,5,main])--ALTER TABLE TB_RECURSO ADD CONSTRAINT TBRECURSOIDPROJETO FOREIGN KEY (ID_PROJETO) REFERENCES TB_PROJETO (ID_PROJETO)
[EL Fine]: sql: 2024-12-20 13:20:16.786--ServerSession(1728465884)--Connection(1117747481)--Thread(Thread[#1,main,5,main])--ALTER TABLE TB_DOCUMENTO ADD CONSTRAINT TBDCUMENTODPROJETO FOREIGN KEY (ID_PROJETO) REFERENCES TB_PROJETO (ID_PROJETO)
[EL Fine]: sql: 2024-12-20 13:20:16.798--ServerSession(1728465884)--Connection(1117747481)--Thread(Thread[#1,main,5,main])--ALTER TABLE TB_TELEFONE_CLIENTE ADD CONSTRAINT TBTLFNCLIENTEDCLNT FOREIGN KEY (ID_CLIENTE) REFERENCES TB_CLIENTE (ID_CLIENTE)
[EL Fine]: sql: 2024-12-20 13:20:16.807--ServerSession(1728465884)--Connection(1117747481)--Thread(Thread[#1,main,5,main])--ALTER TABLE TB_DEPARTAMENTO_PROJETO ADD CONSTRAINT TBDPRTMNTPDDPRTMNT FOREIGN KEY (ID_DEPARTAMENTO) REFERENCES TB_DEPARTAMENTO (ID_DEPARTAMENTO)
[EL Fine]: sql: 2024-12-20 13:20:16.818--ServerSession(1728465884)--Connection(1117747481)--Thread(Thread[#1,main,5,main])--ALTER TABLE TB_DEPARTAMENTO_PROJETO ADD CONSTRAINT TBDPRTMNTPRJTDPRJT FOREIGN KEY (ID_PROJETO) REFERENCES TB_PROJETO (ID_PROJETO)
[EL Fine]: sql: 2024-12-20 13:20:16.828--ServerSession(1728465884)--Connection(1117747481)--Thread(Thread[#1,main,5,main])--ALTER TABLE TB_PROJETO_FORNECEDOR ADD CONSTRAINT TBPRJTFRNCDORDPRJT FOREIGN KEY (ID_PROJETO) REFERENCES TB_PROJETO (ID_PROJETO)
[EL Fine]: sql: 2024-12-20 13:20:16.838--ServerSession(1728465884)--Connection(1117747481)--Thread(Thread[#1,main,5,main])--ALTER TABLE TB_PROJETO_FORNECEDOR ADD CONSTRAINT TBPRJTFRNCDDFRNCDR FOREIGN KEY (ID_FORNECEDOR) REFERENCES TB_Fornecedor (ID_FORNECEDOR)
[EL Fine]: sql: 2024-12-20 13:20:16.847--ServerSession(1728465884)--Connection(1117747481)--Thread(Thread[#1,main,5,main])--ALTER TABLE TB_TELEFONE_USUARIO ADD CONSTRAINT TBTLFNEUSUARIODSRO FOREIGN KEY (ID_USUARIO) REFERENCES TB_Fornecedor (ID_FORNECEDOR)
[EL Fine]: sql: 2024-12-20 13:20:16.857--ServerSession(1728465884)--Connection(1117747481)--Thread(Thread[#1,main,5,main])--ALTER TABLE TB_USUARIO_PERFIL ADD CONSTRAINT TBSRIOPERFILDSARIO FOREIGN KEY (ID_USUARIO) REFERENCES TB_USUARIO (ID_USUARIO)
[EL Fine]: sql: 2024-12-20 13:20:16.87--ServerSession(1728465884)--Connection(1117747481)--Thread(Thread[#1,main,5,main])--ALTER TABLE TB_USUARIO_PERFIL ADD CONSTRAINT TBSRIOPERFILDPRFIL FOREIGN KEY (ID_PERFIL) REFERENCES TB_PERFIL (ID_PERFIL)
13:20:16.895 [main] DEBUG org.dbunit.database.DatabaseConnection - Database connection info: 
	database product name=Apache Derby
	database version=10.16.1.1 - (1901046)
	database major version=10
	database minor version=16
	jdbc driver name=Apache Derby Network Client JDBC Driver
	jdbc driver version=10.16.1.1 - (1901046)
	jdbc driver major version=10
	jdbc driver minor version=16

13:20:16.895 [main] DEBUG org.dbunit.database.DatabaseConnection - validateSchema(validateStrict=false) - start
13:20:16.895 [main] DEBUG org.dbunit.database.DatabaseConnection - Schema is null. Nothing to validate.
13:20:16.896 [main] DEBUG org.dbunit.dataset.xml.FlatXmlDataSetBuilder - Creating FlatXmlDataSet with builder parameters: org.dbunit.dataset.xml.FlatXmlDataSetBuilder[dtdMetadata=true, columnSensing=true, caseSensitiveTableNames=false, metaDataSet=null]
13:20:16.896 [main] DEBUG org.dbunit.dataset.xml.FlatXmlDataSetBuilder - Creating FlatXmlProducer using the properties of this builder: org.dbunit.dataset.xml.FlatXmlDataSetBuilder[dtdMetadata=true, columnSensing=true, caseSensitiveTableNames=false, metaDataSet=null]
13:20:16.896 [main] DEBUG org.dbunit.dataset.AbstractDataSet - initialize() - start
13:20:16.896 [main] DEBUG org.dbunit.dataset.CachedDataSet - createIterator(reversed=false) - start
13:20:16.896 [main] DEBUG org.dbunit.dataset.OrderedTableNameMap - orderedValues() - start
13:20:16.896 [main] DEBUG org.dbunit.dataset.xml.FlatXmlProducer - setConsumer(consumer) - start
13:20:16.896 [main] DEBUG org.dbunit.dataset.xml.FlatXmlProducer - produce() - start
13:20:16.896 [main] DEBUG org.dbunit.dataset.xml.FlatDtdProducer - setLexicalHandler(xmlReader=com.sun.org.apache.xerces.internal.jaxp.SAXParserImpl$JAXPSAXParser@22a10ac6, handler=org.dbunit.dataset.xml.FlatXmlProducer$FlatDtdHandler@12fe1f28) - start
13:20:16.896 [main] DEBUG org.dbunit.dataset.xml.FlatDtdProducer - setDeclHandler(xmlReader=com.sun.org.apache.xerces.internal.jaxp.SAXParserImpl$JAXPSAXParser@22a10ac6, handler=org.dbunit.dataset.xml.FlatXmlProducer$FlatDtdHandler@12fe1f28) - start
13:20:16.898 [main] DEBUG org.dbunit.dataset.xml.FlatXmlProducer - startElement(uri=, localName=, qName=dataset, attributes=com.sun.org.apache.xerces.internal.parsers.AbstractSAXParser$AttributesProxy@503df2d0) - start
13:20:16.898 [main] DEBUG org.dbunit.dataset.CachedDataSet - startDataSet() - start
13:20:16.898 [main] DEBUG org.dbunit.dataset.xml.FlatXmlProducer - startElement(uri=, localName=, qName=TB_CLIENTE, attributes=com.sun.org.apache.xerces.internal.parsers.AbstractSAXParser$AttributesProxy@503df2d0) - start
13:20:16.898 [main] DEBUG org.dbunit.dataset.OrderedTableNameMap - getLastTableName() - start
13:20:16.898 [main] DEBUG org.dbunit.dataset.OrderedTableNameMap - isLastTable(tableName=TB_CLIENTE) - start
13:20:16.898 [main] DEBUG org.dbunit.dataset.OrderedTableNameMap - getTableName(tableName=TB_CLIENTE) - start
13:20:16.898 [main] DEBUG org.dbunit.dataset.OrderedTableNameMap - getTableName(tableName=TB_CLIENTE) - end - result=TB_CLIENTE
13:20:16.898 [main] DEBUG org.dbunit.dataset.xml.FlatXmlProducer - createTableMetaData(tableName=TB_CLIENTE, attributes=com.sun.org.apache.xerces.internal.parsers.AbstractSAXParser$AttributesProxy@503df2d0) - start
13:20:16.898 [main] DEBUG org.dbunit.dataset.Columns - getColumns(columnNames=[], columns=[(ID_CLIENTE, UNKNOWN, nullableUnknown), (NOME_CLIENTE, UNKNOWN, nullableUnknown), (EMAIL_CLIENTE, UNKNOWN, nullableUnknown), (CNPJ_CLIENTE, UNKNOWN, nullableUnknown)]) - start
13:20:16.898 [main] DEBUG org.dbunit.dataset.OrderedTableNameMap - add(tableName=TB_CLIENTE, object=tableName=TB_CLIENTE, columns=[(ID_CLIENTE, UNKNOWN, nullableUnknown), (NOME_CLIENTE, UNKNOWN, nullableUnknown), (EMAIL_CLIENTE, UNKNOWN, nullableUnknown), (CNPJ_CLIENTE, UNKNOWN, nullableUnknown)], keys=[]) - start
13:20:16.898 [main] DEBUG org.dbunit.dataset.OrderedTableNameMap - getTableName(tableName=TB_CLIENTE) - start
13:20:16.898 [main] DEBUG org.dbunit.dataset.OrderedTableNameMap - getTableName(tableName=TB_CLIENTE) - end - result=TB_CLIENTE
13:20:16.898 [main] DEBUG org.dbunit.dataset.OrderedTableNameMap - getTableName(tableName=TB_CLIENTE) - start
13:20:16.898 [main] DEBUG org.dbunit.dataset.OrderedTableNameMap - getTableName(tableName=TB_CLIENTE) - end - result=TB_CLIENTE
13:20:16.898 [main] DEBUG org.dbunit.dataset.OrderedTableNameMap - getLastTableName() - start
13:20:16.898 [main] DEBUG org.dbunit.dataset.OrderedTableNameMap - getTableName(tableName=TB_CLIENTE) - start
13:20:16.898 [main] DEBUG org.dbunit.dataset.OrderedTableNameMap - getTableName(tableName=TB_CLIENTE) - end - result=TB_CLIENTE
13:20:16.898 [main] DEBUG org.dbunit.dataset.AbstractTableMetaData - getColumnIndex(columnName=ID_CLIENTE) - start
13:20:16.898 [main] DEBUG org.dbunit.dataset.AbstractTableMetaData - getColumnIndex(columnName=NOME_CLIENTE) - start
13:20:16.898 [main] DEBUG org.dbunit.dataset.AbstractTableMetaData - getColumnIndex(columnName=EMAIL_CLIENTE) - start
13:20:16.898 [main] DEBUG org.dbunit.dataset.AbstractTableMetaData - getColumnIndex(columnName=CNPJ_CLIENTE) - start
13:20:16.898 [main] DEBUG org.dbunit.dataset.OrderedTableNameMap - getLastTableName() - start
13:20:16.898 [main] DEBUG org.dbunit.dataset.OrderedTableNameMap - getTableName(tableName=TB_CLIENTE) - start
13:20:16.898 [main] DEBUG org.dbunit.dataset.OrderedTableNameMap - getTableName(tableName=TB_CLIENTE) - end - result=TB_CLIENTE
13:20:16.898 [main] DEBUG org.dbunit.dataset.AbstractTableMetaData - getColumnIndex(columnName=ID_CLIENTE) - start
13:20:16.898 [main] DEBUG org.dbunit.dataset.AbstractTableMetaData - getColumnIndex(columnName=NOME_CLIENTE) - start
13:20:16.898 [main] DEBUG org.dbunit.dataset.AbstractTableMetaData - getColumnIndex(columnName=EMAIL_CLIENTE) - start
13:20:16.898 [main] DEBUG org.dbunit.dataset.AbstractTableMetaData - getColumnIndex(columnName=CNPJ_CLIENTE) - start
13:20:16.898 [main] DEBUG org.dbunit.dataset.xml.FlatXmlProducer - endElement(uri=, localName=, qName=TB_CLIENTE) - start
13:20:16.898 [main] DEBUG org.dbunit.dataset.xml.FlatXmlProducer - startElement(uri=, localName=, qName=TB_CLIENTE, attributes=com.sun.org.apache.xerces.internal.parsers.AbstractSAXParser$AttributesProxy@503df2d0) - start
13:20:16.898 [main] DEBUG org.dbunit.dataset.OrderedTableNameMap - getLastTableName() - start
13:20:16.898 [main] DEBUG org.dbunit.dataset.OrderedTableNameMap - getTableName(tableName=TB_CLIENTE) - start
13:20:16.898 [main] DEBUG org.dbunit.dataset.OrderedTableNameMap - getTableName(tableName=TB_CLIENTE) - end - result=TB_CLIENTE
13:20:16.898 [main] DEBUG org.dbunit.dataset.OrderedTableNameMap - isLastTable(tableName=TB_CLIENTE) - start
13:20:16.898 [main] DEBUG org.dbunit.dataset.OrderedTableNameMap - getLastTableName() - start
13:20:16.898 [main] DEBUG org.dbunit.dataset.OrderedTableNameMap - getTableName(tableName=TB_CLIENTE) - start
13:20:16.898 [main] DEBUG org.dbunit.dataset.OrderedTableNameMap - getTableName(tableName=TB_CLIENTE) - end - result=TB_CLIENTE
13:20:16.898 [main] DEBUG org.dbunit.dataset.OrderedTableNameMap - getTableName(tableName=TB_CLIENTE) - start
13:20:16.899 [main] DEBUG org.dbunit.dataset.OrderedTableNameMap - getTableName(tableName=TB_CLIENTE) - end - result=TB_CLIENTE
13:20:16.899 [main] DEBUG org.dbunit.dataset.OrderedTableNameMap - getLastTableName() - start
13:20:16.899 [main] DEBUG org.dbunit.dataset.OrderedTableNameMap - getTableName(tableName=TB_CLIENTE) - start
13:20:16.899 [main] DEBUG org.dbunit.dataset.OrderedTableNameMap - getTableName(tableName=TB_CLIENTE) - end - result=TB_CLIENTE
13:20:16.899 [main] DEBUG org.dbunit.dataset.AbstractTableMetaData - getColumnIndex(columnName=ID_CLIENTE) - start
13:20:16.899 [main] DEBUG org.dbunit.dataset.AbstractTableMetaData - getColumnIndex(columnName=NOME_CLIENTE) - start
13:20:16.899 [main] DEBUG org.dbunit.dataset.AbstractTableMetaData - getColumnIndex(columnName=EMAIL_CLIENTE) - start
13:20:16.899 [main] DEBUG org.dbunit.dataset.AbstractTableMetaData - getColumnIndex(columnName=CNPJ_CLIENTE) - start
13:20:16.899 [main] DEBUG org.dbunit.dataset.OrderedTableNameMap - getLastTableName() - start
13:20:16.899 [main] DEBUG org.dbunit.dataset.OrderedTableNameMap - getTableName(tableName=TB_CLIENTE) - start
13:20:16.899 [main] DEBUG org.dbunit.dataset.OrderedTableNameMap - getTableName(tableName=TB_CLIENTE) - end - result=TB_CLIENTE
13:20:16.899 [main] DEBUG org.dbunit.dataset.AbstractTableMetaData - getColumnIndex(columnName=ID_CLIENTE) - start
13:20:16.899 [main] DEBUG org.dbunit.dataset.AbstractTableMetaData - getColumnIndex(columnName=NOME_CLIENTE) - start
13:20:16.899 [main] DEBUG org.dbunit.dataset.AbstractTableMetaData - getColumnIndex(columnName=EMAIL_CLIENTE) - start
13:20:16.899 [main] DEBUG org.dbunit.dataset.AbstractTableMetaData - getColumnIndex(columnName=CNPJ_CLIENTE) - start
13:20:16.899 [main] DEBUG org.dbunit.dataset.xml.FlatXmlProducer - endElement(uri=, localName=, qName=TB_CLIENTE) - start
13:20:16.899 [main] DEBUG org.dbunit.dataset.xml.FlatXmlProducer - startElement(uri=, localName=, qName=TB_TELEFONE_CLIENTE, attributes=com.sun.org.apache.xerces.internal.parsers.AbstractSAXParser$AttributesProxy@503df2d0) - start
13:20:16.899 [main] DEBUG org.dbunit.dataset.OrderedTableNameMap - getLastTableName() - start
13:20:16.899 [main] DEBUG org.dbunit.dataset.OrderedTableNameMap - getTableName(tableName=TB_CLIENTE) - start
13:20:16.899 [main] DEBUG org.dbunit.dataset.OrderedTableNameMap - getTableName(tableName=TB_CLIENTE) - end - result=TB_CLIENTE
13:20:16.899 [main] DEBUG org.dbunit.dataset.OrderedTableNameMap - isLastTable(tableName=TB_TELEFONE_CLIENTE) - start
13:20:16.899 [main] DEBUG org.dbunit.dataset.OrderedTableNameMap - getLastTableName() - start
13:20:16.899 [main] DEBUG org.dbunit.dataset.OrderedTableNameMap - getTableName(tableName=TB_CLIENTE) - start
13:20:16.899 [main] DEBUG org.dbunit.dataset.OrderedTableNameMap - getTableName(tableName=TB_CLIENTE) - end - result=TB_CLIENTE
13:20:16.899 [main] DEBUG org.dbunit.dataset.OrderedTableNameMap - getTableName(tableName=TB_TELEFONE_CLIENTE) - start
13:20:16.899 [main] DEBUG org.dbunit.dataset.OrderedTableNameMap - getTableName(tableName=TB_TELEFONE_CLIENTE) - end - result=TB_TELEFONE_CLIENTE
13:20:16.899 [main] DEBUG org.dbunit.dataset.OrderedTableNameMap - getTableName(tableName=TB_TELEFONE_CLIENTE) - start
13:20:16.899 [main] DEBUG org.dbunit.dataset.OrderedTableNameMap - getTableName(tableName=TB_TELEFONE_CLIENTE) - end - result=TB_TELEFONE_CLIENTE
13:20:16.899 [main] DEBUG org.dbunit.dataset.xml.FlatXmlProducer - createTableMetaData(tableName=TB_TELEFONE_CLIENTE, attributes=com.sun.org.apache.xerces.internal.parsers.AbstractSAXParser$AttributesProxy@503df2d0) - start
13:20:16.899 [main] DEBUG org.dbunit.dataset.Columns - getColumns(columnNames=[], columns=[(ID_CLIENTE, UNKNOWN, nullableUnknown), (NUM_TELEFONE, UNKNOWN, nullableUnknown)]) - start
13:20:16.899 [main] DEBUG org.dbunit.dataset.OrderedTableNameMap - add(tableName=TB_TELEFONE_CLIENTE, object=tableName=TB_TELEFONE_CLIENTE, columns=[(ID_CLIENTE, UNKNOWN, nullableUnknown), (NUM_TELEFONE, UNKNOWN, nullableUnknown)], keys=[]) - start
13:20:16.899 [main] DEBUG org.dbunit.dataset.OrderedTableNameMap - getTableName(tableName=TB_TELEFONE_CLIENTE) - start
13:20:16.899 [main] DEBUG org.dbunit.dataset.OrderedTableNameMap - getTableName(tableName=TB_TELEFONE_CLIENTE) - end - result=TB_TELEFONE_CLIENTE
13:20:16.899 [main] DEBUG org.dbunit.dataset.OrderedTableNameMap - getTableName(tableName=TB_TELEFONE_CLIENTE) - start
13:20:16.899 [main] DEBUG org.dbunit.dataset.OrderedTableNameMap - getTableName(tableName=TB_TELEFONE_CLIENTE) - end - result=TB_TELEFONE_CLIENTE
13:20:16.899 [main] DEBUG org.dbunit.dataset.OrderedTableNameMap - getLastTableName() - start
13:20:16.899 [main] DEBUG org.dbunit.dataset.OrderedTableNameMap - getTableName(tableName=TB_TELEFONE_CLIENTE) - start
13:20:16.899 [main] DEBUG org.dbunit.dataset.OrderedTableNameMap - getTableName(tableName=TB_TELEFONE_CLIENTE) - end - result=TB_TELEFONE_CLIENTE
13:20:16.899 [main] DEBUG org.dbunit.dataset.AbstractTableMetaData - getColumnIndex(columnName=ID_CLIENTE) - start
13:20:16.899 [main] DEBUG org.dbunit.dataset.AbstractTableMetaData - getColumnIndex(columnName=NUM_TELEFONE) - start
13:20:16.899 [main] DEBUG org.dbunit.dataset.OrderedTableNameMap - getLastTableName() - start
13:20:16.899 [main] DEBUG org.dbunit.dataset.OrderedTableNameMap - getTableName(tableName=TB_TELEFONE_CLIENTE) - start
13:20:16.899 [main] DEBUG org.dbunit.dataset.OrderedTableNameMap - getTableName(tableName=TB_TELEFONE_CLIENTE) - end - result=TB_TELEFONE_CLIENTE
13:20:16.899 [main] DEBUG org.dbunit.dataset.AbstractTableMetaData - getColumnIndex(columnName=ID_CLIENTE) - start
13:20:16.899 [main] DEBUG org.dbunit.dataset.AbstractTableMetaData - getColumnIndex(columnName=NUM_TELEFONE) - start
13:20:16.899 [main] DEBUG org.dbunit.dataset.xml.FlatXmlProducer - endElement(uri=, localName=, qName=TB_TELEFONE_CLIENTE) - start
13:20:16.899 [main] DEBUG org.dbunit.dataset.xml.FlatXmlProducer - startElement(uri=, localName=, qName=TB_TELEFONE_CLIENTE, attributes=com.sun.org.apache.xerces.internal.parsers.AbstractSAXParser$AttributesProxy@503df2d0) - start
13:20:16.899 [main] DEBUG org.dbunit.dataset.OrderedTableNameMap - getLastTableName() - start
13:20:16.899 [main] DEBUG org.dbunit.dataset.OrderedTableNameMap - getTableName(tableName=TB_TELEFONE_CLIENTE) - start
13:20:16.899 [main] DEBUG org.dbunit.dataset.OrderedTableNameMap - getTableName(tableName=TB_TELEFONE_CLIENTE) - end - result=TB_TELEFONE_CLIENTE
13:20:16.899 [main] DEBUG org.dbunit.dataset.OrderedTableNameMap - isLastTable(tableName=TB_TELEFONE_CLIENTE) - start
13:20:16.899 [main] DEBUG org.dbunit.dataset.OrderedTableNameMap - getLastTableName() - start
13:20:16.899 [main] DEBUG org.dbunit.dataset.OrderedTableNameMap - getTableName(tableName=TB_TELEFONE_CLIENTE) - start
13:20:16.899 [main] DEBUG org.dbunit.dataset.OrderedTableNameMap - getTableName(tableName=TB_TELEFONE_CLIENTE) - end - result=TB_TELEFONE_CLIENTE
13:20:16.899 [main] DEBUG org.dbunit.dataset.OrderedTableNameMap - getTableName(tableName=TB_TELEFONE_CLIENTE) - start
13:20:16.899 [main] DEBUG org.dbunit.dataset.OrderedTableNameMap - getTableName(tableName=TB_TELEFONE_CLIENTE) - end - result=TB_TELEFONE_CLIENTE
13:20:16.899 [main] DEBUG org.dbunit.dataset.OrderedTableNameMap - getLastTableName() - start
13:20:16.899 [main] DEBUG org.dbunit.dataset.OrderedTableNameMap - getTableName(tableName=TB_TELEFONE_CLIENTE) - start
13:20:16.899 [main] DEBUG org.dbunit.dataset.OrderedTableNameMap - getTableName(tableName=TB_TELEFONE_CLIENTE) - end - result=TB_TELEFONE_CLIENTE
13:20:16.899 [main] DEBUG org.dbunit.dataset.AbstractTableMetaData - getColumnIndex(columnName=ID_CLIENTE) - start
13:20:16.899 [main] DEBUG org.dbunit.dataset.AbstractTableMetaData - getColumnIndex(columnName=NUM_TELEFONE) - start
13:20:16.899 [main] DEBUG org.dbunit.dataset.OrderedTableNameMap - getLastTableName() - start
13:20:16.899 [main] DEBUG org.dbunit.dataset.OrderedTableNameMap - getTableName(tableName=TB_TELEFONE_CLIENTE) - start
13:20:16.899 [main] DEBUG org.dbunit.dataset.OrderedTableNameMap - getTableName(tableName=TB_TELEFONE_CLIENTE) - end - result=TB_TELEFONE_CLIENTE
13:20:16.899 [main] DEBUG org.dbunit.dataset.AbstractTableMetaData - getColumnIndex(columnName=ID_CLIENTE) - start
13:20:16.899 [main] DEBUG org.dbunit.dataset.AbstractTableMetaData - getColumnIndex(columnName=NUM_TELEFONE) - start
13:20:16.899 [main] DEBUG org.dbunit.dataset.xml.FlatXmlProducer - endElement(uri=, localName=, qName=TB_TELEFONE_CLIENTE) - start
13:20:16.899 [main] DEBUG org.dbunit.dataset.xml.FlatXmlProducer - startElement(uri=, localName=, qName=TB_TELEFONE_CLIENTE, attributes=com.sun.org.apache.xerces.internal.parsers.AbstractSAXParser$AttributesProxy@503df2d0) - start
13:20:16.899 [main] DEBUG org.dbunit.dataset.OrderedTableNameMap - getLastTableName() - start
13:20:16.899 [main] DEBUG org.dbunit.dataset.OrderedTableNameMap - getTableName(tableName=TB_TELEFONE_CLIENTE) - start
13:20:16.899 [main] DEBUG org.dbunit.dataset.OrderedTableNameMap - getTableName(tableName=TB_TELEFONE_CLIENTE) - end - result=TB_TELEFONE_CLIENTE
13:20:16.899 [main] DEBUG org.dbunit.dataset.OrderedTableNameMap - isLastTable(tableName=TB_TELEFONE_CLIENTE) - start
13:20:16.899 [main] DEBUG org.dbunit.dataset.OrderedTableNameMap - getLastTableName() - start
13:20:16.899 [main] DEBUG org.dbunit.dataset.OrderedTableNameMap - getTableName(tableName=TB_TELEFONE_CLIENTE) - start
13:20:16.899 [main] DEBUG org.dbunit.dataset.OrderedTableNameMap - getTableName(tableName=TB_TELEFONE_CLIENTE) - end - result=TB_TELEFONE_CLIENTE
13:20:16.899 [main] DEBUG org.dbunit.dataset.OrderedTableNameMap - getTableName(tableName=TB_TELEFONE_CLIENTE) - start
13:20:16.899 [main] DEBUG org.dbunit.dataset.OrderedTableNameMap - getTableName(tableName=TB_TELEFONE_CLIENTE) - end - result=TB_TELEFONE_CLIENTE
13:20:16.899 [main] DEBUG org.dbunit.dataset.OrderedTableNameMap - getLastTableName() - start
13:20:16.899 [main] DEBUG org.dbunit.dataset.OrderedTableNameMap - getTableName(tableName=TB_TELEFONE_CLIENTE) - start
13:20:16.899 [main] DEBUG org.dbunit.dataset.OrderedTableNameMap - getTableName(tableName=TB_TELEFONE_CLIENTE) - end - result=TB_TELEFONE_CLIENTE
13:20:16.899 [main] DEBUG org.dbunit.dataset.AbstractTableMetaData - getColumnIndex(columnName=ID_CLIENTE) - start
13:20:16.899 [main] DEBUG org.dbunit.dataset.AbstractTableMetaData - getColumnIndex(columnName=NUM_TELEFONE) - start
13:20:16.899 [main] DEBUG org.dbunit.dataset.OrderedTableNameMap - getLastTableName() - start
13:20:16.899 [main] DEBUG org.dbunit.dataset.OrderedTableNameMap - getTableName(tableName=TB_TELEFONE_CLIENTE) - start
13:20:16.899 [main] DEBUG org.dbunit.dataset.OrderedTableNameMap - getTableName(tableName=TB_TELEFONE_CLIENTE) - end - result=TB_TELEFONE_CLIENTE
13:20:16.899 [main] DEBUG org.dbunit.dataset.AbstractTableMetaData - getColumnIndex(columnName=ID_CLIENTE) - start
13:20:16.899 [main] DEBUG org.dbunit.dataset.AbstractTableMetaData - getColumnIndex(columnName=NUM_TELEFONE) - start
13:20:16.899 [main] DEBUG org.dbunit.dataset.xml.FlatXmlProducer - endElement(uri=, localName=, qName=TB_TELEFONE_CLIENTE) - start
13:20:16.899 [main] DEBUG org.dbunit.dataset.xml.FlatXmlProducer - startElement(uri=, localName=, qName=TB_RELATORIO, attributes=com.sun.org.apache.xerces.internal.parsers.AbstractSAXParser$AttributesProxy@503df2d0) - start
13:20:16.899 [main] DEBUG org.dbunit.dataset.OrderedTableNameMap - getLastTableName() - start
13:20:16.899 [main] DEBUG org.dbunit.dataset.OrderedTableNameMap - getTableName(tableName=TB_TELEFONE_CLIENTE) - start
13:20:16.899 [main] DEBUG org.dbunit.dataset.OrderedTableNameMap - getTableName(tableName=TB_TELEFONE_CLIENTE) - end - result=TB_TELEFONE_CLIENTE
13:20:16.899 [main] DEBUG org.dbunit.dataset.OrderedTableNameMap - isLastTable(tableName=TB_RELATORIO) - start
13:20:16.899 [main] DEBUG org.dbunit.dataset.OrderedTableNameMap - getLastTableName() - start
13:20:16.899 [main] DEBUG org.dbunit.dataset.OrderedTableNameMap - getTableName(tableName=TB_TELEFONE_CLIENTE) - start
13:20:16.899 [main] DEBUG org.dbunit.dataset.OrderedTableNameMap - getTableName(tableName=TB_TELEFONE_CLIENTE) - end - result=TB_TELEFONE_CLIENTE
13:20:16.899 [main] DEBUG org.dbunit.dataset.OrderedTableNameMap - getTableName(tableName=TB_RELATORIO) - start
13:20:16.899 [main] DEBUG org.dbunit.dataset.OrderedTableNameMap - getTableName(tableName=TB_RELATORIO) - end - result=TB_RELATORIO
13:20:16.899 [main] DEBUG org.dbunit.dataset.OrderedTableNameMap - getTableName(tableName=TB_RELATORIO) - start
13:20:16.899 [main] DEBUG org.dbunit.dataset.OrderedTableNameMap - getTableName(tableName=TB_RELATORIO) - end - result=TB_RELATORIO
13:20:16.899 [main] DEBUG org.dbunit.dataset.xml.FlatXmlProducer - createTableMetaData(tableName=TB_RELATORIO, attributes=com.sun.org.apache.xerces.internal.parsers.AbstractSAXParser$AttributesProxy@503df2d0) - start
13:20:16.900 [main] DEBUG org.dbunit.dataset.Columns - getColumns(columnNames=[], columns=[(ID_RELATORIO, UNKNOWN, nullableUnknown), (TITULO_RELATORIO, UNKNOWN, nullableUnknown), (DATA_CRIACAO_RELATORIO, UNKNOWN, nullableUnknown), (AUTOR_RELATORIO, UNKNOWN, nullableUnknown), (DESCRICAO_RELATORIO, UNKNOWN, nullableUnknown), (CONTEUDO_RELATORIO, UNKNOWN, nullableUnknown)]) - start
13:20:16.900 [main] DEBUG org.dbunit.dataset.OrderedTableNameMap - add(tableName=TB_RELATORIO, object=tableName=TB_RELATORIO, columns=[(ID_RELATORIO, UNKNOWN, nullableUnknown), (TITULO_RELATORIO, UNKNOWN, nullableUnknown), (DATA_CRIACAO_RELATORIO, UNKNOWN, nullableUnknown), (AUTOR_RELATORIO, UNKNOWN, nullableUnknown), (DESCRICAO_RELATORIO, UNKNOWN, nullableUnknown), (CONTEUDO_RELATORIO, UNKNOWN, nullableUnknown)], keys=[]) - start
13:20:16.900 [main] DEBUG org.dbunit.dataset.OrderedTableNameMap - getTableName(tableName=TB_RELATORIO) - start
13:20:16.900 [main] DEBUG org.dbunit.dataset.OrderedTableNameMap - getTableName(tableName=TB_RELATORIO) - end - result=TB_RELATORIO
13:20:16.900 [main] DEBUG org.dbunit.dataset.OrderedTableNameMap - getTableName(tableName=TB_RELATORIO) - start
13:20:16.900 [main] DEBUG org.dbunit.dataset.OrderedTableNameMap - getTableName(tableName=TB_RELATORIO) - end - result=TB_RELATORIO
13:20:16.900 [main] DEBUG org.dbunit.dataset.OrderedTableNameMap - getLastTableName() - start
13:20:16.900 [main] DEBUG org.dbunit.dataset.OrderedTableNameMap - getTableName(tableName=TB_RELATORIO) - start
13:20:16.900 [main] DEBUG org.dbunit.dataset.OrderedTableNameMap - getTableName(tableName=TB_RELATORIO) - end - result=TB_RELATORIO
13:20:16.900 [main] DEBUG org.dbunit.dataset.AbstractTableMetaData - getColumnIndex(columnName=ID_RELATORIO) - start
13:20:16.900 [main] DEBUG org.dbunit.dataset.AbstractTableMetaData - getColumnIndex(columnName=TITULO_RELATORIO) - start
13:20:16.900 [main] DEBUG org.dbunit.dataset.AbstractTableMetaData - getColumnIndex(columnName=DATA_CRIACAO_RELATORIO) - start
13:20:16.900 [main] DEBUG org.dbunit.dataset.AbstractTableMetaData - getColumnIndex(columnName=AUTOR_RELATORIO) - start
13:20:16.900 [main] DEBUG org.dbunit.dataset.AbstractTableMetaData - getColumnIndex(columnName=DESCRICAO_RELATORIO) - start
13:20:16.900 [main] DEBUG org.dbunit.dataset.AbstractTableMetaData - getColumnIndex(columnName=CONTEUDO_RELATORIO) - start
13:20:16.900 [main] DEBUG org.dbunit.dataset.OrderedTableNameMap - getLastTableName() - start
13:20:16.900 [main] DEBUG org.dbunit.dataset.OrderedTableNameMap - getTableName(tableName=TB_RELATORIO) - start
13:20:16.900 [main] DEBUG org.dbunit.dataset.OrderedTableNameMap - getTableName(tableName=TB_RELATORIO) - end - result=TB_RELATORIO
13:20:16.900 [main] DEBUG org.dbunit.dataset.AbstractTableMetaData - getColumnIndex(columnName=ID_RELATORIO) - start
13:20:16.900 [main] DEBUG org.dbunit.dataset.AbstractTableMetaData - getColumnIndex(columnName=TITULO_RELATORIO) - start
13:20:16.900 [main] DEBUG org.dbunit.dataset.AbstractTableMetaData - getColumnIndex(columnName=DATA_CRIACAO_RELATORIO) - start
13:20:16.900 [main] DEBUG org.dbunit.dataset.AbstractTableMetaData - getColumnIndex(columnName=AUTOR_RELATORIO) - start
13:20:16.900 [main] DEBUG org.dbunit.dataset.AbstractTableMetaData - getColumnIndex(columnName=DESCRICAO_RELATORIO) - start
13:20:16.900 [main] DEBUG org.dbunit.dataset.AbstractTableMetaData - getColumnIndex(columnName=CONTEUDO_RELATORIO) - start
13:20:16.900 [main] DEBUG org.dbunit.dataset.xml.FlatXmlProducer - endElement(uri=, localName=, qName=TB_RELATORIO) - start
13:20:16.900 [main] DEBUG org.dbunit.dataset.xml.FlatXmlProducer - startElement(uri=, localName=, qName=TB_RELATORIO, attributes=com.sun.org.apache.xerces.internal.parsers.AbstractSAXParser$AttributesProxy@503df2d0) - start
13:20:16.900 [main] DEBUG org.dbunit.dataset.OrderedTableNameMap - getLastTableName() - start
13:20:16.900 [main] DEBUG org.dbunit.dataset.OrderedTableNameMap - getTableName(tableName=TB_RELATORIO) - start
13:20:16.900 [main] DEBUG org.dbunit.dataset.OrderedTableNameMap - getTableName(tableName=TB_RELATORIO) - end - result=TB_RELATORIO
13:20:16.900 [main] DEBUG org.dbunit.dataset.OrderedTableNameMap - isLastTable(tableName=TB_RELATORIO) - start
13:20:16.900 [main] DEBUG org.dbunit.dataset.OrderedTableNameMap - getLastTableName() - start
13:20:16.900 [main] DEBUG org.dbunit.dataset.OrderedTableNameMap - getTableName(tableName=TB_RELATORIO) - start
13:20:16.900 [main] DEBUG org.dbunit.dataset.OrderedTableNameMap - getTableName(tableName=TB_RELATORIO) - end - result=TB_RELATORIO
13:20:16.900 [main] DEBUG org.dbunit.dataset.OrderedTableNameMap - getTableName(tableName=TB_RELATORIO) - start
13:20:16.900 [main] DEBUG org.dbunit.dataset.OrderedTableNameMap - getTableName(tableName=TB_RELATORIO) - end - result=TB_RELATORIO
13:20:16.900 [main] DEBUG org.dbunit.dataset.OrderedTableNameMap - getLastTableName() - start
13:20:16.900 [main] DEBUG org.dbunit.dataset.OrderedTableNameMap - getTableName(tableName=TB_RELATORIO) - start
13:20:16.900 [main] DEBUG org.dbunit.dataset.OrderedTableNameMap - getTableName(tableName=TB_RELATORIO) - end - result=TB_RELATORIO
13:20:16.900 [main] DEBUG org.dbunit.dataset.AbstractTableMetaData - getColumnIndex(columnName=ID_RELATORIO) - start
13:20:16.900 [main] DEBUG org.dbunit.dataset.AbstractTableMetaData - getColumnIndex(columnName=TITULO_RELATORIO) - start
13:20:16.900 [main] DEBUG org.dbunit.dataset.AbstractTableMetaData - getColumnIndex(columnName=DATA_CRIACAO_RELATORIO) - start
13:20:16.900 [main] DEBUG org.dbunit.dataset.AbstractTableMetaData - getColumnIndex(columnName=AUTOR_RELATORIO) - start
13:20:16.900 [main] DEBUG org.dbunit.dataset.AbstractTableMetaData - getColumnIndex(columnName=DESCRICAO_RELATORIO) - start
13:20:16.900 [main] DEBUG org.dbunit.dataset.AbstractTableMetaData - getColumnIndex(columnName=CONTEUDO_RELATORIO) - start
13:20:16.900 [main] DEBUG org.dbunit.dataset.OrderedTableNameMap - getLastTableName() - start
13:20:16.900 [main] DEBUG org.dbunit.dataset.OrderedTableNameMap - getTableName(tableName=TB_RELATORIO) - start
13:20:16.900 [main] DEBUG org.dbunit.dataset.OrderedTableNameMap - getTableName(tableName=TB_RELATORIO) - end - result=TB_RELATORIO
13:20:16.900 [main] DEBUG org.dbunit.dataset.AbstractTableMetaData - getColumnIndex(columnName=ID_RELATORIO) - start
13:20:16.900 [main] DEBUG org.dbunit.dataset.AbstractTableMetaData - getColumnIndex(columnName=TITULO_RELATORIO) - start
13:20:16.900 [main] DEBUG org.dbunit.dataset.AbstractTableMetaData - getColumnIndex(columnName=DATA_CRIACAO_RELATORIO) - start
13:20:16.900 [main] DEBUG org.dbunit.dataset.AbstractTableMetaData - getColumnIndex(columnName=AUTOR_RELATORIO) - start
13:20:16.900 [main] DEBUG org.dbunit.dataset.AbstractTableMetaData - getColumnIndex(columnName=DESCRICAO_RELATORIO) - start
13:20:16.900 [main] DEBUG org.dbunit.dataset.AbstractTableMetaData - getColumnIndex(columnName=CONTEUDO_RELATORIO) - start
13:20:16.900 [main] DEBUG org.dbunit.dataset.xml.FlatXmlProducer - endElement(uri=, localName=, qName=TB_RELATORIO) - start
13:20:16.900 [main] DEBUG org.dbunit.dataset.xml.FlatXmlProducer - startElement(uri=, localName=, qName=TB_CALENDARIO, attributes=com.sun.org.apache.xerces.internal.parsers.AbstractSAXParser$AttributesProxy@503df2d0) - start
13:20:16.900 [main] DEBUG org.dbunit.dataset.OrderedTableNameMap - getLastTableName() - start
13:20:16.900 [main] DEBUG org.dbunit.dataset.OrderedTableNameMap - getTableName(tableName=TB_RELATORIO) - start
13:20:16.900 [main] DEBUG org.dbunit.dataset.OrderedTableNameMap - getTableName(tableName=TB_RELATORIO) - end - result=TB_RELATORIO
13:20:16.900 [main] DEBUG org.dbunit.dataset.OrderedTableNameMap - isLastTable(tableName=TB_CALENDARIO) - start
13:20:16.900 [main] DEBUG org.dbunit.dataset.OrderedTableNameMap - getLastTableName() - start
13:20:16.900 [main] DEBUG org.dbunit.dataset.OrderedTableNameMap - getTableName(tableName=TB_RELATORIO) - start
13:20:16.900 [main] DEBUG org.dbunit.dataset.OrderedTableNameMap - getTableName(tableName=TB_RELATORIO) - end - result=TB_RELATORIO
13:20:16.900 [main] DEBUG org.dbunit.dataset.OrderedTableNameMap - getTableName(tableName=TB_CALENDARIO) - start
13:20:16.900 [main] DEBUG org.dbunit.dataset.OrderedTableNameMap - getTableName(tableName=TB_CALENDARIO) - end - result=TB_CALENDARIO
13:20:16.900 [main] DEBUG org.dbunit.dataset.OrderedTableNameMap - getTableName(tableName=TB_CALENDARIO) - start
13:20:16.900 [main] DEBUG org.dbunit.dataset.OrderedTableNameMap - getTableName(tableName=TB_CALENDARIO) - end - result=TB_CALENDARIO
13:20:16.900 [main] DEBUG org.dbunit.dataset.xml.FlatXmlProducer - createTableMetaData(tableName=TB_CALENDARIO, attributes=com.sun.org.apache.xerces.internal.parsers.AbstractSAXParser$AttributesProxy@503df2d0) - start
13:20:16.900 [main] DEBUG org.dbunit.dataset.Columns - getColumns(columnNames=[], columns=[(ID_CALENDARIO, UNKNOWN, nullableUnknown), (DATA_INICIO, UNKNOWN, nullableUnknown), (DATA_FIM, UNKNOWN, nullableUnknown), (HORAS_TOTAIS, UNKNOWN, nullableUnknown)]) - start
13:20:16.901 [main] DEBUG org.dbunit.dataset.OrderedTableNameMap - add(tableName=TB_CALENDARIO, object=tableName=TB_CALENDARIO, columns=[(ID_CALENDARIO, UNKNOWN, nullableUnknown), (DATA_INICIO, UNKNOWN, nullableUnknown), (DATA_FIM, UNKNOWN, nullableUnknown), (HORAS_TOTAIS, UNKNOWN, nullableUnknown)], keys=[]) - start
13:20:16.901 [main] DEBUG org.dbunit.dataset.OrderedTableNameMap - getTableName(tableName=TB_CALENDARIO) - start
13:20:16.901 [main] DEBUG org.dbunit.dataset.OrderedTableNameMap - getTableName(tableName=TB_CALENDARIO) - end - result=TB_CALENDARIO
13:20:16.901 [main] DEBUG org.dbunit.dataset.OrderedTableNameMap - getTableName(tableName=TB_CALENDARIO) - start
13:20:16.901 [main] DEBUG org.dbunit.dataset.OrderedTableNameMap - getTableName(tableName=TB_CALENDARIO) - end - result=TB_CALENDARIO
13:20:16.901 [main] DEBUG org.dbunit.dataset.OrderedTableNameMap - getLastTableName() - start
13:20:16.901 [main] DEBUG org.dbunit.dataset.OrderedTableNameMap - getTableName(tableName=TB_CALENDARIO) - start
13:20:16.901 [main] DEBUG org.dbunit.dataset.OrderedTableNameMap - getTableName(tableName=TB_CALENDARIO) - end - result=TB_CALENDARIO
13:20:16.901 [main] DEBUG org.dbunit.dataset.AbstractTableMetaData - getColumnIndex(columnName=ID_CALENDARIO) - start
13:20:16.901 [main] DEBUG org.dbunit.dataset.AbstractTableMetaData - getColumnIndex(columnName=DATA_INICIO) - start
13:20:16.901 [main] DEBUG org.dbunit.dataset.AbstractTableMetaData - getColumnIndex(columnName=DATA_FIM) - start
13:20:16.901 [main] DEBUG org.dbunit.dataset.AbstractTableMetaData - getColumnIndex(columnName=HORAS_TOTAIS) - start
13:20:16.901 [main] DEBUG org.dbunit.dataset.OrderedTableNameMap - getLastTableName() - start
13:20:16.901 [main] DEBUG org.dbunit.dataset.OrderedTableNameMap - getTableName(tableName=TB_CALENDARIO) - start
13:20:16.901 [main] DEBUG org.dbunit.dataset.OrderedTableNameMap - getTableName(tableName=TB_CALENDARIO) - end - result=TB_CALENDARIO
13:20:16.901 [main] DEBUG org.dbunit.dataset.AbstractTableMetaData - getColumnIndex(columnName=ID_CALENDARIO) - start
13:20:16.901 [main] DEBUG org.dbunit.dataset.AbstractTableMetaData - getColumnIndex(columnName=DATA_INICIO) - start
13:20:16.901 [main] DEBUG org.dbunit.dataset.AbstractTableMetaData - getColumnIndex(columnName=DATA_FIM) - start
13:20:16.901 [main] DEBUG org.dbunit.dataset.AbstractTableMetaData - getColumnIndex(columnName=HORAS_TOTAIS) - start
13:20:16.901 [main] DEBUG org.dbunit.dataset.xml.FlatXmlProducer - endElement(uri=, localName=, qName=TB_CALENDARIO) - start
13:20:16.901 [main] DEBUG org.dbunit.dataset.xml.FlatXmlProducer - startElement(uri=, localName=, qName=TB_CALENDARIO, attributes=com.sun.org.apache.xerces.internal.parsers.AbstractSAXParser$AttributesProxy@503df2d0) - start
13:20:16.901 [main] DEBUG org.dbunit.dataset.OrderedTableNameMap - getLastTableName() - start
13:20:16.901 [main] DEBUG org.dbunit.dataset.OrderedTableNameMap - getTableName(tableName=TB_CALENDARIO) - start
13:20:16.901 [main] DEBUG org.dbunit.dataset.OrderedTableNameMap - getTableName(tableName=TB_CALENDARIO) - end - result=TB_CALENDARIO
13:20:16.901 [main] DEBUG org.dbunit.dataset.OrderedTableNameMap - isLastTable(tableName=TB_CALENDARIO) - start
13:20:16.901 [main] DEBUG org.dbunit.dataset.OrderedTableNameMap - getLastTableName() - start
13:20:16.901 [main] DEBUG org.dbunit.dataset.OrderedTableNameMap - getTableName(tableName=TB_CALENDARIO) - start
13:20:16.901 [main] DEBUG org.dbunit.dataset.OrderedTableNameMap - getTableName(tableName=TB_CALENDARIO) - end - result=TB_CALENDARIO
13:20:16.901 [main] DEBUG org.dbunit.dataset.OrderedTableNameMap - getTableName(tableName=TB_CALENDARIO) - start
13:20:16.901 [main] DEBUG org.dbunit.dataset.OrderedTableNameMap - getTableName(tableName=TB_CALENDARIO) - end - result=TB_CALENDARIO
13:20:16.901 [main] DEBUG org.dbunit.dataset.OrderedTableNameMap - getLastTableName() - start
13:20:16.901 [main] DEBUG org.dbunit.dataset.OrderedTableNameMap - getTableName(tableName=TB_CALENDARIO) - start
13:20:16.901 [main] DEBUG org.dbunit.dataset.OrderedTableNameMap - getTableName(tableName=TB_CALENDARIO) - end - result=TB_CALENDARIO
13:20:16.901 [main] DEBUG org.dbunit.dataset.AbstractTableMetaData - getColumnIndex(columnName=ID_CALENDARIO) - start
13:20:16.901 [main] DEBUG org.dbunit.dataset.AbstractTableMetaData - getColumnIndex(columnName=DATA_INICIO) - start
13:20:16.901 [main] DEBUG org.dbunit.dataset.AbstractTableMetaData - getColumnIndex(columnName=DATA_FIM) - start
13:20:16.901 [main] DEBUG org.dbunit.dataset.AbstractTableMetaData - getColumnIndex(columnName=HORAS_TOTAIS) - start
13:20:16.901 [main] DEBUG org.dbunit.dataset.OrderedTableNameMap - getLastTableName() - start
13:20:16.901 [main] DEBUG org.dbunit.dataset.OrderedTableNameMap - getTableName(tableName=TB_CALENDARIO) - start
13:20:16.901 [main] DEBUG org.dbunit.dataset.OrderedTableNameMap - getTableName(tableName=TB_CALENDARIO) - end - result=TB_CALENDARIO
13:20:16.901 [main] DEBUG org.dbunit.dataset.AbstractTableMetaData - getColumnIndex(columnName=ID_CALENDARIO) - start
13:20:16.901 [main] DEBUG org.dbunit.dataset.AbstractTableMetaData - getColumnIndex(columnName=DATA_INICIO) - start
13:20:16.901 [main] DEBUG org.dbunit.dataset.AbstractTableMetaData - getColumnIndex(columnName=DATA_FIM) - start
13:20:16.901 [main] DEBUG org.dbunit.dataset.AbstractTableMetaData - getColumnIndex(columnName=HORAS_TOTAIS) - start
13:20:16.901 [main] DEBUG org.dbunit.dataset.xml.FlatXmlProducer - endElement(uri=, localName=, qName=TB_CALENDARIO) - start
13:20:16.901 [main] DEBUG org.dbunit.dataset.xml.FlatXmlProducer - startElement(uri=, localName=, qName=TB_PROJETO, attributes=com.sun.org.apache.xerces.internal.parsers.AbstractSAXParser$AttributesProxy@503df2d0) - start
13:20:16.901 [main] DEBUG org.dbunit.dataset.OrderedTableNameMap - getLastTableName() - start
13:20:16.901 [main] DEBUG org.dbunit.dataset.OrderedTableNameMap - getTableName(tableName=TB_CALENDARIO) - start
13:20:16.901 [main] DEBUG org.dbunit.dataset.OrderedTableNameMap - getTableName(tableName=TB_CALENDARIO) - end - result=TB_CALENDARIO
13:20:16.901 [main] DEBUG org.dbunit.dataset.OrderedTableNameMap - isLastTable(tableName=TB_PROJETO) - start
13:20:16.901 [main] DEBUG org.dbunit.dataset.OrderedTableNameMap - getLastTableName() - start
13:20:16.901 [main] DEBUG org.dbunit.dataset.OrderedTableNameMap - getTableName(tableName=TB_CALENDARIO) - start
13:20:16.901 [main] DEBUG org.dbunit.dataset.OrderedTableNameMap - getTableName(tableName=TB_CALENDARIO) - end - result=TB_CALENDARIO
13:20:16.901 [main] DEBUG org.dbunit.dataset.OrderedTableNameMap - getTableName(tableName=TB_PROJETO) - start
13:20:16.901 [main] DEBUG org.dbunit.dataset.OrderedTableNameMap - getTableName(tableName=TB_PROJETO) - end - result=TB_PROJETO
13:20:16.901 [main] DEBUG org.dbunit.dataset.OrderedTableNameMap - getTableName(tableName=TB_PROJETO) - start
13:20:16.901 [main] DEBUG org.dbunit.dataset.OrderedTableNameMap - getTableName(tableName=TB_PROJETO) - end - result=TB_PROJETO
13:20:16.901 [main] DEBUG org.dbunit.dataset.xml.FlatXmlProducer - createTableMetaData(tableName=TB_PROJETO, attributes=com.sun.org.apache.xerces.internal.parsers.AbstractSAXParser$AttributesProxy@503df2d0) - start
13:20:16.901 [main] DEBUG org.dbunit.dataset.Columns - getColumns(columnNames=[], columns=[(ID_PROJETO, UNKNOWN, nullableUnknown), (NOME_PROJETO, UNKNOWN, nullableUnknown), (DESCRICAO_PROJETO, UNKNOWN, nullableUnknown), (ID_CLIENTE, UNKNOWN, nullableUnknown), (ID_CALENDARIO, UNKNOWN, nullableUnknown), (ID_RELATORIO, UNKNOWN, nullableUnknown)]) - start
13:20:16.901 [main] DEBUG org.dbunit.dataset.OrderedTableNameMap - add(tableName=TB_PROJETO, object=tableName=TB_PROJETO, columns=[(ID_PROJETO, UNKNOWN, nullableUnknown), (NOME_PROJETO, UNKNOWN, nullableUnknown), (DESCRICAO_PROJETO, UNKNOWN, nullableUnknown), (ID_CLIENTE, UNKNOWN, nullableUnknown), (ID_CALENDARIO, UNKNOWN, nullableUnknown), (ID_RELATORIO, UNKNOWN, nullableUnknown)], keys=[]) - start
13:20:16.901 [main] DEBUG org.dbunit.dataset.OrderedTableNameMap - getTableName(tableName=TB_PROJETO) - start
13:20:16.901 [main] DEBUG org.dbunit.dataset.OrderedTableNameMap - getTableName(tableName=TB_PROJETO) - end - result=TB_PROJETO
13:20:16.901 [main] DEBUG org.dbunit.dataset.OrderedTableNameMap - getTableName(tableName=TB_PROJETO) - start
13:20:16.901 [main] DEBUG org.dbunit.dataset.OrderedTableNameMap - getTableName(tableName=TB_PROJETO) - end - result=TB_PROJETO
13:20:16.901 [main] DEBUG org.dbunit.dataset.OrderedTableNameMap - getLastTableName() - start
13:20:16.902 [main] DEBUG org.dbunit.dataset.OrderedTableNameMap - getTableName(tableName=TB_PROJETO) - start
13:20:16.902 [main] DEBUG org.dbunit.dataset.OrderedTableNameMap - getTableName(tableName=TB_PROJETO) - end - result=TB_PROJETO
13:20:16.902 [main] DEBUG org.dbunit.dataset.AbstractTableMetaData - getColumnIndex(columnName=ID_PROJETO) - start
13:20:16.902 [main] DEBUG org.dbunit.dataset.AbstractTableMetaData - getColumnIndex(columnName=NOME_PROJETO) - start
13:20:16.902 [main] DEBUG org.dbunit.dataset.AbstractTableMetaData - getColumnIndex(columnName=DESCRICAO_PROJETO) - start
13:20:16.902 [main] DEBUG org.dbunit.dataset.AbstractTableMetaData - getColumnIndex(columnName=ID_CLIENTE) - start
13:20:16.902 [main] DEBUG org.dbunit.dataset.AbstractTableMetaData - getColumnIndex(columnName=ID_CALENDARIO) - start
13:20:16.902 [main] DEBUG org.dbunit.dataset.AbstractTableMetaData - getColumnIndex(columnName=ID_RELATORIO) - start
13:20:16.902 [main] DEBUG org.dbunit.dataset.OrderedTableNameMap - getLastTableName() - start
13:20:16.902 [main] DEBUG org.dbunit.dataset.OrderedTableNameMap - getTableName(tableName=TB_PROJETO) - start
13:20:16.902 [main] DEBUG org.dbunit.dataset.OrderedTableNameMap - getTableName(tableName=TB_PROJETO) - end - result=TB_PROJETO
13:20:16.902 [main] DEBUG org.dbunit.dataset.AbstractTableMetaData - getColumnIndex(columnName=ID_PROJETO) - start
13:20:16.902 [main] DEBUG org.dbunit.dataset.AbstractTableMetaData - getColumnIndex(columnName=NOME_PROJETO) - start
13:20:16.902 [main] DEBUG org.dbunit.dataset.AbstractTableMetaData - getColumnIndex(columnName=DESCRICAO_PROJETO) - start
13:20:16.902 [main] DEBUG org.dbunit.dataset.AbstractTableMetaData - getColumnIndex(columnName=ID_CLIENTE) - start
13:20:16.902 [main] DEBUG org.dbunit.dataset.AbstractTableMetaData - getColumnIndex(columnName=ID_CALENDARIO) - start
13:20:16.902 [main] DEBUG org.dbunit.dataset.AbstractTableMetaData - getColumnIndex(columnName=ID_RELATORIO) - start
13:20:16.902 [main] DEBUG org.dbunit.dataset.xml.FlatXmlProducer - endElement(uri=, localName=, qName=TB_PROJETO) - start
13:20:16.902 [main] DEBUG org.dbunit.dataset.xml.FlatXmlProducer - startElement(uri=, localName=, qName=TB_PROJETO, attributes=com.sun.org.apache.xerces.internal.parsers.AbstractSAXParser$AttributesProxy@503df2d0) - start
13:20:16.902 [main] DEBUG org.dbunit.dataset.OrderedTableNameMap - getLastTableName() - start
13:20:16.902 [main] DEBUG org.dbunit.dataset.OrderedTableNameMap - getTableName(tableName=TB_PROJETO) - start
13:20:16.902 [main] DEBUG org.dbunit.dataset.OrderedTableNameMap - getTableName(tableName=TB_PROJETO) - end - result=TB_PROJETO
13:20:16.902 [main] DEBUG org.dbunit.dataset.OrderedTableNameMap - isLastTable(tableName=TB_PROJETO) - start
13:20:16.902 [main] DEBUG org.dbunit.dataset.OrderedTableNameMap - getLastTableName() - start
13:20:16.902 [main] DEBUG org.dbunit.dataset.OrderedTableNameMap - getTableName(tableName=TB_PROJETO) - start
13:20:16.902 [main] DEBUG org.dbunit.dataset.OrderedTableNameMap - getTableName(tableName=TB_PROJETO) - end - result=TB_PROJETO
13:20:16.902 [main] DEBUG org.dbunit.dataset.OrderedTableNameMap - getTableName(tableName=TB_PROJETO) - start
13:20:16.902 [main] DEBUG org.dbunit.dataset.OrderedTableNameMap - getTableName(tableName=TB_PROJETO) - end - result=TB_PROJETO
13:20:16.902 [main] DEBUG org.dbunit.dataset.OrderedTableNameMap - getLastTableName() - start
13:20:16.902 [main] DEBUG org.dbunit.dataset.OrderedTableNameMap - getTableName(tableName=TB_PROJETO) - start
13:20:16.902 [main] DEBUG org.dbunit.dataset.OrderedTableNameMap - getTableName(tableName=TB_PROJETO) - end - result=TB_PROJETO
13:20:16.902 [main] DEBUG org.dbunit.dataset.AbstractTableMetaData - getColumnIndex(columnName=ID_PROJETO) - start
13:20:16.902 [main] DEBUG org.dbunit.dataset.AbstractTableMetaData - getColumnIndex(columnName=NOME_PROJETO) - start
13:20:16.902 [main] DEBUG org.dbunit.dataset.AbstractTableMetaData - getColumnIndex(columnName=DESCRICAO_PROJETO) - start
13:20:16.902 [main] DEBUG org.dbunit.dataset.AbstractTableMetaData - getColumnIndex(columnName=ID_CLIENTE) - start
13:20:16.902 [main] DEBUG org.dbunit.dataset.AbstractTableMetaData - getColumnIndex(columnName=ID_CALENDARIO) - start
13:20:16.902 [main] DEBUG org.dbunit.dataset.AbstractTableMetaData - getColumnIndex(columnName=ID_RELATORIO) - start
13:20:16.902 [main] DEBUG org.dbunit.dataset.OrderedTableNameMap - getLastTableName() - start
13:20:16.902 [main] DEBUG org.dbunit.dataset.OrderedTableNameMap - getTableName(tableName=TB_PROJETO) - start
13:20:16.902 [main] DEBUG org.dbunit.dataset.OrderedTableNameMap - getTableName(tableName=TB_PROJETO) - end - result=TB_PROJETO
13:20:16.902 [main] DEBUG org.dbunit.dataset.AbstractTableMetaData - getColumnIndex(columnName=ID_PROJETO) - start
13:20:16.902 [main] DEBUG org.dbunit.dataset.AbstractTableMetaData - getColumnIndex(columnName=NOME_PROJETO) - start
13:20:16.902 [main] DEBUG org.dbunit.dataset.AbstractTableMetaData - getColumnIndex(columnName=DESCRICAO_PROJETO) - start
13:20:16.902 [main] DEBUG org.dbunit.dataset.AbstractTableMetaData - getColumnIndex(columnName=ID_CLIENTE) - start
13:20:16.902 [main] DEBUG org.dbunit.dataset.AbstractTableMetaData - getColumnIndex(columnName=ID_CALENDARIO) - start
13:20:16.902 [main] DEBUG org.dbunit.dataset.AbstractTableMetaData - getColumnIndex(columnName=ID_RELATORIO) - start
13:20:16.902 [main] DEBUG org.dbunit.dataset.xml.FlatXmlProducer - endElement(uri=, localName=, qName=TB_PROJETO) - start
13:20:16.902 [main] DEBUG org.dbunit.dataset.xml.FlatXmlProducer - startElement(uri=, localName=, qName=TB_DOCUMENTO, attributes=com.sun.org.apache.xerces.internal.parsers.AbstractSAXParser$AttributesProxy@503df2d0) - start
13:20:16.902 [main] DEBUG org.dbunit.dataset.OrderedTableNameMap - getLastTableName() - start
13:20:16.902 [main] DEBUG org.dbunit.dataset.OrderedTableNameMap - getTableName(tableName=TB_PROJETO) - start
13:20:16.902 [main] DEBUG org.dbunit.dataset.OrderedTableNameMap - getTableName(tableName=TB_PROJETO) - end - result=TB_PROJETO
13:20:16.902 [main] DEBUG org.dbunit.dataset.OrderedTableNameMap - isLastTable(tableName=TB_DOCUMENTO) - start
13:20:16.902 [main] DEBUG org.dbunit.dataset.OrderedTableNameMap - getLastTableName() - start
13:20:16.902 [main] DEBUG org.dbunit.dataset.OrderedTableNameMap - getTableName(tableName=TB_PROJETO) - start
13:20:16.902 [main] DEBUG org.dbunit.dataset.OrderedTableNameMap - getTableName(tableName=TB_PROJETO) - end - result=TB_PROJETO
13:20:16.902 [main] DEBUG org.dbunit.dataset.OrderedTableNameMap - getTableName(tableName=TB_DOCUMENTO) - start
13:20:16.902 [main] DEBUG org.dbunit.dataset.OrderedTableNameMap - getTableName(tableName=TB_DOCUMENTO) - end - result=TB_DOCUMENTO
13:20:16.902 [main] DEBUG org.dbunit.dataset.OrderedTableNameMap - getTableName(tableName=TB_DOCUMENTO) - start
13:20:16.902 [main] DEBUG org.dbunit.dataset.OrderedTableNameMap - getTableName(tableName=TB_DOCUMENTO) - end - result=TB_DOCUMENTO
13:20:16.902 [main] DEBUG org.dbunit.dataset.xml.FlatXmlProducer - createTableMetaData(tableName=TB_DOCUMENTO, attributes=com.sun.org.apache.xerces.internal.parsers.AbstractSAXParser$AttributesProxy@503df2d0) - start
13:20:16.902 [main] DEBUG org.dbunit.dataset.Columns - getColumns(columnNames=[], columns=[(ID_DOCUMENTO, UNKNOWN, nullableUnknown), (TITULO_DOCUMENTO, UNKNOWN, nullableUnknown), (TIPO_DOCUMENTO, UNKNOWN, nullableUnknown), (DATA_CRIACAO_DOCUMENTO, UNKNOWN, nullableUnknown), (AUTOR_DOCUMENTO, UNKNOWN, nullableUnknown), (CAMINHO_ARQUIVO_DOCUMENTO, UNKNOWN, nullableUnknown), (ID_PROJETO, UNKNOWN, nullableUnknown)]) - start
13:20:16.902 [main] DEBUG org.dbunit.dataset.OrderedTableNameMap - add(tableName=TB_DOCUMENTO, object=tableName=TB_DOCUMENTO, columns=[(ID_DOCUMENTO, UNKNOWN, nullableUnknown), (TITULO_DOCUMENTO, UNKNOWN, nullableUnknown), (TIPO_DOCUMENTO, UNKNOWN, nullableUnknown), (DATA_CRIACAO_DOCUMENTO, UNKNOWN, nullableUnknown), (AUTOR_DOCUMENTO, UNKNOWN, nullableUnknown), (CAMINHO_ARQUIVO_DOCUMENTO, UNKNOWN, nullableUnknown), (ID_PROJETO, UNKNOWN, nullableUnknown)], keys=[]) - start
13:20:16.902 [main] DEBUG org.dbunit.dataset.OrderedTableNameMap - getTableName(tableName=TB_DOCUMENTO) - start
13:20:16.902 [main] DEBUG org.dbunit.dataset.OrderedTableNameMap - getTableName(tableName=TB_DOCUMENTO) - end - result=TB_DOCUMENTO
13:20:16.902 [main] DEBUG org.dbunit.dataset.OrderedTableNameMap - getTableName(tableName=TB_DOCUMENTO) - start
13:20:16.902 [main] DEBUG org.dbunit.dataset.OrderedTableNameMap - getTableName(tableName=TB_DOCUMENTO) - end - result=TB_DOCUMENTO
13:20:16.902 [main] DEBUG org.dbunit.dataset.OrderedTableNameMap - getLastTableName() - start
13:20:16.902 [main] DEBUG org.dbunit.dataset.OrderedTableNameMap - getTableName(tableName=TB_DOCUMENTO) - start
13:20:16.902 [main] DEBUG org.dbunit.dataset.OrderedTableNameMap - getTableName(tableName=TB_DOCUMENTO) - end - result=TB_DOCUMENTO
13:20:16.902 [main] DEBUG org.dbunit.dataset.AbstractTableMetaData - getColumnIndex(columnName=ID_DOCUMENTO) - start
13:20:16.902 [main] DEBUG org.dbunit.dataset.AbstractTableMetaData - getColumnIndex(columnName=TITULO_DOCUMENTO) - start
13:20:16.902 [main] DEBUG org.dbunit.dataset.AbstractTableMetaData - getColumnIndex(columnName=TIPO_DOCUMENTO) - start
13:20:16.903 [main] DEBUG org.dbunit.dataset.AbstractTableMetaData - getColumnIndex(columnName=DATA_CRIACAO_DOCUMENTO) - start
13:20:16.903 [main] DEBUG org.dbunit.dataset.AbstractTableMetaData - getColumnIndex(columnName=AUTOR_DOCUMENTO) - start
13:20:16.903 [main] DEBUG org.dbunit.dataset.AbstractTableMetaData - getColumnIndex(columnName=CAMINHO_ARQUIVO_DOCUMENTO) - start
13:20:16.903 [main] DEBUG org.dbunit.dataset.AbstractTableMetaData - getColumnIndex(columnName=ID_PROJETO) - start
13:20:16.903 [main] DEBUG org.dbunit.dataset.OrderedTableNameMap - getLastTableName() - start
13:20:16.903 [main] DEBUG org.dbunit.dataset.OrderedTableNameMap - getTableName(tableName=TB_DOCUMENTO) - start
13:20:16.903 [main] DEBUG org.dbunit.dataset.OrderedTableNameMap - getTableName(tableName=TB_DOCUMENTO) - end - result=TB_DOCUMENTO
13:20:16.903 [main] DEBUG org.dbunit.dataset.AbstractTableMetaData - getColumnIndex(columnName=ID_DOCUMENTO) - start
13:20:16.903 [main] DEBUG org.dbunit.dataset.AbstractTableMetaData - getColumnIndex(columnName=TITULO_DOCUMENTO) - start
13:20:16.903 [main] DEBUG org.dbunit.dataset.AbstractTableMetaData - getColumnIndex(columnName=TIPO_DOCUMENTO) - start
13:20:16.903 [main] DEBUG org.dbunit.dataset.AbstractTableMetaData - getColumnIndex(columnName=DATA_CRIACAO_DOCUMENTO) - start
13:20:16.903 [main] DEBUG org.dbunit.dataset.AbstractTableMetaData - getColumnIndex(columnName=AUTOR_DOCUMENTO) - start
13:20:16.903 [main] DEBUG org.dbunit.dataset.AbstractTableMetaData - getColumnIndex(columnName=CAMINHO_ARQUIVO_DOCUMENTO) - start
13:20:16.903 [main] DEBUG org.dbunit.dataset.AbstractTableMetaData - getColumnIndex(columnName=ID_PROJETO) - start
13:20:16.903 [main] DEBUG org.dbunit.dataset.xml.FlatXmlProducer - endElement(uri=, localName=, qName=TB_DOCUMENTO) - start
13:20:16.903 [main] DEBUG org.dbunit.dataset.xml.FlatXmlProducer - startElement(uri=, localName=, qName=TB_DOCUMENTO, attributes=com.sun.org.apache.xerces.internal.parsers.AbstractSAXParser$AttributesProxy@503df2d0) - start
13:20:16.903 [main] DEBUG org.dbunit.dataset.OrderedTableNameMap - getLastTableName() - start
13:20:16.903 [main] DEBUG org.dbunit.dataset.OrderedTableNameMap - getTableName(tableName=TB_DOCUMENTO) - start
13:20:16.903 [main] DEBUG org.dbunit.dataset.OrderedTableNameMap - getTableName(tableName=TB_DOCUMENTO) - end - result=TB_DOCUMENTO
13:20:16.903 [main] DEBUG org.dbunit.dataset.OrderedTableNameMap - isLastTable(tableName=TB_DOCUMENTO) - start
13:20:16.903 [main] DEBUG org.dbunit.dataset.OrderedTableNameMap - getLastTableName() - start
13:20:16.903 [main] DEBUG org.dbunit.dataset.OrderedTableNameMap - getTableName(tableName=TB_DOCUMENTO) - start
13:20:16.903 [main] DEBUG org.dbunit.dataset.OrderedTableNameMap - getTableName(tableName=TB_DOCUMENTO) - end - result=TB_DOCUMENTO
13:20:16.903 [main] DEBUG org.dbunit.dataset.OrderedTableNameMap - getTableName(tableName=TB_DOCUMENTO) - start
13:20:16.903 [main] DEBUG org.dbunit.dataset.OrderedTableNameMap - getTableName(tableName=TB_DOCUMENTO) - end - result=TB_DOCUMENTO
13:20:16.903 [main] DEBUG org.dbunit.dataset.OrderedTableNameMap - getLastTableName() - start
13:20:16.903 [main] DEBUG org.dbunit.dataset.OrderedTableNameMap - getTableName(tableName=TB_DOCUMENTO) - start
13:20:16.903 [main] DEBUG org.dbunit.dataset.OrderedTableNameMap - getTableName(tableName=TB_DOCUMENTO) - end - result=TB_DOCUMENTO
13:20:16.903 [main] DEBUG org.dbunit.dataset.AbstractTableMetaData - getColumnIndex(columnName=ID_DOCUMENTO) - start
13:20:16.903 [main] DEBUG org.dbunit.dataset.AbstractTableMetaData - getColumnIndex(columnName=TITULO_DOCUMENTO) - start
13:20:16.903 [main] DEBUG org.dbunit.dataset.AbstractTableMetaData - getColumnIndex(columnName=TIPO_DOCUMENTO) - start
13:20:16.903 [main] DEBUG org.dbunit.dataset.AbstractTableMetaData - getColumnIndex(columnName=DATA_CRIACAO_DOCUMENTO) - start
13:20:16.903 [main] DEBUG org.dbunit.dataset.AbstractTableMetaData - getColumnIndex(columnName=AUTOR_DOCUMENTO) - start
13:20:16.903 [main] DEBUG org.dbunit.dataset.AbstractTableMetaData - getColumnIndex(columnName=CAMINHO_ARQUIVO_DOCUMENTO) - start
13:20:16.903 [main] DEBUG org.dbunit.dataset.AbstractTableMetaData - getColumnIndex(columnName=ID_PROJETO) - start
13:20:16.903 [main] DEBUG org.dbunit.dataset.OrderedTableNameMap - getLastTableName() - start
13:20:16.903 [main] DEBUG org.dbunit.dataset.OrderedTableNameMap - getTableName(tableName=TB_DOCUMENTO) - start
13:20:16.903 [main] DEBUG org.dbunit.dataset.OrderedTableNameMap - getTableName(tableName=TB_DOCUMENTO) - end - result=TB_DOCUMENTO
13:20:16.903 [main] DEBUG org.dbunit.dataset.AbstractTableMetaData - getColumnIndex(columnName=ID_DOCUMENTO) - start
13:20:16.903 [main] DEBUG org.dbunit.dataset.AbstractTableMetaData - getColumnIndex(columnName=TITULO_DOCUMENTO) - start
13:20:16.903 [main] DEBUG org.dbunit.dataset.AbstractTableMetaData - getColumnIndex(columnName=TIPO_DOCUMENTO) - start
13:20:16.903 [main] DEBUG org.dbunit.dataset.AbstractTableMetaData - getColumnIndex(columnName=DATA_CRIACAO_DOCUMENTO) - start
13:20:16.903 [main] DEBUG org.dbunit.dataset.AbstractTableMetaData - getColumnIndex(columnName=AUTOR_DOCUMENTO) - start
13:20:16.903 [main] DEBUG org.dbunit.dataset.AbstractTableMetaData - getColumnIndex(columnName=CAMINHO_ARQUIVO_DOCUMENTO) - start
13:20:16.903 [main] DEBUG org.dbunit.dataset.AbstractTableMetaData - getColumnIndex(columnName=ID_PROJETO) - start
13:20:16.903 [main] DEBUG org.dbunit.dataset.xml.FlatXmlProducer - endElement(uri=, localName=, qName=TB_DOCUMENTO) - start
13:20:16.903 [main] DEBUG org.dbunit.dataset.xml.FlatXmlProducer - startElement(uri=, localName=, qName=TB_RECURSO, attributes=com.sun.org.apache.xerces.internal.parsers.AbstractSAXParser$AttributesProxy@503df2d0) - start
13:20:16.903 [main] DEBUG org.dbunit.dataset.OrderedTableNameMap - getLastTableName() - start
13:20:16.903 [main] DEBUG org.dbunit.dataset.OrderedTableNameMap - getTableName(tableName=TB_DOCUMENTO) - start
13:20:16.903 [main] DEBUG org.dbunit.dataset.OrderedTableNameMap - getTableName(tableName=TB_DOCUMENTO) - end - result=TB_DOCUMENTO
13:20:16.903 [main] DEBUG org.dbunit.dataset.OrderedTableNameMap - isLastTable(tableName=TB_RECURSO) - start
13:20:16.903 [main] DEBUG org.dbunit.dataset.OrderedTableNameMap - getLastTableName() - start
13:20:16.903 [main] DEBUG org.dbunit.dataset.OrderedTableNameMap - getTableName(tableName=TB_DOCUMENTO) - start
13:20:16.903 [main] DEBUG org.dbunit.dataset.OrderedTableNameMap - getTableName(tableName=TB_DOCUMENTO) - end - result=TB_DOCUMENTO
13:20:16.903 [main] DEBUG org.dbunit.dataset.OrderedTableNameMap - getTableName(tableName=TB_RECURSO) - start
13:20:16.903 [main] DEBUG org.dbunit.dataset.OrderedTableNameMap - getTableName(tableName=TB_RECURSO) - end - result=TB_RECURSO
13:20:16.903 [main] DEBUG org.dbunit.dataset.OrderedTableNameMap - getTableName(tableName=TB_RECURSO) - start
13:20:16.903 [main] DEBUG org.dbunit.dataset.OrderedTableNameMap - getTableName(tableName=TB_RECURSO) - end - result=TB_RECURSO
13:20:16.903 [main] DEBUG org.dbunit.dataset.xml.FlatXmlProducer - createTableMetaData(tableName=TB_RECURSO, attributes=com.sun.org.apache.xerces.internal.parsers.AbstractSAXParser$AttributesProxy@503df2d0) - start
13:20:16.903 [main] DEBUG org.dbunit.dataset.Columns - getColumns(columnNames=[], columns=[(ID_RECURSO, UNKNOWN, nullableUnknown), (NOME_RECURSO, UNKNOWN, nullableUnknown), (TIPO_RECURSO, UNKNOWN, nullableUnknown), (QUANTIDADE_RECURSO, UNKNOWN, nullableUnknown), (CUSTO_RECURSO, UNKNOWN, nullableUnknown), (ID_PROJETO, UNKNOWN, nullableUnknown)]) - start
13:20:16.903 [main] DEBUG org.dbunit.dataset.OrderedTableNameMap - add(tableName=TB_RECURSO, object=tableName=TB_RECURSO, columns=[(ID_RECURSO, UNKNOWN, nullableUnknown), (NOME_RECURSO, UNKNOWN, nullableUnknown), (TIPO_RECURSO, UNKNOWN, nullableUnknown), (QUANTIDADE_RECURSO, UNKNOWN, nullableUnknown), (CUSTO_RECURSO, UNKNOWN, nullableUnknown), (ID_PROJETO, UNKNOWN, nullableUnknown)], keys=[]) - start
13:20:16.903 [main] DEBUG org.dbunit.dataset.OrderedTableNameMap - getTableName(tableName=TB_RECURSO) - start
13:20:16.903 [main] DEBUG org.dbunit.dataset.OrderedTableNameMap - getTableName(tableName=TB_RECURSO) - end - result=TB_RECURSO
13:20:16.903 [main] DEBUG org.dbunit.dataset.OrderedTableNameMap - getTableName(tableName=TB_RECURSO) - start
13:20:16.903 [main] DEBUG org.dbunit.dataset.OrderedTableNameMap - getTableName(tableName=TB_RECURSO) - end - result=TB_RECURSO
13:20:16.903 [main] DEBUG org.dbunit.dataset.OrderedTableNameMap - getLastTableName() - start
13:20:16.903 [main] DEBUG org.dbunit.dataset.OrderedTableNameMap - getTableName(tableName=TB_RECURSO) - start
13:20:16.903 [main] DEBUG org.dbunit.dataset.OrderedTableNameMap - getTableName(tableName=TB_RECURSO) - end - result=TB_RECURSO
13:20:16.903 [main] DEBUG org.dbunit.dataset.AbstractTableMetaData - getColumnIndex(columnName=ID_RECURSO) - start
13:20:16.903 [main] DEBUG org.dbunit.dataset.AbstractTableMetaData - getColumnIndex(columnName=NOME_RECURSO) - start
13:20:16.903 [main] DEBUG org.dbunit.dataset.AbstractTableMetaData - getColumnIndex(columnName=TIPO_RECURSO) - start
13:20:16.903 [main] DEBUG org.dbunit.dataset.AbstractTableMetaData - getColumnIndex(columnName=QUANTIDADE_RECURSO) - start
13:20:16.903 [main] DEBUG org.dbunit.dataset.AbstractTableMetaData - getColumnIndex(columnName=CUSTO_RECURSO) - start
13:20:16.903 [main] DEBUG org.dbunit.dataset.AbstractTableMetaData - getColumnIndex(columnName=ID_PROJETO) - start
13:20:16.903 [main] DEBUG org.dbunit.dataset.OrderedTableNameMap - getLastTableName() - start
13:20:16.903 [main] DEBUG org.dbunit.dataset.OrderedTableNameMap - getTableName(tableName=TB_RECURSO) - start
13:20:16.903 [main] DEBUG org.dbunit.dataset.OrderedTableNameMap - getTableName(tableName=TB_RECURSO) - end - result=TB_RECURSO
13:20:16.903 [main] DEBUG org.dbunit.dataset.AbstractTableMetaData - getColumnIndex(columnName=ID_RECURSO) - start
13:20:16.903 [main] DEBUG org.dbunit.dataset.AbstractTableMetaData - getColumnIndex(columnName=NOME_RECURSO) - start
13:20:16.903 [main] DEBUG org.dbunit.dataset.AbstractTableMetaData - getColumnIndex(columnName=TIPO_RECURSO) - start
13:20:16.903 [main] DEBUG org.dbunit.dataset.AbstractTableMetaData - getColumnIndex(columnName=QUANTIDADE_RECURSO) - start
13:20:16.903 [main] DEBUG org.dbunit.dataset.AbstractTableMetaData - getColumnIndex(columnName=CUSTO_RECURSO) - start
13:20:16.903 [main] DEBUG org.dbunit.dataset.AbstractTableMetaData - getColumnIndex(columnName=ID_PROJETO) - start
13:20:16.903 [main] DEBUG org.dbunit.dataset.xml.FlatXmlProducer - endElement(uri=, localName=, qName=TB_RECURSO) - start
13:20:16.903 [main] DEBUG org.dbunit.dataset.xml.FlatXmlProducer - startElement(uri=, localName=, qName=TB_RECURSO, attributes=com.sun.org.apache.xerces.internal.parsers.AbstractSAXParser$AttributesProxy@503df2d0) - start
13:20:16.903 [main] DEBUG org.dbunit.dataset.OrderedTableNameMap - getLastTableName() - start
13:20:16.903 [main] DEBUG org.dbunit.dataset.OrderedTableNameMap - getTableName(tableName=TB_RECURSO) - start
13:20:16.903 [main] DEBUG org.dbunit.dataset.OrderedTableNameMap - getTableName(tableName=TB_RECURSO) - end - result=TB_RECURSO
13:20:16.903 [main] DEBUG org.dbunit.dataset.OrderedTableNameMap - isLastTable(tableName=TB_RECURSO) - start
13:20:16.903 [main] DEBUG org.dbunit.dataset.OrderedTableNameMap - getLastTableName() - start
13:20:16.903 [main] DEBUG org.dbunit.dataset.OrderedTableNameMap - getTableName(tableName=TB_RECURSO) - start
13:20:16.903 [main] DEBUG org.dbunit.dataset.OrderedTableNameMap - getTableName(tableName=TB_RECURSO) - end - result=TB_RECURSO
13:20:16.903 [main] DEBUG org.dbunit.dataset.OrderedTableNameMap - getTableName(tableName=TB_RECURSO) - start
13:20:16.903 [main] DEBUG org.dbunit.dataset.OrderedTableNameMap - getTableName(tableName=TB_RECURSO) - end - result=TB_RECURSO
13:20:16.903 [main] DEBUG org.dbunit.dataset.OrderedTableNameMap - getLastTableName() - start
13:20:16.903 [main] DEBUG org.dbunit.dataset.OrderedTableNameMap - getTableName(tableName=TB_RECURSO) - start
13:20:16.903 [main] DEBUG org.dbunit.dataset.OrderedTableNameMap - getTableName(tableName=TB_RECURSO) - end - result=TB_RECURSO
13:20:16.903 [main] DEBUG org.dbunit.dataset.AbstractTableMetaData - getColumnIndex(columnName=ID_RECURSO) - start
13:20:16.904 [main] DEBUG org.dbunit.dataset.AbstractTableMetaData - getColumnIndex(columnName=NOME_RECURSO) - start
13:20:16.904 [main] DEBUG org.dbunit.dataset.AbstractTableMetaData - getColumnIndex(columnName=TIPO_RECURSO) - start
13:20:16.904 [main] DEBUG org.dbunit.dataset.AbstractTableMetaData - getColumnIndex(columnName=QUANTIDADE_RECURSO) - start
13:20:16.904 [main] DEBUG org.dbunit.dataset.AbstractTableMetaData - getColumnIndex(columnName=CUSTO_RECURSO) - start
13:20:16.904 [main] DEBUG org.dbunit.dataset.AbstractTableMetaData - getColumnIndex(columnName=ID_PROJETO) - start
13:20:16.904 [main] DEBUG org.dbunit.dataset.OrderedTableNameMap - getLastTableName() - start
13:20:16.904 [main] DEBUG org.dbunit.dataset.OrderedTableNameMap - getTableName(tableName=TB_RECURSO) - start
13:20:16.904 [main] DEBUG org.dbunit.dataset.OrderedTableNameMap - getTableName(tableName=TB_RECURSO) - end - result=TB_RECURSO
13:20:16.904 [main] DEBUG org.dbunit.dataset.AbstractTableMetaData - getColumnIndex(columnName=ID_RECURSO) - start
13:20:16.904 [main] DEBUG org.dbunit.dataset.AbstractTableMetaData - getColumnIndex(columnName=NOME_RECURSO) - start
13:20:16.904 [main] DEBUG org.dbunit.dataset.AbstractTableMetaData - getColumnIndex(columnName=TIPO_RECURSO) - start
13:20:16.904 [main] DEBUG org.dbunit.dataset.AbstractTableMetaData - getColumnIndex(columnName=QUANTIDADE_RECURSO) - start
13:20:16.904 [main] DEBUG org.dbunit.dataset.AbstractTableMetaData - getColumnIndex(columnName=CUSTO_RECURSO) - start
13:20:16.904 [main] DEBUG org.dbunit.dataset.AbstractTableMetaData - getColumnIndex(columnName=ID_PROJETO) - start
13:20:16.904 [main] DEBUG org.dbunit.dataset.xml.FlatXmlProducer - endElement(uri=, localName=, qName=TB_RECURSO) - start
13:20:16.904 [main] DEBUG org.dbunit.dataset.xml.FlatXmlProducer - startElement(uri=, localName=, qName=TB_FERIADO, attributes=com.sun.org.apache.xerces.internal.parsers.AbstractSAXParser$AttributesProxy@503df2d0) - start
13:20:16.904 [main] DEBUG org.dbunit.dataset.OrderedTableNameMap - getLastTableName() - start
13:20:16.904 [main] DEBUG org.dbunit.dataset.OrderedTableNameMap - getTableName(tableName=TB_RECURSO) - start
13:20:16.904 [main] DEBUG org.dbunit.dataset.OrderedTableNameMap - getTableName(tableName=TB_RECURSO) - end - result=TB_RECURSO
13:20:16.904 [main] DEBUG org.dbunit.dataset.OrderedTableNameMap - isLastTable(tableName=TB_FERIADO) - start
13:20:16.904 [main] DEBUG org.dbunit.dataset.OrderedTableNameMap - getLastTableName() - start
13:20:16.904 [main] DEBUG org.dbunit.dataset.OrderedTableNameMap - getTableName(tableName=TB_RECURSO) - start
13:20:16.904 [main] DEBUG org.dbunit.dataset.OrderedTableNameMap - getTableName(tableName=TB_RECURSO) - end - result=TB_RECURSO
13:20:16.904 [main] DEBUG org.dbunit.dataset.OrderedTableNameMap - getTableName(tableName=TB_FERIADO) - start
13:20:16.904 [main] DEBUG org.dbunit.dataset.OrderedTableNameMap - getTableName(tableName=TB_FERIADO) - end - result=TB_FERIADO
13:20:16.904 [main] DEBUG org.dbunit.dataset.OrderedTableNameMap - getTableName(tableName=TB_FERIADO) - start
13:20:16.904 [main] DEBUG org.dbunit.dataset.OrderedTableNameMap - getTableName(tableName=TB_FERIADO) - end - result=TB_FERIADO
13:20:16.904 [main] DEBUG org.dbunit.dataset.xml.FlatXmlProducer - createTableMetaData(tableName=TB_FERIADO, attributes=com.sun.org.apache.xerces.internal.parsers.AbstractSAXParser$AttributesProxy@503df2d0) - start
13:20:16.904 [main] DEBUG org.dbunit.dataset.Columns - getColumns(columnNames=[], columns=[(ID_FERIADO, UNKNOWN, nullableUnknown), (DATA_FERIADO, UNKNOWN, nullableUnknown), (NOME_FERIADO, UNKNOWN, nullableUnknown), (TIPO_FERIADO, UNKNOWN, nullableUnknown)]) - start
13:20:16.904 [main] DEBUG org.dbunit.dataset.OrderedTableNameMap - add(tableName=TB_FERIADO, object=tableName=TB_FERIADO, columns=[(ID_FERIADO, UNKNOWN, nullableUnknown), (DATA_FERIADO, UNKNOWN, nullableUnknown), (NOME_FERIADO, UNKNOWN, nullableUnknown), (TIPO_FERIADO, UNKNOWN, nullableUnknown)], keys=[]) - start
13:20:16.904 [main] DEBUG org.dbunit.dataset.OrderedTableNameMap - getTableName(tableName=TB_FERIADO) - start
13:20:16.904 [main] DEBUG org.dbunit.dataset.OrderedTableNameMap - getTableName(tableName=TB_FERIADO) - end - result=TB_FERIADO
13:20:16.904 [main] DEBUG org.dbunit.dataset.OrderedTableNameMap - getTableName(tableName=TB_FERIADO) - start
13:20:16.904 [main] DEBUG org.dbunit.dataset.OrderedTableNameMap - getTableName(tableName=TB_FERIADO) - end - result=TB_FERIADO
13:20:16.904 [main] DEBUG org.dbunit.dataset.OrderedTableNameMap - getLastTableName() - start
13:20:16.904 [main] DEBUG org.dbunit.dataset.OrderedTableNameMap - getTableName(tableName=TB_FERIADO) - start
13:20:16.904 [main] DEBUG org.dbunit.dataset.OrderedTableNameMap - getTableName(tableName=TB_FERIADO) - end - result=TB_FERIADO
13:20:16.904 [main] DEBUG org.dbunit.dataset.AbstractTableMetaData - getColumnIndex(columnName=ID_FERIADO) - start
13:20:16.904 [main] DEBUG org.dbunit.dataset.AbstractTableMetaData - getColumnIndex(columnName=DATA_FERIADO) - start
13:20:16.904 [main] DEBUG org.dbunit.dataset.AbstractTableMetaData - getColumnIndex(columnName=NOME_FERIADO) - start
13:20:16.904 [main] DEBUG org.dbunit.dataset.AbstractTableMetaData - getColumnIndex(columnName=TIPO_FERIADO) - start
13:20:16.904 [main] DEBUG org.dbunit.dataset.OrderedTableNameMap - getLastTableName() - start
13:20:16.904 [main] DEBUG org.dbunit.dataset.OrderedTableNameMap - getTableName(tableName=TB_FERIADO) - start
13:20:16.904 [main] DEBUG org.dbunit.dataset.OrderedTableNameMap - getTableName(tableName=TB_FERIADO) - end - result=TB_FERIADO
13:20:16.904 [main] DEBUG org.dbunit.dataset.AbstractTableMetaData - getColumnIndex(columnName=ID_FERIADO) - start
13:20:16.904 [main] DEBUG org.dbunit.dataset.AbstractTableMetaData - getColumnIndex(columnName=DATA_FERIADO) - start
13:20:16.904 [main] DEBUG org.dbunit.dataset.AbstractTableMetaData - getColumnIndex(columnName=NOME_FERIADO) - start
13:20:16.904 [main] DEBUG org.dbunit.dataset.AbstractTableMetaData - getColumnIndex(columnName=TIPO_FERIADO) - start
13:20:16.904 [main] DEBUG org.dbunit.dataset.xml.FlatXmlProducer - endElement(uri=, localName=, qName=TB_FERIADO) - start
13:20:16.904 [main] DEBUG org.dbunit.dataset.xml.FlatXmlProducer - startElement(uri=, localName=, qName=TB_FERIADO, attributes=com.sun.org.apache.xerces.internal.parsers.AbstractSAXParser$AttributesProxy@503df2d0) - start
13:20:16.904 [main] DEBUG org.dbunit.dataset.OrderedTableNameMap - getLastTableName() - start
13:20:16.904 [main] DEBUG org.dbunit.dataset.OrderedTableNameMap - getTableName(tableName=TB_FERIADO) - start
13:20:16.904 [main] DEBUG org.dbunit.dataset.OrderedTableNameMap - getTableName(tableName=TB_FERIADO) - end - result=TB_FERIADO
13:20:16.904 [main] DEBUG org.dbunit.dataset.OrderedTableNameMap - isLastTable(tableName=TB_FERIADO) - start
13:20:16.904 [main] DEBUG org.dbunit.dataset.OrderedTableNameMap - getLastTableName() - start
13:20:16.904 [main] DEBUG org.dbunit.dataset.OrderedTableNameMap - getTableName(tableName=TB_FERIADO) - start
13:20:16.904 [main] DEBUG org.dbunit.dataset.OrderedTableNameMap - getTableName(tableName=TB_FERIADO) - end - result=TB_FERIADO
13:20:16.904 [main] DEBUG org.dbunit.dataset.OrderedTableNameMap - getTableName(tableName=TB_FERIADO) - start
13:20:16.904 [main] DEBUG org.dbunit.dataset.OrderedTableNameMap - getTableName(tableName=TB_FERIADO) - end - result=TB_FERIADO
13:20:16.904 [main] DEBUG org.dbunit.dataset.OrderedTableNameMap - getLastTableName() - start
13:20:16.904 [main] DEBUG org.dbunit.dataset.OrderedTableNameMap - getTableName(tableName=TB_FERIADO) - start
13:20:16.904 [main] DEBUG org.dbunit.dataset.OrderedTableNameMap - getTableName(tableName=TB_FERIADO) - end - result=TB_FERIADO
13:20:16.904 [main] DEBUG org.dbunit.dataset.AbstractTableMetaData - getColumnIndex(columnName=ID_FERIADO) - start
13:20:16.904 [main] DEBUG org.dbunit.dataset.AbstractTableMetaData - getColumnIndex(columnName=DATA_FERIADO) - start
13:20:16.904 [main] DEBUG org.dbunit.dataset.AbstractTableMetaData - getColumnIndex(columnName=NOME_FERIADO) - start
13:20:16.904 [main] DEBUG org.dbunit.dataset.AbstractTableMetaData - getColumnIndex(columnName=TIPO_FERIADO) - start
13:20:16.904 [main] DEBUG org.dbunit.dataset.OrderedTableNameMap - getLastTableName() - start
13:20:16.904 [main] DEBUG org.dbunit.dataset.OrderedTableNameMap - getTableName(tableName=TB_FERIADO) - start
13:20:16.904 [main] DEBUG org.dbunit.dataset.OrderedTableNameMap - getTableName(tableName=TB_FERIADO) - end - result=TB_FERIADO
13:20:16.904 [main] DEBUG org.dbunit.dataset.AbstractTableMetaData - getColumnIndex(columnName=ID_FERIADO) - start
13:20:16.904 [main] DEBUG org.dbunit.dataset.AbstractTableMetaData - getColumnIndex(columnName=DATA_FERIADO) - start
13:20:16.904 [main] DEBUG org.dbunit.dataset.AbstractTableMetaData - getColumnIndex(columnName=NOME_FERIADO) - start
13:20:16.904 [main] DEBUG org.dbunit.dataset.AbstractTableMetaData - getColumnIndex(columnName=TIPO_FERIADO) - start
13:20:16.904 [main] DEBUG org.dbunit.dataset.xml.FlatXmlProducer - endElement(uri=, localName=, qName=TB_FERIADO) - start
13:20:16.904 [main] DEBUG org.dbunit.dataset.xml.FlatXmlProducer - startElement(uri=, localName=, qName=TB_FORNECEDOR, attributes=com.sun.org.apache.xerces.internal.parsers.AbstractSAXParser$AttributesProxy@503df2d0) - start
13:20:16.904 [main] DEBUG org.dbunit.dataset.OrderedTableNameMap - getLastTableName() - start
13:20:16.904 [main] DEBUG org.dbunit.dataset.OrderedTableNameMap - getTableName(tableName=TB_FERIADO) - start
13:20:16.904 [main] DEBUG org.dbunit.dataset.OrderedTableNameMap - getTableName(tableName=TB_FERIADO) - end - result=TB_FERIADO
13:20:16.904 [main] DEBUG org.dbunit.dataset.OrderedTableNameMap - isLastTable(tableName=TB_FORNECEDOR) - start
13:20:16.904 [main] DEBUG org.dbunit.dataset.OrderedTableNameMap - getLastTableName() - start
13:20:16.904 [main] DEBUG org.dbunit.dataset.OrderedTableNameMap - getTableName(tableName=TB_FERIADO) - start
13:20:16.904 [main] DEBUG org.dbunit.dataset.OrderedTableNameMap - getTableName(tableName=TB_FERIADO) - end - result=TB_FERIADO
13:20:16.904 [main] DEBUG org.dbunit.dataset.OrderedTableNameMap - getTableName(tableName=TB_FORNECEDOR) - start
13:20:16.904 [main] DEBUG org.dbunit.dataset.OrderedTableNameMap - getTableName(tableName=TB_FORNECEDOR) - end - result=TB_FORNECEDOR
13:20:16.904 [main] DEBUG org.dbunit.dataset.OrderedTableNameMap - getTableName(tableName=TB_FORNECEDOR) - start
13:20:16.904 [main] DEBUG org.dbunit.dataset.OrderedTableNameMap - getTableName(tableName=TB_FORNECEDOR) - end - result=TB_FORNECEDOR
13:20:16.904 [main] DEBUG org.dbunit.dataset.xml.FlatXmlProducer - createTableMetaData(tableName=TB_FORNECEDOR, attributes=com.sun.org.apache.xerces.internal.parsers.AbstractSAXParser$AttributesProxy@503df2d0) - start
13:20:16.904 [main] DEBUG org.dbunit.dataset.Columns - getColumns(columnNames=[], columns=[(ID_FORNECEDOR, UNKNOWN, nullableUnknown), (NOME_FORNECEDOR, UNKNOWN, nullableUnknown), (CNPJ_FORNECEDOR, UNKNOWN, nullableUnknown), (EMAIL_FORNECEDOR, UNKNOWN, nullableUnknown), (TIPO_FORNECEDOR, UNKNOWN, nullableUnknown), (TIPO_STATUS, UNKNOWN, nullableUnknown), (DESCRICAO, UNKNOWN, nullableUnknown), (DATA_CADASTRO, UNKNOWN, nullableUnknown)]) - start
13:20:16.904 [main] DEBUG org.dbunit.dataset.OrderedTableNameMap - add(tableName=TB_FORNECEDOR, object=tableName=TB_FORNECEDOR, columns=[(ID_FORNECEDOR, UNKNOWN, nullableUnknown), (NOME_FORNECEDOR, UNKNOWN, nullableUnknown), (CNPJ_FORNECEDOR, UNKNOWN, nullableUnknown), (EMAIL_FORNECEDOR, UNKNOWN, nullableUnknown), (TIPO_FORNECEDOR, UNKNOWN, nullableUnknown), (TIPO_STATUS, UNKNOWN, nullableUnknown), (DESCRICAO, UNKNOWN, nullableUnknown), (DATA_CADASTRO, UNKNOWN, nullableUnknown)], keys=[]) - start
13:20:16.904 [main] DEBUG org.dbunit.dataset.OrderedTableNameMap - getTableName(tableName=TB_FORNECEDOR) - start
13:20:16.904 [main] DEBUG org.dbunit.dataset.OrderedTableNameMap - getTableName(tableName=TB_FORNECEDOR) - end - result=TB_FORNECEDOR
13:20:16.904 [main] DEBUG org.dbunit.dataset.OrderedTableNameMap - getTableName(tableName=TB_FORNECEDOR) - start
13:20:16.904 [main] DEBUG org.dbunit.dataset.OrderedTableNameMap - getTableName(tableName=TB_FORNECEDOR) - end - result=TB_FORNECEDOR
13:20:16.905 [main] DEBUG org.dbunit.dataset.OrderedTableNameMap - getLastTableName() - start
13:20:16.905 [main] DEBUG org.dbunit.dataset.OrderedTableNameMap - getTableName(tableName=TB_FORNECEDOR) - start
13:20:16.905 [main] DEBUG org.dbunit.dataset.OrderedTableNameMap - getTableName(tableName=TB_FORNECEDOR) - end - result=TB_FORNECEDOR
13:20:16.905 [main] DEBUG org.dbunit.dataset.AbstractTableMetaData - getColumnIndex(columnName=ID_FORNECEDOR) - start
13:20:16.905 [main] DEBUG org.dbunit.dataset.AbstractTableMetaData - getColumnIndex(columnName=NOME_FORNECEDOR) - start
13:20:16.905 [main] DEBUG org.dbunit.dataset.AbstractTableMetaData - getColumnIndex(columnName=CNPJ_FORNECEDOR) - start
13:20:16.905 [main] DEBUG org.dbunit.dataset.AbstractTableMetaData - getColumnIndex(columnName=EMAIL_FORNECEDOR) - start
13:20:16.905 [main] DEBUG org.dbunit.dataset.AbstractTableMetaData - getColumnIndex(columnName=TIPO_FORNECEDOR) - start
13:20:16.905 [main] DEBUG org.dbunit.dataset.AbstractTableMetaData - getColumnIndex(columnName=TIPO_STATUS) - start
13:20:16.905 [main] DEBUG org.dbunit.dataset.AbstractTableMetaData - getColumnIndex(columnName=DESCRICAO) - start
13:20:16.905 [main] DEBUG org.dbunit.dataset.AbstractTableMetaData - getColumnIndex(columnName=DATA_CADASTRO) - start
13:20:16.905 [main] DEBUG org.dbunit.dataset.OrderedTableNameMap - getLastTableName() - start
13:20:16.905 [main] DEBUG org.dbunit.dataset.OrderedTableNameMap - getTableName(tableName=TB_FORNECEDOR) - start
13:20:16.905 [main] DEBUG org.dbunit.dataset.OrderedTableNameMap - getTableName(tableName=TB_FORNECEDOR) - end - result=TB_FORNECEDOR
13:20:16.905 [main] DEBUG org.dbunit.dataset.AbstractTableMetaData - getColumnIndex(columnName=ID_FORNECEDOR) - start
13:20:16.905 [main] DEBUG org.dbunit.dataset.AbstractTableMetaData - getColumnIndex(columnName=NOME_FORNECEDOR) - start
13:20:16.905 [main] DEBUG org.dbunit.dataset.AbstractTableMetaData - getColumnIndex(columnName=CNPJ_FORNECEDOR) - start
13:20:16.905 [main] DEBUG org.dbunit.dataset.AbstractTableMetaData - getColumnIndex(columnName=EMAIL_FORNECEDOR) - start
13:20:16.905 [main] DEBUG org.dbunit.dataset.AbstractTableMetaData - getColumnIndex(columnName=TIPO_FORNECEDOR) - start
13:20:16.905 [main] DEBUG org.dbunit.dataset.AbstractTableMetaData - getColumnIndex(columnName=TIPO_STATUS) - start
13:20:16.905 [main] DEBUG org.dbunit.dataset.AbstractTableMetaData - getColumnIndex(columnName=DESCRICAO) - start
13:20:16.905 [main] DEBUG org.dbunit.dataset.AbstractTableMetaData - getColumnIndex(columnName=DATA_CADASTRO) - start
13:20:16.905 [main] DEBUG org.dbunit.dataset.xml.FlatXmlProducer - endElement(uri=, localName=, qName=TB_FORNECEDOR) - start
13:20:16.905 [main] DEBUG org.dbunit.dataset.xml.FlatXmlProducer - startElement(uri=, localName=, qName=TB_FORNECEDOR, attributes=com.sun.org.apache.xerces.internal.parsers.AbstractSAXParser$AttributesProxy@503df2d0) - start
13:20:16.905 [main] DEBUG org.dbunit.dataset.OrderedTableNameMap - getLastTableName() - start
13:20:16.905 [main] DEBUG org.dbunit.dataset.OrderedTableNameMap - getTableName(tableName=TB_FORNECEDOR) - start
13:20:16.905 [main] DEBUG org.dbunit.dataset.OrderedTableNameMap - getTableName(tableName=TB_FORNECEDOR) - end - result=TB_FORNECEDOR
13:20:16.905 [main] DEBUG org.dbunit.dataset.OrderedTableNameMap - isLastTable(tableName=TB_FORNECEDOR) - start
13:20:16.905 [main] DEBUG org.dbunit.dataset.OrderedTableNameMap - getLastTableName() - start
13:20:16.905 [main] DEBUG org.dbunit.dataset.OrderedTableNameMap - getTableName(tableName=TB_FORNECEDOR) - start
13:20:16.905 [main] DEBUG org.dbunit.dataset.OrderedTableNameMap - getTableName(tableName=TB_FORNECEDOR) - end - result=TB_FORNECEDOR
13:20:16.905 [main] DEBUG org.dbunit.dataset.OrderedTableNameMap - getTableName(tableName=TB_FORNECEDOR) - start
13:20:16.905 [main] DEBUG org.dbunit.dataset.OrderedTableNameMap - getTableName(tableName=TB_FORNECEDOR) - end - result=TB_FORNECEDOR
13:20:16.905 [main] DEBUG org.dbunit.dataset.OrderedTableNameMap - getLastTableName() - start
13:20:16.905 [main] DEBUG org.dbunit.dataset.OrderedTableNameMap - getTableName(tableName=TB_FORNECEDOR) - start
13:20:16.905 [main] DEBUG org.dbunit.dataset.OrderedTableNameMap - getTableName(tableName=TB_FORNECEDOR) - end - result=TB_FORNECEDOR
13:20:16.905 [main] DEBUG org.dbunit.dataset.AbstractTableMetaData - getColumnIndex(columnName=ID_FORNECEDOR) - start
13:20:16.905 [main] DEBUG org.dbunit.dataset.AbstractTableMetaData - getColumnIndex(columnName=NOME_FORNECEDOR) - start
13:20:16.905 [main] DEBUG org.dbunit.dataset.AbstractTableMetaData - getColumnIndex(columnName=CNPJ_FORNECEDOR) - start
13:20:16.905 [main] DEBUG org.dbunit.dataset.AbstractTableMetaData - getColumnIndex(columnName=EMAIL_FORNECEDOR) - start
13:20:16.905 [main] DEBUG org.dbunit.dataset.AbstractTableMetaData - getColumnIndex(columnName=TIPO_FORNECEDOR) - start
13:20:16.905 [main] DEBUG org.dbunit.dataset.AbstractTableMetaData - getColumnIndex(columnName=TIPO_STATUS) - start
13:20:16.905 [main] DEBUG org.dbunit.dataset.AbstractTableMetaData - getColumnIndex(columnName=DESCRICAO) - start
13:20:16.905 [main] DEBUG org.dbunit.dataset.AbstractTableMetaData - getColumnIndex(columnName=DATA_CADASTRO) - start
13:20:16.905 [main] DEBUG org.dbunit.dataset.OrderedTableNameMap - getLastTableName() - start
13:20:16.905 [main] DEBUG org.dbunit.dataset.OrderedTableNameMap - getTableName(tableName=TB_FORNECEDOR) - start
13:20:16.905 [main] DEBUG org.dbunit.dataset.OrderedTableNameMap - getTableName(tableName=TB_FORNECEDOR) - end - result=TB_FORNECEDOR
13:20:16.905 [main] DEBUG org.dbunit.dataset.AbstractTableMetaData - getColumnIndex(columnName=ID_FORNECEDOR) - start
13:20:16.905 [main] DEBUG org.dbunit.dataset.AbstractTableMetaData - getColumnIndex(columnName=NOME_FORNECEDOR) - start
13:20:16.905 [main] DEBUG org.dbunit.dataset.AbstractTableMetaData - getColumnIndex(columnName=CNPJ_FORNECEDOR) - start
13:20:16.905 [main] DEBUG org.dbunit.dataset.AbstractTableMetaData - getColumnIndex(columnName=EMAIL_FORNECEDOR) - start
13:20:16.905 [main] DEBUG org.dbunit.dataset.AbstractTableMetaData - getColumnIndex(columnName=TIPO_FORNECEDOR) - start
13:20:16.905 [main] DEBUG org.dbunit.dataset.AbstractTableMetaData - getColumnIndex(columnName=TIPO_STATUS) - start
13:20:16.905 [main] DEBUG org.dbunit.dataset.AbstractTableMetaData - getColumnIndex(columnName=DESCRICAO) - start
13:20:16.905 [main] DEBUG org.dbunit.dataset.AbstractTableMetaData - getColumnIndex(columnName=DATA_CADASTRO) - start
13:20:16.905 [main] DEBUG org.dbunit.dataset.xml.FlatXmlProducer - endElement(uri=, localName=, qName=TB_FORNECEDOR) - start
13:20:16.905 [main] DEBUG org.dbunit.dataset.xml.FlatXmlProducer - startElement(uri=, localName=, qName=TB_PROJETO_FORNECEDOR, attributes=com.sun.org.apache.xerces.internal.parsers.AbstractSAXParser$AttributesProxy@503df2d0) - start
13:20:16.905 [main] DEBUG org.dbunit.dataset.OrderedTableNameMap - getLastTableName() - start
13:20:16.905 [main] DEBUG org.dbunit.dataset.OrderedTableNameMap - getTableName(tableName=TB_FORNECEDOR) - start
13:20:16.905 [main] DEBUG org.dbunit.dataset.OrderedTableNameMap - getTableName(tableName=TB_FORNECEDOR) - end - result=TB_FORNECEDOR
13:20:16.905 [main] DEBUG org.dbunit.dataset.OrderedTableNameMap - isLastTable(tableName=TB_PROJETO_FORNECEDOR) - start
13:20:16.905 [main] DEBUG org.dbunit.dataset.OrderedTableNameMap - getLastTableName() - start
13:20:16.905 [main] DEBUG org.dbunit.dataset.OrderedTableNameMap - getTableName(tableName=TB_FORNECEDOR) - start
13:20:16.905 [main] DEBUG org.dbunit.dataset.OrderedTableNameMap - getTableName(tableName=TB_FORNECEDOR) - end - result=TB_FORNECEDOR
13:20:16.905 [main] DEBUG org.dbunit.dataset.OrderedTableNameMap - getTableName(tableName=TB_PROJETO_FORNECEDOR) - start
13:20:16.905 [main] DEBUG org.dbunit.dataset.OrderedTableNameMap - getTableName(tableName=TB_PROJETO_FORNECEDOR) - end - result=TB_PROJETO_FORNECEDOR
13:20:16.905 [main] DEBUG org.dbunit.dataset.OrderedTableNameMap - getTableName(tableName=TB_PROJETO_FORNECEDOR) - start
13:20:16.905 [main] DEBUG org.dbunit.dataset.OrderedTableNameMap - getTableName(tableName=TB_PROJETO_FORNECEDOR) - end - result=TB_PROJETO_FORNECEDOR
13:20:16.905 [main] DEBUG org.dbunit.dataset.xml.FlatXmlProducer - createTableMetaData(tableName=TB_PROJETO_FORNECEDOR, attributes=com.sun.org.apache.xerces.internal.parsers.AbstractSAXParser$AttributesProxy@503df2d0) - start
13:20:16.905 [main] DEBUG org.dbunit.dataset.Columns - getColumns(columnNames=[], columns=[(ID_PROJETO, UNKNOWN, nullableUnknown), (ID_FORNECEDOR, UNKNOWN, nullableUnknown)]) - start
13:20:16.905 [main] DEBUG org.dbunit.dataset.OrderedTableNameMap - add(tableName=TB_PROJETO_FORNECEDOR, object=tableName=TB_PROJETO_FORNECEDOR, columns=[(ID_PROJETO, UNKNOWN, nullableUnknown), (ID_FORNECEDOR, UNKNOWN, nullableUnknown)], keys=[]) - start
13:20:16.905 [main] DEBUG org.dbunit.dataset.OrderedTableNameMap - getTableName(tableName=TB_PROJETO_FORNECEDOR) - start
13:20:16.905 [main] DEBUG org.dbunit.dataset.OrderedTableNameMap - getTableName(tableName=TB_PROJETO_FORNECEDOR) - end - result=TB_PROJETO_FORNECEDOR
13:20:16.905 [main] DEBUG org.dbunit.dataset.OrderedTableNameMap - getTableName(tableName=TB_PROJETO_FORNECEDOR) - start
13:20:16.905 [main] DEBUG org.dbunit.dataset.OrderedTableNameMap - getTableName(tableName=TB_PROJETO_FORNECEDOR) - end - result=TB_PROJETO_FORNECEDOR
13:20:16.905 [main] DEBUG org.dbunit.dataset.OrderedTableNameMap - getLastTableName() - start
13:20:16.905 [main] DEBUG org.dbunit.dataset.OrderedTableNameMap - getTableName(tableName=TB_PROJETO_FORNECEDOR) - start
13:20:16.905 [main] DEBUG org.dbunit.dataset.OrderedTableNameMap - getTableName(tableName=TB_PROJETO_FORNECEDOR) - end - result=TB_PROJETO_FORNECEDOR
13:20:16.905 [main] DEBUG org.dbunit.dataset.AbstractTableMetaData - getColumnIndex(columnName=ID_PROJETO) - start
13:20:16.905 [main] DEBUG org.dbunit.dataset.AbstractTableMetaData - getColumnIndex(columnName=ID_FORNECEDOR) - start
13:20:16.905 [main] DEBUG org.dbunit.dataset.OrderedTableNameMap - getLastTableName() - start
13:20:16.905 [main] DEBUG org.dbunit.dataset.OrderedTableNameMap - getTableName(tableName=TB_PROJETO_FORNECEDOR) - start
13:20:16.905 [main] DEBUG org.dbunit.dataset.OrderedTableNameMap - getTableName(tableName=TB_PROJETO_FORNECEDOR) - end - result=TB_PROJETO_FORNECEDOR
13:20:16.905 [main] DEBUG org.dbunit.dataset.AbstractTableMetaData - getColumnIndex(columnName=ID_PROJETO) - start
13:20:16.905 [main] DEBUG org.dbunit.dataset.AbstractTableMetaData - getColumnIndex(columnName=ID_FORNECEDOR) - start
13:20:16.905 [main] DEBUG org.dbunit.dataset.xml.FlatXmlProducer - endElement(uri=, localName=, qName=TB_PROJETO_FORNECEDOR) - start
13:20:16.905 [main] DEBUG org.dbunit.dataset.xml.FlatXmlProducer - startElement(uri=, localName=, qName=TB_PROJETO_FORNECEDOR, attributes=com.sun.org.apache.xerces.internal.parsers.AbstractSAXParser$AttributesProxy@503df2d0) - start
13:20:16.905 [main] DEBUG org.dbunit.dataset.OrderedTableNameMap - getLastTableName() - start
13:20:16.905 [main] DEBUG org.dbunit.dataset.OrderedTableNameMap - getTableName(tableName=TB_PROJETO_FORNECEDOR) - start
13:20:16.905 [main] DEBUG org.dbunit.dataset.OrderedTableNameMap - getTableName(tableName=TB_PROJETO_FORNECEDOR) - end - result=TB_PROJETO_FORNECEDOR
13:20:16.905 [main] DEBUG org.dbunit.dataset.OrderedTableNameMap - isLastTable(tableName=TB_PROJETO_FORNECEDOR) - start
13:20:16.905 [main] DEBUG org.dbunit.dataset.OrderedTableNameMap - getLastTableName() - start
13:20:16.905 [main] DEBUG org.dbunit.dataset.OrderedTableNameMap - getTableName(tableName=TB_PROJETO_FORNECEDOR) - start
13:20:16.905 [main] DEBUG org.dbunit.dataset.OrderedTableNameMap - getTableName(tableName=TB_PROJETO_FORNECEDOR) - end - result=TB_PROJETO_FORNECEDOR
13:20:16.905 [main] DEBUG org.dbunit.dataset.OrderedTableNameMap - getTableName(tableName=TB_PROJETO_FORNECEDOR) - start
13:20:16.905 [main] DEBUG org.dbunit.dataset.OrderedTableNameMap - getTableName(tableName=TB_PROJETO_FORNECEDOR) - end - result=TB_PROJETO_FORNECEDOR
13:20:16.905 [main] DEBUG org.dbunit.dataset.OrderedTableNameMap - getLastTableName() - start
13:20:16.905 [main] DEBUG org.dbunit.dataset.OrderedTableNameMap - getTableName(tableName=TB_PROJETO_FORNECEDOR) - start
13:20:16.905 [main] DEBUG org.dbunit.dataset.OrderedTableNameMap - getTableName(tableName=TB_PROJETO_FORNECEDOR) - end - result=TB_PROJETO_FORNECEDOR
13:20:16.905 [main] DEBUG org.dbunit.dataset.AbstractTableMetaData - getColumnIndex(columnName=ID_PROJETO) - start
13:20:16.905 [main] DEBUG org.dbunit.dataset.AbstractTableMetaData - getColumnIndex(columnName=ID_FORNECEDOR) - start
13:20:16.905 [main] DEBUG org.dbunit.dataset.OrderedTableNameMap - getLastTableName() - start
13:20:16.905 [main] DEBUG org.dbunit.dataset.OrderedTableNameMap - getTableName(tableName=TB_PROJETO_FORNECEDOR) - start
13:20:16.905 [main] DEBUG org.dbunit.dataset.OrderedTableNameMap - getTableName(tableName=TB_PROJETO_FORNECEDOR) - end - result=TB_PROJETO_FORNECEDOR
13:20:16.905 [main] DEBUG org.dbunit.dataset.AbstractTableMetaData - getColumnIndex(columnName=ID_PROJETO) - start
13:20:16.905 [main] DEBUG org.dbunit.dataset.AbstractTableMetaData - getColumnIndex(columnName=ID_FORNECEDOR) - start
13:20:16.905 [main] DEBUG org.dbunit.dataset.xml.FlatXmlProducer - endElement(uri=, localName=, qName=TB_PROJETO_FORNECEDOR) - start
13:20:16.906 [main] DEBUG org.dbunit.dataset.xml.FlatXmlProducer - startElement(uri=, localName=, qName=TB_USUARIO, attributes=com.sun.org.apache.xerces.internal.parsers.AbstractSAXParser$AttributesProxy@503df2d0) - start
13:20:16.906 [main] DEBUG org.dbunit.dataset.OrderedTableNameMap - getLastTableName() - start
13:20:16.906 [main] DEBUG org.dbunit.dataset.OrderedTableNameMap - getTableName(tableName=TB_PROJETO_FORNECEDOR) - start
13:20:16.906 [main] DEBUG org.dbunit.dataset.OrderedTableNameMap - getTableName(tableName=TB_PROJETO_FORNECEDOR) - end - result=TB_PROJETO_FORNECEDOR
13:20:16.906 [main] DEBUG org.dbunit.dataset.OrderedTableNameMap - isLastTable(tableName=TB_USUARIO) - start
13:20:16.906 [main] DEBUG org.dbunit.dataset.OrderedTableNameMap - getLastTableName() - start
13:20:16.906 [main] DEBUG org.dbunit.dataset.OrderedTableNameMap - getTableName(tableName=TB_PROJETO_FORNECEDOR) - start
13:20:16.906 [main] DEBUG org.dbunit.dataset.OrderedTableNameMap - getTableName(tableName=TB_PROJETO_FORNECEDOR) - end - result=TB_PROJETO_FORNECEDOR
13:20:16.906 [main] DEBUG org.dbunit.dataset.OrderedTableNameMap - getTableName(tableName=TB_USUARIO) - start
13:20:16.906 [main] DEBUG org.dbunit.dataset.OrderedTableNameMap - getTableName(tableName=TB_USUARIO) - end - result=TB_USUARIO
13:20:16.906 [main] DEBUG org.dbunit.dataset.OrderedTableNameMap - getTableName(tableName=TB_USUARIO) - start
13:20:16.906 [main] DEBUG org.dbunit.dataset.OrderedTableNameMap - getTableName(tableName=TB_USUARIO) - end - result=TB_USUARIO
13:20:16.906 [main] DEBUG org.dbunit.dataset.xml.FlatXmlProducer - createTableMetaData(tableName=TB_USUARIO, attributes=com.sun.org.apache.xerces.internal.parsers.AbstractSAXParser$AttributesProxy@503df2d0) - start
13:20:16.906 [main] DEBUG org.dbunit.dataset.Columns - getColumns(columnNames=[], columns=[(ID_USUARIO, UNKNOWN, nullableUnknown), (NOME_USUARIO, UNKNOWN, nullableUnknown), (EMAIL_USUARIO, UNKNOWN, nullableUnknown), (SENHA_USUARIO, UNKNOWN, nullableUnknown)]) - start
13:20:16.906 [main] DEBUG org.dbunit.dataset.OrderedTableNameMap - add(tableName=TB_USUARIO, object=tableName=TB_USUARIO, columns=[(ID_USUARIO, UNKNOWN, nullableUnknown), (NOME_USUARIO, UNKNOWN, nullableUnknown), (EMAIL_USUARIO, UNKNOWN, nullableUnknown), (SENHA_USUARIO, UNKNOWN, nullableUnknown)], keys=[]) - start
13:20:16.906 [main] DEBUG org.dbunit.dataset.OrderedTableNameMap - getTableName(tableName=TB_USUARIO) - start
13:20:16.906 [main] DEBUG org.dbunit.dataset.OrderedTableNameMap - getTableName(tableName=TB_USUARIO) - end - result=TB_USUARIO
13:20:16.906 [main] DEBUG org.dbunit.dataset.OrderedTableNameMap - getTableName(tableName=TB_USUARIO) - start
13:20:16.906 [main] DEBUG org.dbunit.dataset.OrderedTableNameMap - getTableName(tableName=TB_USUARIO) - end - result=TB_USUARIO
13:20:16.906 [main] DEBUG org.dbunit.dataset.OrderedTableNameMap - getLastTableName() - start
13:20:16.906 [main] DEBUG org.dbunit.dataset.OrderedTableNameMap - getTableName(tableName=TB_USUARIO) - start
13:20:16.906 [main] DEBUG org.dbunit.dataset.OrderedTableNameMap - getTableName(tableName=TB_USUARIO) - end - result=TB_USUARIO
13:20:16.906 [main] DEBUG org.dbunit.dataset.AbstractTableMetaData - getColumnIndex(columnName=ID_USUARIO) - start
13:20:16.906 [main] DEBUG org.dbunit.dataset.AbstractTableMetaData - getColumnIndex(columnName=NOME_USUARIO) - start
13:20:16.906 [main] DEBUG org.dbunit.dataset.AbstractTableMetaData - getColumnIndex(columnName=EMAIL_USUARIO) - start
13:20:16.906 [main] DEBUG org.dbunit.dataset.AbstractTableMetaData - getColumnIndex(columnName=SENHA_USUARIO) - start
13:20:16.906 [main] DEBUG org.dbunit.dataset.OrderedTableNameMap - getLastTableName() - start
13:20:16.906 [main] DEBUG org.dbunit.dataset.OrderedTableNameMap - getTableName(tableName=TB_USUARIO) - start
13:20:16.906 [main] DEBUG org.dbunit.dataset.OrderedTableNameMap - getTableName(tableName=TB_USUARIO) - end - result=TB_USUARIO
13:20:16.906 [main] DEBUG org.dbunit.dataset.AbstractTableMetaData - getColumnIndex(columnName=ID_USUARIO) - start
13:20:16.906 [main] DEBUG org.dbunit.dataset.AbstractTableMetaData - getColumnIndex(columnName=NOME_USUARIO) - start
13:20:16.906 [main] DEBUG org.dbunit.dataset.AbstractTableMetaData - getColumnIndex(columnName=EMAIL_USUARIO) - start
13:20:16.906 [main] DEBUG org.dbunit.dataset.AbstractTableMetaData - getColumnIndex(columnName=SENHA_USUARIO) - start
13:20:16.906 [main] DEBUG org.dbunit.dataset.xml.FlatXmlProducer - endElement(uri=, localName=, qName=TB_USUARIO) - start
13:20:16.906 [main] DEBUG org.dbunit.dataset.xml.FlatXmlProducer - startElement(uri=, localName=, qName=TB_USUARIO, attributes=com.sun.org.apache.xerces.internal.parsers.AbstractSAXParser$AttributesProxy@503df2d0) - start
13:20:16.906 [main] DEBUG org.dbunit.dataset.OrderedTableNameMap - getLastTableName() - start
13:20:16.906 [main] DEBUG org.dbunit.dataset.OrderedTableNameMap - getTableName(tableName=TB_USUARIO) - start
13:20:16.906 [main] DEBUG org.dbunit.dataset.OrderedTableNameMap - getTableName(tableName=TB_USUARIO) - end - result=TB_USUARIO
13:20:16.906 [main] DEBUG org.dbunit.dataset.OrderedTableNameMap - isLastTable(tableName=TB_USUARIO) - start
13:20:16.906 [main] DEBUG org.dbunit.dataset.OrderedTableNameMap - getLastTableName() - start
13:20:16.906 [main] DEBUG org.dbunit.dataset.OrderedTableNameMap - getTableName(tableName=TB_USUARIO) - start
13:20:16.906 [main] DEBUG org.dbunit.dataset.OrderedTableNameMap - getTableName(tableName=TB_USUARIO) - end - result=TB_USUARIO
13:20:16.906 [main] DEBUG org.dbunit.dataset.OrderedTableNameMap - getTableName(tableName=TB_USUARIO) - start
13:20:16.906 [main] DEBUG org.dbunit.dataset.OrderedTableNameMap - getTableName(tableName=TB_USUARIO) - end - result=TB_USUARIO
13:20:16.906 [main] DEBUG org.dbunit.dataset.OrderedTableNameMap - getLastTableName() - start
13:20:16.906 [main] DEBUG org.dbunit.dataset.OrderedTableNameMap - getTableName(tableName=TB_USUARIO) - start
13:20:16.906 [main] DEBUG org.dbunit.dataset.OrderedTableNameMap - getTableName(tableName=TB_USUARIO) - end - result=TB_USUARIO
13:20:16.906 [main] DEBUG org.dbunit.dataset.AbstractTableMetaData - getColumnIndex(columnName=ID_USUARIO) - start
13:20:16.906 [main] DEBUG org.dbunit.dataset.AbstractTableMetaData - getColumnIndex(columnName=NOME_USUARIO) - start
13:20:16.906 [main] DEBUG org.dbunit.dataset.AbstractTableMetaData - getColumnIndex(columnName=EMAIL_USUARIO) - start
13:20:16.906 [main] DEBUG org.dbunit.dataset.AbstractTableMetaData - getColumnIndex(columnName=SENHA_USUARIO) - start
13:20:16.906 [main] DEBUG org.dbunit.dataset.OrderedTableNameMap - getLastTableName() - start
13:20:16.906 [main] DEBUG org.dbunit.dataset.OrderedTableNameMap - getTableName(tableName=TB_USUARIO) - start
13:20:16.906 [main] DEBUG org.dbunit.dataset.OrderedTableNameMap - getTableName(tableName=TB_USUARIO) - end - result=TB_USUARIO
13:20:16.906 [main] DEBUG org.dbunit.dataset.AbstractTableMetaData - getColumnIndex(columnName=ID_USUARIO) - start
13:20:16.906 [main] DEBUG org.dbunit.dataset.AbstractTableMetaData - getColumnIndex(columnName=NOME_USUARIO) - start
13:20:16.906 [main] DEBUG org.dbunit.dataset.AbstractTableMetaData - getColumnIndex(columnName=EMAIL_USUARIO) - start
13:20:16.906 [main] DEBUG org.dbunit.dataset.AbstractTableMetaData - getColumnIndex(columnName=SENHA_USUARIO) - start
13:20:16.906 [main] DEBUG org.dbunit.dataset.xml.FlatXmlProducer - endElement(uri=, localName=, qName=TB_USUARIO) - start
13:20:16.906 [main] DEBUG org.dbunit.dataset.xml.FlatXmlProducer - startElement(uri=, localName=, qName=TB_PERFIL, attributes=com.sun.org.apache.xerces.internal.parsers.AbstractSAXParser$AttributesProxy@503df2d0) - start
13:20:16.906 [main] DEBUG org.dbunit.dataset.OrderedTableNameMap - getLastTableName() - start
13:20:16.906 [main] DEBUG org.dbunit.dataset.OrderedTableNameMap - getTableName(tableName=TB_USUARIO) - start
13:20:16.906 [main] DEBUG org.dbunit.dataset.OrderedTableNameMap - getTableName(tableName=TB_USUARIO) - end - result=TB_USUARIO
13:20:16.906 [main] DEBUG org.dbunit.dataset.OrderedTableNameMap - isLastTable(tableName=TB_PERFIL) - start
13:20:16.906 [main] DEBUG org.dbunit.dataset.OrderedTableNameMap - getLastTableName() - start
13:20:16.906 [main] DEBUG org.dbunit.dataset.OrderedTableNameMap - getTableName(tableName=TB_USUARIO) - start
13:20:16.906 [main] DEBUG org.dbunit.dataset.OrderedTableNameMap - getTableName(tableName=TB_USUARIO) - end - result=TB_USUARIO
13:20:16.906 [main] DEBUG org.dbunit.dataset.OrderedTableNameMap - getTableName(tableName=TB_PERFIL) - start
13:20:16.906 [main] DEBUG org.dbunit.dataset.OrderedTableNameMap - getTableName(tableName=TB_PERFIL) - end - result=TB_PERFIL
13:20:16.906 [main] DEBUG org.dbunit.dataset.OrderedTableNameMap - getTableName(tableName=TB_PERFIL) - start
13:20:16.906 [main] DEBUG org.dbunit.dataset.OrderedTableNameMap - getTableName(tableName=TB_PERFIL) - end - result=TB_PERFIL
13:20:16.906 [main] DEBUG org.dbunit.dataset.xml.FlatXmlProducer - createTableMetaData(tableName=TB_PERFIL, attributes=com.sun.org.apache.xerces.internal.parsers.AbstractSAXParser$AttributesProxy@503df2d0) - start
13:20:16.906 [main] DEBUG org.dbunit.dataset.Columns - getColumns(columnNames=[], columns=[(ID_PERFIL, UNKNOWN, nullableUnknown), (NOME_PERFIL, UNKNOWN, nullableUnknown)]) - start
13:20:16.906 [main] DEBUG org.dbunit.dataset.OrderedTableNameMap - add(tableName=TB_PERFIL, object=tableName=TB_PERFIL, columns=[(ID_PERFIL, UNKNOWN, nullableUnknown), (NOME_PERFIL, UNKNOWN, nullableUnknown)], keys=[]) - start
13:20:16.906 [main] DEBUG org.dbunit.dataset.OrderedTableNameMap - getTableName(tableName=TB_PERFIL) - start
13:20:16.906 [main] DEBUG org.dbunit.dataset.OrderedTableNameMap - getTableName(tableName=TB_PERFIL) - end - result=TB_PERFIL
13:20:16.906 [main] DEBUG org.dbunit.dataset.OrderedTableNameMap - getTableName(tableName=TB_PERFIL) - start
13:20:16.906 [main] DEBUG org.dbunit.dataset.OrderedTableNameMap - getTableName(tableName=TB_PERFIL) - end - result=TB_PERFIL
13:20:16.906 [main] DEBUG org.dbunit.dataset.OrderedTableNameMap - getLastTableName() - start
13:20:16.906 [main] DEBUG org.dbunit.dataset.OrderedTableNameMap - getTableName(tableName=TB_PERFIL) - start
13:20:16.906 [main] DEBUG org.dbunit.dataset.OrderedTableNameMap - getTableName(tableName=TB_PERFIL) - end - result=TB_PERFIL
13:20:16.906 [main] DEBUG org.dbunit.dataset.AbstractTableMetaData - getColumnIndex(columnName=ID_PERFIL) - start
13:20:16.906 [main] DEBUG org.dbunit.dataset.AbstractTableMetaData - getColumnIndex(columnName=NOME_PERFIL) - start
13:20:16.906 [main] DEBUG org.dbunit.dataset.OrderedTableNameMap - getLastTableName() - start
13:20:16.906 [main] DEBUG org.dbunit.dataset.OrderedTableNameMap - getTableName(tableName=TB_PERFIL) - start
13:20:16.906 [main] DEBUG org.dbunit.dataset.OrderedTableNameMap - getTableName(tableName=TB_PERFIL) - end - result=TB_PERFIL
13:20:16.906 [main] DEBUG org.dbunit.dataset.AbstractTableMetaData - getColumnIndex(columnName=ID_PERFIL) - start
13:20:16.906 [main] DEBUG org.dbunit.dataset.AbstractTableMetaData - getColumnIndex(columnName=NOME_PERFIL) - start
13:20:16.906 [main] DEBUG org.dbunit.dataset.xml.FlatXmlProducer - endElement(uri=, localName=, qName=TB_PERFIL) - start
13:20:16.906 [main] DEBUG org.dbunit.dataset.xml.FlatXmlProducer - startElement(uri=, localName=, qName=TB_PERFIL, attributes=com.sun.org.apache.xerces.internal.parsers.AbstractSAXParser$AttributesProxy@503df2d0) - start
13:20:16.906 [main] DEBUG org.dbunit.dataset.OrderedTableNameMap - getLastTableName() - start
13:20:16.907 [main] DEBUG org.dbunit.dataset.OrderedTableNameMap - getTableName(tableName=TB_PERFIL) - start
13:20:16.907 [main] DEBUG org.dbunit.dataset.OrderedTableNameMap - getTableName(tableName=TB_PERFIL) - end - result=TB_PERFIL
13:20:16.907 [main] DEBUG org.dbunit.dataset.OrderedTableNameMap - isLastTable(tableName=TB_PERFIL) - start
13:20:16.907 [main] DEBUG org.dbunit.dataset.OrderedTableNameMap - getLastTableName() - start
13:20:16.907 [main] DEBUG org.dbunit.dataset.OrderedTableNameMap - getTableName(tableName=TB_PERFIL) - start
13:20:16.907 [main] DEBUG org.dbunit.dataset.OrderedTableNameMap - getTableName(tableName=TB_PERFIL) - end - result=TB_PERFIL
13:20:16.907 [main] DEBUG org.dbunit.dataset.OrderedTableNameMap - getTableName(tableName=TB_PERFIL) - start
13:20:16.907 [main] DEBUG org.dbunit.dataset.OrderedTableNameMap - getTableName(tableName=TB_PERFIL) - end - result=TB_PERFIL
13:20:16.907 [main] DEBUG org.dbunit.dataset.OrderedTableNameMap - getLastTableName() - start
13:20:16.907 [main] DEBUG org.dbunit.dataset.OrderedTableNameMap - getTableName(tableName=TB_PERFIL) - start
13:20:16.907 [main] DEBUG org.dbunit.dataset.OrderedTableNameMap - getTableName(tableName=TB_PERFIL) - end - result=TB_PERFIL
13:20:16.907 [main] DEBUG org.dbunit.dataset.AbstractTableMetaData - getColumnIndex(columnName=ID_PERFIL) - start
13:20:16.907 [main] DEBUG org.dbunit.dataset.AbstractTableMetaData - getColumnIndex(columnName=NOME_PERFIL) - start
13:20:16.907 [main] DEBUG org.dbunit.dataset.OrderedTableNameMap - getLastTableName() - start
13:20:16.907 [main] DEBUG org.dbunit.dataset.OrderedTableNameMap - getTableName(tableName=TB_PERFIL) - start
13:20:16.907 [main] DEBUG org.dbunit.dataset.OrderedTableNameMap - getTableName(tableName=TB_PERFIL) - end - result=TB_PERFIL
13:20:16.907 [main] DEBUG org.dbunit.dataset.AbstractTableMetaData - getColumnIndex(columnName=ID_PERFIL) - start
13:20:16.907 [main] DEBUG org.dbunit.dataset.AbstractTableMetaData - getColumnIndex(columnName=NOME_PERFIL) - start
13:20:16.907 [main] DEBUG org.dbunit.dataset.xml.FlatXmlProducer - endElement(uri=, localName=, qName=TB_PERFIL) - start
13:20:16.907 [main] DEBUG org.dbunit.dataset.xml.FlatXmlProducer - startElement(uri=, localName=, qName=TB_USUARIO_PERFIL, attributes=com.sun.org.apache.xerces.internal.parsers.AbstractSAXParser$AttributesProxy@503df2d0) - start
13:20:16.907 [main] DEBUG org.dbunit.dataset.OrderedTableNameMap - getLastTableName() - start
13:20:16.907 [main] DEBUG org.dbunit.dataset.OrderedTableNameMap - getTableName(tableName=TB_PERFIL) - start
13:20:16.907 [main] DEBUG org.dbunit.dataset.OrderedTableNameMap - getTableName(tableName=TB_PERFIL) - end - result=TB_PERFIL
13:20:16.907 [main] DEBUG org.dbunit.dataset.OrderedTableNameMap - isLastTable(tableName=TB_USUARIO_PERFIL) - start
13:20:16.907 [main] DEBUG org.dbunit.dataset.OrderedTableNameMap - getLastTableName() - start
13:20:16.907 [main] DEBUG org.dbunit.dataset.OrderedTableNameMap - getTableName(tableName=TB_PERFIL) - start
13:20:16.907 [main] DEBUG org.dbunit.dataset.OrderedTableNameMap - getTableName(tableName=TB_PERFIL) - end - result=TB_PERFIL
13:20:16.907 [main] DEBUG org.dbunit.dataset.OrderedTableNameMap - getTableName(tableName=TB_USUARIO_PERFIL) - start
13:20:16.907 [main] DEBUG org.dbunit.dataset.OrderedTableNameMap - getTableName(tableName=TB_USUARIO_PERFIL) - end - result=TB_USUARIO_PERFIL
13:20:16.907 [main] DEBUG org.dbunit.dataset.OrderedTableNameMap - getTableName(tableName=TB_USUARIO_PERFIL) - start
13:20:16.907 [main] DEBUG org.dbunit.dataset.OrderedTableNameMap - getTableName(tableName=TB_USUARIO_PERFIL) - end - result=TB_USUARIO_PERFIL
13:20:16.907 [main] DEBUG org.dbunit.dataset.xml.FlatXmlProducer - createTableMetaData(tableName=TB_USUARIO_PERFIL, attributes=com.sun.org.apache.xerces.internal.parsers.AbstractSAXParser$AttributesProxy@503df2d0) - start
13:20:16.907 [main] DEBUG org.dbunit.dataset.Columns - getColumns(columnNames=[], columns=[(ID_USUARIO, UNKNOWN, nullableUnknown), (ID_PERFIL, UNKNOWN, nullableUnknown)]) - start
13:20:16.907 [main] DEBUG org.dbunit.dataset.OrderedTableNameMap - add(tableName=TB_USUARIO_PERFIL, object=tableName=TB_USUARIO_PERFIL, columns=[(ID_USUARIO, UNKNOWN, nullableUnknown), (ID_PERFIL, UNKNOWN, nullableUnknown)], keys=[]) - start
13:20:16.907 [main] DEBUG org.dbunit.dataset.OrderedTableNameMap - getTableName(tableName=TB_USUARIO_PERFIL) - start
13:20:16.907 [main] DEBUG org.dbunit.dataset.OrderedTableNameMap - getTableName(tableName=TB_USUARIO_PERFIL) - end - result=TB_USUARIO_PERFIL
13:20:16.907 [main] DEBUG org.dbunit.dataset.OrderedTableNameMap - getTableName(tableName=TB_USUARIO_PERFIL) - start
13:20:16.907 [main] DEBUG org.dbunit.dataset.OrderedTableNameMap - getTableName(tableName=TB_USUARIO_PERFIL) - end - result=TB_USUARIO_PERFIL
13:20:16.907 [main] DEBUG org.dbunit.dataset.OrderedTableNameMap - getLastTableName() - start
13:20:16.907 [main] DEBUG org.dbunit.dataset.OrderedTableNameMap - getTableName(tableName=TB_USUARIO_PERFIL) - start
13:20:16.907 [main] DEBUG org.dbunit.dataset.OrderedTableNameMap - getTableName(tableName=TB_USUARIO_PERFIL) - end - result=TB_USUARIO_PERFIL
13:20:16.907 [main] DEBUG org.dbunit.dataset.AbstractTableMetaData - getColumnIndex(columnName=ID_USUARIO) - start
13:20:16.907 [main] DEBUG org.dbunit.dataset.AbstractTableMetaData - getColumnIndex(columnName=ID_PERFIL) - start
13:20:16.907 [main] DEBUG org.dbunit.dataset.OrderedTableNameMap - getLastTableName() - start
13:20:16.907 [main] DEBUG org.dbunit.dataset.OrderedTableNameMap - getTableName(tableName=TB_USUARIO_PERFIL) - start
13:20:16.907 [main] DEBUG org.dbunit.dataset.OrderedTableNameMap - getTableName(tableName=TB_USUARIO_PERFIL) - end - result=TB_USUARIO_PERFIL
13:20:16.907 [main] DEBUG org.dbunit.dataset.AbstractTableMetaData - getColumnIndex(columnName=ID_USUARIO) - start
13:20:16.907 [main] DEBUG org.dbunit.dataset.AbstractTableMetaData - getColumnIndex(columnName=ID_PERFIL) - start
13:20:16.907 [main] DEBUG org.dbunit.dataset.xml.FlatXmlProducer - endElement(uri=, localName=, qName=TB_USUARIO_PERFIL) - start
13:20:16.907 [main] DEBUG org.dbunit.dataset.xml.FlatXmlProducer - startElement(uri=, localName=, qName=TB_USUARIO_PERFIL, attributes=com.sun.org.apache.xerces.internal.parsers.AbstractSAXParser$AttributesProxy@503df2d0) - start
13:20:16.907 [main] DEBUG org.dbunit.dataset.OrderedTableNameMap - getLastTableName() - start
13:20:16.907 [main] DEBUG org.dbunit.dataset.OrderedTableNameMap - getTableName(tableName=TB_USUARIO_PERFIL) - start
13:20:16.907 [main] DEBUG org.dbunit.dataset.OrderedTableNameMap - getTableName(tableName=TB_USUARIO_PERFIL) - end - result=TB_USUARIO_PERFIL
13:20:16.907 [main] DEBUG org.dbunit.dataset.OrderedTableNameMap - isLastTable(tableName=TB_USUARIO_PERFIL) - start
13:20:16.907 [main] DEBUG org.dbunit.dataset.OrderedTableNameMap - getLastTableName() - start
13:20:16.907 [main] DEBUG org.dbunit.dataset.OrderedTableNameMap - getTableName(tableName=TB_USUARIO_PERFIL) - start
13:20:16.907 [main] DEBUG org.dbunit.dataset.OrderedTableNameMap - getTableName(tableName=TB_USUARIO_PERFIL) - end - result=TB_USUARIO_PERFIL
13:20:16.907 [main] DEBUG org.dbunit.dataset.OrderedTableNameMap - getTableName(tableName=TB_USUARIO_PERFIL) - start
13:20:16.907 [main] DEBUG org.dbunit.dataset.OrderedTableNameMap - getTableName(tableName=TB_USUARIO_PERFIL) - end - result=TB_USUARIO_PERFIL
13:20:16.907 [main] DEBUG org.dbunit.dataset.OrderedTableNameMap - getLastTableName() - start
13:20:16.907 [main] DEBUG org.dbunit.dataset.OrderedTableNameMap - getTableName(tableName=TB_USUARIO_PERFIL) - start
13:20:16.907 [main] DEBUG org.dbunit.dataset.OrderedTableNameMap - getTableName(tableName=TB_USUARIO_PERFIL) - end - result=TB_USUARIO_PERFIL
13:20:16.907 [main] DEBUG org.dbunit.dataset.AbstractTableMetaData - getColumnIndex(columnName=ID_USUARIO) - start
13:20:16.907 [main] DEBUG org.dbunit.dataset.AbstractTableMetaData - getColumnIndex(columnName=ID_PERFIL) - start
13:20:16.907 [main] DEBUG org.dbunit.dataset.OrderedTableNameMap - getLastTableName() - start
13:20:16.907 [main] DEBUG org.dbunit.dataset.OrderedTableNameMap - getTableName(tableName=TB_USUARIO_PERFIL) - start
13:20:16.907 [main] DEBUG org.dbunit.dataset.OrderedTableNameMap - getTableName(tableName=TB_USUARIO_PERFIL) - end - result=TB_USUARIO_PERFIL
13:20:16.907 [main] DEBUG org.dbunit.dataset.AbstractTableMetaData - getColumnIndex(columnName=ID_USUARIO) - start
13:20:16.907 [main] DEBUG org.dbunit.dataset.AbstractTableMetaData - getColumnIndex(columnName=ID_PERFIL) - start
13:20:16.907 [main] DEBUG org.dbunit.dataset.xml.FlatXmlProducer - endElement(uri=, localName=, qName=TB_USUARIO_PERFIL) - start
13:20:16.907 [main] DEBUG org.dbunit.dataset.xml.FlatXmlProducer - startElement(uri=, localName=, qName=TB_TAREFA, attributes=com.sun.org.apache.xerces.internal.parsers.AbstractSAXParser$AttributesProxy@503df2d0) - start
13:20:16.907 [main] DEBUG org.dbunit.dataset.OrderedTableNameMap - getLastTableName() - start
13:20:16.907 [main] DEBUG org.dbunit.dataset.OrderedTableNameMap - getTableName(tableName=TB_USUARIO_PERFIL) - start
13:20:16.907 [main] DEBUG org.dbunit.dataset.OrderedTableNameMap - getTableName(tableName=TB_USUARIO_PERFIL) - end - result=TB_USUARIO_PERFIL
13:20:16.907 [main] DEBUG org.dbunit.dataset.OrderedTableNameMap - isLastTable(tableName=TB_TAREFA) - start
13:20:16.907 [main] DEBUG org.dbunit.dataset.OrderedTableNameMap - getLastTableName() - start
13:20:16.907 [main] DEBUG org.dbunit.dataset.OrderedTableNameMap - getTableName(tableName=TB_USUARIO_PERFIL) - start
13:20:16.907 [main] DEBUG org.dbunit.dataset.OrderedTableNameMap - getTableName(tableName=TB_USUARIO_PERFIL) - end - result=TB_USUARIO_PERFIL
13:20:16.907 [main] DEBUG org.dbunit.dataset.OrderedTableNameMap - getTableName(tableName=TB_TAREFA) - start
13:20:16.907 [main] DEBUG org.dbunit.dataset.OrderedTableNameMap - getTableName(tableName=TB_TAREFA) - end - result=TB_TAREFA
13:20:16.907 [main] DEBUG org.dbunit.dataset.OrderedTableNameMap - getTableName(tableName=TB_TAREFA) - start
13:20:16.907 [main] DEBUG org.dbunit.dataset.OrderedTableNameMap - getTableName(tableName=TB_TAREFA) - end - result=TB_TAREFA
13:20:16.907 [main] DEBUG org.dbunit.dataset.xml.FlatXmlProducer - createTableMetaData(tableName=TB_TAREFA, attributes=com.sun.org.apache.xerces.internal.parsers.AbstractSAXParser$AttributesProxy@503df2d0) - start
13:20:16.907 [main] DEBUG org.dbunit.dataset.Columns - getColumns(columnNames=[], columns=[(ID_TAREFA, UNKNOWN, nullableUnknown), (NOME_TAREFA, UNKNOWN, nullableUnknown), (DESCRICAO_TAREFA, UNKNOWN, nullableUnknown), (DATA_INICIO_TAREFA, UNKNOWN, nullableUnknown), (PRIORIDADE_TAREFA, UNKNOWN, nullableUnknown), (TIPO_STATUS, UNKNOWN, nullableUnknown), (USUARIO_ID, UNKNOWN, nullableUnknown), (ID_PROJETO, UNKNOWN, nullableUnknown)]) - start
13:20:16.907 [main] DEBUG org.dbunit.dataset.OrderedTableNameMap - add(tableName=TB_TAREFA, object=tableName=TB_TAREFA, columns=[(ID_TAREFA, UNKNOWN, nullableUnknown), (NOME_TAREFA, UNKNOWN, nullableUnknown), (DESCRICAO_TAREFA, UNKNOWN, nullableUnknown), (DATA_INICIO_TAREFA, UNKNOWN, nullableUnknown), (PRIORIDADE_TAREFA, UNKNOWN, nullableUnknown), (TIPO_STATUS, UNKNOWN, nullableUnknown), (USUARIO_ID, UNKNOWN, nullableUnknown), (ID_PROJETO, UNKNOWN, nullableUnknown)], keys=[]) - start
13:20:16.907 [main] DEBUG org.dbunit.dataset.OrderedTableNameMap - getTableName(tableName=TB_TAREFA) - start
13:20:16.907 [main] DEBUG org.dbunit.dataset.OrderedTableNameMap - getTableName(tableName=TB_TAREFA) - end - result=TB_TAREFA
13:20:16.907 [main] DEBUG org.dbunit.dataset.OrderedTableNameMap - getTableName(tableName=TB_TAREFA) - start
13:20:16.907 [main] DEBUG org.dbunit.dataset.OrderedTableNameMap - getTableName(tableName=TB_TAREFA) - end - result=TB_TAREFA
13:20:16.907 [main] DEBUG org.dbunit.dataset.OrderedTableNameMap - getLastTableName() - start
13:20:16.907 [main] DEBUG org.dbunit.dataset.OrderedTableNameMap - getTableName(tableName=TB_TAREFA) - start
13:20:16.907 [main] DEBUG org.dbunit.dataset.OrderedTableNameMap - getTableName(tableName=TB_TAREFA) - end - result=TB_TAREFA
13:20:16.907 [main] DEBUG org.dbunit.dataset.AbstractTableMetaData - getColumnIndex(columnName=ID_TAREFA) - start
13:20:16.908 [main] DEBUG org.dbunit.dataset.AbstractTableMetaData - getColumnIndex(columnName=NOME_TAREFA) - start
13:20:16.908 [main] DEBUG org.dbunit.dataset.AbstractTableMetaData - getColumnIndex(columnName=DESCRICAO_TAREFA) - start
13:20:16.908 [main] DEBUG org.dbunit.dataset.AbstractTableMetaData - getColumnIndex(columnName=DATA_INICIO_TAREFA) - start
13:20:16.908 [main] DEBUG org.dbunit.dataset.AbstractTableMetaData - getColumnIndex(columnName=PRIORIDADE_TAREFA) - start
13:20:16.908 [main] DEBUG org.dbunit.dataset.AbstractTableMetaData - getColumnIndex(columnName=TIPO_STATUS) - start
13:20:16.908 [main] DEBUG org.dbunit.dataset.AbstractTableMetaData - getColumnIndex(columnName=USUARIO_ID) - start
13:20:16.908 [main] DEBUG org.dbunit.dataset.AbstractTableMetaData - getColumnIndex(columnName=ID_PROJETO) - start
13:20:16.908 [main] DEBUG org.dbunit.dataset.OrderedTableNameMap - getLastTableName() - start
13:20:16.908 [main] DEBUG org.dbunit.dataset.OrderedTableNameMap - getTableName(tableName=TB_TAREFA) - start
13:20:16.908 [main] DEBUG org.dbunit.dataset.OrderedTableNameMap - getTableName(tableName=TB_TAREFA) - end - result=TB_TAREFA
13:20:16.908 [main] DEBUG org.dbunit.dataset.AbstractTableMetaData - getColumnIndex(columnName=ID_TAREFA) - start
13:20:16.908 [main] DEBUG org.dbunit.dataset.AbstractTableMetaData - getColumnIndex(columnName=NOME_TAREFA) - start
13:20:16.908 [main] DEBUG org.dbunit.dataset.AbstractTableMetaData - getColumnIndex(columnName=DESCRICAO_TAREFA) - start
13:20:16.908 [main] DEBUG org.dbunit.dataset.AbstractTableMetaData - getColumnIndex(columnName=DATA_INICIO_TAREFA) - start
13:20:16.908 [main] DEBUG org.dbunit.dataset.AbstractTableMetaData - getColumnIndex(columnName=PRIORIDADE_TAREFA) - start
13:20:16.908 [main] DEBUG org.dbunit.dataset.AbstractTableMetaData - getColumnIndex(columnName=TIPO_STATUS) - start
13:20:16.908 [main] DEBUG org.dbunit.dataset.AbstractTableMetaData - getColumnIndex(columnName=USUARIO_ID) - start
13:20:16.908 [main] DEBUG org.dbunit.dataset.AbstractTableMetaData - getColumnIndex(columnName=ID_PROJETO) - start
13:20:16.908 [main] DEBUG org.dbunit.dataset.xml.FlatXmlProducer - endElement(uri=, localName=, qName=TB_TAREFA) - start
13:20:16.908 [main] DEBUG org.dbunit.dataset.xml.FlatXmlProducer - startElement(uri=, localName=, qName=TB_TAREFA, attributes=com.sun.org.apache.xerces.internal.parsers.AbstractSAXParser$AttributesProxy@503df2d0) - start
13:20:16.908 [main] DEBUG org.dbunit.dataset.OrderedTableNameMap - getLastTableName() - start
13:20:16.908 [main] DEBUG org.dbunit.dataset.OrderedTableNameMap - getTableName(tableName=TB_TAREFA) - start
13:20:16.908 [main] DEBUG org.dbunit.dataset.OrderedTableNameMap - getTableName(tableName=TB_TAREFA) - end - result=TB_TAREFA
13:20:16.908 [main] DEBUG org.dbunit.dataset.OrderedTableNameMap - isLastTable(tableName=TB_TAREFA) - start
13:20:16.908 [main] DEBUG org.dbunit.dataset.OrderedTableNameMap - getLastTableName() - start
13:20:16.908 [main] DEBUG org.dbunit.dataset.OrderedTableNameMap - getTableName(tableName=TB_TAREFA) - start
13:20:16.908 [main] DEBUG org.dbunit.dataset.OrderedTableNameMap - getTableName(tableName=TB_TAREFA) - end - result=TB_TAREFA
13:20:16.908 [main] DEBUG org.dbunit.dataset.OrderedTableNameMap - getTableName(tableName=TB_TAREFA) - start
13:20:16.908 [main] DEBUG org.dbunit.dataset.OrderedTableNameMap - getTableName(tableName=TB_TAREFA) - end - result=TB_TAREFA
13:20:16.908 [main] DEBUG org.dbunit.dataset.OrderedTableNameMap - getLastTableName() - start
13:20:16.908 [main] DEBUG org.dbunit.dataset.OrderedTableNameMap - getTableName(tableName=TB_TAREFA) - start
13:20:16.908 [main] DEBUG org.dbunit.dataset.OrderedTableNameMap - getTableName(tableName=TB_TAREFA) - end - result=TB_TAREFA
13:20:16.908 [main] DEBUG org.dbunit.dataset.AbstractTableMetaData - getColumnIndex(columnName=ID_TAREFA) - start
13:20:16.908 [main] DEBUG org.dbunit.dataset.AbstractTableMetaData - getColumnIndex(columnName=NOME_TAREFA) - start
13:20:16.908 [main] DEBUG org.dbunit.dataset.AbstractTableMetaData - getColumnIndex(columnName=DESCRICAO_TAREFA) - start
13:20:16.908 [main] DEBUG org.dbunit.dataset.AbstractTableMetaData - getColumnIndex(columnName=DATA_INICIO_TAREFA) - start
13:20:16.908 [main] DEBUG org.dbunit.dataset.AbstractTableMetaData - getColumnIndex(columnName=PRIORIDADE_TAREFA) - start
13:20:16.908 [main] DEBUG org.dbunit.dataset.AbstractTableMetaData - getColumnIndex(columnName=TIPO_STATUS) - start
13:20:16.908 [main] DEBUG org.dbunit.dataset.AbstractTableMetaData - getColumnIndex(columnName=USUARIO_ID) - start
13:20:16.908 [main] DEBUG org.dbunit.dataset.AbstractTableMetaData - getColumnIndex(columnName=ID_PROJETO) - start
13:20:16.908 [main] DEBUG org.dbunit.dataset.OrderedTableNameMap - getLastTableName() - start
13:20:16.908 [main] DEBUG org.dbunit.dataset.OrderedTableNameMap - getTableName(tableName=TB_TAREFA) - start
13:20:16.908 [main] DEBUG org.dbunit.dataset.OrderedTableNameMap - getTableName(tableName=TB_TAREFA) - end - result=TB_TAREFA
13:20:16.908 [main] DEBUG org.dbunit.dataset.AbstractTableMetaData - getColumnIndex(columnName=ID_TAREFA) - start
13:20:16.908 [main] DEBUG org.dbunit.dataset.AbstractTableMetaData - getColumnIndex(columnName=NOME_TAREFA) - start
13:20:16.908 [main] DEBUG org.dbunit.dataset.AbstractTableMetaData - getColumnIndex(columnName=DESCRICAO_TAREFA) - start
13:20:16.908 [main] DEBUG org.dbunit.dataset.AbstractTableMetaData - getColumnIndex(columnName=DATA_INICIO_TAREFA) - start
13:20:16.908 [main] DEBUG org.dbunit.dataset.AbstractTableMetaData - getColumnIndex(columnName=PRIORIDADE_TAREFA) - start
13:20:16.908 [main] DEBUG org.dbunit.dataset.AbstractTableMetaData - getColumnIndex(columnName=TIPO_STATUS) - start
13:20:16.908 [main] DEBUG org.dbunit.dataset.AbstractTableMetaData - getColumnIndex(columnName=USUARIO_ID) - start
13:20:16.908 [main] DEBUG org.dbunit.dataset.AbstractTableMetaData - getColumnIndex(columnName=ID_PROJETO) - start
13:20:16.908 [main] DEBUG org.dbunit.dataset.xml.FlatXmlProducer - endElement(uri=, localName=, qName=TB_TAREFA) - start
13:20:16.908 [main] DEBUG org.dbunit.dataset.xml.FlatXmlProducer - endElement(uri=, localName=, qName=dataset) - start
13:20:16.908 [main] DEBUG org.dbunit.dataset.OrderedTableNameMap - getLastTableName() - start
13:20:16.908 [main] DEBUG org.dbunit.dataset.OrderedTableNameMap - getTableName(tableName=TB_TAREFA) - start
13:20:16.908 [main] DEBUG org.dbunit.dataset.OrderedTableNameMap - getTableName(tableName=TB_TAREFA) - end - result=TB_TAREFA
13:20:16.908 [main] DEBUG org.dbunit.dataset.CachedDataSet - startTable(metaData=tableName=TB_CLIENTE, columns=[(ID_CLIENTE, UNKNOWN, nullableUnknown), (NOME_CLIENTE, UNKNOWN, nullableUnknown), (EMAIL_CLIENTE, UNKNOWN, nullableUnknown), (CNPJ_CLIENTE, UNKNOWN, nullableUnknown)], keys=[]) - start
13:20:16.908 [main] DEBUG org.dbunit.dataset.CachedDataSet - row(values=12) - start
13:20:16.908 [main] DEBUG org.dbunit.dataset.DefaultTable - addRow(values=12) - start
13:20:16.908 [main] DEBUG org.dbunit.dataset.CachedDataSet - row(values=20) - start
13:20:16.908 [main] DEBUG org.dbunit.dataset.DefaultTable - addRow(values=20) - start
13:20:16.908 [main] DEBUG org.dbunit.dataset.CachedDataSet - endTable() - start
13:20:16.908 [main] DEBUG org.dbunit.dataset.OrderedTableNameMap - getTableName(tableName=TB_CLIENTE) - start
13:20:16.908 [main] DEBUG org.dbunit.dataset.OrderedTableNameMap - getTableName(tableName=TB_CLIENTE) - end - result=TB_CLIENTE
13:20:16.908 [main] DEBUG org.dbunit.dataset.OrderedTableNameMap - add(tableName=TB_CLIENTE, object=org.dbunit.dataset.DefaultTable[_metaData=tableName=TB_CLIENTE, columns=[(ID_CLIENTE, UNKNOWN, nullableUnknown), (NOME_CLIENTE, UNKNOWN, nullableUnknown), (EMAIL_CLIENTE, UNKNOWN, nullableUnknown), (CNPJ_CLIENTE, UNKNOWN, nullableUnknown)], keys=[], _rowList.size()=2]) - start
13:20:16.908 [main] DEBUG org.dbunit.dataset.OrderedTableNameMap - getTableName(tableName=TB_CLIENTE) - start
13:20:16.908 [main] DEBUG org.dbunit.dataset.OrderedTableNameMap - getTableName(tableName=TB_CLIENTE) - end - result=TB_CLIENTE
13:20:16.908 [main] DEBUG org.dbunit.dataset.OrderedTableNameMap - getTableName(tableName=TB_CLIENTE) - start
13:20:16.908 [main] DEBUG org.dbunit.dataset.OrderedTableNameMap - getTableName(tableName=TB_CLIENTE) - end - result=TB_CLIENTE
13:20:16.908 [main] DEBUG org.dbunit.dataset.CachedDataSet - startTable(metaData=tableName=TB_TELEFONE_CLIENTE, columns=[(ID_CLIENTE, UNKNOWN, nullableUnknown), (NUM_TELEFONE, UNKNOWN, nullableUnknown)], keys=[]) - start
13:20:16.908 [main] DEBUG org.dbunit.dataset.CachedDataSet - row(values=12) - start
13:20:16.908 [main] DEBUG org.dbunit.dataset.DefaultTable - addRow(values=12) - start
13:20:16.908 [main] DEBUG org.dbunit.dataset.CachedDataSet - row(values=12) - start
13:20:16.908 [main] DEBUG org.dbunit.dataset.DefaultTable - addRow(values=12) - start
13:20:16.908 [main] DEBUG org.dbunit.dataset.CachedDataSet - row(values=20) - start
13:20:16.908 [main] DEBUG org.dbunit.dataset.DefaultTable - addRow(values=20) - start
13:20:16.908 [main] DEBUG org.dbunit.dataset.CachedDataSet - endTable() - start
13:20:16.908 [main] DEBUG org.dbunit.dataset.OrderedTableNameMap - getTableName(tableName=TB_TELEFONE_CLIENTE) - start
13:20:16.908 [main] DEBUG org.dbunit.dataset.OrderedTableNameMap - getTableName(tableName=TB_TELEFONE_CLIENTE) - end - result=TB_TELEFONE_CLIENTE
13:20:16.908 [main] DEBUG org.dbunit.dataset.OrderedTableNameMap - add(tableName=TB_TELEFONE_CLIENTE, object=org.dbunit.dataset.DefaultTable[_metaData=tableName=TB_TELEFONE_CLIENTE, columns=[(ID_CLIENTE, UNKNOWN, nullableUnknown), (NUM_TELEFONE, UNKNOWN, nullableUnknown)], keys=[], _rowList.size()=3]) - start
13:20:16.908 [main] DEBUG org.dbunit.dataset.OrderedTableNameMap - getTableName(tableName=TB_TELEFONE_CLIENTE) - start
13:20:16.908 [main] DEBUG org.dbunit.dataset.OrderedTableNameMap - getTableName(tableName=TB_TELEFONE_CLIENTE) - end - result=TB_TELEFONE_CLIENTE
13:20:16.908 [main] DEBUG org.dbunit.dataset.OrderedTableNameMap - getTableName(tableName=TB_TELEFONE_CLIENTE) - start
13:20:16.908 [main] DEBUG org.dbunit.dataset.OrderedTableNameMap - getTableName(tableName=TB_TELEFONE_CLIENTE) - end - result=TB_TELEFONE_CLIENTE
13:20:16.908 [main] DEBUG org.dbunit.dataset.CachedDataSet - startTable(metaData=tableName=TB_RELATORIO, columns=[(ID_RELATORIO, UNKNOWN, nullableUnknown), (TITULO_RELATORIO, UNKNOWN, nullableUnknown), (DATA_CRIACAO_RELATORIO, UNKNOWN, nullableUnknown), (AUTOR_RELATORIO, UNKNOWN, nullableUnknown), (DESCRICAO_RELATORIO, UNKNOWN, nullableUnknown), (CONTEUDO_RELATORIO, UNKNOWN, nullableUnknown)], keys=[]) - start
13:20:16.908 [main] DEBUG org.dbunit.dataset.CachedDataSet - row(values=18) - start
13:20:16.908 [main] DEBUG org.dbunit.dataset.DefaultTable - addRow(values=18) - start
13:20:16.908 [main] DEBUG org.dbunit.dataset.CachedDataSet - row(values=29) - start
13:20:16.908 [main] DEBUG org.dbunit.dataset.DefaultTable - addRow(values=29) - start
13:20:16.908 [main] DEBUG org.dbunit.dataset.CachedDataSet - endTable() - start
13:20:16.908 [main] DEBUG org.dbunit.dataset.OrderedTableNameMap - getTableName(tableName=TB_RELATORIO) - start
13:20:16.908 [main] DEBUG org.dbunit.dataset.OrderedTableNameMap - getTableName(tableName=TB_RELATORIO) - end - result=TB_RELATORIO
13:20:16.908 [main] DEBUG org.dbunit.dataset.OrderedTableNameMap - add(tableName=TB_RELATORIO, object=org.dbunit.dataset.DefaultTable[_metaData=tableName=TB_RELATORIO, columns=[(ID_RELATORIO, UNKNOWN, nullableUnknown), (TITULO_RELATORIO, UNKNOWN, nullableUnknown), (DATA_CRIACAO_RELATORIO, UNKNOWN, nullableUnknown), (AUTOR_RELATORIO, UNKNOWN, nullableUnknown), (DESCRICAO_RELATORIO, UNKNOWN, nullableUnknown), (CONTEUDO_RELATORIO, UNKNOWN, nullableUnknown)], keys=[], _rowList.size()=2]) - start
13:20:16.908 [main] DEBUG org.dbunit.dataset.OrderedTableNameMap - getTableName(tableName=TB_RELATORIO) - start
13:20:16.908 [main] DEBUG org.dbunit.dataset.OrderedTableNameMap - getTableName(tableName=TB_RELATORIO) - end - result=TB_RELATORIO
13:20:16.908 [main] DEBUG org.dbunit.dataset.OrderedTableNameMap - getTableName(tableName=TB_RELATORIO) - start
13:20:16.908 [main] DEBUG org.dbunit.dataset.OrderedTableNameMap - getTableName(tableName=TB_RELATORIO) - end - result=TB_RELATORIO
13:20:16.908 [main] DEBUG org.dbunit.dataset.CachedDataSet - startTable(metaData=tableName=TB_CALENDARIO, columns=[(ID_CALENDARIO, UNKNOWN, nullableUnknown), (DATA_INICIO, UNKNOWN, nullableUnknown), (DATA_FIM, UNKNOWN, nullableUnknown), (HORAS_TOTAIS, UNKNOWN, nullableUnknown)], keys=[]) - start
13:20:16.910 [main] DEBUG org.dbunit.dataset.CachedDataSet - row(values=1) - start
13:20:16.911 [main] DEBUG org.dbunit.dataset.DefaultTable - addRow(values=1) - start
13:20:16.911 [main] DEBUG org.dbunit.dataset.CachedDataSet - row(values=2) - start
13:20:16.911 [main] DEBUG org.dbunit.dataset.DefaultTable - addRow(values=2) - start
13:20:16.911 [main] DEBUG org.dbunit.dataset.CachedDataSet - endTable() - start
13:20:16.911 [main] DEBUG org.dbunit.dataset.OrderedTableNameMap - getTableName(tableName=TB_CALENDARIO) - start
13:20:16.911 [main] DEBUG org.dbunit.dataset.OrderedTableNameMap - getTableName(tableName=TB_CALENDARIO) - end - result=TB_CALENDARIO
13:20:16.911 [main] DEBUG org.dbunit.dataset.OrderedTableNameMap - add(tableName=TB_CALENDARIO, object=org.dbunit.dataset.DefaultTable[_metaData=tableName=TB_CALENDARIO, columns=[(ID_CALENDARIO, UNKNOWN, nullableUnknown), (DATA_INICIO, UNKNOWN, nullableUnknown), (DATA_FIM, UNKNOWN, nullableUnknown), (HORAS_TOTAIS, UNKNOWN, nullableUnknown)], keys=[], _rowList.size()=2]) - start
13:20:16.911 [main] DEBUG org.dbunit.dataset.OrderedTableNameMap - getTableName(tableName=TB_CALENDARIO) - start
13:20:16.911 [main] DEBUG org.dbunit.dataset.OrderedTableNameMap - getTableName(tableName=TB_CALENDARIO) - end - result=TB_CALENDARIO
13:20:16.911 [main] DEBUG org.dbunit.dataset.OrderedTableNameMap - getTableName(tableName=TB_CALENDARIO) - start
13:20:16.911 [main] DEBUG org.dbunit.dataset.OrderedTableNameMap - getTableName(tableName=TB_CALENDARIO) - end - result=TB_CALENDARIO
13:20:16.911 [main] DEBUG org.dbunit.dataset.CachedDataSet - startTable(metaData=tableName=TB_PROJETO, columns=[(ID_PROJETO, UNKNOWN, nullableUnknown), (NOME_PROJETO, UNKNOWN, nullableUnknown), (DESCRICAO_PROJETO, UNKNOWN, nullableUnknown), (ID_CLIENTE, UNKNOWN, nullableUnknown), (ID_CALENDARIO, UNKNOWN, nullableUnknown), (ID_RELATORIO, UNKNOWN, nullableUnknown)], keys=[]) - start
13:20:16.911 [main] DEBUG org.dbunit.dataset.CachedDataSet - row(values=1) - start
13:20:16.911 [main] DEBUG org.dbunit.dataset.DefaultTable - addRow(values=1) - start
13:20:16.911 [main] DEBUG org.dbunit.dataset.CachedDataSet - row(values=2) - start
13:20:16.911 [main] DEBUG org.dbunit.dataset.DefaultTable - addRow(values=2) - start
13:20:16.911 [main] DEBUG org.dbunit.dataset.CachedDataSet - endTable() - start
13:20:16.911 [main] DEBUG org.dbunit.dataset.OrderedTableNameMap - getTableName(tableName=TB_PROJETO) - start
13:20:16.911 [main] DEBUG org.dbunit.dataset.OrderedTableNameMap - getTableName(tableName=TB_PROJETO) - end - result=TB_PROJETO
13:20:16.911 [main] DEBUG org.dbunit.dataset.OrderedTableNameMap - add(tableName=TB_PROJETO, object=org.dbunit.dataset.DefaultTable[_metaData=tableName=TB_PROJETO, columns=[(ID_PROJETO, UNKNOWN, nullableUnknown), (NOME_PROJETO, UNKNOWN, nullableUnknown), (DESCRICAO_PROJETO, UNKNOWN, nullableUnknown), (ID_CLIENTE, UNKNOWN, nullableUnknown), (ID_CALENDARIO, UNKNOWN, nullableUnknown), (ID_RELATORIO, UNKNOWN, nullableUnknown)], keys=[], _rowList.size()=2]) - start
13:20:16.911 [main] DEBUG org.dbunit.dataset.OrderedTableNameMap - getTableName(tableName=TB_PROJETO) - start
13:20:16.911 [main] DEBUG org.dbunit.dataset.OrderedTableNameMap - getTableName(tableName=TB_PROJETO) - end - result=TB_PROJETO
13:20:16.911 [main] DEBUG org.dbunit.dataset.OrderedTableNameMap - getTableName(tableName=TB_PROJETO) - start
13:20:16.911 [main] DEBUG org.dbunit.dataset.OrderedTableNameMap - getTableName(tableName=TB_PROJETO) - end - result=TB_PROJETO
13:20:16.911 [main] DEBUG org.dbunit.dataset.CachedDataSet - startTable(metaData=tableName=TB_DOCUMENTO, columns=[(ID_DOCUMENTO, UNKNOWN, nullableUnknown), (TITULO_DOCUMENTO, UNKNOWN, nullableUnknown), (TIPO_DOCUMENTO, UNKNOWN, nullableUnknown), (DATA_CRIACAO_DOCUMENTO, UNKNOWN, nullableUnknown), (AUTOR_DOCUMENTO, UNKNOWN, nullableUnknown), (CAMINHO_ARQUIVO_DOCUMENTO, UNKNOWN, nullableUnknown), (ID_PROJETO, UNKNOWN, nullableUnknown)], keys=[]) - start
13:20:16.911 [main] DEBUG org.dbunit.dataset.CachedDataSet - row(values=1) - start
13:20:16.911 [main] DEBUG org.dbunit.dataset.DefaultTable - addRow(values=1) - start
13:20:16.911 [main] DEBUG org.dbunit.dataset.CachedDataSet - row(values=2) - start
13:20:16.911 [main] DEBUG org.dbunit.dataset.DefaultTable - addRow(values=2) - start
13:20:16.911 [main] DEBUG org.dbunit.dataset.CachedDataSet - endTable() - start
13:20:16.911 [main] DEBUG org.dbunit.dataset.OrderedTableNameMap - getTableName(tableName=TB_DOCUMENTO) - start
13:20:16.911 [main] DEBUG org.dbunit.dataset.OrderedTableNameMap - getTableName(tableName=TB_DOCUMENTO) - end - result=TB_DOCUMENTO
13:20:16.911 [main] DEBUG org.dbunit.dataset.OrderedTableNameMap - add(tableName=TB_DOCUMENTO, object=org.dbunit.dataset.DefaultTable[_metaData=tableName=TB_DOCUMENTO, columns=[(ID_DOCUMENTO, UNKNOWN, nullableUnknown), (TITULO_DOCUMENTO, UNKNOWN, nullableUnknown), (TIPO_DOCUMENTO, UNKNOWN, nullableUnknown), (DATA_CRIACAO_DOCUMENTO, UNKNOWN, nullableUnknown), (AUTOR_DOCUMENTO, UNKNOWN, nullableUnknown), (CAMINHO_ARQUIVO_DOCUMENTO, UNKNOWN, nullableUnknown), (ID_PROJETO, UNKNOWN, nullableUnknown)], keys=[], _rowList.size()=2]) - start
13:20:16.911 [main] DEBUG org.dbunit.dataset.OrderedTableNameMap - getTableName(tableName=TB_DOCUMENTO) - start
13:20:16.911 [main] DEBUG org.dbunit.dataset.OrderedTableNameMap - getTableName(tableName=TB_DOCUMENTO) - end - result=TB_DOCUMENTO
13:20:16.911 [main] DEBUG org.dbunit.dataset.OrderedTableNameMap - getTableName(tableName=TB_DOCUMENTO) - start
13:20:16.911 [main] DEBUG org.dbunit.dataset.OrderedTableNameMap - getTableName(tableName=TB_DOCUMENTO) - end - result=TB_DOCUMENTO
13:20:16.911 [main] DEBUG org.dbunit.dataset.CachedDataSet - startTable(metaData=tableName=TB_RECURSO, columns=[(ID_RECURSO, UNKNOWN, nullableUnknown), (NOME_RECURSO, UNKNOWN, nullableUnknown), (TIPO_RECURSO, UNKNOWN, nullableUnknown), (QUANTIDADE_RECURSO, UNKNOWN, nullableUnknown), (CUSTO_RECURSO, UNKNOWN, nullableUnknown), (ID_PROJETO, UNKNOWN, nullableUnknown)], keys=[]) - start
13:20:16.911 [main] DEBUG org.dbunit.dataset.CachedDataSet - row(values=1) - start
13:20:16.911 [main] DEBUG org.dbunit.dataset.DefaultTable - addRow(values=1) - start
13:20:16.911 [main] DEBUG org.dbunit.dataset.CachedDataSet - row(values=2) - start
13:20:16.911 [main] DEBUG org.dbunit.dataset.DefaultTable - addRow(values=2) - start
13:20:16.911 [main] DEBUG org.dbunit.dataset.CachedDataSet - endTable() - start
13:20:16.911 [main] DEBUG org.dbunit.dataset.OrderedTableNameMap - getTableName(tableName=TB_RECURSO) - start
13:20:16.911 [main] DEBUG org.dbunit.dataset.OrderedTableNameMap - getTableName(tableName=TB_RECURSO) - end - result=TB_RECURSO
13:20:16.911 [main] DEBUG org.dbunit.dataset.OrderedTableNameMap - add(tableName=TB_RECURSO, object=org.dbunit.dataset.DefaultTable[_metaData=tableName=TB_RECURSO, columns=[(ID_RECURSO, UNKNOWN, nullableUnknown), (NOME_RECURSO, UNKNOWN, nullableUnknown), (TIPO_RECURSO, UNKNOWN, nullableUnknown), (QUANTIDADE_RECURSO, UNKNOWN, nullableUnknown), (CUSTO_RECURSO, UNKNOWN, nullableUnknown), (ID_PROJETO, UNKNOWN, nullableUnknown)], keys=[], _rowList.size()=2]) - start
13:20:16.911 [main] DEBUG org.dbunit.dataset.OrderedTableNameMap - getTableName(tableName=TB_RECURSO) - start
13:20:16.911 [main] DEBUG org.dbunit.dataset.OrderedTableNameMap - getTableName(tableName=TB_RECURSO) - end - result=TB_RECURSO
13:20:16.911 [main] DEBUG org.dbunit.dataset.OrderedTableNameMap - getTableName(tableName=TB_RECURSO) - start
13:20:16.911 [main] DEBUG org.dbunit.dataset.OrderedTableNameMap - getTableName(tableName=TB_RECURSO) - end - result=TB_RECURSO
13:20:16.911 [main] DEBUG org.dbunit.dataset.CachedDataSet - startTable(metaData=tableName=TB_FERIADO, columns=[(ID_FERIADO, UNKNOWN, nullableUnknown), (DATA_FERIADO, UNKNOWN, nullableUnknown), (NOME_FERIADO, UNKNOWN, nullableUnknown), (TIPO_FERIADO, UNKNOWN, nullableUnknown)], keys=[]) - start
13:20:16.911 [main] DEBUG org.dbunit.dataset.CachedDataSet - row(values=1) - start
13:20:16.911 [main] DEBUG org.dbunit.dataset.DefaultTable - addRow(values=1) - start
13:20:16.911 [main] DEBUG org.dbunit.dataset.CachedDataSet - row(values=2) - start
13:20:16.911 [main] DEBUG org.dbunit.dataset.DefaultTable - addRow(values=2) - start
13:20:16.911 [main] DEBUG org.dbunit.dataset.CachedDataSet - endTable() - start
13:20:16.911 [main] DEBUG org.dbunit.dataset.OrderedTableNameMap - getTableName(tableName=TB_FERIADO) - start
13:20:16.911 [main] DEBUG org.dbunit.dataset.OrderedTableNameMap - getTableName(tableName=TB_FERIADO) - end - result=TB_FERIADO
13:20:16.911 [main] DEBUG org.dbunit.dataset.OrderedTableNameMap - add(tableName=TB_FERIADO, object=org.dbunit.dataset.DefaultTable[_metaData=tableName=TB_FERIADO, columns=[(ID_FERIADO, UNKNOWN, nullableUnknown), (DATA_FERIADO, UNKNOWN, nullableUnknown), (NOME_FERIADO, UNKNOWN, nullableUnknown), (TIPO_FERIADO, UNKNOWN, nullableUnknown)], keys=[], _rowList.size()=2]) - start
13:20:16.911 [main] DEBUG org.dbunit.dataset.OrderedTableNameMap - getTableName(tableName=TB_FERIADO) - start
13:20:16.911 [main] DEBUG org.dbunit.dataset.OrderedTableNameMap - getTableName(tableName=TB_FERIADO) - end - result=TB_FERIADO
13:20:16.911 [main] DEBUG org.dbunit.dataset.OrderedTableNameMap - getTableName(tableName=TB_FERIADO) - start
13:20:16.911 [main] DEBUG org.dbunit.dataset.OrderedTableNameMap - getTableName(tableName=TB_FERIADO) - end - result=TB_FERIADO
13:20:16.911 [main] DEBUG org.dbunit.dataset.CachedDataSet - startTable(metaData=tableName=TB_FORNECEDOR, columns=[(ID_FORNECEDOR, UNKNOWN, nullableUnknown), (NOME_FORNECEDOR, UNKNOWN, nullableUnknown), (CNPJ_FORNECEDOR, UNKNOWN, nullableUnknown), (EMAIL_FORNECEDOR, UNKNOWN, nullableUnknown), (TIPO_FORNECEDOR, UNKNOWN, nullableUnknown), (TIPO_STATUS, UNKNOWN, nullableUnknown), (DESCRICAO, UNKNOWN, nullableUnknown), (DATA_CADASTRO, UNKNOWN, nullableUnknown)], keys=[]) - start
13:20:16.911 [main] DEBUG org.dbunit.dataset.CachedDataSet - row(values=1) - start
13:20:16.911 [main] DEBUG org.dbunit.dataset.DefaultTable - addRow(values=1) - start
13:20:16.911 [main] DEBUG org.dbunit.dataset.CachedDataSet - row(values=2) - start
13:20:16.911 [main] DEBUG org.dbunit.dataset.DefaultTable - addRow(values=2) - start
13:20:16.911 [main] DEBUG org.dbunit.dataset.CachedDataSet - endTable() - start
13:20:16.911 [main] DEBUG org.dbunit.dataset.OrderedTableNameMap - getTableName(tableName=TB_FORNECEDOR) - start
13:20:16.911 [main] DEBUG org.dbunit.dataset.OrderedTableNameMap - getTableName(tableName=TB_FORNECEDOR) - end - result=TB_FORNECEDOR
13:20:16.911 [main] DEBUG org.dbunit.dataset.OrderedTableNameMap - add(tableName=TB_FORNECEDOR, object=org.dbunit.dataset.DefaultTable[_metaData=tableName=TB_FORNECEDOR, columns=[(ID_FORNECEDOR, UNKNOWN, nullableUnknown), (NOME_FORNECEDOR, UNKNOWN, nullableUnknown), (CNPJ_FORNECEDOR, UNKNOWN, nullableUnknown), (EMAIL_FORNECEDOR, UNKNOWN, nullableUnknown), (TIPO_FORNECEDOR, UNKNOWN, nullableUnknown), (TIPO_STATUS, UNKNOWN, nullableUnknown), (DESCRICAO, UNKNOWN, nullableUnknown), (DATA_CADASTRO, UNKNOWN, nullableUnknown)], keys=[], _rowList.size()=2]) - start
13:20:16.911 [main] DEBUG org.dbunit.dataset.OrderedTableNameMap - getTableName(tableName=TB_FORNECEDOR) - start
13:20:16.911 [main] DEBUG org.dbunit.dataset.OrderedTableNameMap - getTableName(tableName=TB_FORNECEDOR) - end - result=TB_FORNECEDOR
13:20:16.911 [main] DEBUG org.dbunit.dataset.OrderedTableNameMap - getTableName(tableName=TB_FORNECEDOR) - start
13:20:16.911 [main] DEBUG org.dbunit.dataset.OrderedTableNameMap - getTableName(tableName=TB_FORNECEDOR) - end - result=TB_FORNECEDOR
13:20:16.911 [main] DEBUG org.dbunit.dataset.CachedDataSet - startTable(metaData=tableName=TB_PROJETO_FORNECEDOR, columns=[(ID_PROJETO, UNKNOWN, nullableUnknown), (ID_FORNECEDOR, UNKNOWN, nullableUnknown)], keys=[]) - start
13:20:16.911 [main] DEBUG org.dbunit.dataset.CachedDataSet - row(values=1) - start
13:20:16.911 [main] DEBUG org.dbunit.dataset.DefaultTable - addRow(values=1) - start
13:20:16.911 [main] DEBUG org.dbunit.dataset.CachedDataSet - row(values=2) - start
13:20:16.911 [main] DEBUG org.dbunit.dataset.DefaultTable - addRow(values=2) - start
13:20:16.911 [main] DEBUG org.dbunit.dataset.CachedDataSet - endTable() - start
13:20:16.911 [main] DEBUG org.dbunit.dataset.OrderedTableNameMap - getTableName(tableName=TB_PROJETO_FORNECEDOR) - start
13:20:16.911 [main] DEBUG org.dbunit.dataset.OrderedTableNameMap - getTableName(tableName=TB_PROJETO_FORNECEDOR) - end - result=TB_PROJETO_FORNECEDOR
13:20:16.911 [main] DEBUG org.dbunit.dataset.OrderedTableNameMap - add(tableName=TB_PROJETO_FORNECEDOR, object=org.dbunit.dataset.DefaultTable[_metaData=tableName=TB_PROJETO_FORNECEDOR, columns=[(ID_PROJETO, UNKNOWN, nullableUnknown), (ID_FORNECEDOR, UNKNOWN, nullableUnknown)], keys=[], _rowList.size()=2]) - start
13:20:16.911 [main] DEBUG org.dbunit.dataset.OrderedTableNameMap - getTableName(tableName=TB_PROJETO_FORNECEDOR) - start
13:20:16.911 [main] DEBUG org.dbunit.dataset.OrderedTableNameMap - getTableName(tableName=TB_PROJETO_FORNECEDOR) - end - result=TB_PROJETO_FORNECEDOR
13:20:16.911 [main] DEBUG org.dbunit.dataset.OrderedTableNameMap - getTableName(tableName=TB_PROJETO_FORNECEDOR) - start
13:20:16.911 [main] DEBUG org.dbunit.dataset.OrderedTableNameMap - getTableName(tableName=TB_PROJETO_FORNECEDOR) - end - result=TB_PROJETO_FORNECEDOR
13:20:16.911 [main] DEBUG org.dbunit.dataset.CachedDataSet - startTable(metaData=tableName=TB_USUARIO, columns=[(ID_USUARIO, UNKNOWN, nullableUnknown), (NOME_USUARIO, UNKNOWN, nullableUnknown), (EMAIL_USUARIO, UNKNOWN, nullableUnknown), (SENHA_USUARIO, UNKNOWN, nullableUnknown)], keys=[]) - start
13:20:16.912 [main] DEBUG org.dbunit.dataset.CachedDataSet - row(values=1) - start
13:20:16.912 [main] DEBUG org.dbunit.dataset.DefaultTable - addRow(values=1) - start
13:20:16.912 [main] DEBUG org.dbunit.dataset.CachedDataSet - row(values=2) - start
13:20:16.912 [main] DEBUG org.dbunit.dataset.DefaultTable - addRow(values=2) - start
13:20:16.912 [main] DEBUG org.dbunit.dataset.CachedDataSet - endTable() - start
13:20:16.912 [main] DEBUG org.dbunit.dataset.OrderedTableNameMap - getTableName(tableName=TB_USUARIO) - start
13:20:16.912 [main] DEBUG org.dbunit.dataset.OrderedTableNameMap - getTableName(tableName=TB_USUARIO) - end - result=TB_USUARIO
13:20:16.912 [main] DEBUG org.dbunit.dataset.OrderedTableNameMap - add(tableName=TB_USUARIO, object=org.dbunit.dataset.DefaultTable[_metaData=tableName=TB_USUARIO, columns=[(ID_USUARIO, UNKNOWN, nullableUnknown), (NOME_USUARIO, UNKNOWN, nullableUnknown), (EMAIL_USUARIO, UNKNOWN, nullableUnknown), (SENHA_USUARIO, UNKNOWN, nullableUnknown)], keys=[], _rowList.size()=2]) - start
13:20:16.912 [main] DEBUG org.dbunit.dataset.OrderedTableNameMap - getTableName(tableName=TB_USUARIO) - start
13:20:16.912 [main] DEBUG org.dbunit.dataset.OrderedTableNameMap - getTableName(tableName=TB_USUARIO) - end - result=TB_USUARIO
13:20:16.912 [main] DEBUG org.dbunit.dataset.OrderedTableNameMap - getTableName(tableName=TB_USUARIO) - start
13:20:16.912 [main] DEBUG org.dbunit.dataset.OrderedTableNameMap - getTableName(tableName=TB_USUARIO) - end - result=TB_USUARIO
13:20:16.912 [main] DEBUG org.dbunit.dataset.CachedDataSet - startTable(metaData=tableName=TB_PERFIL, columns=[(ID_PERFIL, UNKNOWN, nullableUnknown), (NOME_PERFIL, UNKNOWN, nullableUnknown)], keys=[]) - start
13:20:16.912 [main] DEBUG org.dbunit.dataset.CachedDataSet - row(values=1) - start
13:20:16.912 [main] DEBUG org.dbunit.dataset.DefaultTable - addRow(values=1) - start
13:20:16.912 [main] DEBUG org.dbunit.dataset.CachedDataSet - row(values=2) - start
13:20:16.912 [main] DEBUG org.dbunit.dataset.DefaultTable - addRow(values=2) - start
13:20:16.912 [main] DEBUG org.dbunit.dataset.CachedDataSet - endTable() - start
13:20:16.912 [main] DEBUG org.dbunit.dataset.OrderedTableNameMap - getTableName(tableName=TB_PERFIL) - start
13:20:16.912 [main] DEBUG org.dbunit.dataset.OrderedTableNameMap - getTableName(tableName=TB_PERFIL) - end - result=TB_PERFIL
13:20:16.912 [main] DEBUG org.dbunit.dataset.OrderedTableNameMap - add(tableName=TB_PERFIL, object=org.dbunit.dataset.DefaultTable[_metaData=tableName=TB_PERFIL, columns=[(ID_PERFIL, UNKNOWN, nullableUnknown), (NOME_PERFIL, UNKNOWN, nullableUnknown)], keys=[], _rowList.size()=2]) - start
13:20:16.912 [main] DEBUG org.dbunit.dataset.OrderedTableNameMap - getTableName(tableName=TB_PERFIL) - start
13:20:16.912 [main] DEBUG org.dbunit.dataset.OrderedTableNameMap - getTableName(tableName=TB_PERFIL) - end - result=TB_PERFIL
13:20:16.912 [main] DEBUG org.dbunit.dataset.OrderedTableNameMap - getTableName(tableName=TB_PERFIL) - start
13:20:16.912 [main] DEBUG org.dbunit.dataset.OrderedTableNameMap - getTableName(tableName=TB_PERFIL) - end - result=TB_PERFIL
13:20:16.912 [main] DEBUG org.dbunit.dataset.CachedDataSet - startTable(metaData=tableName=TB_USUARIO_PERFIL, columns=[(ID_USUARIO, UNKNOWN, nullableUnknown), (ID_PERFIL, UNKNOWN, nullableUnknown)], keys=[]) - start
13:20:16.912 [main] DEBUG org.dbunit.dataset.CachedDataSet - row(values=1) - start
13:20:16.912 [main] DEBUG org.dbunit.dataset.DefaultTable - addRow(values=1) - start
13:20:16.912 [main] DEBUG org.dbunit.dataset.CachedDataSet - row(values=2) - start
13:20:16.912 [main] DEBUG org.dbunit.dataset.DefaultTable - addRow(values=2) - start
13:20:16.912 [main] DEBUG org.dbunit.dataset.CachedDataSet - endTable() - start
13:20:16.912 [main] DEBUG org.dbunit.dataset.OrderedTableNameMap - getTableName(tableName=TB_USUARIO_PERFIL) - start
13:20:16.912 [main] DEBUG org.dbunit.dataset.OrderedTableNameMap - getTableName(tableName=TB_USUARIO_PERFIL) - end - result=TB_USUARIO_PERFIL
13:20:16.912 [main] DEBUG org.dbunit.dataset.OrderedTableNameMap - add(tableName=TB_USUARIO_PERFIL, object=org.dbunit.dataset.DefaultTable[_metaData=tableName=TB_USUARIO_PERFIL, columns=[(ID_USUARIO, UNKNOWN, nullableUnknown), (ID_PERFIL, UNKNOWN, nullableUnknown)], keys=[], _rowList.size()=2]) - start
13:20:16.912 [main] DEBUG org.dbunit.dataset.OrderedTableNameMap - getTableName(tableName=TB_USUARIO_PERFIL) - start
13:20:16.912 [main] DEBUG org.dbunit.dataset.OrderedTableNameMap - getTableName(tableName=TB_USUARIO_PERFIL) - end - result=TB_USUARIO_PERFIL
13:20:16.912 [main] DEBUG org.dbunit.dataset.OrderedTableNameMap - getTableName(tableName=TB_USUARIO_PERFIL) - start
13:20:16.912 [main] DEBUG org.dbunit.dataset.OrderedTableNameMap - getTableName(tableName=TB_USUARIO_PERFIL) - end - result=TB_USUARIO_PERFIL
13:20:16.912 [main] DEBUG org.dbunit.dataset.CachedDataSet - startTable(metaData=tableName=TB_TAREFA, columns=[(ID_TAREFA, UNKNOWN, nullableUnknown), (NOME_TAREFA, UNKNOWN, nullableUnknown), (DESCRICAO_TAREFA, UNKNOWN, nullableUnknown), (DATA_INICIO_TAREFA, UNKNOWN, nullableUnknown), (PRIORIDADE_TAREFA, UNKNOWN, nullableUnknown), (TIPO_STATUS, UNKNOWN, nullableUnknown), (USUARIO_ID, UNKNOWN, nullableUnknown), (ID_PROJETO, UNKNOWN, nullableUnknown)], keys=[]) - start
13:20:16.912 [main] DEBUG org.dbunit.dataset.CachedDataSet - row(values=1) - start
13:20:16.912 [main] DEBUG org.dbunit.dataset.DefaultTable - addRow(values=1) - start
13:20:16.912 [main] DEBUG org.dbunit.dataset.CachedDataSet - row(values=2) - start
13:20:16.912 [main] DEBUG org.dbunit.dataset.DefaultTable - addRow(values=2) - start
13:20:16.912 [main] DEBUG org.dbunit.dataset.CachedDataSet - endTable() - start
13:20:16.912 [main] DEBUG org.dbunit.dataset.OrderedTableNameMap - getTableName(tableName=TB_TAREFA) - start
13:20:16.912 [main] DEBUG org.dbunit.dataset.OrderedTableNameMap - getTableName(tableName=TB_TAREFA) - end - result=TB_TAREFA
13:20:16.912 [main] DEBUG org.dbunit.dataset.OrderedTableNameMap - add(tableName=TB_TAREFA, object=org.dbunit.dataset.DefaultTable[_metaData=tableName=TB_TAREFA, columns=[(ID_TAREFA, UNKNOWN, nullableUnknown), (NOME_TAREFA, UNKNOWN, nullableUnknown), (DESCRICAO_TAREFA, UNKNOWN, nullableUnknown), (DATA_INICIO_TAREFA, UNKNOWN, nullableUnknown), (PRIORIDADE_TAREFA, UNKNOWN, nullableUnknown), (TIPO_STATUS, UNKNOWN, nullableUnknown), (USUARIO_ID, UNKNOWN, nullableUnknown), (ID_PROJETO, UNKNOWN, nullableUnknown)], keys=[], _rowList.size()=2]) - start
13:20:16.912 [main] DEBUG org.dbunit.dataset.OrderedTableNameMap - getTableName(tableName=TB_TAREFA) - start
13:20:16.912 [main] DEBUG org.dbunit.dataset.OrderedTableNameMap - getTableName(tableName=TB_TAREFA) - end - result=TB_TAREFA
13:20:16.912 [main] DEBUG org.dbunit.dataset.OrderedTableNameMap - getTableName(tableName=TB_TAREFA) - start
13:20:16.912 [main] DEBUG org.dbunit.dataset.OrderedTableNameMap - getTableName(tableName=TB_TAREFA) - end - result=TB_TAREFA
13:20:16.912 [main] DEBUG org.dbunit.dataset.CachedDataSet - endDataSet() - start
13:20:16.912 [main] DEBUG org.dbunit.dataset.CachedDataSet - endDataSet() - the final tableMap is: org.dbunit.dataset.OrderedTableNameMap[_tableNames=[TB_CLIENTE, TB_TELEFONE_CLIENTE, TB_RELATORIO, TB_CALENDARIO, TB_PROJETO, TB_DOCUMENTO, TB_RECURSO, TB_FERIADO, TB_FORNECEDOR, TB_PROJETO_FORNECEDOR, TB_USUARIO, TB_PERFIL, TB_USUARIO_PERFIL, TB_TAREFA], _tableMap={TB_TELEFONE_CLIENTE=org.dbunit.dataset.DefaultTable[_metaData=tableName=TB_TELEFONE_CLIENTE, columns=[(ID_CLIENTE, UNKNOWN, nullableUnknown), (NUM_TELEFONE, UNKNOWN, nullableUnknown)], keys=[], _rowList.size()=3], TB_FERIADO=org.dbunit.dataset.DefaultTable[_metaData=tableName=TB_FERIADO, columns=[(ID_FERIADO, UNKNOWN, nullableUnknown), (DATA_FERIADO, UNKNOWN, nullableUnknown), (NOME_FERIADO, UNKNOWN, nullableUnknown), (TIPO_FERIADO, UNKNOWN, nullableUnknown)], keys=[], _rowList.size()=2], TB_PROJETO_FORNECEDOR=org.dbunit.dataset.DefaultTable[_metaData=tableName=TB_PROJETO_FORNECEDOR, columns=[(ID_PROJETO, UNKNOWN, nullableUnknown), (ID_FORNECEDOR, UNKNOWN, nullableUnknown)], keys=[], _rowList.size()=2], TB_RELATORIO=org.dbunit.dataset.DefaultTable[_metaData=tableName=TB_RELATORIO, columns=[(ID_RELATORIO, UNKNOWN, nullableUnknown), (TITULO_RELATORIO, UNKNOWN, nullableUnknown), (DATA_CRIACAO_RELATORIO, UNKNOWN, nullableUnknown), (AUTOR_RELATORIO, UNKNOWN, nullableUnknown), (DESCRICAO_RELATORIO, UNKNOWN, nullableUnknown), (CONTEUDO_RELATORIO, UNKNOWN, nullableUnknown)], keys=[], _rowList.size()=2], TB_FORNECEDOR=org.dbunit.dataset.DefaultTable[_metaData=tableName=TB_FORNECEDOR, columns=[(ID_FORNECEDOR, UNKNOWN, nullableUnknown), (NOME_FORNECEDOR, UNKNOWN, nullableUnknown), (CNPJ_FORNECEDOR, UNKNOWN, nullableUnknown), (EMAIL_FORNECEDOR, UNKNOWN, nullableUnknown), (TIPO_FORNECEDOR, UNKNOWN, nullableUnknown), (TIPO_STATUS, UNKNOWN, nullableUnknown), (DESCRICAO, UNKNOWN, nullableUnknown), (DATA_CADASTRO, UNKNOWN, nullableUnknown)], keys=[], _rowList.size()=2], TB_CLIENTE=org.dbunit.dataset.DefaultTable[_metaData=tableName=TB_CLIENTE, columns=[(ID_CLIENTE, UNKNOWN, nullableUnknown), (NOME_CLIENTE, UNKNOWN, nullableUnknown), (EMAIL_CLIENTE, UNKNOWN, nullableUnknown), (CNPJ_CLIENTE, UNKNOWN, nullableUnknown)], keys=[], _rowList.size()=2], TB_TAREFA=org.dbunit.dataset.DefaultTable[_metaData=tableName=TB_TAREFA, columns=[(ID_TAREFA, UNKNOWN, nullableUnknown), (NOME_TAREFA, UNKNOWN, nullableUnknown), (DESCRICAO_TAREFA, UNKNOWN, nullableUnknown), (DATA_INICIO_TAREFA, UNKNOWN, nullableUnknown), (PRIORIDADE_TAREFA, UNKNOWN, nullableUnknown), (TIPO_STATUS, UNKNOWN, nullableUnknown), (USUARIO_ID, UNKNOWN, nullableUnknown), (ID_PROJETO, UNKNOWN, nullableUnknown)], keys=[], _rowList.size()=2], TB_USUARIO=org.dbunit.dataset.DefaultTable[_metaData=tableName=TB_USUARIO, columns=[(ID_USUARIO, UNKNOWN, nullableUnknown), (NOME_USUARIO, UNKNOWN, nullableUnknown), (EMAIL_USUARIO, UNKNOWN, nullableUnknown), (SENHA_USUARIO, UNKNOWN, nullableUnknown)], keys=[], _rowList.size()=2], TB_USUARIO_PERFIL=org.dbunit.dataset.DefaultTable[_metaData=tableName=TB_USUARIO_PERFIL, columns=[(ID_USUARIO, UNKNOWN, nullableUnknown), (ID_PERFIL, UNKNOWN, nullableUnknown)], keys=[], _rowList.size()=2], TB_CALENDARIO=org.dbunit.dataset.DefaultTable[_metaData=tableName=TB_CALENDARIO, columns=[(ID_CALENDARIO, UNKNOWN, nullableUnknown), (DATA_INICIO, UNKNOWN, nullableUnknown), (DATA_FIM, UNKNOWN, nullableUnknown), (HORAS_TOTAIS, UNKNOWN, nullableUnknown)], keys=[], _rowList.size()=2], TB_DOCUMENTO=org.dbunit.dataset.DefaultTable[_metaData=tableName=TB_DOCUMENTO, columns=[(ID_DOCUMENTO, UNKNOWN, nullableUnknown), (TITULO_DOCUMENTO, UNKNOWN, nullableUnknown), (TIPO_DOCUMENTO, UNKNOWN, nullableUnknown), (DATA_CRIACAO_DOCUMENTO, UNKNOWN, nullableUnknown), (AUTOR_DOCUMENTO, UNKNOWN, nullableUnknown), (CAMINHO_ARQUIVO_DOCUMENTO, UNKNOWN, nullableUnknown), (ID_PROJETO, UNKNOWN, nullableUnknown)], keys=[], _rowList.size()=2], TB_PERFIL=org.dbunit.dataset.DefaultTable[_metaData=tableName=TB_PERFIL, columns=[(ID_PERFIL, UNKNOWN, nullableUnknown), (NOME_PERFIL, UNKNOWN, nullableUnknown)], keys=[], _rowList.size()=2], TB_RECURSO=org.dbunit.dataset.DefaultTable[_metaData=tableName=TB_RECURSO, columns=[(ID_RECURSO, UNKNOWN, nullableUnknown), (NOME_RECURSO, UNKNOWN, nullableUnknown), (TIPO_RECURSO, UNKNOWN, nullableUnknown), (QUANTIDADE_RECURSO, UNKNOWN, nullableUnknown), (CUSTO_RECURSO, UNKNOWN, nullableUnknown), (ID_PROJETO, UNKNOWN, nullableUnknown)], keys=[], _rowList.size()=2], TB_PROJETO=org.dbunit.dataset.DefaultTable[_metaData=tableName=TB_PROJETO, columns=[(ID_PROJETO, UNKNOWN, nullableUnknown), (NOME_PROJETO, UNKNOWN, nullableUnknown), (DESCRICAO_PROJETO, UNKNOWN, nullableUnknown), (ID_CLIENTE, UNKNOWN, nullableUnknown), (ID_CALENDARIO, UNKNOWN, nullableUnknown), (ID_RELATORIO, UNKNOWN, nullableUnknown)], keys=[], _rowList.size()=2]}, _caseSensitiveTableNames=false]
13:20:16.913 [main] DEBUG org.dbunit.operation.CompositeOperation - execute(connection=org.dbunit.database.DatabaseConnection[schema=null, connection=org.apache.derby.client.net.NetConnection@7d7cac8, super=_databaseConfig=org.dbunit.database.DatabaseConfig[, _propertyMap={http://www.dbunit.org/features/qualifiedTableNames=false, http://www.dbunit.org/properties/tableType=[Ljava.lang.String;@2d2acd89, http://www.dbunit.org/properties/batchSize=100, http://www.dbunit.org/properties/statementFactory=org.dbunit.database.statement.PreparedStatementFactory@7baf6acf, http://www.dbunit.org/features/batchedStatements=false, http://www.dbunit.org/features/caseSensitiveTableNames=false, http://www.dbunit.org/features/allowEmptyFields=false, http://www.dbunit.org/properties/datatypeFactory=org.dbunit.dataset.datatype.DefaultDataTypeFactory[_toleratedDeltaMap=org.dbunit.dataset.datatype.ToleratedDeltaMap@1e6dad8], http://www.dbunit.org/properties/metadataHandler=org.dbunit.database.DefaultMetadataHandler@6fc6deb7, http://www.dbunit.org/properties/fetchSize=100, http://www.dbunit.org/properties/resultSetTableFactory=org.dbunit.database.CachedResultSetTableFactory@8ed9cf, http://www.dbunit.org/features/datatypeWarning=true, http://www.dbunit.org/properties/escapePattern=null, http://www.dbunit.org/properties/allowVerifytabledefinitionExpectedtableCountMismatch=false}], _dataSet=null], , dataSet=AbstractDataSet[_orderedTableNameMap=org.dbunit.dataset.OrderedTableNameMap[_tableNames=[TB_CLIENTE, TB_TELEFONE_CLIENTE, TB_RELATORIO, TB_CALENDARIO, TB_PROJETO, TB_DOCUMENTO, TB_RECURSO, TB_FERIADO, TB_FORNECEDOR, TB_PROJETO_FORNECEDOR, TB_USUARIO, TB_PERFIL, TB_USUARIO_PERFIL, TB_TAREFA], _tableMap={TB_TELEFONE_CLIENTE=org.dbunit.dataset.DefaultTable[_metaData=tableName=TB_TELEFONE_CLIENTE, columns=[(ID_CLIENTE, UNKNOWN, nullableUnknown), (NUM_TELEFONE, UNKNOWN, nullableUnknown)], keys=[], _rowList.size()=3], TB_FERIADO=org.dbunit.dataset.DefaultTable[_metaData=tableName=TB_FERIADO, columns=[(ID_FERIADO, UNKNOWN, nullableUnknown), (DATA_FERIADO, UNKNOWN, nullableUnknown), (NOME_FERIADO, UNKNOWN, nullableUnknown), (TIPO_FERIADO, UNKNOWN, nullableUnknown)], keys=[], _rowList.size()=2], TB_PROJETO_FORNECEDOR=org.dbunit.dataset.DefaultTable[_metaData=tableName=TB_PROJETO_FORNECEDOR, columns=[(ID_PROJETO, UNKNOWN, nullableUnknown), (ID_FORNECEDOR, UNKNOWN, nullableUnknown)], keys=[], _rowList.size()=2], TB_RELATORIO=org.dbunit.dataset.DefaultTable[_metaData=tableName=TB_RELATORIO, columns=[(ID_RELATORIO, UNKNOWN, nullableUnknown), (TITULO_RELATORIO, UNKNOWN, nullableUnknown), (DATA_CRIACAO_RELATORIO, UNKNOWN, nullableUnknown), (AUTOR_RELATORIO, UNKNOWN, nullableUnknown), (DESCRICAO_RELATORIO, UNKNOWN, nullableUnknown), (CONTEUDO_RELATORIO, UNKNOWN, nullableUnknown)], keys=[], _rowList.size()=2], TB_FORNECEDOR=org.dbunit.dataset.DefaultTable[_metaData=tableName=TB_FORNECEDOR, columns=[(ID_FORNECEDOR, UNKNOWN, nullableUnknown), (NOME_FORNECEDOR, UNKNOWN, nullableUnknown), (CNPJ_FORNECEDOR, UNKNOWN, nullableUnknown), (EMAIL_FORNECEDOR, UNKNOWN, nullableUnknown), (TIPO_FORNECEDOR, UNKNOWN, nullableUnknown), (TIPO_STATUS, UNKNOWN, nullableUnknown), (DESCRICAO, UNKNOWN, nullableUnknown), (DATA_CADASTRO, UNKNOWN, nullableUnknown)], keys=[], _rowList.size()=2], TB_CLIENTE=org.dbunit.dataset.DefaultTable[_metaData=tableName=TB_CLIENTE, columns=[(ID_CLIENTE, UNKNOWN, nullableUnknown), (NOME_CLIENTE, UNKNOWN, nullableUnknown), (EMAIL_CLIENTE, UNKNOWN, nullableUnknown), (CNPJ_CLIENTE, UNKNOWN, nullableUnknown)], keys=[], _rowList.size()=2], TB_TAREFA=org.dbunit.dataset.DefaultTable[_metaData=tableName=TB_TAREFA, columns=[(ID_TAREFA, UNKNOWN, nullableUnknown), (NOME_TAREFA, UNKNOWN, nullableUnknown), (DESCRICAO_TAREFA, UNKNOWN, nullableUnknown), (DATA_INICIO_TAREFA, UNKNOWN, nullableUnknown), (PRIORIDADE_TAREFA, UNKNOWN, nullableUnknown), (TIPO_STATUS, UNKNOWN, nullableUnknown), (USUARIO_ID, UNKNOWN, nullableUnknown), (ID_PROJETO, UNKNOWN, nullableUnknown)], keys=[], _rowList.size()=2], TB_USUARIO=org.dbunit.dataset.DefaultTable[_metaData=tableName=TB_USUARIO, columns=[(ID_USUARIO, UNKNOWN, nullableUnknown), (NOME_USUARIO, UNKNOWN, nullableUnknown), (EMAIL_USUARIO, UNKNOWN, nullableUnknown), (SENHA_USUARIO, UNKNOWN, nullableUnknown)], keys=[], _rowList.size()=2], TB_USUARIO_PERFIL=org.dbunit.dataset.DefaultTable[_metaData=tableName=TB_USUARIO_PERFIL, columns=[(ID_USUARIO, UNKNOWN, nullableUnknown), (ID_PERFIL, UNKNOWN, nullableUnknown)], keys=[], _rowList.size()=2], TB_CALENDARIO=org.dbunit.dataset.DefaultTable[_metaData=tableName=TB_CALENDARIO, columns=[(ID_CALENDARIO, UNKNOWN, nullableUnknown), (DATA_INICIO, UNKNOWN, nullableUnknown), (DATA_FIM, UNKNOWN, nullableUnknown), (HORAS_TOTAIS, UNKNOWN, nullableUnknown)], keys=[], _rowList.size()=2], TB_DOCUMENTO=org.dbunit.dataset.DefaultTable[_metaData=tableName=TB_DOCUMENTO, columns=[(ID_DOCUMENTO, UNKNOWN, nullableUnknown), (TITULO_DOCUMENTO, UNKNOWN, nullableUnknown), (TIPO_DOCUMENTO, UNKNOWN, nullableUnknown), (DATA_CRIACAO_DOCUMENTO, UNKNOWN, nullableUnknown), (AUTOR_DOCUMENTO, UNKNOWN, nullableUnknown), (CAMINHO_ARQUIVO_DOCUMENTO, UNKNOWN, nullableUnknown), (ID_PROJETO, UNKNOWN, nullableUnknown)], keys=[], _rowList.size()=2], TB_PERFIL=org.dbunit.dataset.DefaultTable[_metaData=tableName=TB_PERFIL, columns=[(ID_PERFIL, UNKNOWN, nullableUnknown), (NOME_PERFIL, UNKNOWN, nullableUnknown)], keys=[], _rowList.size()=2], TB_RECURSO=org.dbunit.dataset.DefaultTable[_metaData=tableName=TB_RECURSO, columns=[(ID_RECURSO, UNKNOWN, nullableUnknown), (NOME_RECURSO, UNKNOWN, nullableUnknown), (TIPO_RECURSO, UNKNOWN, nullableUnknown), (QUANTIDADE_RECURSO, UNKNOWN, nullableUnknown), (CUSTO_RECURSO, UNKNOWN, nullableUnknown), (ID_PROJETO, UNKNOWN, nullableUnknown)], keys=[], _rowList.size()=2], TB_PROJETO=org.dbunit.dataset.DefaultTable[_metaData=tableName=TB_PROJETO, columns=[(ID_PROJETO, UNKNOWN, nullableUnknown), (NOME_PROJETO, UNKNOWN, nullableUnknown), (DESCRICAO_PROJETO, UNKNOWN, nullableUnknown), (ID_CLIENTE, UNKNOWN, nullableUnknown), (ID_CALENDARIO, UNKNOWN, nullableUnknown), (ID_RELATORIO, UNKNOWN, nullableUnknown)], keys=[], _rowList.size()=2]}, _caseSensitiveTableNames=false]]) - start
13:20:16.913 [main] DEBUG org.dbunit.operation.DeleteAllOperation - execute(connection=org.dbunit.database.DatabaseConnection[schema=null, connection=org.apache.derby.client.net.NetConnection@7d7cac8, super=_databaseConfig=org.dbunit.database.DatabaseConfig[, _propertyMap={http://www.dbunit.org/features/qualifiedTableNames=false, http://www.dbunit.org/properties/tableType=[Ljava.lang.String;@2d2acd89, http://www.dbunit.org/properties/batchSize=100, http://www.dbunit.org/properties/statementFactory=org.dbunit.database.statement.PreparedStatementFactory@7baf6acf, http://www.dbunit.org/features/batchedStatements=false, http://www.dbunit.org/features/caseSensitiveTableNames=false, http://www.dbunit.org/features/allowEmptyFields=false, http://www.dbunit.org/properties/datatypeFactory=org.dbunit.dataset.datatype.DefaultDataTypeFactory[_toleratedDeltaMap=org.dbunit.dataset.datatype.ToleratedDeltaMap@1e6dad8], http://www.dbunit.org/properties/metadataHandler=org.dbunit.database.DefaultMetadataHandler@6fc6deb7, http://www.dbunit.org/properties/fetchSize=100, http://www.dbunit.org/properties/resultSetTableFactory=org.dbunit.database.CachedResultSetTableFactory@8ed9cf, http://www.dbunit.org/features/datatypeWarning=true, http://www.dbunit.org/properties/escapePattern=null, http://www.dbunit.org/properties/allowVerifytabledefinitionExpectedtableCountMismatch=false}], _dataSet=null], dataSet=AbstractDataSet[_orderedTableNameMap=org.dbunit.dataset.OrderedTableNameMap[_tableNames=[TB_CLIENTE, TB_TELEFONE_CLIENTE, TB_RELATORIO, TB_CALENDARIO, TB_PROJETO, TB_DOCUMENTO, TB_RECURSO, TB_FERIADO, TB_FORNECEDOR, TB_PROJETO_FORNECEDOR, TB_USUARIO, TB_PERFIL, TB_USUARIO_PERFIL, TB_TAREFA], _tableMap={TB_TELEFONE_CLIENTE=org.dbunit.dataset.DefaultTable[_metaData=tableName=TB_TELEFONE_CLIENTE, columns=[(ID_CLIENTE, UNKNOWN, nullableUnknown), (NUM_TELEFONE, UNKNOWN, nullableUnknown)], keys=[], _rowList.size()=3], TB_FERIADO=org.dbunit.dataset.DefaultTable[_metaData=tableName=TB_FERIADO, columns=[(ID_FERIADO, UNKNOWN, nullableUnknown), (DATA_FERIADO, UNKNOWN, nullableUnknown), (NOME_FERIADO, UNKNOWN, nullableUnknown), (TIPO_FERIADO, UNKNOWN, nullableUnknown)], keys=[], _rowList.size()=2], TB_PROJETO_FORNECEDOR=org.dbunit.dataset.DefaultTable[_metaData=tableName=TB_PROJETO_FORNECEDOR, columns=[(ID_PROJETO, UNKNOWN, nullableUnknown), (ID_FORNECEDOR, UNKNOWN, nullableUnknown)], keys=[], _rowList.size()=2], TB_RELATORIO=org.dbunit.dataset.DefaultTable[_metaData=tableName=TB_RELATORIO, columns=[(ID_RELATORIO, UNKNOWN, nullableUnknown), (TITULO_RELATORIO, UNKNOWN, nullableUnknown), (DATA_CRIACAO_RELATORIO, UNKNOWN, nullableUnknown), (AUTOR_RELATORIO, UNKNOWN, nullableUnknown), (DESCRICAO_RELATORIO, UNKNOWN, nullableUnknown), (CONTEUDO_RELATORIO, UNKNOWN, nullableUnknown)], keys=[], _rowList.size()=2], TB_FORNECEDOR=org.dbunit.dataset.DefaultTable[_metaData=tableName=TB_FORNECEDOR, columns=[(ID_FORNECEDOR, UNKNOWN, nullableUnknown), (NOME_FORNECEDOR, UNKNOWN, nullableUnknown), (CNPJ_FORNECEDOR, UNKNOWN, nullableUnknown), (EMAIL_FORNECEDOR, UNKNOWN, nullableUnknown), (TIPO_FORNECEDOR, UNKNOWN, nullableUnknown), (TIPO_STATUS, UNKNOWN, nullableUnknown), (DESCRICAO, UNKNOWN, nullableUnknown), (DATA_CADASTRO, UNKNOWN, nullableUnknown)], keys=[], _rowList.size()=2], TB_CLIENTE=org.dbunit.dataset.DefaultTable[_metaData=tableName=TB_CLIENTE, columns=[(ID_CLIENTE, UNKNOWN, nullableUnknown), (NOME_CLIENTE, UNKNOWN, nullableUnknown), (EMAIL_CLIENTE, UNKNOWN, nullableUnknown), (CNPJ_CLIENTE, UNKNOWN, nullableUnknown)], keys=[], _rowList.size()=2], TB_TAREFA=org.dbunit.dataset.DefaultTable[_metaData=tableName=TB_TAREFA, columns=[(ID_TAREFA, UNKNOWN, nullableUnknown), (NOME_TAREFA, UNKNOWN, nullableUnknown), (DESCRICAO_TAREFA, UNKNOWN, nullableUnknown), (DATA_INICIO_TAREFA, UNKNOWN, nullableUnknown), (PRIORIDADE_TAREFA, UNKNOWN, nullableUnknown), (TIPO_STATUS, UNKNOWN, nullableUnknown), (USUARIO_ID, UNKNOWN, nullableUnknown), (ID_PROJETO, UNKNOWN, nullableUnknown)], keys=[], _rowList.size()=2], TB_USUARIO=org.dbunit.dataset.DefaultTable[_metaData=tableName=TB_USUARIO, columns=[(ID_USUARIO, UNKNOWN, nullableUnknown), (NOME_USUARIO, UNKNOWN, nullableUnknown), (EMAIL_USUARIO, UNKNOWN, nullableUnknown), (SENHA_USUARIO, UNKNOWN, nullableUnknown)], keys=[], _rowList.size()=2], TB_USUARIO_PERFIL=org.dbunit.dataset.DefaultTable[_metaData=tableName=TB_USUARIO_PERFIL, columns=[(ID_USUARIO, UNKNOWN, nullableUnknown), (ID_PERFIL, UNKNOWN, nullableUnknown)], keys=[], _rowList.size()=2], TB_CALENDARIO=org.dbunit.dataset.DefaultTable[_metaData=tableName=TB_CALENDARIO, columns=[(ID_CALENDARIO, UNKNOWN, nullableUnknown), (DATA_INICIO, UNKNOWN, nullableUnknown), (DATA_FIM, UNKNOWN, nullableUnknown), (HORAS_TOTAIS, UNKNOWN, nullableUnknown)], keys=[], _rowList.size()=2], TB_DOCUMENTO=org.dbunit.dataset.DefaultTable[_metaData=tableName=TB_DOCUMENTO, columns=[(ID_DOCUMENTO, UNKNOWN, nullableUnknown), (TITULO_DOCUMENTO, UNKNOWN, nullableUnknown), (TIPO_DOCUMENTO, UNKNOWN, nullableUnknown), (DATA_CRIACAO_DOCUMENTO, UNKNOWN, nullableUnknown), (AUTOR_DOCUMENTO, UNKNOWN, nullableUnknown), (CAMINHO_ARQUIVO_DOCUMENTO, UNKNOWN, nullableUnknown), (ID_PROJETO, UNKNOWN, nullableUnknown)], keys=[], _rowList.size()=2], TB_PERFIL=org.dbunit.dataset.DefaultTable[_metaData=tableName=TB_PERFIL, columns=[(ID_PERFIL, UNKNOWN, nullableUnknown), (NOME_PERFIL, UNKNOWN, nullableUnknown)], keys=[], _rowList.size()=2], TB_RECURSO=org.dbunit.dataset.DefaultTable[_metaData=tableName=TB_RECURSO, columns=[(ID_RECURSO, UNKNOWN, nullableUnknown), (NOME_RECURSO, UNKNOWN, nullableUnknown), (TIPO_RECURSO, UNKNOWN, nullableUnknown), (QUANTIDADE_RECURSO, UNKNOWN, nullableUnknown), (CUSTO_RECURSO, UNKNOWN, nullableUnknown), (ID_PROJETO, UNKNOWN, nullableUnknown)], keys=[], _rowList.size()=2], TB_PROJETO=org.dbunit.dataset.DefaultTable[_metaData=tableName=TB_PROJETO, columns=[(ID_PROJETO, UNKNOWN, nullableUnknown), (NOME_PROJETO, UNKNOWN, nullableUnknown), (DESCRICAO_PROJETO, UNKNOWN, nullableUnknown), (ID_CLIENTE, UNKNOWN, nullableUnknown), (ID_CALENDARIO, UNKNOWN, nullableUnknown), (ID_RELATORIO, UNKNOWN, nullableUnknown)], keys=[], _rowList.size()=2]}, _caseSensitiveTableNames=false]]) - start
13:20:16.913 [main] DEBUG org.dbunit.database.AbstractDatabaseConnection - createDataSet() - start
13:20:16.913 [main] DEBUG org.dbunit.database.statement.PreparedStatementFactory - createBatchStatement(connection=org.dbunit.database.DatabaseConnection[schema=null, connection=org.apache.derby.client.net.NetConnection@7d7cac8, super=_databaseConfig=org.dbunit.database.DatabaseConfig[, _propertyMap={http://www.dbunit.org/features/qualifiedTableNames=false, http://www.dbunit.org/properties/tableType=[Ljava.lang.String;@2d2acd89, http://www.dbunit.org/properties/batchSize=100, http://www.dbunit.org/properties/statementFactory=org.dbunit.database.statement.PreparedStatementFactory@7baf6acf, http://www.dbunit.org/features/batchedStatements=false, http://www.dbunit.org/features/caseSensitiveTableNames=false, http://www.dbunit.org/features/allowEmptyFields=false, http://www.dbunit.org/properties/datatypeFactory=org.dbunit.dataset.datatype.DefaultDataTypeFactory[_toleratedDeltaMap=org.dbunit.dataset.datatype.ToleratedDeltaMap@1e6dad8], http://www.dbunit.org/properties/metadataHandler=org.dbunit.database.DefaultMetadataHandler@6fc6deb7, http://www.dbunit.org/properties/fetchSize=100, http://www.dbunit.org/properties/resultSetTableFactory=org.dbunit.database.CachedResultSetTableFactory@8ed9cf, http://www.dbunit.org/features/datatypeWarning=true, http://www.dbunit.org/properties/escapePattern=null, http://www.dbunit.org/properties/allowVerifytabledefinitionExpectedtableCountMismatch=false}], _dataSet=AbstractDataSet[_orderedTableNameMap=null]]) - start
13:20:16.913 [main] DEBUG org.dbunit.database.statement.AbstractStatementFactory - supportBatchStatement(connection=org.dbunit.database.DatabaseConnection[schema=null, connection=org.apache.derby.client.net.NetConnection@7d7cac8, super=_databaseConfig=org.dbunit.database.DatabaseConfig[, _propertyMap={http://www.dbunit.org/features/qualifiedTableNames=false, http://www.dbunit.org/properties/tableType=[Ljava.lang.String;@2d2acd89, http://www.dbunit.org/properties/batchSize=100, http://www.dbunit.org/properties/statementFactory=org.dbunit.database.statement.PreparedStatementFactory@7baf6acf, http://www.dbunit.org/features/batchedStatements=false, http://www.dbunit.org/features/caseSensitiveTableNames=false, http://www.dbunit.org/features/allowEmptyFields=false, http://www.dbunit.org/properties/datatypeFactory=org.dbunit.dataset.datatype.DefaultDataTypeFactory[_toleratedDeltaMap=org.dbunit.dataset.datatype.ToleratedDeltaMap@1e6dad8], http://www.dbunit.org/properties/metadataHandler=org.dbunit.database.DefaultMetadataHandler@6fc6deb7, http://www.dbunit.org/properties/fetchSize=100, http://www.dbunit.org/properties/resultSetTableFactory=org.dbunit.database.CachedResultSetTableFactory@8ed9cf, http://www.dbunit.org/features/datatypeWarning=true, http://www.dbunit.org/properties/escapePattern=null, http://www.dbunit.org/properties/allowVerifytabledefinitionExpectedtableCountMismatch=false}], _dataSet=AbstractDataSet[_orderedTableNameMap=null]]) - start
13:20:16.913 [main] DEBUG org.dbunit.dataset.AbstractDataSet - iterator() - start
13:20:16.913 [main] DEBUG org.dbunit.dataset.CachedDataSet - createIterator(reversed=false) - start
13:20:16.913 [main] DEBUG org.dbunit.dataset.OrderedTableNameMap - orderedValues() - start
13:20:16.913 [main] DEBUG org.dbunit.dataset.OrderedTableNameMap - getTableName(tableName=TB_CLIENTE) - start
13:20:16.913 [main] DEBUG org.dbunit.dataset.OrderedTableNameMap - getTableName(tableName=TB_CLIENTE) - end - result=TB_CLIENTE
13:20:16.913 [main] DEBUG org.dbunit.dataset.OrderedTableNameMap - getTableName(tableName=TB_TELEFONE_CLIENTE) - start
13:20:16.913 [main] DEBUG org.dbunit.dataset.OrderedTableNameMap - getTableName(tableName=TB_TELEFONE_CLIENTE) - end - result=TB_TELEFONE_CLIENTE
13:20:16.913 [main] DEBUG org.dbunit.dataset.OrderedTableNameMap - getTableName(tableName=TB_RELATORIO) - start
13:20:16.913 [main] DEBUG org.dbunit.dataset.OrderedTableNameMap - getTableName(tableName=TB_RELATORIO) - end - result=TB_RELATORIO
13:20:16.913 [main] DEBUG org.dbunit.dataset.OrderedTableNameMap - getTableName(tableName=TB_CALENDARIO) - start
13:20:16.913 [main] DEBUG org.dbunit.dataset.OrderedTableNameMap - getTableName(tableName=TB_CALENDARIO) - end - result=TB_CALENDARIO
13:20:16.913 [main] DEBUG org.dbunit.dataset.OrderedTableNameMap - getTableName(tableName=TB_PROJETO) - start
13:20:16.913 [main] DEBUG org.dbunit.dataset.OrderedTableNameMap - getTableName(tableName=TB_PROJETO) - end - result=TB_PROJETO
13:20:16.913 [main] DEBUG org.dbunit.dataset.OrderedTableNameMap - getTableName(tableName=TB_DOCUMENTO) - start
13:20:16.913 [main] DEBUG org.dbunit.dataset.OrderedTableNameMap - getTableName(tableName=TB_DOCUMENTO) - end - result=TB_DOCUMENTO
13:20:16.913 [main] DEBUG org.dbunit.dataset.OrderedTableNameMap - getTableName(tableName=TB_RECURSO) - start
13:20:16.913 [main] DEBUG org.dbunit.dataset.OrderedTableNameMap - getTableName(tableName=TB_RECURSO) - end - result=TB_RECURSO
13:20:16.913 [main] DEBUG org.dbunit.dataset.OrderedTableNameMap - getTableName(tableName=TB_FERIADO) - start
13:20:16.913 [main] DEBUG org.dbunit.dataset.OrderedTableNameMap - getTableName(tableName=TB_FERIADO) - end - result=TB_FERIADO
13:20:16.913 [main] DEBUG org.dbunit.dataset.OrderedTableNameMap - getTableName(tableName=TB_FORNECEDOR) - start
13:20:16.913 [main] DEBUG org.dbunit.dataset.OrderedTableNameMap - getTableName(tableName=TB_FORNECEDOR) - end - result=TB_FORNECEDOR
13:20:16.913 [main] DEBUG org.dbunit.dataset.OrderedTableNameMap - getTableName(tableName=TB_PROJETO_FORNECEDOR) - start
13:20:16.913 [main] DEBUG org.dbunit.dataset.OrderedTableNameMap - getTableName(tableName=TB_PROJETO_FORNECEDOR) - end - result=TB_PROJETO_FORNECEDOR
13:20:16.913 [main] DEBUG org.dbunit.dataset.OrderedTableNameMap - getTableName(tableName=TB_USUARIO) - start
13:20:16.913 [main] DEBUG org.dbunit.dataset.OrderedTableNameMap - getTableName(tableName=TB_USUARIO) - end - result=TB_USUARIO
13:20:16.913 [main] DEBUG org.dbunit.dataset.OrderedTableNameMap - getTableName(tableName=TB_PERFIL) - start
13:20:16.913 [main] DEBUG org.dbunit.dataset.OrderedTableNameMap - getTableName(tableName=TB_PERFIL) - end - result=TB_PERFIL
13:20:16.913 [main] DEBUG org.dbunit.dataset.OrderedTableNameMap - getTableName(tableName=TB_USUARIO_PERFIL) - start
13:20:16.913 [main] DEBUG org.dbunit.dataset.OrderedTableNameMap - getTableName(tableName=TB_USUARIO_PERFIL) - end - result=TB_USUARIO_PERFIL
13:20:16.913 [main] DEBUG org.dbunit.dataset.OrderedTableNameMap - getTableName(tableName=TB_TAREFA) - start
13:20:16.913 [main] DEBUG org.dbunit.dataset.OrderedTableNameMap - getTableName(tableName=TB_TAREFA) - end - result=TB_TAREFA
13:20:16.913 [main] DEBUG org.dbunit.dataset.DefaultTableIterator - getTableMetaData() - start
13:20:16.913 [main] DEBUG org.dbunit.dataset.DefaultTableIterator - getTable() - start
13:20:16.913 [main] DEBUG org.dbunit.dataset.DefaultTableIterator - getTableMetaData() - start
13:20:16.913 [main] DEBUG org.dbunit.dataset.DefaultTableIterator - getTable() - start
13:20:16.913 [main] DEBUG org.dbunit.dataset.DefaultTableIterator - getTableMetaData() - start
13:20:16.913 [main] DEBUG org.dbunit.dataset.DefaultTableIterator - getTable() - start
13:20:16.914 [main] DEBUG org.dbunit.dataset.DefaultTableIterator - getTableMetaData() - start
13:20:16.914 [main] DEBUG org.dbunit.dataset.DefaultTableIterator - getTable() - start
13:20:16.914 [main] DEBUG org.dbunit.dataset.DefaultTableIterator - getTableMetaData() - start
13:20:16.914 [main] DEBUG org.dbunit.dataset.DefaultTableIterator - getTable() - start
13:20:16.914 [main] DEBUG org.dbunit.dataset.DefaultTableIterator - getTableMetaData() - start
13:20:16.914 [main] DEBUG org.dbunit.dataset.DefaultTableIterator - getTable() - start
13:20:16.914 [main] DEBUG org.dbunit.dataset.DefaultTableIterator - getTableMetaData() - start
13:20:16.914 [main] DEBUG org.dbunit.dataset.DefaultTableIterator - getTable() - start
13:20:16.914 [main] DEBUG org.dbunit.dataset.DefaultTableIterator - getTableMetaData() - start
13:20:16.914 [main] DEBUG org.dbunit.dataset.DefaultTableIterator - getTable() - start
13:20:16.914 [main] DEBUG org.dbunit.dataset.DefaultTableIterator - getTableMetaData() - start
13:20:16.914 [main] DEBUG org.dbunit.dataset.DefaultTableIterator - getTable() - start
13:20:16.914 [main] DEBUG org.dbunit.dataset.DefaultTableIterator - getTableMetaData() - start
13:20:16.914 [main] DEBUG org.dbunit.dataset.DefaultTableIterator - getTable() - start
13:20:16.914 [main] DEBUG org.dbunit.dataset.DefaultTableIterator - getTableMetaData() - start
13:20:16.914 [main] DEBUG org.dbunit.dataset.DefaultTableIterator - getTable() - start
13:20:16.914 [main] DEBUG org.dbunit.dataset.DefaultTableIterator - getTableMetaData() - start
13:20:16.914 [main] DEBUG org.dbunit.dataset.DefaultTableIterator - getTable() - start
13:20:16.914 [main] DEBUG org.dbunit.dataset.DefaultTableIterator - getTableMetaData() - start
13:20:16.914 [main] DEBUG org.dbunit.dataset.DefaultTableIterator - getTable() - start
13:20:16.914 [main] DEBUG org.dbunit.dataset.DefaultTableIterator - getTableMetaData() - start
13:20:16.914 [main] DEBUG org.dbunit.dataset.DefaultTableIterator - getTable() - start
13:20:16.914 [main] DEBUG org.dbunit.database.DatabaseDataSet - getTableMetaData(tableName=TB_TAREFA) - start
13:20:16.914 [main] DEBUG org.dbunit.database.DatabaseDataSet - initialize() - start
13:20:16.914 [main] DEBUG org.dbunit.database.DatabaseDataSet - Initializing the data set from the database...
13:20:16.929 [main] DEBUG org.dbunit.database.DatabaseDataSet - 
	database product name=Apache Derby
	database version=10.16.1.1 - (1901046)
	database major version=10
	database minor version=16
	jdbc driver name=Apache Derby Network Client JDBC Driver
	jdbc driver version=10.16.1.1 - (1901046)
	jdbc driver major version=10
	jdbc driver minor version=16

13:20:16.929 [main] DEBUG org.dbunit.database.DatabaseDataSet - metadata resultset=org.apache.derby.client.net.NetResultSet42@441b8382
13:20:16.930 [main] DEBUG org.dbunit.util.QualifiedTableName - getQualifiedNameIfEnabled(config=org.dbunit.database.DatabaseConfig[, _propertyMap={http://www.dbunit.org/features/qualifiedTableNames=false, http://www.dbunit.org/properties/tableType=[Ljava.lang.String;@2d2acd89, http://www.dbunit.org/properties/batchSize=100, http://www.dbunit.org/properties/statementFactory=org.dbunit.database.statement.PreparedStatementFactory@7baf6acf, http://www.dbunit.org/features/batchedStatements=false, http://www.dbunit.org/features/caseSensitiveTableNames=false, http://www.dbunit.org/features/allowEmptyFields=false, http://www.dbunit.org/properties/datatypeFactory=org.dbunit.dataset.datatype.DefaultDataTypeFactory[_toleratedDeltaMap=org.dbunit.dataset.datatype.ToleratedDeltaMap@1e6dad8], http://www.dbunit.org/properties/metadataHandler=org.dbunit.database.DefaultMetadataHandler@6fc6deb7, http://www.dbunit.org/properties/fetchSize=100, http://www.dbunit.org/properties/resultSetTableFactory=org.dbunit.database.CachedResultSetTableFactory@8ed9cf, http://www.dbunit.org/features/datatypeWarning=true, http://www.dbunit.org/properties/escapePattern=null, http://www.dbunit.org/properties/allowVerifytabledefinitionExpectedtableCountMismatch=false}]) - start
13:20:16.930 [main] DEBUG org.dbunit.util.QualifiedTableName - Qualified table names feature is disabled. Returning plain table name
13:20:16.930 [main] DEBUG org.dbunit.util.QualifiedTableName - getQualifiedName(prefix=null, name=TB_CALENDARIO, escapePattern=null) - start
13:20:16.930 [main] DEBUG org.dbunit.dataset.OrderedTableNameMap - add(tableName=TB_CALENDARIO, object=null) - start
13:20:16.930 [main] DEBUG org.dbunit.dataset.OrderedTableNameMap - getTableName(tableName=TB_CALENDARIO) - start
13:20:16.930 [main] DEBUG org.dbunit.dataset.OrderedTableNameMap - getTableName(tableName=TB_CALENDARIO) - end - result=TB_CALENDARIO
13:20:16.930 [main] DEBUG org.dbunit.dataset.OrderedTableNameMap - getTableName(tableName=TB_CALENDARIO) - start
13:20:16.930 [main] DEBUG org.dbunit.dataset.OrderedTableNameMap - getTableName(tableName=TB_CALENDARIO) - end - result=TB_CALENDARIO
13:20:16.930 [main] DEBUG org.dbunit.util.QualifiedTableName - getQualifiedNameIfEnabled(config=org.dbunit.database.DatabaseConfig[, _propertyMap={http://www.dbunit.org/features/qualifiedTableNames=false, http://www.dbunit.org/properties/tableType=[Ljava.lang.String;@2d2acd89, http://www.dbunit.org/properties/batchSize=100, http://www.dbunit.org/properties/statementFactory=org.dbunit.database.statement.PreparedStatementFactory@7baf6acf, http://www.dbunit.org/features/batchedStatements=false, http://www.dbunit.org/features/caseSensitiveTableNames=false, http://www.dbunit.org/features/allowEmptyFields=false, http://www.dbunit.org/properties/datatypeFactory=org.dbunit.dataset.datatype.DefaultDataTypeFactory[_toleratedDeltaMap=org.dbunit.dataset.datatype.ToleratedDeltaMap@1e6dad8], http://www.dbunit.org/properties/metadataHandler=org.dbunit.database.DefaultMetadataHandler@6fc6deb7, http://www.dbunit.org/properties/fetchSize=100, http://www.dbunit.org/properties/resultSetTableFactory=org.dbunit.database.CachedResultSetTableFactory@8ed9cf, http://www.dbunit.org/features/datatypeWarning=true, http://www.dbunit.org/properties/escapePattern=null, http://www.dbunit.org/properties/allowVerifytabledefinitionExpectedtableCountMismatch=false}]) - start
13:20:16.930 [main] DEBUG org.dbunit.util.QualifiedTableName - Qualified table names feature is disabled. Returning plain table name
13:20:16.930 [main] DEBUG org.dbunit.util.QualifiedTableName - getQualifiedName(prefix=null, name=TB_CLIENTE, escapePattern=null) - start
13:20:16.930 [main] DEBUG org.dbunit.dataset.OrderedTableNameMap - add(tableName=TB_CLIENTE, object=null) - start
13:20:16.930 [main] DEBUG org.dbunit.dataset.OrderedTableNameMap - getTableName(tableName=TB_CLIENTE) - start
13:20:16.930 [main] DEBUG org.dbunit.dataset.OrderedTableNameMap - getTableName(tableName=TB_CLIENTE) - end - result=TB_CLIENTE
13:20:16.930 [main] DEBUG org.dbunit.dataset.OrderedTableNameMap - getTableName(tableName=TB_CLIENTE) - start
13:20:16.930 [main] DEBUG org.dbunit.dataset.OrderedTableNameMap - getTableName(tableName=TB_CLIENTE) - end - result=TB_CLIENTE
13:20:16.930 [main] DEBUG org.dbunit.util.QualifiedTableName - getQualifiedNameIfEnabled(config=org.dbunit.database.DatabaseConfig[, _propertyMap={http://www.dbunit.org/features/qualifiedTableNames=false, http://www.dbunit.org/properties/tableType=[Ljava.lang.String;@2d2acd89, http://www.dbunit.org/properties/batchSize=100, http://www.dbunit.org/properties/statementFactory=org.dbunit.database.statement.PreparedStatementFactory@7baf6acf, http://www.dbunit.org/features/batchedStatements=false, http://www.dbunit.org/features/caseSensitiveTableNames=false, http://www.dbunit.org/features/allowEmptyFields=false, http://www.dbunit.org/properties/datatypeFactory=org.dbunit.dataset.datatype.DefaultDataTypeFactory[_toleratedDeltaMap=org.dbunit.dataset.datatype.ToleratedDeltaMap@1e6dad8], http://www.dbunit.org/properties/metadataHandler=org.dbunit.database.DefaultMetadataHandler@6fc6deb7, http://www.dbunit.org/properties/fetchSize=100, http://www.dbunit.org/properties/resultSetTableFactory=org.dbunit.database.CachedResultSetTableFactory@8ed9cf, http://www.dbunit.org/features/datatypeWarning=true, http://www.dbunit.org/properties/escapePattern=null, http://www.dbunit.org/properties/allowVerifytabledefinitionExpectedtableCountMismatch=false}]) - start
13:20:16.930 [main] DEBUG org.dbunit.util.QualifiedTableName - Qualified table names feature is disabled. Returning plain table name
13:20:16.930 [main] DEBUG org.dbunit.util.QualifiedTableName - getQualifiedName(prefix=null, name=TB_DEPARTAMENTO, escapePattern=null) - start
13:20:16.930 [main] DEBUG org.dbunit.dataset.OrderedTableNameMap - add(tableName=TB_DEPARTAMENTO, object=null) - start
13:20:16.930 [main] DEBUG org.dbunit.dataset.OrderedTableNameMap - getTableName(tableName=TB_DEPARTAMENTO) - start
13:20:16.930 [main] DEBUG org.dbunit.dataset.OrderedTableNameMap - getTableName(tableName=TB_DEPARTAMENTO) - end - result=TB_DEPARTAMENTO
13:20:16.930 [main] DEBUG org.dbunit.dataset.OrderedTableNameMap - getTableName(tableName=TB_DEPARTAMENTO) - start
13:20:16.930 [main] DEBUG org.dbunit.dataset.OrderedTableNameMap - getTableName(tableName=TB_DEPARTAMENTO) - end - result=TB_DEPARTAMENTO
13:20:16.930 [main] DEBUG org.dbunit.util.QualifiedTableName - getQualifiedNameIfEnabled(config=org.dbunit.database.DatabaseConfig[, _propertyMap={http://www.dbunit.org/features/qualifiedTableNames=false, http://www.dbunit.org/properties/tableType=[Ljava.lang.String;@2d2acd89, http://www.dbunit.org/properties/batchSize=100, http://www.dbunit.org/properties/statementFactory=org.dbunit.database.statement.PreparedStatementFactory@7baf6acf, http://www.dbunit.org/features/batchedStatements=false, http://www.dbunit.org/features/caseSensitiveTableNames=false, http://www.dbunit.org/features/allowEmptyFields=false, http://www.dbunit.org/properties/datatypeFactory=org.dbunit.dataset.datatype.DefaultDataTypeFactory[_toleratedDeltaMap=org.dbunit.dataset.datatype.ToleratedDeltaMap@1e6dad8], http://www.dbunit.org/properties/metadataHandler=org.dbunit.database.DefaultMetadataHandler@6fc6deb7, http://www.dbunit.org/properties/fetchSize=100, http://www.dbunit.org/properties/resultSetTableFactory=org.dbunit.database.CachedResultSetTableFactory@8ed9cf, http://www.dbunit.org/features/datatypeWarning=true, http://www.dbunit.org/properties/escapePattern=null, http://www.dbunit.org/properties/allowVerifytabledefinitionExpectedtableCountMismatch=false}]) - start
13:20:16.930 [main] DEBUG org.dbunit.util.QualifiedTableName - Qualified table names feature is disabled. Returning plain table name
13:20:16.930 [main] DEBUG org.dbunit.util.QualifiedTableName - getQualifiedName(prefix=null, name=TB_DEPARTAMENTO_PROJETO, escapePattern=null) - start
13:20:16.930 [main] DEBUG org.dbunit.dataset.OrderedTableNameMap - add(tableName=TB_DEPARTAMENTO_PROJETO, object=null) - start
13:20:16.930 [main] DEBUG org.dbunit.dataset.OrderedTableNameMap - getTableName(tableName=TB_DEPARTAMENTO_PROJETO) - start
13:20:16.930 [main] DEBUG org.dbunit.dataset.OrderedTableNameMap - getTableName(tableName=TB_DEPARTAMENTO_PROJETO) - end - result=TB_DEPARTAMENTO_PROJETO
13:20:16.930 [main] DEBUG org.dbunit.dataset.OrderedTableNameMap - getTableName(tableName=TB_DEPARTAMENTO_PROJETO) - start
13:20:16.930 [main] DEBUG org.dbunit.dataset.OrderedTableNameMap - getTableName(tableName=TB_DEPARTAMENTO_PROJETO) - end - result=TB_DEPARTAMENTO_PROJETO
13:20:16.930 [main] DEBUG org.dbunit.util.QualifiedTableName - getQualifiedNameIfEnabled(config=org.dbunit.database.DatabaseConfig[, _propertyMap={http://www.dbunit.org/features/qualifiedTableNames=false, http://www.dbunit.org/properties/tableType=[Ljava.lang.String;@2d2acd89, http://www.dbunit.org/properties/batchSize=100, http://www.dbunit.org/properties/statementFactory=org.dbunit.database.statement.PreparedStatementFactory@7baf6acf, http://www.dbunit.org/features/batchedStatements=false, http://www.dbunit.org/features/caseSensitiveTableNames=false, http://www.dbunit.org/features/allowEmptyFields=false, http://www.dbunit.org/properties/datatypeFactory=org.dbunit.dataset.datatype.DefaultDataTypeFactory[_toleratedDeltaMap=org.dbunit.dataset.datatype.ToleratedDeltaMap@1e6dad8], http://www.dbunit.org/properties/metadataHandler=org.dbunit.database.DefaultMetadataHandler@6fc6deb7, http://www.dbunit.org/properties/fetchSize=100, http://www.dbunit.org/properties/resultSetTableFactory=org.dbunit.database.CachedResultSetTableFactory@8ed9cf, http://www.dbunit.org/features/datatypeWarning=true, http://www.dbunit.org/properties/escapePattern=null, http://www.dbunit.org/properties/allowVerifytabledefinitionExpectedtableCountMismatch=false}]) - start
13:20:16.930 [main] DEBUG org.dbunit.util.QualifiedTableName - Qualified table names feature is disabled. Returning plain table name
13:20:16.930 [main] DEBUG org.dbunit.util.QualifiedTableName - getQualifiedName(prefix=null, name=TB_DOCUMENTO, escapePattern=null) - start
13:20:16.930 [main] DEBUG org.dbunit.dataset.OrderedTableNameMap - add(tableName=TB_DOCUMENTO, object=null) - start
13:20:16.930 [main] DEBUG org.dbunit.dataset.OrderedTableNameMap - getTableName(tableName=TB_DOCUMENTO) - start
13:20:16.930 [main] DEBUG org.dbunit.dataset.OrderedTableNameMap - getTableName(tableName=TB_DOCUMENTO) - end - result=TB_DOCUMENTO
13:20:16.930 [main] DEBUG org.dbunit.dataset.OrderedTableNameMap - getTableName(tableName=TB_DOCUMENTO) - start
13:20:16.930 [main] DEBUG org.dbunit.dataset.OrderedTableNameMap - getTableName(tableName=TB_DOCUMENTO) - end - result=TB_DOCUMENTO
13:20:16.930 [main] DEBUG org.dbunit.util.QualifiedTableName - getQualifiedNameIfEnabled(config=org.dbunit.database.DatabaseConfig[, _propertyMap={http://www.dbunit.org/features/qualifiedTableNames=false, http://www.dbunit.org/properties/tableType=[Ljava.lang.String;@2d2acd89, http://www.dbunit.org/properties/batchSize=100, http://www.dbunit.org/properties/statementFactory=org.dbunit.database.statement.PreparedStatementFactory@7baf6acf, http://www.dbunit.org/features/batchedStatements=false, http://www.dbunit.org/features/caseSensitiveTableNames=false, http://www.dbunit.org/features/allowEmptyFields=false, http://www.dbunit.org/properties/datatypeFactory=org.dbunit.dataset.datatype.DefaultDataTypeFactory[_toleratedDeltaMap=org.dbunit.dataset.datatype.ToleratedDeltaMap@1e6dad8], http://www.dbunit.org/properties/metadataHandler=org.dbunit.database.DefaultMetadataHandler@6fc6deb7, http://www.dbunit.org/properties/fetchSize=100, http://www.dbunit.org/properties/resultSetTableFactory=org.dbunit.database.CachedResultSetTableFactory@8ed9cf, http://www.dbunit.org/features/datatypeWarning=true, http://www.dbunit.org/properties/escapePattern=null, http://www.dbunit.org/properties/allowVerifytabledefinitionExpectedtableCountMismatch=false}]) - start
13:20:16.930 [main] DEBUG org.dbunit.util.QualifiedTableName - Qualified table names feature is disabled. Returning plain table name
13:20:16.930 [main] DEBUG org.dbunit.util.QualifiedTableName - getQualifiedName(prefix=null, name=TB_FERIADO, escapePattern=null) - start
13:20:16.930 [main] DEBUG org.dbunit.dataset.OrderedTableNameMap - add(tableName=TB_FERIADO, object=null) - start
13:20:16.930 [main] DEBUG org.dbunit.dataset.OrderedTableNameMap - getTableName(tableName=TB_FERIADO) - start
13:20:16.930 [main] DEBUG org.dbunit.dataset.OrderedTableNameMap - getTableName(tableName=TB_FERIADO) - end - result=TB_FERIADO
13:20:16.930 [main] DEBUG org.dbunit.dataset.OrderedTableNameMap - getTableName(tableName=TB_FERIADO) - start
13:20:16.930 [main] DEBUG org.dbunit.dataset.OrderedTableNameMap - getTableName(tableName=TB_FERIADO) - end - result=TB_FERIADO
13:20:16.931 [main] DEBUG org.dbunit.util.QualifiedTableName - getQualifiedNameIfEnabled(config=org.dbunit.database.DatabaseConfig[, _propertyMap={http://www.dbunit.org/features/qualifiedTableNames=false, http://www.dbunit.org/properties/tableType=[Ljava.lang.String;@2d2acd89, http://www.dbunit.org/properties/batchSize=100, http://www.dbunit.org/properties/statementFactory=org.dbunit.database.statement.PreparedStatementFactory@7baf6acf, http://www.dbunit.org/features/batchedStatements=false, http://www.dbunit.org/features/caseSensitiveTableNames=false, http://www.dbunit.org/features/allowEmptyFields=false, http://www.dbunit.org/properties/datatypeFactory=org.dbunit.dataset.datatype.DefaultDataTypeFactory[_toleratedDeltaMap=org.dbunit.dataset.datatype.ToleratedDeltaMap@1e6dad8], http://www.dbunit.org/properties/metadataHandler=org.dbunit.database.DefaultMetadataHandler@6fc6deb7, http://www.dbunit.org/properties/fetchSize=100, http://www.dbunit.org/properties/resultSetTableFactory=org.dbunit.database.CachedResultSetTableFactory@8ed9cf, http://www.dbunit.org/features/datatypeWarning=true, http://www.dbunit.org/properties/escapePattern=null, http://www.dbunit.org/properties/allowVerifytabledefinitionExpectedtableCountMismatch=false}]) - start
13:20:16.931 [main] DEBUG org.dbunit.util.QualifiedTableName - Qualified table names feature is disabled. Returning plain table name
13:20:16.931 [main] DEBUG org.dbunit.util.QualifiedTableName - getQualifiedName(prefix=null, name=TB_FORNECEDOR, escapePattern=null) - start
13:20:16.931 [main] DEBUG org.dbunit.dataset.OrderedTableNameMap - add(tableName=TB_FORNECEDOR, object=null) - start
13:20:16.931 [main] DEBUG org.dbunit.dataset.OrderedTableNameMap - getTableName(tableName=TB_FORNECEDOR) - start
13:20:16.931 [main] DEBUG org.dbunit.dataset.OrderedTableNameMap - getTableName(tableName=TB_FORNECEDOR) - end - result=TB_FORNECEDOR
13:20:16.931 [main] DEBUG org.dbunit.dataset.OrderedTableNameMap - getTableName(tableName=TB_FORNECEDOR) - start
13:20:16.931 [main] DEBUG org.dbunit.dataset.OrderedTableNameMap - getTableName(tableName=TB_FORNECEDOR) - end - result=TB_FORNECEDOR
13:20:16.931 [main] DEBUG org.dbunit.util.QualifiedTableName - getQualifiedNameIfEnabled(config=org.dbunit.database.DatabaseConfig[, _propertyMap={http://www.dbunit.org/features/qualifiedTableNames=false, http://www.dbunit.org/properties/tableType=[Ljava.lang.String;@2d2acd89, http://www.dbunit.org/properties/batchSize=100, http://www.dbunit.org/properties/statementFactory=org.dbunit.database.statement.PreparedStatementFactory@7baf6acf, http://www.dbunit.org/features/batchedStatements=false, http://www.dbunit.org/features/caseSensitiveTableNames=false, http://www.dbunit.org/features/allowEmptyFields=false, http://www.dbunit.org/properties/datatypeFactory=org.dbunit.dataset.datatype.DefaultDataTypeFactory[_toleratedDeltaMap=org.dbunit.dataset.datatype.ToleratedDeltaMap@1e6dad8], http://www.dbunit.org/properties/metadataHandler=org.dbunit.database.DefaultMetadataHandler@6fc6deb7, http://www.dbunit.org/properties/fetchSize=100, http://www.dbunit.org/properties/resultSetTableFactory=org.dbunit.database.CachedResultSetTableFactory@8ed9cf, http://www.dbunit.org/features/datatypeWarning=true, http://www.dbunit.org/properties/escapePattern=null, http://www.dbunit.org/properties/allowVerifytabledefinitionExpectedtableCountMismatch=false}]) - start
13:20:16.931 [main] DEBUG org.dbunit.util.QualifiedTableName - Qualified table names feature is disabled. Returning plain table name
13:20:16.931 [main] DEBUG org.dbunit.util.QualifiedTableName - getQualifiedName(prefix=null, name=TB_PERFIL, escapePattern=null) - start
13:20:16.931 [main] DEBUG org.dbunit.dataset.OrderedTableNameMap - add(tableName=TB_PERFIL, object=null) - start
13:20:16.931 [main] DEBUG org.dbunit.dataset.OrderedTableNameMap - getTableName(tableName=TB_PERFIL) - start
13:20:16.931 [main] DEBUG org.dbunit.dataset.OrderedTableNameMap - getTableName(tableName=TB_PERFIL) - end - result=TB_PERFIL
13:20:16.931 [main] DEBUG org.dbunit.dataset.OrderedTableNameMap - getTableName(tableName=TB_PERFIL) - start
13:20:16.931 [main] DEBUG org.dbunit.dataset.OrderedTableNameMap - getTableName(tableName=TB_PERFIL) - end - result=TB_PERFIL
13:20:16.931 [main] DEBUG org.dbunit.util.QualifiedTableName - getQualifiedNameIfEnabled(config=org.dbunit.database.DatabaseConfig[, _propertyMap={http://www.dbunit.org/features/qualifiedTableNames=false, http://www.dbunit.org/properties/tableType=[Ljava.lang.String;@2d2acd89, http://www.dbunit.org/properties/batchSize=100, http://www.dbunit.org/properties/statementFactory=org.dbunit.database.statement.PreparedStatementFactory@7baf6acf, http://www.dbunit.org/features/batchedStatements=false, http://www.dbunit.org/features/caseSensitiveTableNames=false, http://www.dbunit.org/features/allowEmptyFields=false, http://www.dbunit.org/properties/datatypeFactory=org.dbunit.dataset.datatype.DefaultDataTypeFactory[_toleratedDeltaMap=org.dbunit.dataset.datatype.ToleratedDeltaMap@1e6dad8], http://www.dbunit.org/properties/metadataHandler=org.dbunit.database.DefaultMetadataHandler@6fc6deb7, http://www.dbunit.org/properties/fetchSize=100, http://www.dbunit.org/properties/resultSetTableFactory=org.dbunit.database.CachedResultSetTableFactory@8ed9cf, http://www.dbunit.org/features/datatypeWarning=true, http://www.dbunit.org/properties/escapePattern=null, http://www.dbunit.org/properties/allowVerifytabledefinitionExpectedtableCountMismatch=false}]) - start
13:20:16.931 [main] DEBUG org.dbunit.util.QualifiedTableName - Qualified table names feature is disabled. Returning plain table name
13:20:16.931 [main] DEBUG org.dbunit.util.QualifiedTableName - getQualifiedName(prefix=null, name=TB_PROJETO, escapePattern=null) - start
13:20:16.931 [main] DEBUG org.dbunit.dataset.OrderedTableNameMap - add(tableName=TB_PROJETO, object=null) - start
13:20:16.931 [main] DEBUG org.dbunit.dataset.OrderedTableNameMap - getTableName(tableName=TB_PROJETO) - start
13:20:16.931 [main] DEBUG org.dbunit.dataset.OrderedTableNameMap - getTableName(tableName=TB_PROJETO) - end - result=TB_PROJETO
13:20:16.931 [main] DEBUG org.dbunit.dataset.OrderedTableNameMap - getTableName(tableName=TB_PROJETO) - start
13:20:16.931 [main] DEBUG org.dbunit.dataset.OrderedTableNameMap - getTableName(tableName=TB_PROJETO) - end - result=TB_PROJETO
13:20:16.931 [main] DEBUG org.dbunit.util.QualifiedTableName - getQualifiedNameIfEnabled(config=org.dbunit.database.DatabaseConfig[, _propertyMap={http://www.dbunit.org/features/qualifiedTableNames=false, http://www.dbunit.org/properties/tableType=[Ljava.lang.String;@2d2acd89, http://www.dbunit.org/properties/batchSize=100, http://www.dbunit.org/properties/statementFactory=org.dbunit.database.statement.PreparedStatementFactory@7baf6acf, http://www.dbunit.org/features/batchedStatements=false, http://www.dbunit.org/features/caseSensitiveTableNames=false, http://www.dbunit.org/features/allowEmptyFields=false, http://www.dbunit.org/properties/datatypeFactory=org.dbunit.dataset.datatype.DefaultDataTypeFactory[_toleratedDeltaMap=org.dbunit.dataset.datatype.ToleratedDeltaMap@1e6dad8], http://www.dbunit.org/properties/metadataHandler=org.dbunit.database.DefaultMetadataHandler@6fc6deb7, http://www.dbunit.org/properties/fetchSize=100, http://www.dbunit.org/properties/resultSetTableFactory=org.dbunit.database.CachedResultSetTableFactory@8ed9cf, http://www.dbunit.org/features/datatypeWarning=true, http://www.dbunit.org/properties/escapePattern=null, http://www.dbunit.org/properties/allowVerifytabledefinitionExpectedtableCountMismatch=false}]) - start
13:20:16.931 [main] DEBUG org.dbunit.util.QualifiedTableName - Qualified table names feature is disabled. Returning plain table name
13:20:16.931 [main] DEBUG org.dbunit.util.QualifiedTableName - getQualifiedName(prefix=null, name=TB_PROJETO_FORNECEDOR, escapePattern=null) - start
13:20:16.931 [main] DEBUG org.dbunit.dataset.OrderedTableNameMap - add(tableName=TB_PROJETO_FORNECEDOR, object=null) - start
13:20:16.931 [main] DEBUG org.dbunit.dataset.OrderedTableNameMap - getTableName(tableName=TB_PROJETO_FORNECEDOR) - start
13:20:16.931 [main] DEBUG org.dbunit.dataset.OrderedTableNameMap - getTableName(tableName=TB_PROJETO_FORNECEDOR) - end - result=TB_PROJETO_FORNECEDOR
13:20:16.931 [main] DEBUG org.dbunit.dataset.OrderedTableNameMap - getTableName(tableName=TB_PROJETO_FORNECEDOR) - start
13:20:16.931 [main] DEBUG org.dbunit.dataset.OrderedTableNameMap - getTableName(tableName=TB_PROJETO_FORNECEDOR) - end - result=TB_PROJETO_FORNECEDOR
13:20:16.931 [main] DEBUG org.dbunit.util.QualifiedTableName - getQualifiedNameIfEnabled(config=org.dbunit.database.DatabaseConfig[, _propertyMap={http://www.dbunit.org/features/qualifiedTableNames=false, http://www.dbunit.org/properties/tableType=[Ljava.lang.String;@2d2acd89, http://www.dbunit.org/properties/batchSize=100, http://www.dbunit.org/properties/statementFactory=org.dbunit.database.statement.PreparedStatementFactory@7baf6acf, http://www.dbunit.org/features/batchedStatements=false, http://www.dbunit.org/features/caseSensitiveTableNames=false, http://www.dbunit.org/features/allowEmptyFields=false, http://www.dbunit.org/properties/datatypeFactory=org.dbunit.dataset.datatype.DefaultDataTypeFactory[_toleratedDeltaMap=org.dbunit.dataset.datatype.ToleratedDeltaMap@1e6dad8], http://www.dbunit.org/properties/metadataHandler=org.dbunit.database.DefaultMetadataHandler@6fc6deb7, http://www.dbunit.org/properties/fetchSize=100, http://www.dbunit.org/properties/resultSetTableFactory=org.dbunit.database.CachedResultSetTableFactory@8ed9cf, http://www.dbunit.org/features/datatypeWarning=true, http://www.dbunit.org/properties/escapePattern=null, http://www.dbunit.org/properties/allowVerifytabledefinitionExpectedtableCountMismatch=false}]) - start
13:20:16.931 [main] DEBUG org.dbunit.util.QualifiedTableName - Qualified table names feature is disabled. Returning plain table name
13:20:16.931 [main] DEBUG org.dbunit.util.QualifiedTableName - getQualifiedName(prefix=null, name=TB_RECURSO, escapePattern=null) - start
13:20:16.931 [main] DEBUG org.dbunit.dataset.OrderedTableNameMap - add(tableName=TB_RECURSO, object=null) - start
13:20:16.931 [main] DEBUG org.dbunit.dataset.OrderedTableNameMap - getTableName(tableName=TB_RECURSO) - start
13:20:16.931 [main] DEBUG org.dbunit.dataset.OrderedTableNameMap - getTableName(tableName=TB_RECURSO) - end - result=TB_RECURSO
13:20:16.931 [main] DEBUG org.dbunit.dataset.OrderedTableNameMap - getTableName(tableName=TB_RECURSO) - start
13:20:16.931 [main] DEBUG org.dbunit.dataset.OrderedTableNameMap - getTableName(tableName=TB_RECURSO) - end - result=TB_RECURSO
13:20:16.931 [main] DEBUG org.dbunit.util.QualifiedTableName - getQualifiedNameIfEnabled(config=org.dbunit.database.DatabaseConfig[, _propertyMap={http://www.dbunit.org/features/qualifiedTableNames=false, http://www.dbunit.org/properties/tableType=[Ljava.lang.String;@2d2acd89, http://www.dbunit.org/properties/batchSize=100, http://www.dbunit.org/properties/statementFactory=org.dbunit.database.statement.PreparedStatementFactory@7baf6acf, http://www.dbunit.org/features/batchedStatements=false, http://www.dbunit.org/features/caseSensitiveTableNames=false, http://www.dbunit.org/features/allowEmptyFields=false, http://www.dbunit.org/properties/datatypeFactory=org.dbunit.dataset.datatype.DefaultDataTypeFactory[_toleratedDeltaMap=org.dbunit.dataset.datatype.ToleratedDeltaMap@1e6dad8], http://www.dbunit.org/properties/metadataHandler=org.dbunit.database.DefaultMetadataHandler@6fc6deb7, http://www.dbunit.org/properties/fetchSize=100, http://www.dbunit.org/properties/resultSetTableFactory=org.dbunit.database.CachedResultSetTableFactory@8ed9cf, http://www.dbunit.org/features/datatypeWarning=true, http://www.dbunit.org/properties/escapePattern=null, http://www.dbunit.org/properties/allowVerifytabledefinitionExpectedtableCountMismatch=false}]) - start
13:20:16.931 [main] DEBUG org.dbunit.util.QualifiedTableName - Qualified table names feature is disabled. Returning plain table name
13:20:16.931 [main] DEBUG org.dbunit.util.QualifiedTableName - getQualifiedName(prefix=null, name=TB_RELATORIO, escapePattern=null) - start
13:20:16.931 [main] DEBUG org.dbunit.dataset.OrderedTableNameMap - add(tableName=TB_RELATORIO, object=null) - start
13:20:16.931 [main] DEBUG org.dbunit.dataset.OrderedTableNameMap - getTableName(tableName=TB_RELATORIO) - start
13:20:16.931 [main] DEBUG org.dbunit.dataset.OrderedTableNameMap - getTableName(tableName=TB_RELATORIO) - end - result=TB_RELATORIO
13:20:16.931 [main] DEBUG org.dbunit.dataset.OrderedTableNameMap - getTableName(tableName=TB_RELATORIO) - start
13:20:16.931 [main] DEBUG org.dbunit.dataset.OrderedTableNameMap - getTableName(tableName=TB_RELATORIO) - end - result=TB_RELATORIO
13:20:16.931 [main] DEBUG org.dbunit.util.QualifiedTableName - getQualifiedNameIfEnabled(config=org.dbunit.database.DatabaseConfig[, _propertyMap={http://www.dbunit.org/features/qualifiedTableNames=false, http://www.dbunit.org/properties/tableType=[Ljava.lang.String;@2d2acd89, http://www.dbunit.org/properties/batchSize=100, http://www.dbunit.org/properties/statementFactory=org.dbunit.database.statement.PreparedStatementFactory@7baf6acf, http://www.dbunit.org/features/batchedStatements=false, http://www.dbunit.org/features/caseSensitiveTableNames=false, http://www.dbunit.org/features/allowEmptyFields=false, http://www.dbunit.org/properties/datatypeFactory=org.dbunit.dataset.datatype.DefaultDataTypeFactory[_toleratedDeltaMap=org.dbunit.dataset.datatype.ToleratedDeltaMap@1e6dad8], http://www.dbunit.org/properties/metadataHandler=org.dbunit.database.DefaultMetadataHandler@6fc6deb7, http://www.dbunit.org/properties/fetchSize=100, http://www.dbunit.org/properties/resultSetTableFactory=org.dbunit.database.CachedResultSetTableFactory@8ed9cf, http://www.dbunit.org/features/datatypeWarning=true, http://www.dbunit.org/properties/escapePattern=null, http://www.dbunit.org/properties/allowVerifytabledefinitionExpectedtableCountMismatch=false}]) - start
13:20:16.931 [main] DEBUG org.dbunit.util.QualifiedTableName - Qualified table names feature is disabled. Returning plain table name
13:20:16.931 [main] DEBUG org.dbunit.util.QualifiedTableName - getQualifiedName(prefix=null, name=TB_TAREFA, escapePattern=null) - start
13:20:16.931 [main] DEBUG org.dbunit.dataset.OrderedTableNameMap - add(tableName=TB_TAREFA, object=null) - start
13:20:16.931 [main] DEBUG org.dbunit.dataset.OrderedTableNameMap - getTableName(tableName=TB_TAREFA) - start
13:20:16.931 [main] DEBUG org.dbunit.dataset.OrderedTableNameMap - getTableName(tableName=TB_TAREFA) - end - result=TB_TAREFA
13:20:16.931 [main] DEBUG org.dbunit.dataset.OrderedTableNameMap - getTableName(tableName=TB_TAREFA) - start
13:20:16.931 [main] DEBUG org.dbunit.dataset.OrderedTableNameMap - getTableName(tableName=TB_TAREFA) - end - result=TB_TAREFA
13:20:16.931 [main] DEBUG org.dbunit.util.QualifiedTableName - getQualifiedNameIfEnabled(config=org.dbunit.database.DatabaseConfig[, _propertyMap={http://www.dbunit.org/features/qualifiedTableNames=false, http://www.dbunit.org/properties/tableType=[Ljava.lang.String;@2d2acd89, http://www.dbunit.org/properties/batchSize=100, http://www.dbunit.org/properties/statementFactory=org.dbunit.database.statement.PreparedStatementFactory@7baf6acf, http://www.dbunit.org/features/batchedStatements=false, http://www.dbunit.org/features/caseSensitiveTableNames=false, http://www.dbunit.org/features/allowEmptyFields=false, http://www.dbunit.org/properties/datatypeFactory=org.dbunit.dataset.datatype.DefaultDataTypeFactory[_toleratedDeltaMap=org.dbunit.dataset.datatype.ToleratedDeltaMap@1e6dad8], http://www.dbunit.org/properties/metadataHandler=org.dbunit.database.DefaultMetadataHandler@6fc6deb7, http://www.dbunit.org/properties/fetchSize=100, http://www.dbunit.org/properties/resultSetTableFactory=org.dbunit.database.CachedResultSetTableFactory@8ed9cf, http://www.dbunit.org/features/datatypeWarning=true, http://www.dbunit.org/properties/escapePattern=null, http://www.dbunit.org/properties/allowVerifytabledefinitionExpectedtableCountMismatch=false}]) - start
13:20:16.932 [main] DEBUG org.dbunit.util.QualifiedTableName - Qualified table names feature is disabled. Returning plain table name
13:20:16.932 [main] DEBUG org.dbunit.util.QualifiedTableName - getQualifiedName(prefix=null, name=TB_TELEFONE_CLIENTE, escapePattern=null) - start
13:20:16.932 [main] DEBUG org.dbunit.dataset.OrderedTableNameMap - add(tableName=TB_TELEFONE_CLIENTE, object=null) - start
13:20:16.932 [main] DEBUG org.dbunit.dataset.OrderedTableNameMap - getTableName(tableName=TB_TELEFONE_CLIENTE) - start
13:20:16.932 [main] DEBUG org.dbunit.dataset.OrderedTableNameMap - getTableName(tableName=TB_TELEFONE_CLIENTE) - end - result=TB_TELEFONE_CLIENTE
13:20:16.932 [main] DEBUG org.dbunit.dataset.OrderedTableNameMap - getTableName(tableName=TB_TELEFONE_CLIENTE) - start
13:20:16.932 [main] DEBUG org.dbunit.dataset.OrderedTableNameMap - getTableName(tableName=TB_TELEFONE_CLIENTE) - end - result=TB_TELEFONE_CLIENTE
13:20:16.932 [main] DEBUG org.dbunit.util.QualifiedTableName - getQualifiedNameIfEnabled(config=org.dbunit.database.DatabaseConfig[, _propertyMap={http://www.dbunit.org/features/qualifiedTableNames=false, http://www.dbunit.org/properties/tableType=[Ljava.lang.String;@2d2acd89, http://www.dbunit.org/properties/batchSize=100, http://www.dbunit.org/properties/statementFactory=org.dbunit.database.statement.PreparedStatementFactory@7baf6acf, http://www.dbunit.org/features/batchedStatements=false, http://www.dbunit.org/features/caseSensitiveTableNames=false, http://www.dbunit.org/features/allowEmptyFields=false, http://www.dbunit.org/properties/datatypeFactory=org.dbunit.dataset.datatype.DefaultDataTypeFactory[_toleratedDeltaMap=org.dbunit.dataset.datatype.ToleratedDeltaMap@1e6dad8], http://www.dbunit.org/properties/metadataHandler=org.dbunit.database.DefaultMetadataHandler@6fc6deb7, http://www.dbunit.org/properties/fetchSize=100, http://www.dbunit.org/properties/resultSetTableFactory=org.dbunit.database.CachedResultSetTableFactory@8ed9cf, http://www.dbunit.org/features/datatypeWarning=true, http://www.dbunit.org/properties/escapePattern=null, http://www.dbunit.org/properties/allowVerifytabledefinitionExpectedtableCountMismatch=false}]) - start
13:20:16.932 [main] DEBUG org.dbunit.util.QualifiedTableName - Qualified table names feature is disabled. Returning plain table name
13:20:16.932 [main] DEBUG org.dbunit.util.QualifiedTableName - getQualifiedName(prefix=null, name=TB_TELEFONE_USUARIO, escapePattern=null) - start
13:20:16.932 [main] DEBUG org.dbunit.dataset.OrderedTableNameMap - add(tableName=TB_TELEFONE_USUARIO, object=null) - start
13:20:16.932 [main] DEBUG org.dbunit.dataset.OrderedTableNameMap - getTableName(tableName=TB_TELEFONE_USUARIO) - start
13:20:16.932 [main] DEBUG org.dbunit.dataset.OrderedTableNameMap - getTableName(tableName=TB_TELEFONE_USUARIO) - end - result=TB_TELEFONE_USUARIO
13:20:16.932 [main] DEBUG org.dbunit.dataset.OrderedTableNameMap - getTableName(tableName=TB_TELEFONE_USUARIO) - start
13:20:16.932 [main] DEBUG org.dbunit.dataset.OrderedTableNameMap - getTableName(tableName=TB_TELEFONE_USUARIO) - end - result=TB_TELEFONE_USUARIO
13:20:16.932 [main] DEBUG org.dbunit.util.QualifiedTableName - getQualifiedNameIfEnabled(config=org.dbunit.database.DatabaseConfig[, _propertyMap={http://www.dbunit.org/features/qualifiedTableNames=false, http://www.dbunit.org/properties/tableType=[Ljava.lang.String;@2d2acd89, http://www.dbunit.org/properties/batchSize=100, http://www.dbunit.org/properties/statementFactory=org.dbunit.database.statement.PreparedStatementFactory@7baf6acf, http://www.dbunit.org/features/batchedStatements=false, http://www.dbunit.org/features/caseSensitiveTableNames=false, http://www.dbunit.org/features/allowEmptyFields=false, http://www.dbunit.org/properties/datatypeFactory=org.dbunit.dataset.datatype.DefaultDataTypeFactory[_toleratedDeltaMap=org.dbunit.dataset.datatype.ToleratedDeltaMap@1e6dad8], http://www.dbunit.org/properties/metadataHandler=org.dbunit.database.DefaultMetadataHandler@6fc6deb7, http://www.dbunit.org/properties/fetchSize=100, http://www.dbunit.org/properties/resultSetTableFactory=org.dbunit.database.CachedResultSetTableFactory@8ed9cf, http://www.dbunit.org/features/datatypeWarning=true, http://www.dbunit.org/properties/escapePattern=null, http://www.dbunit.org/properties/allowVerifytabledefinitionExpectedtableCountMismatch=false}]) - start
13:20:16.932 [main] DEBUG org.dbunit.util.QualifiedTableName - Qualified table names feature is disabled. Returning plain table name
13:20:16.932 [main] DEBUG org.dbunit.util.QualifiedTableName - getQualifiedName(prefix=null, name=TB_USUARIO, escapePattern=null) - start
13:20:16.932 [main] DEBUG org.dbunit.dataset.OrderedTableNameMap - add(tableName=TB_USUARIO, object=null) - start
13:20:16.932 [main] DEBUG org.dbunit.dataset.OrderedTableNameMap - getTableName(tableName=TB_USUARIO) - start
13:20:16.932 [main] DEBUG org.dbunit.dataset.OrderedTableNameMap - getTableName(tableName=TB_USUARIO) - end - result=TB_USUARIO
13:20:16.932 [main] DEBUG org.dbunit.dataset.OrderedTableNameMap - getTableName(tableName=TB_USUARIO) - start
13:20:16.932 [main] DEBUG org.dbunit.dataset.OrderedTableNameMap - getTableName(tableName=TB_USUARIO) - end - result=TB_USUARIO
13:20:16.932 [main] DEBUG org.dbunit.util.QualifiedTableName - getQualifiedNameIfEnabled(config=org.dbunit.database.DatabaseConfig[, _propertyMap={http://www.dbunit.org/features/qualifiedTableNames=false, http://www.dbunit.org/properties/tableType=[Ljava.lang.String;@2d2acd89, http://www.dbunit.org/properties/batchSize=100, http://www.dbunit.org/properties/statementFactory=org.dbunit.database.statement.PreparedStatementFactory@7baf6acf, http://www.dbunit.org/features/batchedStatements=false, http://www.dbunit.org/features/caseSensitiveTableNames=false, http://www.dbunit.org/features/allowEmptyFields=false, http://www.dbunit.org/properties/datatypeFactory=org.dbunit.dataset.datatype.DefaultDataTypeFactory[_toleratedDeltaMap=org.dbunit.dataset.datatype.ToleratedDeltaMap@1e6dad8], http://www.dbunit.org/properties/metadataHandler=org.dbunit.database.DefaultMetadataHandler@6fc6deb7, http://www.dbunit.org/properties/fetchSize=100, http://www.dbunit.org/properties/resultSetTableFactory=org.dbunit.database.CachedResultSetTableFactory@8ed9cf, http://www.dbunit.org/features/datatypeWarning=true, http://www.dbunit.org/properties/escapePattern=null, http://www.dbunit.org/properties/allowVerifytabledefinitionExpectedtableCountMismatch=false}]) - start
13:20:16.932 [main] DEBUG org.dbunit.util.QualifiedTableName - Qualified table names feature is disabled. Returning plain table name
13:20:16.932 [main] DEBUG org.dbunit.util.QualifiedTableName - getQualifiedName(prefix=null, name=TB_USUARIO_PERFIL, escapePattern=null) - start
13:20:16.932 [main] DEBUG org.dbunit.dataset.OrderedTableNameMap - add(tableName=TB_USUARIO_PERFIL, object=null) - start
13:20:16.932 [main] DEBUG org.dbunit.dataset.OrderedTableNameMap - getTableName(tableName=TB_USUARIO_PERFIL) - start
13:20:16.932 [main] DEBUG org.dbunit.dataset.OrderedTableNameMap - getTableName(tableName=TB_USUARIO_PERFIL) - end - result=TB_USUARIO_PERFIL
13:20:16.932 [main] DEBUG org.dbunit.dataset.OrderedTableNameMap - getTableName(tableName=TB_USUARIO_PERFIL) - start
13:20:16.932 [main] DEBUG org.dbunit.dataset.OrderedTableNameMap - getTableName(tableName=TB_USUARIO_PERFIL) - end - result=TB_USUARIO_PERFIL
13:20:16.932 [main] DEBUG org.dbunit.dataset.OrderedTableNameMap - getTableName(tableName=TB_TAREFA) - start
13:20:16.932 [main] DEBUG org.dbunit.dataset.OrderedTableNameMap - getTableName(tableName=TB_TAREFA) - end - result=TB_TAREFA
13:20:16.932 [main] DEBUG org.dbunit.dataset.OrderedTableNameMap - getTableName(tableName=TB_TAREFA) - start
13:20:16.932 [main] DEBUG org.dbunit.dataset.OrderedTableNameMap - getTableName(tableName=TB_TAREFA) - end - result=TB_TAREFA
13:20:16.934 [main] DEBUG org.dbunit.util.SQLHelper - isEscaped returns 'false' for tableName=TB_TAREFA (dbIdentifierQuoteString=")
13:20:16.953 [main] DEBUG org.dbunit.database.DatabaseTableMetaData - Validating if table 'TB_TAREFA' exists in schema 'null' ...
13:20:16.955 [main] DEBUG org.dbunit.util.SQLHelper - close(resultSet=org.apache.derby.client.net.NetResultSet42@2aaf152b) - start
13:20:16.956 [main] DEBUG org.dbunit.dataset.OrderedTableNameMap - update(tableName=TB_TAREFA, object=table=TB_TAREFA, cols=[(ID_TAREFA, BIGINT, noNulls), (DATA_FIM_TAREFA, DATE, nullable), (DATA_INICIO_TAREFA, DATE, noNulls), (DESCRICAO_TAREFA, VARCHAR, nullable), (NOME_TAREFA, VARCHAR, noNulls), (PRIORIDADE_TAREFA, VARCHAR, noNulls), (TIPO_STATUS, VARCHAR, noNulls), (ID_PROJETO, BIGINT, noNulls), (USUARIO_ID, BIGINT, noNulls)], pk=[(ID_TAREFA, BIGINT, noNulls)]) - start
13:20:17.010 [main] DEBUG org.dbunit.dataset.OrderedTableNameMap - getTableName(tableName=TB_TAREFA) - start
13:20:17.010 [main] DEBUG org.dbunit.dataset.OrderedTableNameMap - getTableName(tableName=TB_TAREFA) - end - result=TB_TAREFA
13:20:17.010 [main] DEBUG org.dbunit.dataset.OrderedTableNameMap - getTableName(tableName=TB_TAREFA) - start
13:20:17.010 [main] DEBUG org.dbunit.dataset.OrderedTableNameMap - getTableName(tableName=TB_TAREFA) - end - result=TB_TAREFA
13:20:17.010 [main] DEBUG org.dbunit.operation.AbstractOperation - getQualifiedName(prefix=null, name=TB_TAREFA, connection=org.dbunit.database.DatabaseConnection[schema=null, connection=org.apache.derby.client.net.NetConnection@7d7cac8, super=_databaseConfig=org.dbunit.database.DatabaseConfig[, _propertyMap={http://www.dbunit.org/features/qualifiedTableNames=false, http://www.dbunit.org/properties/tableType=[Ljava.lang.String;@2d2acd89, http://www.dbunit.org/properties/batchSize=100, http://www.dbunit.org/properties/statementFactory=org.dbunit.database.statement.PreparedStatementFactory@7baf6acf, http://www.dbunit.org/features/batchedStatements=false, http://www.dbunit.org/features/caseSensitiveTableNames=false, http://www.dbunit.org/features/allowEmptyFields=false, http://www.dbunit.org/properties/datatypeFactory=org.dbunit.dataset.datatype.DefaultDataTypeFactory[_toleratedDeltaMap=org.dbunit.dataset.datatype.ToleratedDeltaMap@1e6dad8], http://www.dbunit.org/properties/metadataHandler=org.dbunit.database.DefaultMetadataHandler@6fc6deb7, http://www.dbunit.org/properties/fetchSize=100, http://www.dbunit.org/properties/resultSetTableFactory=org.dbunit.database.CachedResultSetTableFactory@8ed9cf, http://www.dbunit.org/features/datatypeWarning=true, http://www.dbunit.org/properties/escapePattern=null, http://www.dbunit.org/properties/allowVerifytabledefinitionExpectedtableCountMismatch=false}], _dataSet=AbstractDataSet[_orderedTableNameMap=null]]) - start
13:20:17.010 [main] DEBUG org.dbunit.util.QualifiedTableName - getQualifiedName() - start
13:20:17.010 [main] DEBUG org.dbunit.util.QualifiedTableName - getQualifiedName(prefix=null, name=TB_TAREFA, escapePattern=null) - start
13:20:17.010 [main] DEBUG org.dbunit.database.statement.SimpleStatement - addBatch(sql=delete from TB_TAREFA) - start
13:20:17.010 [main] DEBUG org.dbunit.operation.DeleteAllOperation - Added SQL: delete from TB_TAREFA
13:20:17.010 [main] DEBUG org.dbunit.database.DatabaseDataSet - getTableMetaData(tableName=TB_USUARIO_PERFIL) - start
13:20:17.010 [main] DEBUG org.dbunit.database.DatabaseDataSet - initialize() - start
13:20:17.010 [main] DEBUG org.dbunit.dataset.OrderedTableNameMap - getTableName(tableName=TB_USUARIO_PERFIL) - start
13:20:17.010 [main] DEBUG org.dbunit.dataset.OrderedTableNameMap - getTableName(tableName=TB_USUARIO_PERFIL) - end - result=TB_USUARIO_PERFIL
13:20:17.010 [main] DEBUG org.dbunit.dataset.OrderedTableNameMap - getTableName(tableName=TB_USUARIO_PERFIL) - start
13:20:17.010 [main] DEBUG org.dbunit.dataset.OrderedTableNameMap - getTableName(tableName=TB_USUARIO_PERFIL) - end - result=TB_USUARIO_PERFIL
13:20:17.010 [main] DEBUG org.dbunit.util.SQLHelper - isEscaped returns 'false' for tableName=TB_USUARIO_PERFIL (dbIdentifierQuoteString=")
13:20:17.010 [main] DEBUG org.dbunit.database.DatabaseTableMetaData - Validating if table 'TB_USUARIO_PERFIL' exists in schema 'null' ...
13:20:17.013 [main] DEBUG org.dbunit.util.SQLHelper - close(resultSet=org.apache.derby.client.net.NetResultSet42@77114efe) - start
13:20:17.016 [main] DEBUG org.dbunit.dataset.OrderedTableNameMap - update(tableName=TB_USUARIO_PERFIL, object=table=TB_USUARIO_PERFIL, cols=[(ID_USUARIO, BIGINT, noNulls), (ID_PERFIL, BIGINT, noNulls)], pk=[(ID_USUARIO, BIGINT, noNulls), (ID_PERFIL, BIGINT, noNulls)]) - start
13:20:17.031 [main] DEBUG org.dbunit.dataset.OrderedTableNameMap - getTableName(tableName=TB_USUARIO_PERFIL) - start
13:20:17.031 [main] DEBUG org.dbunit.dataset.OrderedTableNameMap - getTableName(tableName=TB_USUARIO_PERFIL) - end - result=TB_USUARIO_PERFIL
13:20:17.031 [main] DEBUG org.dbunit.dataset.OrderedTableNameMap - getTableName(tableName=TB_USUARIO_PERFIL) - start
13:20:17.031 [main] DEBUG org.dbunit.dataset.OrderedTableNameMap - getTableName(tableName=TB_USUARIO_PERFIL) - end - result=TB_USUARIO_PERFIL
13:20:17.031 [main] DEBUG org.dbunit.operation.AbstractOperation - getQualifiedName(prefix=null, name=TB_USUARIO_PERFIL, connection=org.dbunit.database.DatabaseConnection[schema=null, connection=org.apache.derby.client.net.NetConnection@7d7cac8, super=_databaseConfig=org.dbunit.database.DatabaseConfig[, _propertyMap={http://www.dbunit.org/features/qualifiedTableNames=false, http://www.dbunit.org/properties/tableType=[Ljava.lang.String;@2d2acd89, http://www.dbunit.org/properties/batchSize=100, http://www.dbunit.org/properties/statementFactory=org.dbunit.database.statement.PreparedStatementFactory@7baf6acf, http://www.dbunit.org/features/batchedStatements=false, http://www.dbunit.org/features/caseSensitiveTableNames=false, http://www.dbunit.org/features/allowEmptyFields=false, http://www.dbunit.org/properties/datatypeFactory=org.dbunit.dataset.datatype.DefaultDataTypeFactory[_toleratedDeltaMap=org.dbunit.dataset.datatype.ToleratedDeltaMap@1e6dad8], http://www.dbunit.org/properties/metadataHandler=org.dbunit.database.DefaultMetadataHandler@6fc6deb7, http://www.dbunit.org/properties/fetchSize=100, http://www.dbunit.org/properties/resultSetTableFactory=org.dbunit.database.CachedResultSetTableFactory@8ed9cf, http://www.dbunit.org/features/datatypeWarning=true, http://www.dbunit.org/properties/escapePattern=null, http://www.dbunit.org/properties/allowVerifytabledefinitionExpectedtableCountMismatch=false}], _dataSet=AbstractDataSet[_orderedTableNameMap=null]]) - start
13:20:17.031 [main] DEBUG org.dbunit.util.QualifiedTableName - getQualifiedName() - start
13:20:17.031 [main] DEBUG org.dbunit.util.QualifiedTableName - getQualifiedName(prefix=null, name=TB_USUARIO_PERFIL, escapePattern=null) - start
13:20:17.031 [main] DEBUG org.dbunit.database.statement.SimpleStatement - addBatch(sql=delete from TB_USUARIO_PERFIL) - start
13:20:17.031 [main] DEBUG org.dbunit.operation.DeleteAllOperation - Added SQL: delete from TB_USUARIO_PERFIL
13:20:17.031 [main] DEBUG org.dbunit.database.DatabaseDataSet - getTableMetaData(tableName=TB_PERFIL) - start
13:20:17.031 [main] DEBUG org.dbunit.database.DatabaseDataSet - initialize() - start
13:20:17.031 [main] DEBUG org.dbunit.dataset.OrderedTableNameMap - getTableName(tableName=TB_PERFIL) - start
13:20:17.031 [main] DEBUG org.dbunit.dataset.OrderedTableNameMap - getTableName(tableName=TB_PERFIL) - end - result=TB_PERFIL
13:20:17.031 [main] DEBUG org.dbunit.dataset.OrderedTableNameMap - getTableName(tableName=TB_PERFIL) - start
13:20:17.031 [main] DEBUG org.dbunit.dataset.OrderedTableNameMap - getTableName(tableName=TB_PERFIL) - end - result=TB_PERFIL
13:20:17.031 [main] DEBUG org.dbunit.util.SQLHelper - isEscaped returns 'false' for tableName=TB_PERFIL (dbIdentifierQuoteString=")
13:20:17.031 [main] DEBUG org.dbunit.database.DatabaseTableMetaData - Validating if table 'TB_PERFIL' exists in schema 'null' ...
13:20:17.035 [main] DEBUG org.dbunit.util.SQLHelper - close(resultSet=org.apache.derby.client.net.NetResultSet42@46a488c2) - start
13:20:17.035 [main] DEBUG org.dbunit.dataset.OrderedTableNameMap - update(tableName=TB_PERFIL, object=table=TB_PERFIL, cols=[(ID_PERFIL, BIGINT, noNulls), (NOME_PERFIL, VARCHAR, noNulls)], pk=[(ID_PERFIL, BIGINT, noNulls)]) - start
13:20:17.043 [main] DEBUG org.dbunit.dataset.OrderedTableNameMap - getTableName(tableName=TB_PERFIL) - start
13:20:17.043 [main] DEBUG org.dbunit.dataset.OrderedTableNameMap - getTableName(tableName=TB_PERFIL) - end - result=TB_PERFIL
13:20:17.043 [main] DEBUG org.dbunit.dataset.OrderedTableNameMap - getTableName(tableName=TB_PERFIL) - start
13:20:17.043 [main] DEBUG org.dbunit.dataset.OrderedTableNameMap - getTableName(tableName=TB_PERFIL) - end - result=TB_PERFIL
13:20:17.043 [main] DEBUG org.dbunit.operation.AbstractOperation - getQualifiedName(prefix=null, name=TB_PERFIL, connection=org.dbunit.database.DatabaseConnection[schema=null, connection=org.apache.derby.client.net.NetConnection@7d7cac8, super=_databaseConfig=org.dbunit.database.DatabaseConfig[, _propertyMap={http://www.dbunit.org/features/qualifiedTableNames=false, http://www.dbunit.org/properties/tableType=[Ljava.lang.String;@2d2acd89, http://www.dbunit.org/properties/batchSize=100, http://www.dbunit.org/properties/statementFactory=org.dbunit.database.statement.PreparedStatementFactory@7baf6acf, http://www.dbunit.org/features/batchedStatements=false, http://www.dbunit.org/features/caseSensitiveTableNames=false, http://www.dbunit.org/features/allowEmptyFields=false, http://www.dbunit.org/properties/datatypeFactory=org.dbunit.dataset.datatype.DefaultDataTypeFactory[_toleratedDeltaMap=org.dbunit.dataset.datatype.ToleratedDeltaMap@1e6dad8], http://www.dbunit.org/properties/metadataHandler=org.dbunit.database.DefaultMetadataHandler@6fc6deb7, http://www.dbunit.org/properties/fetchSize=100, http://www.dbunit.org/properties/resultSetTableFactory=org.dbunit.database.CachedResultSetTableFactory@8ed9cf, http://www.dbunit.org/features/datatypeWarning=true, http://www.dbunit.org/properties/escapePattern=null, http://www.dbunit.org/properties/allowVerifytabledefinitionExpectedtableCountMismatch=false}], _dataSet=AbstractDataSet[_orderedTableNameMap=null]]) - start
13:20:17.043 [main] DEBUG org.dbunit.util.QualifiedTableName - getQualifiedName() - start
13:20:17.043 [main] DEBUG org.dbunit.util.QualifiedTableName - getQualifiedName(prefix=null, name=TB_PERFIL, escapePattern=null) - start
13:20:17.043 [main] DEBUG org.dbunit.database.statement.SimpleStatement - addBatch(sql=delete from TB_PERFIL) - start
13:20:17.043 [main] DEBUG org.dbunit.operation.DeleteAllOperation - Added SQL: delete from TB_PERFIL
13:20:17.043 [main] DEBUG org.dbunit.database.DatabaseDataSet - getTableMetaData(tableName=TB_USUARIO) - start
13:20:17.043 [main] DEBUG org.dbunit.database.DatabaseDataSet - initialize() - start
13:20:17.043 [main] DEBUG org.dbunit.dataset.OrderedTableNameMap - getTableName(tableName=TB_USUARIO) - start
13:20:17.043 [main] DEBUG org.dbunit.dataset.OrderedTableNameMap - getTableName(tableName=TB_USUARIO) - end - result=TB_USUARIO
13:20:17.043 [main] DEBUG org.dbunit.dataset.OrderedTableNameMap - getTableName(tableName=TB_USUARIO) - start
13:20:17.043 [main] DEBUG org.dbunit.dataset.OrderedTableNameMap - getTableName(tableName=TB_USUARIO) - end - result=TB_USUARIO
13:20:17.043 [main] DEBUG org.dbunit.util.SQLHelper - isEscaped returns 'false' for tableName=TB_USUARIO (dbIdentifierQuoteString=")
13:20:17.043 [main] DEBUG org.dbunit.database.DatabaseTableMetaData - Validating if table 'TB_USUARIO' exists in schema 'null' ...
13:20:17.044 [main] DEBUG org.dbunit.util.SQLHelper - close(resultSet=org.apache.derby.client.net.NetResultSet42@49d831c2) - start
13:20:17.045 [main] DEBUG org.dbunit.dataset.OrderedTableNameMap - update(tableName=TB_USUARIO, object=table=TB_USUARIO, cols=[(ID_USUARIO, BIGINT, noNulls), (EMAIL_USUARIO, VARCHAR, noNulls), (NOME_USUARIO, VARCHAR, noNulls), (SENHA_USUARIO, VARCHAR, noNulls)], pk=[(ID_USUARIO, BIGINT, noNulls)]) - start
13:20:17.050 [main] DEBUG org.dbunit.dataset.OrderedTableNameMap - getTableName(tableName=TB_USUARIO) - start
13:20:17.050 [main] DEBUG org.dbunit.dataset.OrderedTableNameMap - getTableName(tableName=TB_USUARIO) - end - result=TB_USUARIO
13:20:17.050 [main] DEBUG org.dbunit.dataset.OrderedTableNameMap - getTableName(tableName=TB_USUARIO) - start
13:20:17.050 [main] DEBUG org.dbunit.dataset.OrderedTableNameMap - getTableName(tableName=TB_USUARIO) - end - result=TB_USUARIO
13:20:17.050 [main] DEBUG org.dbunit.operation.AbstractOperation - getQualifiedName(prefix=null, name=TB_USUARIO, connection=org.dbunit.database.DatabaseConnection[schema=null, connection=org.apache.derby.client.net.NetConnection@7d7cac8, super=_databaseConfig=org.dbunit.database.DatabaseConfig[, _propertyMap={http://www.dbunit.org/features/qualifiedTableNames=false, http://www.dbunit.org/properties/tableType=[Ljava.lang.String;@2d2acd89, http://www.dbunit.org/properties/batchSize=100, http://www.dbunit.org/properties/statementFactory=org.dbunit.database.statement.PreparedStatementFactory@7baf6acf, http://www.dbunit.org/features/batchedStatements=false, http://www.dbunit.org/features/caseSensitiveTableNames=false, http://www.dbunit.org/features/allowEmptyFields=false, http://www.dbunit.org/properties/datatypeFactory=org.dbunit.dataset.datatype.DefaultDataTypeFactory[_toleratedDeltaMap=org.dbunit.dataset.datatype.ToleratedDeltaMap@1e6dad8], http://www.dbunit.org/properties/metadataHandler=org.dbunit.database.DefaultMetadataHandler@6fc6deb7, http://www.dbunit.org/properties/fetchSize=100, http://www.dbunit.org/properties/resultSetTableFactory=org.dbunit.database.CachedResultSetTableFactory@8ed9cf, http://www.dbunit.org/features/datatypeWarning=true, http://www.dbunit.org/properties/escapePattern=null, http://www.dbunit.org/properties/allowVerifytabledefinitionExpectedtableCountMismatch=false}], _dataSet=AbstractDataSet[_orderedTableNameMap=null]]) - start
13:20:17.050 [main] DEBUG org.dbunit.util.QualifiedTableName - getQualifiedName() - start
13:20:17.050 [main] DEBUG org.dbunit.util.QualifiedTableName - getQualifiedName(prefix=null, name=TB_USUARIO, escapePattern=null) - start
13:20:17.050 [main] DEBUG org.dbunit.database.statement.SimpleStatement - addBatch(sql=delete from TB_USUARIO) - start
13:20:17.050 [main] DEBUG org.dbunit.operation.DeleteAllOperation - Added SQL: delete from TB_USUARIO
13:20:17.050 [main] DEBUG org.dbunit.database.DatabaseDataSet - getTableMetaData(tableName=TB_PROJETO_FORNECEDOR) - start
13:20:17.050 [main] DEBUG org.dbunit.database.DatabaseDataSet - initialize() - start
13:20:17.050 [main] DEBUG org.dbunit.dataset.OrderedTableNameMap - getTableName(tableName=TB_PROJETO_FORNECEDOR) - start
13:20:17.050 [main] DEBUG org.dbunit.dataset.OrderedTableNameMap - getTableName(tableName=TB_PROJETO_FORNECEDOR) - end - result=TB_PROJETO_FORNECEDOR
13:20:17.050 [main] DEBUG org.dbunit.dataset.OrderedTableNameMap - getTableName(tableName=TB_PROJETO_FORNECEDOR) - start
13:20:17.050 [main] DEBUG org.dbunit.dataset.OrderedTableNameMap - getTableName(tableName=TB_PROJETO_FORNECEDOR) - end - result=TB_PROJETO_FORNECEDOR
13:20:17.050 [main] DEBUG org.dbunit.util.SQLHelper - isEscaped returns 'false' for tableName=TB_PROJETO_FORNECEDOR (dbIdentifierQuoteString=")
13:20:17.050 [main] DEBUG org.dbunit.database.DatabaseTableMetaData - Validating if table 'TB_PROJETO_FORNECEDOR' exists in schema 'null' ...
13:20:17.051 [main] DEBUG org.dbunit.util.SQLHelper - close(resultSet=org.apache.derby.client.net.NetResultSet42@2503ec73) - start
13:20:17.052 [main] DEBUG org.dbunit.dataset.OrderedTableNameMap - update(tableName=TB_PROJETO_FORNECEDOR, object=table=TB_PROJETO_FORNECEDOR, cols=[(ID_PROJETO, BIGINT, noNulls), (ID_FORNECEDOR, BIGINT, noNulls)], pk=[(ID_PROJETO, BIGINT, noNulls), (ID_FORNECEDOR, BIGINT, noNulls)]) - start
13:20:17.066 [main] DEBUG org.dbunit.dataset.OrderedTableNameMap - getTableName(tableName=TB_PROJETO_FORNECEDOR) - start
13:20:17.066 [main] DEBUG org.dbunit.dataset.OrderedTableNameMap - getTableName(tableName=TB_PROJETO_FORNECEDOR) - end - result=TB_PROJETO_FORNECEDOR
13:20:17.066 [main] DEBUG org.dbunit.dataset.OrderedTableNameMap - getTableName(tableName=TB_PROJETO_FORNECEDOR) - start
13:20:17.066 [main] DEBUG org.dbunit.dataset.OrderedTableNameMap - getTableName(tableName=TB_PROJETO_FORNECEDOR) - end - result=TB_PROJETO_FORNECEDOR
13:20:17.066 [main] DEBUG org.dbunit.operation.AbstractOperation - getQualifiedName(prefix=null, name=TB_PROJETO_FORNECEDOR, connection=org.dbunit.database.DatabaseConnection[schema=null, connection=org.apache.derby.client.net.NetConnection@7d7cac8, super=_databaseConfig=org.dbunit.database.DatabaseConfig[, _propertyMap={http://www.dbunit.org/features/qualifiedTableNames=false, http://www.dbunit.org/properties/tableType=[Ljava.lang.String;@2d2acd89, http://www.dbunit.org/properties/batchSize=100, http://www.dbunit.org/properties/statementFactory=org.dbunit.database.statement.PreparedStatementFactory@7baf6acf, http://www.dbunit.org/features/batchedStatements=false, http://www.dbunit.org/features/caseSensitiveTableNames=false, http://www.dbunit.org/features/allowEmptyFields=false, http://www.dbunit.org/properties/datatypeFactory=org.dbunit.dataset.datatype.DefaultDataTypeFactory[_toleratedDeltaMap=org.dbunit.dataset.datatype.ToleratedDeltaMap@1e6dad8], http://www.dbunit.org/properties/metadataHandler=org.dbunit.database.DefaultMetadataHandler@6fc6deb7, http://www.dbunit.org/properties/fetchSize=100, http://www.dbunit.org/properties/resultSetTableFactory=org.dbunit.database.CachedResultSetTableFactory@8ed9cf, http://www.dbunit.org/features/datatypeWarning=true, http://www.dbunit.org/properties/escapePattern=null, http://www.dbunit.org/properties/allowVerifytabledefinitionExpectedtableCountMismatch=false}], _dataSet=AbstractDataSet[_orderedTableNameMap=null]]) - start
13:20:17.067 [main] DEBUG org.dbunit.util.QualifiedTableName - getQualifiedName() - start
13:20:17.067 [main] DEBUG org.dbunit.util.QualifiedTableName - getQualifiedName(prefix=null, name=TB_PROJETO_FORNECEDOR, escapePattern=null) - start
13:20:17.067 [main] DEBUG org.dbunit.database.statement.SimpleStatement - addBatch(sql=delete from TB_PROJETO_FORNECEDOR) - start
13:20:17.067 [main] DEBUG org.dbunit.operation.DeleteAllOperation - Added SQL: delete from TB_PROJETO_FORNECEDOR
13:20:17.067 [main] DEBUG org.dbunit.database.DatabaseDataSet - getTableMetaData(tableName=TB_FORNECEDOR) - start
13:20:17.067 [main] DEBUG org.dbunit.database.DatabaseDataSet - initialize() - start
13:20:17.067 [main] DEBUG org.dbunit.dataset.OrderedTableNameMap - getTableName(tableName=TB_FORNECEDOR) - start
13:20:17.067 [main] DEBUG org.dbunit.dataset.OrderedTableNameMap - getTableName(tableName=TB_FORNECEDOR) - end - result=TB_FORNECEDOR
13:20:17.067 [main] DEBUG org.dbunit.dataset.OrderedTableNameMap - getTableName(tableName=TB_FORNECEDOR) - start
13:20:17.067 [main] DEBUG org.dbunit.dataset.OrderedTableNameMap - getTableName(tableName=TB_FORNECEDOR) - end - result=TB_FORNECEDOR
13:20:17.067 [main] DEBUG org.dbunit.util.SQLHelper - isEscaped returns 'false' for tableName=TB_FORNECEDOR (dbIdentifierQuoteString=")
13:20:17.067 [main] DEBUG org.dbunit.database.DatabaseTableMetaData - Validating if table 'TB_FORNECEDOR' exists in schema 'null' ...
13:20:17.072 [main] DEBUG org.dbunit.util.SQLHelper - close(resultSet=org.apache.derby.client.net.NetResultSet42@4288d98e) - start
13:20:17.073 [main] DEBUG org.dbunit.dataset.OrderedTableNameMap - update(tableName=TB_FORNECEDOR, object=table=TB_FORNECEDOR, cols=[(ID_FORNECEDOR, BIGINT, noNulls), (CNPJ_FORNECEDOR, VARCHAR, noNulls), (DATA_CADASTRO, DATE, nullable), (DESCRICAO, VARCHAR, nullable), (EMAIL_FORNECEDOR, VARCHAR, noNulls), (NOME_FORNECEDOR, VARCHAR, noNulls), (TIPO_FORNECEDOR, VARCHAR, noNulls), (TIPO_STATUS, VARCHAR, noNulls)], pk=[(ID_FORNECEDOR, BIGINT, noNulls)]) - start
13:20:17.085 [main] DEBUG org.dbunit.dataset.OrderedTableNameMap - getTableName(tableName=TB_FORNECEDOR) - start
13:20:17.085 [main] DEBUG org.dbunit.dataset.OrderedTableNameMap - getTableName(tableName=TB_FORNECEDOR) - end - result=TB_FORNECEDOR
13:20:17.085 [main] DEBUG org.dbunit.dataset.OrderedTableNameMap - getTableName(tableName=TB_FORNECEDOR) - start
13:20:17.085 [main] DEBUG org.dbunit.dataset.OrderedTableNameMap - getTableName(tableName=TB_FORNECEDOR) - end - result=TB_FORNECEDOR
13:20:17.085 [main] DEBUG org.dbunit.operation.AbstractOperation - getQualifiedName(prefix=null, name=TB_FORNECEDOR, connection=org.dbunit.database.DatabaseConnection[schema=null, connection=org.apache.derby.client.net.NetConnection@7d7cac8, super=_databaseConfig=org.dbunit.database.DatabaseConfig[, _propertyMap={http://www.dbunit.org/features/qualifiedTableNames=false, http://www.dbunit.org/properties/tableType=[Ljava.lang.String;@2d2acd89, http://www.dbunit.org/properties/batchSize=100, http://www.dbunit.org/properties/statementFactory=org.dbunit.database.statement.PreparedStatementFactory@7baf6acf, http://www.dbunit.org/features/batchedStatements=false, http://www.dbunit.org/features/caseSensitiveTableNames=false, http://www.dbunit.org/features/allowEmptyFields=false, http://www.dbunit.org/properties/datatypeFactory=org.dbunit.dataset.datatype.DefaultDataTypeFactory[_toleratedDeltaMap=org.dbunit.dataset.datatype.ToleratedDeltaMap@1e6dad8], http://www.dbunit.org/properties/metadataHandler=org.dbunit.database.DefaultMetadataHandler@6fc6deb7, http://www.dbunit.org/properties/fetchSize=100, http://www.dbunit.org/properties/resultSetTableFactory=org.dbunit.database.CachedResultSetTableFactory@8ed9cf, http://www.dbunit.org/features/datatypeWarning=true, http://www.dbunit.org/properties/escapePattern=null, http://www.dbunit.org/properties/allowVerifytabledefinitionExpectedtableCountMismatch=false}], _dataSet=AbstractDataSet[_orderedTableNameMap=null]]) - start
13:20:17.085 [main] DEBUG org.dbunit.util.QualifiedTableName - getQualifiedName() - start
13:20:17.085 [main] DEBUG org.dbunit.util.QualifiedTableName - getQualifiedName(prefix=null, name=TB_FORNECEDOR, escapePattern=null) - start
13:20:17.085 [main] DEBUG org.dbunit.database.statement.SimpleStatement - addBatch(sql=delete from TB_FORNECEDOR) - start
13:20:17.085 [main] DEBUG org.dbunit.operation.DeleteAllOperation - Added SQL: delete from TB_FORNECEDOR
13:20:17.085 [main] DEBUG org.dbunit.database.DatabaseDataSet - getTableMetaData(tableName=TB_FERIADO) - start
13:20:17.085 [main] DEBUG org.dbunit.database.DatabaseDataSet - initialize() - start
13:20:17.085 [main] DEBUG org.dbunit.dataset.OrderedTableNameMap - getTableName(tableName=TB_FERIADO) - start
13:20:17.085 [main] DEBUG org.dbunit.dataset.OrderedTableNameMap - getTableName(tableName=TB_FERIADO) - end - result=TB_FERIADO
13:20:17.085 [main] DEBUG org.dbunit.dataset.OrderedTableNameMap - getTableName(tableName=TB_FERIADO) - start
13:20:17.085 [main] DEBUG org.dbunit.dataset.OrderedTableNameMap - getTableName(tableName=TB_FERIADO) - end - result=TB_FERIADO
13:20:17.085 [main] DEBUG org.dbunit.util.SQLHelper - isEscaped returns 'false' for tableName=TB_FERIADO (dbIdentifierQuoteString=")
13:20:17.085 [main] DEBUG org.dbunit.database.DatabaseTableMetaData - Validating if table 'TB_FERIADO' exists in schema 'null' ...
13:20:17.086 [main] DEBUG org.dbunit.util.SQLHelper - close(resultSet=org.apache.derby.client.net.NetResultSet42@326d27ac) - start
13:20:17.087 [main] DEBUG org.dbunit.dataset.OrderedTableNameMap - update(tableName=TB_FERIADO, object=table=TB_FERIADO, cols=[(ID_FERIADO, BIGINT, noNulls), (DATA_FERIADO, DATE, noNulls), (NOME_FERIADO, VARCHAR, noNulls), (TIPO_FERIADO, VARCHAR, noNulls)], pk=[(ID_FERIADO, BIGINT, noNulls)]) - start
13:20:17.092 [main] DEBUG org.dbunit.dataset.OrderedTableNameMap - getTableName(tableName=TB_FERIADO) - start
13:20:17.092 [main] DEBUG org.dbunit.dataset.OrderedTableNameMap - getTableName(tableName=TB_FERIADO) - end - result=TB_FERIADO
13:20:17.092 [main] DEBUG org.dbunit.dataset.OrderedTableNameMap - getTableName(tableName=TB_FERIADO) - start
13:20:17.092 [main] DEBUG org.dbunit.dataset.OrderedTableNameMap - getTableName(tableName=TB_FERIADO) - end - result=TB_FERIADO
13:20:17.092 [main] DEBUG org.dbunit.operation.AbstractOperation - getQualifiedName(prefix=null, name=TB_FERIADO, connection=org.dbunit.database.DatabaseConnection[schema=null, connection=org.apache.derby.client.net.NetConnection@7d7cac8, super=_databaseConfig=org.dbunit.database.DatabaseConfig[, _propertyMap={http://www.dbunit.org/features/qualifiedTableNames=false, http://www.dbunit.org/properties/tableType=[Ljava.lang.String;@2d2acd89, http://www.dbunit.org/properties/batchSize=100, http://www.dbunit.org/properties/statementFactory=org.dbunit.database.statement.PreparedStatementFactory@7baf6acf, http://www.dbunit.org/features/batchedStatements=false, http://www.dbunit.org/features/caseSensitiveTableNames=false, http://www.dbunit.org/features/allowEmptyFields=false, http://www.dbunit.org/properties/datatypeFactory=org.dbunit.dataset.datatype.DefaultDataTypeFactory[_toleratedDeltaMap=org.dbunit.dataset.datatype.ToleratedDeltaMap@1e6dad8], http://www.dbunit.org/properties/metadataHandler=org.dbunit.database.DefaultMetadataHandler@6fc6deb7, http://www.dbunit.org/properties/fetchSize=100, http://www.dbunit.org/properties/resultSetTableFactory=org.dbunit.database.CachedResultSetTableFactory@8ed9cf, http://www.dbunit.org/features/datatypeWarning=true, http://www.dbunit.org/properties/escapePattern=null, http://www.dbunit.org/properties/allowVerifytabledefinitionExpectedtableCountMismatch=false}], _dataSet=AbstractDataSet[_orderedTableNameMap=null]]) - start
13:20:17.092 [main] DEBUG org.dbunit.util.QualifiedTableName - getQualifiedName() - start
13:20:17.092 [main] DEBUG org.dbunit.util.QualifiedTableName - getQualifiedName(prefix=null, name=TB_FERIADO, escapePattern=null) - start
13:20:17.092 [main] DEBUG org.dbunit.database.statement.SimpleStatement - addBatch(sql=delete from TB_FERIADO) - start
13:20:17.092 [main] DEBUG org.dbunit.operation.DeleteAllOperation - Added SQL: delete from TB_FERIADO
13:20:17.092 [main] DEBUG org.dbunit.database.DatabaseDataSet - getTableMetaData(tableName=TB_RECURSO) - start
13:20:17.092 [main] DEBUG org.dbunit.database.DatabaseDataSet - initialize() - start
13:20:17.092 [main] DEBUG org.dbunit.dataset.OrderedTableNameMap - getTableName(tableName=TB_RECURSO) - start
13:20:17.092 [main] DEBUG org.dbunit.dataset.OrderedTableNameMap - getTableName(tableName=TB_RECURSO) - end - result=TB_RECURSO
13:20:17.092 [main] DEBUG org.dbunit.dataset.OrderedTableNameMap - getTableName(tableName=TB_RECURSO) - start
13:20:17.092 [main] DEBUG org.dbunit.dataset.OrderedTableNameMap - getTableName(tableName=TB_RECURSO) - end - result=TB_RECURSO
13:20:17.092 [main] DEBUG org.dbunit.util.SQLHelper - isEscaped returns 'false' for tableName=TB_RECURSO (dbIdentifierQuoteString=")
13:20:17.092 [main] DEBUG org.dbunit.database.DatabaseTableMetaData - Validating if table 'TB_RECURSO' exists in schema 'null' ...
13:20:17.094 [main] DEBUG org.dbunit.util.SQLHelper - close(resultSet=org.apache.derby.client.net.NetResultSet42@4b0b64cc) - start
13:20:17.094 [main] DEBUG org.dbunit.dataset.OrderedTableNameMap - update(tableName=TB_RECURSO, object=table=TB_RECURSO, cols=[(ID_RECURSO, BIGINT, noNulls), (CUSTO_RECURSO, DOUBLE, noNulls), (NOME_RECURSO, VARCHAR, noNulls), (QUANTIDADE_RECURSO, INTEGER, noNulls), (TIPO_RECURSO, VARCHAR, noNulls), (ID_PROJETO, BIGINT, noNulls)], pk=[(ID_RECURSO, BIGINT, noNulls)]) - start
13:20:17.102 [main] DEBUG org.dbunit.dataset.OrderedTableNameMap - getTableName(tableName=TB_RECURSO) - start
13:20:17.102 [main] DEBUG org.dbunit.dataset.OrderedTableNameMap - getTableName(tableName=TB_RECURSO) - end - result=TB_RECURSO
13:20:17.102 [main] DEBUG org.dbunit.dataset.OrderedTableNameMap - getTableName(tableName=TB_RECURSO) - start
13:20:17.102 [main] DEBUG org.dbunit.dataset.OrderedTableNameMap - getTableName(tableName=TB_RECURSO) - end - result=TB_RECURSO
13:20:17.102 [main] DEBUG org.dbunit.operation.AbstractOperation - getQualifiedName(prefix=null, name=TB_RECURSO, connection=org.dbunit.database.DatabaseConnection[schema=null, connection=org.apache.derby.client.net.NetConnection@7d7cac8, super=_databaseConfig=org.dbunit.database.DatabaseConfig[, _propertyMap={http://www.dbunit.org/features/qualifiedTableNames=false, http://www.dbunit.org/properties/tableType=[Ljava.lang.String;@2d2acd89, http://www.dbunit.org/properties/batchSize=100, http://www.dbunit.org/properties/statementFactory=org.dbunit.database.statement.PreparedStatementFactory@7baf6acf, http://www.dbunit.org/features/batchedStatements=false, http://www.dbunit.org/features/caseSensitiveTableNames=false, http://www.dbunit.org/features/allowEmptyFields=false, http://www.dbunit.org/properties/datatypeFactory=org.dbunit.dataset.datatype.DefaultDataTypeFactory[_toleratedDeltaMap=org.dbunit.dataset.datatype.ToleratedDeltaMap@1e6dad8], http://www.dbunit.org/properties/metadataHandler=org.dbunit.database.DefaultMetadataHandler@6fc6deb7, http://www.dbunit.org/properties/fetchSize=100, http://www.dbunit.org/properties/resultSetTableFactory=org.dbunit.database.CachedResultSetTableFactory@8ed9cf, http://www.dbunit.org/features/datatypeWarning=true, http://www.dbunit.org/properties/escapePattern=null, http://www.dbunit.org/properties/allowVerifytabledefinitionExpectedtableCountMismatch=false}], _dataSet=AbstractDataSet[_orderedTableNameMap=null]]) - start
13:20:17.102 [main] DEBUG org.dbunit.util.QualifiedTableName - getQualifiedName() - start
13:20:17.102 [main] DEBUG org.dbunit.util.QualifiedTableName - getQualifiedName(prefix=null, name=TB_RECURSO, escapePattern=null) - start
13:20:17.102 [main] DEBUG org.dbunit.database.statement.SimpleStatement - addBatch(sql=delete from TB_RECURSO) - start
13:20:17.102 [main] DEBUG org.dbunit.operation.DeleteAllOperation - Added SQL: delete from TB_RECURSO
13:20:17.102 [main] DEBUG org.dbunit.database.DatabaseDataSet - getTableMetaData(tableName=TB_DOCUMENTO) - start
13:20:17.102 [main] DEBUG org.dbunit.database.DatabaseDataSet - initialize() - start
13:20:17.102 [main] DEBUG org.dbunit.dataset.OrderedTableNameMap - getTableName(tableName=TB_DOCUMENTO) - start
13:20:17.102 [main] DEBUG org.dbunit.dataset.OrderedTableNameMap - getTableName(tableName=TB_DOCUMENTO) - end - result=TB_DOCUMENTO
13:20:17.102 [main] DEBUG org.dbunit.dataset.OrderedTableNameMap - getTableName(tableName=TB_DOCUMENTO) - start
13:20:17.102 [main] DEBUG org.dbunit.dataset.OrderedTableNameMap - getTableName(tableName=TB_DOCUMENTO) - end - result=TB_DOCUMENTO
13:20:17.102 [main] DEBUG org.dbunit.util.SQLHelper - isEscaped returns 'false' for tableName=TB_DOCUMENTO (dbIdentifierQuoteString=")
13:20:17.102 [main] DEBUG org.dbunit.database.DatabaseTableMetaData - Validating if table 'TB_DOCUMENTO' exists in schema 'null' ...
13:20:17.120 [main] DEBUG org.dbunit.util.SQLHelper - close(resultSet=org.apache.derby.client.net.NetResultSet42@3662bdff) - start
13:20:17.120 [main] DEBUG org.dbunit.dataset.OrderedTableNameMap - update(tableName=TB_DOCUMENTO, object=table=TB_DOCUMENTO, cols=[(ID_DOCUMENTO, BIGINT, noNulls), (AUTOR_DOCUMENTO, VARCHAR, noNulls), (CAMINHO_ARQUIVO_DOCUMENTO, VARCHAR, noNulls), (DATA_CRIACAO_DOCUMENTO, DATE, noNulls), (TIPO_DOCUMENTO, VARCHAR, noNulls), (TITULO_DOCUMENTO, VARCHAR, noNulls), (ID_PROJETO, BIGINT, noNulls)], pk=[(ID_DOCUMENTO, BIGINT, noNulls)]) - start
13:20:17.127 [main] DEBUG org.dbunit.dataset.OrderedTableNameMap - getTableName(tableName=TB_DOCUMENTO) - start
13:20:17.127 [main] DEBUG org.dbunit.dataset.OrderedTableNameMap - getTableName(tableName=TB_DOCUMENTO) - end - result=TB_DOCUMENTO
13:20:17.127 [main] DEBUG org.dbunit.dataset.OrderedTableNameMap - getTableName(tableName=TB_DOCUMENTO) - start
13:20:17.127 [main] DEBUG org.dbunit.dataset.OrderedTableNameMap - getTableName(tableName=TB_DOCUMENTO) - end - result=TB_DOCUMENTO
13:20:17.127 [main] DEBUG org.dbunit.operation.AbstractOperation - getQualifiedName(prefix=null, name=TB_DOCUMENTO, connection=org.dbunit.database.DatabaseConnection[schema=null, connection=org.apache.derby.client.net.NetConnection@7d7cac8, super=_databaseConfig=org.dbunit.database.DatabaseConfig[, _propertyMap={http://www.dbunit.org/features/qualifiedTableNames=false, http://www.dbunit.org/properties/tableType=[Ljava.lang.String;@2d2acd89, http://www.dbunit.org/properties/batchSize=100, http://www.dbunit.org/properties/statementFactory=org.dbunit.database.statement.PreparedStatementFactory@7baf6acf, http://www.dbunit.org/features/batchedStatements=false, http://www.dbunit.org/features/caseSensitiveTableNames=false, http://www.dbunit.org/features/allowEmptyFields=false, http://www.dbunit.org/properties/datatypeFactory=org.dbunit.dataset.datatype.DefaultDataTypeFactory[_toleratedDeltaMap=org.dbunit.dataset.datatype.ToleratedDeltaMap@1e6dad8], http://www.dbunit.org/properties/metadataHandler=org.dbunit.database.DefaultMetadataHandler@6fc6deb7, http://www.dbunit.org/properties/fetchSize=100, http://www.dbunit.org/properties/resultSetTableFactory=org.dbunit.database.CachedResultSetTableFactory@8ed9cf, http://www.dbunit.org/features/datatypeWarning=true, http://www.dbunit.org/properties/escapePattern=null, http://www.dbunit.org/properties/allowVerifytabledefinitionExpectedtableCountMismatch=false}], _dataSet=AbstractDataSet[_orderedTableNameMap=null]]) - start
13:20:17.127 [main] DEBUG org.dbunit.util.QualifiedTableName - getQualifiedName() - start
13:20:17.127 [main] DEBUG org.dbunit.util.QualifiedTableName - getQualifiedName(prefix=null, name=TB_DOCUMENTO, escapePattern=null) - start
13:20:17.127 [main] DEBUG org.dbunit.database.statement.SimpleStatement - addBatch(sql=delete from TB_DOCUMENTO) - start
13:20:17.127 [main] DEBUG org.dbunit.operation.DeleteAllOperation - Added SQL: delete from TB_DOCUMENTO
13:20:17.127 [main] DEBUG org.dbunit.database.DatabaseDataSet - getTableMetaData(tableName=TB_PROJETO) - start
13:20:17.127 [main] DEBUG org.dbunit.database.DatabaseDataSet - initialize() - start
13:20:17.127 [main] DEBUG org.dbunit.dataset.OrderedTableNameMap - getTableName(tableName=TB_PROJETO) - start
13:20:17.127 [main] DEBUG org.dbunit.dataset.OrderedTableNameMap - getTableName(tableName=TB_PROJETO) - end - result=TB_PROJETO
13:20:17.127 [main] DEBUG org.dbunit.dataset.OrderedTableNameMap - getTableName(tableName=TB_PROJETO) - start
13:20:17.127 [main] DEBUG org.dbunit.dataset.OrderedTableNameMap - getTableName(tableName=TB_PROJETO) - end - result=TB_PROJETO
13:20:17.127 [main] DEBUG org.dbunit.util.SQLHelper - isEscaped returns 'false' for tableName=TB_PROJETO (dbIdentifierQuoteString=")
13:20:17.128 [main] DEBUG org.dbunit.database.DatabaseTableMetaData - Validating if table 'TB_PROJETO' exists in schema 'null' ...
13:20:17.129 [main] DEBUG org.dbunit.util.SQLHelper - close(resultSet=org.apache.derby.client.net.NetResultSet42@65d8dff8) - start
13:20:17.130 [main] DEBUG org.dbunit.dataset.OrderedTableNameMap - update(tableName=TB_PROJETO, object=table=TB_PROJETO, cols=[(ID_PROJETO, BIGINT, noNulls), (DESCRICAO_PROJETO, VARCHAR, noNulls), (NOME_PROJETO, VARCHAR, noNulls), (ID_CLIENTE, BIGINT, noNulls), (ID_CALENDARIO, BIGINT, noNulls), (ID_RELATORIO, BIGINT, noNulls)], pk=[(ID_PROJETO, BIGINT, noNulls)]) - start
13:20:17.142 [main] DEBUG org.dbunit.dataset.OrderedTableNameMap - getTableName(tableName=TB_PROJETO) - start
13:20:17.142 [main] DEBUG org.dbunit.dataset.OrderedTableNameMap - getTableName(tableName=TB_PROJETO) - end - result=TB_PROJETO
13:20:17.142 [main] DEBUG org.dbunit.dataset.OrderedTableNameMap - getTableName(tableName=TB_PROJETO) - start
13:20:17.142 [main] DEBUG org.dbunit.dataset.OrderedTableNameMap - getTableName(tableName=TB_PROJETO) - end - result=TB_PROJETO
13:20:17.142 [main] DEBUG org.dbunit.operation.AbstractOperation - getQualifiedName(prefix=null, name=TB_PROJETO, connection=org.dbunit.database.DatabaseConnection[schema=null, connection=org.apache.derby.client.net.NetConnection@7d7cac8, super=_databaseConfig=org.dbunit.database.DatabaseConfig[, _propertyMap={http://www.dbunit.org/features/qualifiedTableNames=false, http://www.dbunit.org/properties/tableType=[Ljava.lang.String;@2d2acd89, http://www.dbunit.org/properties/batchSize=100, http://www.dbunit.org/properties/statementFactory=org.dbunit.database.statement.PreparedStatementFactory@7baf6acf, http://www.dbunit.org/features/batchedStatements=false, http://www.dbunit.org/features/caseSensitiveTableNames=false, http://www.dbunit.org/features/allowEmptyFields=false, http://www.dbunit.org/properties/datatypeFactory=org.dbunit.dataset.datatype.DefaultDataTypeFactory[_toleratedDeltaMap=org.dbunit.dataset.datatype.ToleratedDeltaMap@1e6dad8], http://www.dbunit.org/properties/metadataHandler=org.dbunit.database.DefaultMetadataHandler@6fc6deb7, http://www.dbunit.org/properties/fetchSize=100, http://www.dbunit.org/properties/resultSetTableFactory=org.dbunit.database.CachedResultSetTableFactory@8ed9cf, http://www.dbunit.org/features/datatypeWarning=true, http://www.dbunit.org/properties/escapePattern=null, http://www.dbunit.org/properties/allowVerifytabledefinitionExpectedtableCountMismatch=false}], _dataSet=AbstractDataSet[_orderedTableNameMap=null]]) - start
13:20:17.143 [main] DEBUG org.dbunit.util.QualifiedTableName - getQualifiedName() - start
13:20:17.143 [main] DEBUG org.dbunit.util.QualifiedTableName - getQualifiedName(prefix=null, name=TB_PROJETO, escapePattern=null) - start
13:20:17.143 [main] DEBUG org.dbunit.database.statement.SimpleStatement - addBatch(sql=delete from TB_PROJETO) - start
13:20:17.143 [main] DEBUG org.dbunit.operation.DeleteAllOperation - Added SQL: delete from TB_PROJETO
13:20:17.143 [main] DEBUG org.dbunit.database.DatabaseDataSet - getTableMetaData(tableName=TB_CALENDARIO) - start
13:20:17.143 [main] DEBUG org.dbunit.database.DatabaseDataSet - initialize() - start
13:20:17.143 [main] DEBUG org.dbunit.dataset.OrderedTableNameMap - getTableName(tableName=TB_CALENDARIO) - start
13:20:17.143 [main] DEBUG org.dbunit.dataset.OrderedTableNameMap - getTableName(tableName=TB_CALENDARIO) - end - result=TB_CALENDARIO
13:20:17.143 [main] DEBUG org.dbunit.dataset.OrderedTableNameMap - getTableName(tableName=TB_CALENDARIO) - start
13:20:17.143 [main] DEBUG org.dbunit.dataset.OrderedTableNameMap - getTableName(tableName=TB_CALENDARIO) - end - result=TB_CALENDARIO
13:20:17.143 [main] DEBUG org.dbunit.util.SQLHelper - isEscaped returns 'false' for tableName=TB_CALENDARIO (dbIdentifierQuoteString=")
13:20:17.143 [main] DEBUG org.dbunit.database.DatabaseTableMetaData - Validating if table 'TB_CALENDARIO' exists in schema 'null' ...
13:20:17.144 [main] DEBUG org.dbunit.util.SQLHelper - close(resultSet=org.apache.derby.client.net.NetResultSet42@57f847af) - start
13:20:17.145 [main] DEBUG org.dbunit.dataset.OrderedTableNameMap - update(tableName=TB_CALENDARIO, object=table=TB_CALENDARIO, cols=[(ID_CALENDARIO, BIGINT, noNulls), (DATA_FIM, DATE, noNulls), (DATA_INICIO, DATE, noNulls), (HORAS_TOTAIS, INTEGER, noNulls)], pk=[(ID_CALENDARIO, BIGINT, noNulls)]) - start
13:20:17.150 [main] DEBUG org.dbunit.dataset.OrderedTableNameMap - getTableName(tableName=TB_CALENDARIO) - start
13:20:17.150 [main] DEBUG org.dbunit.dataset.OrderedTableNameMap - getTableName(tableName=TB_CALENDARIO) - end - result=TB_CALENDARIO
13:20:17.150 [main] DEBUG org.dbunit.dataset.OrderedTableNameMap - getTableName(tableName=TB_CALENDARIO) - start
13:20:17.150 [main] DEBUG org.dbunit.dataset.OrderedTableNameMap - getTableName(tableName=TB_CALENDARIO) - end - result=TB_CALENDARIO
13:20:17.150 [main] DEBUG org.dbunit.operation.AbstractOperation - getQualifiedName(prefix=null, name=TB_CALENDARIO, connection=org.dbunit.database.DatabaseConnection[schema=null, connection=org.apache.derby.client.net.NetConnection@7d7cac8, super=_databaseConfig=org.dbunit.database.DatabaseConfig[, _propertyMap={http://www.dbunit.org/features/qualifiedTableNames=false, http://www.dbunit.org/properties/tableType=[Ljava.lang.String;@2d2acd89, http://www.dbunit.org/properties/batchSize=100, http://www.dbunit.org/properties/statementFactory=org.dbunit.database.statement.PreparedStatementFactory@7baf6acf, http://www.dbunit.org/features/batchedStatements=false, http://www.dbunit.org/features/caseSensitiveTableNames=false, http://www.dbunit.org/features/allowEmptyFields=false, http://www.dbunit.org/properties/datatypeFactory=org.dbunit.dataset.datatype.DefaultDataTypeFactory[_toleratedDeltaMap=org.dbunit.dataset.datatype.ToleratedDeltaMap@1e6dad8], http://www.dbunit.org/properties/metadataHandler=org.dbunit.database.DefaultMetadataHandler@6fc6deb7, http://www.dbunit.org/properties/fetchSize=100, http://www.dbunit.org/properties/resultSetTableFactory=org.dbunit.database.CachedResultSetTableFactory@8ed9cf, http://www.dbunit.org/features/datatypeWarning=true, http://www.dbunit.org/properties/escapePattern=null, http://www.dbunit.org/properties/allowVerifytabledefinitionExpectedtableCountMismatch=false}], _dataSet=AbstractDataSet[_orderedTableNameMap=null]]) - start
13:20:17.150 [main] DEBUG org.dbunit.util.QualifiedTableName - getQualifiedName() - start
13:20:17.150 [main] DEBUG org.dbunit.util.QualifiedTableName - getQualifiedName(prefix=null, name=TB_CALENDARIO, escapePattern=null) - start
13:20:17.150 [main] DEBUG org.dbunit.database.statement.SimpleStatement - addBatch(sql=delete from TB_CALENDARIO) - start
13:20:17.150 [main] DEBUG org.dbunit.operation.DeleteAllOperation - Added SQL: delete from TB_CALENDARIO
13:20:17.150 [main] DEBUG org.dbunit.database.DatabaseDataSet - getTableMetaData(tableName=TB_RELATORIO) - start
13:20:17.150 [main] DEBUG org.dbunit.database.DatabaseDataSet - initialize() - start
13:20:17.150 [main] DEBUG org.dbunit.dataset.OrderedTableNameMap - getTableName(tableName=TB_RELATORIO) - start
13:20:17.150 [main] DEBUG org.dbunit.dataset.OrderedTableNameMap - getTableName(tableName=TB_RELATORIO) - end - result=TB_RELATORIO
13:20:17.150 [main] DEBUG org.dbunit.dataset.OrderedTableNameMap - getTableName(tableName=TB_RELATORIO) - start
13:20:17.150 [main] DEBUG org.dbunit.dataset.OrderedTableNameMap - getTableName(tableName=TB_RELATORIO) - end - result=TB_RELATORIO
13:20:17.150 [main] DEBUG org.dbunit.util.SQLHelper - isEscaped returns 'false' for tableName=TB_RELATORIO (dbIdentifierQuoteString=")
13:20:17.150 [main] DEBUG org.dbunit.database.DatabaseTableMetaData - Validating if table 'TB_RELATORIO' exists in schema 'null' ...
13:20:17.152 [main] DEBUG org.dbunit.util.SQLHelper - close(resultSet=org.apache.derby.client.net.NetResultSet42@2f521c4) - start
13:20:17.152 [main] DEBUG org.dbunit.dataset.OrderedTableNameMap - update(tableName=TB_RELATORIO, object=table=TB_RELATORIO, cols=[(ID_RELATORIO, BIGINT, noNulls), (AUTOR_RELATORIO, VARCHAR, noNulls), (CONTEUDO_RELATORIO, VARCHAR, noNulls), (DATA_CRIACAO_RELATORIO, DATE, noNulls), (DESCRICAO_RELATORIO, VARCHAR, noNulls), (TITULO_RELATORIO, VARCHAR, noNulls)], pk=[(ID_RELATORIO, BIGINT, noNulls)]) - start
13:20:17.158 [main] DEBUG org.dbunit.dataset.OrderedTableNameMap - getTableName(tableName=TB_RELATORIO) - start
13:20:17.158 [main] DEBUG org.dbunit.dataset.OrderedTableNameMap - getTableName(tableName=TB_RELATORIO) - end - result=TB_RELATORIO
13:20:17.158 [main] DEBUG org.dbunit.dataset.OrderedTableNameMap - getTableName(tableName=TB_RELATORIO) - start
13:20:17.158 [main] DEBUG org.dbunit.dataset.OrderedTableNameMap - getTableName(tableName=TB_RELATORIO) - end - result=TB_RELATORIO
13:20:17.158 [main] DEBUG org.dbunit.operation.AbstractOperation - getQualifiedName(prefix=null, name=TB_RELATORIO, connection=org.dbunit.database.DatabaseConnection[schema=null, connection=org.apache.derby.client.net.NetConnection@7d7cac8, super=_databaseConfig=org.dbunit.database.DatabaseConfig[, _propertyMap={http://www.dbunit.org/features/qualifiedTableNames=false, http://www.dbunit.org/properties/tableType=[Ljava.lang.String;@2d2acd89, http://www.dbunit.org/properties/batchSize=100, http://www.dbunit.org/properties/statementFactory=org.dbunit.database.statement.PreparedStatementFactory@7baf6acf, http://www.dbunit.org/features/batchedStatements=false, http://www.dbunit.org/features/caseSensitiveTableNames=false, http://www.dbunit.org/features/allowEmptyFields=false, http://www.dbunit.org/properties/datatypeFactory=org.dbunit.dataset.datatype.DefaultDataTypeFactory[_toleratedDeltaMap=org.dbunit.dataset.datatype.ToleratedDeltaMap@1e6dad8], http://www.dbunit.org/properties/metadataHandler=org.dbunit.database.DefaultMetadataHandler@6fc6deb7, http://www.dbunit.org/properties/fetchSize=100, http://www.dbunit.org/properties/resultSetTableFactory=org.dbunit.database.CachedResultSetTableFactory@8ed9cf, http://www.dbunit.org/features/datatypeWarning=true, http://www.dbunit.org/properties/escapePattern=null, http://www.dbunit.org/properties/allowVerifytabledefinitionExpectedtableCountMismatch=false}], _dataSet=AbstractDataSet[_orderedTableNameMap=null]]) - start
13:20:17.158 [main] DEBUG org.dbunit.util.QualifiedTableName - getQualifiedName() - start
13:20:17.158 [main] DEBUG org.dbunit.util.QualifiedTableName - getQualifiedName(prefix=null, name=TB_RELATORIO, escapePattern=null) - start
13:20:17.158 [main] DEBUG org.dbunit.database.statement.SimpleStatement - addBatch(sql=delete from TB_RELATORIO) - start
13:20:17.158 [main] DEBUG org.dbunit.operation.DeleteAllOperation - Added SQL: delete from TB_RELATORIO
13:20:17.158 [main] DEBUG org.dbunit.database.DatabaseDataSet - getTableMetaData(tableName=TB_TELEFONE_CLIENTE) - start
13:20:17.158 [main] DEBUG org.dbunit.database.DatabaseDataSet - initialize() - start
13:20:17.158 [main] DEBUG org.dbunit.dataset.OrderedTableNameMap - getTableName(tableName=TB_TELEFONE_CLIENTE) - start
13:20:17.158 [main] DEBUG org.dbunit.dataset.OrderedTableNameMap - getTableName(tableName=TB_TELEFONE_CLIENTE) - end - result=TB_TELEFONE_CLIENTE
13:20:17.158 [main] DEBUG org.dbunit.dataset.OrderedTableNameMap - getTableName(tableName=TB_TELEFONE_CLIENTE) - start
13:20:17.158 [main] DEBUG org.dbunit.dataset.OrderedTableNameMap - getTableName(tableName=TB_TELEFONE_CLIENTE) - end - result=TB_TELEFONE_CLIENTE
13:20:17.158 [main] DEBUG org.dbunit.util.SQLHelper - isEscaped returns 'false' for tableName=TB_TELEFONE_CLIENTE (dbIdentifierQuoteString=")
13:20:17.158 [main] DEBUG org.dbunit.database.DatabaseTableMetaData - Validating if table 'TB_TELEFONE_CLIENTE' exists in schema 'null' ...
13:20:17.160 [main] DEBUG org.dbunit.util.SQLHelper - close(resultSet=org.apache.derby.client.net.NetResultSet42@1b7332a7) - start
13:20:17.160 [main] DEBUG org.dbunit.dataset.OrderedTableNameMap - update(tableName=TB_TELEFONE_CLIENTE, object=table=TB_TELEFONE_CLIENTE, cols=[(ID_CLIENTE, BIGINT, noNulls), (NUM_TELEFONE, VARCHAR, noNulls)], pk=[]) - start
13:20:17.167 [main] DEBUG org.dbunit.dataset.OrderedTableNameMap - getTableName(tableName=TB_TELEFONE_CLIENTE) - start
13:20:17.167 [main] DEBUG org.dbunit.dataset.OrderedTableNameMap - getTableName(tableName=TB_TELEFONE_CLIENTE) - end - result=TB_TELEFONE_CLIENTE
13:20:17.167 [main] DEBUG org.dbunit.dataset.OrderedTableNameMap - getTableName(tableName=TB_TELEFONE_CLIENTE) - start
13:20:17.167 [main] DEBUG org.dbunit.dataset.OrderedTableNameMap - getTableName(tableName=TB_TELEFONE_CLIENTE) - end - result=TB_TELEFONE_CLIENTE
13:20:17.167 [main] DEBUG org.dbunit.operation.AbstractOperation - getQualifiedName(prefix=null, name=TB_TELEFONE_CLIENTE, connection=org.dbunit.database.DatabaseConnection[schema=null, connection=org.apache.derby.client.net.NetConnection@7d7cac8, super=_databaseConfig=org.dbunit.database.DatabaseConfig[, _propertyMap={http://www.dbunit.org/features/qualifiedTableNames=false, http://www.dbunit.org/properties/tableType=[Ljava.lang.String;@2d2acd89, http://www.dbunit.org/properties/batchSize=100, http://www.dbunit.org/properties/statementFactory=org.dbunit.database.statement.PreparedStatementFactory@7baf6acf, http://www.dbunit.org/features/batchedStatements=false, http://www.dbunit.org/features/caseSensitiveTableNames=false, http://www.dbunit.org/features/allowEmptyFields=false, http://www.dbunit.org/properties/datatypeFactory=org.dbunit.dataset.datatype.DefaultDataTypeFactory[_toleratedDeltaMap=org.dbunit.dataset.datatype.ToleratedDeltaMap@1e6dad8], http://www.dbunit.org/properties/metadataHandler=org.dbunit.database.DefaultMetadataHandler@6fc6deb7, http://www.dbunit.org/properties/fetchSize=100, http://www.dbunit.org/properties/resultSetTableFactory=org.dbunit.database.CachedResultSetTableFactory@8ed9cf, http://www.dbunit.org/features/datatypeWarning=true, http://www.dbunit.org/properties/escapePattern=null, http://www.dbunit.org/properties/allowVerifytabledefinitionExpectedtableCountMismatch=false}], _dataSet=AbstractDataSet[_orderedTableNameMap=null]]) - start
13:20:17.167 [main] DEBUG org.dbunit.util.QualifiedTableName - getQualifiedName() - start
13:20:17.167 [main] DEBUG org.dbunit.util.QualifiedTableName - getQualifiedName(prefix=null, name=TB_TELEFONE_CLIENTE, escapePattern=null) - start
13:20:17.167 [main] DEBUG org.dbunit.database.statement.SimpleStatement - addBatch(sql=delete from TB_TELEFONE_CLIENTE) - start
13:20:17.167 [main] DEBUG org.dbunit.operation.DeleteAllOperation - Added SQL: delete from TB_TELEFONE_CLIENTE
13:20:17.167 [main] DEBUG org.dbunit.database.DatabaseDataSet - getTableMetaData(tableName=TB_CLIENTE) - start
13:20:17.167 [main] DEBUG org.dbunit.database.DatabaseDataSet - initialize() - start
13:20:17.167 [main] DEBUG org.dbunit.dataset.OrderedTableNameMap - getTableName(tableName=TB_CLIENTE) - start
13:20:17.167 [main] DEBUG org.dbunit.dataset.OrderedTableNameMap - getTableName(tableName=TB_CLIENTE) - end - result=TB_CLIENTE
13:20:17.167 [main] DEBUG org.dbunit.dataset.OrderedTableNameMap - getTableName(tableName=TB_CLIENTE) - start
13:20:17.167 [main] DEBUG org.dbunit.dataset.OrderedTableNameMap - getTableName(tableName=TB_CLIENTE) - end - result=TB_CLIENTE
13:20:17.167 [main] DEBUG org.dbunit.util.SQLHelper - isEscaped returns 'false' for tableName=TB_CLIENTE (dbIdentifierQuoteString=")
13:20:17.167 [main] DEBUG org.dbunit.database.DatabaseTableMetaData - Validating if table 'TB_CLIENTE' exists in schema 'null' ...
13:20:17.169 [main] DEBUG org.dbunit.util.SQLHelper - close(resultSet=org.apache.derby.client.net.NetResultSet42@4fe64d23) - start
13:20:17.170 [main] DEBUG org.dbunit.dataset.OrderedTableNameMap - update(tableName=TB_CLIENTE, object=table=TB_CLIENTE, cols=[(ID_CLIENTE, BIGINT, noNulls), (CNPJ_CLIENTE, VARCHAR, noNulls), (EMAIL_CLIENTE, VARCHAR, noNulls), (NOME_CLIENTE, VARCHAR, noNulls)], pk=[(ID_CLIENTE, BIGINT, noNulls)]) - start
13:20:17.176 [main] DEBUG org.dbunit.dataset.OrderedTableNameMap - getTableName(tableName=TB_CLIENTE) - start
13:20:17.176 [main] DEBUG org.dbunit.dataset.OrderedTableNameMap - getTableName(tableName=TB_CLIENTE) - end - result=TB_CLIENTE
13:20:17.176 [main] DEBUG org.dbunit.dataset.OrderedTableNameMap - getTableName(tableName=TB_CLIENTE) - start
13:20:17.176 [main] DEBUG org.dbunit.dataset.OrderedTableNameMap - getTableName(tableName=TB_CLIENTE) - end - result=TB_CLIENTE
13:20:17.176 [main] DEBUG org.dbunit.operation.AbstractOperation - getQualifiedName(prefix=null, name=TB_CLIENTE, connection=org.dbunit.database.DatabaseConnection[schema=null, connection=org.apache.derby.client.net.NetConnection@7d7cac8, super=_databaseConfig=org.dbunit.database.DatabaseConfig[, _propertyMap={http://www.dbunit.org/features/qualifiedTableNames=false, http://www.dbunit.org/properties/tableType=[Ljava.lang.String;@2d2acd89, http://www.dbunit.org/properties/batchSize=100, http://www.dbunit.org/properties/statementFactory=org.dbunit.database.statement.PreparedStatementFactory@7baf6acf, http://www.dbunit.org/features/batchedStatements=false, http://www.dbunit.org/features/caseSensitiveTableNames=false, http://www.dbunit.org/features/allowEmptyFields=false, http://www.dbunit.org/properties/datatypeFactory=org.dbunit.dataset.datatype.DefaultDataTypeFactory[_toleratedDeltaMap=org.dbunit.dataset.datatype.ToleratedDeltaMap@1e6dad8], http://www.dbunit.org/properties/metadataHandler=org.dbunit.database.DefaultMetadataHandler@6fc6deb7, http://www.dbunit.org/properties/fetchSize=100, http://www.dbunit.org/properties/resultSetTableFactory=org.dbunit.database.CachedResultSetTableFactory@8ed9cf, http://www.dbunit.org/features/datatypeWarning=true, http://www.dbunit.org/properties/escapePattern=null, http://www.dbunit.org/properties/allowVerifytabledefinitionExpectedtableCountMismatch=false}], _dataSet=AbstractDataSet[_orderedTableNameMap=null]]) - start
13:20:17.176 [main] DEBUG org.dbunit.util.QualifiedTableName - getQualifiedName() - start
13:20:17.176 [main] DEBUG org.dbunit.util.QualifiedTableName - getQualifiedName(prefix=null, name=TB_CLIENTE, escapePattern=null) - start
13:20:17.176 [main] DEBUG org.dbunit.database.statement.SimpleStatement - addBatch(sql=delete from TB_CLIENTE) - start
13:20:17.176 [main] DEBUG org.dbunit.operation.DeleteAllOperation - Added SQL: delete from TB_CLIENTE
13:20:17.176 [main] DEBUG org.dbunit.database.statement.SimpleStatement - executeBatch() - start
13:20:17.176 [main] DEBUG org.dbunit.database.statement.SimpleStatement - DbUnit SQL: delete from TB_TAREFA
13:20:17.182 [main] DEBUG org.dbunit.database.statement.SimpleStatement - DbUnit SQL: delete from TB_USUARIO_PERFIL
13:20:17.187 [main] DEBUG org.dbunit.database.statement.SimpleStatement - DbUnit SQL: delete from TB_PERFIL
13:20:17.190 [main] DEBUG org.dbunit.database.statement.SimpleStatement - DbUnit SQL: delete from TB_USUARIO
13:20:17.194 [main] DEBUG org.dbunit.database.statement.SimpleStatement - DbUnit SQL: delete from TB_PROJETO_FORNECEDOR
13:20:17.197 [main] DEBUG org.dbunit.database.statement.SimpleStatement - DbUnit SQL: delete from TB_FORNECEDOR
13:20:17.201 [main] DEBUG org.dbunit.database.statement.SimpleStatement - DbUnit SQL: delete from TB_FERIADO
13:20:17.205 [main] DEBUG org.dbunit.database.statement.SimpleStatement - DbUnit SQL: delete from TB_RECURSO
13:20:17.209 [main] DEBUG org.dbunit.database.statement.SimpleStatement - DbUnit SQL: delete from TB_DOCUMENTO
13:20:17.212 [main] DEBUG org.dbunit.database.statement.SimpleStatement - DbUnit SQL: delete from TB_PROJETO
13:20:17.217 [main] DEBUG org.dbunit.database.statement.SimpleStatement - DbUnit SQL: delete from TB_CALENDARIO
13:20:17.227 [main] DEBUG org.dbunit.database.statement.SimpleStatement - DbUnit SQL: delete from TB_RELATORIO
13:20:17.231 [main] DEBUG org.dbunit.database.statement.SimpleStatement - DbUnit SQL: delete from TB_TELEFONE_CLIENTE
13:20:17.235 [main] DEBUG org.dbunit.database.statement.SimpleStatement - DbUnit SQL: delete from TB_CLIENTE
13:20:17.239 [main] DEBUG org.dbunit.database.statement.SimpleStatement - clearBatch() - start
13:20:17.239 [main] DEBUG org.dbunit.database.statement.AbstractBatchStatement - close() - start
13:20:17.239 [main] DEBUG org.dbunit.operation.AbstractBatchOperation - execute(connection=org.dbunit.database.DatabaseConnection[schema=null, connection=org.apache.derby.client.net.NetConnection@7d7cac8, super=_databaseConfig=org.dbunit.database.DatabaseConfig[, _propertyMap={http://www.dbunit.org/features/qualifiedTableNames=false, http://www.dbunit.org/properties/tableType=[Ljava.lang.String;@2d2acd89, http://www.dbunit.org/properties/batchSize=100, http://www.dbunit.org/properties/statementFactory=org.dbunit.database.statement.PreparedStatementFactory@7baf6acf, http://www.dbunit.org/features/batchedStatements=false, http://www.dbunit.org/features/caseSensitiveTableNames=false, http://www.dbunit.org/features/allowEmptyFields=false, http://www.dbunit.org/properties/datatypeFactory=org.dbunit.dataset.datatype.DefaultDataTypeFactory[_toleratedDeltaMap=org.dbunit.dataset.datatype.ToleratedDeltaMap@1e6dad8], http://www.dbunit.org/properties/metadataHandler=org.dbunit.database.DefaultMetadataHandler@6fc6deb7, http://www.dbunit.org/properties/fetchSize=100, http://www.dbunit.org/properties/resultSetTableFactory=org.dbunit.database.CachedResultSetTableFactory@8ed9cf, http://www.dbunit.org/features/datatypeWarning=true, http://www.dbunit.org/properties/escapePattern=null, http://www.dbunit.org/properties/allowVerifytabledefinitionExpectedtableCountMismatch=false}], _dataSet=AbstractDataSet[_orderedTableNameMap=null]], dataSet=AbstractDataSet[_orderedTableNameMap=org.dbunit.dataset.OrderedTableNameMap[_tableNames=[TB_CLIENTE, TB_TELEFONE_CLIENTE, TB_RELATORIO, TB_CALENDARIO, TB_PROJETO, TB_DOCUMENTO, TB_RECURSO, TB_FERIADO, TB_FORNECEDOR, TB_PROJETO_FORNECEDOR, TB_USUARIO, TB_PERFIL, TB_USUARIO_PERFIL, TB_TAREFA], _tableMap={TB_TELEFONE_CLIENTE=org.dbunit.dataset.DefaultTable[_metaData=tableName=TB_TELEFONE_CLIENTE, columns=[(ID_CLIENTE, UNKNOWN, nullableUnknown), (NUM_TELEFONE, UNKNOWN, nullableUnknown)], keys=[], _rowList.size()=3], TB_FERIADO=org.dbunit.dataset.DefaultTable[_metaData=tableName=TB_FERIADO, columns=[(ID_FERIADO, UNKNOWN, nullableUnknown), (DATA_FERIADO, UNKNOWN, nullableUnknown), (NOME_FERIADO, UNKNOWN, nullableUnknown), (TIPO_FERIADO, UNKNOWN, nullableUnknown)], keys=[], _rowList.size()=2], TB_PROJETO_FORNECEDOR=org.dbunit.dataset.DefaultTable[_metaData=tableName=TB_PROJETO_FORNECEDOR, columns=[(ID_PROJETO, UNKNOWN, nullableUnknown), (ID_FORNECEDOR, UNKNOWN, nullableUnknown)], keys=[], _rowList.size()=2], TB_RELATORIO=org.dbunit.dataset.DefaultTable[_metaData=tableName=TB_RELATORIO, columns=[(ID_RELATORIO, UNKNOWN, nullableUnknown), (TITULO_RELATORIO, UNKNOWN, nullableUnknown), (DATA_CRIACAO_RELATORIO, UNKNOWN, nullableUnknown), (AUTOR_RELATORIO, UNKNOWN, nullableUnknown), (DESCRICAO_RELATORIO, UNKNOWN, nullableUnknown), (CONTEUDO_RELATORIO, UNKNOWN, nullableUnknown)], keys=[], _rowList.size()=2], TB_FORNECEDOR=org.dbunit.dataset.DefaultTable[_metaData=tableName=TB_FORNECEDOR, columns=[(ID_FORNECEDOR, UNKNOWN, nullableUnknown), (NOME_FORNECEDOR, UNKNOWN, nullableUnknown), (CNPJ_FORNECEDOR, UNKNOWN, nullableUnknown), (EMAIL_FORNECEDOR, UNKNOWN, nullableUnknown), (TIPO_FORNECEDOR, UNKNOWN, nullableUnknown), (TIPO_STATUS, UNKNOWN, nullableUnknown), (DESCRICAO, UNKNOWN, nullableUnknown), (DATA_CADASTRO, UNKNOWN, nullableUnknown)], keys=[], _rowList.size()=2], TB_CLIENTE=org.dbunit.dataset.DefaultTable[_metaData=tableName=TB_CLIENTE, columns=[(ID_CLIENTE, UNKNOWN, nullableUnknown), (NOME_CLIENTE, UNKNOWN, nullableUnknown), (EMAIL_CLIENTE, UNKNOWN, nullableUnknown), (CNPJ_CLIENTE, UNKNOWN, nullableUnknown)], keys=[], _rowList.size()=2], TB_TAREFA=org.dbunit.dataset.DefaultTable[_metaData=tableName=TB_TAREFA, columns=[(ID_TAREFA, UNKNOWN, nullableUnknown), (NOME_TAREFA, UNKNOWN, nullableUnknown), (DESCRICAO_TAREFA, UNKNOWN, nullableUnknown), (DATA_INICIO_TAREFA, UNKNOWN, nullableUnknown), (PRIORIDADE_TAREFA, UNKNOWN, nullableUnknown), (TIPO_STATUS, UNKNOWN, nullableUnknown), (USUARIO_ID, UNKNOWN, nullableUnknown), (ID_PROJETO, UNKNOWN, nullableUnknown)], keys=[], _rowList.size()=2], TB_USUARIO=org.dbunit.dataset.DefaultTable[_metaData=tableName=TB_USUARIO, columns=[(ID_USUARIO, UNKNOWN, nullableUnknown), (NOME_USUARIO, UNKNOWN, nullableUnknown), (EMAIL_USUARIO, UNKNOWN, nullableUnknown), (SENHA_USUARIO, UNKNOWN, nullableUnknown)], keys=[], _rowList.size()=2], TB_USUARIO_PERFIL=org.dbunit.dataset.DefaultTable[_metaData=tableName=TB_USUARIO_PERFIL, columns=[(ID_USUARIO, UNKNOWN, nullableUnknown), (ID_PERFIL, UNKNOWN, nullableUnknown)], keys=[], _rowList.size()=2], TB_CALENDARIO=org.dbunit.dataset.DefaultTable[_metaData=tableName=TB_CALENDARIO, columns=[(ID_CALENDARIO, UNKNOWN, nullableUnknown), (DATA_INICIO, UNKNOWN, nullableUnknown), (DATA_FIM, UNKNOWN, nullableUnknown), (HORAS_TOTAIS, UNKNOWN, nullableUnknown)], keys=[], _rowList.size()=2], TB_DOCUMENTO=org.dbunit.dataset.DefaultTable[_metaData=tableName=TB_DOCUMENTO, columns=[(ID_DOCUMENTO, UNKNOWN, nullableUnknown), (TITULO_DOCUMENTO, UNKNOWN, nullableUnknown), (TIPO_DOCUMENTO, UNKNOWN, nullableUnknown), (DATA_CRIACAO_DOCUMENTO, UNKNOWN, nullableUnknown), (AUTOR_DOCUMENTO, UNKNOWN, nullableUnknown), (CAMINHO_ARQUIVO_DOCUMENTO, UNKNOWN, nullableUnknown), (ID_PROJETO, UNKNOWN, nullableUnknown)], keys=[], _rowList.size()=2], TB_PERFIL=org.dbunit.dataset.DefaultTable[_metaData=tableName=TB_PERFIL, columns=[(ID_PERFIL, UNKNOWN, nullableUnknown), (NOME_PERFIL, UNKNOWN, nullableUnknown)], keys=[], _rowList.size()=2], TB_RECURSO=org.dbunit.dataset.DefaultTable[_metaData=tableName=TB_RECURSO, columns=[(ID_RECURSO, UNKNOWN, nullableUnknown), (NOME_RECURSO, UNKNOWN, nullableUnknown), (TIPO_RECURSO, UNKNOWN, nullableUnknown), (QUANTIDADE_RECURSO, UNKNOWN, nullableUnknown), (CUSTO_RECURSO, UNKNOWN, nullableUnknown), (ID_PROJETO, UNKNOWN, nullableUnknown)], keys=[], _rowList.size()=2], TB_PROJETO=org.dbunit.dataset.DefaultTable[_metaData=tableName=TB_PROJETO, columns=[(ID_PROJETO, UNKNOWN, nullableUnknown), (NOME_PROJETO, UNKNOWN, nullableUnknown), (DESCRICAO_PROJETO, UNKNOWN, nullableUnknown), (ID_CLIENTE, UNKNOWN, nullableUnknown), (ID_CALENDARIO, UNKNOWN, nullableUnknown), (ID_RELATORIO, UNKNOWN, nullableUnknown)], keys=[], _rowList.size()=2]}, _caseSensitiveTableNames=false]]) - start
13:20:17.239 [main] DEBUG org.dbunit.dataset.AbstractDataSet - iterator() - start
13:20:17.239 [main] DEBUG org.dbunit.dataset.CachedDataSet - createIterator(reversed=false) - start
13:20:17.239 [main] DEBUG org.dbunit.dataset.OrderedTableNameMap - orderedValues() - start
13:20:17.240 [main] DEBUG org.dbunit.dataset.OrderedTableNameMap - getTableName(tableName=TB_CLIENTE) - start
13:20:17.240 [main] DEBUG org.dbunit.dataset.OrderedTableNameMap - getTableName(tableName=TB_CLIENTE) - end - result=TB_CLIENTE
13:20:17.240 [main] DEBUG org.dbunit.dataset.OrderedTableNameMap - getTableName(tableName=TB_TELEFONE_CLIENTE) - start
13:20:17.240 [main] DEBUG org.dbunit.dataset.OrderedTableNameMap - getTableName(tableName=TB_TELEFONE_CLIENTE) - end - result=TB_TELEFONE_CLIENTE
13:20:17.240 [main] DEBUG org.dbunit.dataset.OrderedTableNameMap - getTableName(tableName=TB_RELATORIO) - start
13:20:17.240 [main] DEBUG org.dbunit.dataset.OrderedTableNameMap - getTableName(tableName=TB_RELATORIO) - end - result=TB_RELATORIO
13:20:17.240 [main] DEBUG org.dbunit.dataset.OrderedTableNameMap - getTableName(tableName=TB_CALENDARIO) - start
13:20:17.240 [main] DEBUG org.dbunit.dataset.OrderedTableNameMap - getTableName(tableName=TB_CALENDARIO) - end - result=TB_CALENDARIO
13:20:17.240 [main] DEBUG org.dbunit.dataset.OrderedTableNameMap - getTableName(tableName=TB_PROJETO) - start
13:20:17.240 [main] DEBUG org.dbunit.dataset.OrderedTableNameMap - getTableName(tableName=TB_PROJETO) - end - result=TB_PROJETO
13:20:17.240 [main] DEBUG org.dbunit.dataset.OrderedTableNameMap - getTableName(tableName=TB_DOCUMENTO) - start
13:20:17.240 [main] DEBUG org.dbunit.dataset.OrderedTableNameMap - getTableName(tableName=TB_DOCUMENTO) - end - result=TB_DOCUMENTO
13:20:17.240 [main] DEBUG org.dbunit.dataset.OrderedTableNameMap - getTableName(tableName=TB_RECURSO) - start
13:20:17.240 [main] DEBUG org.dbunit.dataset.OrderedTableNameMap - getTableName(tableName=TB_RECURSO) - end - result=TB_RECURSO
13:20:17.240 [main] DEBUG org.dbunit.dataset.OrderedTableNameMap - getTableName(tableName=TB_FERIADO) - start
13:20:17.240 [main] DEBUG org.dbunit.dataset.OrderedTableNameMap - getTableName(tableName=TB_FERIADO) - end - result=TB_FERIADO
13:20:17.240 [main] DEBUG org.dbunit.dataset.OrderedTableNameMap - getTableName(tableName=TB_FORNECEDOR) - start
13:20:17.240 [main] DEBUG org.dbunit.dataset.OrderedTableNameMap - getTableName(tableName=TB_FORNECEDOR) - end - result=TB_FORNECEDOR
13:20:17.240 [main] DEBUG org.dbunit.dataset.OrderedTableNameMap - getTableName(tableName=TB_PROJETO_FORNECEDOR) - start
13:20:17.240 [main] DEBUG org.dbunit.dataset.OrderedTableNameMap - getTableName(tableName=TB_PROJETO_FORNECEDOR) - end - result=TB_PROJETO_FORNECEDOR
13:20:17.240 [main] DEBUG org.dbunit.dataset.OrderedTableNameMap - getTableName(tableName=TB_USUARIO) - start
13:20:17.240 [main] DEBUG org.dbunit.dataset.OrderedTableNameMap - getTableName(tableName=TB_USUARIO) - end - result=TB_USUARIO
13:20:17.240 [main] DEBUG org.dbunit.dataset.OrderedTableNameMap - getTableName(tableName=TB_PERFIL) - start
13:20:17.240 [main] DEBUG org.dbunit.dataset.OrderedTableNameMap - getTableName(tableName=TB_PERFIL) - end - result=TB_PERFIL
13:20:17.240 [main] DEBUG org.dbunit.dataset.OrderedTableNameMap - getTableName(tableName=TB_USUARIO_PERFIL) - start
13:20:17.240 [main] DEBUG org.dbunit.dataset.OrderedTableNameMap - getTableName(tableName=TB_USUARIO_PERFIL) - end - result=TB_USUARIO_PERFIL
13:20:17.240 [main] DEBUG org.dbunit.dataset.OrderedTableNameMap - getTableName(tableName=TB_TAREFA) - start
13:20:17.240 [main] DEBUG org.dbunit.dataset.OrderedTableNameMap - getTableName(tableName=TB_TAREFA) - end - result=TB_TAREFA
13:20:17.240 [main] DEBUG org.dbunit.dataset.DefaultTableIterator - getTable() - start
13:20:17.240 [main] DEBUG org.dbunit.operation.AbstractBatchOperation - isEmpty(table=org.dbunit.dataset.DefaultTable[_metaData=tableName=TB_CLIENTE, columns=[(ID_CLIENTE, UNKNOWN, nullableUnknown), (NOME_CLIENTE, UNKNOWN, nullableUnknown), (EMAIL_CLIENTE, UNKNOWN, nullableUnknown), (CNPJ_CLIENTE, UNKNOWN, nullableUnknown)], keys=[], _rowList.size()=2]) - start
13:20:17.240 [main] DEBUG org.dbunit.dataset.DefaultTable - getValue(row=0, column=ID_CLIENTE) - start
13:20:17.240 [main] DEBUG org.dbunit.dataset.AbstractTable - assertValidRowIndex(row=0) - start
13:20:17.240 [main] DEBUG org.dbunit.dataset.AbstractTable - assertValidRowIndex(row=0, rowCount=2) - start
13:20:17.240 [main] DEBUG org.dbunit.dataset.AbstractTable - getColumnIndex(columnName=ID_CLIENTE) - start
13:20:17.240 [main] DEBUG org.dbunit.dataset.AbstractTableMetaData - getColumnIndex(columnName=ID_CLIENTE) - start
13:20:17.240 [main] DEBUG org.dbunit.operation.AbstractOperation - getOperationMetaData(connection=org.dbunit.database.DatabaseConnection[schema=null, connection=org.apache.derby.client.net.NetConnection@7d7cac8, super=_databaseConfig=org.dbunit.database.DatabaseConfig[, _propertyMap={http://www.dbunit.org/features/qualifiedTableNames=false, http://www.dbunit.org/properties/tableType=[Ljava.lang.String;@2d2acd89, http://www.dbunit.org/properties/batchSize=100, http://www.dbunit.org/properties/statementFactory=org.dbunit.database.statement.PreparedStatementFactory@7baf6acf, http://www.dbunit.org/features/batchedStatements=false, http://www.dbunit.org/features/caseSensitiveTableNames=false, http://www.dbunit.org/features/allowEmptyFields=false, http://www.dbunit.org/properties/datatypeFactory=org.dbunit.dataset.datatype.DefaultDataTypeFactory[_toleratedDeltaMap=org.dbunit.dataset.datatype.ToleratedDeltaMap@1e6dad8], http://www.dbunit.org/properties/metadataHandler=org.dbunit.database.DefaultMetadataHandler@6fc6deb7, http://www.dbunit.org/properties/fetchSize=100, http://www.dbunit.org/properties/resultSetTableFactory=org.dbunit.database.CachedResultSetTableFactory@8ed9cf, http://www.dbunit.org/features/datatypeWarning=true, http://www.dbunit.org/properties/escapePattern=null, http://www.dbunit.org/properties/allowVerifytabledefinitionExpectedtableCountMismatch=false}], _dataSet=AbstractDataSet[_orderedTableNameMap=null]], metaData=tableName=TB_CLIENTE, columns=[(ID_CLIENTE, UNKNOWN, nullableUnknown), (NOME_CLIENTE, UNKNOWN, nullableUnknown), (EMAIL_CLIENTE, UNKNOWN, nullableUnknown), (CNPJ_CLIENTE, UNKNOWN, nullableUnknown)], keys=[]) - start
13:20:17.240 [main] DEBUG org.dbunit.database.AbstractDatabaseConnection - createDataSet() - start
13:20:17.240 [main] DEBUG org.dbunit.database.DatabaseDataSet - getTableMetaData(tableName=TB_CLIENTE) - start
13:20:17.240 [main] DEBUG org.dbunit.database.DatabaseDataSet - initialize() - start
13:20:17.240 [main] DEBUG org.dbunit.dataset.OrderedTableNameMap - getTableName(tableName=TB_CLIENTE) - start
13:20:17.240 [main] DEBUG org.dbunit.dataset.OrderedTableNameMap - getTableName(tableName=TB_CLIENTE) - end - result=TB_CLIENTE
13:20:17.240 [main] DEBUG org.dbunit.dataset.OrderedTableNameMap - getTableName(tableName=TB_CLIENTE) - start
13:20:17.240 [main] DEBUG org.dbunit.dataset.OrderedTableNameMap - getTableName(tableName=TB_CLIENTE) - end - result=TB_CLIENTE
13:20:17.240 [main] DEBUG org.dbunit.dataset.AbstractTableMetaData - getColumnIndex(columnName=ID_CLIENTE) - start
13:20:17.240 [main] DEBUG org.dbunit.database.DatabaseTableMetaData - getColumns() - start
13:20:17.240 [main] DEBUG org.dbunit.database.DatabaseTableMetaData - getColumns() - start
13:20:17.240 [main] DEBUG org.dbunit.dataset.AbstractTableMetaData - getColumnIndex(columnName=NOME_CLIENTE) - start
13:20:17.240 [main] DEBUG org.dbunit.database.DatabaseTableMetaData - getColumns() - start
13:20:17.240 [main] DEBUG org.dbunit.dataset.AbstractTableMetaData - getColumnIndex(columnName=EMAIL_CLIENTE) - start
13:20:17.240 [main] DEBUG org.dbunit.database.DatabaseTableMetaData - getColumns() - start
13:20:17.240 [main] DEBUG org.dbunit.dataset.AbstractTableMetaData - getColumnIndex(columnName=CNPJ_CLIENTE) - start
13:20:17.240 [main] DEBUG org.dbunit.database.DatabaseTableMetaData - getColumns() - start
13:20:17.240 [main] DEBUG org.dbunit.database.DatabaseTableMetaData - getPrimaryKeys() - start
13:20:17.240 [main] DEBUG org.dbunit.operation.InsertOperation - getIgnoreMapping(table=org.dbunit.dataset.DefaultTable[_metaData=tableName=TB_CLIENTE, columns=[(ID_CLIENTE, UNKNOWN, nullableUnknown), (NOME_CLIENTE, UNKNOWN, nullableUnknown), (EMAIL_CLIENTE, UNKNOWN, nullableUnknown), (CNPJ_CLIENTE, UNKNOWN, nullableUnknown)], keys=[], _rowList.size()=2], row=0) - start
13:20:17.240 [main] DEBUG org.dbunit.dataset.DefaultTable - getValue(row=0, column=ID_CLIENTE) - start
13:20:17.240 [main] DEBUG org.dbunit.dataset.AbstractTable - assertValidRowIndex(row=0) - start
13:20:17.240 [main] DEBUG org.dbunit.dataset.AbstractTable - assertValidRowIndex(row=0, rowCount=2) - start
13:20:17.240 [main] DEBUG org.dbunit.dataset.AbstractTable - getColumnIndex(columnName=ID_CLIENTE) - start
13:20:17.240 [main] DEBUG org.dbunit.dataset.AbstractTableMetaData - getColumnIndex(columnName=ID_CLIENTE) - start
13:20:17.240 [main] DEBUG org.dbunit.dataset.DefaultTable - getValue(row=0, column=NOME_CLIENTE) - start
13:20:17.240 [main] DEBUG org.dbunit.dataset.AbstractTable - assertValidRowIndex(row=0) - start
13:20:17.240 [main] DEBUG org.dbunit.dataset.AbstractTable - assertValidRowIndex(row=0, rowCount=2) - start
13:20:17.240 [main] DEBUG org.dbunit.dataset.AbstractTable - getColumnIndex(columnName=NOME_CLIENTE) - start
13:20:17.240 [main] DEBUG org.dbunit.dataset.AbstractTableMetaData - getColumnIndex(columnName=NOME_CLIENTE) - start
13:20:17.240 [main] DEBUG org.dbunit.dataset.DefaultTable - getValue(row=0, column=EMAIL_CLIENTE) - start
13:20:17.240 [main] DEBUG org.dbunit.dataset.AbstractTable - assertValidRowIndex(row=0) - start
13:20:17.240 [main] DEBUG org.dbunit.dataset.AbstractTable - assertValidRowIndex(row=0, rowCount=2) - start
13:20:17.240 [main] DEBUG org.dbunit.dataset.AbstractTable - getColumnIndex(columnName=EMAIL_CLIENTE) - start
13:20:17.240 [main] DEBUG org.dbunit.dataset.AbstractTableMetaData - getColumnIndex(columnName=EMAIL_CLIENTE) - start
13:20:17.240 [main] DEBUG org.dbunit.dataset.DefaultTable - getValue(row=0, column=CNPJ_CLIENTE) - start
13:20:17.240 [main] DEBUG org.dbunit.dataset.AbstractTable - assertValidRowIndex(row=0) - start
13:20:17.240 [main] DEBUG org.dbunit.dataset.AbstractTable - assertValidRowIndex(row=0, rowCount=2) - start
13:20:17.240 [main] DEBUG org.dbunit.dataset.AbstractTable - getColumnIndex(columnName=CNPJ_CLIENTE) - start
13:20:17.240 [main] DEBUG org.dbunit.dataset.AbstractTableMetaData - getColumnIndex(columnName=CNPJ_CLIENTE) - start
13:20:17.240 [main] DEBUG org.dbunit.operation.InsertOperation - getOperationData(metaData=tableName=TB_CLIENTE, columns=[(ID_CLIENTE, BIGINT, noNulls), (NOME_CLIENTE, VARCHAR, noNulls), (EMAIL_CLIENTE, VARCHAR, noNulls), (CNPJ_CLIENTE, VARCHAR, noNulls)], keys=[(ID_CLIENTE, BIGINT, noNulls)], ignoreMapping={}, connection=org.dbunit.database.DatabaseConnection[schema=null, connection=org.apache.derby.client.net.NetConnection@7d7cac8, super=_databaseConfig=org.dbunit.database.DatabaseConfig[, _propertyMap={http://www.dbunit.org/features/qualifiedTableNames=false, http://www.dbunit.org/properties/tableType=[Ljava.lang.String;@2d2acd89, http://www.dbunit.org/properties/batchSize=100, http://www.dbunit.org/properties/statementFactory=org.dbunit.database.statement.PreparedStatementFactory@7baf6acf, http://www.dbunit.org/features/batchedStatements=false, http://www.dbunit.org/features/caseSensitiveTableNames=false, http://www.dbunit.org/features/allowEmptyFields=false, http://www.dbunit.org/properties/datatypeFactory=org.dbunit.dataset.datatype.DefaultDataTypeFactory[_toleratedDeltaMap=org.dbunit.dataset.datatype.ToleratedDeltaMap@1e6dad8], http://www.dbunit.org/properties/metadataHandler=org.dbunit.database.DefaultMetadataHandler@6fc6deb7, http://www.dbunit.org/properties/fetchSize=100, http://www.dbunit.org/properties/resultSetTableFactory=org.dbunit.database.CachedResultSetTableFactory@8ed9cf, http://www.dbunit.org/features/datatypeWarning=true, http://www.dbunit.org/properties/escapePattern=null, http://www.dbunit.org/properties/allowVerifytabledefinitionExpectedtableCountMismatch=false}], _dataSet=AbstractDataSet[_orderedTableNameMap=null]]) - start
13:20:17.240 [main] DEBUG org.dbunit.operation.AbstractOperation - getQualifiedName(prefix=null, name=TB_CLIENTE, connection=org.dbunit.database.DatabaseConnection[schema=null, connection=org.apache.derby.client.net.NetConnection@7d7cac8, super=_databaseConfig=org.dbunit.database.DatabaseConfig[, _propertyMap={http://www.dbunit.org/features/qualifiedTableNames=false, http://www.dbunit.org/properties/tableType=[Ljava.lang.String;@2d2acd89, http://www.dbunit.org/properties/batchSize=100, http://www.dbunit.org/properties/statementFactory=org.dbunit.database.statement.PreparedStatementFactory@7baf6acf, http://www.dbunit.org/features/batchedStatements=false, http://www.dbunit.org/features/caseSensitiveTableNames=false, http://www.dbunit.org/features/allowEmptyFields=false, http://www.dbunit.org/properties/datatypeFactory=org.dbunit.dataset.datatype.DefaultDataTypeFactory[_toleratedDeltaMap=org.dbunit.dataset.datatype.ToleratedDeltaMap@1e6dad8], http://www.dbunit.org/properties/metadataHandler=org.dbunit.database.DefaultMetadataHandler@6fc6deb7, http://www.dbunit.org/properties/fetchSize=100, http://www.dbunit.org/properties/resultSetTableFactory=org.dbunit.database.CachedResultSetTableFactory@8ed9cf, http://www.dbunit.org/features/datatypeWarning=true, http://www.dbunit.org/properties/escapePattern=null, http://www.dbunit.org/properties/allowVerifytabledefinitionExpectedtableCountMismatch=false}], _dataSet=AbstractDataSet[_orderedTableNameMap=null]]) - start
13:20:17.240 [main] DEBUG org.dbunit.util.QualifiedTableName - getQualifiedName() - start
13:20:17.240 [main] DEBUG org.dbunit.util.QualifiedTableName - getQualifiedName(prefix=null, name=TB_CLIENTE, escapePattern=null) - start
13:20:17.240 [main] DEBUG org.dbunit.operation.AbstractOperation - getQualifiedName(prefix=null, name=ID_CLIENTE, connection=org.dbunit.database.DatabaseConnection[schema=null, connection=org.apache.derby.client.net.NetConnection@7d7cac8, super=_databaseConfig=org.dbunit.database.DatabaseConfig[, _propertyMap={http://www.dbunit.org/features/qualifiedTableNames=false, http://www.dbunit.org/properties/tableType=[Ljava.lang.String;@2d2acd89, http://www.dbunit.org/properties/batchSize=100, http://www.dbunit.org/properties/statementFactory=org.dbunit.database.statement.PreparedStatementFactory@7baf6acf, http://www.dbunit.org/features/batchedStatements=false, http://www.dbunit.org/features/caseSensitiveTableNames=false, http://www.dbunit.org/features/allowEmptyFields=false, http://www.dbunit.org/properties/datatypeFactory=org.dbunit.dataset.datatype.DefaultDataTypeFactory[_toleratedDeltaMap=org.dbunit.dataset.datatype.ToleratedDeltaMap@1e6dad8], http://www.dbunit.org/properties/metadataHandler=org.dbunit.database.DefaultMetadataHandler@6fc6deb7, http://www.dbunit.org/properties/fetchSize=100, http://www.dbunit.org/properties/resultSetTableFactory=org.dbunit.database.CachedResultSetTableFactory@8ed9cf, http://www.dbunit.org/features/datatypeWarning=true, http://www.dbunit.org/properties/escapePattern=null, http://www.dbunit.org/properties/allowVerifytabledefinitionExpectedtableCountMismatch=false}], _dataSet=AbstractDataSet[_orderedTableNameMap=null]]) - start
13:20:17.251 [main] DEBUG org.dbunit.util.QualifiedTableName - getQualifiedName() - start
13:20:17.251 [main] DEBUG org.dbunit.util.QualifiedTableName - getQualifiedName(prefix=null, name=ID_CLIENTE, escapePattern=null) - start
13:20:17.251 [main] DEBUG org.dbunit.operation.AbstractOperation - getQualifiedName(prefix=null, name=NOME_CLIENTE, connection=org.dbunit.database.DatabaseConnection[schema=null, connection=org.apache.derby.client.net.NetConnection@7d7cac8, super=_databaseConfig=org.dbunit.database.DatabaseConfig[, _propertyMap={http://www.dbunit.org/features/qualifiedTableNames=false, http://www.dbunit.org/properties/tableType=[Ljava.lang.String;@2d2acd89, http://www.dbunit.org/properties/batchSize=100, http://www.dbunit.org/properties/statementFactory=org.dbunit.database.statement.PreparedStatementFactory@7baf6acf, http://www.dbunit.org/features/batchedStatements=false, http://www.dbunit.org/features/caseSensitiveTableNames=false, http://www.dbunit.org/features/allowEmptyFields=false, http://www.dbunit.org/properties/datatypeFactory=org.dbunit.dataset.datatype.DefaultDataTypeFactory[_toleratedDeltaMap=org.dbunit.dataset.datatype.ToleratedDeltaMap@1e6dad8], http://www.dbunit.org/properties/metadataHandler=org.dbunit.database.DefaultMetadataHandler@6fc6deb7, http://www.dbunit.org/properties/fetchSize=100, http://www.dbunit.org/properties/resultSetTableFactory=org.dbunit.database.CachedResultSetTableFactory@8ed9cf, http://www.dbunit.org/features/datatypeWarning=true, http://www.dbunit.org/properties/escapePattern=null, http://www.dbunit.org/properties/allowVerifytabledefinitionExpectedtableCountMismatch=false}], _dataSet=AbstractDataSet[_orderedTableNameMap=null]]) - start
13:20:17.251 [main] DEBUG org.dbunit.util.QualifiedTableName - getQualifiedName() - start
13:20:17.251 [main] DEBUG org.dbunit.util.QualifiedTableName - getQualifiedName(prefix=null, name=NOME_CLIENTE, escapePattern=null) - start
13:20:17.251 [main] DEBUG org.dbunit.operation.AbstractOperation - getQualifiedName(prefix=null, name=EMAIL_CLIENTE, connection=org.dbunit.database.DatabaseConnection[schema=null, connection=org.apache.derby.client.net.NetConnection@7d7cac8, super=_databaseConfig=org.dbunit.database.DatabaseConfig[, _propertyMap={http://www.dbunit.org/features/qualifiedTableNames=false, http://www.dbunit.org/properties/tableType=[Ljava.lang.String;@2d2acd89, http://www.dbunit.org/properties/batchSize=100, http://www.dbunit.org/properties/statementFactory=org.dbunit.database.statement.PreparedStatementFactory@7baf6acf, http://www.dbunit.org/features/batchedStatements=false, http://www.dbunit.org/features/caseSensitiveTableNames=false, http://www.dbunit.org/features/allowEmptyFields=false, http://www.dbunit.org/properties/datatypeFactory=org.dbunit.dataset.datatype.DefaultDataTypeFactory[_toleratedDeltaMap=org.dbunit.dataset.datatype.ToleratedDeltaMap@1e6dad8], http://www.dbunit.org/properties/metadataHandler=org.dbunit.database.DefaultMetadataHandler@6fc6deb7, http://www.dbunit.org/properties/fetchSize=100, http://www.dbunit.org/properties/resultSetTableFactory=org.dbunit.database.CachedResultSetTableFactory@8ed9cf, http://www.dbunit.org/features/datatypeWarning=true, http://www.dbunit.org/properties/escapePattern=null, http://www.dbunit.org/properties/allowVerifytabledefinitionExpectedtableCountMismatch=false}], _dataSet=AbstractDataSet[_orderedTableNameMap=null]]) - start
13:20:17.251 [main] DEBUG org.dbunit.util.QualifiedTableName - getQualifiedName() - start
13:20:17.251 [main] DEBUG org.dbunit.util.QualifiedTableName - getQualifiedName(prefix=null, name=EMAIL_CLIENTE, escapePattern=null) - start
13:20:17.251 [main] DEBUG org.dbunit.operation.AbstractOperation - getQualifiedName(prefix=null, name=CNPJ_CLIENTE, connection=org.dbunit.database.DatabaseConnection[schema=null, connection=org.apache.derby.client.net.NetConnection@7d7cac8, super=_databaseConfig=org.dbunit.database.DatabaseConfig[, _propertyMap={http://www.dbunit.org/features/qualifiedTableNames=false, http://www.dbunit.org/properties/tableType=[Ljava.lang.String;@2d2acd89, http://www.dbunit.org/properties/batchSize=100, http://www.dbunit.org/properties/statementFactory=org.dbunit.database.statement.PreparedStatementFactory@7baf6acf, http://www.dbunit.org/features/batchedStatements=false, http://www.dbunit.org/features/caseSensitiveTableNames=false, http://www.dbunit.org/features/allowEmptyFields=false, http://www.dbunit.org/properties/datatypeFactory=org.dbunit.dataset.datatype.DefaultDataTypeFactory[_toleratedDeltaMap=org.dbunit.dataset.datatype.ToleratedDeltaMap@1e6dad8], http://www.dbunit.org/properties/metadataHandler=org.dbunit.database.DefaultMetadataHandler@6fc6deb7, http://www.dbunit.org/properties/fetchSize=100, http://www.dbunit.org/properties/resultSetTableFactory=org.dbunit.database.CachedResultSetTableFactory@8ed9cf, http://www.dbunit.org/features/datatypeWarning=true, http://www.dbunit.org/properties/escapePattern=null, http://www.dbunit.org/properties/allowVerifytabledefinitionExpectedtableCountMismatch=false}], _dataSet=AbstractDataSet[_orderedTableNameMap=null]]) - start
13:20:17.251 [main] DEBUG org.dbunit.util.QualifiedTableName - getQualifiedName() - start
13:20:17.251 [main] DEBUG org.dbunit.util.QualifiedTableName - getQualifiedName(prefix=null, name=CNPJ_CLIENTE, escapePattern=null) - start
13:20:17.251 [main] DEBUG org.dbunit.database.statement.PreparedStatementFactory - createPreparedBatchStatement(sql=insert into TB_CLIENTE (ID_CLIENTE, NOME_CLIENTE, EMAIL_CLIENTE, CNPJ_CLIENTE) values (?, ?, ?, ?), connection=org.dbunit.database.DatabaseConnection[schema=null, connection=org.apache.derby.client.net.NetConnection@7d7cac8, super=_databaseConfig=org.dbunit.database.DatabaseConfig[, _propertyMap={http://www.dbunit.org/features/qualifiedTableNames=false, http://www.dbunit.org/properties/tableType=[Ljava.lang.String;@2d2acd89, http://www.dbunit.org/properties/batchSize=100, http://www.dbunit.org/properties/statementFactory=org.dbunit.database.statement.PreparedStatementFactory@7baf6acf, http://www.dbunit.org/features/batchedStatements=false, http://www.dbunit.org/features/caseSensitiveTableNames=false, http://www.dbunit.org/features/allowEmptyFields=false, http://www.dbunit.org/properties/datatypeFactory=org.dbunit.dataset.datatype.DefaultDataTypeFactory[_toleratedDeltaMap=org.dbunit.dataset.datatype.ToleratedDeltaMap@1e6dad8], http://www.dbunit.org/properties/metadataHandler=org.dbunit.database.DefaultMetadataHandler@6fc6deb7, http://www.dbunit.org/properties/fetchSize=100, http://www.dbunit.org/properties/resultSetTableFactory=org.dbunit.database.CachedResultSetTableFactory@8ed9cf, http://www.dbunit.org/features/datatypeWarning=true, http://www.dbunit.org/properties/escapePattern=null, http://www.dbunit.org/properties/allowVerifytabledefinitionExpectedtableCountMismatch=false}], _dataSet=AbstractDataSet[_orderedTableNameMap=null]]) - start
13:20:17.251 [main] DEBUG org.dbunit.database.statement.AbstractStatementFactory - supportBatchStatement(connection=org.dbunit.database.DatabaseConnection[schema=null, connection=org.apache.derby.client.net.NetConnection@7d7cac8, super=_databaseConfig=org.dbunit.database.DatabaseConfig[, _propertyMap={http://www.dbunit.org/features/qualifiedTableNames=false, http://www.dbunit.org/properties/tableType=[Ljava.lang.String;@2d2acd89, http://www.dbunit.org/properties/batchSize=100, http://www.dbunit.org/properties/statementFactory=org.dbunit.database.statement.PreparedStatementFactory@7baf6acf, http://www.dbunit.org/features/batchedStatements=false, http://www.dbunit.org/features/caseSensitiveTableNames=false, http://www.dbunit.org/features/allowEmptyFields=false, http://www.dbunit.org/properties/datatypeFactory=org.dbunit.dataset.datatype.DefaultDataTypeFactory[_toleratedDeltaMap=org.dbunit.dataset.datatype.ToleratedDeltaMap@1e6dad8], http://www.dbunit.org/properties/metadataHandler=org.dbunit.database.DefaultMetadataHandler@6fc6deb7, http://www.dbunit.org/properties/fetchSize=100, http://www.dbunit.org/properties/resultSetTableFactory=org.dbunit.database.CachedResultSetTableFactory@8ed9cf, http://www.dbunit.org/features/datatypeWarning=true, http://www.dbunit.org/properties/escapePattern=null, http://www.dbunit.org/properties/allowVerifytabledefinitionExpectedtableCountMismatch=false}], _dataSet=AbstractDataSet[_orderedTableNameMap=null]]) - start
13:20:17.255 [main] DEBUG org.dbunit.dataset.DefaultTable - getValue(row=0, column=ID_CLIENTE) - start
13:20:17.255 [main] DEBUG org.dbunit.dataset.AbstractTable - assertValidRowIndex(row=0) - start
13:20:17.255 [main] DEBUG org.dbunit.dataset.AbstractTable - assertValidRowIndex(row=0, rowCount=2) - start
13:20:17.255 [main] DEBUG org.dbunit.dataset.AbstractTable - getColumnIndex(columnName=ID_CLIENTE) - start
13:20:17.255 [main] DEBUG org.dbunit.dataset.AbstractTableMetaData - getColumnIndex(columnName=ID_CLIENTE) - start
13:20:17.255 [main] DEBUG org.dbunit.database.statement.AutomaticPreparedBatchStatement - addValue(value=12, dataType=BIGINT) - start
13:20:17.255 [main] DEBUG org.dbunit.database.statement.SimplePreparedStatement - addValue(value=12, dataType=BIGINT) - start
13:20:17.255 [main] DEBUG org.dbunit.dataset.datatype.BigIntegerDataType - setSqlValue(value=12, column=1, statement=org.apache.derby.client.am.ClientPreparedStatement42@48f4713c) - start
13:20:17.255 [main] DEBUG org.dbunit.dataset.datatype.BigIntegerDataType - typeCast(value=12) - start
13:20:17.255 [main] DEBUG org.dbunit.dataset.DefaultTable - getValue(row=0, column=NOME_CLIENTE) - start
13:20:17.255 [main] DEBUG org.dbunit.dataset.AbstractTable - assertValidRowIndex(row=0) - start
13:20:17.255 [main] DEBUG org.dbunit.dataset.AbstractTable - assertValidRowIndex(row=0, rowCount=2) - start
13:20:17.255 [main] DEBUG org.dbunit.dataset.AbstractTable - getColumnIndex(columnName=NOME_CLIENTE) - start
13:20:17.255 [main] DEBUG org.dbunit.dataset.AbstractTableMetaData - getColumnIndex(columnName=NOME_CLIENTE) - start
13:20:17.255 [main] DEBUG org.dbunit.database.statement.AutomaticPreparedBatchStatement - addValue(value=Microsoft, dataType=VARCHAR) - start
13:20:17.255 [main] DEBUG org.dbunit.database.statement.SimplePreparedStatement - addValue(value=Microsoft, dataType=VARCHAR) - start
13:20:17.255 [main] DEBUG org.dbunit.dataset.datatype.StringDataType - setSqlValue(value=Microsoft, column=2, statement=org.apache.derby.client.am.ClientPreparedStatement42@48f4713c) - start
13:20:17.255 [main] DEBUG org.dbunit.dataset.datatype.DataType - asString(value=Microsoft) - start
13:20:17.255 [main] DEBUG org.dbunit.dataset.datatype.StringDataType - typeCast(value=Microsoft) - start
13:20:17.255 [main] DEBUG org.dbunit.dataset.DefaultTable - getValue(row=0, column=EMAIL_CLIENTE) - start
13:20:17.255 [main] DEBUG org.dbunit.dataset.AbstractTable - assertValidRowIndex(row=0) - start
13:20:17.255 [main] DEBUG org.dbunit.dataset.AbstractTable - assertValidRowIndex(row=0, rowCount=2) - start
13:20:17.255 [main] DEBUG org.dbunit.dataset.AbstractTable - getColumnIndex(columnName=EMAIL_CLIENTE) - start
13:20:17.255 [main] DEBUG org.dbunit.dataset.AbstractTableMetaData - getColumnIndex(columnName=EMAIL_CLIENTE) - start
13:20:17.255 [main] DEBUG org.dbunit.database.statement.AutomaticPreparedBatchStatement - addValue(value=contact@microsoft.com, dataType=VARCHAR) - start
13:20:17.255 [main] DEBUG org.dbunit.database.statement.SimplePreparedStatement - addValue(value=contact@microsoft.com, dataType=VARCHAR) - start
13:20:17.255 [main] DEBUG org.dbunit.dataset.datatype.StringDataType - setSqlValue(value=contact@microsoft.com, column=3, statement=org.apache.derby.client.am.ClientPreparedStatement42@48f4713c) - start
13:20:17.255 [main] DEBUG org.dbunit.dataset.datatype.DataType - asString(value=contact@microsoft.com) - start
13:20:17.255 [main] DEBUG org.dbunit.dataset.datatype.StringDataType - typeCast(value=contact@microsoft.com) - start
13:20:17.255 [main] DEBUG org.dbunit.dataset.DefaultTable - getValue(row=0, column=CNPJ_CLIENTE) - start
13:20:17.255 [main] DEBUG org.dbunit.dataset.AbstractTable - assertValidRowIndex(row=0) - start
13:20:17.255 [main] DEBUG org.dbunit.dataset.AbstractTable - assertValidRowIndex(row=0, rowCount=2) - start
13:20:17.255 [main] DEBUG org.dbunit.dataset.AbstractTable - getColumnIndex(columnName=CNPJ_CLIENTE) - start
13:20:17.255 [main] DEBUG org.dbunit.dataset.AbstractTableMetaData - getColumnIndex(columnName=CNPJ_CLIENTE) - start
13:20:17.255 [main] DEBUG org.dbunit.database.statement.AutomaticPreparedBatchStatement - addValue(value=12.345.678/0001-99, dataType=VARCHAR) - start
13:20:17.255 [main] DEBUG org.dbunit.database.statement.SimplePreparedStatement - addValue(value=12.345.678/0001-99, dataType=VARCHAR) - start
13:20:17.255 [main] DEBUG org.dbunit.dataset.datatype.StringDataType - setSqlValue(value=12.345.678/0001-99, column=4, statement=org.apache.derby.client.am.ClientPreparedStatement42@48f4713c) - start
13:20:17.255 [main] DEBUG org.dbunit.dataset.datatype.DataType - asString(value=12.345.678/0001-99) - start
13:20:17.255 [main] DEBUG org.dbunit.dataset.datatype.StringDataType - typeCast(value=12.345.678/0001-99) - start
13:20:17.255 [main] DEBUG org.dbunit.database.statement.AutomaticPreparedBatchStatement - addBatch() - start
13:20:17.255 [main] DEBUG org.dbunit.database.statement.SimplePreparedStatement - addBatch() - start
13:20:17.256 [main] DEBUG org.dbunit.operation.InsertOperation - equalsIgnoreMapping(ignoreMapping={}, table=org.dbunit.dataset.DefaultTable[_metaData=tableName=TB_CLIENTE, columns=[(ID_CLIENTE, UNKNOWN, nullableUnknown), (NOME_CLIENTE, UNKNOWN, nullableUnknown), (EMAIL_CLIENTE, UNKNOWN, nullableUnknown), (CNPJ_CLIENTE, UNKNOWN, nullableUnknown)], keys=[], _rowList.size()=2], row=1) - start
13:20:17.256 [main] DEBUG org.dbunit.dataset.DefaultTable - getValue(row=1, column=ID_CLIENTE) - start
13:20:17.256 [main] DEBUG org.dbunit.dataset.AbstractTable - assertValidRowIndex(row=1) - start
13:20:17.256 [main] DEBUG org.dbunit.dataset.AbstractTable - assertValidRowIndex(row=1, rowCount=2) - start
13:20:17.256 [main] DEBUG org.dbunit.dataset.AbstractTable - getColumnIndex(columnName=ID_CLIENTE) - start
13:20:17.256 [main] DEBUG org.dbunit.dataset.AbstractTableMetaData - getColumnIndex(columnName=ID_CLIENTE) - start
13:20:17.256 [main] DEBUG org.dbunit.dataset.DefaultTable - getValue(row=1, column=NOME_CLIENTE) - start
13:20:17.256 [main] DEBUG org.dbunit.dataset.AbstractTable - assertValidRowIndex(row=1) - start
13:20:17.256 [main] DEBUG org.dbunit.dataset.AbstractTable - assertValidRowIndex(row=1, rowCount=2) - start
13:20:17.256 [main] DEBUG org.dbunit.dataset.AbstractTable - getColumnIndex(columnName=NOME_CLIENTE) - start
13:20:17.256 [main] DEBUG org.dbunit.dataset.AbstractTableMetaData - getColumnIndex(columnName=NOME_CLIENTE) - start
13:20:17.256 [main] DEBUG org.dbunit.dataset.DefaultTable - getValue(row=1, column=EMAIL_CLIENTE) - start
13:20:17.256 [main] DEBUG org.dbunit.dataset.AbstractTable - assertValidRowIndex(row=1) - start
13:20:17.256 [main] DEBUG org.dbunit.dataset.AbstractTable - assertValidRowIndex(row=1, rowCount=2) - start
13:20:17.256 [main] DEBUG org.dbunit.dataset.AbstractTable - getColumnIndex(columnName=EMAIL_CLIENTE) - start
13:20:17.256 [main] DEBUG org.dbunit.dataset.AbstractTableMetaData - getColumnIndex(columnName=EMAIL_CLIENTE) - start
13:20:17.256 [main] DEBUG org.dbunit.dataset.DefaultTable - getValue(row=1, column=CNPJ_CLIENTE) - start
13:20:17.256 [main] DEBUG org.dbunit.dataset.AbstractTable - assertValidRowIndex(row=1) - start
13:20:17.256 [main] DEBUG org.dbunit.dataset.AbstractTable - assertValidRowIndex(row=1, rowCount=2) - start
13:20:17.256 [main] DEBUG org.dbunit.dataset.AbstractTable - getColumnIndex(columnName=CNPJ_CLIENTE) - start
13:20:17.256 [main] DEBUG org.dbunit.dataset.AbstractTableMetaData - getColumnIndex(columnName=CNPJ_CLIENTE) - start
13:20:17.256 [main] DEBUG org.dbunit.dataset.DefaultTable - getValue(row=1, column=ID_CLIENTE) - start
13:20:17.256 [main] DEBUG org.dbunit.dataset.AbstractTable - assertValidRowIndex(row=1) - start
13:20:17.256 [main] DEBUG org.dbunit.dataset.AbstractTable - assertValidRowIndex(row=1, rowCount=2) - start
13:20:17.256 [main] DEBUG org.dbunit.dataset.AbstractTable - getColumnIndex(columnName=ID_CLIENTE) - start
13:20:17.256 [main] DEBUG org.dbunit.dataset.AbstractTableMetaData - getColumnIndex(columnName=ID_CLIENTE) - start
13:20:17.256 [main] DEBUG org.dbunit.database.statement.AutomaticPreparedBatchStatement - addValue(value=20, dataType=BIGINT) - start
13:20:17.256 [main] DEBUG org.dbunit.database.statement.SimplePreparedStatement - addValue(value=20, dataType=BIGINT) - start
13:20:17.256 [main] DEBUG org.dbunit.dataset.datatype.BigIntegerDataType - setSqlValue(value=20, column=1, statement=org.apache.derby.client.am.ClientPreparedStatement42@48f4713c) - start
13:20:17.256 [main] DEBUG org.dbunit.dataset.datatype.BigIntegerDataType - typeCast(value=20) - start
13:20:17.256 [main] DEBUG org.dbunit.dataset.DefaultTable - getValue(row=1, column=NOME_CLIENTE) - start
13:20:17.256 [main] DEBUG org.dbunit.dataset.AbstractTable - assertValidRowIndex(row=1) - start
13:20:17.256 [main] DEBUG org.dbunit.dataset.AbstractTable - assertValidRowIndex(row=1, rowCount=2) - start
13:20:17.256 [main] DEBUG org.dbunit.dataset.AbstractTable - getColumnIndex(columnName=NOME_CLIENTE) - start
13:20:17.256 [main] DEBUG org.dbunit.dataset.AbstractTableMetaData - getColumnIndex(columnName=NOME_CLIENTE) - start
13:20:17.256 [main] DEBUG org.dbunit.database.statement.AutomaticPreparedBatchStatement - addValue(value=Apple, dataType=VARCHAR) - start
13:20:17.256 [main] DEBUG org.dbunit.database.statement.SimplePreparedStatement - addValue(value=Apple, dataType=VARCHAR) - start
13:20:17.256 [main] DEBUG org.dbunit.dataset.datatype.StringDataType - setSqlValue(value=Apple, column=2, statement=org.apache.derby.client.am.ClientPreparedStatement42@48f4713c) - start
13:20:17.256 [main] DEBUG org.dbunit.dataset.datatype.DataType - asString(value=Apple) - start
13:20:17.256 [main] DEBUG org.dbunit.dataset.datatype.StringDataType - typeCast(value=Apple) - start
13:20:17.256 [main] DEBUG org.dbunit.dataset.DefaultTable - getValue(row=1, column=EMAIL_CLIENTE) - start
13:20:17.256 [main] DEBUG org.dbunit.dataset.AbstractTable - assertValidRowIndex(row=1) - start
13:20:17.256 [main] DEBUG org.dbunit.dataset.AbstractTable - assertValidRowIndex(row=1, rowCount=2) - start
13:20:17.256 [main] DEBUG org.dbunit.dataset.AbstractTable - getColumnIndex(columnName=EMAIL_CLIENTE) - start
13:20:17.256 [main] DEBUG org.dbunit.dataset.AbstractTableMetaData - getColumnIndex(columnName=EMAIL_CLIENTE) - start
13:20:17.256 [main] DEBUG org.dbunit.database.statement.AutomaticPreparedBatchStatement - addValue(value=contact@apple.com, dataType=VARCHAR) - start
13:20:17.256 [main] DEBUG org.dbunit.database.statement.SimplePreparedStatement - addValue(value=contact@apple.com, dataType=VARCHAR) - start
13:20:17.256 [main] DEBUG org.dbunit.dataset.datatype.StringDataType - setSqlValue(value=contact@apple.com, column=3, statement=org.apache.derby.client.am.ClientPreparedStatement42@48f4713c) - start
13:20:17.256 [main] DEBUG org.dbunit.dataset.datatype.DataType - asString(value=contact@apple.com) - start
13:20:17.256 [main] DEBUG org.dbunit.dataset.datatype.StringDataType - typeCast(value=contact@apple.com) - start
13:20:17.256 [main] DEBUG org.dbunit.dataset.DefaultTable - getValue(row=1, column=CNPJ_CLIENTE) - start
13:20:17.256 [main] DEBUG org.dbunit.dataset.AbstractTable - assertValidRowIndex(row=1) - start
13:20:17.256 [main] DEBUG org.dbunit.dataset.AbstractTable - assertValidRowIndex(row=1, rowCount=2) - start
13:20:17.256 [main] DEBUG org.dbunit.dataset.AbstractTable - getColumnIndex(columnName=CNPJ_CLIENTE) - start
13:20:17.256 [main] DEBUG org.dbunit.dataset.AbstractTableMetaData - getColumnIndex(columnName=CNPJ_CLIENTE) - start
13:20:17.256 [main] DEBUG org.dbunit.database.statement.AutomaticPreparedBatchStatement - addValue(value=98.765.432/0001-11, dataType=VARCHAR) - start
13:20:17.256 [main] DEBUG org.dbunit.database.statement.SimplePreparedStatement - addValue(value=98.765.432/0001-11, dataType=VARCHAR) - start
13:20:17.256 [main] DEBUG org.dbunit.dataset.datatype.StringDataType - setSqlValue(value=98.765.432/0001-11, column=4, statement=org.apache.derby.client.am.ClientPreparedStatement42@48f4713c) - start
13:20:17.256 [main] DEBUG org.dbunit.dataset.datatype.DataType - asString(value=98.765.432/0001-11) - start
13:20:17.256 [main] DEBUG org.dbunit.dataset.datatype.StringDataType - typeCast(value=98.765.432/0001-11) - start
13:20:17.256 [main] DEBUG org.dbunit.database.statement.AutomaticPreparedBatchStatement - addBatch() - start
13:20:17.256 [main] DEBUG org.dbunit.database.statement.SimplePreparedStatement - addBatch() - start
13:20:17.258 [main] DEBUG org.dbunit.operation.InsertOperation - equalsIgnoreMapping(ignoreMapping={}, table=org.dbunit.dataset.DefaultTable[_metaData=tableName=TB_CLIENTE, columns=[(ID_CLIENTE, UNKNOWN, nullableUnknown), (NOME_CLIENTE, UNKNOWN, nullableUnknown), (EMAIL_CLIENTE, UNKNOWN, nullableUnknown), (CNPJ_CLIENTE, UNKNOWN, nullableUnknown)], keys=[], _rowList.size()=2], row=2) - start
13:20:17.259 [main] DEBUG org.dbunit.dataset.DefaultTable - getValue(row=2, column=ID_CLIENTE) - start
13:20:17.259 [main] DEBUG org.dbunit.dataset.AbstractTable - assertValidRowIndex(row=2) - start
13:20:17.259 [main] DEBUG org.dbunit.dataset.AbstractTable - assertValidRowIndex(row=2, rowCount=2) - start
13:20:17.259 [main] DEBUG org.dbunit.database.statement.AutomaticPreparedBatchStatement - executeBatch() - start
13:20:17.259 [main] DEBUG org.dbunit.database.statement.SimplePreparedStatement - executeBatch() - start
13:20:17.259 [main] DEBUG org.dbunit.database.statement.SimplePreparedStatement - clearBatch() - start
13:20:17.259 [main] DEBUG org.dbunit.database.statement.AutomaticPreparedBatchStatement - clearBatch() - start
13:20:17.259 [main] DEBUG org.dbunit.database.statement.SimplePreparedStatement - clearBatch() - start
13:20:17.259 [main] DEBUG org.dbunit.database.statement.AutomaticPreparedBatchStatement - close() - start
13:20:17.259 [main] DEBUG org.dbunit.database.statement.AbstractPreparedBatchStatement - close() - start
13:20:17.259 [main] DEBUG org.dbunit.dataset.DefaultTableIterator - getTable() - start
13:20:17.259 [main] DEBUG org.dbunit.operation.AbstractBatchOperation - isEmpty(table=org.dbunit.dataset.DefaultTable[_metaData=tableName=TB_TELEFONE_CLIENTE, columns=[(ID_CLIENTE, UNKNOWN, nullableUnknown), (NUM_TELEFONE, UNKNOWN, nullableUnknown)], keys=[], _rowList.size()=3]) - start
13:20:17.259 [main] DEBUG org.dbunit.dataset.DefaultTable - getValue(row=0, column=ID_CLIENTE) - start
13:20:17.259 [main] DEBUG org.dbunit.dataset.AbstractTable - assertValidRowIndex(row=0) - start
13:20:17.259 [main] DEBUG org.dbunit.dataset.AbstractTable - assertValidRowIndex(row=0, rowCount=3) - start
13:20:17.259 [main] DEBUG org.dbunit.dataset.AbstractTable - getColumnIndex(columnName=ID_CLIENTE) - start
13:20:17.259 [main] DEBUG org.dbunit.dataset.AbstractTableMetaData - getColumnIndex(columnName=ID_CLIENTE) - start
13:20:17.259 [main] DEBUG org.dbunit.operation.AbstractOperation - getOperationMetaData(connection=org.dbunit.database.DatabaseConnection[schema=null, connection=org.apache.derby.client.net.NetConnection@7d7cac8, super=_databaseConfig=org.dbunit.database.DatabaseConfig[, _propertyMap={http://www.dbunit.org/features/qualifiedTableNames=false, http://www.dbunit.org/properties/tableType=[Ljava.lang.String;@2d2acd89, http://www.dbunit.org/properties/batchSize=100, http://www.dbunit.org/properties/statementFactory=org.dbunit.database.statement.PreparedStatementFactory@7baf6acf, http://www.dbunit.org/features/batchedStatements=false, http://www.dbunit.org/features/caseSensitiveTableNames=false, http://www.dbunit.org/features/allowEmptyFields=false, http://www.dbunit.org/properties/datatypeFactory=org.dbunit.dataset.datatype.DefaultDataTypeFactory[_toleratedDeltaMap=org.dbunit.dataset.datatype.ToleratedDeltaMap@1e6dad8], http://www.dbunit.org/properties/metadataHandler=org.dbunit.database.DefaultMetadataHandler@6fc6deb7, http://www.dbunit.org/properties/fetchSize=100, http://www.dbunit.org/properties/resultSetTableFactory=org.dbunit.database.CachedResultSetTableFactory@8ed9cf, http://www.dbunit.org/features/datatypeWarning=true, http://www.dbunit.org/properties/escapePattern=null, http://www.dbunit.org/properties/allowVerifytabledefinitionExpectedtableCountMismatch=false}], _dataSet=AbstractDataSet[_orderedTableNameMap=null]], metaData=tableName=TB_TELEFONE_CLIENTE, columns=[(ID_CLIENTE, UNKNOWN, nullableUnknown), (NUM_TELEFONE, UNKNOWN, nullableUnknown)], keys=[]) - start
13:20:17.259 [main] DEBUG org.dbunit.database.AbstractDatabaseConnection - createDataSet() - start
13:20:17.259 [main] DEBUG org.dbunit.database.DatabaseDataSet - getTableMetaData(tableName=TB_TELEFONE_CLIENTE) - start
13:20:17.259 [main] DEBUG org.dbunit.database.DatabaseDataSet - initialize() - start
13:20:17.259 [main] DEBUG org.dbunit.dataset.OrderedTableNameMap - getTableName(tableName=TB_TELEFONE_CLIENTE) - start
13:20:17.259 [main] DEBUG org.dbunit.dataset.OrderedTableNameMap - getTableName(tableName=TB_TELEFONE_CLIENTE) - end - result=TB_TELEFONE_CLIENTE
13:20:17.259 [main] DEBUG org.dbunit.dataset.OrderedTableNameMap - getTableName(tableName=TB_TELEFONE_CLIENTE) - start
13:20:17.259 [main] DEBUG org.dbunit.dataset.OrderedTableNameMap - getTableName(tableName=TB_TELEFONE_CLIENTE) - end - result=TB_TELEFONE_CLIENTE
13:20:17.259 [main] DEBUG org.dbunit.dataset.AbstractTableMetaData - getColumnIndex(columnName=ID_CLIENTE) - start
13:20:17.259 [main] DEBUG org.dbunit.database.DatabaseTableMetaData - getColumns() - start
13:20:17.259 [main] DEBUG org.dbunit.database.DatabaseTableMetaData - getColumns() - start
13:20:17.259 [main] DEBUG org.dbunit.dataset.AbstractTableMetaData - getColumnIndex(columnName=NUM_TELEFONE) - start
13:20:17.259 [main] DEBUG org.dbunit.database.DatabaseTableMetaData - getColumns() - start
13:20:17.259 [main] DEBUG org.dbunit.database.DatabaseTableMetaData - getPrimaryKeys() - start
13:20:17.259 [main] DEBUG org.dbunit.operation.InsertOperation - getIgnoreMapping(table=org.dbunit.dataset.DefaultTable[_metaData=tableName=TB_TELEFONE_CLIENTE, columns=[(ID_CLIENTE, UNKNOWN, nullableUnknown), (NUM_TELEFONE, UNKNOWN, nullableUnknown)], keys=[], _rowList.size()=3], row=0) - start
13:20:17.259 [main] DEBUG org.dbunit.dataset.DefaultTable - getValue(row=0, column=ID_CLIENTE) - start
13:20:17.259 [main] DEBUG org.dbunit.dataset.AbstractTable - assertValidRowIndex(row=0) - start
13:20:17.259 [main] DEBUG org.dbunit.dataset.AbstractTable - assertValidRowIndex(row=0, rowCount=3) - start
13:20:17.259 [main] DEBUG org.dbunit.dataset.AbstractTable - getColumnIndex(columnName=ID_CLIENTE) - start
13:20:17.259 [main] DEBUG org.dbunit.dataset.AbstractTableMetaData - getColumnIndex(columnName=ID_CLIENTE) - start
13:20:17.259 [main] DEBUG org.dbunit.dataset.DefaultTable - getValue(row=0, column=NUM_TELEFONE) - start
13:20:17.259 [main] DEBUG org.dbunit.dataset.AbstractTable - assertValidRowIndex(row=0) - start
13:20:17.259 [main] DEBUG org.dbunit.dataset.AbstractTable - assertValidRowIndex(row=0, rowCount=3) - start
13:20:17.259 [main] DEBUG org.dbunit.dataset.AbstractTable - getColumnIndex(columnName=NUM_TELEFONE) - start
13:20:17.259 [main] DEBUG org.dbunit.dataset.AbstractTableMetaData - getColumnIndex(columnName=NUM_TELEFONE) - start
13:20:17.259 [main] DEBUG org.dbunit.operation.InsertOperation - getOperationData(metaData=tableName=TB_TELEFONE_CLIENTE, columns=[(ID_CLIENTE, BIGINT, noNulls), (NUM_TELEFONE, VARCHAR, noNulls)], keys=[], ignoreMapping={}, connection=org.dbunit.database.DatabaseConnection[schema=null, connection=org.apache.derby.client.net.NetConnection@7d7cac8, super=_databaseConfig=org.dbunit.database.DatabaseConfig[, _propertyMap={http://www.dbunit.org/features/qualifiedTableNames=false, http://www.dbunit.org/properties/tableType=[Ljava.lang.String;@2d2acd89, http://www.dbunit.org/properties/batchSize=100, http://www.dbunit.org/properties/statementFactory=org.dbunit.database.statement.PreparedStatementFactory@7baf6acf, http://www.dbunit.org/features/batchedStatements=false, http://www.dbunit.org/features/caseSensitiveTableNames=false, http://www.dbunit.org/features/allowEmptyFields=false, http://www.dbunit.org/properties/datatypeFactory=org.dbunit.dataset.datatype.DefaultDataTypeFactory[_toleratedDeltaMap=org.dbunit.dataset.datatype.ToleratedDeltaMap@1e6dad8], http://www.dbunit.org/properties/metadataHandler=org.dbunit.database.DefaultMetadataHandler@6fc6deb7, http://www.dbunit.org/properties/fetchSize=100, http://www.dbunit.org/properties/resultSetTableFactory=org.dbunit.database.CachedResultSetTableFactory@8ed9cf, http://www.dbunit.org/features/datatypeWarning=true, http://www.dbunit.org/properties/escapePattern=null, http://www.dbunit.org/properties/allowVerifytabledefinitionExpectedtableCountMismatch=false}], _dataSet=AbstractDataSet[_orderedTableNameMap=null]]) - start
13:20:17.259 [main] DEBUG org.dbunit.operation.AbstractOperation - getQualifiedName(prefix=null, name=TB_TELEFONE_CLIENTE, connection=org.dbunit.database.DatabaseConnection[schema=null, connection=org.apache.derby.client.net.NetConnection@7d7cac8, super=_databaseConfig=org.dbunit.database.DatabaseConfig[, _propertyMap={http://www.dbunit.org/features/qualifiedTableNames=false, http://www.dbunit.org/properties/tableType=[Ljava.lang.String;@2d2acd89, http://www.dbunit.org/properties/batchSize=100, http://www.dbunit.org/properties/statementFactory=org.dbunit.database.statement.PreparedStatementFactory@7baf6acf, http://www.dbunit.org/features/batchedStatements=false, http://www.dbunit.org/features/caseSensitiveTableNames=false, http://www.dbunit.org/features/allowEmptyFields=false, http://www.dbunit.org/properties/datatypeFactory=org.dbunit.dataset.datatype.DefaultDataTypeFactory[_toleratedDeltaMap=org.dbunit.dataset.datatype.ToleratedDeltaMap@1e6dad8], http://www.dbunit.org/properties/metadataHandler=org.dbunit.database.DefaultMetadataHandler@6fc6deb7, http://www.dbunit.org/properties/fetchSize=100, http://www.dbunit.org/properties/resultSetTableFactory=org.dbunit.database.CachedResultSetTableFactory@8ed9cf, http://www.dbunit.org/features/datatypeWarning=true, http://www.dbunit.org/properties/escapePattern=null, http://www.dbunit.org/properties/allowVerifytabledefinitionExpectedtableCountMismatch=false}], _dataSet=AbstractDataSet[_orderedTableNameMap=null]]) - start
13:20:17.259 [main] DEBUG org.dbunit.util.QualifiedTableName - getQualifiedName() - start
13:20:17.259 [main] DEBUG org.dbunit.util.QualifiedTableName - getQualifiedName(prefix=null, name=TB_TELEFONE_CLIENTE, escapePattern=null) - start
13:20:17.259 [main] DEBUG org.dbunit.operation.AbstractOperation - getQualifiedName(prefix=null, name=ID_CLIENTE, connection=org.dbunit.database.DatabaseConnection[schema=null, connection=org.apache.derby.client.net.NetConnection@7d7cac8, super=_databaseConfig=org.dbunit.database.DatabaseConfig[, _propertyMap={http://www.dbunit.org/features/qualifiedTableNames=false, http://www.dbunit.org/properties/tableType=[Ljava.lang.String;@2d2acd89, http://www.dbunit.org/properties/batchSize=100, http://www.dbunit.org/properties/statementFactory=org.dbunit.database.statement.PreparedStatementFactory@7baf6acf, http://www.dbunit.org/features/batchedStatements=false, http://www.dbunit.org/features/caseSensitiveTableNames=false, http://www.dbunit.org/features/allowEmptyFields=false, http://www.dbunit.org/properties/datatypeFactory=org.dbunit.dataset.datatype.DefaultDataTypeFactory[_toleratedDeltaMap=org.dbunit.dataset.datatype.ToleratedDeltaMap@1e6dad8], http://www.dbunit.org/properties/metadataHandler=org.dbunit.database.DefaultMetadataHandler@6fc6deb7, http://www.dbunit.org/properties/fetchSize=100, http://www.dbunit.org/properties/resultSetTableFactory=org.dbunit.database.CachedResultSetTableFactory@8ed9cf, http://www.dbunit.org/features/datatypeWarning=true, http://www.dbunit.org/properties/escapePattern=null, http://www.dbunit.org/properties/allowVerifytabledefinitionExpectedtableCountMismatch=false}], _dataSet=AbstractDataSet[_orderedTableNameMap=null]]) - start
13:20:17.259 [main] DEBUG org.dbunit.util.QualifiedTableName - getQualifiedName() - start
13:20:17.259 [main] DEBUG org.dbunit.util.QualifiedTableName - getQualifiedName(prefix=null, name=ID_CLIENTE, escapePattern=null) - start
13:20:17.259 [main] DEBUG org.dbunit.operation.AbstractOperation - getQualifiedName(prefix=null, name=NUM_TELEFONE, connection=org.dbunit.database.DatabaseConnection[schema=null, connection=org.apache.derby.client.net.NetConnection@7d7cac8, super=_databaseConfig=org.dbunit.database.DatabaseConfig[, _propertyMap={http://www.dbunit.org/features/qualifiedTableNames=false, http://www.dbunit.org/properties/tableType=[Ljava.lang.String;@2d2acd89, http://www.dbunit.org/properties/batchSize=100, http://www.dbunit.org/properties/statementFactory=org.dbunit.database.statement.PreparedStatementFactory@7baf6acf, http://www.dbunit.org/features/batchedStatements=false, http://www.dbunit.org/features/caseSensitiveTableNames=false, http://www.dbunit.org/features/allowEmptyFields=false, http://www.dbunit.org/properties/datatypeFactory=org.dbunit.dataset.datatype.DefaultDataTypeFactory[_toleratedDeltaMap=org.dbunit.dataset.datatype.ToleratedDeltaMap@1e6dad8], http://www.dbunit.org/properties/metadataHandler=org.dbunit.database.DefaultMetadataHandler@6fc6deb7, http://www.dbunit.org/properties/fetchSize=100, http://www.dbunit.org/properties/resultSetTableFactory=org.dbunit.database.CachedResultSetTableFactory@8ed9cf, http://www.dbunit.org/features/datatypeWarning=true, http://www.dbunit.org/properties/escapePattern=null, http://www.dbunit.org/properties/allowVerifytabledefinitionExpectedtableCountMismatch=false}], _dataSet=AbstractDataSet[_orderedTableNameMap=null]]) - start
13:20:17.259 [main] DEBUG org.dbunit.util.QualifiedTableName - getQualifiedName() - start
13:20:17.259 [main] DEBUG org.dbunit.util.QualifiedTableName - getQualifiedName(prefix=null, name=NUM_TELEFONE, escapePattern=null) - start
13:20:17.259 [main] DEBUG org.dbunit.database.statement.PreparedStatementFactory - createPreparedBatchStatement(sql=insert into TB_TELEFONE_CLIENTE (ID_CLIENTE, NUM_TELEFONE) values (?, ?), connection=org.dbunit.database.DatabaseConnection[schema=null, connection=org.apache.derby.client.net.NetConnection@7d7cac8, super=_databaseConfig=org.dbunit.database.DatabaseConfig[, _propertyMap={http://www.dbunit.org/features/qualifiedTableNames=false, http://www.dbunit.org/properties/tableType=[Ljava.lang.String;@2d2acd89, http://www.dbunit.org/properties/batchSize=100, http://www.dbunit.org/properties/statementFactory=org.dbunit.database.statement.PreparedStatementFactory@7baf6acf, http://www.dbunit.org/features/batchedStatements=false, http://www.dbunit.org/features/caseSensitiveTableNames=false, http://www.dbunit.org/features/allowEmptyFields=false, http://www.dbunit.org/properties/datatypeFactory=org.dbunit.dataset.datatype.DefaultDataTypeFactory[_toleratedDeltaMap=org.dbunit.dataset.datatype.ToleratedDeltaMap@1e6dad8], http://www.dbunit.org/properties/metadataHandler=org.dbunit.database.DefaultMetadataHandler@6fc6deb7, http://www.dbunit.org/properties/fetchSize=100, http://www.dbunit.org/properties/resultSetTableFactory=org.dbunit.database.CachedResultSetTableFactory@8ed9cf, http://www.dbunit.org/features/datatypeWarning=true, http://www.dbunit.org/properties/escapePattern=null, http://www.dbunit.org/properties/allowVerifytabledefinitionExpectedtableCountMismatch=false}], _dataSet=AbstractDataSet[_orderedTableNameMap=null]]) - start
13:20:17.259 [main] DEBUG org.dbunit.database.statement.AbstractStatementFactory - supportBatchStatement(connection=org.dbunit.database.DatabaseConnection[schema=null, connection=org.apache.derby.client.net.NetConnection@7d7cac8, super=_databaseConfig=org.dbunit.database.DatabaseConfig[, _propertyMap={http://www.dbunit.org/features/qualifiedTableNames=false, http://www.dbunit.org/properties/tableType=[Ljava.lang.String;@2d2acd89, http://www.dbunit.org/properties/batchSize=100, http://www.dbunit.org/properties/statementFactory=org.dbunit.database.statement.PreparedStatementFactory@7baf6acf, http://www.dbunit.org/features/batchedStatements=false, http://www.dbunit.org/features/caseSensitiveTableNames=false, http://www.dbunit.org/features/allowEmptyFields=false, http://www.dbunit.org/properties/datatypeFactory=org.dbunit.dataset.datatype.DefaultDataTypeFactory[_toleratedDeltaMap=org.dbunit.dataset.datatype.ToleratedDeltaMap@1e6dad8], http://www.dbunit.org/properties/metadataHandler=org.dbunit.database.DefaultMetadataHandler@6fc6deb7, http://www.dbunit.org/properties/fetchSize=100, http://www.dbunit.org/properties/resultSetTableFactory=org.dbunit.database.CachedResultSetTableFactory@8ed9cf, http://www.dbunit.org/features/datatypeWarning=true, http://www.dbunit.org/properties/escapePattern=null, http://www.dbunit.org/properties/allowVerifytabledefinitionExpectedtableCountMismatch=false}], _dataSet=AbstractDataSet[_orderedTableNameMap=null]]) - start
13:20:17.264 [main] DEBUG org.dbunit.dataset.DefaultTable - getValue(row=0, column=ID_CLIENTE) - start
13:20:17.264 [main] DEBUG org.dbunit.dataset.AbstractTable - assertValidRowIndex(row=0) - start
13:20:17.264 [main] DEBUG org.dbunit.dataset.AbstractTable - assertValidRowIndex(row=0, rowCount=3) - start
13:20:17.264 [main] DEBUG org.dbunit.dataset.AbstractTable - getColumnIndex(columnName=ID_CLIENTE) - start
13:20:17.264 [main] DEBUG org.dbunit.dataset.AbstractTableMetaData - getColumnIndex(columnName=ID_CLIENTE) - start
13:20:17.264 [main] DEBUG org.dbunit.database.statement.AutomaticPreparedBatchStatement - addValue(value=12, dataType=BIGINT) - start
13:20:17.264 [main] DEBUG org.dbunit.database.statement.SimplePreparedStatement - addValue(value=12, dataType=BIGINT) - start
13:20:17.264 [main] DEBUG org.dbunit.dataset.datatype.BigIntegerDataType - setSqlValue(value=12, column=1, statement=org.apache.derby.client.am.ClientPreparedStatement42@f1868c9) - start
13:20:17.264 [main] DEBUG org.dbunit.dataset.datatype.BigIntegerDataType - typeCast(value=12) - start
13:20:17.264 [main] DEBUG org.dbunit.dataset.DefaultTable - getValue(row=0, column=NUM_TELEFONE) - start
13:20:17.264 [main] DEBUG org.dbunit.dataset.AbstractTable - assertValidRowIndex(row=0) - start
13:20:17.264 [main] DEBUG org.dbunit.dataset.AbstractTable - assertValidRowIndex(row=0, rowCount=3) - start
13:20:17.264 [main] DEBUG org.dbunit.dataset.AbstractTable - getColumnIndex(columnName=NUM_TELEFONE) - start
13:20:17.264 [main] DEBUG org.dbunit.dataset.AbstractTableMetaData - getColumnIndex(columnName=NUM_TELEFONE) - start
13:20:17.264 [main] DEBUG org.dbunit.database.statement.AutomaticPreparedBatchStatement - addValue(value=11-98765-4321, dataType=VARCHAR) - start
13:20:17.264 [main] DEBUG org.dbunit.database.statement.SimplePreparedStatement - addValue(value=11-98765-4321, dataType=VARCHAR) - start
13:20:17.264 [main] DEBUG org.dbunit.dataset.datatype.StringDataType - setSqlValue(value=11-98765-4321, column=2, statement=org.apache.derby.client.am.ClientPreparedStatement42@f1868c9) - start
13:20:17.264 [main] DEBUG org.dbunit.dataset.datatype.DataType - asString(value=11-98765-4321) - start
13:20:17.264 [main] DEBUG org.dbunit.dataset.datatype.StringDataType - typeCast(value=11-98765-4321) - start
13:20:17.264 [main] DEBUG org.dbunit.database.statement.AutomaticPreparedBatchStatement - addBatch() - start
13:20:17.264 [main] DEBUG org.dbunit.database.statement.SimplePreparedStatement - addBatch() - start
13:20:17.265 [main] DEBUG org.dbunit.operation.InsertOperation - equalsIgnoreMapping(ignoreMapping={}, table=org.dbunit.dataset.DefaultTable[_metaData=tableName=TB_TELEFONE_CLIENTE, columns=[(ID_CLIENTE, UNKNOWN, nullableUnknown), (NUM_TELEFONE, UNKNOWN, nullableUnknown)], keys=[], _rowList.size()=3], row=1) - start
13:20:17.265 [main] DEBUG org.dbunit.dataset.DefaultTable - getValue(row=1, column=ID_CLIENTE) - start
13:20:17.265 [main] DEBUG org.dbunit.dataset.AbstractTable - assertValidRowIndex(row=1) - start
13:20:17.265 [main] DEBUG org.dbunit.dataset.AbstractTable - assertValidRowIndex(row=1, rowCount=3) - start
13:20:17.265 [main] DEBUG org.dbunit.dataset.AbstractTable - getColumnIndex(columnName=ID_CLIENTE) - start
13:20:17.265 [main] DEBUG org.dbunit.dataset.AbstractTableMetaData - getColumnIndex(columnName=ID_CLIENTE) - start
13:20:17.265 [main] DEBUG org.dbunit.dataset.DefaultTable - getValue(row=1, column=NUM_TELEFONE) - start
13:20:17.265 [main] DEBUG org.dbunit.dataset.AbstractTable - assertValidRowIndex(row=1) - start
13:20:17.265 [main] DEBUG org.dbunit.dataset.AbstractTable - assertValidRowIndex(row=1, rowCount=3) - start
13:20:17.265 [main] DEBUG org.dbunit.dataset.AbstractTable - getColumnIndex(columnName=NUM_TELEFONE) - start
13:20:17.265 [main] DEBUG org.dbunit.dataset.AbstractTableMetaData - getColumnIndex(columnName=NUM_TELEFONE) - start
13:20:17.265 [main] DEBUG org.dbunit.dataset.DefaultTable - getValue(row=1, column=ID_CLIENTE) - start
13:20:17.265 [main] DEBUG org.dbunit.dataset.AbstractTable - assertValidRowIndex(row=1) - start
13:20:17.265 [main] DEBUG org.dbunit.dataset.AbstractTable - assertValidRowIndex(row=1, rowCount=3) - start
13:20:17.265 [main] DEBUG org.dbunit.dataset.AbstractTable - getColumnIndex(columnName=ID_CLIENTE) - start
13:20:17.265 [main] DEBUG org.dbunit.dataset.AbstractTableMetaData - getColumnIndex(columnName=ID_CLIENTE) - start
13:20:17.265 [main] DEBUG org.dbunit.database.statement.AutomaticPreparedBatchStatement - addValue(value=12, dataType=BIGINT) - start
13:20:17.265 [main] DEBUG org.dbunit.database.statement.SimplePreparedStatement - addValue(value=12, dataType=BIGINT) - start
13:20:17.265 [main] DEBUG org.dbunit.dataset.datatype.BigIntegerDataType - setSqlValue(value=12, column=1, statement=org.apache.derby.client.am.ClientPreparedStatement42@f1868c9) - start
13:20:17.265 [main] DEBUG org.dbunit.dataset.datatype.BigIntegerDataType - typeCast(value=12) - start
13:20:17.265 [main] DEBUG org.dbunit.dataset.DefaultTable - getValue(row=1, column=NUM_TELEFONE) - start
13:20:17.265 [main] DEBUG org.dbunit.dataset.AbstractTable - assertValidRowIndex(row=1) - start
13:20:17.265 [main] DEBUG org.dbunit.dataset.AbstractTable - assertValidRowIndex(row=1, rowCount=3) - start
13:20:17.265 [main] DEBUG org.dbunit.dataset.AbstractTable - getColumnIndex(columnName=NUM_TELEFONE) - start
13:20:17.265 [main] DEBUG org.dbunit.dataset.AbstractTableMetaData - getColumnIndex(columnName=NUM_TELEFONE) - start
13:20:17.265 [main] DEBUG org.dbunit.database.statement.AutomaticPreparedBatchStatement - addValue(value=11-91234-5678, dataType=VARCHAR) - start
13:20:17.265 [main] DEBUG org.dbunit.database.statement.SimplePreparedStatement - addValue(value=11-91234-5678, dataType=VARCHAR) - start
13:20:17.265 [main] DEBUG org.dbunit.dataset.datatype.StringDataType - setSqlValue(value=11-91234-5678, column=2, statement=org.apache.derby.client.am.ClientPreparedStatement42@f1868c9) - start
13:20:17.265 [main] DEBUG org.dbunit.dataset.datatype.DataType - asString(value=11-91234-5678) - start
13:20:17.265 [main] DEBUG org.dbunit.dataset.datatype.StringDataType - typeCast(value=11-91234-5678) - start
13:20:17.265 [main] DEBUG org.dbunit.database.statement.AutomaticPreparedBatchStatement - addBatch() - start
13:20:17.265 [main] DEBUG org.dbunit.database.statement.SimplePreparedStatement - addBatch() - start
13:20:17.267 [main] DEBUG org.dbunit.operation.InsertOperation - equalsIgnoreMapping(ignoreMapping={}, table=org.dbunit.dataset.DefaultTable[_metaData=tableName=TB_TELEFONE_CLIENTE, columns=[(ID_CLIENTE, UNKNOWN, nullableUnknown), (NUM_TELEFONE, UNKNOWN, nullableUnknown)], keys=[], _rowList.size()=3], row=2) - start
13:20:17.267 [main] DEBUG org.dbunit.dataset.DefaultTable - getValue(row=2, column=ID_CLIENTE) - start
13:20:17.267 [main] DEBUG org.dbunit.dataset.AbstractTable - assertValidRowIndex(row=2) - start
13:20:17.267 [main] DEBUG org.dbunit.dataset.AbstractTable - assertValidRowIndex(row=2, rowCount=3) - start
13:20:17.267 [main] DEBUG org.dbunit.dataset.AbstractTable - getColumnIndex(columnName=ID_CLIENTE) - start
13:20:17.267 [main] DEBUG org.dbunit.dataset.AbstractTableMetaData - getColumnIndex(columnName=ID_CLIENTE) - start
13:20:17.267 [main] DEBUG org.dbunit.dataset.DefaultTable - getValue(row=2, column=NUM_TELEFONE) - start
13:20:17.267 [main] DEBUG org.dbunit.dataset.AbstractTable - assertValidRowIndex(row=2) - start
13:20:17.267 [main] DEBUG org.dbunit.dataset.AbstractTable - assertValidRowIndex(row=2, rowCount=3) - start
13:20:17.267 [main] DEBUG org.dbunit.dataset.AbstractTable - getColumnIndex(columnName=NUM_TELEFONE) - start
13:20:17.267 [main] DEBUG org.dbunit.dataset.AbstractTableMetaData - getColumnIndex(columnName=NUM_TELEFONE) - start
13:20:17.267 [main] DEBUG org.dbunit.dataset.DefaultTable - getValue(row=2, column=ID_CLIENTE) - start
13:20:17.267 [main] DEBUG org.dbunit.dataset.AbstractTable - assertValidRowIndex(row=2) - start
13:20:17.267 [main] DEBUG org.dbunit.dataset.AbstractTable - assertValidRowIndex(row=2, rowCount=3) - start
13:20:17.267 [main] DEBUG org.dbunit.dataset.AbstractTable - getColumnIndex(columnName=ID_CLIENTE) - start
13:20:17.267 [main] DEBUG org.dbunit.dataset.AbstractTableMetaData - getColumnIndex(columnName=ID_CLIENTE) - start
13:20:17.267 [main] DEBUG org.dbunit.database.statement.AutomaticPreparedBatchStatement - addValue(value=20, dataType=BIGINT) - start
13:20:17.267 [main] DEBUG org.dbunit.database.statement.SimplePreparedStatement - addValue(value=20, dataType=BIGINT) - start
13:20:17.267 [main] DEBUG org.dbunit.dataset.datatype.BigIntegerDataType - setSqlValue(value=20, column=1, statement=org.apache.derby.client.am.ClientPreparedStatement42@f1868c9) - start
13:20:17.267 [main] DEBUG org.dbunit.dataset.datatype.BigIntegerDataType - typeCast(value=20) - start
13:20:17.267 [main] DEBUG org.dbunit.dataset.DefaultTable - getValue(row=2, column=NUM_TELEFONE) - start
13:20:17.267 [main] DEBUG org.dbunit.dataset.AbstractTable - assertValidRowIndex(row=2) - start
13:20:17.267 [main] DEBUG org.dbunit.dataset.AbstractTable - assertValidRowIndex(row=2, rowCount=3) - start
13:20:17.267 [main] DEBUG org.dbunit.dataset.AbstractTable - getColumnIndex(columnName=NUM_TELEFONE) - start
13:20:17.267 [main] DEBUG org.dbunit.dataset.AbstractTableMetaData - getColumnIndex(columnName=NUM_TELEFONE) - start
13:20:17.267 [main] DEBUG org.dbunit.database.statement.AutomaticPreparedBatchStatement - addValue(value=21-98765-1234, dataType=VARCHAR) - start
13:20:17.267 [main] DEBUG org.dbunit.database.statement.SimplePreparedStatement - addValue(value=21-98765-1234, dataType=VARCHAR) - start
13:20:17.267 [main] DEBUG org.dbunit.dataset.datatype.StringDataType - setSqlValue(value=21-98765-1234, column=2, statement=org.apache.derby.client.am.ClientPreparedStatement42@f1868c9) - start
13:20:17.267 [main] DEBUG org.dbunit.dataset.datatype.DataType - asString(value=21-98765-1234) - start
13:20:17.267 [main] DEBUG org.dbunit.dataset.datatype.StringDataType - typeCast(value=21-98765-1234) - start
13:20:17.267 [main] DEBUG org.dbunit.database.statement.AutomaticPreparedBatchStatement - addBatch() - start
13:20:17.267 [main] DEBUG org.dbunit.database.statement.SimplePreparedStatement - addBatch() - start
13:20:17.268 [main] DEBUG org.dbunit.operation.InsertOperation - equalsIgnoreMapping(ignoreMapping={}, table=org.dbunit.dataset.DefaultTable[_metaData=tableName=TB_TELEFONE_CLIENTE, columns=[(ID_CLIENTE, UNKNOWN, nullableUnknown), (NUM_TELEFONE, UNKNOWN, nullableUnknown)], keys=[], _rowList.size()=3], row=3) - start
13:20:17.268 [main] DEBUG org.dbunit.dataset.DefaultTable - getValue(row=3, column=ID_CLIENTE) - start
13:20:17.268 [main] DEBUG org.dbunit.dataset.AbstractTable - assertValidRowIndex(row=3) - start
13:20:17.268 [main] DEBUG org.dbunit.dataset.AbstractTable - assertValidRowIndex(row=3, rowCount=3) - start
13:20:17.268 [main] DEBUG org.dbunit.database.statement.AutomaticPreparedBatchStatement - executeBatch() - start
13:20:17.268 [main] DEBUG org.dbunit.database.statement.SimplePreparedStatement - executeBatch() - start
13:20:17.268 [main] DEBUG org.dbunit.database.statement.SimplePreparedStatement - clearBatch() - start
13:20:17.268 [main] DEBUG org.dbunit.database.statement.AutomaticPreparedBatchStatement - clearBatch() - start
13:20:17.268 [main] DEBUG org.dbunit.database.statement.SimplePreparedStatement - clearBatch() - start
13:20:17.268 [main] DEBUG org.dbunit.database.statement.AutomaticPreparedBatchStatement - close() - start
13:20:17.268 [main] DEBUG org.dbunit.database.statement.AbstractPreparedBatchStatement - close() - start
13:20:17.268 [main] DEBUG org.dbunit.dataset.DefaultTableIterator - getTable() - start
13:20:17.268 [main] DEBUG org.dbunit.operation.AbstractBatchOperation - isEmpty(table=org.dbunit.dataset.DefaultTable[_metaData=tableName=TB_RELATORIO, columns=[(ID_RELATORIO, UNKNOWN, nullableUnknown), (TITULO_RELATORIO, UNKNOWN, nullableUnknown), (DATA_CRIACAO_RELATORIO, UNKNOWN, nullableUnknown), (AUTOR_RELATORIO, UNKNOWN, nullableUnknown), (DESCRICAO_RELATORIO, UNKNOWN, nullableUnknown), (CONTEUDO_RELATORIO, UNKNOWN, nullableUnknown)], keys=[], _rowList.size()=2]) - start
13:20:17.268 [main] DEBUG org.dbunit.dataset.DefaultTable - getValue(row=0, column=ID_RELATORIO) - start
13:20:17.268 [main] DEBUG org.dbunit.dataset.AbstractTable - assertValidRowIndex(row=0) - start
13:20:17.268 [main] DEBUG org.dbunit.dataset.AbstractTable - assertValidRowIndex(row=0, rowCount=2) - start
13:20:17.268 [main] DEBUG org.dbunit.dataset.AbstractTable - getColumnIndex(columnName=ID_RELATORIO) - start
13:20:17.268 [main] DEBUG org.dbunit.dataset.AbstractTableMetaData - getColumnIndex(columnName=ID_RELATORIO) - start
13:20:17.268 [main] DEBUG org.dbunit.operation.AbstractOperation - getOperationMetaData(connection=org.dbunit.database.DatabaseConnection[schema=null, connection=org.apache.derby.client.net.NetConnection@7d7cac8, super=_databaseConfig=org.dbunit.database.DatabaseConfig[, _propertyMap={http://www.dbunit.org/features/qualifiedTableNames=false, http://www.dbunit.org/properties/tableType=[Ljava.lang.String;@2d2acd89, http://www.dbunit.org/properties/batchSize=100, http://www.dbunit.org/properties/statementFactory=org.dbunit.database.statement.PreparedStatementFactory@7baf6acf, http://www.dbunit.org/features/batchedStatements=false, http://www.dbunit.org/features/caseSensitiveTableNames=false, http://www.dbunit.org/features/allowEmptyFields=false, http://www.dbunit.org/properties/datatypeFactory=org.dbunit.dataset.datatype.DefaultDataTypeFactory[_toleratedDeltaMap=org.dbunit.dataset.datatype.ToleratedDeltaMap@1e6dad8], http://www.dbunit.org/properties/metadataHandler=org.dbunit.database.DefaultMetadataHandler@6fc6deb7, http://www.dbunit.org/properties/fetchSize=100, http://www.dbunit.org/properties/resultSetTableFactory=org.dbunit.database.CachedResultSetTableFactory@8ed9cf, http://www.dbunit.org/features/datatypeWarning=true, http://www.dbunit.org/properties/escapePattern=null, http://www.dbunit.org/properties/allowVerifytabledefinitionExpectedtableCountMismatch=false}], _dataSet=AbstractDataSet[_orderedTableNameMap=null]], metaData=tableName=TB_RELATORIO, columns=[(ID_RELATORIO, UNKNOWN, nullableUnknown), (TITULO_RELATORIO, UNKNOWN, nullableUnknown), (DATA_CRIACAO_RELATORIO, UNKNOWN, nullableUnknown), (AUTOR_RELATORIO, UNKNOWN, nullableUnknown), (DESCRICAO_RELATORIO, UNKNOWN, nullableUnknown), (CONTEUDO_RELATORIO, UNKNOWN, nullableUnknown)], keys=[]) - start
13:20:17.268 [main] DEBUG org.dbunit.database.AbstractDatabaseConnection - createDataSet() - start
13:20:17.268 [main] DEBUG org.dbunit.database.DatabaseDataSet - getTableMetaData(tableName=TB_RELATORIO) - start
13:20:17.268 [main] DEBUG org.dbunit.database.DatabaseDataSet - initialize() - start
13:20:17.268 [main] DEBUG org.dbunit.dataset.OrderedTableNameMap - getTableName(tableName=TB_RELATORIO) - start
13:20:17.268 [main] DEBUG org.dbunit.dataset.OrderedTableNameMap - getTableName(tableName=TB_RELATORIO) - end - result=TB_RELATORIO
13:20:17.268 [main] DEBUG org.dbunit.dataset.OrderedTableNameMap - getTableName(tableName=TB_RELATORIO) - start
13:20:17.268 [main] DEBUG org.dbunit.dataset.OrderedTableNameMap - getTableName(tableName=TB_RELATORIO) - end - result=TB_RELATORIO
13:20:17.268 [main] DEBUG org.dbunit.dataset.AbstractTableMetaData - getColumnIndex(columnName=ID_RELATORIO) - start
13:20:17.268 [main] DEBUG org.dbunit.database.DatabaseTableMetaData - getColumns() - start
13:20:17.268 [main] DEBUG org.dbunit.database.DatabaseTableMetaData - getColumns() - start
13:20:17.268 [main] DEBUG org.dbunit.dataset.AbstractTableMetaData - getColumnIndex(columnName=TITULO_RELATORIO) - start
13:20:17.268 [main] DEBUG org.dbunit.database.DatabaseTableMetaData - getColumns() - start
13:20:17.268 [main] DEBUG org.dbunit.dataset.AbstractTableMetaData - getColumnIndex(columnName=DATA_CRIACAO_RELATORIO) - start
13:20:17.269 [main] DEBUG org.dbunit.database.DatabaseTableMetaData - getColumns() - start
13:20:17.269 [main] DEBUG org.dbunit.dataset.AbstractTableMetaData - getColumnIndex(columnName=AUTOR_RELATORIO) - start
13:20:17.269 [main] DEBUG org.dbunit.database.DatabaseTableMetaData - getColumns() - start
13:20:17.269 [main] DEBUG org.dbunit.dataset.AbstractTableMetaData - getColumnIndex(columnName=DESCRICAO_RELATORIO) - start
13:20:17.269 [main] DEBUG org.dbunit.database.DatabaseTableMetaData - getColumns() - start
13:20:17.269 [main] DEBUG org.dbunit.dataset.AbstractTableMetaData - getColumnIndex(columnName=CONTEUDO_RELATORIO) - start
13:20:17.269 [main] DEBUG org.dbunit.database.DatabaseTableMetaData - getColumns() - start
13:20:17.269 [main] DEBUG org.dbunit.database.DatabaseTableMetaData - getPrimaryKeys() - start
13:20:17.269 [main] DEBUG org.dbunit.operation.InsertOperation - getIgnoreMapping(table=org.dbunit.dataset.DefaultTable[_metaData=tableName=TB_RELATORIO, columns=[(ID_RELATORIO, UNKNOWN, nullableUnknown), (TITULO_RELATORIO, UNKNOWN, nullableUnknown), (DATA_CRIACAO_RELATORIO, UNKNOWN, nullableUnknown), (AUTOR_RELATORIO, UNKNOWN, nullableUnknown), (DESCRICAO_RELATORIO, UNKNOWN, nullableUnknown), (CONTEUDO_RELATORIO, UNKNOWN, nullableUnknown)], keys=[], _rowList.size()=2], row=0) - start
13:20:17.269 [main] DEBUG org.dbunit.dataset.DefaultTable - getValue(row=0, column=ID_RELATORIO) - start
13:20:17.269 [main] DEBUG org.dbunit.dataset.AbstractTable - assertValidRowIndex(row=0) - start
13:20:17.269 [main] DEBUG org.dbunit.dataset.AbstractTable - assertValidRowIndex(row=0, rowCount=2) - start
13:20:17.269 [main] DEBUG org.dbunit.dataset.AbstractTable - getColumnIndex(columnName=ID_RELATORIO) - start
13:20:17.269 [main] DEBUG org.dbunit.dataset.AbstractTableMetaData - getColumnIndex(columnName=ID_RELATORIO) - start
13:20:17.269 [main] DEBUG org.dbunit.dataset.DefaultTable - getValue(row=0, column=TITULO_RELATORIO) - start
13:20:17.269 [main] DEBUG org.dbunit.dataset.AbstractTable - assertValidRowIndex(row=0) - start
13:20:17.269 [main] DEBUG org.dbunit.dataset.AbstractTable - assertValidRowIndex(row=0, rowCount=2) - start
13:20:17.269 [main] DEBUG org.dbunit.dataset.AbstractTable - getColumnIndex(columnName=TITULO_RELATORIO) - start
13:20:17.269 [main] DEBUG org.dbunit.dataset.AbstractTableMetaData - getColumnIndex(columnName=TITULO_RELATORIO) - start
13:20:17.269 [main] DEBUG org.dbunit.dataset.DefaultTable - getValue(row=0, column=DATA_CRIACAO_RELATORIO) - start
13:20:17.269 [main] DEBUG org.dbunit.dataset.AbstractTable - assertValidRowIndex(row=0) - start
13:20:17.269 [main] DEBUG org.dbunit.dataset.AbstractTable - assertValidRowIndex(row=0, rowCount=2) - start
13:20:17.269 [main] DEBUG org.dbunit.dataset.AbstractTable - getColumnIndex(columnName=DATA_CRIACAO_RELATORIO) - start
13:20:17.269 [main] DEBUG org.dbunit.dataset.AbstractTableMetaData - getColumnIndex(columnName=DATA_CRIACAO_RELATORIO) - start
13:20:17.269 [main] DEBUG org.dbunit.dataset.DefaultTable - getValue(row=0, column=AUTOR_RELATORIO) - start
13:20:17.269 [main] DEBUG org.dbunit.dataset.AbstractTable - assertValidRowIndex(row=0) - start
13:20:17.269 [main] DEBUG org.dbunit.dataset.AbstractTable - assertValidRowIndex(row=0, rowCount=2) - start
13:20:17.269 [main] DEBUG org.dbunit.dataset.AbstractTable - getColumnIndex(columnName=AUTOR_RELATORIO) - start
13:20:17.269 [main] DEBUG org.dbunit.dataset.AbstractTableMetaData - getColumnIndex(columnName=AUTOR_RELATORIO) - start
13:20:17.269 [main] DEBUG org.dbunit.dataset.DefaultTable - getValue(row=0, column=DESCRICAO_RELATORIO) - start
13:20:17.269 [main] DEBUG org.dbunit.dataset.AbstractTable - assertValidRowIndex(row=0) - start
13:20:17.269 [main] DEBUG org.dbunit.dataset.AbstractTable - assertValidRowIndex(row=0, rowCount=2) - start
13:20:17.269 [main] DEBUG org.dbunit.dataset.AbstractTable - getColumnIndex(columnName=DESCRICAO_RELATORIO) - start
13:20:17.269 [main] DEBUG org.dbunit.dataset.AbstractTableMetaData - getColumnIndex(columnName=DESCRICAO_RELATORIO) - start
13:20:17.269 [main] DEBUG org.dbunit.dataset.DefaultTable - getValue(row=0, column=CONTEUDO_RELATORIO) - start
13:20:17.269 [main] DEBUG org.dbunit.dataset.AbstractTable - assertValidRowIndex(row=0) - start
13:20:17.269 [main] DEBUG org.dbunit.dataset.AbstractTable - assertValidRowIndex(row=0, rowCount=2) - start
13:20:17.269 [main] DEBUG org.dbunit.dataset.AbstractTable - getColumnIndex(columnName=CONTEUDO_RELATORIO) - start
13:20:17.269 [main] DEBUG org.dbunit.dataset.AbstractTableMetaData - getColumnIndex(columnName=CONTEUDO_RELATORIO) - start
13:20:17.269 [main] DEBUG org.dbunit.operation.InsertOperation - getOperationData(metaData=tableName=TB_RELATORIO, columns=[(ID_RELATORIO, BIGINT, noNulls), (TITULO_RELATORIO, VARCHAR, noNulls), (DATA_CRIACAO_RELATORIO, DATE, noNulls), (AUTOR_RELATORIO, VARCHAR, noNulls), (DESCRICAO_RELATORIO, VARCHAR, noNulls), (CONTEUDO_RELATORIO, VARCHAR, noNulls)], keys=[(ID_RELATORIO, BIGINT, noNulls)], ignoreMapping={}, connection=org.dbunit.database.DatabaseConnection[schema=null, connection=org.apache.derby.client.net.NetConnection@7d7cac8, super=_databaseConfig=org.dbunit.database.DatabaseConfig[, _propertyMap={http://www.dbunit.org/features/qualifiedTableNames=false, http://www.dbunit.org/properties/tableType=[Ljava.lang.String;@2d2acd89, http://www.dbunit.org/properties/batchSize=100, http://www.dbunit.org/properties/statementFactory=org.dbunit.database.statement.PreparedStatementFactory@7baf6acf, http://www.dbunit.org/features/batchedStatements=false, http://www.dbunit.org/features/caseSensitiveTableNames=false, http://www.dbunit.org/features/allowEmptyFields=false, http://www.dbunit.org/properties/datatypeFactory=org.dbunit.dataset.datatype.DefaultDataTypeFactory[_toleratedDeltaMap=org.dbunit.dataset.datatype.ToleratedDeltaMap@1e6dad8], http://www.dbunit.org/properties/metadataHandler=org.dbunit.database.DefaultMetadataHandler@6fc6deb7, http://www.dbunit.org/properties/fetchSize=100, http://www.dbunit.org/properties/resultSetTableFactory=org.dbunit.database.CachedResultSetTableFactory@8ed9cf, http://www.dbunit.org/features/datatypeWarning=true, http://www.dbunit.org/properties/escapePattern=null, http://www.dbunit.org/properties/allowVerifytabledefinitionExpectedtableCountMismatch=false}], _dataSet=AbstractDataSet[_orderedTableNameMap=null]]) - start
13:20:17.269 [main] DEBUG org.dbunit.operation.AbstractOperation - getQualifiedName(prefix=null, name=TB_RELATORIO, connection=org.dbunit.database.DatabaseConnection[schema=null, connection=org.apache.derby.client.net.NetConnection@7d7cac8, super=_databaseConfig=org.dbunit.database.DatabaseConfig[, _propertyMap={http://www.dbunit.org/features/qualifiedTableNames=false, http://www.dbunit.org/properties/tableType=[Ljava.lang.String;@2d2acd89, http://www.dbunit.org/properties/batchSize=100, http://www.dbunit.org/properties/statementFactory=org.dbunit.database.statement.PreparedStatementFactory@7baf6acf, http://www.dbunit.org/features/batchedStatements=false, http://www.dbunit.org/features/caseSensitiveTableNames=false, http://www.dbunit.org/features/allowEmptyFields=false, http://www.dbunit.org/properties/datatypeFactory=org.dbunit.dataset.datatype.DefaultDataTypeFactory[_toleratedDeltaMap=org.dbunit.dataset.datatype.ToleratedDeltaMap@1e6dad8], http://www.dbunit.org/properties/metadataHandler=org.dbunit.database.DefaultMetadataHandler@6fc6deb7, http://www.dbunit.org/properties/fetchSize=100, http://www.dbunit.org/properties/resultSetTableFactory=org.dbunit.database.CachedResultSetTableFactory@8ed9cf, http://www.dbunit.org/features/datatypeWarning=true, http://www.dbunit.org/properties/escapePattern=null, http://www.dbunit.org/properties/allowVerifytabledefinitionExpectedtableCountMismatch=false}], _dataSet=AbstractDataSet[_orderedTableNameMap=null]]) - start
13:20:17.269 [main] DEBUG org.dbunit.util.QualifiedTableName - getQualifiedName() - start
13:20:17.269 [main] DEBUG org.dbunit.util.QualifiedTableName - getQualifiedName(prefix=null, name=TB_RELATORIO, escapePattern=null) - start
13:20:17.269 [main] DEBUG org.dbunit.operation.AbstractOperation - getQualifiedName(prefix=null, name=ID_RELATORIO, connection=org.dbunit.database.DatabaseConnection[schema=null, connection=org.apache.derby.client.net.NetConnection@7d7cac8, super=_databaseConfig=org.dbunit.database.DatabaseConfig[, _propertyMap={http://www.dbunit.org/features/qualifiedTableNames=false, http://www.dbunit.org/properties/tableType=[Ljava.lang.String;@2d2acd89, http://www.dbunit.org/properties/batchSize=100, http://www.dbunit.org/properties/statementFactory=org.dbunit.database.statement.PreparedStatementFactory@7baf6acf, http://www.dbunit.org/features/batchedStatements=false, http://www.dbunit.org/features/caseSensitiveTableNames=false, http://www.dbunit.org/features/allowEmptyFields=false, http://www.dbunit.org/properties/datatypeFactory=org.dbunit.dataset.datatype.DefaultDataTypeFactory[_toleratedDeltaMap=org.dbunit.dataset.datatype.ToleratedDeltaMap@1e6dad8], http://www.dbunit.org/properties/metadataHandler=org.dbunit.database.DefaultMetadataHandler@6fc6deb7, http://www.dbunit.org/properties/fetchSize=100, http://www.dbunit.org/properties/resultSetTableFactory=org.dbunit.database.CachedResultSetTableFactory@8ed9cf, http://www.dbunit.org/features/datatypeWarning=true, http://www.dbunit.org/properties/escapePattern=null, http://www.dbunit.org/properties/allowVerifytabledefinitionExpectedtableCountMismatch=false}], _dataSet=AbstractDataSet[_orderedTableNameMap=null]]) - start
13:20:17.269 [main] DEBUG org.dbunit.util.QualifiedTableName - getQualifiedName() - start
13:20:17.269 [main] DEBUG org.dbunit.util.QualifiedTableName - getQualifiedName(prefix=null, name=ID_RELATORIO, escapePattern=null) - start
13:20:17.269 [main] DEBUG org.dbunit.operation.AbstractOperation - getQualifiedName(prefix=null, name=TITULO_RELATORIO, connection=org.dbunit.database.DatabaseConnection[schema=null, connection=org.apache.derby.client.net.NetConnection@7d7cac8, super=_databaseConfig=org.dbunit.database.DatabaseConfig[, _propertyMap={http://www.dbunit.org/features/qualifiedTableNames=false, http://www.dbunit.org/properties/tableType=[Ljava.lang.String;@2d2acd89, http://www.dbunit.org/properties/batchSize=100, http://www.dbunit.org/properties/statementFactory=org.dbunit.database.statement.PreparedStatementFactory@7baf6acf, http://www.dbunit.org/features/batchedStatements=false, http://www.dbunit.org/features/caseSensitiveTableNames=false, http://www.dbunit.org/features/allowEmptyFields=false, http://www.dbunit.org/properties/datatypeFactory=org.dbunit.dataset.datatype.DefaultDataTypeFactory[_toleratedDeltaMap=org.dbunit.dataset.datatype.ToleratedDeltaMap@1e6dad8], http://www.dbunit.org/properties/metadataHandler=org.dbunit.database.DefaultMetadataHandler@6fc6deb7, http://www.dbunit.org/properties/fetchSize=100, http://www.dbunit.org/properties/resultSetTableFactory=org.dbunit.database.CachedResultSetTableFactory@8ed9cf, http://www.dbunit.org/features/datatypeWarning=true, http://www.dbunit.org/properties/escapePattern=null, http://www.dbunit.org/properties/allowVerifytabledefinitionExpectedtableCountMismatch=false}], _dataSet=AbstractDataSet[_orderedTableNameMap=null]]) - start
13:20:17.270 [main] DEBUG org.dbunit.util.QualifiedTableName - getQualifiedName() - start
13:20:17.270 [main] DEBUG org.dbunit.util.QualifiedTableName - getQualifiedName(prefix=null, name=TITULO_RELATORIO, escapePattern=null) - start
13:20:17.270 [main] DEBUG org.dbunit.operation.AbstractOperation - getQualifiedName(prefix=null, name=DATA_CRIACAO_RELATORIO, connection=org.dbunit.database.DatabaseConnection[schema=null, connection=org.apache.derby.client.net.NetConnection@7d7cac8, super=_databaseConfig=org.dbunit.database.DatabaseConfig[, _propertyMap={http://www.dbunit.org/features/qualifiedTableNames=false, http://www.dbunit.org/properties/tableType=[Ljava.lang.String;@2d2acd89, http://www.dbunit.org/properties/batchSize=100, http://www.dbunit.org/properties/statementFactory=org.dbunit.database.statement.PreparedStatementFactory@7baf6acf, http://www.dbunit.org/features/batchedStatements=false, http://www.dbunit.org/features/caseSensitiveTableNames=false, http://www.dbunit.org/features/allowEmptyFields=false, http://www.dbunit.org/properties/datatypeFactory=org.dbunit.dataset.datatype.DefaultDataTypeFactory[_toleratedDeltaMap=org.dbunit.dataset.datatype.ToleratedDeltaMap@1e6dad8], http://www.dbunit.org/properties/metadataHandler=org.dbunit.database.DefaultMetadataHandler@6fc6deb7, http://www.dbunit.org/properties/fetchSize=100, http://www.dbunit.org/properties/resultSetTableFactory=org.dbunit.database.CachedResultSetTableFactory@8ed9cf, http://www.dbunit.org/features/datatypeWarning=true, http://www.dbunit.org/properties/escapePattern=null, http://www.dbunit.org/properties/allowVerifytabledefinitionExpectedtableCountMismatch=false}], _dataSet=AbstractDataSet[_orderedTableNameMap=null]]) - start
13:20:17.270 [main] DEBUG org.dbunit.util.QualifiedTableName - getQualifiedName() - start
13:20:17.270 [main] DEBUG org.dbunit.util.QualifiedTableName - getQualifiedName(prefix=null, name=DATA_CRIACAO_RELATORIO, escapePattern=null) - start
13:20:17.270 [main] DEBUG org.dbunit.operation.AbstractOperation - getQualifiedName(prefix=null, name=AUTOR_RELATORIO, connection=org.dbunit.database.DatabaseConnection[schema=null, connection=org.apache.derby.client.net.NetConnection@7d7cac8, super=_databaseConfig=org.dbunit.database.DatabaseConfig[, _propertyMap={http://www.dbunit.org/features/qualifiedTableNames=false, http://www.dbunit.org/properties/tableType=[Ljava.lang.String;@2d2acd89, http://www.dbunit.org/properties/batchSize=100, http://www.dbunit.org/properties/statementFactory=org.dbunit.database.statement.PreparedStatementFactory@7baf6acf, http://www.dbunit.org/features/batchedStatements=false, http://www.dbunit.org/features/caseSensitiveTableNames=false, http://www.dbunit.org/features/allowEmptyFields=false, http://www.dbunit.org/properties/datatypeFactory=org.dbunit.dataset.datatype.DefaultDataTypeFactory[_toleratedDeltaMap=org.dbunit.dataset.datatype.ToleratedDeltaMap@1e6dad8], http://www.dbunit.org/properties/metadataHandler=org.dbunit.database.DefaultMetadataHandler@6fc6deb7, http://www.dbunit.org/properties/fetchSize=100, http://www.dbunit.org/properties/resultSetTableFactory=org.dbunit.database.CachedResultSetTableFactory@8ed9cf, http://www.dbunit.org/features/datatypeWarning=true, http://www.dbunit.org/properties/escapePattern=null, http://www.dbunit.org/properties/allowVerifytabledefinitionExpectedtableCountMismatch=false}], _dataSet=AbstractDataSet[_orderedTableNameMap=null]]) - start
13:20:17.270 [main] DEBUG org.dbunit.util.QualifiedTableName - getQualifiedName() - start
13:20:17.270 [main] DEBUG org.dbunit.util.QualifiedTableName - getQualifiedName(prefix=null, name=AUTOR_RELATORIO, escapePattern=null) - start
13:20:17.270 [main] DEBUG org.dbunit.operation.AbstractOperation - getQualifiedName(prefix=null, name=DESCRICAO_RELATORIO, connection=org.dbunit.database.DatabaseConnection[schema=null, connection=org.apache.derby.client.net.NetConnection@7d7cac8, super=_databaseConfig=org.dbunit.database.DatabaseConfig[, _propertyMap={http://www.dbunit.org/features/qualifiedTableNames=false, http://www.dbunit.org/properties/tableType=[Ljava.lang.String;@2d2acd89, http://www.dbunit.org/properties/batchSize=100, http://www.dbunit.org/properties/statementFactory=org.dbunit.database.statement.PreparedStatementFactory@7baf6acf, http://www.dbunit.org/features/batchedStatements=false, http://www.dbunit.org/features/caseSensitiveTableNames=false, http://www.dbunit.org/features/allowEmptyFields=false, http://www.dbunit.org/properties/datatypeFactory=org.dbunit.dataset.datatype.DefaultDataTypeFactory[_toleratedDeltaMap=org.dbunit.dataset.datatype.ToleratedDeltaMap@1e6dad8], http://www.dbunit.org/properties/metadataHandler=org.dbunit.database.DefaultMetadataHandler@6fc6deb7, http://www.dbunit.org/properties/fetchSize=100, http://www.dbunit.org/properties/resultSetTableFactory=org.dbunit.database.CachedResultSetTableFactory@8ed9cf, http://www.dbunit.org/features/datatypeWarning=true, http://www.dbunit.org/properties/escapePattern=null, http://www.dbunit.org/properties/allowVerifytabledefinitionExpectedtableCountMismatch=false}], _dataSet=AbstractDataSet[_orderedTableNameMap=null]]) - start
13:20:17.270 [main] DEBUG org.dbunit.util.QualifiedTableName - getQualifiedName() - start
13:20:17.270 [main] DEBUG org.dbunit.util.QualifiedTableName - getQualifiedName(prefix=null, name=DESCRICAO_RELATORIO, escapePattern=null) - start
13:20:17.270 [main] DEBUG org.dbunit.operation.AbstractOperation - getQualifiedName(prefix=null, name=CONTEUDO_RELATORIO, connection=org.dbunit.database.DatabaseConnection[schema=null, connection=org.apache.derby.client.net.NetConnection@7d7cac8, super=_databaseConfig=org.dbunit.database.DatabaseConfig[, _propertyMap={http://www.dbunit.org/features/qualifiedTableNames=false, http://www.dbunit.org/properties/tableType=[Ljava.lang.String;@2d2acd89, http://www.dbunit.org/properties/batchSize=100, http://www.dbunit.org/properties/statementFactory=org.dbunit.database.statement.PreparedStatementFactory@7baf6acf, http://www.dbunit.org/features/batchedStatements=false, http://www.dbunit.org/features/caseSensitiveTableNames=false, http://www.dbunit.org/features/allowEmptyFields=false, http://www.dbunit.org/properties/datatypeFactory=org.dbunit.dataset.datatype.DefaultDataTypeFactory[_toleratedDeltaMap=org.dbunit.dataset.datatype.ToleratedDeltaMap@1e6dad8], http://www.dbunit.org/properties/metadataHandler=org.dbunit.database.DefaultMetadataHandler@6fc6deb7, http://www.dbunit.org/properties/fetchSize=100, http://www.dbunit.org/properties/resultSetTableFactory=org.dbunit.database.CachedResultSetTableFactory@8ed9cf, http://www.dbunit.org/features/datatypeWarning=true, http://www.dbunit.org/properties/escapePattern=null, http://www.dbunit.org/properties/allowVerifytabledefinitionExpectedtableCountMismatch=false}], _dataSet=AbstractDataSet[_orderedTableNameMap=null]]) - start
13:20:17.270 [main] DEBUG org.dbunit.util.QualifiedTableName - getQualifiedName() - start
13:20:17.270 [main] DEBUG org.dbunit.util.QualifiedTableName - getQualifiedName(prefix=null, name=CONTEUDO_RELATORIO, escapePattern=null) - start
13:20:17.270 [main] DEBUG org.dbunit.database.statement.PreparedStatementFactory - createPreparedBatchStatement(sql=insert into TB_RELATORIO (ID_RELATORIO, TITULO_RELATORIO, DATA_CRIACAO_RELATORIO, AUTOR_RELATORIO, DESCRICAO_RELATORIO, CONTEUDO_RELATORIO) values (?, ?, ?, ?, ?, ?), connection=org.dbunit.database.DatabaseConnection[schema=null, connection=org.apache.derby.client.net.NetConnection@7d7cac8, super=_databaseConfig=org.dbunit.database.DatabaseConfig[, _propertyMap={http://www.dbunit.org/features/qualifiedTableNames=false, http://www.dbunit.org/properties/tableType=[Ljava.lang.String;@2d2acd89, http://www.dbunit.org/properties/batchSize=100, http://www.dbunit.org/properties/statementFactory=org.dbunit.database.statement.PreparedStatementFactory@7baf6acf, http://www.dbunit.org/features/batchedStatements=false, http://www.dbunit.org/features/caseSensitiveTableNames=false, http://www.dbunit.org/features/allowEmptyFields=false, http://www.dbunit.org/properties/datatypeFactory=org.dbunit.dataset.datatype.DefaultDataTypeFactory[_toleratedDeltaMap=org.dbunit.dataset.datatype.ToleratedDeltaMap@1e6dad8], http://www.dbunit.org/properties/metadataHandler=org.dbunit.database.DefaultMetadataHandler@6fc6deb7, http://www.dbunit.org/properties/fetchSize=100, http://www.dbunit.org/properties/resultSetTableFactory=org.dbunit.database.CachedResultSetTableFactory@8ed9cf, http://www.dbunit.org/features/datatypeWarning=true, http://www.dbunit.org/properties/escapePattern=null, http://www.dbunit.org/properties/allowVerifytabledefinitionExpectedtableCountMismatch=false}], _dataSet=AbstractDataSet[_orderedTableNameMap=null]]) - start
13:20:17.270 [main] DEBUG org.dbunit.database.statement.AbstractStatementFactory - supportBatchStatement(connection=org.dbunit.database.DatabaseConnection[schema=null, connection=org.apache.derby.client.net.NetConnection@7d7cac8, super=_databaseConfig=org.dbunit.database.DatabaseConfig[, _propertyMap={http://www.dbunit.org/features/qualifiedTableNames=false, http://www.dbunit.org/properties/tableType=[Ljava.lang.String;@2d2acd89, http://www.dbunit.org/properties/batchSize=100, http://www.dbunit.org/properties/statementFactory=org.dbunit.database.statement.PreparedStatementFactory@7baf6acf, http://www.dbunit.org/features/batchedStatements=false, http://www.dbunit.org/features/caseSensitiveTableNames=false, http://www.dbunit.org/features/allowEmptyFields=false, http://www.dbunit.org/properties/datatypeFactory=org.dbunit.dataset.datatype.DefaultDataTypeFactory[_toleratedDeltaMap=org.dbunit.dataset.datatype.ToleratedDeltaMap@1e6dad8], http://www.dbunit.org/properties/metadataHandler=org.dbunit.database.DefaultMetadataHandler@6fc6deb7, http://www.dbunit.org/properties/fetchSize=100, http://www.dbunit.org/properties/resultSetTableFactory=org.dbunit.database.CachedResultSetTableFactory@8ed9cf, http://www.dbunit.org/features/datatypeWarning=true, http://www.dbunit.org/properties/escapePattern=null, http://www.dbunit.org/properties/allowVerifytabledefinitionExpectedtableCountMismatch=false}], _dataSet=AbstractDataSet[_orderedTableNameMap=null]]) - start
13:20:17.273 [main] DEBUG org.dbunit.dataset.DefaultTable - getValue(row=0, column=ID_RELATORIO) - start
13:20:17.273 [main] DEBUG org.dbunit.dataset.AbstractTable - assertValidRowIndex(row=0) - start
13:20:17.273 [main] DEBUG org.dbunit.dataset.AbstractTable - assertValidRowIndex(row=0, rowCount=2) - start
13:20:17.273 [main] DEBUG org.dbunit.dataset.AbstractTable - getColumnIndex(columnName=ID_RELATORIO) - start
13:20:17.273 [main] DEBUG org.dbunit.dataset.AbstractTableMetaData - getColumnIndex(columnName=ID_RELATORIO) - start
13:20:17.273 [main] DEBUG org.dbunit.database.statement.AutomaticPreparedBatchStatement - addValue(value=18, dataType=BIGINT) - start
13:20:17.273 [main] DEBUG org.dbunit.database.statement.SimplePreparedStatement - addValue(value=18, dataType=BIGINT) - start
13:20:17.273 [main] DEBUG org.dbunit.dataset.datatype.BigIntegerDataType - setSqlValue(value=18, column=1, statement=org.apache.derby.client.am.ClientPreparedStatement42@4ba6ec50) - start
13:20:17.273 [main] DEBUG org.dbunit.dataset.datatype.BigIntegerDataType - typeCast(value=18) - start
13:20:17.273 [main] DEBUG org.dbunit.dataset.DefaultTable - getValue(row=0, column=TITULO_RELATORIO) - start
13:20:17.273 [main] DEBUG org.dbunit.dataset.AbstractTable - assertValidRowIndex(row=0) - start
13:20:17.273 [main] DEBUG org.dbunit.dataset.AbstractTable - assertValidRowIndex(row=0, rowCount=2) - start
13:20:17.273 [main] DEBUG org.dbunit.dataset.AbstractTable - getColumnIndex(columnName=TITULO_RELATORIO) - start
13:20:17.273 [main] DEBUG org.dbunit.dataset.AbstractTableMetaData - getColumnIndex(columnName=TITULO_RELATORIO) - start
13:20:17.273 [main] DEBUG org.dbunit.database.statement.AutomaticPreparedBatchStatement - addValue(value=Relatório de Azure, dataType=VARCHAR) - start
13:20:17.273 [main] DEBUG org.dbunit.database.statement.SimplePreparedStatement - addValue(value=Relatório de Azure, dataType=VARCHAR) - start
13:20:17.273 [main] DEBUG org.dbunit.dataset.datatype.StringDataType - setSqlValue(value=Relatório de Azure, column=2, statement=org.apache.derby.client.am.ClientPreparedStatement42@4ba6ec50) - start
13:20:17.273 [main] DEBUG org.dbunit.dataset.datatype.DataType - asString(value=Relatório de Azure) - start
13:20:17.273 [main] DEBUG org.dbunit.dataset.datatype.StringDataType - typeCast(value=Relatório de Azure) - start
13:20:17.273 [main] DEBUG org.dbunit.dataset.DefaultTable - getValue(row=0, column=DATA_CRIACAO_RELATORIO) - start
13:20:17.273 [main] DEBUG org.dbunit.dataset.AbstractTable - assertValidRowIndex(row=0) - start
13:20:17.273 [main] DEBUG org.dbunit.dataset.AbstractTable - assertValidRowIndex(row=0, rowCount=2) - start
13:20:17.273 [main] DEBUG org.dbunit.dataset.AbstractTable - getColumnIndex(columnName=DATA_CRIACAO_RELATORIO) - start
13:20:17.273 [main] DEBUG org.dbunit.dataset.AbstractTableMetaData - getColumnIndex(columnName=DATA_CRIACAO_RELATORIO) - start
13:20:17.273 [main] DEBUG org.dbunit.database.statement.AutomaticPreparedBatchStatement - addValue(value=2024-06-01, dataType=DATE) - start
13:20:17.273 [main] DEBUG org.dbunit.database.statement.SimplePreparedStatement - addValue(value=2024-06-01, dataType=DATE) - start
13:20:17.273 [main] DEBUG org.dbunit.dataset.datatype.DateDataType - setSqlValue(value=2024-06-01, column=3, statement=org.apache.derby.client.am.ClientPreparedStatement42@4ba6ec50) - start
13:20:17.273 [main] DEBUG org.dbunit.dataset.datatype.DateDataType - typeCast(value=2024-06-01) - start
13:20:17.273 [main] DEBUG org.dbunit.dataset.DefaultTable - getValue(row=0, column=AUTOR_RELATORIO) - start
13:20:17.273 [main] DEBUG org.dbunit.dataset.AbstractTable - assertValidRowIndex(row=0) - start
13:20:17.273 [main] DEBUG org.dbunit.dataset.AbstractTable - assertValidRowIndex(row=0, rowCount=2) - start
13:20:17.273 [main] DEBUG org.dbunit.dataset.AbstractTable - getColumnIndex(columnName=AUTOR_RELATORIO) - start
13:20:17.273 [main] DEBUG org.dbunit.dataset.AbstractTableMetaData - getColumnIndex(columnName=AUTOR_RELATORIO) - start
13:20:17.273 [main] DEBUG org.dbunit.database.statement.AutomaticPreparedBatchStatement - addValue(value=John Doe, dataType=VARCHAR) - start
13:20:17.273 [main] DEBUG org.dbunit.database.statement.SimplePreparedStatement - addValue(value=John Doe, dataType=VARCHAR) - start
13:20:17.273 [main] DEBUG org.dbunit.dataset.datatype.StringDataType - setSqlValue(value=John Doe, column=4, statement=org.apache.derby.client.am.ClientPreparedStatement42@4ba6ec50) - start
13:20:17.274 [main] DEBUG org.dbunit.dataset.datatype.DataType - asString(value=John Doe) - start
13:20:17.274 [main] DEBUG org.dbunit.dataset.datatype.StringDataType - typeCast(value=John Doe) - start
13:20:17.274 [main] DEBUG org.dbunit.dataset.DefaultTable - getValue(row=0, column=DESCRICAO_RELATORIO) - start
13:20:17.274 [main] DEBUG org.dbunit.dataset.AbstractTable - assertValidRowIndex(row=0) - start
13:20:17.274 [main] DEBUG org.dbunit.dataset.AbstractTable - assertValidRowIndex(row=0, rowCount=2) - start
13:20:17.274 [main] DEBUG org.dbunit.dataset.AbstractTable - getColumnIndex(columnName=DESCRICAO_RELATORIO) - start
13:20:17.274 [main] DEBUG org.dbunit.dataset.AbstractTableMetaData - getColumnIndex(columnName=DESCRICAO_RELATORIO) - start
13:20:17.274 [main] DEBUG org.dbunit.database.statement.AutomaticPreparedBatchStatement - addValue(value=Relatório técnico sobre o Azure Cloud, dataType=VARCHAR) - start
13:20:17.274 [main] DEBUG org.dbunit.database.statement.SimplePreparedStatement - addValue(value=Relatório técnico sobre o Azure Cloud, dataType=VARCHAR) - start
13:20:17.274 [main] DEBUG org.dbunit.dataset.datatype.StringDataType - setSqlValue(value=Relatório técnico sobre o Azure Cloud, column=5, statement=org.apache.derby.client.am.ClientPreparedStatement42@4ba6ec50) - start
13:20:17.274 [main] DEBUG org.dbunit.dataset.datatype.DataType - asString(value=Relatório técnico sobre o Azure Cloud) - start
13:20:17.274 [main] DEBUG org.dbunit.dataset.datatype.StringDataType - typeCast(value=Relatório técnico sobre o Azure Cloud) - start
13:20:17.274 [main] DEBUG org.dbunit.dataset.DefaultTable - getValue(row=0, column=CONTEUDO_RELATORIO) - start
13:20:17.274 [main] DEBUG org.dbunit.dataset.AbstractTable - assertValidRowIndex(row=0) - start
13:20:17.274 [main] DEBUG org.dbunit.dataset.AbstractTable - assertValidRowIndex(row=0, rowCount=2) - start
13:20:17.274 [main] DEBUG org.dbunit.dataset.AbstractTable - getColumnIndex(columnName=CONTEUDO_RELATORIO) - start
13:20:17.274 [main] DEBUG org.dbunit.dataset.AbstractTableMetaData - getColumnIndex(columnName=CONTEUDO_RELATORIO) - start
13:20:17.274 [main] DEBUG org.dbunit.database.statement.AutomaticPreparedBatchStatement - addValue(value=Conteúdo detalhado sobre a plataforma Azure..., dataType=VARCHAR) - start
13:20:17.274 [main] DEBUG org.dbunit.database.statement.SimplePreparedStatement - addValue(value=Conteúdo detalhado sobre a plataforma Azure..., dataType=VARCHAR) - start
13:20:17.274 [main] DEBUG org.dbunit.dataset.datatype.StringDataType - setSqlValue(value=Conteúdo detalhado sobre a plataforma Azure..., column=6, statement=org.apache.derby.client.am.ClientPreparedStatement42@4ba6ec50) - start
13:20:17.274 [main] DEBUG org.dbunit.dataset.datatype.DataType - asString(value=Conteúdo detalhado sobre a plataforma Azure...) - start
13:20:17.274 [main] DEBUG org.dbunit.dataset.datatype.StringDataType - typeCast(value=Conteúdo detalhado sobre a plataforma Azure...) - start
13:20:17.274 [main] DEBUG org.dbunit.database.statement.AutomaticPreparedBatchStatement - addBatch() - start
13:20:17.274 [main] DEBUG org.dbunit.database.statement.SimplePreparedStatement - addBatch() - start
13:20:17.275 [main] DEBUG org.dbunit.operation.InsertOperation - equalsIgnoreMapping(ignoreMapping={}, table=org.dbunit.dataset.DefaultTable[_metaData=tableName=TB_RELATORIO, columns=[(ID_RELATORIO, UNKNOWN, nullableUnknown), (TITULO_RELATORIO, UNKNOWN, nullableUnknown), (DATA_CRIACAO_RELATORIO, UNKNOWN, nullableUnknown), (AUTOR_RELATORIO, UNKNOWN, nullableUnknown), (DESCRICAO_RELATORIO, UNKNOWN, nullableUnknown), (CONTEUDO_RELATORIO, UNKNOWN, nullableUnknown)], keys=[], _rowList.size()=2], row=1) - start
13:20:17.275 [main] DEBUG org.dbunit.dataset.DefaultTable - getValue(row=1, column=ID_RELATORIO) - start
13:20:17.275 [main] DEBUG org.dbunit.dataset.AbstractTable - assertValidRowIndex(row=1) - start
13:20:17.275 [main] DEBUG org.dbunit.dataset.AbstractTable - assertValidRowIndex(row=1, rowCount=2) - start
13:20:17.275 [main] DEBUG org.dbunit.dataset.AbstractTable - getColumnIndex(columnName=ID_RELATORIO) - start
13:20:17.275 [main] DEBUG org.dbunit.dataset.AbstractTableMetaData - getColumnIndex(columnName=ID_RELATORIO) - start
13:20:17.275 [main] DEBUG org.dbunit.dataset.DefaultTable - getValue(row=1, column=TITULO_RELATORIO) - start
13:20:17.275 [main] DEBUG org.dbunit.dataset.AbstractTable - assertValidRowIndex(row=1) - start
13:20:17.275 [main] DEBUG org.dbunit.dataset.AbstractTable - assertValidRowIndex(row=1, rowCount=2) - start
13:20:17.275 [main] DEBUG org.dbunit.dataset.AbstractTable - getColumnIndex(columnName=TITULO_RELATORIO) - start
13:20:17.275 [main] DEBUG org.dbunit.dataset.AbstractTableMetaData - getColumnIndex(columnName=TITULO_RELATORIO) - start
13:20:17.275 [main] DEBUG org.dbunit.dataset.DefaultTable - getValue(row=1, column=DATA_CRIACAO_RELATORIO) - start
13:20:17.275 [main] DEBUG org.dbunit.dataset.AbstractTable - assertValidRowIndex(row=1) - start
13:20:17.275 [main] DEBUG org.dbunit.dataset.AbstractTable - assertValidRowIndex(row=1, rowCount=2) - start
13:20:17.275 [main] DEBUG org.dbunit.dataset.AbstractTable - getColumnIndex(columnName=DATA_CRIACAO_RELATORIO) - start
13:20:17.275 [main] DEBUG org.dbunit.dataset.AbstractTableMetaData - getColumnIndex(columnName=DATA_CRIACAO_RELATORIO) - start
13:20:17.275 [main] DEBUG org.dbunit.dataset.DefaultTable - getValue(row=1, column=AUTOR_RELATORIO) - start
13:20:17.275 [main] DEBUG org.dbunit.dataset.AbstractTable - assertValidRowIndex(row=1) - start
13:20:17.275 [main] DEBUG org.dbunit.dataset.AbstractTable - assertValidRowIndex(row=1, rowCount=2) - start
13:20:17.275 [main] DEBUG org.dbunit.dataset.AbstractTable - getColumnIndex(columnName=AUTOR_RELATORIO) - start
13:20:17.275 [main] DEBUG org.dbunit.dataset.AbstractTableMetaData - getColumnIndex(columnName=AUTOR_RELATORIO) - start
13:20:17.275 [main] DEBUG org.dbunit.dataset.DefaultTable - getValue(row=1, column=DESCRICAO_RELATORIO) - start
13:20:17.275 [main] DEBUG org.dbunit.dataset.AbstractTable - assertValidRowIndex(row=1) - start
13:20:17.275 [main] DEBUG org.dbunit.dataset.AbstractTable - assertValidRowIndex(row=1, rowCount=2) - start
13:20:17.275 [main] DEBUG org.dbunit.dataset.AbstractTable - getColumnIndex(columnName=DESCRICAO_RELATORIO) - start
13:20:17.275 [main] DEBUG org.dbunit.dataset.AbstractTableMetaData - getColumnIndex(columnName=DESCRICAO_RELATORIO) - start
13:20:17.275 [main] DEBUG org.dbunit.dataset.DefaultTable - getValue(row=1, column=CONTEUDO_RELATORIO) - start
13:20:17.275 [main] DEBUG org.dbunit.dataset.AbstractTable - assertValidRowIndex(row=1) - start
13:20:17.275 [main] DEBUG org.dbunit.dataset.AbstractTable - assertValidRowIndex(row=1, rowCount=2) - start
13:20:17.275 [main] DEBUG org.dbunit.dataset.AbstractTable - getColumnIndex(columnName=CONTEUDO_RELATORIO) - start
13:20:17.275 [main] DEBUG org.dbunit.dataset.AbstractTableMetaData - getColumnIndex(columnName=CONTEUDO_RELATORIO) - start
13:20:17.275 [main] DEBUG org.dbunit.dataset.DefaultTable - getValue(row=1, column=ID_RELATORIO) - start
13:20:17.275 [main] DEBUG org.dbunit.dataset.AbstractTable - assertValidRowIndex(row=1) - start
13:20:17.275 [main] DEBUG org.dbunit.dataset.AbstractTable - assertValidRowIndex(row=1, rowCount=2) - start
13:20:17.275 [main] DEBUG org.dbunit.dataset.AbstractTable - getColumnIndex(columnName=ID_RELATORIO) - start
13:20:17.275 [main] DEBUG org.dbunit.dataset.AbstractTableMetaData - getColumnIndex(columnName=ID_RELATORIO) - start
13:20:17.275 [main] DEBUG org.dbunit.database.statement.AutomaticPreparedBatchStatement - addValue(value=29, dataType=BIGINT) - start
13:20:17.275 [main] DEBUG org.dbunit.database.statement.SimplePreparedStatement - addValue(value=29, dataType=BIGINT) - start
13:20:17.275 [main] DEBUG org.dbunit.dataset.datatype.BigIntegerDataType - setSqlValue(value=29, column=1, statement=org.apache.derby.client.am.ClientPreparedStatement42@4ba6ec50) - start
13:20:17.275 [main] DEBUG org.dbunit.dataset.datatype.BigIntegerDataType - typeCast(value=29) - start
13:20:17.275 [main] DEBUG org.dbunit.dataset.DefaultTable - getValue(row=1, column=TITULO_RELATORIO) - start
13:20:17.275 [main] DEBUG org.dbunit.dataset.AbstractTable - assertValidRowIndex(row=1) - start
13:20:17.275 [main] DEBUG org.dbunit.dataset.AbstractTable - assertValidRowIndex(row=1, rowCount=2) - start
13:20:17.275 [main] DEBUG org.dbunit.dataset.AbstractTable - getColumnIndex(columnName=TITULO_RELATORIO) - start
13:20:17.275 [main] DEBUG org.dbunit.dataset.AbstractTableMetaData - getColumnIndex(columnName=TITULO_RELATORIO) - start
13:20:17.275 [main] DEBUG org.dbunit.database.statement.AutomaticPreparedBatchStatement - addValue(value=Relatório de iPhone, dataType=VARCHAR) - start
13:20:17.275 [main] DEBUG org.dbunit.database.statement.SimplePreparedStatement - addValue(value=Relatório de iPhone, dataType=VARCHAR) - start
13:20:17.275 [main] DEBUG org.dbunit.dataset.datatype.StringDataType - setSqlValue(value=Relatório de iPhone, column=2, statement=org.apache.derby.client.am.ClientPreparedStatement42@4ba6ec50) - start
13:20:17.275 [main] DEBUG org.dbunit.dataset.datatype.DataType - asString(value=Relatório de iPhone) - start
13:20:17.275 [main] DEBUG org.dbunit.dataset.datatype.StringDataType - typeCast(value=Relatório de iPhone) - start
13:20:17.275 [main] DEBUG org.dbunit.dataset.DefaultTable - getValue(row=1, column=DATA_CRIACAO_RELATORIO) - start
13:20:17.275 [main] DEBUG org.dbunit.dataset.AbstractTable - assertValidRowIndex(row=1) - start
13:20:17.275 [main] DEBUG org.dbunit.dataset.AbstractTable - assertValidRowIndex(row=1, rowCount=2) - start
13:20:17.275 [main] DEBUG org.dbunit.dataset.AbstractTable - getColumnIndex(columnName=DATA_CRIACAO_RELATORIO) - start
13:20:17.275 [main] DEBUG org.dbunit.dataset.AbstractTableMetaData - getColumnIndex(columnName=DATA_CRIACAO_RELATORIO) - start
13:20:17.275 [main] DEBUG org.dbunit.database.statement.AutomaticPreparedBatchStatement - addValue(value=2024-07-15, dataType=DATE) - start
13:20:17.275 [main] DEBUG org.dbunit.database.statement.SimplePreparedStatement - addValue(value=2024-07-15, dataType=DATE) - start
13:20:17.275 [main] DEBUG org.dbunit.dataset.datatype.DateDataType - setSqlValue(value=2024-07-15, column=3, statement=org.apache.derby.client.am.ClientPreparedStatement42@4ba6ec50) - start
13:20:17.275 [main] DEBUG org.dbunit.dataset.datatype.DateDataType - typeCast(value=2024-07-15) - start
13:20:17.275 [main] DEBUG org.dbunit.dataset.DefaultTable - getValue(row=1, column=AUTOR_RELATORIO) - start
13:20:17.275 [main] DEBUG org.dbunit.dataset.AbstractTable - assertValidRowIndex(row=1) - start
13:20:17.275 [main] DEBUG org.dbunit.dataset.AbstractTable - assertValidRowIndex(row=1, rowCount=2) - start
13:20:17.276 [main] DEBUG org.dbunit.dataset.AbstractTable - getColumnIndex(columnName=AUTOR_RELATORIO) - start
13:20:17.276 [main] DEBUG org.dbunit.dataset.AbstractTableMetaData - getColumnIndex(columnName=AUTOR_RELATORIO) - start
13:20:17.276 [main] DEBUG org.dbunit.database.statement.AutomaticPreparedBatchStatement - addValue(value=Jane Smith, dataType=VARCHAR) - start
13:20:17.276 [main] DEBUG org.dbunit.database.statement.SimplePreparedStatement - addValue(value=Jane Smith, dataType=VARCHAR) - start
13:20:17.276 [main] DEBUG org.dbunit.dataset.datatype.StringDataType - setSqlValue(value=Jane Smith, column=4, statement=org.apache.derby.client.am.ClientPreparedStatement42@4ba6ec50) - start
13:20:17.276 [main] DEBUG org.dbunit.dataset.datatype.DataType - asString(value=Jane Smith) - start
13:20:17.276 [main] DEBUG org.dbunit.dataset.datatype.StringDataType - typeCast(value=Jane Smith) - start
13:20:17.276 [main] DEBUG org.dbunit.dataset.DefaultTable - getValue(row=1, column=DESCRICAO_RELATORIO) - start
13:20:17.276 [main] DEBUG org.dbunit.dataset.AbstractTable - assertValidRowIndex(row=1) - start
13:20:17.276 [main] DEBUG org.dbunit.dataset.AbstractTable - assertValidRowIndex(row=1, rowCount=2) - start
13:20:17.276 [main] DEBUG org.dbunit.dataset.AbstractTable - getColumnIndex(columnName=DESCRICAO_RELATORIO) - start
13:20:17.276 [main] DEBUG org.dbunit.dataset.AbstractTableMetaData - getColumnIndex(columnName=DESCRICAO_RELATORIO) - start
13:20:17.276 [main] DEBUG org.dbunit.database.statement.AutomaticPreparedBatchStatement - addValue(value=Relatório técnico sobre o desenvolvimento do iPhone, dataType=VARCHAR) - start
13:20:17.276 [main] DEBUG org.dbunit.database.statement.SimplePreparedStatement - addValue(value=Relatório técnico sobre o desenvolvimento do iPhone, dataType=VARCHAR) - start
13:20:17.276 [main] DEBUG org.dbunit.dataset.datatype.StringDataType - setSqlValue(value=Relatório técnico sobre o desenvolvimento do iPhone, column=5, statement=org.apache.derby.client.am.ClientPreparedStatement42@4ba6ec50) - start
13:20:17.276 [main] DEBUG org.dbunit.dataset.datatype.DataType - asString(value=Relatório técnico sobre o desenvolvimento do iPhone) - start
13:20:17.276 [main] DEBUG org.dbunit.dataset.datatype.StringDataType - typeCast(value=Relatório técnico sobre o desenvolvimento do iPhone) - start
13:20:17.276 [main] DEBUG org.dbunit.dataset.DefaultTable - getValue(row=1, column=CONTEUDO_RELATORIO) - start
13:20:17.276 [main] DEBUG org.dbunit.dataset.AbstractTable - assertValidRowIndex(row=1) - start
13:20:17.276 [main] DEBUG org.dbunit.dataset.AbstractTable - assertValidRowIndex(row=1, rowCount=2) - start
13:20:17.276 [main] DEBUG org.dbunit.dataset.AbstractTable - getColumnIndex(columnName=CONTEUDO_RELATORIO) - start
13:20:17.276 [main] DEBUG org.dbunit.dataset.AbstractTableMetaData - getColumnIndex(columnName=CONTEUDO_RELATORIO) - start
13:20:17.276 [main] DEBUG org.dbunit.database.statement.AutomaticPreparedBatchStatement - addValue(value=Conteúdo detalhado sobre o desenvolvimento do iPhone..., dataType=VARCHAR) - start
13:20:17.276 [main] DEBUG org.dbunit.database.statement.SimplePreparedStatement - addValue(value=Conteúdo detalhado sobre o desenvolvimento do iPhone..., dataType=VARCHAR) - start
13:20:17.276 [main] DEBUG org.dbunit.dataset.datatype.StringDataType - setSqlValue(value=Conteúdo detalhado sobre o desenvolvimento do iPhone..., column=6, statement=org.apache.derby.client.am.ClientPreparedStatement42@4ba6ec50) - start
13:20:17.276 [main] DEBUG org.dbunit.dataset.datatype.DataType - asString(value=Conteúdo detalhado sobre o desenvolvimento do iPhone...) - start
13:20:17.276 [main] DEBUG org.dbunit.dataset.datatype.StringDataType - typeCast(value=Conteúdo detalhado sobre o desenvolvimento do iPhone...) - start
13:20:17.276 [main] DEBUG org.dbunit.database.statement.AutomaticPreparedBatchStatement - addBatch() - start
13:20:17.276 [main] DEBUG org.dbunit.database.statement.SimplePreparedStatement - addBatch() - start
13:20:17.277 [main] DEBUG org.dbunit.operation.InsertOperation - equalsIgnoreMapping(ignoreMapping={}, table=org.dbunit.dataset.DefaultTable[_metaData=tableName=TB_RELATORIO, columns=[(ID_RELATORIO, UNKNOWN, nullableUnknown), (TITULO_RELATORIO, UNKNOWN, nullableUnknown), (DATA_CRIACAO_RELATORIO, UNKNOWN, nullableUnknown), (AUTOR_RELATORIO, UNKNOWN, nullableUnknown), (DESCRICAO_RELATORIO, UNKNOWN, nullableUnknown), (CONTEUDO_RELATORIO, UNKNOWN, nullableUnknown)], keys=[], _rowList.size()=2], row=2) - start
13:20:17.277 [main] DEBUG org.dbunit.dataset.DefaultTable - getValue(row=2, column=ID_RELATORIO) - start
13:20:17.277 [main] DEBUG org.dbunit.dataset.AbstractTable - assertValidRowIndex(row=2) - start
13:20:17.277 [main] DEBUG org.dbunit.dataset.AbstractTable - assertValidRowIndex(row=2, rowCount=2) - start
13:20:17.277 [main] DEBUG org.dbunit.database.statement.AutomaticPreparedBatchStatement - executeBatch() - start
13:20:17.277 [main] DEBUG org.dbunit.database.statement.SimplePreparedStatement - executeBatch() - start
13:20:17.277 [main] DEBUG org.dbunit.database.statement.SimplePreparedStatement - clearBatch() - start
13:20:17.277 [main] DEBUG org.dbunit.database.statement.AutomaticPreparedBatchStatement - clearBatch() - start
13:20:17.277 [main] DEBUG org.dbunit.database.statement.SimplePreparedStatement - clearBatch() - start
13:20:17.277 [main] DEBUG org.dbunit.database.statement.AutomaticPreparedBatchStatement - close() - start
13:20:17.277 [main] DEBUG org.dbunit.database.statement.AbstractPreparedBatchStatement - close() - start
13:20:17.277 [main] DEBUG org.dbunit.dataset.DefaultTableIterator - getTable() - start
13:20:17.277 [main] DEBUG org.dbunit.operation.AbstractBatchOperation - isEmpty(table=org.dbunit.dataset.DefaultTable[_metaData=tableName=TB_CALENDARIO, columns=[(ID_CALENDARIO, UNKNOWN, nullableUnknown), (DATA_INICIO, UNKNOWN, nullableUnknown), (DATA_FIM, UNKNOWN, nullableUnknown), (HORAS_TOTAIS, UNKNOWN, nullableUnknown)], keys=[], _rowList.size()=2]) - start
13:20:17.277 [main] DEBUG org.dbunit.dataset.DefaultTable - getValue(row=0, column=ID_CALENDARIO) - start
13:20:17.277 [main] DEBUG org.dbunit.dataset.AbstractTable - assertValidRowIndex(row=0) - start
13:20:17.277 [main] DEBUG org.dbunit.dataset.AbstractTable - assertValidRowIndex(row=0, rowCount=2) - start
13:20:17.277 [main] DEBUG org.dbunit.dataset.AbstractTable - getColumnIndex(columnName=ID_CALENDARIO) - start
13:20:17.277 [main] DEBUG org.dbunit.dataset.AbstractTableMetaData - getColumnIndex(columnName=ID_CALENDARIO) - start
13:20:17.277 [main] DEBUG org.dbunit.operation.AbstractOperation - getOperationMetaData(connection=org.dbunit.database.DatabaseConnection[schema=null, connection=org.apache.derby.client.net.NetConnection@7d7cac8, super=_databaseConfig=org.dbunit.database.DatabaseConfig[, _propertyMap={http://www.dbunit.org/features/qualifiedTableNames=false, http://www.dbunit.org/properties/tableType=[Ljava.lang.String;@2d2acd89, http://www.dbunit.org/properties/batchSize=100, http://www.dbunit.org/properties/statementFactory=org.dbunit.database.statement.PreparedStatementFactory@7baf6acf, http://www.dbunit.org/features/batchedStatements=false, http://www.dbunit.org/features/caseSensitiveTableNames=false, http://www.dbunit.org/features/allowEmptyFields=false, http://www.dbunit.org/properties/datatypeFactory=org.dbunit.dataset.datatype.DefaultDataTypeFactory[_toleratedDeltaMap=org.dbunit.dataset.datatype.ToleratedDeltaMap@1e6dad8], http://www.dbunit.org/properties/metadataHandler=org.dbunit.database.DefaultMetadataHandler@6fc6deb7, http://www.dbunit.org/properties/fetchSize=100, http://www.dbunit.org/properties/resultSetTableFactory=org.dbunit.database.CachedResultSetTableFactory@8ed9cf, http://www.dbunit.org/features/datatypeWarning=true, http://www.dbunit.org/properties/escapePattern=null, http://www.dbunit.org/properties/allowVerifytabledefinitionExpectedtableCountMismatch=false}], _dataSet=AbstractDataSet[_orderedTableNameMap=null]], metaData=tableName=TB_CALENDARIO, columns=[(ID_CALENDARIO, UNKNOWN, nullableUnknown), (DATA_INICIO, UNKNOWN, nullableUnknown), (DATA_FIM, UNKNOWN, nullableUnknown), (HORAS_TOTAIS, UNKNOWN, nullableUnknown)], keys=[]) - start
13:20:17.277 [main] DEBUG org.dbunit.database.AbstractDatabaseConnection - createDataSet() - start
13:20:17.277 [main] DEBUG org.dbunit.database.DatabaseDataSet - getTableMetaData(tableName=TB_CALENDARIO) - start
13:20:17.277 [main] DEBUG org.dbunit.database.DatabaseDataSet - initialize() - start
13:20:17.277 [main] DEBUG org.dbunit.dataset.OrderedTableNameMap - getTableName(tableName=TB_CALENDARIO) - start
13:20:17.277 [main] DEBUG org.dbunit.dataset.OrderedTableNameMap - getTableName(tableName=TB_CALENDARIO) - end - result=TB_CALENDARIO
13:20:17.277 [main] DEBUG org.dbunit.dataset.OrderedTableNameMap - getTableName(tableName=TB_CALENDARIO) - start
13:20:17.277 [main] DEBUG org.dbunit.dataset.OrderedTableNameMap - getTableName(tableName=TB_CALENDARIO) - end - result=TB_CALENDARIO
13:20:17.277 [main] DEBUG org.dbunit.dataset.AbstractTableMetaData - getColumnIndex(columnName=ID_CALENDARIO) - start
13:20:17.277 [main] DEBUG org.dbunit.database.DatabaseTableMetaData - getColumns() - start
13:20:17.277 [main] DEBUG org.dbunit.database.DatabaseTableMetaData - getColumns() - start
13:20:17.277 [main] DEBUG org.dbunit.dataset.AbstractTableMetaData - getColumnIndex(columnName=DATA_INICIO) - start
13:20:17.277 [main] DEBUG org.dbunit.database.DatabaseTableMetaData - getColumns() - start
13:20:17.277 [main] DEBUG org.dbunit.dataset.AbstractTableMetaData - getColumnIndex(columnName=DATA_FIM) - start
13:20:17.277 [main] DEBUG org.dbunit.database.DatabaseTableMetaData - getColumns() - start
13:20:17.277 [main] DEBUG org.dbunit.dataset.AbstractTableMetaData - getColumnIndex(columnName=HORAS_TOTAIS) - start
13:20:17.277 [main] DEBUG org.dbunit.database.DatabaseTableMetaData - getColumns() - start
13:20:17.277 [main] DEBUG org.dbunit.database.DatabaseTableMetaData - getPrimaryKeys() - start
13:20:17.277 [main] DEBUG org.dbunit.operation.InsertOperation - getIgnoreMapping(table=org.dbunit.dataset.DefaultTable[_metaData=tableName=TB_CALENDARIO, columns=[(ID_CALENDARIO, UNKNOWN, nullableUnknown), (DATA_INICIO, UNKNOWN, nullableUnknown), (DATA_FIM, UNKNOWN, nullableUnknown), (HORAS_TOTAIS, UNKNOWN, nullableUnknown)], keys=[], _rowList.size()=2], row=0) - start
13:20:17.277 [main] DEBUG org.dbunit.dataset.DefaultTable - getValue(row=0, column=ID_CALENDARIO) - start
13:20:17.277 [main] DEBUG org.dbunit.dataset.AbstractTable - assertValidRowIndex(row=0) - start
13:20:17.277 [main] DEBUG org.dbunit.dataset.AbstractTable - assertValidRowIndex(row=0, rowCount=2) - start
13:20:17.277 [main] DEBUG org.dbunit.dataset.AbstractTable - getColumnIndex(columnName=ID_CALENDARIO) - start
13:20:17.277 [main] DEBUG org.dbunit.dataset.AbstractTableMetaData - getColumnIndex(columnName=ID_CALENDARIO) - start
13:20:17.277 [main] DEBUG org.dbunit.dataset.DefaultTable - getValue(row=0, column=DATA_INICIO) - start
13:20:17.277 [main] DEBUG org.dbunit.dataset.AbstractTable - assertValidRowIndex(row=0) - start
13:20:17.277 [main] DEBUG org.dbunit.dataset.AbstractTable - assertValidRowIndex(row=0, rowCount=2) - start
13:20:17.277 [main] DEBUG org.dbunit.dataset.AbstractTable - getColumnIndex(columnName=DATA_INICIO) - start
13:20:17.277 [main] DEBUG org.dbunit.dataset.AbstractTableMetaData - getColumnIndex(columnName=DATA_INICIO) - start
13:20:17.277 [main] DEBUG org.dbunit.dataset.DefaultTable - getValue(row=0, column=DATA_FIM) - start
13:20:17.277 [main] DEBUG org.dbunit.dataset.AbstractTable - assertValidRowIndex(row=0) - start
13:20:17.277 [main] DEBUG org.dbunit.dataset.AbstractTable - assertValidRowIndex(row=0, rowCount=2) - start
13:20:17.277 [main] DEBUG org.dbunit.dataset.AbstractTable - getColumnIndex(columnName=DATA_FIM) - start
13:20:17.277 [main] DEBUG org.dbunit.dataset.AbstractTableMetaData - getColumnIndex(columnName=DATA_FIM) - start
13:20:17.277 [main] DEBUG org.dbunit.dataset.DefaultTable - getValue(row=0, column=HORAS_TOTAIS) - start
13:20:17.277 [main] DEBUG org.dbunit.dataset.AbstractTable - assertValidRowIndex(row=0) - start
13:20:17.277 [main] DEBUG org.dbunit.dataset.AbstractTable - assertValidRowIndex(row=0, rowCount=2) - start
13:20:17.277 [main] DEBUG org.dbunit.dataset.AbstractTable - getColumnIndex(columnName=HORAS_TOTAIS) - start
13:20:17.277 [main] DEBUG org.dbunit.dataset.AbstractTableMetaData - getColumnIndex(columnName=HORAS_TOTAIS) - start
13:20:17.277 [main] DEBUG org.dbunit.operation.InsertOperation - getOperationData(metaData=tableName=TB_CALENDARIO, columns=[(ID_CALENDARIO, BIGINT, noNulls), (DATA_INICIO, DATE, noNulls), (DATA_FIM, DATE, noNulls), (HORAS_TOTAIS, INTEGER, noNulls)], keys=[(ID_CALENDARIO, BIGINT, noNulls)], ignoreMapping={}, connection=org.dbunit.database.DatabaseConnection[schema=null, connection=org.apache.derby.client.net.NetConnection@7d7cac8, super=_databaseConfig=org.dbunit.database.DatabaseConfig[, _propertyMap={http://www.dbunit.org/features/qualifiedTableNames=false, http://www.dbunit.org/properties/tableType=[Ljava.lang.String;@2d2acd89, http://www.dbunit.org/properties/batchSize=100, http://www.dbunit.org/properties/statementFactory=org.dbunit.database.statement.PreparedStatementFactory@7baf6acf, http://www.dbunit.org/features/batchedStatements=false, http://www.dbunit.org/features/caseSensitiveTableNames=false, http://www.dbunit.org/features/allowEmptyFields=false, http://www.dbunit.org/properties/datatypeFactory=org.dbunit.dataset.datatype.DefaultDataTypeFactory[_toleratedDeltaMap=org.dbunit.dataset.datatype.ToleratedDeltaMap@1e6dad8], http://www.dbunit.org/properties/metadataHandler=org.dbunit.database.DefaultMetadataHandler@6fc6deb7, http://www.dbunit.org/properties/fetchSize=100, http://www.dbunit.org/properties/resultSetTableFactory=org.dbunit.database.CachedResultSetTableFactory@8ed9cf, http://www.dbunit.org/features/datatypeWarning=true, http://www.dbunit.org/properties/escapePattern=null, http://www.dbunit.org/properties/allowVerifytabledefinitionExpectedtableCountMismatch=false}], _dataSet=AbstractDataSet[_orderedTableNameMap=null]]) - start
13:20:17.277 [main] DEBUG org.dbunit.operation.AbstractOperation - getQualifiedName(prefix=null, name=TB_CALENDARIO, connection=org.dbunit.database.DatabaseConnection[schema=null, connection=org.apache.derby.client.net.NetConnection@7d7cac8, super=_databaseConfig=org.dbunit.database.DatabaseConfig[, _propertyMap={http://www.dbunit.org/features/qualifiedTableNames=false, http://www.dbunit.org/properties/tableType=[Ljava.lang.String;@2d2acd89, http://www.dbunit.org/properties/batchSize=100, http://www.dbunit.org/properties/statementFactory=org.dbunit.database.statement.PreparedStatementFactory@7baf6acf, http://www.dbunit.org/features/batchedStatements=false, http://www.dbunit.org/features/caseSensitiveTableNames=false, http://www.dbunit.org/features/allowEmptyFields=false, http://www.dbunit.org/properties/datatypeFactory=org.dbunit.dataset.datatype.DefaultDataTypeFactory[_toleratedDeltaMap=org.dbunit.dataset.datatype.ToleratedDeltaMap@1e6dad8], http://www.dbunit.org/properties/metadataHandler=org.dbunit.database.DefaultMetadataHandler@6fc6deb7, http://www.dbunit.org/properties/fetchSize=100, http://www.dbunit.org/properties/resultSetTableFactory=org.dbunit.database.CachedResultSetTableFactory@8ed9cf, http://www.dbunit.org/features/datatypeWarning=true, http://www.dbunit.org/properties/escapePattern=null, http://www.dbunit.org/properties/allowVerifytabledefinitionExpectedtableCountMismatch=false}], _dataSet=AbstractDataSet[_orderedTableNameMap=null]]) - start
13:20:17.277 [main] DEBUG org.dbunit.util.QualifiedTableName - getQualifiedName() - start
13:20:17.277 [main] DEBUG org.dbunit.util.QualifiedTableName - getQualifiedName(prefix=null, name=TB_CALENDARIO, escapePattern=null) - start
13:20:17.277 [main] DEBUG org.dbunit.operation.AbstractOperation - getQualifiedName(prefix=null, name=ID_CALENDARIO, connection=org.dbunit.database.DatabaseConnection[schema=null, connection=org.apache.derby.client.net.NetConnection@7d7cac8, super=_databaseConfig=org.dbunit.database.DatabaseConfig[, _propertyMap={http://www.dbunit.org/features/qualifiedTableNames=false, http://www.dbunit.org/properties/tableType=[Ljava.lang.String;@2d2acd89, http://www.dbunit.org/properties/batchSize=100, http://www.dbunit.org/properties/statementFactory=org.dbunit.database.statement.PreparedStatementFactory@7baf6acf, http://www.dbunit.org/features/batchedStatements=false, http://www.dbunit.org/features/caseSensitiveTableNames=false, http://www.dbunit.org/features/allowEmptyFields=false, http://www.dbunit.org/properties/datatypeFactory=org.dbunit.dataset.datatype.DefaultDataTypeFactory[_toleratedDeltaMap=org.dbunit.dataset.datatype.ToleratedDeltaMap@1e6dad8], http://www.dbunit.org/properties/metadataHandler=org.dbunit.database.DefaultMetadataHandler@6fc6deb7, http://www.dbunit.org/properties/fetchSize=100, http://www.dbunit.org/properties/resultSetTableFactory=org.dbunit.database.CachedResultSetTableFactory@8ed9cf, http://www.dbunit.org/features/datatypeWarning=true, http://www.dbunit.org/properties/escapePattern=null, http://www.dbunit.org/properties/allowVerifytabledefinitionExpectedtableCountMismatch=false}], _dataSet=AbstractDataSet[_orderedTableNameMap=null]]) - start
13:20:17.277 [main] DEBUG org.dbunit.util.QualifiedTableName - getQualifiedName() - start
13:20:17.277 [main] DEBUG org.dbunit.util.QualifiedTableName - getQualifiedName(prefix=null, name=ID_CALENDARIO, escapePattern=null) - start
13:20:17.278 [main] DEBUG org.dbunit.operation.AbstractOperation - getQualifiedName(prefix=null, name=DATA_INICIO, connection=org.dbunit.database.DatabaseConnection[schema=null, connection=org.apache.derby.client.net.NetConnection@7d7cac8, super=_databaseConfig=org.dbunit.database.DatabaseConfig[, _propertyMap={http://www.dbunit.org/features/qualifiedTableNames=false, http://www.dbunit.org/properties/tableType=[Ljava.lang.String;@2d2acd89, http://www.dbunit.org/properties/batchSize=100, http://www.dbunit.org/properties/statementFactory=org.dbunit.database.statement.PreparedStatementFactory@7baf6acf, http://www.dbunit.org/features/batchedStatements=false, http://www.dbunit.org/features/caseSensitiveTableNames=false, http://www.dbunit.org/features/allowEmptyFields=false, http://www.dbunit.org/properties/datatypeFactory=org.dbunit.dataset.datatype.DefaultDataTypeFactory[_toleratedDeltaMap=org.dbunit.dataset.datatype.ToleratedDeltaMap@1e6dad8], http://www.dbunit.org/properties/metadataHandler=org.dbunit.database.DefaultMetadataHandler@6fc6deb7, http://www.dbunit.org/properties/fetchSize=100, http://www.dbunit.org/properties/resultSetTableFactory=org.dbunit.database.CachedResultSetTableFactory@8ed9cf, http://www.dbunit.org/features/datatypeWarning=true, http://www.dbunit.org/properties/escapePattern=null, http://www.dbunit.org/properties/allowVerifytabledefinitionExpectedtableCountMismatch=false}], _dataSet=AbstractDataSet[_orderedTableNameMap=null]]) - start
13:20:17.278 [main] DEBUG org.dbunit.util.QualifiedTableName - getQualifiedName() - start
13:20:17.278 [main] DEBUG org.dbunit.util.QualifiedTableName - getQualifiedName(prefix=null, name=DATA_INICIO, escapePattern=null) - start
13:20:17.278 [main] DEBUG org.dbunit.operation.AbstractOperation - getQualifiedName(prefix=null, name=DATA_FIM, connection=org.dbunit.database.DatabaseConnection[schema=null, connection=org.apache.derby.client.net.NetConnection@7d7cac8, super=_databaseConfig=org.dbunit.database.DatabaseConfig[, _propertyMap={http://www.dbunit.org/features/qualifiedTableNames=false, http://www.dbunit.org/properties/tableType=[Ljava.lang.String;@2d2acd89, http://www.dbunit.org/properties/batchSize=100, http://www.dbunit.org/properties/statementFactory=org.dbunit.database.statement.PreparedStatementFactory@7baf6acf, http://www.dbunit.org/features/batchedStatements=false, http://www.dbunit.org/features/caseSensitiveTableNames=false, http://www.dbunit.org/features/allowEmptyFields=false, http://www.dbunit.org/properties/datatypeFactory=org.dbunit.dataset.datatype.DefaultDataTypeFactory[_toleratedDeltaMap=org.dbunit.dataset.datatype.ToleratedDeltaMap@1e6dad8], http://www.dbunit.org/properties/metadataHandler=org.dbunit.database.DefaultMetadataHandler@6fc6deb7, http://www.dbunit.org/properties/fetchSize=100, http://www.dbunit.org/properties/resultSetTableFactory=org.dbunit.database.CachedResultSetTableFactory@8ed9cf, http://www.dbunit.org/features/datatypeWarning=true, http://www.dbunit.org/properties/escapePattern=null, http://www.dbunit.org/properties/allowVerifytabledefinitionExpectedtableCountMismatch=false}], _dataSet=AbstractDataSet[_orderedTableNameMap=null]]) - start
13:20:17.278 [main] DEBUG org.dbunit.util.QualifiedTableName - getQualifiedName() - start
13:20:17.278 [main] DEBUG org.dbunit.util.QualifiedTableName - getQualifiedName(prefix=null, name=DATA_FIM, escapePattern=null) - start
13:20:17.278 [main] DEBUG org.dbunit.operation.AbstractOperation - getQualifiedName(prefix=null, name=HORAS_TOTAIS, connection=org.dbunit.database.DatabaseConnection[schema=null, connection=org.apache.derby.client.net.NetConnection@7d7cac8, super=_databaseConfig=org.dbunit.database.DatabaseConfig[, _propertyMap={http://www.dbunit.org/features/qualifiedTableNames=false, http://www.dbunit.org/properties/tableType=[Ljava.lang.String;@2d2acd89, http://www.dbunit.org/properties/batchSize=100, http://www.dbunit.org/properties/statementFactory=org.dbunit.database.statement.PreparedStatementFactory@7baf6acf, http://www.dbunit.org/features/batchedStatements=false, http://www.dbunit.org/features/caseSensitiveTableNames=false, http://www.dbunit.org/features/allowEmptyFields=false, http://www.dbunit.org/properties/datatypeFactory=org.dbunit.dataset.datatype.DefaultDataTypeFactory[_toleratedDeltaMap=org.dbunit.dataset.datatype.ToleratedDeltaMap@1e6dad8], http://www.dbunit.org/properties/metadataHandler=org.dbunit.database.DefaultMetadataHandler@6fc6deb7, http://www.dbunit.org/properties/fetchSize=100, http://www.dbunit.org/properties/resultSetTableFactory=org.dbunit.database.CachedResultSetTableFactory@8ed9cf, http://www.dbunit.org/features/datatypeWarning=true, http://www.dbunit.org/properties/escapePattern=null, http://www.dbunit.org/properties/allowVerifytabledefinitionExpectedtableCountMismatch=false}], _dataSet=AbstractDataSet[_orderedTableNameMap=null]]) - start
13:20:17.278 [main] DEBUG org.dbunit.util.QualifiedTableName - getQualifiedName() - start
13:20:17.278 [main] DEBUG org.dbunit.util.QualifiedTableName - getQualifiedName(prefix=null, name=HORAS_TOTAIS, escapePattern=null) - start
13:20:17.278 [main] DEBUG org.dbunit.database.statement.PreparedStatementFactory - createPreparedBatchStatement(sql=insert into TB_CALENDARIO (ID_CALENDARIO, DATA_INICIO, DATA_FIM, HORAS_TOTAIS) values (?, ?, ?, ?), connection=org.dbunit.database.DatabaseConnection[schema=null, connection=org.apache.derby.client.net.NetConnection@7d7cac8, super=_databaseConfig=org.dbunit.database.DatabaseConfig[, _propertyMap={http://www.dbunit.org/features/qualifiedTableNames=false, http://www.dbunit.org/properties/tableType=[Ljava.lang.String;@2d2acd89, http://www.dbunit.org/properties/batchSize=100, http://www.dbunit.org/properties/statementFactory=org.dbunit.database.statement.PreparedStatementFactory@7baf6acf, http://www.dbunit.org/features/batchedStatements=false, http://www.dbunit.org/features/caseSensitiveTableNames=false, http://www.dbunit.org/features/allowEmptyFields=false, http://www.dbunit.org/properties/datatypeFactory=org.dbunit.dataset.datatype.DefaultDataTypeFactory[_toleratedDeltaMap=org.dbunit.dataset.datatype.ToleratedDeltaMap@1e6dad8], http://www.dbunit.org/properties/metadataHandler=org.dbunit.database.DefaultMetadataHandler@6fc6deb7, http://www.dbunit.org/properties/fetchSize=100, http://www.dbunit.org/properties/resultSetTableFactory=org.dbunit.database.CachedResultSetTableFactory@8ed9cf, http://www.dbunit.org/features/datatypeWarning=true, http://www.dbunit.org/properties/escapePattern=null, http://www.dbunit.org/properties/allowVerifytabledefinitionExpectedtableCountMismatch=false}], _dataSet=AbstractDataSet[_orderedTableNameMap=null]]) - start
13:20:17.278 [main] DEBUG org.dbunit.database.statement.AbstractStatementFactory - supportBatchStatement(connection=org.dbunit.database.DatabaseConnection[schema=null, connection=org.apache.derby.client.net.NetConnection@7d7cac8, super=_databaseConfig=org.dbunit.database.DatabaseConfig[, _propertyMap={http://www.dbunit.org/features/qualifiedTableNames=false, http://www.dbunit.org/properties/tableType=[Ljava.lang.String;@2d2acd89, http://www.dbunit.org/properties/batchSize=100, http://www.dbunit.org/properties/statementFactory=org.dbunit.database.statement.PreparedStatementFactory@7baf6acf, http://www.dbunit.org/features/batchedStatements=false, http://www.dbunit.org/features/caseSensitiveTableNames=false, http://www.dbunit.org/features/allowEmptyFields=false, http://www.dbunit.org/properties/datatypeFactory=org.dbunit.dataset.datatype.DefaultDataTypeFactory[_toleratedDeltaMap=org.dbunit.dataset.datatype.ToleratedDeltaMap@1e6dad8], http://www.dbunit.org/properties/metadataHandler=org.dbunit.database.DefaultMetadataHandler@6fc6deb7, http://www.dbunit.org/properties/fetchSize=100, http://www.dbunit.org/properties/resultSetTableFactory=org.dbunit.database.CachedResultSetTableFactory@8ed9cf, http://www.dbunit.org/features/datatypeWarning=true, http://www.dbunit.org/properties/escapePattern=null, http://www.dbunit.org/properties/allowVerifytabledefinitionExpectedtableCountMismatch=false}], _dataSet=AbstractDataSet[_orderedTableNameMap=null]]) - start
13:20:17.280 [main] DEBUG org.dbunit.dataset.DefaultTable - getValue(row=0, column=ID_CALENDARIO) - start
13:20:17.280 [main] DEBUG org.dbunit.dataset.AbstractTable - assertValidRowIndex(row=0) - start
13:20:17.280 [main] DEBUG org.dbunit.dataset.AbstractTable - assertValidRowIndex(row=0, rowCount=2) - start
13:20:17.280 [main] DEBUG org.dbunit.dataset.AbstractTable - getColumnIndex(columnName=ID_CALENDARIO) - start
13:20:17.280 [main] DEBUG org.dbunit.dataset.AbstractTableMetaData - getColumnIndex(columnName=ID_CALENDARIO) - start
13:20:17.280 [main] DEBUG org.dbunit.database.statement.AutomaticPreparedBatchStatement - addValue(value=1, dataType=BIGINT) - start
13:20:17.280 [main] DEBUG org.dbunit.database.statement.SimplePreparedStatement - addValue(value=1, dataType=BIGINT) - start
13:20:17.280 [main] DEBUG org.dbunit.dataset.datatype.BigIntegerDataType - setSqlValue(value=1, column=1, statement=org.apache.derby.client.am.ClientPreparedStatement42@642413d4) - start
13:20:17.280 [main] DEBUG org.dbunit.dataset.datatype.BigIntegerDataType - typeCast(value=1) - start
13:20:17.280 [main] DEBUG org.dbunit.dataset.DefaultTable - getValue(row=0, column=DATA_INICIO) - start
13:20:17.280 [main] DEBUG org.dbunit.dataset.AbstractTable - assertValidRowIndex(row=0) - start
13:20:17.280 [main] DEBUG org.dbunit.dataset.AbstractTable - assertValidRowIndex(row=0, rowCount=2) - start
13:20:17.280 [main] DEBUG org.dbunit.dataset.AbstractTable - getColumnIndex(columnName=DATA_INICIO) - start
13:20:17.280 [main] DEBUG org.dbunit.dataset.AbstractTableMetaData - getColumnIndex(columnName=DATA_INICIO) - start
13:20:17.280 [main] DEBUG org.dbunit.database.statement.AutomaticPreparedBatchStatement - addValue(value=2024-01-01, dataType=DATE) - start
13:20:17.280 [main] DEBUG org.dbunit.database.statement.SimplePreparedStatement - addValue(value=2024-01-01, dataType=DATE) - start
13:20:17.280 [main] DEBUG org.dbunit.dataset.datatype.DateDataType - setSqlValue(value=2024-01-01, column=2, statement=org.apache.derby.client.am.ClientPreparedStatement42@642413d4) - start
13:20:17.280 [main] DEBUG org.dbunit.dataset.datatype.DateDataType - typeCast(value=2024-01-01) - start
13:20:17.280 [main] DEBUG org.dbunit.dataset.DefaultTable - getValue(row=0, column=DATA_FIM) - start
13:20:17.280 [main] DEBUG org.dbunit.dataset.AbstractTable - assertValidRowIndex(row=0) - start
13:20:17.280 [main] DEBUG org.dbunit.dataset.AbstractTable - assertValidRowIndex(row=0, rowCount=2) - start
13:20:17.280 [main] DEBUG org.dbunit.dataset.AbstractTable - getColumnIndex(columnName=DATA_FIM) - start
13:20:17.280 [main] DEBUG org.dbunit.dataset.AbstractTableMetaData - getColumnIndex(columnName=DATA_FIM) - start
13:20:17.280 [main] DEBUG org.dbunit.database.statement.AutomaticPreparedBatchStatement - addValue(value=2024-12-31, dataType=DATE) - start
13:20:17.280 [main] DEBUG org.dbunit.database.statement.SimplePreparedStatement - addValue(value=2024-12-31, dataType=DATE) - start
13:20:17.280 [main] DEBUG org.dbunit.dataset.datatype.DateDataType - setSqlValue(value=2024-12-31, column=3, statement=org.apache.derby.client.am.ClientPreparedStatement42@642413d4) - start
13:20:17.280 [main] DEBUG org.dbunit.dataset.datatype.DateDataType - typeCast(value=2024-12-31) - start
13:20:17.280 [main] DEBUG org.dbunit.dataset.DefaultTable - getValue(row=0, column=HORAS_TOTAIS) - start
13:20:17.280 [main] DEBUG org.dbunit.dataset.AbstractTable - assertValidRowIndex(row=0) - start
13:20:17.280 [main] DEBUG org.dbunit.dataset.AbstractTable - assertValidRowIndex(row=0, rowCount=2) - start
13:20:17.280 [main] DEBUG org.dbunit.dataset.AbstractTable - getColumnIndex(columnName=HORAS_TOTAIS) - start
13:20:17.280 [main] DEBUG org.dbunit.dataset.AbstractTableMetaData - getColumnIndex(columnName=HORAS_TOTAIS) - start
13:20:17.280 [main] DEBUG org.dbunit.database.statement.AutomaticPreparedBatchStatement - addValue(value=2000, dataType=INTEGER) - start
13:20:17.280 [main] DEBUG org.dbunit.database.statement.SimplePreparedStatement - addValue(value=2000, dataType=INTEGER) - start
13:20:17.280 [main] DEBUG org.dbunit.dataset.datatype.IntegerDataType - setSqlValue(value=2000, column=4, statement=org.apache.derby.client.am.ClientPreparedStatement42@642413d4) - start
13:20:17.280 [main] DEBUG org.dbunit.dataset.datatype.IntegerDataType - typeCast(value=2000) - start
13:20:17.280 [main] DEBUG org.dbunit.dataset.datatype.IntegerDataType - typeCast(value=2000) - start
13:20:17.280 [main] DEBUG org.dbunit.database.statement.AutomaticPreparedBatchStatement - addBatch() - start
13:20:17.280 [main] DEBUG org.dbunit.database.statement.SimplePreparedStatement - addBatch() - start
13:20:17.282 [main] DEBUG org.dbunit.operation.InsertOperation - equalsIgnoreMapping(ignoreMapping={}, table=org.dbunit.dataset.DefaultTable[_metaData=tableName=TB_CALENDARIO, columns=[(ID_CALENDARIO, UNKNOWN, nullableUnknown), (DATA_INICIO, UNKNOWN, nullableUnknown), (DATA_FIM, UNKNOWN, nullableUnknown), (HORAS_TOTAIS, UNKNOWN, nullableUnknown)], keys=[], _rowList.size()=2], row=1) - start
13:20:17.282 [main] DEBUG org.dbunit.dataset.DefaultTable - getValue(row=1, column=ID_CALENDARIO) - start
13:20:17.283 [main] DEBUG org.dbunit.dataset.AbstractTable - assertValidRowIndex(row=1) - start
13:20:17.283 [main] DEBUG org.dbunit.dataset.AbstractTable - assertValidRowIndex(row=1, rowCount=2) - start
13:20:17.283 [main] DEBUG org.dbunit.dataset.AbstractTable - getColumnIndex(columnName=ID_CALENDARIO) - start
13:20:17.283 [main] DEBUG org.dbunit.dataset.AbstractTableMetaData - getColumnIndex(columnName=ID_CALENDARIO) - start
13:20:17.283 [main] DEBUG org.dbunit.dataset.DefaultTable - getValue(row=1, column=DATA_INICIO) - start
13:20:17.283 [main] DEBUG org.dbunit.dataset.AbstractTable - assertValidRowIndex(row=1) - start
13:20:17.283 [main] DEBUG org.dbunit.dataset.AbstractTable - assertValidRowIndex(row=1, rowCount=2) - start
13:20:17.283 [main] DEBUG org.dbunit.dataset.AbstractTable - getColumnIndex(columnName=DATA_INICIO) - start
13:20:17.283 [main] DEBUG org.dbunit.dataset.AbstractTableMetaData - getColumnIndex(columnName=DATA_INICIO) - start
13:20:17.283 [main] DEBUG org.dbunit.dataset.DefaultTable - getValue(row=1, column=DATA_FIM) - start
13:20:17.283 [main] DEBUG org.dbunit.dataset.AbstractTable - assertValidRowIndex(row=1) - start
13:20:17.283 [main] DEBUG org.dbunit.dataset.AbstractTable - assertValidRowIndex(row=1, rowCount=2) - start
13:20:17.283 [main] DEBUG org.dbunit.dataset.AbstractTable - getColumnIndex(columnName=DATA_FIM) - start
13:20:17.283 [main] DEBUG org.dbunit.dataset.AbstractTableMetaData - getColumnIndex(columnName=DATA_FIM) - start
13:20:17.283 [main] DEBUG org.dbunit.dataset.DefaultTable - getValue(row=1, column=HORAS_TOTAIS) - start
13:20:17.283 [main] DEBUG org.dbunit.dataset.AbstractTable - assertValidRowIndex(row=1) - start
13:20:17.283 [main] DEBUG org.dbunit.dataset.AbstractTable - assertValidRowIndex(row=1, rowCount=2) - start
13:20:17.283 [main] DEBUG org.dbunit.dataset.AbstractTable - getColumnIndex(columnName=HORAS_TOTAIS) - start
13:20:17.283 [main] DEBUG org.dbunit.dataset.AbstractTableMetaData - getColumnIndex(columnName=HORAS_TOTAIS) - start
13:20:17.283 [main] DEBUG org.dbunit.dataset.DefaultTable - getValue(row=1, column=ID_CALENDARIO) - start
13:20:17.283 [main] DEBUG org.dbunit.dataset.AbstractTable - assertValidRowIndex(row=1) - start
13:20:17.283 [main] DEBUG org.dbunit.dataset.AbstractTable - assertValidRowIndex(row=1, rowCount=2) - start
13:20:17.283 [main] DEBUG org.dbunit.dataset.AbstractTable - getColumnIndex(columnName=ID_CALENDARIO) - start
13:20:17.283 [main] DEBUG org.dbunit.dataset.AbstractTableMetaData - getColumnIndex(columnName=ID_CALENDARIO) - start
13:20:17.283 [main] DEBUG org.dbunit.database.statement.AutomaticPreparedBatchStatement - addValue(value=2, dataType=BIGINT) - start
13:20:17.283 [main] DEBUG org.dbunit.database.statement.SimplePreparedStatement - addValue(value=2, dataType=BIGINT) - start
13:20:17.283 [main] DEBUG org.dbunit.dataset.datatype.BigIntegerDataType - setSqlValue(value=2, column=1, statement=org.apache.derby.client.am.ClientPreparedStatement42@642413d4) - start
13:20:17.283 [main] DEBUG org.dbunit.dataset.datatype.BigIntegerDataType - typeCast(value=2) - start
13:20:17.283 [main] DEBUG org.dbunit.dataset.DefaultTable - getValue(row=1, column=DATA_INICIO) - start
13:20:17.283 [main] DEBUG org.dbunit.dataset.AbstractTable - assertValidRowIndex(row=1) - start
13:20:17.283 [main] DEBUG org.dbunit.dataset.AbstractTable - assertValidRowIndex(row=1, rowCount=2) - start
13:20:17.283 [main] DEBUG org.dbunit.dataset.AbstractTable - getColumnIndex(columnName=DATA_INICIO) - start
13:20:17.283 [main] DEBUG org.dbunit.dataset.AbstractTableMetaData - getColumnIndex(columnName=DATA_INICIO) - start
13:20:17.283 [main] DEBUG org.dbunit.database.statement.AutomaticPreparedBatchStatement - addValue(value=2024-03-01, dataType=DATE) - start
13:20:17.283 [main] DEBUG org.dbunit.database.statement.SimplePreparedStatement - addValue(value=2024-03-01, dataType=DATE) - start
13:20:17.283 [main] DEBUG org.dbunit.dataset.datatype.DateDataType - setSqlValue(value=2024-03-01, column=2, statement=org.apache.derby.client.am.ClientPreparedStatement42@642413d4) - start
13:20:17.283 [main] DEBUG org.dbunit.dataset.datatype.DateDataType - typeCast(value=2024-03-01) - start
13:20:17.283 [main] DEBUG org.dbunit.dataset.DefaultTable - getValue(row=1, column=DATA_FIM) - start
13:20:17.283 [main] DEBUG org.dbunit.dataset.AbstractTable - assertValidRowIndex(row=1) - start
13:20:17.283 [main] DEBUG org.dbunit.dataset.AbstractTable - assertValidRowIndex(row=1, rowCount=2) - start
13:20:17.283 [main] DEBUG org.dbunit.dataset.AbstractTable - getColumnIndex(columnName=DATA_FIM) - start
13:20:17.283 [main] DEBUG org.dbunit.dataset.AbstractTableMetaData - getColumnIndex(columnName=DATA_FIM) - start
13:20:17.283 [main] DEBUG org.dbunit.database.statement.AutomaticPreparedBatchStatement - addValue(value=2024-09-30, dataType=DATE) - start
13:20:17.283 [main] DEBUG org.dbunit.database.statement.SimplePreparedStatement - addValue(value=2024-09-30, dataType=DATE) - start
13:20:17.283 [main] DEBUG org.dbunit.dataset.datatype.DateDataType - setSqlValue(value=2024-09-30, column=3, statement=org.apache.derby.client.am.ClientPreparedStatement42@642413d4) - start
13:20:17.283 [main] DEBUG org.dbunit.dataset.datatype.DateDataType - typeCast(value=2024-09-30) - start
13:20:17.283 [main] DEBUG org.dbunit.dataset.DefaultTable - getValue(row=1, column=HORAS_TOTAIS) - start
13:20:17.283 [main] DEBUG org.dbunit.dataset.AbstractTable - assertValidRowIndex(row=1) - start
13:20:17.283 [main] DEBUG org.dbunit.dataset.AbstractTable - assertValidRowIndex(row=1, rowCount=2) - start
13:20:17.283 [main] DEBUG org.dbunit.dataset.AbstractTable - getColumnIndex(columnName=HORAS_TOTAIS) - start
13:20:17.283 [main] DEBUG org.dbunit.dataset.AbstractTableMetaData - getColumnIndex(columnName=HORAS_TOTAIS) - start
13:20:17.283 [main] DEBUG org.dbunit.database.statement.AutomaticPreparedBatchStatement - addValue(value=1500, dataType=INTEGER) - start
13:20:17.283 [main] DEBUG org.dbunit.database.statement.SimplePreparedStatement - addValue(value=1500, dataType=INTEGER) - start
13:20:17.283 [main] DEBUG org.dbunit.dataset.datatype.IntegerDataType - setSqlValue(value=1500, column=4, statement=org.apache.derby.client.am.ClientPreparedStatement42@642413d4) - start
13:20:17.283 [main] DEBUG org.dbunit.dataset.datatype.IntegerDataType - typeCast(value=1500) - start
13:20:17.283 [main] DEBUG org.dbunit.dataset.datatype.IntegerDataType - typeCast(value=1500) - start
13:20:17.283 [main] DEBUG org.dbunit.database.statement.AutomaticPreparedBatchStatement - addBatch() - start
13:20:17.283 [main] DEBUG org.dbunit.database.statement.SimplePreparedStatement - addBatch() - start
13:20:17.284 [main] DEBUG org.dbunit.operation.InsertOperation - equalsIgnoreMapping(ignoreMapping={}, table=org.dbunit.dataset.DefaultTable[_metaData=tableName=TB_CALENDARIO, columns=[(ID_CALENDARIO, UNKNOWN, nullableUnknown), (DATA_INICIO, UNKNOWN, nullableUnknown), (DATA_FIM, UNKNOWN, nullableUnknown), (HORAS_TOTAIS, UNKNOWN, nullableUnknown)], keys=[], _rowList.size()=2], row=2) - start
13:20:17.284 [main] DEBUG org.dbunit.dataset.DefaultTable - getValue(row=2, column=ID_CALENDARIO) - start
13:20:17.284 [main] DEBUG org.dbunit.dataset.AbstractTable - assertValidRowIndex(row=2) - start
13:20:17.284 [main] DEBUG org.dbunit.dataset.AbstractTable - assertValidRowIndex(row=2, rowCount=2) - start
13:20:17.284 [main] DEBUG org.dbunit.database.statement.AutomaticPreparedBatchStatement - executeBatch() - start
13:20:17.284 [main] DEBUG org.dbunit.database.statement.SimplePreparedStatement - executeBatch() - start
13:20:17.284 [main] DEBUG org.dbunit.database.statement.SimplePreparedStatement - clearBatch() - start
13:20:17.284 [main] DEBUG org.dbunit.database.statement.AutomaticPreparedBatchStatement - clearBatch() - start
13:20:17.284 [main] DEBUG org.dbunit.database.statement.SimplePreparedStatement - clearBatch() - start
13:20:17.284 [main] DEBUG org.dbunit.database.statement.AutomaticPreparedBatchStatement - close() - start
13:20:17.284 [main] DEBUG org.dbunit.database.statement.AbstractPreparedBatchStatement - close() - start
13:20:17.284 [main] DEBUG org.dbunit.dataset.DefaultTableIterator - getTable() - start
13:20:17.284 [main] DEBUG org.dbunit.operation.AbstractBatchOperation - isEmpty(table=org.dbunit.dataset.DefaultTable[_metaData=tableName=TB_PROJETO, columns=[(ID_PROJETO, UNKNOWN, nullableUnknown), (NOME_PROJETO, UNKNOWN, nullableUnknown), (DESCRICAO_PROJETO, UNKNOWN, nullableUnknown), (ID_CLIENTE, UNKNOWN, nullableUnknown), (ID_CALENDARIO, UNKNOWN, nullableUnknown), (ID_RELATORIO, UNKNOWN, nullableUnknown)], keys=[], _rowList.size()=2]) - start
13:20:17.284 [main] DEBUG org.dbunit.dataset.DefaultTable - getValue(row=0, column=ID_PROJETO) - start
13:20:17.284 [main] DEBUG org.dbunit.dataset.AbstractTable - assertValidRowIndex(row=0) - start
13:20:17.284 [main] DEBUG org.dbunit.dataset.AbstractTable - assertValidRowIndex(row=0, rowCount=2) - start
13:20:17.284 [main] DEBUG org.dbunit.dataset.AbstractTable - getColumnIndex(columnName=ID_PROJETO) - start
13:20:17.284 [main] DEBUG org.dbunit.dataset.AbstractTableMetaData - getColumnIndex(columnName=ID_PROJETO) - start
13:20:17.285 [main] DEBUG org.dbunit.operation.AbstractOperation - getOperationMetaData(connection=org.dbunit.database.DatabaseConnection[schema=null, connection=org.apache.derby.client.net.NetConnection@7d7cac8, super=_databaseConfig=org.dbunit.database.DatabaseConfig[, _propertyMap={http://www.dbunit.org/features/qualifiedTableNames=false, http://www.dbunit.org/properties/tableType=[Ljava.lang.String;@2d2acd89, http://www.dbunit.org/properties/batchSize=100, http://www.dbunit.org/properties/statementFactory=org.dbunit.database.statement.PreparedStatementFactory@7baf6acf, http://www.dbunit.org/features/batchedStatements=false, http://www.dbunit.org/features/caseSensitiveTableNames=false, http://www.dbunit.org/features/allowEmptyFields=false, http://www.dbunit.org/properties/datatypeFactory=org.dbunit.dataset.datatype.DefaultDataTypeFactory[_toleratedDeltaMap=org.dbunit.dataset.datatype.ToleratedDeltaMap@1e6dad8], http://www.dbunit.org/properties/metadataHandler=org.dbunit.database.DefaultMetadataHandler@6fc6deb7, http://www.dbunit.org/properties/fetchSize=100, http://www.dbunit.org/properties/resultSetTableFactory=org.dbunit.database.CachedResultSetTableFactory@8ed9cf, http://www.dbunit.org/features/datatypeWarning=true, http://www.dbunit.org/properties/escapePattern=null, http://www.dbunit.org/properties/allowVerifytabledefinitionExpectedtableCountMismatch=false}], _dataSet=AbstractDataSet[_orderedTableNameMap=null]], metaData=tableName=TB_PROJETO, columns=[(ID_PROJETO, UNKNOWN, nullableUnknown), (NOME_PROJETO, UNKNOWN, nullableUnknown), (DESCRICAO_PROJETO, UNKNOWN, nullableUnknown), (ID_CLIENTE, UNKNOWN, nullableUnknown), (ID_CALENDARIO, UNKNOWN, nullableUnknown), (ID_RELATORIO, UNKNOWN, nullableUnknown)], keys=[]) - start
13:20:17.285 [main] DEBUG org.dbunit.database.AbstractDatabaseConnection - createDataSet() - start
13:20:17.285 [main] DEBUG org.dbunit.database.DatabaseDataSet - getTableMetaData(tableName=TB_PROJETO) - start
13:20:17.285 [main] DEBUG org.dbunit.database.DatabaseDataSet - initialize() - start
13:20:17.285 [main] DEBUG org.dbunit.dataset.OrderedTableNameMap - getTableName(tableName=TB_PROJETO) - start
13:20:17.285 [main] DEBUG org.dbunit.dataset.OrderedTableNameMap - getTableName(tableName=TB_PROJETO) - end - result=TB_PROJETO
13:20:17.285 [main] DEBUG org.dbunit.dataset.OrderedTableNameMap - getTableName(tableName=TB_PROJETO) - start
13:20:17.285 [main] DEBUG org.dbunit.dataset.OrderedTableNameMap - getTableName(tableName=TB_PROJETO) - end - result=TB_PROJETO
13:20:17.285 [main] DEBUG org.dbunit.dataset.AbstractTableMetaData - getColumnIndex(columnName=ID_PROJETO) - start
13:20:17.285 [main] DEBUG org.dbunit.database.DatabaseTableMetaData - getColumns() - start
13:20:17.285 [main] DEBUG org.dbunit.database.DatabaseTableMetaData - getColumns() - start
13:20:17.285 [main] DEBUG org.dbunit.dataset.AbstractTableMetaData - getColumnIndex(columnName=NOME_PROJETO) - start
13:20:17.285 [main] DEBUG org.dbunit.database.DatabaseTableMetaData - getColumns() - start
13:20:17.285 [main] DEBUG org.dbunit.dataset.AbstractTableMetaData - getColumnIndex(columnName=DESCRICAO_PROJETO) - start
13:20:17.285 [main] DEBUG org.dbunit.database.DatabaseTableMetaData - getColumns() - start
13:20:17.285 [main] DEBUG org.dbunit.dataset.AbstractTableMetaData - getColumnIndex(columnName=ID_CLIENTE) - start
13:20:17.285 [main] DEBUG org.dbunit.database.DatabaseTableMetaData - getColumns() - start
13:20:17.285 [main] DEBUG org.dbunit.dataset.AbstractTableMetaData - getColumnIndex(columnName=ID_CALENDARIO) - start
13:20:17.285 [main] DEBUG org.dbunit.database.DatabaseTableMetaData - getColumns() - start
13:20:17.285 [main] DEBUG org.dbunit.dataset.AbstractTableMetaData - getColumnIndex(columnName=ID_RELATORIO) - start
13:20:17.285 [main] DEBUG org.dbunit.database.DatabaseTableMetaData - getColumns() - start
13:20:17.285 [main] DEBUG org.dbunit.database.DatabaseTableMetaData - getPrimaryKeys() - start
13:20:17.285 [main] DEBUG org.dbunit.operation.InsertOperation - getIgnoreMapping(table=org.dbunit.dataset.DefaultTable[_metaData=tableName=TB_PROJETO, columns=[(ID_PROJETO, UNKNOWN, nullableUnknown), (NOME_PROJETO, UNKNOWN, nullableUnknown), (DESCRICAO_PROJETO, UNKNOWN, nullableUnknown), (ID_CLIENTE, UNKNOWN, nullableUnknown), (ID_CALENDARIO, UNKNOWN, nullableUnknown), (ID_RELATORIO, UNKNOWN, nullableUnknown)], keys=[], _rowList.size()=2], row=0) - start
13:20:17.285 [main] DEBUG org.dbunit.dataset.DefaultTable - getValue(row=0, column=ID_PROJETO) - start
13:20:17.285 [main] DEBUG org.dbunit.dataset.AbstractTable - assertValidRowIndex(row=0) - start
13:20:17.285 [main] DEBUG org.dbunit.dataset.AbstractTable - assertValidRowIndex(row=0, rowCount=2) - start
13:20:17.285 [main] DEBUG org.dbunit.dataset.AbstractTable - getColumnIndex(columnName=ID_PROJETO) - start
13:20:17.285 [main] DEBUG org.dbunit.dataset.AbstractTableMetaData - getColumnIndex(columnName=ID_PROJETO) - start
13:20:17.285 [main] DEBUG org.dbunit.dataset.DefaultTable - getValue(row=0, column=NOME_PROJETO) - start
13:20:17.285 [main] DEBUG org.dbunit.dataset.AbstractTable - assertValidRowIndex(row=0) - start
13:20:17.285 [main] DEBUG org.dbunit.dataset.AbstractTable - assertValidRowIndex(row=0, rowCount=2) - start
13:20:17.285 [main] DEBUG org.dbunit.dataset.AbstractTable - getColumnIndex(columnName=NOME_PROJETO) - start
13:20:17.285 [main] DEBUG org.dbunit.dataset.AbstractTableMetaData - getColumnIndex(columnName=NOME_PROJETO) - start
13:20:17.285 [main] DEBUG org.dbunit.dataset.DefaultTable - getValue(row=0, column=DESCRICAO_PROJETO) - start
13:20:17.285 [main] DEBUG org.dbunit.dataset.AbstractTable - assertValidRowIndex(row=0) - start
13:20:17.285 [main] DEBUG org.dbunit.dataset.AbstractTable - assertValidRowIndex(row=0, rowCount=2) - start
13:20:17.285 [main] DEBUG org.dbunit.dataset.AbstractTable - getColumnIndex(columnName=DESCRICAO_PROJETO) - start
13:20:17.285 [main] DEBUG org.dbunit.dataset.AbstractTableMetaData - getColumnIndex(columnName=DESCRICAO_PROJETO) - start
13:20:17.285 [main] DEBUG org.dbunit.dataset.DefaultTable - getValue(row=0, column=ID_CLIENTE) - start
13:20:17.285 [main] DEBUG org.dbunit.dataset.AbstractTable - assertValidRowIndex(row=0) - start
13:20:17.285 [main] DEBUG org.dbunit.dataset.AbstractTable - assertValidRowIndex(row=0, rowCount=2) - start
13:20:17.285 [main] DEBUG org.dbunit.dataset.AbstractTable - getColumnIndex(columnName=ID_CLIENTE) - start
13:20:17.285 [main] DEBUG org.dbunit.dataset.AbstractTableMetaData - getColumnIndex(columnName=ID_CLIENTE) - start
13:20:17.285 [main] DEBUG org.dbunit.dataset.DefaultTable - getValue(row=0, column=ID_CALENDARIO) - start
13:20:17.285 [main] DEBUG org.dbunit.dataset.AbstractTable - assertValidRowIndex(row=0) - start
13:20:17.285 [main] DEBUG org.dbunit.dataset.AbstractTable - assertValidRowIndex(row=0, rowCount=2) - start
13:20:17.285 [main] DEBUG org.dbunit.dataset.AbstractTable - getColumnIndex(columnName=ID_CALENDARIO) - start
13:20:17.285 [main] DEBUG org.dbunit.dataset.AbstractTableMetaData - getColumnIndex(columnName=ID_CALENDARIO) - start
13:20:17.285 [main] DEBUG org.dbunit.dataset.DefaultTable - getValue(row=0, column=ID_RELATORIO) - start
13:20:17.285 [main] DEBUG org.dbunit.dataset.AbstractTable - assertValidRowIndex(row=0) - start
13:20:17.285 [main] DEBUG org.dbunit.dataset.AbstractTable - assertValidRowIndex(row=0, rowCount=2) - start
13:20:17.285 [main] DEBUG org.dbunit.dataset.AbstractTable - getColumnIndex(columnName=ID_RELATORIO) - start
13:20:17.285 [main] DEBUG org.dbunit.dataset.AbstractTableMetaData - getColumnIndex(columnName=ID_RELATORIO) - start
13:20:17.285 [main] DEBUG org.dbunit.operation.InsertOperation - getOperationData(metaData=tableName=TB_PROJETO, columns=[(ID_PROJETO, BIGINT, noNulls), (NOME_PROJETO, VARCHAR, noNulls), (DESCRICAO_PROJETO, VARCHAR, noNulls), (ID_CLIENTE, BIGINT, noNulls), (ID_CALENDARIO, BIGINT, noNulls), (ID_RELATORIO, BIGINT, noNulls)], keys=[(ID_PROJETO, BIGINT, noNulls)], ignoreMapping={}, connection=org.dbunit.database.DatabaseConnection[schema=null, connection=org.apache.derby.client.net.NetConnection@7d7cac8, super=_databaseConfig=org.dbunit.database.DatabaseConfig[, _propertyMap={http://www.dbunit.org/features/qualifiedTableNames=false, http://www.dbunit.org/properties/tableType=[Ljava.lang.String;@2d2acd89, http://www.dbunit.org/properties/batchSize=100, http://www.dbunit.org/properties/statementFactory=org.dbunit.database.statement.PreparedStatementFactory@7baf6acf, http://www.dbunit.org/features/batchedStatements=false, http://www.dbunit.org/features/caseSensitiveTableNames=false, http://www.dbunit.org/features/allowEmptyFields=false, http://www.dbunit.org/properties/datatypeFactory=org.dbunit.dataset.datatype.DefaultDataTypeFactory[_toleratedDeltaMap=org.dbunit.dataset.datatype.ToleratedDeltaMap@1e6dad8], http://www.dbunit.org/properties/metadataHandler=org.dbunit.database.DefaultMetadataHandler@6fc6deb7, http://www.dbunit.org/properties/fetchSize=100, http://www.dbunit.org/properties/resultSetTableFactory=org.dbunit.database.CachedResultSetTableFactory@8ed9cf, http://www.dbunit.org/features/datatypeWarning=true, http://www.dbunit.org/properties/escapePattern=null, http://www.dbunit.org/properties/allowVerifytabledefinitionExpectedtableCountMismatch=false}], _dataSet=AbstractDataSet[_orderedTableNameMap=null]]) - start
13:20:17.285 [main] DEBUG org.dbunit.operation.AbstractOperation - getQualifiedName(prefix=null, name=TB_PROJETO, connection=org.dbunit.database.DatabaseConnection[schema=null, connection=org.apache.derby.client.net.NetConnection@7d7cac8, super=_databaseConfig=org.dbunit.database.DatabaseConfig[, _propertyMap={http://www.dbunit.org/features/qualifiedTableNames=false, http://www.dbunit.org/properties/tableType=[Ljava.lang.String;@2d2acd89, http://www.dbunit.org/properties/batchSize=100, http://www.dbunit.org/properties/statementFactory=org.dbunit.database.statement.PreparedStatementFactory@7baf6acf, http://www.dbunit.org/features/batchedStatements=false, http://www.dbunit.org/features/caseSensitiveTableNames=false, http://www.dbunit.org/features/allowEmptyFields=false, http://www.dbunit.org/properties/datatypeFactory=org.dbunit.dataset.datatype.DefaultDataTypeFactory[_toleratedDeltaMap=org.dbunit.dataset.datatype.ToleratedDeltaMap@1e6dad8], http://www.dbunit.org/properties/metadataHandler=org.dbunit.database.DefaultMetadataHandler@6fc6deb7, http://www.dbunit.org/properties/fetchSize=100, http://www.dbunit.org/properties/resultSetTableFactory=org.dbunit.database.CachedResultSetTableFactory@8ed9cf, http://www.dbunit.org/features/datatypeWarning=true, http://www.dbunit.org/properties/escapePattern=null, http://www.dbunit.org/properties/allowVerifytabledefinitionExpectedtableCountMismatch=false}], _dataSet=AbstractDataSet[_orderedTableNameMap=null]]) - start
13:20:17.285 [main] DEBUG org.dbunit.util.QualifiedTableName - getQualifiedName() - start
13:20:17.285 [main] DEBUG org.dbunit.util.QualifiedTableName - getQualifiedName(prefix=null, name=TB_PROJETO, escapePattern=null) - start
13:20:17.285 [main] DEBUG org.dbunit.operation.AbstractOperation - getQualifiedName(prefix=null, name=ID_PROJETO, connection=org.dbunit.database.DatabaseConnection[schema=null, connection=org.apache.derby.client.net.NetConnection@7d7cac8, super=_databaseConfig=org.dbunit.database.DatabaseConfig[, _propertyMap={http://www.dbunit.org/features/qualifiedTableNames=false, http://www.dbunit.org/properties/tableType=[Ljava.lang.String;@2d2acd89, http://www.dbunit.org/properties/batchSize=100, http://www.dbunit.org/properties/statementFactory=org.dbunit.database.statement.PreparedStatementFactory@7baf6acf, http://www.dbunit.org/features/batchedStatements=false, http://www.dbunit.org/features/caseSensitiveTableNames=false, http://www.dbunit.org/features/allowEmptyFields=false, http://www.dbunit.org/properties/datatypeFactory=org.dbunit.dataset.datatype.DefaultDataTypeFactory[_toleratedDeltaMap=org.dbunit.dataset.datatype.ToleratedDeltaMap@1e6dad8], http://www.dbunit.org/properties/metadataHandler=org.dbunit.database.DefaultMetadataHandler@6fc6deb7, http://www.dbunit.org/properties/fetchSize=100, http://www.dbunit.org/properties/resultSetTableFactory=org.dbunit.database.CachedResultSetTableFactory@8ed9cf, http://www.dbunit.org/features/datatypeWarning=true, http://www.dbunit.org/properties/escapePattern=null, http://www.dbunit.org/properties/allowVerifytabledefinitionExpectedtableCountMismatch=false}], _dataSet=AbstractDataSet[_orderedTableNameMap=null]]) - start
13:20:17.285 [main] DEBUG org.dbunit.util.QualifiedTableName - getQualifiedName() - start
13:20:17.285 [main] DEBUG org.dbunit.util.QualifiedTableName - getQualifiedName(prefix=null, name=ID_PROJETO, escapePattern=null) - start
13:20:17.285 [main] DEBUG org.dbunit.operation.AbstractOperation - getQualifiedName(prefix=null, name=NOME_PROJETO, connection=org.dbunit.database.DatabaseConnection[schema=null, connection=org.apache.derby.client.net.NetConnection@7d7cac8, super=_databaseConfig=org.dbunit.database.DatabaseConfig[, _propertyMap={http://www.dbunit.org/features/qualifiedTableNames=false, http://www.dbunit.org/properties/tableType=[Ljava.lang.String;@2d2acd89, http://www.dbunit.org/properties/batchSize=100, http://www.dbunit.org/properties/statementFactory=org.dbunit.database.statement.PreparedStatementFactory@7baf6acf, http://www.dbunit.org/features/batchedStatements=false, http://www.dbunit.org/features/caseSensitiveTableNames=false, http://www.dbunit.org/features/allowEmptyFields=false, http://www.dbunit.org/properties/datatypeFactory=org.dbunit.dataset.datatype.DefaultDataTypeFactory[_toleratedDeltaMap=org.dbunit.dataset.datatype.ToleratedDeltaMap@1e6dad8], http://www.dbunit.org/properties/metadataHandler=org.dbunit.database.DefaultMetadataHandler@6fc6deb7, http://www.dbunit.org/properties/fetchSize=100, http://www.dbunit.org/properties/resultSetTableFactory=org.dbunit.database.CachedResultSetTableFactory@8ed9cf, http://www.dbunit.org/features/datatypeWarning=true, http://www.dbunit.org/properties/escapePattern=null, http://www.dbunit.org/properties/allowVerifytabledefinitionExpectedtableCountMismatch=false}], _dataSet=AbstractDataSet[_orderedTableNameMap=null]]) - start
13:20:17.285 [main] DEBUG org.dbunit.util.QualifiedTableName - getQualifiedName() - start
13:20:17.285 [main] DEBUG org.dbunit.util.QualifiedTableName - getQualifiedName(prefix=null, name=NOME_PROJETO, escapePattern=null) - start
13:20:17.285 [main] DEBUG org.dbunit.operation.AbstractOperation - getQualifiedName(prefix=null, name=DESCRICAO_PROJETO, connection=org.dbunit.database.DatabaseConnection[schema=null, connection=org.apache.derby.client.net.NetConnection@7d7cac8, super=_databaseConfig=org.dbunit.database.DatabaseConfig[, _propertyMap={http://www.dbunit.org/features/qualifiedTableNames=false, http://www.dbunit.org/properties/tableType=[Ljava.lang.String;@2d2acd89, http://www.dbunit.org/properties/batchSize=100, http://www.dbunit.org/properties/statementFactory=org.dbunit.database.statement.PreparedStatementFactory@7baf6acf, http://www.dbunit.org/features/batchedStatements=false, http://www.dbunit.org/features/caseSensitiveTableNames=false, http://www.dbunit.org/features/allowEmptyFields=false, http://www.dbunit.org/properties/datatypeFactory=org.dbunit.dataset.datatype.DefaultDataTypeFactory[_toleratedDeltaMap=org.dbunit.dataset.datatype.ToleratedDeltaMap@1e6dad8], http://www.dbunit.org/properties/metadataHandler=org.dbunit.database.DefaultMetadataHandler@6fc6deb7, http://www.dbunit.org/properties/fetchSize=100, http://www.dbunit.org/properties/resultSetTableFactory=org.dbunit.database.CachedResultSetTableFactory@8ed9cf, http://www.dbunit.org/features/datatypeWarning=true, http://www.dbunit.org/properties/escapePattern=null, http://www.dbunit.org/properties/allowVerifytabledefinitionExpectedtableCountMismatch=false}], _dataSet=AbstractDataSet[_orderedTableNameMap=null]]) - start
13:20:17.285 [main] DEBUG org.dbunit.util.QualifiedTableName - getQualifiedName() - start
13:20:17.285 [main] DEBUG org.dbunit.util.QualifiedTableName - getQualifiedName(prefix=null, name=DESCRICAO_PROJETO, escapePattern=null) - start
13:20:17.285 [main] DEBUG org.dbunit.operation.AbstractOperation - getQualifiedName(prefix=null, name=ID_CLIENTE, connection=org.dbunit.database.DatabaseConnection[schema=null, connection=org.apache.derby.client.net.NetConnection@7d7cac8, super=_databaseConfig=org.dbunit.database.DatabaseConfig[, _propertyMap={http://www.dbunit.org/features/qualifiedTableNames=false, http://www.dbunit.org/properties/tableType=[Ljava.lang.String;@2d2acd89, http://www.dbunit.org/properties/batchSize=100, http://www.dbunit.org/properties/statementFactory=org.dbunit.database.statement.PreparedStatementFactory@7baf6acf, http://www.dbunit.org/features/batchedStatements=false, http://www.dbunit.org/features/caseSensitiveTableNames=false, http://www.dbunit.org/features/allowEmptyFields=false, http://www.dbunit.org/properties/datatypeFactory=org.dbunit.dataset.datatype.DefaultDataTypeFactory[_toleratedDeltaMap=org.dbunit.dataset.datatype.ToleratedDeltaMap@1e6dad8], http://www.dbunit.org/properties/metadataHandler=org.dbunit.database.DefaultMetadataHandler@6fc6deb7, http://www.dbunit.org/properties/fetchSize=100, http://www.dbunit.org/properties/resultSetTableFactory=org.dbunit.database.CachedResultSetTableFactory@8ed9cf, http://www.dbunit.org/features/datatypeWarning=true, http://www.dbunit.org/properties/escapePattern=null, http://www.dbunit.org/properties/allowVerifytabledefinitionExpectedtableCountMismatch=false}], _dataSet=AbstractDataSet[_orderedTableNameMap=null]]) - start
13:20:17.285 [main] DEBUG org.dbunit.util.QualifiedTableName - getQualifiedName() - start
13:20:17.285 [main] DEBUG org.dbunit.util.QualifiedTableName - getQualifiedName(prefix=null, name=ID_CLIENTE, escapePattern=null) - start
13:20:17.285 [main] DEBUG org.dbunit.operation.AbstractOperation - getQualifiedName(prefix=null, name=ID_CALENDARIO, connection=org.dbunit.database.DatabaseConnection[schema=null, connection=org.apache.derby.client.net.NetConnection@7d7cac8, super=_databaseConfig=org.dbunit.database.DatabaseConfig[, _propertyMap={http://www.dbunit.org/features/qualifiedTableNames=false, http://www.dbunit.org/properties/tableType=[Ljava.lang.String;@2d2acd89, http://www.dbunit.org/properties/batchSize=100, http://www.dbunit.org/properties/statementFactory=org.dbunit.database.statement.PreparedStatementFactory@7baf6acf, http://www.dbunit.org/features/batchedStatements=false, http://www.dbunit.org/features/caseSensitiveTableNames=false, http://www.dbunit.org/features/allowEmptyFields=false, http://www.dbunit.org/properties/datatypeFactory=org.dbunit.dataset.datatype.DefaultDataTypeFactory[_toleratedDeltaMap=org.dbunit.dataset.datatype.ToleratedDeltaMap@1e6dad8], http://www.dbunit.org/properties/metadataHandler=org.dbunit.database.DefaultMetadataHandler@6fc6deb7, http://www.dbunit.org/properties/fetchSize=100, http://www.dbunit.org/properties/resultSetTableFactory=org.dbunit.database.CachedResultSetTableFactory@8ed9cf, http://www.dbunit.org/features/datatypeWarning=true, http://www.dbunit.org/properties/escapePattern=null, http://www.dbunit.org/properties/allowVerifytabledefinitionExpectedtableCountMismatch=false}], _dataSet=AbstractDataSet[_orderedTableNameMap=null]]) - start
13:20:17.285 [main] DEBUG org.dbunit.util.QualifiedTableName - getQualifiedName() - start
13:20:17.285 [main] DEBUG org.dbunit.util.QualifiedTableName - getQualifiedName(prefix=null, name=ID_CALENDARIO, escapePattern=null) - start
13:20:17.285 [main] DEBUG org.dbunit.operation.AbstractOperation - getQualifiedName(prefix=null, name=ID_RELATORIO, connection=org.dbunit.database.DatabaseConnection[schema=null, connection=org.apache.derby.client.net.NetConnection@7d7cac8, super=_databaseConfig=org.dbunit.database.DatabaseConfig[, _propertyMap={http://www.dbunit.org/features/qualifiedTableNames=false, http://www.dbunit.org/properties/tableType=[Ljava.lang.String;@2d2acd89, http://www.dbunit.org/properties/batchSize=100, http://www.dbunit.org/properties/statementFactory=org.dbunit.database.statement.PreparedStatementFactory@7baf6acf, http://www.dbunit.org/features/batchedStatements=false, http://www.dbunit.org/features/caseSensitiveTableNames=false, http://www.dbunit.org/features/allowEmptyFields=false, http://www.dbunit.org/properties/datatypeFactory=org.dbunit.dataset.datatype.DefaultDataTypeFactory[_toleratedDeltaMap=org.dbunit.dataset.datatype.ToleratedDeltaMap@1e6dad8], http://www.dbunit.org/properties/metadataHandler=org.dbunit.database.DefaultMetadataHandler@6fc6deb7, http://www.dbunit.org/properties/fetchSize=100, http://www.dbunit.org/properties/resultSetTableFactory=org.dbunit.database.CachedResultSetTableFactory@8ed9cf, http://www.dbunit.org/features/datatypeWarning=true, http://www.dbunit.org/properties/escapePattern=null, http://www.dbunit.org/properties/allowVerifytabledefinitionExpectedtableCountMismatch=false}], _dataSet=AbstractDataSet[_orderedTableNameMap=null]]) - start
13:20:17.285 [main] DEBUG org.dbunit.util.QualifiedTableName - getQualifiedName() - start
13:20:17.285 [main] DEBUG org.dbunit.util.QualifiedTableName - getQualifiedName(prefix=null, name=ID_RELATORIO, escapePattern=null) - start
13:20:17.285 [main] DEBUG org.dbunit.database.statement.PreparedStatementFactory - createPreparedBatchStatement(sql=insert into TB_PROJETO (ID_PROJETO, NOME_PROJETO, DESCRICAO_PROJETO, ID_CLIENTE, ID_CALENDARIO, ID_RELATORIO) values (?, ?, ?, ?, ?, ?), connection=org.dbunit.database.DatabaseConnection[schema=null, connection=org.apache.derby.client.net.NetConnection@7d7cac8, super=_databaseConfig=org.dbunit.database.DatabaseConfig[, _propertyMap={http://www.dbunit.org/features/qualifiedTableNames=false, http://www.dbunit.org/properties/tableType=[Ljava.lang.String;@2d2acd89, http://www.dbunit.org/properties/batchSize=100, http://www.dbunit.org/properties/statementFactory=org.dbunit.database.statement.PreparedStatementFactory@7baf6acf, http://www.dbunit.org/features/batchedStatements=false, http://www.dbunit.org/features/caseSensitiveTableNames=false, http://www.dbunit.org/features/allowEmptyFields=false, http://www.dbunit.org/properties/datatypeFactory=org.dbunit.dataset.datatype.DefaultDataTypeFactory[_toleratedDeltaMap=org.dbunit.dataset.datatype.ToleratedDeltaMap@1e6dad8], http://www.dbunit.org/properties/metadataHandler=org.dbunit.database.DefaultMetadataHandler@6fc6deb7, http://www.dbunit.org/properties/fetchSize=100, http://www.dbunit.org/properties/resultSetTableFactory=org.dbunit.database.CachedResultSetTableFactory@8ed9cf, http://www.dbunit.org/features/datatypeWarning=true, http://www.dbunit.org/properties/escapePattern=null, http://www.dbunit.org/properties/allowVerifytabledefinitionExpectedtableCountMismatch=false}], _dataSet=AbstractDataSet[_orderedTableNameMap=null]]) - start
13:20:17.285 [main] DEBUG org.dbunit.database.statement.AbstractStatementFactory - supportBatchStatement(connection=org.dbunit.database.DatabaseConnection[schema=null, connection=org.apache.derby.client.net.NetConnection@7d7cac8, super=_databaseConfig=org.dbunit.database.DatabaseConfig[, _propertyMap={http://www.dbunit.org/features/qualifiedTableNames=false, http://www.dbunit.org/properties/tableType=[Ljava.lang.String;@2d2acd89, http://www.dbunit.org/properties/batchSize=100, http://www.dbunit.org/properties/statementFactory=org.dbunit.database.statement.PreparedStatementFactory@7baf6acf, http://www.dbunit.org/features/batchedStatements=false, http://www.dbunit.org/features/caseSensitiveTableNames=false, http://www.dbunit.org/features/allowEmptyFields=false, http://www.dbunit.org/properties/datatypeFactory=org.dbunit.dataset.datatype.DefaultDataTypeFactory[_toleratedDeltaMap=org.dbunit.dataset.datatype.ToleratedDeltaMap@1e6dad8], http://www.dbunit.org/properties/metadataHandler=org.dbunit.database.DefaultMetadataHandler@6fc6deb7, http://www.dbunit.org/properties/fetchSize=100, http://www.dbunit.org/properties/resultSetTableFactory=org.dbunit.database.CachedResultSetTableFactory@8ed9cf, http://www.dbunit.org/features/datatypeWarning=true, http://www.dbunit.org/properties/escapePattern=null, http://www.dbunit.org/properties/allowVerifytabledefinitionExpectedtableCountMismatch=false}], _dataSet=AbstractDataSet[_orderedTableNameMap=null]]) - start
13:20:17.288 [main] DEBUG org.dbunit.dataset.DefaultTable - getValue(row=0, column=ID_PROJETO) - start
13:20:17.288 [main] DEBUG org.dbunit.dataset.AbstractTable - assertValidRowIndex(row=0) - start
13:20:17.288 [main] DEBUG org.dbunit.dataset.AbstractTable - assertValidRowIndex(row=0, rowCount=2) - start
13:20:17.288 [main] DEBUG org.dbunit.dataset.AbstractTable - getColumnIndex(columnName=ID_PROJETO) - start
13:20:17.288 [main] DEBUG org.dbunit.dataset.AbstractTableMetaData - getColumnIndex(columnName=ID_PROJETO) - start
13:20:17.288 [main] DEBUG org.dbunit.database.statement.AutomaticPreparedBatchStatement - addValue(value=1, dataType=BIGINT) - start
13:20:17.288 [main] DEBUG org.dbunit.database.statement.SimplePreparedStatement - addValue(value=1, dataType=BIGINT) - start
13:20:17.288 [main] DEBUG org.dbunit.dataset.datatype.BigIntegerDataType - setSqlValue(value=1, column=1, statement=org.apache.derby.client.am.ClientPreparedStatement42@fb2e3fd) - start
13:20:17.288 [main] DEBUG org.dbunit.dataset.datatype.BigIntegerDataType - typeCast(value=1) - start
13:20:17.288 [main] DEBUG org.dbunit.dataset.DefaultTable - getValue(row=0, column=NOME_PROJETO) - start
13:20:17.288 [main] DEBUG org.dbunit.dataset.AbstractTable - assertValidRowIndex(row=0) - start
13:20:17.288 [main] DEBUG org.dbunit.dataset.AbstractTable - assertValidRowIndex(row=0, rowCount=2) - start
13:20:17.288 [main] DEBUG org.dbunit.dataset.AbstractTable - getColumnIndex(columnName=NOME_PROJETO) - start
13:20:17.288 [main] DEBUG org.dbunit.dataset.AbstractTableMetaData - getColumnIndex(columnName=NOME_PROJETO) - start
13:20:17.288 [main] DEBUG org.dbunit.database.statement.AutomaticPreparedBatchStatement - addValue(value=Azure Cloud, dataType=VARCHAR) - start
13:20:17.288 [main] DEBUG org.dbunit.database.statement.SimplePreparedStatement - addValue(value=Azure Cloud, dataType=VARCHAR) - start
13:20:17.288 [main] DEBUG org.dbunit.dataset.datatype.StringDataType - setSqlValue(value=Azure Cloud, column=2, statement=org.apache.derby.client.am.ClientPreparedStatement42@fb2e3fd) - start
13:20:17.288 [main] DEBUG org.dbunit.dataset.datatype.DataType - asString(value=Azure Cloud) - start
13:20:17.288 [main] DEBUG org.dbunit.dataset.datatype.StringDataType - typeCast(value=Azure Cloud) - start
13:20:17.288 [main] DEBUG org.dbunit.dataset.DefaultTable - getValue(row=0, column=DESCRICAO_PROJETO) - start
13:20:17.288 [main] DEBUG org.dbunit.dataset.AbstractTable - assertValidRowIndex(row=0) - start
13:20:17.288 [main] DEBUG org.dbunit.dataset.AbstractTable - assertValidRowIndex(row=0, rowCount=2) - start
13:20:17.288 [main] DEBUG org.dbunit.dataset.AbstractTable - getColumnIndex(columnName=DESCRICAO_PROJETO) - start
13:20:17.288 [main] DEBUG org.dbunit.dataset.AbstractTableMetaData - getColumnIndex(columnName=DESCRICAO_PROJETO) - start
13:20:17.288 [main] DEBUG org.dbunit.database.statement.AutomaticPreparedBatchStatement - addValue(value=Cloud platform development, dataType=VARCHAR) - start
13:20:17.288 [main] DEBUG org.dbunit.database.statement.SimplePreparedStatement - addValue(value=Cloud platform development, dataType=VARCHAR) - start
13:20:17.288 [main] DEBUG org.dbunit.dataset.datatype.StringDataType - setSqlValue(value=Cloud platform development, column=3, statement=org.apache.derby.client.am.ClientPreparedStatement42@fb2e3fd) - start
13:20:17.288 [main] DEBUG org.dbunit.dataset.datatype.DataType - asString(value=Cloud platform development) - start
13:20:17.288 [main] DEBUG org.dbunit.dataset.datatype.StringDataType - typeCast(value=Cloud platform development) - start
13:20:17.288 [main] DEBUG org.dbunit.dataset.DefaultTable - getValue(row=0, column=ID_CLIENTE) - start
13:20:17.288 [main] DEBUG org.dbunit.dataset.AbstractTable - assertValidRowIndex(row=0) - start
13:20:17.288 [main] DEBUG org.dbunit.dataset.AbstractTable - assertValidRowIndex(row=0, rowCount=2) - start
13:20:17.288 [main] DEBUG org.dbunit.dataset.AbstractTable - getColumnIndex(columnName=ID_CLIENTE) - start
13:20:17.288 [main] DEBUG org.dbunit.dataset.AbstractTableMetaData - getColumnIndex(columnName=ID_CLIENTE) - start
13:20:17.288 [main] DEBUG org.dbunit.database.statement.AutomaticPreparedBatchStatement - addValue(value=12, dataType=BIGINT) - start
13:20:17.288 [main] DEBUG org.dbunit.database.statement.SimplePreparedStatement - addValue(value=12, dataType=BIGINT) - start
13:20:17.288 [main] DEBUG org.dbunit.dataset.datatype.BigIntegerDataType - setSqlValue(value=12, column=4, statement=org.apache.derby.client.am.ClientPreparedStatement42@fb2e3fd) - start
13:20:17.288 [main] DEBUG org.dbunit.dataset.datatype.BigIntegerDataType - typeCast(value=12) - start
13:20:17.288 [main] DEBUG org.dbunit.dataset.DefaultTable - getValue(row=0, column=ID_CALENDARIO) - start
13:20:17.288 [main] DEBUG org.dbunit.dataset.AbstractTable - assertValidRowIndex(row=0) - start
13:20:17.288 [main] DEBUG org.dbunit.dataset.AbstractTable - assertValidRowIndex(row=0, rowCount=2) - start
13:20:17.288 [main] DEBUG org.dbunit.dataset.AbstractTable - getColumnIndex(columnName=ID_CALENDARIO) - start
13:20:17.288 [main] DEBUG org.dbunit.dataset.AbstractTableMetaData - getColumnIndex(columnName=ID_CALENDARIO) - start
13:20:17.288 [main] DEBUG org.dbunit.database.statement.AutomaticPreparedBatchStatement - addValue(value=1, dataType=BIGINT) - start
13:20:17.288 [main] DEBUG org.dbunit.database.statement.SimplePreparedStatement - addValue(value=1, dataType=BIGINT) - start
13:20:17.288 [main] DEBUG org.dbunit.dataset.datatype.BigIntegerDataType - setSqlValue(value=1, column=5, statement=org.apache.derby.client.am.ClientPreparedStatement42@fb2e3fd) - start
13:20:17.288 [main] DEBUG org.dbunit.dataset.datatype.BigIntegerDataType - typeCast(value=1) - start
13:20:17.288 [main] DEBUG org.dbunit.dataset.DefaultTable - getValue(row=0, column=ID_RELATORIO) - start
13:20:17.288 [main] DEBUG org.dbunit.dataset.AbstractTable - assertValidRowIndex(row=0) - start
13:20:17.288 [main] DEBUG org.dbunit.dataset.AbstractTable - assertValidRowIndex(row=0, rowCount=2) - start
13:20:17.288 [main] DEBUG org.dbunit.dataset.AbstractTable - getColumnIndex(columnName=ID_RELATORIO) - start
13:20:17.288 [main] DEBUG org.dbunit.dataset.AbstractTableMetaData - getColumnIndex(columnName=ID_RELATORIO) - start
13:20:17.288 [main] DEBUG org.dbunit.database.statement.AutomaticPreparedBatchStatement - addValue(value=18, dataType=BIGINT) - start
13:20:17.288 [main] DEBUG org.dbunit.database.statement.SimplePreparedStatement - addValue(value=18, dataType=BIGINT) - start
13:20:17.288 [main] DEBUG org.dbunit.dataset.datatype.BigIntegerDataType - setSqlValue(value=18, column=6, statement=org.apache.derby.client.am.ClientPreparedStatement42@fb2e3fd) - start
13:20:17.288 [main] DEBUG org.dbunit.dataset.datatype.BigIntegerDataType - typeCast(value=18) - start
13:20:17.288 [main] DEBUG org.dbunit.database.statement.AutomaticPreparedBatchStatement - addBatch() - start
13:20:17.288 [main] DEBUG org.dbunit.database.statement.SimplePreparedStatement - addBatch() - start
13:20:17.290 [main] DEBUG org.dbunit.operation.InsertOperation - equalsIgnoreMapping(ignoreMapping={}, table=org.dbunit.dataset.DefaultTable[_metaData=tableName=TB_PROJETO, columns=[(ID_PROJETO, UNKNOWN, nullableUnknown), (NOME_PROJETO, UNKNOWN, nullableUnknown), (DESCRICAO_PROJETO, UNKNOWN, nullableUnknown), (ID_CLIENTE, UNKNOWN, nullableUnknown), (ID_CALENDARIO, UNKNOWN, nullableUnknown), (ID_RELATORIO, UNKNOWN, nullableUnknown)], keys=[], _rowList.size()=2], row=1) - start
13:20:17.290 [main] DEBUG org.dbunit.dataset.DefaultTable - getValue(row=1, column=ID_PROJETO) - start
13:20:17.290 [main] DEBUG org.dbunit.dataset.AbstractTable - assertValidRowIndex(row=1) - start
13:20:17.290 [main] DEBUG org.dbunit.dataset.AbstractTable - assertValidRowIndex(row=1, rowCount=2) - start
13:20:17.290 [main] DEBUG org.dbunit.dataset.AbstractTable - getColumnIndex(columnName=ID_PROJETO) - start
13:20:17.290 [main] DEBUG org.dbunit.dataset.AbstractTableMetaData - getColumnIndex(columnName=ID_PROJETO) - start
13:20:17.290 [main] DEBUG org.dbunit.dataset.DefaultTable - getValue(row=1, column=NOME_PROJETO) - start
13:20:17.290 [main] DEBUG org.dbunit.dataset.AbstractTable - assertValidRowIndex(row=1) - start
13:20:17.290 [main] DEBUG org.dbunit.dataset.AbstractTable - assertValidRowIndex(row=1, rowCount=2) - start
13:20:17.290 [main] DEBUG org.dbunit.dataset.AbstractTable - getColumnIndex(columnName=NOME_PROJETO) - start
13:20:17.290 [main] DEBUG org.dbunit.dataset.AbstractTableMetaData - getColumnIndex(columnName=NOME_PROJETO) - start
13:20:17.290 [main] DEBUG org.dbunit.dataset.DefaultTable - getValue(row=1, column=DESCRICAO_PROJETO) - start
13:20:17.290 [main] DEBUG org.dbunit.dataset.AbstractTable - assertValidRowIndex(row=1) - start
13:20:17.290 [main] DEBUG org.dbunit.dataset.AbstractTable - assertValidRowIndex(row=1, rowCount=2) - start
13:20:17.290 [main] DEBUG org.dbunit.dataset.AbstractTable - getColumnIndex(columnName=DESCRICAO_PROJETO) - start
13:20:17.290 [main] DEBUG org.dbunit.dataset.AbstractTableMetaData - getColumnIndex(columnName=DESCRICAO_PROJETO) - start
13:20:17.290 [main] DEBUG org.dbunit.dataset.DefaultTable - getValue(row=1, column=ID_CLIENTE) - start
13:20:17.290 [main] DEBUG org.dbunit.dataset.AbstractTable - assertValidRowIndex(row=1) - start
13:20:17.290 [main] DEBUG org.dbunit.dataset.AbstractTable - assertValidRowIndex(row=1, rowCount=2) - start
13:20:17.290 [main] DEBUG org.dbunit.dataset.AbstractTable - getColumnIndex(columnName=ID_CLIENTE) - start
13:20:17.290 [main] DEBUG org.dbunit.dataset.AbstractTableMetaData - getColumnIndex(columnName=ID_CLIENTE) - start
13:20:17.290 [main] DEBUG org.dbunit.dataset.DefaultTable - getValue(row=1, column=ID_CALENDARIO) - start
13:20:17.290 [main] DEBUG org.dbunit.dataset.AbstractTable - assertValidRowIndex(row=1) - start
13:20:17.290 [main] DEBUG org.dbunit.dataset.AbstractTable - assertValidRowIndex(row=1, rowCount=2) - start
13:20:17.290 [main] DEBUG org.dbunit.dataset.AbstractTable - getColumnIndex(columnName=ID_CALENDARIO) - start
13:20:17.290 [main] DEBUG org.dbunit.dataset.AbstractTableMetaData - getColumnIndex(columnName=ID_CALENDARIO) - start
13:20:17.290 [main] DEBUG org.dbunit.dataset.DefaultTable - getValue(row=1, column=ID_RELATORIO) - start
13:20:17.290 [main] DEBUG org.dbunit.dataset.AbstractTable - assertValidRowIndex(row=1) - start
13:20:17.290 [main] DEBUG org.dbunit.dataset.AbstractTable - assertValidRowIndex(row=1, rowCount=2) - start
13:20:17.290 [main] DEBUG org.dbunit.dataset.AbstractTable - getColumnIndex(columnName=ID_RELATORIO) - start
13:20:17.290 [main] DEBUG org.dbunit.dataset.AbstractTableMetaData - getColumnIndex(columnName=ID_RELATORIO) - start
13:20:17.290 [main] DEBUG org.dbunit.dataset.DefaultTable - getValue(row=1, column=ID_PROJETO) - start
13:20:17.290 [main] DEBUG org.dbunit.dataset.AbstractTable - assertValidRowIndex(row=1) - start
13:20:17.290 [main] DEBUG org.dbunit.dataset.AbstractTable - assertValidRowIndex(row=1, rowCount=2) - start
13:20:17.290 [main] DEBUG org.dbunit.dataset.AbstractTable - getColumnIndex(columnName=ID_PROJETO) - start
13:20:17.290 [main] DEBUG org.dbunit.dataset.AbstractTableMetaData - getColumnIndex(columnName=ID_PROJETO) - start
13:20:17.290 [main] DEBUG org.dbunit.database.statement.AutomaticPreparedBatchStatement - addValue(value=2, dataType=BIGINT) - start
13:20:17.290 [main] DEBUG org.dbunit.database.statement.SimplePreparedStatement - addValue(value=2, dataType=BIGINT) - start
13:20:17.290 [main] DEBUG org.dbunit.dataset.datatype.BigIntegerDataType - setSqlValue(value=2, column=1, statement=org.apache.derby.client.am.ClientPreparedStatement42@fb2e3fd) - start
13:20:17.290 [main] DEBUG org.dbunit.dataset.datatype.BigIntegerDataType - typeCast(value=2) - start
13:20:17.290 [main] DEBUG org.dbunit.dataset.DefaultTable - getValue(row=1, column=NOME_PROJETO) - start
13:20:17.290 [main] DEBUG org.dbunit.dataset.AbstractTable - assertValidRowIndex(row=1) - start
13:20:17.290 [main] DEBUG org.dbunit.dataset.AbstractTable - assertValidRowIndex(row=1, rowCount=2) - start
13:20:17.290 [main] DEBUG org.dbunit.dataset.AbstractTable - getColumnIndex(columnName=NOME_PROJETO) - start
13:20:17.290 [main] DEBUG org.dbunit.dataset.AbstractTableMetaData - getColumnIndex(columnName=NOME_PROJETO) - start
13:20:17.290 [main] DEBUG org.dbunit.database.statement.AutomaticPreparedBatchStatement - addValue(value=iPhone Development, dataType=VARCHAR) - start
13:20:17.290 [main] DEBUG org.dbunit.database.statement.SimplePreparedStatement - addValue(value=iPhone Development, dataType=VARCHAR) - start
13:20:17.290 [main] DEBUG org.dbunit.dataset.datatype.StringDataType - setSqlValue(value=iPhone Development, column=2, statement=org.apache.derby.client.am.ClientPreparedStatement42@fb2e3fd) - start
13:20:17.290 [main] DEBUG org.dbunit.dataset.datatype.DataType - asString(value=iPhone Development) - start
13:20:17.290 [main] DEBUG org.dbunit.dataset.datatype.StringDataType - typeCast(value=iPhone Development) - start
13:20:17.290 [main] DEBUG org.dbunit.dataset.DefaultTable - getValue(row=1, column=DESCRICAO_PROJETO) - start
13:20:17.290 [main] DEBUG org.dbunit.dataset.AbstractTable - assertValidRowIndex(row=1) - start
13:20:17.290 [main] DEBUG org.dbunit.dataset.AbstractTable - assertValidRowIndex(row=1, rowCount=2) - start
13:20:17.290 [main] DEBUG org.dbunit.dataset.AbstractTable - getColumnIndex(columnName=DESCRICAO_PROJETO) - start
13:20:17.290 [main] DEBUG org.dbunit.dataset.AbstractTableMetaData - getColumnIndex(columnName=DESCRICAO_PROJETO) - start
13:20:17.290 [main] DEBUG org.dbunit.database.statement.AutomaticPreparedBatchStatement - addValue(value=Development of new iPhone model, dataType=VARCHAR) - start
13:20:17.290 [main] DEBUG org.dbunit.database.statement.SimplePreparedStatement - addValue(value=Development of new iPhone model, dataType=VARCHAR) - start
13:20:17.290 [main] DEBUG org.dbunit.dataset.datatype.StringDataType - setSqlValue(value=Development of new iPhone model, column=3, statement=org.apache.derby.client.am.ClientPreparedStatement42@fb2e3fd) - start
13:20:17.290 [main] DEBUG org.dbunit.dataset.datatype.DataType - asString(value=Development of new iPhone model) - start
13:20:17.290 [main] DEBUG org.dbunit.dataset.datatype.StringDataType - typeCast(value=Development of new iPhone model) - start
13:20:17.290 [main] DEBUG org.dbunit.dataset.DefaultTable - getValue(row=1, column=ID_CLIENTE) - start
13:20:17.290 [main] DEBUG org.dbunit.dataset.AbstractTable - assertValidRowIndex(row=1) - start
13:20:17.290 [main] DEBUG org.dbunit.dataset.AbstractTable - assertValidRowIndex(row=1, rowCount=2) - start
13:20:17.290 [main] DEBUG org.dbunit.dataset.AbstractTable - getColumnIndex(columnName=ID_CLIENTE) - start
13:20:17.290 [main] DEBUG org.dbunit.dataset.AbstractTableMetaData - getColumnIndex(columnName=ID_CLIENTE) - start
13:20:17.290 [main] DEBUG org.dbunit.database.statement.AutomaticPreparedBatchStatement - addValue(value=20, dataType=BIGINT) - start
13:20:17.290 [main] DEBUG org.dbunit.database.statement.SimplePreparedStatement - addValue(value=20, dataType=BIGINT) - start
13:20:17.290 [main] DEBUG org.dbunit.dataset.datatype.BigIntegerDataType - setSqlValue(value=20, column=4, statement=org.apache.derby.client.am.ClientPreparedStatement42@fb2e3fd) - start
13:20:17.290 [main] DEBUG org.dbunit.dataset.datatype.BigIntegerDataType - typeCast(value=20) - start
13:20:17.290 [main] DEBUG org.dbunit.dataset.DefaultTable - getValue(row=1, column=ID_CALENDARIO) - start
13:20:17.290 [main] DEBUG org.dbunit.dataset.AbstractTable - assertValidRowIndex(row=1) - start
13:20:17.290 [main] DEBUG org.dbunit.dataset.AbstractTable - assertValidRowIndex(row=1, rowCount=2) - start
13:20:17.290 [main] DEBUG org.dbunit.dataset.AbstractTable - getColumnIndex(columnName=ID_CALENDARIO) - start
13:20:17.290 [main] DEBUG org.dbunit.dataset.AbstractTableMetaData - getColumnIndex(columnName=ID_CALENDARIO) - start
13:20:17.290 [main] DEBUG org.dbunit.database.statement.AutomaticPreparedBatchStatement - addValue(value=2, dataType=BIGINT) - start
13:20:17.290 [main] DEBUG org.dbunit.database.statement.SimplePreparedStatement - addValue(value=2, dataType=BIGINT) - start
13:20:17.290 [main] DEBUG org.dbunit.dataset.datatype.BigIntegerDataType - setSqlValue(value=2, column=5, statement=org.apache.derby.client.am.ClientPreparedStatement42@fb2e3fd) - start
13:20:17.290 [main] DEBUG org.dbunit.dataset.datatype.BigIntegerDataType - typeCast(value=2) - start
13:20:17.290 [main] DEBUG org.dbunit.dataset.DefaultTable - getValue(row=1, column=ID_RELATORIO) - start
13:20:17.290 [main] DEBUG org.dbunit.dataset.AbstractTable - assertValidRowIndex(row=1) - start
13:20:17.290 [main] DEBUG org.dbunit.dataset.AbstractTable - assertValidRowIndex(row=1, rowCount=2) - start
13:20:17.290 [main] DEBUG org.dbunit.dataset.AbstractTable - getColumnIndex(columnName=ID_RELATORIO) - start
13:20:17.290 [main] DEBUG org.dbunit.dataset.AbstractTableMetaData - getColumnIndex(columnName=ID_RELATORIO) - start
13:20:17.290 [main] DEBUG org.dbunit.database.statement.AutomaticPreparedBatchStatement - addValue(value=29, dataType=BIGINT) - start
13:20:17.290 [main] DEBUG org.dbunit.database.statement.SimplePreparedStatement - addValue(value=29, dataType=BIGINT) - start
13:20:17.290 [main] DEBUG org.dbunit.dataset.datatype.BigIntegerDataType - setSqlValue(value=29, column=6, statement=org.apache.derby.client.am.ClientPreparedStatement42@fb2e3fd) - start
13:20:17.290 [main] DEBUG org.dbunit.dataset.datatype.BigIntegerDataType - typeCast(value=29) - start
13:20:17.290 [main] DEBUG org.dbunit.database.statement.AutomaticPreparedBatchStatement - addBatch() - start
13:20:17.290 [main] DEBUG org.dbunit.database.statement.SimplePreparedStatement - addBatch() - start
13:20:17.291 [main] DEBUG org.dbunit.operation.InsertOperation - equalsIgnoreMapping(ignoreMapping={}, table=org.dbunit.dataset.DefaultTable[_metaData=tableName=TB_PROJETO, columns=[(ID_PROJETO, UNKNOWN, nullableUnknown), (NOME_PROJETO, UNKNOWN, nullableUnknown), (DESCRICAO_PROJETO, UNKNOWN, nullableUnknown), (ID_CLIENTE, UNKNOWN, nullableUnknown), (ID_CALENDARIO, UNKNOWN, nullableUnknown), (ID_RELATORIO, UNKNOWN, nullableUnknown)], keys=[], _rowList.size()=2], row=2) - start
13:20:17.292 [main] DEBUG org.dbunit.dataset.DefaultTable - getValue(row=2, column=ID_PROJETO) - start
13:20:17.292 [main] DEBUG org.dbunit.dataset.AbstractTable - assertValidRowIndex(row=2) - start
13:20:17.292 [main] DEBUG org.dbunit.dataset.AbstractTable - assertValidRowIndex(row=2, rowCount=2) - start
13:20:17.292 [main] DEBUG org.dbunit.database.statement.AutomaticPreparedBatchStatement - executeBatch() - start
13:20:17.292 [main] DEBUG org.dbunit.database.statement.SimplePreparedStatement - executeBatch() - start
13:20:17.292 [main] DEBUG org.dbunit.database.statement.SimplePreparedStatement - clearBatch() - start
13:20:17.292 [main] DEBUG org.dbunit.database.statement.AutomaticPreparedBatchStatement - clearBatch() - start
13:20:17.292 [main] DEBUG org.dbunit.database.statement.SimplePreparedStatement - clearBatch() - start
13:20:17.292 [main] DEBUG org.dbunit.database.statement.AutomaticPreparedBatchStatement - close() - start
13:20:17.292 [main] DEBUG org.dbunit.database.statement.AbstractPreparedBatchStatement - close() - start
13:20:17.292 [main] DEBUG org.dbunit.dataset.DefaultTableIterator - getTable() - start
13:20:17.292 [main] DEBUG org.dbunit.operation.AbstractBatchOperation - isEmpty(table=org.dbunit.dataset.DefaultTable[_metaData=tableName=TB_DOCUMENTO, columns=[(ID_DOCUMENTO, UNKNOWN, nullableUnknown), (TITULO_DOCUMENTO, UNKNOWN, nullableUnknown), (TIPO_DOCUMENTO, UNKNOWN, nullableUnknown), (DATA_CRIACAO_DOCUMENTO, UNKNOWN, nullableUnknown), (AUTOR_DOCUMENTO, UNKNOWN, nullableUnknown), (CAMINHO_ARQUIVO_DOCUMENTO, UNKNOWN, nullableUnknown), (ID_PROJETO, UNKNOWN, nullableUnknown)], keys=[], _rowList.size()=2]) - start
13:20:17.292 [main] DEBUG org.dbunit.dataset.DefaultTable - getValue(row=0, column=ID_DOCUMENTO) - start
13:20:17.292 [main] DEBUG org.dbunit.dataset.AbstractTable - assertValidRowIndex(row=0) - start
13:20:17.292 [main] DEBUG org.dbunit.dataset.AbstractTable - assertValidRowIndex(row=0, rowCount=2) - start
13:20:17.292 [main] DEBUG org.dbunit.dataset.AbstractTable - getColumnIndex(columnName=ID_DOCUMENTO) - start
13:20:17.292 [main] DEBUG org.dbunit.dataset.AbstractTableMetaData - getColumnIndex(columnName=ID_DOCUMENTO) - start
13:20:17.292 [main] DEBUG org.dbunit.operation.AbstractOperation - getOperationMetaData(connection=org.dbunit.database.DatabaseConnection[schema=null, connection=org.apache.derby.client.net.NetConnection@7d7cac8, super=_databaseConfig=org.dbunit.database.DatabaseConfig[, _propertyMap={http://www.dbunit.org/features/qualifiedTableNames=false, http://www.dbunit.org/properties/tableType=[Ljava.lang.String;@2d2acd89, http://www.dbunit.org/properties/batchSize=100, http://www.dbunit.org/properties/statementFactory=org.dbunit.database.statement.PreparedStatementFactory@7baf6acf, http://www.dbunit.org/features/batchedStatements=false, http://www.dbunit.org/features/caseSensitiveTableNames=false, http://www.dbunit.org/features/allowEmptyFields=false, http://www.dbunit.org/properties/datatypeFactory=org.dbunit.dataset.datatype.DefaultDataTypeFactory[_toleratedDeltaMap=org.dbunit.dataset.datatype.ToleratedDeltaMap@1e6dad8], http://www.dbunit.org/properties/metadataHandler=org.dbunit.database.DefaultMetadataHandler@6fc6deb7, http://www.dbunit.org/properties/fetchSize=100, http://www.dbunit.org/properties/resultSetTableFactory=org.dbunit.database.CachedResultSetTableFactory@8ed9cf, http://www.dbunit.org/features/datatypeWarning=true, http://www.dbunit.org/properties/escapePattern=null, http://www.dbunit.org/properties/allowVerifytabledefinitionExpectedtableCountMismatch=false}], _dataSet=AbstractDataSet[_orderedTableNameMap=null]], metaData=tableName=TB_DOCUMENTO, columns=[(ID_DOCUMENTO, UNKNOWN, nullableUnknown), (TITULO_DOCUMENTO, UNKNOWN, nullableUnknown), (TIPO_DOCUMENTO, UNKNOWN, nullableUnknown), (DATA_CRIACAO_DOCUMENTO, UNKNOWN, nullableUnknown), (AUTOR_DOCUMENTO, UNKNOWN, nullableUnknown), (CAMINHO_ARQUIVO_DOCUMENTO, UNKNOWN, nullableUnknown), (ID_PROJETO, UNKNOWN, nullableUnknown)], keys=[]) - start
13:20:17.292 [main] DEBUG org.dbunit.database.AbstractDatabaseConnection - createDataSet() - start
13:20:17.292 [main] DEBUG org.dbunit.database.DatabaseDataSet - getTableMetaData(tableName=TB_DOCUMENTO) - start
13:20:17.292 [main] DEBUG org.dbunit.database.DatabaseDataSet - initialize() - start
13:20:17.292 [main] DEBUG org.dbunit.dataset.OrderedTableNameMap - getTableName(tableName=TB_DOCUMENTO) - start
13:20:17.292 [main] DEBUG org.dbunit.dataset.OrderedTableNameMap - getTableName(tableName=TB_DOCUMENTO) - end - result=TB_DOCUMENTO
13:20:17.292 [main] DEBUG org.dbunit.dataset.OrderedTableNameMap - getTableName(tableName=TB_DOCUMENTO) - start
13:20:17.292 [main] DEBUG org.dbunit.dataset.OrderedTableNameMap - getTableName(tableName=TB_DOCUMENTO) - end - result=TB_DOCUMENTO
13:20:17.292 [main] DEBUG org.dbunit.dataset.AbstractTableMetaData - getColumnIndex(columnName=ID_DOCUMENTO) - start
13:20:17.292 [main] DEBUG org.dbunit.database.DatabaseTableMetaData - getColumns() - start
13:20:17.292 [main] DEBUG org.dbunit.database.DatabaseTableMetaData - getColumns() - start
13:20:17.292 [main] DEBUG org.dbunit.dataset.AbstractTableMetaData - getColumnIndex(columnName=TITULO_DOCUMENTO) - start
13:20:17.292 [main] DEBUG org.dbunit.database.DatabaseTableMetaData - getColumns() - start
13:20:17.292 [main] DEBUG org.dbunit.dataset.AbstractTableMetaData - getColumnIndex(columnName=TIPO_DOCUMENTO) - start
13:20:17.292 [main] DEBUG org.dbunit.database.DatabaseTableMetaData - getColumns() - start
13:20:17.292 [main] DEBUG org.dbunit.dataset.AbstractTableMetaData - getColumnIndex(columnName=DATA_CRIACAO_DOCUMENTO) - start
13:20:17.292 [main] DEBUG org.dbunit.database.DatabaseTableMetaData - getColumns() - start
13:20:17.292 [main] DEBUG org.dbunit.dataset.AbstractTableMetaData - getColumnIndex(columnName=AUTOR_DOCUMENTO) - start
13:20:17.292 [main] DEBUG org.dbunit.database.DatabaseTableMetaData - getColumns() - start
13:20:17.292 [main] DEBUG org.dbunit.dataset.AbstractTableMetaData - getColumnIndex(columnName=CAMINHO_ARQUIVO_DOCUMENTO) - start
13:20:17.292 [main] DEBUG org.dbunit.database.DatabaseTableMetaData - getColumns() - start
13:20:17.292 [main] DEBUG org.dbunit.dataset.AbstractTableMetaData - getColumnIndex(columnName=ID_PROJETO) - start
13:20:17.292 [main] DEBUG org.dbunit.database.DatabaseTableMetaData - getColumns() - start
13:20:17.292 [main] DEBUG org.dbunit.database.DatabaseTableMetaData - getPrimaryKeys() - start
13:20:17.292 [main] DEBUG org.dbunit.operation.InsertOperation - getIgnoreMapping(table=org.dbunit.dataset.DefaultTable[_metaData=tableName=TB_DOCUMENTO, columns=[(ID_DOCUMENTO, UNKNOWN, nullableUnknown), (TITULO_DOCUMENTO, UNKNOWN, nullableUnknown), (TIPO_DOCUMENTO, UNKNOWN, nullableUnknown), (DATA_CRIACAO_DOCUMENTO, UNKNOWN, nullableUnknown), (AUTOR_DOCUMENTO, UNKNOWN, nullableUnknown), (CAMINHO_ARQUIVO_DOCUMENTO, UNKNOWN, nullableUnknown), (ID_PROJETO, UNKNOWN, nullableUnknown)], keys=[], _rowList.size()=2], row=0) - start
13:20:17.292 [main] DEBUG org.dbunit.dataset.DefaultTable - getValue(row=0, column=ID_DOCUMENTO) - start
13:20:17.292 [main] DEBUG org.dbunit.dataset.AbstractTable - assertValidRowIndex(row=0) - start
13:20:17.292 [main] DEBUG org.dbunit.dataset.AbstractTable - assertValidRowIndex(row=0, rowCount=2) - start
13:20:17.292 [main] DEBUG org.dbunit.dataset.AbstractTable - getColumnIndex(columnName=ID_DOCUMENTO) - start
13:20:17.292 [main] DEBUG org.dbunit.dataset.AbstractTableMetaData - getColumnIndex(columnName=ID_DOCUMENTO) - start
13:20:17.292 [main] DEBUG org.dbunit.dataset.DefaultTable - getValue(row=0, column=TITULO_DOCUMENTO) - start
13:20:17.292 [main] DEBUG org.dbunit.dataset.AbstractTable - assertValidRowIndex(row=0) - start
13:20:17.292 [main] DEBUG org.dbunit.dataset.AbstractTable - assertValidRowIndex(row=0, rowCount=2) - start
13:20:17.292 [main] DEBUG org.dbunit.dataset.AbstractTable - getColumnIndex(columnName=TITULO_DOCUMENTO) - start
13:20:17.292 [main] DEBUG org.dbunit.dataset.AbstractTableMetaData - getColumnIndex(columnName=TITULO_DOCUMENTO) - start
13:20:17.292 [main] DEBUG org.dbunit.dataset.DefaultTable - getValue(row=0, column=TIPO_DOCUMENTO) - start
13:20:17.292 [main] DEBUG org.dbunit.dataset.AbstractTable - assertValidRowIndex(row=0) - start
13:20:17.292 [main] DEBUG org.dbunit.dataset.AbstractTable - assertValidRowIndex(row=0, rowCount=2) - start
13:20:17.292 [main] DEBUG org.dbunit.dataset.AbstractTable - getColumnIndex(columnName=TIPO_DOCUMENTO) - start
13:20:17.292 [main] DEBUG org.dbunit.dataset.AbstractTableMetaData - getColumnIndex(columnName=TIPO_DOCUMENTO) - start
13:20:17.292 [main] DEBUG org.dbunit.dataset.DefaultTable - getValue(row=0, column=DATA_CRIACAO_DOCUMENTO) - start
13:20:17.292 [main] DEBUG org.dbunit.dataset.AbstractTable - assertValidRowIndex(row=0) - start
13:20:17.292 [main] DEBUG org.dbunit.dataset.AbstractTable - assertValidRowIndex(row=0, rowCount=2) - start
13:20:17.292 [main] DEBUG org.dbunit.dataset.AbstractTable - getColumnIndex(columnName=DATA_CRIACAO_DOCUMENTO) - start
13:20:17.292 [main] DEBUG org.dbunit.dataset.AbstractTableMetaData - getColumnIndex(columnName=DATA_CRIACAO_DOCUMENTO) - start
13:20:17.292 [main] DEBUG org.dbunit.dataset.DefaultTable - getValue(row=0, column=AUTOR_DOCUMENTO) - start
13:20:17.292 [main] DEBUG org.dbunit.dataset.AbstractTable - assertValidRowIndex(row=0) - start
13:20:17.292 [main] DEBUG org.dbunit.dataset.AbstractTable - assertValidRowIndex(row=0, rowCount=2) - start
13:20:17.292 [main] DEBUG org.dbunit.dataset.AbstractTable - getColumnIndex(columnName=AUTOR_DOCUMENTO) - start
13:20:17.292 [main] DEBUG org.dbunit.dataset.AbstractTableMetaData - getColumnIndex(columnName=AUTOR_DOCUMENTO) - start
13:20:17.292 [main] DEBUG org.dbunit.dataset.DefaultTable - getValue(row=0, column=CAMINHO_ARQUIVO_DOCUMENTO) - start
13:20:17.292 [main] DEBUG org.dbunit.dataset.AbstractTable - assertValidRowIndex(row=0) - start
13:20:17.292 [main] DEBUG org.dbunit.dataset.AbstractTable - assertValidRowIndex(row=0, rowCount=2) - start
13:20:17.292 [main] DEBUG org.dbunit.dataset.AbstractTable - getColumnIndex(columnName=CAMINHO_ARQUIVO_DOCUMENTO) - start
13:20:17.292 [main] DEBUG org.dbunit.dataset.AbstractTableMetaData - getColumnIndex(columnName=CAMINHO_ARQUIVO_DOCUMENTO) - start
13:20:17.292 [main] DEBUG org.dbunit.dataset.DefaultTable - getValue(row=0, column=ID_PROJETO) - start
13:20:17.292 [main] DEBUG org.dbunit.dataset.AbstractTable - assertValidRowIndex(row=0) - start
13:20:17.292 [main] DEBUG org.dbunit.dataset.AbstractTable - assertValidRowIndex(row=0, rowCount=2) - start
13:20:17.292 [main] DEBUG org.dbunit.dataset.AbstractTable - getColumnIndex(columnName=ID_PROJETO) - start
13:20:17.292 [main] DEBUG org.dbunit.dataset.AbstractTableMetaData - getColumnIndex(columnName=ID_PROJETO) - start
13:20:17.292 [main] DEBUG org.dbunit.operation.InsertOperation - getOperationData(metaData=tableName=TB_DOCUMENTO, columns=[(ID_DOCUMENTO, BIGINT, noNulls), (TITULO_DOCUMENTO, VARCHAR, noNulls), (TIPO_DOCUMENTO, VARCHAR, noNulls), (DATA_CRIACAO_DOCUMENTO, DATE, noNulls), (AUTOR_DOCUMENTO, VARCHAR, noNulls), (CAMINHO_ARQUIVO_DOCUMENTO, VARCHAR, noNulls), (ID_PROJETO, BIGINT, noNulls)], keys=[(ID_DOCUMENTO, BIGINT, noNulls)], ignoreMapping={}, connection=org.dbunit.database.DatabaseConnection[schema=null, connection=org.apache.derby.client.net.NetConnection@7d7cac8, super=_databaseConfig=org.dbunit.database.DatabaseConfig[, _propertyMap={http://www.dbunit.org/features/qualifiedTableNames=false, http://www.dbunit.org/properties/tableType=[Ljava.lang.String;@2d2acd89, http://www.dbunit.org/properties/batchSize=100, http://www.dbunit.org/properties/statementFactory=org.dbunit.database.statement.PreparedStatementFactory@7baf6acf, http://www.dbunit.org/features/batchedStatements=false, http://www.dbunit.org/features/caseSensitiveTableNames=false, http://www.dbunit.org/features/allowEmptyFields=false, http://www.dbunit.org/properties/datatypeFactory=org.dbunit.dataset.datatype.DefaultDataTypeFactory[_toleratedDeltaMap=org.dbunit.dataset.datatype.ToleratedDeltaMap@1e6dad8], http://www.dbunit.org/properties/metadataHandler=org.dbunit.database.DefaultMetadataHandler@6fc6deb7, http://www.dbunit.org/properties/fetchSize=100, http://www.dbunit.org/properties/resultSetTableFactory=org.dbunit.database.CachedResultSetTableFactory@8ed9cf, http://www.dbunit.org/features/datatypeWarning=true, http://www.dbunit.org/properties/escapePattern=null, http://www.dbunit.org/properties/allowVerifytabledefinitionExpectedtableCountMismatch=false}], _dataSet=AbstractDataSet[_orderedTableNameMap=null]]) - start
13:20:17.292 [main] DEBUG org.dbunit.operation.AbstractOperation - getQualifiedName(prefix=null, name=TB_DOCUMENTO, connection=org.dbunit.database.DatabaseConnection[schema=null, connection=org.apache.derby.client.net.NetConnection@7d7cac8, super=_databaseConfig=org.dbunit.database.DatabaseConfig[, _propertyMap={http://www.dbunit.org/features/qualifiedTableNames=false, http://www.dbunit.org/properties/tableType=[Ljava.lang.String;@2d2acd89, http://www.dbunit.org/properties/batchSize=100, http://www.dbunit.org/properties/statementFactory=org.dbunit.database.statement.PreparedStatementFactory@7baf6acf, http://www.dbunit.org/features/batchedStatements=false, http://www.dbunit.org/features/caseSensitiveTableNames=false, http://www.dbunit.org/features/allowEmptyFields=false, http://www.dbunit.org/properties/datatypeFactory=org.dbunit.dataset.datatype.DefaultDataTypeFactory[_toleratedDeltaMap=org.dbunit.dataset.datatype.ToleratedDeltaMap@1e6dad8], http://www.dbunit.org/properties/metadataHandler=org.dbunit.database.DefaultMetadataHandler@6fc6deb7, http://www.dbunit.org/properties/fetchSize=100, http://www.dbunit.org/properties/resultSetTableFactory=org.dbunit.database.CachedResultSetTableFactory@8ed9cf, http://www.dbunit.org/features/datatypeWarning=true, http://www.dbunit.org/properties/escapePattern=null, http://www.dbunit.org/properties/allowVerifytabledefinitionExpectedtableCountMismatch=false}], _dataSet=AbstractDataSet[_orderedTableNameMap=null]]) - start
13:20:17.292 [main] DEBUG org.dbunit.util.QualifiedTableName - getQualifiedName() - start
13:20:17.292 [main] DEBUG org.dbunit.util.QualifiedTableName - getQualifiedName(prefix=null, name=TB_DOCUMENTO, escapePattern=null) - start
13:20:17.292 [main] DEBUG org.dbunit.operation.AbstractOperation - getQualifiedName(prefix=null, name=ID_DOCUMENTO, connection=org.dbunit.database.DatabaseConnection[schema=null, connection=org.apache.derby.client.net.NetConnection@7d7cac8, super=_databaseConfig=org.dbunit.database.DatabaseConfig[, _propertyMap={http://www.dbunit.org/features/qualifiedTableNames=false, http://www.dbunit.org/properties/tableType=[Ljava.lang.String;@2d2acd89, http://www.dbunit.org/properties/batchSize=100, http://www.dbunit.org/properties/statementFactory=org.dbunit.database.statement.PreparedStatementFactory@7baf6acf, http://www.dbunit.org/features/batchedStatements=false, http://www.dbunit.org/features/caseSensitiveTableNames=false, http://www.dbunit.org/features/allowEmptyFields=false, http://www.dbunit.org/properties/datatypeFactory=org.dbunit.dataset.datatype.DefaultDataTypeFactory[_toleratedDeltaMap=org.dbunit.dataset.datatype.ToleratedDeltaMap@1e6dad8], http://www.dbunit.org/properties/metadataHandler=org.dbunit.database.DefaultMetadataHandler@6fc6deb7, http://www.dbunit.org/properties/fetchSize=100, http://www.dbunit.org/properties/resultSetTableFactory=org.dbunit.database.CachedResultSetTableFactory@8ed9cf, http://www.dbunit.org/features/datatypeWarning=true, http://www.dbunit.org/properties/escapePattern=null, http://www.dbunit.org/properties/allowVerifytabledefinitionExpectedtableCountMismatch=false}], _dataSet=AbstractDataSet[_orderedTableNameMap=null]]) - start
13:20:17.292 [main] DEBUG org.dbunit.util.QualifiedTableName - getQualifiedName() - start
13:20:17.292 [main] DEBUG org.dbunit.util.QualifiedTableName - getQualifiedName(prefix=null, name=ID_DOCUMENTO, escapePattern=null) - start
13:20:17.292 [main] DEBUG org.dbunit.operation.AbstractOperation - getQualifiedName(prefix=null, name=TITULO_DOCUMENTO, connection=org.dbunit.database.DatabaseConnection[schema=null, connection=org.apache.derby.client.net.NetConnection@7d7cac8, super=_databaseConfig=org.dbunit.database.DatabaseConfig[, _propertyMap={http://www.dbunit.org/features/qualifiedTableNames=false, http://www.dbunit.org/properties/tableType=[Ljava.lang.String;@2d2acd89, http://www.dbunit.org/properties/batchSize=100, http://www.dbunit.org/properties/statementFactory=org.dbunit.database.statement.PreparedStatementFactory@7baf6acf, http://www.dbunit.org/features/batchedStatements=false, http://www.dbunit.org/features/caseSensitiveTableNames=false, http://www.dbunit.org/features/allowEmptyFields=false, http://www.dbunit.org/properties/datatypeFactory=org.dbunit.dataset.datatype.DefaultDataTypeFactory[_toleratedDeltaMap=org.dbunit.dataset.datatype.ToleratedDeltaMap@1e6dad8], http://www.dbunit.org/properties/metadataHandler=org.dbunit.database.DefaultMetadataHandler@6fc6deb7, http://www.dbunit.org/properties/fetchSize=100, http://www.dbunit.org/properties/resultSetTableFactory=org.dbunit.database.CachedResultSetTableFactory@8ed9cf, http://www.dbunit.org/features/datatypeWarning=true, http://www.dbunit.org/properties/escapePattern=null, http://www.dbunit.org/properties/allowVerifytabledefinitionExpectedtableCountMismatch=false}], _dataSet=AbstractDataSet[_orderedTableNameMap=null]]) - start
13:20:17.292 [main] DEBUG org.dbunit.util.QualifiedTableName - getQualifiedName() - start
13:20:17.292 [main] DEBUG org.dbunit.util.QualifiedTableName - getQualifiedName(prefix=null, name=TITULO_DOCUMENTO, escapePattern=null) - start
13:20:17.292 [main] DEBUG org.dbunit.operation.AbstractOperation - getQualifiedName(prefix=null, name=TIPO_DOCUMENTO, connection=org.dbunit.database.DatabaseConnection[schema=null, connection=org.apache.derby.client.net.NetConnection@7d7cac8, super=_databaseConfig=org.dbunit.database.DatabaseConfig[, _propertyMap={http://www.dbunit.org/features/qualifiedTableNames=false, http://www.dbunit.org/properties/tableType=[Ljava.lang.String;@2d2acd89, http://www.dbunit.org/properties/batchSize=100, http://www.dbunit.org/properties/statementFactory=org.dbunit.database.statement.PreparedStatementFactory@7baf6acf, http://www.dbunit.org/features/batchedStatements=false, http://www.dbunit.org/features/caseSensitiveTableNames=false, http://www.dbunit.org/features/allowEmptyFields=false, http://www.dbunit.org/properties/datatypeFactory=org.dbunit.dataset.datatype.DefaultDataTypeFactory[_toleratedDeltaMap=org.dbunit.dataset.datatype.ToleratedDeltaMap@1e6dad8], http://www.dbunit.org/properties/metadataHandler=org.dbunit.database.DefaultMetadataHandler@6fc6deb7, http://www.dbunit.org/properties/fetchSize=100, http://www.dbunit.org/properties/resultSetTableFactory=org.dbunit.database.CachedResultSetTableFactory@8ed9cf, http://www.dbunit.org/features/datatypeWarning=true, http://www.dbunit.org/properties/escapePattern=null, http://www.dbunit.org/properties/allowVerifytabledefinitionExpectedtableCountMismatch=false}], _dataSet=AbstractDataSet[_orderedTableNameMap=null]]) - start
13:20:17.292 [main] DEBUG org.dbunit.util.QualifiedTableName - getQualifiedName() - start
13:20:17.292 [main] DEBUG org.dbunit.util.QualifiedTableName - getQualifiedName(prefix=null, name=TIPO_DOCUMENTO, escapePattern=null) - start
13:20:17.292 [main] DEBUG org.dbunit.operation.AbstractOperation - getQualifiedName(prefix=null, name=DATA_CRIACAO_DOCUMENTO, connection=org.dbunit.database.DatabaseConnection[schema=null, connection=org.apache.derby.client.net.NetConnection@7d7cac8, super=_databaseConfig=org.dbunit.database.DatabaseConfig[, _propertyMap={http://www.dbunit.org/features/qualifiedTableNames=false, http://www.dbunit.org/properties/tableType=[Ljava.lang.String;@2d2acd89, http://www.dbunit.org/properties/batchSize=100, http://www.dbunit.org/properties/statementFactory=org.dbunit.database.statement.PreparedStatementFactory@7baf6acf, http://www.dbunit.org/features/batchedStatements=false, http://www.dbunit.org/features/caseSensitiveTableNames=false, http://www.dbunit.org/features/allowEmptyFields=false, http://www.dbunit.org/properties/datatypeFactory=org.dbunit.dataset.datatype.DefaultDataTypeFactory[_toleratedDeltaMap=org.dbunit.dataset.datatype.ToleratedDeltaMap@1e6dad8], http://www.dbunit.org/properties/metadataHandler=org.dbunit.database.DefaultMetadataHandler@6fc6deb7, http://www.dbunit.org/properties/fetchSize=100, http://www.dbunit.org/properties/resultSetTableFactory=org.dbunit.database.CachedResultSetTableFactory@8ed9cf, http://www.dbunit.org/features/datatypeWarning=true, http://www.dbunit.org/properties/escapePattern=null, http://www.dbunit.org/properties/allowVerifytabledefinitionExpectedtableCountMismatch=false}], _dataSet=AbstractDataSet[_orderedTableNameMap=null]]) - start
13:20:17.292 [main] DEBUG org.dbunit.util.QualifiedTableName - getQualifiedName() - start
13:20:17.292 [main] DEBUG org.dbunit.util.QualifiedTableName - getQualifiedName(prefix=null, name=DATA_CRIACAO_DOCUMENTO, escapePattern=null) - start
13:20:17.292 [main] DEBUG org.dbunit.operation.AbstractOperation - getQualifiedName(prefix=null, name=AUTOR_DOCUMENTO, connection=org.dbunit.database.DatabaseConnection[schema=null, connection=org.apache.derby.client.net.NetConnection@7d7cac8, super=_databaseConfig=org.dbunit.database.DatabaseConfig[, _propertyMap={http://www.dbunit.org/features/qualifiedTableNames=false, http://www.dbunit.org/properties/tableType=[Ljava.lang.String;@2d2acd89, http://www.dbunit.org/properties/batchSize=100, http://www.dbunit.org/properties/statementFactory=org.dbunit.database.statement.PreparedStatementFactory@7baf6acf, http://www.dbunit.org/features/batchedStatements=false, http://www.dbunit.org/features/caseSensitiveTableNames=false, http://www.dbunit.org/features/allowEmptyFields=false, http://www.dbunit.org/properties/datatypeFactory=org.dbunit.dataset.datatype.DefaultDataTypeFactory[_toleratedDeltaMap=org.dbunit.dataset.datatype.ToleratedDeltaMap@1e6dad8], http://www.dbunit.org/properties/metadataHandler=org.dbunit.database.DefaultMetadataHandler@6fc6deb7, http://www.dbunit.org/properties/fetchSize=100, http://www.dbunit.org/properties/resultSetTableFactory=org.dbunit.database.CachedResultSetTableFactory@8ed9cf, http://www.dbunit.org/features/datatypeWarning=true, http://www.dbunit.org/properties/escapePattern=null, http://www.dbunit.org/properties/allowVerifytabledefinitionExpectedtableCountMismatch=false}], _dataSet=AbstractDataSet[_orderedTableNameMap=null]]) - start
13:20:17.292 [main] DEBUG org.dbunit.util.QualifiedTableName - getQualifiedName() - start
13:20:17.292 [main] DEBUG org.dbunit.util.QualifiedTableName - getQualifiedName(prefix=null, name=AUTOR_DOCUMENTO, escapePattern=null) - start
13:20:17.292 [main] DEBUG org.dbunit.operation.AbstractOperation - getQualifiedName(prefix=null, name=CAMINHO_ARQUIVO_DOCUMENTO, connection=org.dbunit.database.DatabaseConnection[schema=null, connection=org.apache.derby.client.net.NetConnection@7d7cac8, super=_databaseConfig=org.dbunit.database.DatabaseConfig[, _propertyMap={http://www.dbunit.org/features/qualifiedTableNames=false, http://www.dbunit.org/properties/tableType=[Ljava.lang.String;@2d2acd89, http://www.dbunit.org/properties/batchSize=100, http://www.dbunit.org/properties/statementFactory=org.dbunit.database.statement.PreparedStatementFactory@7baf6acf, http://www.dbunit.org/features/batchedStatements=false, http://www.dbunit.org/features/caseSensitiveTableNames=false, http://www.dbunit.org/features/allowEmptyFields=false, http://www.dbunit.org/properties/datatypeFactory=org.dbunit.dataset.datatype.DefaultDataTypeFactory[_toleratedDeltaMap=org.dbunit.dataset.datatype.ToleratedDeltaMap@1e6dad8], http://www.dbunit.org/properties/metadataHandler=org.dbunit.database.DefaultMetadataHandler@6fc6deb7, http://www.dbunit.org/properties/fetchSize=100, http://www.dbunit.org/properties/resultSetTableFactory=org.dbunit.database.CachedResultSetTableFactory@8ed9cf, http://www.dbunit.org/features/datatypeWarning=true, http://www.dbunit.org/properties/escapePattern=null, http://www.dbunit.org/properties/allowVerifytabledefinitionExpectedtableCountMismatch=false}], _dataSet=AbstractDataSet[_orderedTableNameMap=null]]) - start
13:20:17.292 [main] DEBUG org.dbunit.util.QualifiedTableName - getQualifiedName() - start
13:20:17.292 [main] DEBUG org.dbunit.util.QualifiedTableName - getQualifiedName(prefix=null, name=CAMINHO_ARQUIVO_DOCUMENTO, escapePattern=null) - start
13:20:17.292 [main] DEBUG org.dbunit.operation.AbstractOperation - getQualifiedName(prefix=null, name=ID_PROJETO, connection=org.dbunit.database.DatabaseConnection[schema=null, connection=org.apache.derby.client.net.NetConnection@7d7cac8, super=_databaseConfig=org.dbunit.database.DatabaseConfig[, _propertyMap={http://www.dbunit.org/features/qualifiedTableNames=false, http://www.dbunit.org/properties/tableType=[Ljava.lang.String;@2d2acd89, http://www.dbunit.org/properties/batchSize=100, http://www.dbunit.org/properties/statementFactory=org.dbunit.database.statement.PreparedStatementFactory@7baf6acf, http://www.dbunit.org/features/batchedStatements=false, http://www.dbunit.org/features/caseSensitiveTableNames=false, http://www.dbunit.org/features/allowEmptyFields=false, http://www.dbunit.org/properties/datatypeFactory=org.dbunit.dataset.datatype.DefaultDataTypeFactory[_toleratedDeltaMap=org.dbunit.dataset.datatype.ToleratedDeltaMap@1e6dad8], http://www.dbunit.org/properties/metadataHandler=org.dbunit.database.DefaultMetadataHandler@6fc6deb7, http://www.dbunit.org/properties/fetchSize=100, http://www.dbunit.org/properties/resultSetTableFactory=org.dbunit.database.CachedResultSetTableFactory@8ed9cf, http://www.dbunit.org/features/datatypeWarning=true, http://www.dbunit.org/properties/escapePattern=null, http://www.dbunit.org/properties/allowVerifytabledefinitionExpectedtableCountMismatch=false}], _dataSet=AbstractDataSet[_orderedTableNameMap=null]]) - start
13:20:17.292 [main] DEBUG org.dbunit.util.QualifiedTableName - getQualifiedName() - start
13:20:17.292 [main] DEBUG org.dbunit.util.QualifiedTableName - getQualifiedName(prefix=null, name=ID_PROJETO, escapePattern=null) - start
13:20:17.292 [main] DEBUG org.dbunit.database.statement.PreparedStatementFactory - createPreparedBatchStatement(sql=insert into TB_DOCUMENTO (ID_DOCUMENTO, TITULO_DOCUMENTO, TIPO_DOCUMENTO, DATA_CRIACAO_DOCUMENTO, AUTOR_DOCUMENTO, CAMINHO_ARQUIVO_DOCUMENTO, ID_PROJETO) values (?, ?, ?, ?, ?, ?, ?), connection=org.dbunit.database.DatabaseConnection[schema=null, connection=org.apache.derby.client.net.NetConnection@7d7cac8, super=_databaseConfig=org.dbunit.database.DatabaseConfig[, _propertyMap={http://www.dbunit.org/features/qualifiedTableNames=false, http://www.dbunit.org/properties/tableType=[Ljava.lang.String;@2d2acd89, http://www.dbunit.org/properties/batchSize=100, http://www.dbunit.org/properties/statementFactory=org.dbunit.database.statement.PreparedStatementFactory@7baf6acf, http://www.dbunit.org/features/batchedStatements=false, http://www.dbunit.org/features/caseSensitiveTableNames=false, http://www.dbunit.org/features/allowEmptyFields=false, http://www.dbunit.org/properties/datatypeFactory=org.dbunit.dataset.datatype.DefaultDataTypeFactory[_toleratedDeltaMap=org.dbunit.dataset.datatype.ToleratedDeltaMap@1e6dad8], http://www.dbunit.org/properties/metadataHandler=org.dbunit.database.DefaultMetadataHandler@6fc6deb7, http://www.dbunit.org/properties/fetchSize=100, http://www.dbunit.org/properties/resultSetTableFactory=org.dbunit.database.CachedResultSetTableFactory@8ed9cf, http://www.dbunit.org/features/datatypeWarning=true, http://www.dbunit.org/properties/escapePattern=null, http://www.dbunit.org/properties/allowVerifytabledefinitionExpectedtableCountMismatch=false}], _dataSet=AbstractDataSet[_orderedTableNameMap=null]]) - start
13:20:17.292 [main] DEBUG org.dbunit.database.statement.AbstractStatementFactory - supportBatchStatement(connection=org.dbunit.database.DatabaseConnection[schema=null, connection=org.apache.derby.client.net.NetConnection@7d7cac8, super=_databaseConfig=org.dbunit.database.DatabaseConfig[, _propertyMap={http://www.dbunit.org/features/qualifiedTableNames=false, http://www.dbunit.org/properties/tableType=[Ljava.lang.String;@2d2acd89, http://www.dbunit.org/properties/batchSize=100, http://www.dbunit.org/properties/statementFactory=org.dbunit.database.statement.PreparedStatementFactory@7baf6acf, http://www.dbunit.org/features/batchedStatements=false, http://www.dbunit.org/features/caseSensitiveTableNames=false, http://www.dbunit.org/features/allowEmptyFields=false, http://www.dbunit.org/properties/datatypeFactory=org.dbunit.dataset.datatype.DefaultDataTypeFactory[_toleratedDeltaMap=org.dbunit.dataset.datatype.ToleratedDeltaMap@1e6dad8], http://www.dbunit.org/properties/metadataHandler=org.dbunit.database.DefaultMetadataHandler@6fc6deb7, http://www.dbunit.org/properties/fetchSize=100, http://www.dbunit.org/properties/resultSetTableFactory=org.dbunit.database.CachedResultSetTableFactory@8ed9cf, http://www.dbunit.org/features/datatypeWarning=true, http://www.dbunit.org/properties/escapePattern=null, http://www.dbunit.org/properties/allowVerifytabledefinitionExpectedtableCountMismatch=false}], _dataSet=AbstractDataSet[_orderedTableNameMap=null]]) - start
13:20:17.295 [main] DEBUG org.dbunit.dataset.DefaultTable - getValue(row=0, column=ID_DOCUMENTO) - start
13:20:17.295 [main] DEBUG org.dbunit.dataset.AbstractTable - assertValidRowIndex(row=0) - start
13:20:17.295 [main] DEBUG org.dbunit.dataset.AbstractTable - assertValidRowIndex(row=0, rowCount=2) - start
13:20:17.295 [main] DEBUG org.dbunit.dataset.AbstractTable - getColumnIndex(columnName=ID_DOCUMENTO) - start
13:20:17.295 [main] DEBUG org.dbunit.dataset.AbstractTableMetaData - getColumnIndex(columnName=ID_DOCUMENTO) - start
13:20:17.295 [main] DEBUG org.dbunit.database.statement.AutomaticPreparedBatchStatement - addValue(value=1, dataType=BIGINT) - start
13:20:17.295 [main] DEBUG org.dbunit.database.statement.SimplePreparedStatement - addValue(value=1, dataType=BIGINT) - start
13:20:17.295 [main] DEBUG org.dbunit.dataset.datatype.BigIntegerDataType - setSqlValue(value=1, column=1, statement=org.apache.derby.client.am.ClientPreparedStatement42@43a09ce2) - start
13:20:17.295 [main] DEBUG org.dbunit.dataset.datatype.BigIntegerDataType - typeCast(value=1) - start
13:20:17.295 [main] DEBUG org.dbunit.dataset.DefaultTable - getValue(row=0, column=TITULO_DOCUMENTO) - start
13:20:17.295 [main] DEBUG org.dbunit.dataset.AbstractTable - assertValidRowIndex(row=0) - start
13:20:17.296 [main] DEBUG org.dbunit.dataset.AbstractTable - assertValidRowIndex(row=0, rowCount=2) - start
13:20:17.296 [main] DEBUG org.dbunit.dataset.AbstractTable - getColumnIndex(columnName=TITULO_DOCUMENTO) - start
13:20:17.296 [main] DEBUG org.dbunit.dataset.AbstractTableMetaData - getColumnIndex(columnName=TITULO_DOCUMENTO) - start
13:20:17.296 [main] DEBUG org.dbunit.database.statement.AutomaticPreparedBatchStatement - addValue(value=Azure Whitepaper, dataType=VARCHAR) - start
13:20:17.296 [main] DEBUG org.dbunit.database.statement.SimplePreparedStatement - addValue(value=Azure Whitepaper, dataType=VARCHAR) - start
13:20:17.296 [main] DEBUG org.dbunit.dataset.datatype.StringDataType - setSqlValue(value=Azure Whitepaper, column=2, statement=org.apache.derby.client.am.ClientPreparedStatement42@43a09ce2) - start
13:20:17.296 [main] DEBUG org.dbunit.dataset.datatype.DataType - asString(value=Azure Whitepaper) - start
13:20:17.296 [main] DEBUG org.dbunit.dataset.datatype.StringDataType - typeCast(value=Azure Whitepaper) - start
13:20:17.296 [main] DEBUG org.dbunit.dataset.DefaultTable - getValue(row=0, column=TIPO_DOCUMENTO) - start
13:20:17.296 [main] DEBUG org.dbunit.dataset.AbstractTable - assertValidRowIndex(row=0) - start
13:20:17.296 [main] DEBUG org.dbunit.dataset.AbstractTable - assertValidRowIndex(row=0, rowCount=2) - start
13:20:17.296 [main] DEBUG org.dbunit.dataset.AbstractTable - getColumnIndex(columnName=TIPO_DOCUMENTO) - start
13:20:17.296 [main] DEBUG org.dbunit.dataset.AbstractTableMetaData - getColumnIndex(columnName=TIPO_DOCUMENTO) - start
13:20:17.296 [main] DEBUG org.dbunit.database.statement.AutomaticPreparedBatchStatement - addValue(value=TECNICO, dataType=VARCHAR) - start
13:20:17.296 [main] DEBUG org.dbunit.database.statement.SimplePreparedStatement - addValue(value=TECNICO, dataType=VARCHAR) - start
13:20:17.296 [main] DEBUG org.dbunit.dataset.datatype.StringDataType - setSqlValue(value=TECNICO, column=3, statement=org.apache.derby.client.am.ClientPreparedStatement42@43a09ce2) - start
13:20:17.296 [main] DEBUG org.dbunit.dataset.datatype.DataType - asString(value=TECNICO) - start
13:20:17.296 [main] DEBUG org.dbunit.dataset.datatype.StringDataType - typeCast(value=TECNICO) - start
13:20:17.296 [main] DEBUG org.dbunit.dataset.DefaultTable - getValue(row=0, column=DATA_CRIACAO_DOCUMENTO) - start
13:20:17.296 [main] DEBUG org.dbunit.dataset.AbstractTable - assertValidRowIndex(row=0) - start
13:20:17.296 [main] DEBUG org.dbunit.dataset.AbstractTable - assertValidRowIndex(row=0, rowCount=2) - start
13:20:17.296 [main] DEBUG org.dbunit.dataset.AbstractTable - getColumnIndex(columnName=DATA_CRIACAO_DOCUMENTO) - start
13:20:17.296 [main] DEBUG org.dbunit.dataset.AbstractTableMetaData - getColumnIndex(columnName=DATA_CRIACAO_DOCUMENTO) - start
13:20:17.296 [main] DEBUG org.dbunit.database.statement.AutomaticPreparedBatchStatement - addValue(value=2024-06-01, dataType=DATE) - start
13:20:17.296 [main] DEBUG org.dbunit.database.statement.SimplePreparedStatement - addValue(value=2024-06-01, dataType=DATE) - start
13:20:17.296 [main] DEBUG org.dbunit.dataset.datatype.DateDataType - setSqlValue(value=2024-06-01, column=4, statement=org.apache.derby.client.am.ClientPreparedStatement42@43a09ce2) - start
13:20:17.296 [main] DEBUG org.dbunit.dataset.datatype.DateDataType - typeCast(value=2024-06-01) - start
13:20:17.296 [main] DEBUG org.dbunit.dataset.DefaultTable - getValue(row=0, column=AUTOR_DOCUMENTO) - start
13:20:17.296 [main] DEBUG org.dbunit.dataset.AbstractTable - assertValidRowIndex(row=0) - start
13:20:17.296 [main] DEBUG org.dbunit.dataset.AbstractTable - assertValidRowIndex(row=0, rowCount=2) - start
13:20:17.296 [main] DEBUG org.dbunit.dataset.AbstractTable - getColumnIndex(columnName=AUTOR_DOCUMENTO) - start
13:20:17.296 [main] DEBUG org.dbunit.dataset.AbstractTableMetaData - getColumnIndex(columnName=AUTOR_DOCUMENTO) - start
13:20:17.296 [main] DEBUG org.dbunit.database.statement.AutomaticPreparedBatchStatement - addValue(value=John Doe, dataType=VARCHAR) - start
13:20:17.296 [main] DEBUG org.dbunit.database.statement.SimplePreparedStatement - addValue(value=John Doe, dataType=VARCHAR) - start
13:20:17.296 [main] DEBUG org.dbunit.dataset.datatype.StringDataType - setSqlValue(value=John Doe, column=5, statement=org.apache.derby.client.am.ClientPreparedStatement42@43a09ce2) - start
13:20:17.296 [main] DEBUG org.dbunit.dataset.datatype.DataType - asString(value=John Doe) - start
13:20:17.296 [main] DEBUG org.dbunit.dataset.datatype.StringDataType - typeCast(value=John Doe) - start
13:20:17.296 [main] DEBUG org.dbunit.dataset.DefaultTable - getValue(row=0, column=CAMINHO_ARQUIVO_DOCUMENTO) - start
13:20:17.296 [main] DEBUG org.dbunit.dataset.AbstractTable - assertValidRowIndex(row=0) - start
13:20:17.296 [main] DEBUG org.dbunit.dataset.AbstractTable - assertValidRowIndex(row=0, rowCount=2) - start
13:20:17.296 [main] DEBUG org.dbunit.dataset.AbstractTable - getColumnIndex(columnName=CAMINHO_ARQUIVO_DOCUMENTO) - start
13:20:17.296 [main] DEBUG org.dbunit.dataset.AbstractTableMetaData - getColumnIndex(columnName=CAMINHO_ARQUIVO_DOCUMENTO) - start
13:20:17.296 [main] DEBUG org.dbunit.database.statement.AutomaticPreparedBatchStatement - addValue(value=/docs/azure.pdf, dataType=VARCHAR) - start
13:20:17.296 [main] DEBUG org.dbunit.database.statement.SimplePreparedStatement - addValue(value=/docs/azure.pdf, dataType=VARCHAR) - start
13:20:17.296 [main] DEBUG org.dbunit.dataset.datatype.StringDataType - setSqlValue(value=/docs/azure.pdf, column=6, statement=org.apache.derby.client.am.ClientPreparedStatement42@43a09ce2) - start
13:20:17.296 [main] DEBUG org.dbunit.dataset.datatype.DataType - asString(value=/docs/azure.pdf) - start
13:20:17.296 [main] DEBUG org.dbunit.dataset.datatype.StringDataType - typeCast(value=/docs/azure.pdf) - start
13:20:17.296 [main] DEBUG org.dbunit.dataset.DefaultTable - getValue(row=0, column=ID_PROJETO) - start
13:20:17.296 [main] DEBUG org.dbunit.dataset.AbstractTable - assertValidRowIndex(row=0) - start
13:20:17.296 [main] DEBUG org.dbunit.dataset.AbstractTable - assertValidRowIndex(row=0, rowCount=2) - start
13:20:17.296 [main] DEBUG org.dbunit.dataset.AbstractTable - getColumnIndex(columnName=ID_PROJETO) - start
13:20:17.296 [main] DEBUG org.dbunit.dataset.AbstractTableMetaData - getColumnIndex(columnName=ID_PROJETO) - start
13:20:17.296 [main] DEBUG org.dbunit.database.statement.AutomaticPreparedBatchStatement - addValue(value=1, dataType=BIGINT) - start
13:20:17.296 [main] DEBUG org.dbunit.database.statement.SimplePreparedStatement - addValue(value=1, dataType=BIGINT) - start
13:20:17.296 [main] DEBUG org.dbunit.dataset.datatype.BigIntegerDataType - setSqlValue(value=1, column=7, statement=org.apache.derby.client.am.ClientPreparedStatement42@43a09ce2) - start
13:20:17.296 [main] DEBUG org.dbunit.dataset.datatype.BigIntegerDataType - typeCast(value=1) - start
13:20:17.296 [main] DEBUG org.dbunit.database.statement.AutomaticPreparedBatchStatement - addBatch() - start
13:20:17.296 [main] DEBUG org.dbunit.database.statement.SimplePreparedStatement - addBatch() - start
13:20:17.298 [main] DEBUG org.dbunit.operation.InsertOperation - equalsIgnoreMapping(ignoreMapping={}, table=org.dbunit.dataset.DefaultTable[_metaData=tableName=TB_DOCUMENTO, columns=[(ID_DOCUMENTO, UNKNOWN, nullableUnknown), (TITULO_DOCUMENTO, UNKNOWN, nullableUnknown), (TIPO_DOCUMENTO, UNKNOWN, nullableUnknown), (DATA_CRIACAO_DOCUMENTO, UNKNOWN, nullableUnknown), (AUTOR_DOCUMENTO, UNKNOWN, nullableUnknown), (CAMINHO_ARQUIVO_DOCUMENTO, UNKNOWN, nullableUnknown), (ID_PROJETO, UNKNOWN, nullableUnknown)], keys=[], _rowList.size()=2], row=1) - start
13:20:17.298 [main] DEBUG org.dbunit.dataset.DefaultTable - getValue(row=1, column=ID_DOCUMENTO) - start
13:20:17.298 [main] DEBUG org.dbunit.dataset.AbstractTable - assertValidRowIndex(row=1) - start
13:20:17.298 [main] DEBUG org.dbunit.dataset.AbstractTable - assertValidRowIndex(row=1, rowCount=2) - start
13:20:17.298 [main] DEBUG org.dbunit.dataset.AbstractTable - getColumnIndex(columnName=ID_DOCUMENTO) - start
13:20:17.298 [main] DEBUG org.dbunit.dataset.AbstractTableMetaData - getColumnIndex(columnName=ID_DOCUMENTO) - start
13:20:17.298 [main] DEBUG org.dbunit.dataset.DefaultTable - getValue(row=1, column=TITULO_DOCUMENTO) - start
13:20:17.298 [main] DEBUG org.dbunit.dataset.AbstractTable - assertValidRowIndex(row=1) - start
13:20:17.298 [main] DEBUG org.dbunit.dataset.AbstractTable - assertValidRowIndex(row=1, rowCount=2) - start
13:20:17.298 [main] DEBUG org.dbunit.dataset.AbstractTable - getColumnIndex(columnName=TITULO_DOCUMENTO) - start
13:20:17.298 [main] DEBUG org.dbunit.dataset.AbstractTableMetaData - getColumnIndex(columnName=TITULO_DOCUMENTO) - start
13:20:17.298 [main] DEBUG org.dbunit.dataset.DefaultTable - getValue(row=1, column=TIPO_DOCUMENTO) - start
13:20:17.298 [main] DEBUG org.dbunit.dataset.AbstractTable - assertValidRowIndex(row=1) - start
13:20:17.298 [main] DEBUG org.dbunit.dataset.AbstractTable - assertValidRowIndex(row=1, rowCount=2) - start
13:20:17.298 [main] DEBUG org.dbunit.dataset.AbstractTable - getColumnIndex(columnName=TIPO_DOCUMENTO) - start
13:20:17.298 [main] DEBUG org.dbunit.dataset.AbstractTableMetaData - getColumnIndex(columnName=TIPO_DOCUMENTO) - start
13:20:17.298 [main] DEBUG org.dbunit.dataset.DefaultTable - getValue(row=1, column=DATA_CRIACAO_DOCUMENTO) - start
13:20:17.298 [main] DEBUG org.dbunit.dataset.AbstractTable - assertValidRowIndex(row=1) - start
13:20:17.298 [main] DEBUG org.dbunit.dataset.AbstractTable - assertValidRowIndex(row=1, rowCount=2) - start
13:20:17.298 [main] DEBUG org.dbunit.dataset.AbstractTable - getColumnIndex(columnName=DATA_CRIACAO_DOCUMENTO) - start
13:20:17.298 [main] DEBUG org.dbunit.dataset.AbstractTableMetaData - getColumnIndex(columnName=DATA_CRIACAO_DOCUMENTO) - start
13:20:17.298 [main] DEBUG org.dbunit.dataset.DefaultTable - getValue(row=1, column=AUTOR_DOCUMENTO) - start
13:20:17.298 [main] DEBUG org.dbunit.dataset.AbstractTable - assertValidRowIndex(row=1) - start
13:20:17.298 [main] DEBUG org.dbunit.dataset.AbstractTable - assertValidRowIndex(row=1, rowCount=2) - start
13:20:17.298 [main] DEBUG org.dbunit.dataset.AbstractTable - getColumnIndex(columnName=AUTOR_DOCUMENTO) - start
13:20:17.298 [main] DEBUG org.dbunit.dataset.AbstractTableMetaData - getColumnIndex(columnName=AUTOR_DOCUMENTO) - start
13:20:17.298 [main] DEBUG org.dbunit.dataset.DefaultTable - getValue(row=1, column=CAMINHO_ARQUIVO_DOCUMENTO) - start
13:20:17.298 [main] DEBUG org.dbunit.dataset.AbstractTable - assertValidRowIndex(row=1) - start
13:20:17.298 [main] DEBUG org.dbunit.dataset.AbstractTable - assertValidRowIndex(row=1, rowCount=2) - start
13:20:17.298 [main] DEBUG org.dbunit.dataset.AbstractTable - getColumnIndex(columnName=CAMINHO_ARQUIVO_DOCUMENTO) - start
13:20:17.298 [main] DEBUG org.dbunit.dataset.AbstractTableMetaData - getColumnIndex(columnName=CAMINHO_ARQUIVO_DOCUMENTO) - start
13:20:17.298 [main] DEBUG org.dbunit.dataset.DefaultTable - getValue(row=1, column=ID_PROJETO) - start
13:20:17.298 [main] DEBUG org.dbunit.dataset.AbstractTable - assertValidRowIndex(row=1) - start
13:20:17.298 [main] DEBUG org.dbunit.dataset.AbstractTable - assertValidRowIndex(row=1, rowCount=2) - start
13:20:17.298 [main] DEBUG org.dbunit.dataset.AbstractTable - getColumnIndex(columnName=ID_PROJETO) - start
13:20:17.298 [main] DEBUG org.dbunit.dataset.AbstractTableMetaData - getColumnIndex(columnName=ID_PROJETO) - start
13:20:17.298 [main] DEBUG org.dbunit.dataset.DefaultTable - getValue(row=1, column=ID_DOCUMENTO) - start
13:20:17.298 [main] DEBUG org.dbunit.dataset.AbstractTable - assertValidRowIndex(row=1) - start
13:20:17.298 [main] DEBUG org.dbunit.dataset.AbstractTable - assertValidRowIndex(row=1, rowCount=2) - start
13:20:17.298 [main] DEBUG org.dbunit.dataset.AbstractTable - getColumnIndex(columnName=ID_DOCUMENTO) - start
13:20:17.298 [main] DEBUG org.dbunit.dataset.AbstractTableMetaData - getColumnIndex(columnName=ID_DOCUMENTO) - start
13:20:17.298 [main] DEBUG org.dbunit.database.statement.AutomaticPreparedBatchStatement - addValue(value=2, dataType=BIGINT) - start
13:20:17.298 [main] DEBUG org.dbunit.database.statement.SimplePreparedStatement - addValue(value=2, dataType=BIGINT) - start
13:20:17.298 [main] DEBUG org.dbunit.dataset.datatype.BigIntegerDataType - setSqlValue(value=2, column=1, statement=org.apache.derby.client.am.ClientPreparedStatement42@43a09ce2) - start
13:20:17.298 [main] DEBUG org.dbunit.dataset.datatype.BigIntegerDataType - typeCast(value=2) - start
13:20:17.298 [main] DEBUG org.dbunit.dataset.DefaultTable - getValue(row=1, column=TITULO_DOCUMENTO) - start
13:20:17.298 [main] DEBUG org.dbunit.dataset.AbstractTable - assertValidRowIndex(row=1) - start
13:20:17.298 [main] DEBUG org.dbunit.dataset.AbstractTable - assertValidRowIndex(row=1, rowCount=2) - start
13:20:17.298 [main] DEBUG org.dbunit.dataset.AbstractTable - getColumnIndex(columnName=TITULO_DOCUMENTO) - start
13:20:17.298 [main] DEBUG org.dbunit.dataset.AbstractTableMetaData - getColumnIndex(columnName=TITULO_DOCUMENTO) - start
13:20:17.298 [main] DEBUG org.dbunit.database.statement.AutomaticPreparedBatchStatement - addValue(value=iPhone Design, dataType=VARCHAR) - start
13:20:17.298 [main] DEBUG org.dbunit.database.statement.SimplePreparedStatement - addValue(value=iPhone Design, dataType=VARCHAR) - start
13:20:17.298 [main] DEBUG org.dbunit.dataset.datatype.StringDataType - setSqlValue(value=iPhone Design, column=2, statement=org.apache.derby.client.am.ClientPreparedStatement42@43a09ce2) - start
13:20:17.298 [main] DEBUG org.dbunit.dataset.datatype.DataType - asString(value=iPhone Design) - start
13:20:17.298 [main] DEBUG org.dbunit.dataset.datatype.StringDataType - typeCast(value=iPhone Design) - start
13:20:17.298 [main] DEBUG org.dbunit.dataset.DefaultTable - getValue(row=1, column=TIPO_DOCUMENTO) - start
13:20:17.298 [main] DEBUG org.dbunit.dataset.AbstractTable - assertValidRowIndex(row=1) - start
13:20:17.298 [main] DEBUG org.dbunit.dataset.AbstractTable - assertValidRowIndex(row=1, rowCount=2) - start
13:20:17.298 [main] DEBUG org.dbunit.dataset.AbstractTable - getColumnIndex(columnName=TIPO_DOCUMENTO) - start
13:20:17.298 [main] DEBUG org.dbunit.dataset.AbstractTableMetaData - getColumnIndex(columnName=TIPO_DOCUMENTO) - start
13:20:17.298 [main] DEBUG org.dbunit.database.statement.AutomaticPreparedBatchStatement - addValue(value=TECNICO, dataType=VARCHAR) - start
13:20:17.298 [main] DEBUG org.dbunit.database.statement.SimplePreparedStatement - addValue(value=TECNICO, dataType=VARCHAR) - start
13:20:17.298 [main] DEBUG org.dbunit.dataset.datatype.StringDataType - setSqlValue(value=TECNICO, column=3, statement=org.apache.derby.client.am.ClientPreparedStatement42@43a09ce2) - start
13:20:17.298 [main] DEBUG org.dbunit.dataset.datatype.DataType - asString(value=TECNICO) - start
13:20:17.298 [main] DEBUG org.dbunit.dataset.datatype.StringDataType - typeCast(value=TECNICO) - start
13:20:17.298 [main] DEBUG org.dbunit.dataset.DefaultTable - getValue(row=1, column=DATA_CRIACAO_DOCUMENTO) - start
13:20:17.298 [main] DEBUG org.dbunit.dataset.AbstractTable - assertValidRowIndex(row=1) - start
13:20:17.298 [main] DEBUG org.dbunit.dataset.AbstractTable - assertValidRowIndex(row=1, rowCount=2) - start
13:20:17.298 [main] DEBUG org.dbunit.dataset.AbstractTable - getColumnIndex(columnName=DATA_CRIACAO_DOCUMENTO) - start
13:20:17.298 [main] DEBUG org.dbunit.dataset.AbstractTableMetaData - getColumnIndex(columnName=DATA_CRIACAO_DOCUMENTO) - start
13:20:17.298 [main] DEBUG org.dbunit.database.statement.AutomaticPreparedBatchStatement - addValue(value=2024-07-15, dataType=DATE) - start
13:20:17.298 [main] DEBUG org.dbunit.database.statement.SimplePreparedStatement - addValue(value=2024-07-15, dataType=DATE) - start
13:20:17.298 [main] DEBUG org.dbunit.dataset.datatype.DateDataType - setSqlValue(value=2024-07-15, column=4, statement=org.apache.derby.client.am.ClientPreparedStatement42@43a09ce2) - start
13:20:17.298 [main] DEBUG org.dbunit.dataset.datatype.DateDataType - typeCast(value=2024-07-15) - start
13:20:17.298 [main] DEBUG org.dbunit.dataset.DefaultTable - getValue(row=1, column=AUTOR_DOCUMENTO) - start
13:20:17.298 [main] DEBUG org.dbunit.dataset.AbstractTable - assertValidRowIndex(row=1) - start
13:20:17.298 [main] DEBUG org.dbunit.dataset.AbstractTable - assertValidRowIndex(row=1, rowCount=2) - start
13:20:17.298 [main] DEBUG org.dbunit.dataset.AbstractTable - getColumnIndex(columnName=AUTOR_DOCUMENTO) - start
13:20:17.298 [main] DEBUG org.dbunit.dataset.AbstractTableMetaData - getColumnIndex(columnName=AUTOR_DOCUMENTO) - start
13:20:17.298 [main] DEBUG org.dbunit.database.statement.AutomaticPreparedBatchStatement - addValue(value=Jane Smith, dataType=VARCHAR) - start
13:20:17.298 [main] DEBUG org.dbunit.database.statement.SimplePreparedStatement - addValue(value=Jane Smith, dataType=VARCHAR) - start
13:20:17.298 [main] DEBUG org.dbunit.dataset.datatype.StringDataType - setSqlValue(value=Jane Smith, column=5, statement=org.apache.derby.client.am.ClientPreparedStatement42@43a09ce2) - start
13:20:17.298 [main] DEBUG org.dbunit.dataset.datatype.DataType - asString(value=Jane Smith) - start
13:20:17.298 [main] DEBUG org.dbunit.dataset.datatype.StringDataType - typeCast(value=Jane Smith) - start
13:20:17.298 [main] DEBUG org.dbunit.dataset.DefaultTable - getValue(row=1, column=CAMINHO_ARQUIVO_DOCUMENTO) - start
13:20:17.298 [main] DEBUG org.dbunit.dataset.AbstractTable - assertValidRowIndex(row=1) - start
13:20:17.298 [main] DEBUG org.dbunit.dataset.AbstractTable - assertValidRowIndex(row=1, rowCount=2) - start
13:20:17.298 [main] DEBUG org.dbunit.dataset.AbstractTable - getColumnIndex(columnName=CAMINHO_ARQUIVO_DOCUMENTO) - start
13:20:17.298 [main] DEBUG org.dbunit.dataset.AbstractTableMetaData - getColumnIndex(columnName=CAMINHO_ARQUIVO_DOCUMENTO) - start
13:20:17.298 [main] DEBUG org.dbunit.database.statement.AutomaticPreparedBatchStatement - addValue(value=/docs/iphone.pdf, dataType=VARCHAR) - start
13:20:17.299 [main] DEBUG org.dbunit.database.statement.SimplePreparedStatement - addValue(value=/docs/iphone.pdf, dataType=VARCHAR) - start
13:20:17.299 [main] DEBUG org.dbunit.dataset.datatype.StringDataType - setSqlValue(value=/docs/iphone.pdf, column=6, statement=org.apache.derby.client.am.ClientPreparedStatement42@43a09ce2) - start
13:20:17.299 [main] DEBUG org.dbunit.dataset.datatype.DataType - asString(value=/docs/iphone.pdf) - start
13:20:17.299 [main] DEBUG org.dbunit.dataset.datatype.StringDataType - typeCast(value=/docs/iphone.pdf) - start
13:20:17.299 [main] DEBUG org.dbunit.dataset.DefaultTable - getValue(row=1, column=ID_PROJETO) - start
13:20:17.299 [main] DEBUG org.dbunit.dataset.AbstractTable - assertValidRowIndex(row=1) - start
13:20:17.299 [main] DEBUG org.dbunit.dataset.AbstractTable - assertValidRowIndex(row=1, rowCount=2) - start
13:20:17.299 [main] DEBUG org.dbunit.dataset.AbstractTable - getColumnIndex(columnName=ID_PROJETO) - start
13:20:17.299 [main] DEBUG org.dbunit.dataset.AbstractTableMetaData - getColumnIndex(columnName=ID_PROJETO) - start
13:20:17.299 [main] DEBUG org.dbunit.database.statement.AutomaticPreparedBatchStatement - addValue(value=2, dataType=BIGINT) - start
13:20:17.299 [main] DEBUG org.dbunit.database.statement.SimplePreparedStatement - addValue(value=2, dataType=BIGINT) - start
13:20:17.299 [main] DEBUG org.dbunit.dataset.datatype.BigIntegerDataType - setSqlValue(value=2, column=7, statement=org.apache.derby.client.am.ClientPreparedStatement42@43a09ce2) - start
13:20:17.299 [main] DEBUG org.dbunit.dataset.datatype.BigIntegerDataType - typeCast(value=2) - start
13:20:17.299 [main] DEBUG org.dbunit.database.statement.AutomaticPreparedBatchStatement - addBatch() - start
13:20:17.299 [main] DEBUG org.dbunit.database.statement.SimplePreparedStatement - addBatch() - start
13:20:17.300 [main] DEBUG org.dbunit.operation.InsertOperation - equalsIgnoreMapping(ignoreMapping={}, table=org.dbunit.dataset.DefaultTable[_metaData=tableName=TB_DOCUMENTO, columns=[(ID_DOCUMENTO, UNKNOWN, nullableUnknown), (TITULO_DOCUMENTO, UNKNOWN, nullableUnknown), (TIPO_DOCUMENTO, UNKNOWN, nullableUnknown), (DATA_CRIACAO_DOCUMENTO, UNKNOWN, nullableUnknown), (AUTOR_DOCUMENTO, UNKNOWN, nullableUnknown), (CAMINHO_ARQUIVO_DOCUMENTO, UNKNOWN, nullableUnknown), (ID_PROJETO, UNKNOWN, nullableUnknown)], keys=[], _rowList.size()=2], row=2) - start
13:20:17.300 [main] DEBUG org.dbunit.dataset.DefaultTable - getValue(row=2, column=ID_DOCUMENTO) - start
13:20:17.300 [main] DEBUG org.dbunit.dataset.AbstractTable - assertValidRowIndex(row=2) - start
13:20:17.300 [main] DEBUG org.dbunit.dataset.AbstractTable - assertValidRowIndex(row=2, rowCount=2) - start
13:20:17.300 [main] DEBUG org.dbunit.database.statement.AutomaticPreparedBatchStatement - executeBatch() - start
13:20:17.300 [main] DEBUG org.dbunit.database.statement.SimplePreparedStatement - executeBatch() - start
13:20:17.300 [main] DEBUG org.dbunit.database.statement.SimplePreparedStatement - clearBatch() - start
13:20:17.300 [main] DEBUG org.dbunit.database.statement.AutomaticPreparedBatchStatement - clearBatch() - start
13:20:17.300 [main] DEBUG org.dbunit.database.statement.SimplePreparedStatement - clearBatch() - start
13:20:17.300 [main] DEBUG org.dbunit.database.statement.AutomaticPreparedBatchStatement - close() - start
13:20:17.300 [main] DEBUG org.dbunit.database.statement.AbstractPreparedBatchStatement - close() - start
13:20:17.300 [main] DEBUG org.dbunit.dataset.DefaultTableIterator - getTable() - start
13:20:17.300 [main] DEBUG org.dbunit.operation.AbstractBatchOperation - isEmpty(table=org.dbunit.dataset.DefaultTable[_metaData=tableName=TB_RECURSO, columns=[(ID_RECURSO, UNKNOWN, nullableUnknown), (NOME_RECURSO, UNKNOWN, nullableUnknown), (TIPO_RECURSO, UNKNOWN, nullableUnknown), (QUANTIDADE_RECURSO, UNKNOWN, nullableUnknown), (CUSTO_RECURSO, UNKNOWN, nullableUnknown), (ID_PROJETO, UNKNOWN, nullableUnknown)], keys=[], _rowList.size()=2]) - start
13:20:17.300 [main] DEBUG org.dbunit.dataset.DefaultTable - getValue(row=0, column=ID_RECURSO) - start
13:20:17.300 [main] DEBUG org.dbunit.dataset.AbstractTable - assertValidRowIndex(row=0) - start
13:20:17.300 [main] DEBUG org.dbunit.dataset.AbstractTable - assertValidRowIndex(row=0, rowCount=2) - start
13:20:17.300 [main] DEBUG org.dbunit.dataset.AbstractTable - getColumnIndex(columnName=ID_RECURSO) - start
13:20:17.300 [main] DEBUG org.dbunit.dataset.AbstractTableMetaData - getColumnIndex(columnName=ID_RECURSO) - start
13:20:17.300 [main] DEBUG org.dbunit.operation.AbstractOperation - getOperationMetaData(connection=org.dbunit.database.DatabaseConnection[schema=null, connection=org.apache.derby.client.net.NetConnection@7d7cac8, super=_databaseConfig=org.dbunit.database.DatabaseConfig[, _propertyMap={http://www.dbunit.org/features/qualifiedTableNames=false, http://www.dbunit.org/properties/tableType=[Ljava.lang.String;@2d2acd89, http://www.dbunit.org/properties/batchSize=100, http://www.dbunit.org/properties/statementFactory=org.dbunit.database.statement.PreparedStatementFactory@7baf6acf, http://www.dbunit.org/features/batchedStatements=false, http://www.dbunit.org/features/caseSensitiveTableNames=false, http://www.dbunit.org/features/allowEmptyFields=false, http://www.dbunit.org/properties/datatypeFactory=org.dbunit.dataset.datatype.DefaultDataTypeFactory[_toleratedDeltaMap=org.dbunit.dataset.datatype.ToleratedDeltaMap@1e6dad8], http://www.dbunit.org/properties/metadataHandler=org.dbunit.database.DefaultMetadataHandler@6fc6deb7, http://www.dbunit.org/properties/fetchSize=100, http://www.dbunit.org/properties/resultSetTableFactory=org.dbunit.database.CachedResultSetTableFactory@8ed9cf, http://www.dbunit.org/features/datatypeWarning=true, http://www.dbunit.org/properties/escapePattern=null, http://www.dbunit.org/properties/allowVerifytabledefinitionExpectedtableCountMismatch=false}], _dataSet=AbstractDataSet[_orderedTableNameMap=null]], metaData=tableName=TB_RECURSO, columns=[(ID_RECURSO, UNKNOWN, nullableUnknown), (NOME_RECURSO, UNKNOWN, nullableUnknown), (TIPO_RECURSO, UNKNOWN, nullableUnknown), (QUANTIDADE_RECURSO, UNKNOWN, nullableUnknown), (CUSTO_RECURSO, UNKNOWN, nullableUnknown), (ID_PROJETO, UNKNOWN, nullableUnknown)], keys=[]) - start
13:20:17.300 [main] DEBUG org.dbunit.database.AbstractDatabaseConnection - createDataSet() - start
13:20:17.300 [main] DEBUG org.dbunit.database.DatabaseDataSet - getTableMetaData(tableName=TB_RECURSO) - start
13:20:17.300 [main] DEBUG org.dbunit.database.DatabaseDataSet - initialize() - start
13:20:17.300 [main] DEBUG org.dbunit.dataset.OrderedTableNameMap - getTableName(tableName=TB_RECURSO) - start
13:20:17.300 [main] DEBUG org.dbunit.dataset.OrderedTableNameMap - getTableName(tableName=TB_RECURSO) - end - result=TB_RECURSO
13:20:17.300 [main] DEBUG org.dbunit.dataset.OrderedTableNameMap - getTableName(tableName=TB_RECURSO) - start
13:20:17.300 [main] DEBUG org.dbunit.dataset.OrderedTableNameMap - getTableName(tableName=TB_RECURSO) - end - result=TB_RECURSO
13:20:17.300 [main] DEBUG org.dbunit.dataset.AbstractTableMetaData - getColumnIndex(columnName=ID_RECURSO) - start
13:20:17.300 [main] DEBUG org.dbunit.database.DatabaseTableMetaData - getColumns() - start
13:20:17.300 [main] DEBUG org.dbunit.database.DatabaseTableMetaData - getColumns() - start
13:20:17.300 [main] DEBUG org.dbunit.dataset.AbstractTableMetaData - getColumnIndex(columnName=NOME_RECURSO) - start
13:20:17.300 [main] DEBUG org.dbunit.database.DatabaseTableMetaData - getColumns() - start
13:20:17.300 [main] DEBUG org.dbunit.dataset.AbstractTableMetaData - getColumnIndex(columnName=TIPO_RECURSO) - start
13:20:17.300 [main] DEBUG org.dbunit.database.DatabaseTableMetaData - getColumns() - start
13:20:17.300 [main] DEBUG org.dbunit.dataset.AbstractTableMetaData - getColumnIndex(columnName=QUANTIDADE_RECURSO) - start
13:20:17.300 [main] DEBUG org.dbunit.database.DatabaseTableMetaData - getColumns() - start
13:20:17.300 [main] DEBUG org.dbunit.dataset.AbstractTableMetaData - getColumnIndex(columnName=CUSTO_RECURSO) - start
13:20:17.300 [main] DEBUG org.dbunit.database.DatabaseTableMetaData - getColumns() - start
13:20:17.300 [main] DEBUG org.dbunit.dataset.AbstractTableMetaData - getColumnIndex(columnName=ID_PROJETO) - start
13:20:17.300 [main] DEBUG org.dbunit.database.DatabaseTableMetaData - getColumns() - start
13:20:17.300 [main] DEBUG org.dbunit.database.DatabaseTableMetaData - getPrimaryKeys() - start
13:20:17.300 [main] DEBUG org.dbunit.operation.InsertOperation - getIgnoreMapping(table=org.dbunit.dataset.DefaultTable[_metaData=tableName=TB_RECURSO, columns=[(ID_RECURSO, UNKNOWN, nullableUnknown), (NOME_RECURSO, UNKNOWN, nullableUnknown), (TIPO_RECURSO, UNKNOWN, nullableUnknown), (QUANTIDADE_RECURSO, UNKNOWN, nullableUnknown), (CUSTO_RECURSO, UNKNOWN, nullableUnknown), (ID_PROJETO, UNKNOWN, nullableUnknown)], keys=[], _rowList.size()=2], row=0) - start
13:20:17.300 [main] DEBUG org.dbunit.dataset.DefaultTable - getValue(row=0, column=ID_RECURSO) - start
13:20:17.300 [main] DEBUG org.dbunit.dataset.AbstractTable - assertValidRowIndex(row=0) - start
13:20:17.300 [main] DEBUG org.dbunit.dataset.AbstractTable - assertValidRowIndex(row=0, rowCount=2) - start
13:20:17.300 [main] DEBUG org.dbunit.dataset.AbstractTable - getColumnIndex(columnName=ID_RECURSO) - start
13:20:17.301 [main] DEBUG org.dbunit.dataset.AbstractTableMetaData - getColumnIndex(columnName=ID_RECURSO) - start
13:20:17.301 [main] DEBUG org.dbunit.dataset.DefaultTable - getValue(row=0, column=NOME_RECURSO) - start
13:20:17.301 [main] DEBUG org.dbunit.dataset.AbstractTable - assertValidRowIndex(row=0) - start
13:20:17.301 [main] DEBUG org.dbunit.dataset.AbstractTable - assertValidRowIndex(row=0, rowCount=2) - start
13:20:17.301 [main] DEBUG org.dbunit.dataset.AbstractTable - getColumnIndex(columnName=NOME_RECURSO) - start
13:20:17.301 [main] DEBUG org.dbunit.dataset.AbstractTableMetaData - getColumnIndex(columnName=NOME_RECURSO) - start
13:20:17.301 [main] DEBUG org.dbunit.dataset.DefaultTable - getValue(row=0, column=TIPO_RECURSO) - start
13:20:17.301 [main] DEBUG org.dbunit.dataset.AbstractTable - assertValidRowIndex(row=0) - start
13:20:17.301 [main] DEBUG org.dbunit.dataset.AbstractTable - assertValidRowIndex(row=0, rowCount=2) - start
13:20:17.301 [main] DEBUG org.dbunit.dataset.AbstractTable - getColumnIndex(columnName=TIPO_RECURSO) - start
13:20:17.301 [main] DEBUG org.dbunit.dataset.AbstractTableMetaData - getColumnIndex(columnName=TIPO_RECURSO) - start
13:20:17.301 [main] DEBUG org.dbunit.dataset.DefaultTable - getValue(row=0, column=QUANTIDADE_RECURSO) - start
13:20:17.301 [main] DEBUG org.dbunit.dataset.AbstractTable - assertValidRowIndex(row=0) - start
13:20:17.301 [main] DEBUG org.dbunit.dataset.AbstractTable - assertValidRowIndex(row=0, rowCount=2) - start
13:20:17.301 [main] DEBUG org.dbunit.dataset.AbstractTable - getColumnIndex(columnName=QUANTIDADE_RECURSO) - start
13:20:17.301 [main] DEBUG org.dbunit.dataset.AbstractTableMetaData - getColumnIndex(columnName=QUANTIDADE_RECURSO) - start
13:20:17.301 [main] DEBUG org.dbunit.dataset.DefaultTable - getValue(row=0, column=CUSTO_RECURSO) - start
13:20:17.301 [main] DEBUG org.dbunit.dataset.AbstractTable - assertValidRowIndex(row=0) - start
13:20:17.301 [main] DEBUG org.dbunit.dataset.AbstractTable - assertValidRowIndex(row=0, rowCount=2) - start
13:20:17.301 [main] DEBUG org.dbunit.dataset.AbstractTable - getColumnIndex(columnName=CUSTO_RECURSO) - start
13:20:17.301 [main] DEBUG org.dbunit.dataset.AbstractTableMetaData - getColumnIndex(columnName=CUSTO_RECURSO) - start
13:20:17.301 [main] DEBUG org.dbunit.dataset.DefaultTable - getValue(row=0, column=ID_PROJETO) - start
13:20:17.301 [main] DEBUG org.dbunit.dataset.AbstractTable - assertValidRowIndex(row=0) - start
13:20:17.301 [main] DEBUG org.dbunit.dataset.AbstractTable - assertValidRowIndex(row=0, rowCount=2) - start
13:20:17.301 [main] DEBUG org.dbunit.dataset.AbstractTable - getColumnIndex(columnName=ID_PROJETO) - start
13:20:17.301 [main] DEBUG org.dbunit.dataset.AbstractTableMetaData - getColumnIndex(columnName=ID_PROJETO) - start
13:20:17.301 [main] DEBUG org.dbunit.operation.InsertOperation - getOperationData(metaData=tableName=TB_RECURSO, columns=[(ID_RECURSO, BIGINT, noNulls), (NOME_RECURSO, VARCHAR, noNulls), (TIPO_RECURSO, VARCHAR, noNulls), (QUANTIDADE_RECURSO, INTEGER, noNulls), (CUSTO_RECURSO, DOUBLE, noNulls), (ID_PROJETO, BIGINT, noNulls)], keys=[(ID_RECURSO, BIGINT, noNulls)], ignoreMapping={}, connection=org.dbunit.database.DatabaseConnection[schema=null, connection=org.apache.derby.client.net.NetConnection@7d7cac8, super=_databaseConfig=org.dbunit.database.DatabaseConfig[, _propertyMap={http://www.dbunit.org/features/qualifiedTableNames=false, http://www.dbunit.org/properties/tableType=[Ljava.lang.String;@2d2acd89, http://www.dbunit.org/properties/batchSize=100, http://www.dbunit.org/properties/statementFactory=org.dbunit.database.statement.PreparedStatementFactory@7baf6acf, http://www.dbunit.org/features/batchedStatements=false, http://www.dbunit.org/features/caseSensitiveTableNames=false, http://www.dbunit.org/features/allowEmptyFields=false, http://www.dbunit.org/properties/datatypeFactory=org.dbunit.dataset.datatype.DefaultDataTypeFactory[_toleratedDeltaMap=org.dbunit.dataset.datatype.ToleratedDeltaMap@1e6dad8], http://www.dbunit.org/properties/metadataHandler=org.dbunit.database.DefaultMetadataHandler@6fc6deb7, http://www.dbunit.org/properties/fetchSize=100, http://www.dbunit.org/properties/resultSetTableFactory=org.dbunit.database.CachedResultSetTableFactory@8ed9cf, http://www.dbunit.org/features/datatypeWarning=true, http://www.dbunit.org/properties/escapePattern=null, http://www.dbunit.org/properties/allowVerifytabledefinitionExpectedtableCountMismatch=false}], _dataSet=AbstractDataSet[_orderedTableNameMap=null]]) - start
13:20:17.301 [main] DEBUG org.dbunit.operation.AbstractOperation - getQualifiedName(prefix=null, name=TB_RECURSO, connection=org.dbunit.database.DatabaseConnection[schema=null, connection=org.apache.derby.client.net.NetConnection@7d7cac8, super=_databaseConfig=org.dbunit.database.DatabaseConfig[, _propertyMap={http://www.dbunit.org/features/qualifiedTableNames=false, http://www.dbunit.org/properties/tableType=[Ljava.lang.String;@2d2acd89, http://www.dbunit.org/properties/batchSize=100, http://www.dbunit.org/properties/statementFactory=org.dbunit.database.statement.PreparedStatementFactory@7baf6acf, http://www.dbunit.org/features/batchedStatements=false, http://www.dbunit.org/features/caseSensitiveTableNames=false, http://www.dbunit.org/features/allowEmptyFields=false, http://www.dbunit.org/properties/datatypeFactory=org.dbunit.dataset.datatype.DefaultDataTypeFactory[_toleratedDeltaMap=org.dbunit.dataset.datatype.ToleratedDeltaMap@1e6dad8], http://www.dbunit.org/properties/metadataHandler=org.dbunit.database.DefaultMetadataHandler@6fc6deb7, http://www.dbunit.org/properties/fetchSize=100, http://www.dbunit.org/properties/resultSetTableFactory=org.dbunit.database.CachedResultSetTableFactory@8ed9cf, http://www.dbunit.org/features/datatypeWarning=true, http://www.dbunit.org/properties/escapePattern=null, http://www.dbunit.org/properties/allowVerifytabledefinitionExpectedtableCountMismatch=false}], _dataSet=AbstractDataSet[_orderedTableNameMap=null]]) - start
13:20:17.301 [main] DEBUG org.dbunit.util.QualifiedTableName - getQualifiedName() - start
13:20:17.301 [main] DEBUG org.dbunit.util.QualifiedTableName - getQualifiedName(prefix=null, name=TB_RECURSO, escapePattern=null) - start
13:20:17.301 [main] DEBUG org.dbunit.operation.AbstractOperation - getQualifiedName(prefix=null, name=ID_RECURSO, connection=org.dbunit.database.DatabaseConnection[schema=null, connection=org.apache.derby.client.net.NetConnection@7d7cac8, super=_databaseConfig=org.dbunit.database.DatabaseConfig[, _propertyMap={http://www.dbunit.org/features/qualifiedTableNames=false, http://www.dbunit.org/properties/tableType=[Ljava.lang.String;@2d2acd89, http://www.dbunit.org/properties/batchSize=100, http://www.dbunit.org/properties/statementFactory=org.dbunit.database.statement.PreparedStatementFactory@7baf6acf, http://www.dbunit.org/features/batchedStatements=false, http://www.dbunit.org/features/caseSensitiveTableNames=false, http://www.dbunit.org/features/allowEmptyFields=false, http://www.dbunit.org/properties/datatypeFactory=org.dbunit.dataset.datatype.DefaultDataTypeFactory[_toleratedDeltaMap=org.dbunit.dataset.datatype.ToleratedDeltaMap@1e6dad8], http://www.dbunit.org/properties/metadataHandler=org.dbunit.database.DefaultMetadataHandler@6fc6deb7, http://www.dbunit.org/properties/fetchSize=100, http://www.dbunit.org/properties/resultSetTableFactory=org.dbunit.database.CachedResultSetTableFactory@8ed9cf, http://www.dbunit.org/features/datatypeWarning=true, http://www.dbunit.org/properties/escapePattern=null, http://www.dbunit.org/properties/allowVerifytabledefinitionExpectedtableCountMismatch=false}], _dataSet=AbstractDataSet[_orderedTableNameMap=null]]) - start
13:20:17.301 [main] DEBUG org.dbunit.util.QualifiedTableName - getQualifiedName() - start
13:20:17.301 [main] DEBUG org.dbunit.util.QualifiedTableName - getQualifiedName(prefix=null, name=ID_RECURSO, escapePattern=null) - start
13:20:17.301 [main] DEBUG org.dbunit.operation.AbstractOperation - getQualifiedName(prefix=null, name=NOME_RECURSO, connection=org.dbunit.database.DatabaseConnection[schema=null, connection=org.apache.derby.client.net.NetConnection@7d7cac8, super=_databaseConfig=org.dbunit.database.DatabaseConfig[, _propertyMap={http://www.dbunit.org/features/qualifiedTableNames=false, http://www.dbunit.org/properties/tableType=[Ljava.lang.String;@2d2acd89, http://www.dbunit.org/properties/batchSize=100, http://www.dbunit.org/properties/statementFactory=org.dbunit.database.statement.PreparedStatementFactory@7baf6acf, http://www.dbunit.org/features/batchedStatements=false, http://www.dbunit.org/features/caseSensitiveTableNames=false, http://www.dbunit.org/features/allowEmptyFields=false, http://www.dbunit.org/properties/datatypeFactory=org.dbunit.dataset.datatype.DefaultDataTypeFactory[_toleratedDeltaMap=org.dbunit.dataset.datatype.ToleratedDeltaMap@1e6dad8], http://www.dbunit.org/properties/metadataHandler=org.dbunit.database.DefaultMetadataHandler@6fc6deb7, http://www.dbunit.org/properties/fetchSize=100, http://www.dbunit.org/properties/resultSetTableFactory=org.dbunit.database.CachedResultSetTableFactory@8ed9cf, http://www.dbunit.org/features/datatypeWarning=true, http://www.dbunit.org/properties/escapePattern=null, http://www.dbunit.org/properties/allowVerifytabledefinitionExpectedtableCountMismatch=false}], _dataSet=AbstractDataSet[_orderedTableNameMap=null]]) - start
13:20:17.301 [main] DEBUG org.dbunit.util.QualifiedTableName - getQualifiedName() - start
13:20:17.301 [main] DEBUG org.dbunit.util.QualifiedTableName - getQualifiedName(prefix=null, name=NOME_RECURSO, escapePattern=null) - start
13:20:17.301 [main] DEBUG org.dbunit.operation.AbstractOperation - getQualifiedName(prefix=null, name=TIPO_RECURSO, connection=org.dbunit.database.DatabaseConnection[schema=null, connection=org.apache.derby.client.net.NetConnection@7d7cac8, super=_databaseConfig=org.dbunit.database.DatabaseConfig[, _propertyMap={http://www.dbunit.org/features/qualifiedTableNames=false, http://www.dbunit.org/properties/tableType=[Ljava.lang.String;@2d2acd89, http://www.dbunit.org/properties/batchSize=100, http://www.dbunit.org/properties/statementFactory=org.dbunit.database.statement.PreparedStatementFactory@7baf6acf, http://www.dbunit.org/features/batchedStatements=false, http://www.dbunit.org/features/caseSensitiveTableNames=false, http://www.dbunit.org/features/allowEmptyFields=false, http://www.dbunit.org/properties/datatypeFactory=org.dbunit.dataset.datatype.DefaultDataTypeFactory[_toleratedDeltaMap=org.dbunit.dataset.datatype.ToleratedDeltaMap@1e6dad8], http://www.dbunit.org/properties/metadataHandler=org.dbunit.database.DefaultMetadataHandler@6fc6deb7, http://www.dbunit.org/properties/fetchSize=100, http://www.dbunit.org/properties/resultSetTableFactory=org.dbunit.database.CachedResultSetTableFactory@8ed9cf, http://www.dbunit.org/features/datatypeWarning=true, http://www.dbunit.org/properties/escapePattern=null, http://www.dbunit.org/properties/allowVerifytabledefinitionExpectedtableCountMismatch=false}], _dataSet=AbstractDataSet[_orderedTableNameMap=null]]) - start
13:20:17.301 [main] DEBUG org.dbunit.util.QualifiedTableName - getQualifiedName() - start
13:20:17.301 [main] DEBUG org.dbunit.util.QualifiedTableName - getQualifiedName(prefix=null, name=TIPO_RECURSO, escapePattern=null) - start
13:20:17.301 [main] DEBUG org.dbunit.operation.AbstractOperation - getQualifiedName(prefix=null, name=QUANTIDADE_RECURSO, connection=org.dbunit.database.DatabaseConnection[schema=null, connection=org.apache.derby.client.net.NetConnection@7d7cac8, super=_databaseConfig=org.dbunit.database.DatabaseConfig[, _propertyMap={http://www.dbunit.org/features/qualifiedTableNames=false, http://www.dbunit.org/properties/tableType=[Ljava.lang.String;@2d2acd89, http://www.dbunit.org/properties/batchSize=100, http://www.dbunit.org/properties/statementFactory=org.dbunit.database.statement.PreparedStatementFactory@7baf6acf, http://www.dbunit.org/features/batchedStatements=false, http://www.dbunit.org/features/caseSensitiveTableNames=false, http://www.dbunit.org/features/allowEmptyFields=false, http://www.dbunit.org/properties/datatypeFactory=org.dbunit.dataset.datatype.DefaultDataTypeFactory[_toleratedDeltaMap=org.dbunit.dataset.datatype.ToleratedDeltaMap@1e6dad8], http://www.dbunit.org/properties/metadataHandler=org.dbunit.database.DefaultMetadataHandler@6fc6deb7, http://www.dbunit.org/properties/fetchSize=100, http://www.dbunit.org/properties/resultSetTableFactory=org.dbunit.database.CachedResultSetTableFactory@8ed9cf, http://www.dbunit.org/features/datatypeWarning=true, http://www.dbunit.org/properties/escapePattern=null, http://www.dbunit.org/properties/allowVerifytabledefinitionExpectedtableCountMismatch=false}], _dataSet=AbstractDataSet[_orderedTableNameMap=null]]) - start
13:20:17.301 [main] DEBUG org.dbunit.util.QualifiedTableName - getQualifiedName() - start
13:20:17.301 [main] DEBUG org.dbunit.util.QualifiedTableName - getQualifiedName(prefix=null, name=QUANTIDADE_RECURSO, escapePattern=null) - start
13:20:17.301 [main] DEBUG org.dbunit.operation.AbstractOperation - getQualifiedName(prefix=null, name=CUSTO_RECURSO, connection=org.dbunit.database.DatabaseConnection[schema=null, connection=org.apache.derby.client.net.NetConnection@7d7cac8, super=_databaseConfig=org.dbunit.database.DatabaseConfig[, _propertyMap={http://www.dbunit.org/features/qualifiedTableNames=false, http://www.dbunit.org/properties/tableType=[Ljava.lang.String;@2d2acd89, http://www.dbunit.org/properties/batchSize=100, http://www.dbunit.org/properties/statementFactory=org.dbunit.database.statement.PreparedStatementFactory@7baf6acf, http://www.dbunit.org/features/batchedStatements=false, http://www.dbunit.org/features/caseSensitiveTableNames=false, http://www.dbunit.org/features/allowEmptyFields=false, http://www.dbunit.org/properties/datatypeFactory=org.dbunit.dataset.datatype.DefaultDataTypeFactory[_toleratedDeltaMap=org.dbunit.dataset.datatype.ToleratedDeltaMap@1e6dad8], http://www.dbunit.org/properties/metadataHandler=org.dbunit.database.DefaultMetadataHandler@6fc6deb7, http://www.dbunit.org/properties/fetchSize=100, http://www.dbunit.org/properties/resultSetTableFactory=org.dbunit.database.CachedResultSetTableFactory@8ed9cf, http://www.dbunit.org/features/datatypeWarning=true, http://www.dbunit.org/properties/escapePattern=null, http://www.dbunit.org/properties/allowVerifytabledefinitionExpectedtableCountMismatch=false}], _dataSet=AbstractDataSet[_orderedTableNameMap=null]]) - start
13:20:17.301 [main] DEBUG org.dbunit.util.QualifiedTableName - getQualifiedName() - start
13:20:17.301 [main] DEBUG org.dbunit.util.QualifiedTableName - getQualifiedName(prefix=null, name=CUSTO_RECURSO, escapePattern=null) - start
13:20:17.301 [main] DEBUG org.dbunit.operation.AbstractOperation - getQualifiedName(prefix=null, name=ID_PROJETO, connection=org.dbunit.database.DatabaseConnection[schema=null, connection=org.apache.derby.client.net.NetConnection@7d7cac8, super=_databaseConfig=org.dbunit.database.DatabaseConfig[, _propertyMap={http://www.dbunit.org/features/qualifiedTableNames=false, http://www.dbunit.org/properties/tableType=[Ljava.lang.String;@2d2acd89, http://www.dbunit.org/properties/batchSize=100, http://www.dbunit.org/properties/statementFactory=org.dbunit.database.statement.PreparedStatementFactory@7baf6acf, http://www.dbunit.org/features/batchedStatements=false, http://www.dbunit.org/features/caseSensitiveTableNames=false, http://www.dbunit.org/features/allowEmptyFields=false, http://www.dbunit.org/properties/datatypeFactory=org.dbunit.dataset.datatype.DefaultDataTypeFactory[_toleratedDeltaMap=org.dbunit.dataset.datatype.ToleratedDeltaMap@1e6dad8], http://www.dbunit.org/properties/metadataHandler=org.dbunit.database.DefaultMetadataHandler@6fc6deb7, http://www.dbunit.org/properties/fetchSize=100, http://www.dbunit.org/properties/resultSetTableFactory=org.dbunit.database.CachedResultSetTableFactory@8ed9cf, http://www.dbunit.org/features/datatypeWarning=true, http://www.dbunit.org/properties/escapePattern=null, http://www.dbunit.org/properties/allowVerifytabledefinitionExpectedtableCountMismatch=false}], _dataSet=AbstractDataSet[_orderedTableNameMap=null]]) - start
13:20:17.301 [main] DEBUG org.dbunit.util.QualifiedTableName - getQualifiedName() - start
13:20:17.301 [main] DEBUG org.dbunit.util.QualifiedTableName - getQualifiedName(prefix=null, name=ID_PROJETO, escapePattern=null) - start
13:20:17.301 [main] DEBUG org.dbunit.database.statement.PreparedStatementFactory - createPreparedBatchStatement(sql=insert into TB_RECURSO (ID_RECURSO, NOME_RECURSO, TIPO_RECURSO, QUANTIDADE_RECURSO, CUSTO_RECURSO, ID_PROJETO) values (?, ?, ?, ?, ?, ?), connection=org.dbunit.database.DatabaseConnection[schema=null, connection=org.apache.derby.client.net.NetConnection@7d7cac8, super=_databaseConfig=org.dbunit.database.DatabaseConfig[, _propertyMap={http://www.dbunit.org/features/qualifiedTableNames=false, http://www.dbunit.org/properties/tableType=[Ljava.lang.String;@2d2acd89, http://www.dbunit.org/properties/batchSize=100, http://www.dbunit.org/properties/statementFactory=org.dbunit.database.statement.PreparedStatementFactory@7baf6acf, http://www.dbunit.org/features/batchedStatements=false, http://www.dbunit.org/features/caseSensitiveTableNames=false, http://www.dbunit.org/features/allowEmptyFields=false, http://www.dbunit.org/properties/datatypeFactory=org.dbunit.dataset.datatype.DefaultDataTypeFactory[_toleratedDeltaMap=org.dbunit.dataset.datatype.ToleratedDeltaMap@1e6dad8], http://www.dbunit.org/properties/metadataHandler=org.dbunit.database.DefaultMetadataHandler@6fc6deb7, http://www.dbunit.org/properties/fetchSize=100, http://www.dbunit.org/properties/resultSetTableFactory=org.dbunit.database.CachedResultSetTableFactory@8ed9cf, http://www.dbunit.org/features/datatypeWarning=true, http://www.dbunit.org/properties/escapePattern=null, http://www.dbunit.org/properties/allowVerifytabledefinitionExpectedtableCountMismatch=false}], _dataSet=AbstractDataSet[_orderedTableNameMap=null]]) - start
13:20:17.301 [main] DEBUG org.dbunit.database.statement.AbstractStatementFactory - supportBatchStatement(connection=org.dbunit.database.DatabaseConnection[schema=null, connection=org.apache.derby.client.net.NetConnection@7d7cac8, super=_databaseConfig=org.dbunit.database.DatabaseConfig[, _propertyMap={http://www.dbunit.org/features/qualifiedTableNames=false, http://www.dbunit.org/properties/tableType=[Ljava.lang.String;@2d2acd89, http://www.dbunit.org/properties/batchSize=100, http://www.dbunit.org/properties/statementFactory=org.dbunit.database.statement.PreparedStatementFactory@7baf6acf, http://www.dbunit.org/features/batchedStatements=false, http://www.dbunit.org/features/caseSensitiveTableNames=false, http://www.dbunit.org/features/allowEmptyFields=false, http://www.dbunit.org/properties/datatypeFactory=org.dbunit.dataset.datatype.DefaultDataTypeFactory[_toleratedDeltaMap=org.dbunit.dataset.datatype.ToleratedDeltaMap@1e6dad8], http://www.dbunit.org/properties/metadataHandler=org.dbunit.database.DefaultMetadataHandler@6fc6deb7, http://www.dbunit.org/properties/fetchSize=100, http://www.dbunit.org/properties/resultSetTableFactory=org.dbunit.database.CachedResultSetTableFactory@8ed9cf, http://www.dbunit.org/features/datatypeWarning=true, http://www.dbunit.org/properties/escapePattern=null, http://www.dbunit.org/properties/allowVerifytabledefinitionExpectedtableCountMismatch=false}], _dataSet=AbstractDataSet[_orderedTableNameMap=null]]) - start
13:20:17.304 [main] DEBUG org.dbunit.dataset.DefaultTable - getValue(row=0, column=ID_RECURSO) - start
13:20:17.304 [main] DEBUG org.dbunit.dataset.AbstractTable - assertValidRowIndex(row=0) - start
13:20:17.304 [main] DEBUG org.dbunit.dataset.AbstractTable - assertValidRowIndex(row=0, rowCount=2) - start
13:20:17.304 [main] DEBUG org.dbunit.dataset.AbstractTable - getColumnIndex(columnName=ID_RECURSO) - start
13:20:17.304 [main] DEBUG org.dbunit.dataset.AbstractTableMetaData - getColumnIndex(columnName=ID_RECURSO) - start
13:20:17.304 [main] DEBUG org.dbunit.database.statement.AutomaticPreparedBatchStatement - addValue(value=1, dataType=BIGINT) - start
13:20:17.304 [main] DEBUG org.dbunit.database.statement.SimplePreparedStatement - addValue(value=1, dataType=BIGINT) - start
13:20:17.304 [main] DEBUG org.dbunit.dataset.datatype.BigIntegerDataType - setSqlValue(value=1, column=1, statement=org.apache.derby.client.am.ClientPreparedStatement42@3f183caa) - start
13:20:17.304 [main] DEBUG org.dbunit.dataset.datatype.BigIntegerDataType - typeCast(value=1) - start
13:20:17.304 [main] DEBUG org.dbunit.dataset.DefaultTable - getValue(row=0, column=NOME_RECURSO) - start
13:20:17.304 [main] DEBUG org.dbunit.dataset.AbstractTable - assertValidRowIndex(row=0) - start
13:20:17.304 [main] DEBUG org.dbunit.dataset.AbstractTable - assertValidRowIndex(row=0, rowCount=2) - start
13:20:17.304 [main] DEBUG org.dbunit.dataset.AbstractTable - getColumnIndex(columnName=NOME_RECURSO) - start
13:20:17.304 [main] DEBUG org.dbunit.dataset.AbstractTableMetaData - getColumnIndex(columnName=NOME_RECURSO) - start
13:20:17.304 [main] DEBUG org.dbunit.database.statement.AutomaticPreparedBatchStatement - addValue(value=Developer, dataType=VARCHAR) - start
13:20:17.304 [main] DEBUG org.dbunit.database.statement.SimplePreparedStatement - addValue(value=Developer, dataType=VARCHAR) - start
13:20:17.304 [main] DEBUG org.dbunit.dataset.datatype.StringDataType - setSqlValue(value=Developer, column=2, statement=org.apache.derby.client.am.ClientPreparedStatement42@3f183caa) - start
13:20:17.304 [main] DEBUG org.dbunit.dataset.datatype.DataType - asString(value=Developer) - start
13:20:17.304 [main] DEBUG org.dbunit.dataset.datatype.StringDataType - typeCast(value=Developer) - start
13:20:17.304 [main] DEBUG org.dbunit.dataset.DefaultTable - getValue(row=0, column=TIPO_RECURSO) - start
13:20:17.304 [main] DEBUG org.dbunit.dataset.AbstractTable - assertValidRowIndex(row=0) - start
13:20:17.304 [main] DEBUG org.dbunit.dataset.AbstractTable - assertValidRowIndex(row=0, rowCount=2) - start
13:20:17.304 [main] DEBUG org.dbunit.dataset.AbstractTable - getColumnIndex(columnName=TIPO_RECURSO) - start
13:20:17.304 [main] DEBUG org.dbunit.dataset.AbstractTableMetaData - getColumnIndex(columnName=TIPO_RECURSO) - start
13:20:17.304 [main] DEBUG org.dbunit.database.statement.AutomaticPreparedBatchStatement - addValue(value=Human, dataType=VARCHAR) - start
13:20:17.304 [main] DEBUG org.dbunit.database.statement.SimplePreparedStatement - addValue(value=Human, dataType=VARCHAR) - start
13:20:17.304 [main] DEBUG org.dbunit.dataset.datatype.StringDataType - setSqlValue(value=Human, column=3, statement=org.apache.derby.client.am.ClientPreparedStatement42@3f183caa) - start
13:20:17.304 [main] DEBUG org.dbunit.dataset.datatype.DataType - asString(value=Human) - start
13:20:17.304 [main] DEBUG org.dbunit.dataset.datatype.StringDataType - typeCast(value=Human) - start
13:20:17.304 [main] DEBUG org.dbunit.dataset.DefaultTable - getValue(row=0, column=QUANTIDADE_RECURSO) - start
13:20:17.304 [main] DEBUG org.dbunit.dataset.AbstractTable - assertValidRowIndex(row=0) - start
13:20:17.304 [main] DEBUG org.dbunit.dataset.AbstractTable - assertValidRowIndex(row=0, rowCount=2) - start
13:20:17.304 [main] DEBUG org.dbunit.dataset.AbstractTable - getColumnIndex(columnName=QUANTIDADE_RECURSO) - start
13:20:17.304 [main] DEBUG org.dbunit.dataset.AbstractTableMetaData - getColumnIndex(columnName=QUANTIDADE_RECURSO) - start
13:20:17.304 [main] DEBUG org.dbunit.database.statement.AutomaticPreparedBatchStatement - addValue(value=5, dataType=INTEGER) - start
13:20:17.304 [main] DEBUG org.dbunit.database.statement.SimplePreparedStatement - addValue(value=5, dataType=INTEGER) - start
13:20:17.304 [main] DEBUG org.dbunit.dataset.datatype.IntegerDataType - setSqlValue(value=5, column=4, statement=org.apache.derby.client.am.ClientPreparedStatement42@3f183caa) - start
13:20:17.304 [main] DEBUG org.dbunit.dataset.datatype.IntegerDataType - typeCast(value=5) - start
13:20:17.304 [main] DEBUG org.dbunit.dataset.datatype.IntegerDataType - typeCast(value=5) - start
13:20:17.304 [main] DEBUG org.dbunit.dataset.DefaultTable - getValue(row=0, column=CUSTO_RECURSO) - start
13:20:17.304 [main] DEBUG org.dbunit.dataset.AbstractTable - assertValidRowIndex(row=0) - start
13:20:17.304 [main] DEBUG org.dbunit.dataset.AbstractTable - assertValidRowIndex(row=0, rowCount=2) - start
13:20:17.304 [main] DEBUG org.dbunit.dataset.AbstractTable - getColumnIndex(columnName=CUSTO_RECURSO) - start
13:20:17.304 [main] DEBUG org.dbunit.dataset.AbstractTableMetaData - getColumnIndex(columnName=CUSTO_RECURSO) - start
13:20:17.304 [main] DEBUG org.dbunit.database.statement.AutomaticPreparedBatchStatement - addValue(value=50000.00, dataType=DOUBLE) - start
13:20:17.304 [main] DEBUG org.dbunit.database.statement.SimplePreparedStatement - addValue(value=50000.00, dataType=DOUBLE) - start
13:20:17.304 [main] DEBUG org.dbunit.dataset.datatype.DoubleDataType - setSqlValue(value=50000.00, column=5, statement=org.apache.derby.client.am.ClientPreparedStatement42@3f183caa) - start
13:20:17.304 [main] DEBUG org.dbunit.dataset.datatype.DoubleDataType - typeCast(value=50000.00) - start
13:20:17.304 [main] DEBUG org.dbunit.dataset.datatype.DoubleDataType - typeCast(value=50000.00) - start
13:20:17.304 [main] DEBUG org.dbunit.dataset.DefaultTable - getValue(row=0, column=ID_PROJETO) - start
13:20:17.304 [main] DEBUG org.dbunit.dataset.AbstractTable - assertValidRowIndex(row=0) - start
13:20:17.304 [main] DEBUG org.dbunit.dataset.AbstractTable - assertValidRowIndex(row=0, rowCount=2) - start
13:20:17.304 [main] DEBUG org.dbunit.dataset.AbstractTable - getColumnIndex(columnName=ID_PROJETO) - start
13:20:17.304 [main] DEBUG org.dbunit.dataset.AbstractTableMetaData - getColumnIndex(columnName=ID_PROJETO) - start
13:20:17.304 [main] DEBUG org.dbunit.database.statement.AutomaticPreparedBatchStatement - addValue(value=1, dataType=BIGINT) - start
13:20:17.304 [main] DEBUG org.dbunit.database.statement.SimplePreparedStatement - addValue(value=1, dataType=BIGINT) - start
13:20:17.304 [main] DEBUG org.dbunit.dataset.datatype.BigIntegerDataType - setSqlValue(value=1, column=6, statement=org.apache.derby.client.am.ClientPreparedStatement42@3f183caa) - start
13:20:17.304 [main] DEBUG org.dbunit.dataset.datatype.BigIntegerDataType - typeCast(value=1) - start
13:20:17.304 [main] DEBUG org.dbunit.database.statement.AutomaticPreparedBatchStatement - addBatch() - start
13:20:17.304 [main] DEBUG org.dbunit.database.statement.SimplePreparedStatement - addBatch() - start
13:20:17.305 [main] DEBUG org.dbunit.operation.InsertOperation - equalsIgnoreMapping(ignoreMapping={}, table=org.dbunit.dataset.DefaultTable[_metaData=tableName=TB_RECURSO, columns=[(ID_RECURSO, UNKNOWN, nullableUnknown), (NOME_RECURSO, UNKNOWN, nullableUnknown), (TIPO_RECURSO, UNKNOWN, nullableUnknown), (QUANTIDADE_RECURSO, UNKNOWN, nullableUnknown), (CUSTO_RECURSO, UNKNOWN, nullableUnknown), (ID_PROJETO, UNKNOWN, nullableUnknown)], keys=[], _rowList.size()=2], row=1) - start
13:20:17.305 [main] DEBUG org.dbunit.dataset.DefaultTable - getValue(row=1, column=ID_RECURSO) - start
13:20:17.305 [main] DEBUG org.dbunit.dataset.AbstractTable - assertValidRowIndex(row=1) - start
13:20:17.305 [main] DEBUG org.dbunit.dataset.AbstractTable - assertValidRowIndex(row=1, rowCount=2) - start
13:20:17.305 [main] DEBUG org.dbunit.dataset.AbstractTable - getColumnIndex(columnName=ID_RECURSO) - start
13:20:17.305 [main] DEBUG org.dbunit.dataset.AbstractTableMetaData - getColumnIndex(columnName=ID_RECURSO) - start
13:20:17.305 [main] DEBUG org.dbunit.dataset.DefaultTable - getValue(row=1, column=NOME_RECURSO) - start
13:20:17.305 [main] DEBUG org.dbunit.dataset.AbstractTable - assertValidRowIndex(row=1) - start
13:20:17.305 [main] DEBUG org.dbunit.dataset.AbstractTable - assertValidRowIndex(row=1, rowCount=2) - start
13:20:17.305 [main] DEBUG org.dbunit.dataset.AbstractTable - getColumnIndex(columnName=NOME_RECURSO) - start
13:20:17.305 [main] DEBUG org.dbunit.dataset.AbstractTableMetaData - getColumnIndex(columnName=NOME_RECURSO) - start
13:20:17.305 [main] DEBUG org.dbunit.dataset.DefaultTable - getValue(row=1, column=TIPO_RECURSO) - start
13:20:17.305 [main] DEBUG org.dbunit.dataset.AbstractTable - assertValidRowIndex(row=1) - start
13:20:17.305 [main] DEBUG org.dbunit.dataset.AbstractTable - assertValidRowIndex(row=1, rowCount=2) - start
13:20:17.305 [main] DEBUG org.dbunit.dataset.AbstractTable - getColumnIndex(columnName=TIPO_RECURSO) - start
13:20:17.305 [main] DEBUG org.dbunit.dataset.AbstractTableMetaData - getColumnIndex(columnName=TIPO_RECURSO) - start
13:20:17.305 [main] DEBUG org.dbunit.dataset.DefaultTable - getValue(row=1, column=QUANTIDADE_RECURSO) - start
13:20:17.305 [main] DEBUG org.dbunit.dataset.AbstractTable - assertValidRowIndex(row=1) - start
13:20:17.305 [main] DEBUG org.dbunit.dataset.AbstractTable - assertValidRowIndex(row=1, rowCount=2) - start
13:20:17.305 [main] DEBUG org.dbunit.dataset.AbstractTable - getColumnIndex(columnName=QUANTIDADE_RECURSO) - start
13:20:17.305 [main] DEBUG org.dbunit.dataset.AbstractTableMetaData - getColumnIndex(columnName=QUANTIDADE_RECURSO) - start
13:20:17.305 [main] DEBUG org.dbunit.dataset.DefaultTable - getValue(row=1, column=CUSTO_RECURSO) - start
13:20:17.305 [main] DEBUG org.dbunit.dataset.AbstractTable - assertValidRowIndex(row=1) - start
13:20:17.305 [main] DEBUG org.dbunit.dataset.AbstractTable - assertValidRowIndex(row=1, rowCount=2) - start
13:20:17.305 [main] DEBUG org.dbunit.dataset.AbstractTable - getColumnIndex(columnName=CUSTO_RECURSO) - start
13:20:17.305 [main] DEBUG org.dbunit.dataset.AbstractTableMetaData - getColumnIndex(columnName=CUSTO_RECURSO) - start
13:20:17.305 [main] DEBUG org.dbunit.dataset.DefaultTable - getValue(row=1, column=ID_PROJETO) - start
13:20:17.305 [main] DEBUG org.dbunit.dataset.AbstractTable - assertValidRowIndex(row=1) - start
13:20:17.305 [main] DEBUG org.dbunit.dataset.AbstractTable - assertValidRowIndex(row=1, rowCount=2) - start
13:20:17.305 [main] DEBUG org.dbunit.dataset.AbstractTable - getColumnIndex(columnName=ID_PROJETO) - start
13:20:17.305 [main] DEBUG org.dbunit.dataset.AbstractTableMetaData - getColumnIndex(columnName=ID_PROJETO) - start
13:20:17.305 [main] DEBUG org.dbunit.dataset.DefaultTable - getValue(row=1, column=ID_RECURSO) - start
13:20:17.305 [main] DEBUG org.dbunit.dataset.AbstractTable - assertValidRowIndex(row=1) - start
13:20:17.305 [main] DEBUG org.dbunit.dataset.AbstractTable - assertValidRowIndex(row=1, rowCount=2) - start
13:20:17.305 [main] DEBUG org.dbunit.dataset.AbstractTable - getColumnIndex(columnName=ID_RECURSO) - start
13:20:17.305 [main] DEBUG org.dbunit.dataset.AbstractTableMetaData - getColumnIndex(columnName=ID_RECURSO) - start
13:20:17.305 [main] DEBUG org.dbunit.database.statement.AutomaticPreparedBatchStatement - addValue(value=2, dataType=BIGINT) - start
13:20:17.305 [main] DEBUG org.dbunit.database.statement.SimplePreparedStatement - addValue(value=2, dataType=BIGINT) - start
13:20:17.305 [main] DEBUG org.dbunit.dataset.datatype.BigIntegerDataType - setSqlValue(value=2, column=1, statement=org.apache.derby.client.am.ClientPreparedStatement42@3f183caa) - start
13:20:17.305 [main] DEBUG org.dbunit.dataset.datatype.BigIntegerDataType - typeCast(value=2) - start
13:20:17.305 [main] DEBUG org.dbunit.dataset.DefaultTable - getValue(row=1, column=NOME_RECURSO) - start
13:20:17.305 [main] DEBUG org.dbunit.dataset.AbstractTable - assertValidRowIndex(row=1) - start
13:20:17.305 [main] DEBUG org.dbunit.dataset.AbstractTable - assertValidRowIndex(row=1, rowCount=2) - start
13:20:17.305 [main] DEBUG org.dbunit.dataset.AbstractTable - getColumnIndex(columnName=NOME_RECURSO) - start
13:20:17.305 [main] DEBUG org.dbunit.dataset.AbstractTableMetaData - getColumnIndex(columnName=NOME_RECURSO) - start
13:20:17.305 [main] DEBUG org.dbunit.database.statement.AutomaticPreparedBatchStatement - addValue(value=Designer, dataType=VARCHAR) - start
13:20:17.305 [main] DEBUG org.dbunit.database.statement.SimplePreparedStatement - addValue(value=Designer, dataType=VARCHAR) - start
13:20:17.305 [main] DEBUG org.dbunit.dataset.datatype.StringDataType - setSqlValue(value=Designer, column=2, statement=org.apache.derby.client.am.ClientPreparedStatement42@3f183caa) - start
13:20:17.305 [main] DEBUG org.dbunit.dataset.datatype.DataType - asString(value=Designer) - start
13:20:17.305 [main] DEBUG org.dbunit.dataset.datatype.StringDataType - typeCast(value=Designer) - start
13:20:17.305 [main] DEBUG org.dbunit.dataset.DefaultTable - getValue(row=1, column=TIPO_RECURSO) - start
13:20:17.305 [main] DEBUG org.dbunit.dataset.AbstractTable - assertValidRowIndex(row=1) - start
13:20:17.305 [main] DEBUG org.dbunit.dataset.AbstractTable - assertValidRowIndex(row=1, rowCount=2) - start
13:20:17.305 [main] DEBUG org.dbunit.dataset.AbstractTable - getColumnIndex(columnName=TIPO_RECURSO) - start
13:20:17.305 [main] DEBUG org.dbunit.dataset.AbstractTableMetaData - getColumnIndex(columnName=TIPO_RECURSO) - start
13:20:17.305 [main] DEBUG org.dbunit.database.statement.AutomaticPreparedBatchStatement - addValue(value=Human, dataType=VARCHAR) - start
13:20:17.305 [main] DEBUG org.dbunit.database.statement.SimplePreparedStatement - addValue(value=Human, dataType=VARCHAR) - start
13:20:17.306 [main] DEBUG org.dbunit.dataset.datatype.StringDataType - setSqlValue(value=Human, column=3, statement=org.apache.derby.client.am.ClientPreparedStatement42@3f183caa) - start
13:20:17.306 [main] DEBUG org.dbunit.dataset.datatype.DataType - asString(value=Human) - start
13:20:17.306 [main] DEBUG org.dbunit.dataset.datatype.StringDataType - typeCast(value=Human) - start
13:20:17.306 [main] DEBUG org.dbunit.dataset.DefaultTable - getValue(row=1, column=QUANTIDADE_RECURSO) - start
13:20:17.306 [main] DEBUG org.dbunit.dataset.AbstractTable - assertValidRowIndex(row=1) - start
13:20:17.306 [main] DEBUG org.dbunit.dataset.AbstractTable - assertValidRowIndex(row=1, rowCount=2) - start
13:20:17.306 [main] DEBUG org.dbunit.dataset.AbstractTable - getColumnIndex(columnName=QUANTIDADE_RECURSO) - start
13:20:17.306 [main] DEBUG org.dbunit.dataset.AbstractTableMetaData - getColumnIndex(columnName=QUANTIDADE_RECURSO) - start
13:20:17.306 [main] DEBUG org.dbunit.database.statement.AutomaticPreparedBatchStatement - addValue(value=2, dataType=INTEGER) - start
13:20:17.306 [main] DEBUG org.dbunit.database.statement.SimplePreparedStatement - addValue(value=2, dataType=INTEGER) - start
13:20:17.306 [main] DEBUG org.dbunit.dataset.datatype.IntegerDataType - setSqlValue(value=2, column=4, statement=org.apache.derby.client.am.ClientPreparedStatement42@3f183caa) - start
13:20:17.306 [main] DEBUG org.dbunit.dataset.datatype.IntegerDataType - typeCast(value=2) - start
13:20:17.306 [main] DEBUG org.dbunit.dataset.datatype.IntegerDataType - typeCast(value=2) - start
13:20:17.306 [main] DEBUG org.dbunit.dataset.DefaultTable - getValue(row=1, column=CUSTO_RECURSO) - start
13:20:17.306 [main] DEBUG org.dbunit.dataset.AbstractTable - assertValidRowIndex(row=1) - start
13:20:17.306 [main] DEBUG org.dbunit.dataset.AbstractTable - assertValidRowIndex(row=1, rowCount=2) - start
13:20:17.306 [main] DEBUG org.dbunit.dataset.AbstractTable - getColumnIndex(columnName=CUSTO_RECURSO) - start
13:20:17.306 [main] DEBUG org.dbunit.dataset.AbstractTableMetaData - getColumnIndex(columnName=CUSTO_RECURSO) - start
13:20:17.306 [main] DEBUG org.dbunit.database.statement.AutomaticPreparedBatchStatement - addValue(value=20000.00, dataType=DOUBLE) - start
13:20:17.306 [main] DEBUG org.dbunit.database.statement.SimplePreparedStatement - addValue(value=20000.00, dataType=DOUBLE) - start
13:20:17.306 [main] DEBUG org.dbunit.dataset.datatype.DoubleDataType - setSqlValue(value=20000.00, column=5, statement=org.apache.derby.client.am.ClientPreparedStatement42@3f183caa) - start
13:20:17.306 [main] DEBUG org.dbunit.dataset.datatype.DoubleDataType - typeCast(value=20000.00) - start
13:20:17.306 [main] DEBUG org.dbunit.dataset.datatype.DoubleDataType - typeCast(value=20000.00) - start
13:20:17.306 [main] DEBUG org.dbunit.dataset.DefaultTable - getValue(row=1, column=ID_PROJETO) - start
13:20:17.306 [main] DEBUG org.dbunit.dataset.AbstractTable - assertValidRowIndex(row=1) - start
13:20:17.306 [main] DEBUG org.dbunit.dataset.AbstractTable - assertValidRowIndex(row=1, rowCount=2) - start
13:20:17.306 [main] DEBUG org.dbunit.dataset.AbstractTable - getColumnIndex(columnName=ID_PROJETO) - start
13:20:17.306 [main] DEBUG org.dbunit.dataset.AbstractTableMetaData - getColumnIndex(columnName=ID_PROJETO) - start
13:20:17.306 [main] DEBUG org.dbunit.database.statement.AutomaticPreparedBatchStatement - addValue(value=2, dataType=BIGINT) - start
13:20:17.306 [main] DEBUG org.dbunit.database.statement.SimplePreparedStatement - addValue(value=2, dataType=BIGINT) - start
13:20:17.306 [main] DEBUG org.dbunit.dataset.datatype.BigIntegerDataType - setSqlValue(value=2, column=6, statement=org.apache.derby.client.am.ClientPreparedStatement42@3f183caa) - start
13:20:17.306 [main] DEBUG org.dbunit.dataset.datatype.BigIntegerDataType - typeCast(value=2) - start
13:20:17.306 [main] DEBUG org.dbunit.database.statement.AutomaticPreparedBatchStatement - addBatch() - start
13:20:17.306 [main] DEBUG org.dbunit.database.statement.SimplePreparedStatement - addBatch() - start
13:20:17.307 [main] DEBUG org.dbunit.operation.InsertOperation - equalsIgnoreMapping(ignoreMapping={}, table=org.dbunit.dataset.DefaultTable[_metaData=tableName=TB_RECURSO, columns=[(ID_RECURSO, UNKNOWN, nullableUnknown), (NOME_RECURSO, UNKNOWN, nullableUnknown), (TIPO_RECURSO, UNKNOWN, nullableUnknown), (QUANTIDADE_RECURSO, UNKNOWN, nullableUnknown), (CUSTO_RECURSO, UNKNOWN, nullableUnknown), (ID_PROJETO, UNKNOWN, nullableUnknown)], keys=[], _rowList.size()=2], row=2) - start
13:20:17.307 [main] DEBUG org.dbunit.dataset.DefaultTable - getValue(row=2, column=ID_RECURSO) - start
13:20:17.307 [main] DEBUG org.dbunit.dataset.AbstractTable - assertValidRowIndex(row=2) - start
13:20:17.307 [main] DEBUG org.dbunit.dataset.AbstractTable - assertValidRowIndex(row=2, rowCount=2) - start
13:20:17.307 [main] DEBUG org.dbunit.database.statement.AutomaticPreparedBatchStatement - executeBatch() - start
13:20:17.307 [main] DEBUG org.dbunit.database.statement.SimplePreparedStatement - executeBatch() - start
13:20:17.307 [main] DEBUG org.dbunit.database.statement.SimplePreparedStatement - clearBatch() - start
13:20:17.307 [main] DEBUG org.dbunit.database.statement.AutomaticPreparedBatchStatement - clearBatch() - start
13:20:17.307 [main] DEBUG org.dbunit.database.statement.SimplePreparedStatement - clearBatch() - start
13:20:17.307 [main] DEBUG org.dbunit.database.statement.AutomaticPreparedBatchStatement - close() - start
13:20:17.307 [main] DEBUG org.dbunit.database.statement.AbstractPreparedBatchStatement - close() - start
13:20:17.307 [main] DEBUG org.dbunit.dataset.DefaultTableIterator - getTable() - start
13:20:17.307 [main] DEBUG org.dbunit.operation.AbstractBatchOperation - isEmpty(table=org.dbunit.dataset.DefaultTable[_metaData=tableName=TB_FERIADO, columns=[(ID_FERIADO, UNKNOWN, nullableUnknown), (DATA_FERIADO, UNKNOWN, nullableUnknown), (NOME_FERIADO, UNKNOWN, nullableUnknown), (TIPO_FERIADO, UNKNOWN, nullableUnknown)], keys=[], _rowList.size()=2]) - start
13:20:17.307 [main] DEBUG org.dbunit.dataset.DefaultTable - getValue(row=0, column=ID_FERIADO) - start
13:20:17.307 [main] DEBUG org.dbunit.dataset.AbstractTable - assertValidRowIndex(row=0) - start
13:20:17.307 [main] DEBUG org.dbunit.dataset.AbstractTable - assertValidRowIndex(row=0, rowCount=2) - start
13:20:17.307 [main] DEBUG org.dbunit.dataset.AbstractTable - getColumnIndex(columnName=ID_FERIADO) - start
13:20:17.307 [main] DEBUG org.dbunit.dataset.AbstractTableMetaData - getColumnIndex(columnName=ID_FERIADO) - start
13:20:17.307 [main] DEBUG org.dbunit.operation.AbstractOperation - getOperationMetaData(connection=org.dbunit.database.DatabaseConnection[schema=null, connection=org.apache.derby.client.net.NetConnection@7d7cac8, super=_databaseConfig=org.dbunit.database.DatabaseConfig[, _propertyMap={http://www.dbunit.org/features/qualifiedTableNames=false, http://www.dbunit.org/properties/tableType=[Ljava.lang.String;@2d2acd89, http://www.dbunit.org/properties/batchSize=100, http://www.dbunit.org/properties/statementFactory=org.dbunit.database.statement.PreparedStatementFactory@7baf6acf, http://www.dbunit.org/features/batchedStatements=false, http://www.dbunit.org/features/caseSensitiveTableNames=false, http://www.dbunit.org/features/allowEmptyFields=false, http://www.dbunit.org/properties/datatypeFactory=org.dbunit.dataset.datatype.DefaultDataTypeFactory[_toleratedDeltaMap=org.dbunit.dataset.datatype.ToleratedDeltaMap@1e6dad8], http://www.dbunit.org/properties/metadataHandler=org.dbunit.database.DefaultMetadataHandler@6fc6deb7, http://www.dbunit.org/properties/fetchSize=100, http://www.dbunit.org/properties/resultSetTableFactory=org.dbunit.database.CachedResultSetTableFactory@8ed9cf, http://www.dbunit.org/features/datatypeWarning=true, http://www.dbunit.org/properties/escapePattern=null, http://www.dbunit.org/properties/allowVerifytabledefinitionExpectedtableCountMismatch=false}], _dataSet=AbstractDataSet[_orderedTableNameMap=null]], metaData=tableName=TB_FERIADO, columns=[(ID_FERIADO, UNKNOWN, nullableUnknown), (DATA_FERIADO, UNKNOWN, nullableUnknown), (NOME_FERIADO, UNKNOWN, nullableUnknown), (TIPO_FERIADO, UNKNOWN, nullableUnknown)], keys=[]) - start
13:20:17.307 [main] DEBUG org.dbunit.database.AbstractDatabaseConnection - createDataSet() - start
13:20:17.307 [main] DEBUG org.dbunit.database.DatabaseDataSet - getTableMetaData(tableName=TB_FERIADO) - start
13:20:17.307 [main] DEBUG org.dbunit.database.DatabaseDataSet - initialize() - start
13:20:17.307 [main] DEBUG org.dbunit.dataset.OrderedTableNameMap - getTableName(tableName=TB_FERIADO) - start
13:20:17.307 [main] DEBUG org.dbunit.dataset.OrderedTableNameMap - getTableName(tableName=TB_FERIADO) - end - result=TB_FERIADO
13:20:17.307 [main] DEBUG org.dbunit.dataset.OrderedTableNameMap - getTableName(tableName=TB_FERIADO) - start
13:20:17.307 [main] DEBUG org.dbunit.dataset.OrderedTableNameMap - getTableName(tableName=TB_FERIADO) - end - result=TB_FERIADO
13:20:17.307 [main] DEBUG org.dbunit.dataset.AbstractTableMetaData - getColumnIndex(columnName=ID_FERIADO) - start
13:20:17.307 [main] DEBUG org.dbunit.database.DatabaseTableMetaData - getColumns() - start
13:20:17.307 [main] DEBUG org.dbunit.database.DatabaseTableMetaData - getColumns() - start
13:20:17.307 [main] DEBUG org.dbunit.dataset.AbstractTableMetaData - getColumnIndex(columnName=DATA_FERIADO) - start
13:20:17.307 [main] DEBUG org.dbunit.database.DatabaseTableMetaData - getColumns() - start
13:20:17.307 [main] DEBUG org.dbunit.dataset.AbstractTableMetaData - getColumnIndex(columnName=NOME_FERIADO) - start
13:20:17.307 [main] DEBUG org.dbunit.database.DatabaseTableMetaData - getColumns() - start
13:20:17.307 [main] DEBUG org.dbunit.dataset.AbstractTableMetaData - getColumnIndex(columnName=TIPO_FERIADO) - start
13:20:17.307 [main] DEBUG org.dbunit.database.DatabaseTableMetaData - getColumns() - start
13:20:17.307 [main] DEBUG org.dbunit.database.DatabaseTableMetaData - getPrimaryKeys() - start
13:20:17.307 [main] DEBUG org.dbunit.operation.InsertOperation - getIgnoreMapping(table=org.dbunit.dataset.DefaultTable[_metaData=tableName=TB_FERIADO, columns=[(ID_FERIADO, UNKNOWN, nullableUnknown), (DATA_FERIADO, UNKNOWN, nullableUnknown), (NOME_FERIADO, UNKNOWN, nullableUnknown), (TIPO_FERIADO, UNKNOWN, nullableUnknown)], keys=[], _rowList.size()=2], row=0) - start
13:20:17.307 [main] DEBUG org.dbunit.dataset.DefaultTable - getValue(row=0, column=ID_FERIADO) - start
13:20:17.307 [main] DEBUG org.dbunit.dataset.AbstractTable - assertValidRowIndex(row=0) - start
13:20:17.307 [main] DEBUG org.dbunit.dataset.AbstractTable - assertValidRowIndex(row=0, rowCount=2) - start
13:20:17.307 [main] DEBUG org.dbunit.dataset.AbstractTable - getColumnIndex(columnName=ID_FERIADO) - start
13:20:17.307 [main] DEBUG org.dbunit.dataset.AbstractTableMetaData - getColumnIndex(columnName=ID_FERIADO) - start
13:20:17.307 [main] DEBUG org.dbunit.dataset.DefaultTable - getValue(row=0, column=DATA_FERIADO) - start
13:20:17.307 [main] DEBUG org.dbunit.dataset.AbstractTable - assertValidRowIndex(row=0) - start
13:20:17.307 [main] DEBUG org.dbunit.dataset.AbstractTable - assertValidRowIndex(row=0, rowCount=2) - start
13:20:17.307 [main] DEBUG org.dbunit.dataset.AbstractTable - getColumnIndex(columnName=DATA_FERIADO) - start
13:20:17.307 [main] DEBUG org.dbunit.dataset.AbstractTableMetaData - getColumnIndex(columnName=DATA_FERIADO) - start
13:20:17.307 [main] DEBUG org.dbunit.dataset.DefaultTable - getValue(row=0, column=NOME_FERIADO) - start
13:20:17.307 [main] DEBUG org.dbunit.dataset.AbstractTable - assertValidRowIndex(row=0) - start
13:20:17.307 [main] DEBUG org.dbunit.dataset.AbstractTable - assertValidRowIndex(row=0, rowCount=2) - start
13:20:17.307 [main] DEBUG org.dbunit.dataset.AbstractTable - getColumnIndex(columnName=NOME_FERIADO) - start
13:20:17.307 [main] DEBUG org.dbunit.dataset.AbstractTableMetaData - getColumnIndex(columnName=NOME_FERIADO) - start
13:20:17.307 [main] DEBUG org.dbunit.dataset.DefaultTable - getValue(row=0, column=TIPO_FERIADO) - start
13:20:17.307 [main] DEBUG org.dbunit.dataset.AbstractTable - assertValidRowIndex(row=0) - start
13:20:17.307 [main] DEBUG org.dbunit.dataset.AbstractTable - assertValidRowIndex(row=0, rowCount=2) - start
13:20:17.307 [main] DEBUG org.dbunit.dataset.AbstractTable - getColumnIndex(columnName=TIPO_FERIADO) - start
13:20:17.307 [main] DEBUG org.dbunit.dataset.AbstractTableMetaData - getColumnIndex(columnName=TIPO_FERIADO) - start
13:20:17.307 [main] DEBUG org.dbunit.operation.InsertOperation - getOperationData(metaData=tableName=TB_FERIADO, columns=[(ID_FERIADO, BIGINT, noNulls), (DATA_FERIADO, DATE, noNulls), (NOME_FERIADO, VARCHAR, noNulls), (TIPO_FERIADO, VARCHAR, noNulls)], keys=[(ID_FERIADO, BIGINT, noNulls)], ignoreMapping={}, connection=org.dbunit.database.DatabaseConnection[schema=null, connection=org.apache.derby.client.net.NetConnection@7d7cac8, super=_databaseConfig=org.dbunit.database.DatabaseConfig[, _propertyMap={http://www.dbunit.org/features/qualifiedTableNames=false, http://www.dbunit.org/properties/tableType=[Ljava.lang.String;@2d2acd89, http://www.dbunit.org/properties/batchSize=100, http://www.dbunit.org/properties/statementFactory=org.dbunit.database.statement.PreparedStatementFactory@7baf6acf, http://www.dbunit.org/features/batchedStatements=false, http://www.dbunit.org/features/caseSensitiveTableNames=false, http://www.dbunit.org/features/allowEmptyFields=false, http://www.dbunit.org/properties/datatypeFactory=org.dbunit.dataset.datatype.DefaultDataTypeFactory[_toleratedDeltaMap=org.dbunit.dataset.datatype.ToleratedDeltaMap@1e6dad8], http://www.dbunit.org/properties/metadataHandler=org.dbunit.database.DefaultMetadataHandler@6fc6deb7, http://www.dbunit.org/properties/fetchSize=100, http://www.dbunit.org/properties/resultSetTableFactory=org.dbunit.database.CachedResultSetTableFactory@8ed9cf, http://www.dbunit.org/features/datatypeWarning=true, http://www.dbunit.org/properties/escapePattern=null, http://www.dbunit.org/properties/allowVerifytabledefinitionExpectedtableCountMismatch=false}], _dataSet=AbstractDataSet[_orderedTableNameMap=null]]) - start
13:20:17.308 [main] DEBUG org.dbunit.operation.AbstractOperation - getQualifiedName(prefix=null, name=TB_FERIADO, connection=org.dbunit.database.DatabaseConnection[schema=null, connection=org.apache.derby.client.net.NetConnection@7d7cac8, super=_databaseConfig=org.dbunit.database.DatabaseConfig[, _propertyMap={http://www.dbunit.org/features/qualifiedTableNames=false, http://www.dbunit.org/properties/tableType=[Ljava.lang.String;@2d2acd89, http://www.dbunit.org/properties/batchSize=100, http://www.dbunit.org/properties/statementFactory=org.dbunit.database.statement.PreparedStatementFactory@7baf6acf, http://www.dbunit.org/features/batchedStatements=false, http://www.dbunit.org/features/caseSensitiveTableNames=false, http://www.dbunit.org/features/allowEmptyFields=false, http://www.dbunit.org/properties/datatypeFactory=org.dbunit.dataset.datatype.DefaultDataTypeFactory[_toleratedDeltaMap=org.dbunit.dataset.datatype.ToleratedDeltaMap@1e6dad8], http://www.dbunit.org/properties/metadataHandler=org.dbunit.database.DefaultMetadataHandler@6fc6deb7, http://www.dbunit.org/properties/fetchSize=100, http://www.dbunit.org/properties/resultSetTableFactory=org.dbunit.database.CachedResultSetTableFactory@8ed9cf, http://www.dbunit.org/features/datatypeWarning=true, http://www.dbunit.org/properties/escapePattern=null, http://www.dbunit.org/properties/allowVerifytabledefinitionExpectedtableCountMismatch=false}], _dataSet=AbstractDataSet[_orderedTableNameMap=null]]) - start
13:20:17.308 [main] DEBUG org.dbunit.util.QualifiedTableName - getQualifiedName() - start
13:20:17.308 [main] DEBUG org.dbunit.util.QualifiedTableName - getQualifiedName(prefix=null, name=TB_FERIADO, escapePattern=null) - start
13:20:17.308 [main] DEBUG org.dbunit.operation.AbstractOperation - getQualifiedName(prefix=null, name=ID_FERIADO, connection=org.dbunit.database.DatabaseConnection[schema=null, connection=org.apache.derby.client.net.NetConnection@7d7cac8, super=_databaseConfig=org.dbunit.database.DatabaseConfig[, _propertyMap={http://www.dbunit.org/features/qualifiedTableNames=false, http://www.dbunit.org/properties/tableType=[Ljava.lang.String;@2d2acd89, http://www.dbunit.org/properties/batchSize=100, http://www.dbunit.org/properties/statementFactory=org.dbunit.database.statement.PreparedStatementFactory@7baf6acf, http://www.dbunit.org/features/batchedStatements=false, http://www.dbunit.org/features/caseSensitiveTableNames=false, http://www.dbunit.org/features/allowEmptyFields=false, http://www.dbunit.org/properties/datatypeFactory=org.dbunit.dataset.datatype.DefaultDataTypeFactory[_toleratedDeltaMap=org.dbunit.dataset.datatype.ToleratedDeltaMap@1e6dad8], http://www.dbunit.org/properties/metadataHandler=org.dbunit.database.DefaultMetadataHandler@6fc6deb7, http://www.dbunit.org/properties/fetchSize=100, http://www.dbunit.org/properties/resultSetTableFactory=org.dbunit.database.CachedResultSetTableFactory@8ed9cf, http://www.dbunit.org/features/datatypeWarning=true, http://www.dbunit.org/properties/escapePattern=null, http://www.dbunit.org/properties/allowVerifytabledefinitionExpectedtableCountMismatch=false}], _dataSet=AbstractDataSet[_orderedTableNameMap=null]]) - start
13:20:17.308 [main] DEBUG org.dbunit.util.QualifiedTableName - getQualifiedName() - start
13:20:17.308 [main] DEBUG org.dbunit.util.QualifiedTableName - getQualifiedName(prefix=null, name=ID_FERIADO, escapePattern=null) - start
13:20:17.308 [main] DEBUG org.dbunit.operation.AbstractOperation - getQualifiedName(prefix=null, name=DATA_FERIADO, connection=org.dbunit.database.DatabaseConnection[schema=null, connection=org.apache.derby.client.net.NetConnection@7d7cac8, super=_databaseConfig=org.dbunit.database.DatabaseConfig[, _propertyMap={http://www.dbunit.org/features/qualifiedTableNames=false, http://www.dbunit.org/properties/tableType=[Ljava.lang.String;@2d2acd89, http://www.dbunit.org/properties/batchSize=100, http://www.dbunit.org/properties/statementFactory=org.dbunit.database.statement.PreparedStatementFactory@7baf6acf, http://www.dbunit.org/features/batchedStatements=false, http://www.dbunit.org/features/caseSensitiveTableNames=false, http://www.dbunit.org/features/allowEmptyFields=false, http://www.dbunit.org/properties/datatypeFactory=org.dbunit.dataset.datatype.DefaultDataTypeFactory[_toleratedDeltaMap=org.dbunit.dataset.datatype.ToleratedDeltaMap@1e6dad8], http://www.dbunit.org/properties/metadataHandler=org.dbunit.database.DefaultMetadataHandler@6fc6deb7, http://www.dbunit.org/properties/fetchSize=100, http://www.dbunit.org/properties/resultSetTableFactory=org.dbunit.database.CachedResultSetTableFactory@8ed9cf, http://www.dbunit.org/features/datatypeWarning=true, http://www.dbunit.org/properties/escapePattern=null, http://www.dbunit.org/properties/allowVerifytabledefinitionExpectedtableCountMismatch=false}], _dataSet=AbstractDataSet[_orderedTableNameMap=null]]) - start
13:20:17.308 [main] DEBUG org.dbunit.util.QualifiedTableName - getQualifiedName() - start
13:20:17.308 [main] DEBUG org.dbunit.util.QualifiedTableName - getQualifiedName(prefix=null, name=DATA_FERIADO, escapePattern=null) - start
13:20:17.308 [main] DEBUG org.dbunit.operation.AbstractOperation - getQualifiedName(prefix=null, name=NOME_FERIADO, connection=org.dbunit.database.DatabaseConnection[schema=null, connection=org.apache.derby.client.net.NetConnection@7d7cac8, super=_databaseConfig=org.dbunit.database.DatabaseConfig[, _propertyMap={http://www.dbunit.org/features/qualifiedTableNames=false, http://www.dbunit.org/properties/tableType=[Ljava.lang.String;@2d2acd89, http://www.dbunit.org/properties/batchSize=100, http://www.dbunit.org/properties/statementFactory=org.dbunit.database.statement.PreparedStatementFactory@7baf6acf, http://www.dbunit.org/features/batchedStatements=false, http://www.dbunit.org/features/caseSensitiveTableNames=false, http://www.dbunit.org/features/allowEmptyFields=false, http://www.dbunit.org/properties/datatypeFactory=org.dbunit.dataset.datatype.DefaultDataTypeFactory[_toleratedDeltaMap=org.dbunit.dataset.datatype.ToleratedDeltaMap@1e6dad8], http://www.dbunit.org/properties/metadataHandler=org.dbunit.database.DefaultMetadataHandler@6fc6deb7, http://www.dbunit.org/properties/fetchSize=100, http://www.dbunit.org/properties/resultSetTableFactory=org.dbunit.database.CachedResultSetTableFactory@8ed9cf, http://www.dbunit.org/features/datatypeWarning=true, http://www.dbunit.org/properties/escapePattern=null, http://www.dbunit.org/properties/allowVerifytabledefinitionExpectedtableCountMismatch=false}], _dataSet=AbstractDataSet[_orderedTableNameMap=null]]) - start
13:20:17.308 [main] DEBUG org.dbunit.util.QualifiedTableName - getQualifiedName() - start
13:20:17.308 [main] DEBUG org.dbunit.util.QualifiedTableName - getQualifiedName(prefix=null, name=NOME_FERIADO, escapePattern=null) - start
13:20:17.308 [main] DEBUG org.dbunit.operation.AbstractOperation - getQualifiedName(prefix=null, name=TIPO_FERIADO, connection=org.dbunit.database.DatabaseConnection[schema=null, connection=org.apache.derby.client.net.NetConnection@7d7cac8, super=_databaseConfig=org.dbunit.database.DatabaseConfig[, _propertyMap={http://www.dbunit.org/features/qualifiedTableNames=false, http://www.dbunit.org/properties/tableType=[Ljava.lang.String;@2d2acd89, http://www.dbunit.org/properties/batchSize=100, http://www.dbunit.org/properties/statementFactory=org.dbunit.database.statement.PreparedStatementFactory@7baf6acf, http://www.dbunit.org/features/batchedStatements=false, http://www.dbunit.org/features/caseSensitiveTableNames=false, http://www.dbunit.org/features/allowEmptyFields=false, http://www.dbunit.org/properties/datatypeFactory=org.dbunit.dataset.datatype.DefaultDataTypeFactory[_toleratedDeltaMap=org.dbunit.dataset.datatype.ToleratedDeltaMap@1e6dad8], http://www.dbunit.org/properties/metadataHandler=org.dbunit.database.DefaultMetadataHandler@6fc6deb7, http://www.dbunit.org/properties/fetchSize=100, http://www.dbunit.org/properties/resultSetTableFactory=org.dbunit.database.CachedResultSetTableFactory@8ed9cf, http://www.dbunit.org/features/datatypeWarning=true, http://www.dbunit.org/properties/escapePattern=null, http://www.dbunit.org/properties/allowVerifytabledefinitionExpectedtableCountMismatch=false}], _dataSet=AbstractDataSet[_orderedTableNameMap=null]]) - start
13:20:17.308 [main] DEBUG org.dbunit.util.QualifiedTableName - getQualifiedName() - start
13:20:17.308 [main] DEBUG org.dbunit.util.QualifiedTableName - getQualifiedName(prefix=null, name=TIPO_FERIADO, escapePattern=null) - start
13:20:17.308 [main] DEBUG org.dbunit.database.statement.PreparedStatementFactory - createPreparedBatchStatement(sql=insert into TB_FERIADO (ID_FERIADO, DATA_FERIADO, NOME_FERIADO, TIPO_FERIADO) values (?, ?, ?, ?), connection=org.dbunit.database.DatabaseConnection[schema=null, connection=org.apache.derby.client.net.NetConnection@7d7cac8, super=_databaseConfig=org.dbunit.database.DatabaseConfig[, _propertyMap={http://www.dbunit.org/features/qualifiedTableNames=false, http://www.dbunit.org/properties/tableType=[Ljava.lang.String;@2d2acd89, http://www.dbunit.org/properties/batchSize=100, http://www.dbunit.org/properties/statementFactory=org.dbunit.database.statement.PreparedStatementFactory@7baf6acf, http://www.dbunit.org/features/batchedStatements=false, http://www.dbunit.org/features/caseSensitiveTableNames=false, http://www.dbunit.org/features/allowEmptyFields=false, http://www.dbunit.org/properties/datatypeFactory=org.dbunit.dataset.datatype.DefaultDataTypeFactory[_toleratedDeltaMap=org.dbunit.dataset.datatype.ToleratedDeltaMap@1e6dad8], http://www.dbunit.org/properties/metadataHandler=org.dbunit.database.DefaultMetadataHandler@6fc6deb7, http://www.dbunit.org/properties/fetchSize=100, http://www.dbunit.org/properties/resultSetTableFactory=org.dbunit.database.CachedResultSetTableFactory@8ed9cf, http://www.dbunit.org/features/datatypeWarning=true, http://www.dbunit.org/properties/escapePattern=null, http://www.dbunit.org/properties/allowVerifytabledefinitionExpectedtableCountMismatch=false}], _dataSet=AbstractDataSet[_orderedTableNameMap=null]]) - start
13:20:17.308 [main] DEBUG org.dbunit.database.statement.AbstractStatementFactory - supportBatchStatement(connection=org.dbunit.database.DatabaseConnection[schema=null, connection=org.apache.derby.client.net.NetConnection@7d7cac8, super=_databaseConfig=org.dbunit.database.DatabaseConfig[, _propertyMap={http://www.dbunit.org/features/qualifiedTableNames=false, http://www.dbunit.org/properties/tableType=[Ljava.lang.String;@2d2acd89, http://www.dbunit.org/properties/batchSize=100, http://www.dbunit.org/properties/statementFactory=org.dbunit.database.statement.PreparedStatementFactory@7baf6acf, http://www.dbunit.org/features/batchedStatements=false, http://www.dbunit.org/features/caseSensitiveTableNames=false, http://www.dbunit.org/features/allowEmptyFields=false, http://www.dbunit.org/properties/datatypeFactory=org.dbunit.dataset.datatype.DefaultDataTypeFactory[_toleratedDeltaMap=org.dbunit.dataset.datatype.ToleratedDeltaMap@1e6dad8], http://www.dbunit.org/properties/metadataHandler=org.dbunit.database.DefaultMetadataHandler@6fc6deb7, http://www.dbunit.org/properties/fetchSize=100, http://www.dbunit.org/properties/resultSetTableFactory=org.dbunit.database.CachedResultSetTableFactory@8ed9cf, http://www.dbunit.org/features/datatypeWarning=true, http://www.dbunit.org/properties/escapePattern=null, http://www.dbunit.org/properties/allowVerifytabledefinitionExpectedtableCountMismatch=false}], _dataSet=AbstractDataSet[_orderedTableNameMap=null]]) - start
13:20:17.310 [main] DEBUG org.dbunit.dataset.DefaultTable - getValue(row=0, column=ID_FERIADO) - start
13:20:17.310 [main] DEBUG org.dbunit.dataset.AbstractTable - assertValidRowIndex(row=0) - start
13:20:17.310 [main] DEBUG org.dbunit.dataset.AbstractTable - assertValidRowIndex(row=0, rowCount=2) - start
13:20:17.310 [main] DEBUG org.dbunit.dataset.AbstractTable - getColumnIndex(columnName=ID_FERIADO) - start
13:20:17.310 [main] DEBUG org.dbunit.dataset.AbstractTableMetaData - getColumnIndex(columnName=ID_FERIADO) - start
13:20:17.310 [main] DEBUG org.dbunit.database.statement.AutomaticPreparedBatchStatement - addValue(value=1, dataType=BIGINT) - start
13:20:17.310 [main] DEBUG org.dbunit.database.statement.SimplePreparedStatement - addValue(value=1, dataType=BIGINT) - start
13:20:17.310 [main] DEBUG org.dbunit.dataset.datatype.BigIntegerDataType - setSqlValue(value=1, column=1, statement=org.apache.derby.client.am.ClientPreparedStatement42@7b66322e) - start
13:20:17.310 [main] DEBUG org.dbunit.dataset.datatype.BigIntegerDataType - typeCast(value=1) - start
13:20:17.310 [main] DEBUG org.dbunit.dataset.DefaultTable - getValue(row=0, column=DATA_FERIADO) - start
13:20:17.310 [main] DEBUG org.dbunit.dataset.AbstractTable - assertValidRowIndex(row=0) - start
13:20:17.310 [main] DEBUG org.dbunit.dataset.AbstractTable - assertValidRowIndex(row=0, rowCount=2) - start
13:20:17.310 [main] DEBUG org.dbunit.dataset.AbstractTable - getColumnIndex(columnName=DATA_FERIADO) - start
13:20:17.310 [main] DEBUG org.dbunit.dataset.AbstractTableMetaData - getColumnIndex(columnName=DATA_FERIADO) - start
13:20:17.310 [main] DEBUG org.dbunit.database.statement.AutomaticPreparedBatchStatement - addValue(value=2024-12-25, dataType=DATE) - start
13:20:17.310 [main] DEBUG org.dbunit.database.statement.SimplePreparedStatement - addValue(value=2024-12-25, dataType=DATE) - start
13:20:17.310 [main] DEBUG org.dbunit.dataset.datatype.DateDataType - setSqlValue(value=2024-12-25, column=2, statement=org.apache.derby.client.am.ClientPreparedStatement42@7b66322e) - start
13:20:17.310 [main] DEBUG org.dbunit.dataset.datatype.DateDataType - typeCast(value=2024-12-25) - start
13:20:17.310 [main] DEBUG org.dbunit.dataset.DefaultTable - getValue(row=0, column=NOME_FERIADO) - start
13:20:17.310 [main] DEBUG org.dbunit.dataset.AbstractTable - assertValidRowIndex(row=0) - start
13:20:17.310 [main] DEBUG org.dbunit.dataset.AbstractTable - assertValidRowIndex(row=0, rowCount=2) - start
13:20:17.310 [main] DEBUG org.dbunit.dataset.AbstractTable - getColumnIndex(columnName=NOME_FERIADO) - start
13:20:17.310 [main] DEBUG org.dbunit.dataset.AbstractTableMetaData - getColumnIndex(columnName=NOME_FERIADO) - start
13:20:17.310 [main] DEBUG org.dbunit.database.statement.AutomaticPreparedBatchStatement - addValue(value=Christmas, dataType=VARCHAR) - start
13:20:17.310 [main] DEBUG org.dbunit.database.statement.SimplePreparedStatement - addValue(value=Christmas, dataType=VARCHAR) - start
13:20:17.310 [main] DEBUG org.dbunit.dataset.datatype.StringDataType - setSqlValue(value=Christmas, column=3, statement=org.apache.derby.client.am.ClientPreparedStatement42@7b66322e) - start
13:20:17.310 [main] DEBUG org.dbunit.dataset.datatype.DataType - asString(value=Christmas) - start
13:20:17.310 [main] DEBUG org.dbunit.dataset.datatype.StringDataType - typeCast(value=Christmas) - start
13:20:17.310 [main] DEBUG org.dbunit.dataset.DefaultTable - getValue(row=0, column=TIPO_FERIADO) - start
13:20:17.310 [main] DEBUG org.dbunit.dataset.AbstractTable - assertValidRowIndex(row=0) - start
13:20:17.310 [main] DEBUG org.dbunit.dataset.AbstractTable - assertValidRowIndex(row=0, rowCount=2) - start
13:20:17.310 [main] DEBUG org.dbunit.dataset.AbstractTable - getColumnIndex(columnName=TIPO_FERIADO) - start
13:20:17.310 [main] DEBUG org.dbunit.dataset.AbstractTableMetaData - getColumnIndex(columnName=TIPO_FERIADO) - start
13:20:17.310 [main] DEBUG org.dbunit.database.statement.AutomaticPreparedBatchStatement - addValue(value=UNIVERSAL, dataType=VARCHAR) - start
13:20:17.310 [main] DEBUG org.dbunit.database.statement.SimplePreparedStatement - addValue(value=UNIVERSAL, dataType=VARCHAR) - start
13:20:17.310 [main] DEBUG org.dbunit.dataset.datatype.StringDataType - setSqlValue(value=UNIVERSAL, column=4, statement=org.apache.derby.client.am.ClientPreparedStatement42@7b66322e) - start
13:20:17.310 [main] DEBUG org.dbunit.dataset.datatype.DataType - asString(value=UNIVERSAL) - start
13:20:17.310 [main] DEBUG org.dbunit.dataset.datatype.StringDataType - typeCast(value=UNIVERSAL) - start
13:20:17.310 [main] DEBUG org.dbunit.database.statement.AutomaticPreparedBatchStatement - addBatch() - start
13:20:17.310 [main] DEBUG org.dbunit.database.statement.SimplePreparedStatement - addBatch() - start
13:20:17.312 [main] DEBUG org.dbunit.operation.InsertOperation - equalsIgnoreMapping(ignoreMapping={}, table=org.dbunit.dataset.DefaultTable[_metaData=tableName=TB_FERIADO, columns=[(ID_FERIADO, UNKNOWN, nullableUnknown), (DATA_FERIADO, UNKNOWN, nullableUnknown), (NOME_FERIADO, UNKNOWN, nullableUnknown), (TIPO_FERIADO, UNKNOWN, nullableUnknown)], keys=[], _rowList.size()=2], row=1) - start
13:20:17.312 [main] DEBUG org.dbunit.dataset.DefaultTable - getValue(row=1, column=ID_FERIADO) - start
13:20:17.312 [main] DEBUG org.dbunit.dataset.AbstractTable - assertValidRowIndex(row=1) - start
13:20:17.312 [main] DEBUG org.dbunit.dataset.AbstractTable - assertValidRowIndex(row=1, rowCount=2) - start
13:20:17.312 [main] DEBUG org.dbunit.dataset.AbstractTable - getColumnIndex(columnName=ID_FERIADO) - start
13:20:17.312 [main] DEBUG org.dbunit.dataset.AbstractTableMetaData - getColumnIndex(columnName=ID_FERIADO) - start
13:20:17.312 [main] DEBUG org.dbunit.dataset.DefaultTable - getValue(row=1, column=DATA_FERIADO) - start
13:20:17.312 [main] DEBUG org.dbunit.dataset.AbstractTable - assertValidRowIndex(row=1) - start
13:20:17.312 [main] DEBUG org.dbunit.dataset.AbstractTable - assertValidRowIndex(row=1, rowCount=2) - start
13:20:17.312 [main] DEBUG org.dbunit.dataset.AbstractTable - getColumnIndex(columnName=DATA_FERIADO) - start
13:20:17.312 [main] DEBUG org.dbunit.dataset.AbstractTableMetaData - getColumnIndex(columnName=DATA_FERIADO) - start
13:20:17.312 [main] DEBUG org.dbunit.dataset.DefaultTable - getValue(row=1, column=NOME_FERIADO) - start
13:20:17.312 [main] DEBUG org.dbunit.dataset.AbstractTable - assertValidRowIndex(row=1) - start
13:20:17.312 [main] DEBUG org.dbunit.dataset.AbstractTable - assertValidRowIndex(row=1, rowCount=2) - start
13:20:17.312 [main] DEBUG org.dbunit.dataset.AbstractTable - getColumnIndex(columnName=NOME_FERIADO) - start
13:20:17.312 [main] DEBUG org.dbunit.dataset.AbstractTableMetaData - getColumnIndex(columnName=NOME_FERIADO) - start
13:20:17.312 [main] DEBUG org.dbunit.dataset.DefaultTable - getValue(row=1, column=TIPO_FERIADO) - start
13:20:17.312 [main] DEBUG org.dbunit.dataset.AbstractTable - assertValidRowIndex(row=1) - start
13:20:17.312 [main] DEBUG org.dbunit.dataset.AbstractTable - assertValidRowIndex(row=1, rowCount=2) - start
13:20:17.312 [main] DEBUG org.dbunit.dataset.AbstractTable - getColumnIndex(columnName=TIPO_FERIADO) - start
13:20:17.312 [main] DEBUG org.dbunit.dataset.AbstractTableMetaData - getColumnIndex(columnName=TIPO_FERIADO) - start
13:20:17.312 [main] DEBUG org.dbunit.dataset.DefaultTable - getValue(row=1, column=ID_FERIADO) - start
13:20:17.312 [main] DEBUG org.dbunit.dataset.AbstractTable - assertValidRowIndex(row=1) - start
13:20:17.312 [main] DEBUG org.dbunit.dataset.AbstractTable - assertValidRowIndex(row=1, rowCount=2) - start
13:20:17.312 [main] DEBUG org.dbunit.dataset.AbstractTable - getColumnIndex(columnName=ID_FERIADO) - start
13:20:17.312 [main] DEBUG org.dbunit.dataset.AbstractTableMetaData - getColumnIndex(columnName=ID_FERIADO) - start
13:20:17.312 [main] DEBUG org.dbunit.database.statement.AutomaticPreparedBatchStatement - addValue(value=2, dataType=BIGINT) - start
13:20:17.312 [main] DEBUG org.dbunit.database.statement.SimplePreparedStatement - addValue(value=2, dataType=BIGINT) - start
13:20:17.312 [main] DEBUG org.dbunit.dataset.datatype.BigIntegerDataType - setSqlValue(value=2, column=1, statement=org.apache.derby.client.am.ClientPreparedStatement42@7b66322e) - start
13:20:17.312 [main] DEBUG org.dbunit.dataset.datatype.BigIntegerDataType - typeCast(value=2) - start
13:20:17.312 [main] DEBUG org.dbunit.dataset.DefaultTable - getValue(row=1, column=DATA_FERIADO) - start
13:20:17.312 [main] DEBUG org.dbunit.dataset.AbstractTable - assertValidRowIndex(row=1) - start
13:20:17.312 [main] DEBUG org.dbunit.dataset.AbstractTable - assertValidRowIndex(row=1, rowCount=2) - start
13:20:17.312 [main] DEBUG org.dbunit.dataset.AbstractTable - getColumnIndex(columnName=DATA_FERIADO) - start
13:20:17.312 [main] DEBUG org.dbunit.dataset.AbstractTableMetaData - getColumnIndex(columnName=DATA_FERIADO) - start
13:20:17.312 [main] DEBUG org.dbunit.database.statement.AutomaticPreparedBatchStatement - addValue(value=2024-01-01, dataType=DATE) - start
13:20:17.312 [main] DEBUG org.dbunit.database.statement.SimplePreparedStatement - addValue(value=2024-01-01, dataType=DATE) - start
13:20:17.312 [main] DEBUG org.dbunit.dataset.datatype.DateDataType - setSqlValue(value=2024-01-01, column=2, statement=org.apache.derby.client.am.ClientPreparedStatement42@7b66322e) - start
13:20:17.312 [main] DEBUG org.dbunit.dataset.datatype.DateDataType - typeCast(value=2024-01-01) - start
13:20:17.312 [main] DEBUG org.dbunit.dataset.DefaultTable - getValue(row=1, column=NOME_FERIADO) - start
13:20:17.312 [main] DEBUG org.dbunit.dataset.AbstractTable - assertValidRowIndex(row=1) - start
13:20:17.312 [main] DEBUG org.dbunit.dataset.AbstractTable - assertValidRowIndex(row=1, rowCount=2) - start
13:20:17.312 [main] DEBUG org.dbunit.dataset.AbstractTable - getColumnIndex(columnName=NOME_FERIADO) - start
13:20:17.312 [main] DEBUG org.dbunit.dataset.AbstractTableMetaData - getColumnIndex(columnName=NOME_FERIADO) - start
13:20:17.312 [main] DEBUG org.dbunit.database.statement.AutomaticPreparedBatchStatement - addValue(value=New Year, dataType=VARCHAR) - start
13:20:17.312 [main] DEBUG org.dbunit.database.statement.SimplePreparedStatement - addValue(value=New Year, dataType=VARCHAR) - start
13:20:17.312 [main] DEBUG org.dbunit.dataset.datatype.StringDataType - setSqlValue(value=New Year, column=3, statement=org.apache.derby.client.am.ClientPreparedStatement42@7b66322e) - start
13:20:17.312 [main] DEBUG org.dbunit.dataset.datatype.DataType - asString(value=New Year) - start
13:20:17.312 [main] DEBUG org.dbunit.dataset.datatype.StringDataType - typeCast(value=New Year) - start
13:20:17.312 [main] DEBUG org.dbunit.dataset.DefaultTable - getValue(row=1, column=TIPO_FERIADO) - start
13:20:17.312 [main] DEBUG org.dbunit.dataset.AbstractTable - assertValidRowIndex(row=1) - start
13:20:17.312 [main] DEBUG org.dbunit.dataset.AbstractTable - assertValidRowIndex(row=1, rowCount=2) - start
13:20:17.312 [main] DEBUG org.dbunit.dataset.AbstractTable - getColumnIndex(columnName=TIPO_FERIADO) - start
13:20:17.312 [main] DEBUG org.dbunit.dataset.AbstractTableMetaData - getColumnIndex(columnName=TIPO_FERIADO) - start
13:20:17.312 [main] DEBUG org.dbunit.database.statement.AutomaticPreparedBatchStatement - addValue(value=UNIVERSAL, dataType=VARCHAR) - start
13:20:17.312 [main] DEBUG org.dbunit.database.statement.SimplePreparedStatement - addValue(value=UNIVERSAL, dataType=VARCHAR) - start
13:20:17.312 [main] DEBUG org.dbunit.dataset.datatype.StringDataType - setSqlValue(value=UNIVERSAL, column=4, statement=org.apache.derby.client.am.ClientPreparedStatement42@7b66322e) - start
13:20:17.312 [main] DEBUG org.dbunit.dataset.datatype.DataType - asString(value=UNIVERSAL) - start
13:20:17.312 [main] DEBUG org.dbunit.dataset.datatype.StringDataType - typeCast(value=UNIVERSAL) - start
13:20:17.312 [main] DEBUG org.dbunit.database.statement.AutomaticPreparedBatchStatement - addBatch() - start
13:20:17.312 [main] DEBUG org.dbunit.database.statement.SimplePreparedStatement - addBatch() - start
13:20:17.313 [main] DEBUG org.dbunit.operation.InsertOperation - equalsIgnoreMapping(ignoreMapping={}, table=org.dbunit.dataset.DefaultTable[_metaData=tableName=TB_FERIADO, columns=[(ID_FERIADO, UNKNOWN, nullableUnknown), (DATA_FERIADO, UNKNOWN, nullableUnknown), (NOME_FERIADO, UNKNOWN, nullableUnknown), (TIPO_FERIADO, UNKNOWN, nullableUnknown)], keys=[], _rowList.size()=2], row=2) - start
13:20:17.313 [main] DEBUG org.dbunit.dataset.DefaultTable - getValue(row=2, column=ID_FERIADO) - start
13:20:17.313 [main] DEBUG org.dbunit.dataset.AbstractTable - assertValidRowIndex(row=2) - start
13:20:17.313 [main] DEBUG org.dbunit.dataset.AbstractTable - assertValidRowIndex(row=2, rowCount=2) - start
13:20:17.313 [main] DEBUG org.dbunit.database.statement.AutomaticPreparedBatchStatement - executeBatch() - start
13:20:17.313 [main] DEBUG org.dbunit.database.statement.SimplePreparedStatement - executeBatch() - start
13:20:17.313 [main] DEBUG org.dbunit.database.statement.SimplePreparedStatement - clearBatch() - start
13:20:17.313 [main] DEBUG org.dbunit.database.statement.AutomaticPreparedBatchStatement - clearBatch() - start
13:20:17.313 [main] DEBUG org.dbunit.database.statement.SimplePreparedStatement - clearBatch() - start
13:20:17.313 [main] DEBUG org.dbunit.database.statement.AutomaticPreparedBatchStatement - close() - start
13:20:17.313 [main] DEBUG org.dbunit.database.statement.AbstractPreparedBatchStatement - close() - start
13:20:17.313 [main] DEBUG org.dbunit.dataset.DefaultTableIterator - getTable() - start
13:20:17.313 [main] DEBUG org.dbunit.operation.AbstractBatchOperation - isEmpty(table=org.dbunit.dataset.DefaultTable[_metaData=tableName=TB_FORNECEDOR, columns=[(ID_FORNECEDOR, UNKNOWN, nullableUnknown), (NOME_FORNECEDOR, UNKNOWN, nullableUnknown), (CNPJ_FORNECEDOR, UNKNOWN, nullableUnknown), (EMAIL_FORNECEDOR, UNKNOWN, nullableUnknown), (TIPO_FORNECEDOR, UNKNOWN, nullableUnknown), (TIPO_STATUS, UNKNOWN, nullableUnknown), (DESCRICAO, UNKNOWN, nullableUnknown), (DATA_CADASTRO, UNKNOWN, nullableUnknown)], keys=[], _rowList.size()=2]) - start
13:20:17.313 [main] DEBUG org.dbunit.dataset.DefaultTable - getValue(row=0, column=ID_FORNECEDOR) - start
13:20:17.313 [main] DEBUG org.dbunit.dataset.AbstractTable - assertValidRowIndex(row=0) - start
13:20:17.313 [main] DEBUG org.dbunit.dataset.AbstractTable - assertValidRowIndex(row=0, rowCount=2) - start
13:20:17.313 [main] DEBUG org.dbunit.dataset.AbstractTable - getColumnIndex(columnName=ID_FORNECEDOR) - start
13:20:17.313 [main] DEBUG org.dbunit.dataset.AbstractTableMetaData - getColumnIndex(columnName=ID_FORNECEDOR) - start
13:20:17.313 [main] DEBUG org.dbunit.operation.AbstractOperation - getOperationMetaData(connection=org.dbunit.database.DatabaseConnection[schema=null, connection=org.apache.derby.client.net.NetConnection@7d7cac8, super=_databaseConfig=org.dbunit.database.DatabaseConfig[, _propertyMap={http://www.dbunit.org/features/qualifiedTableNames=false, http://www.dbunit.org/properties/tableType=[Ljava.lang.String;@2d2acd89, http://www.dbunit.org/properties/batchSize=100, http://www.dbunit.org/properties/statementFactory=org.dbunit.database.statement.PreparedStatementFactory@7baf6acf, http://www.dbunit.org/features/batchedStatements=false, http://www.dbunit.org/features/caseSensitiveTableNames=false, http://www.dbunit.org/features/allowEmptyFields=false, http://www.dbunit.org/properties/datatypeFactory=org.dbunit.dataset.datatype.DefaultDataTypeFactory[_toleratedDeltaMap=org.dbunit.dataset.datatype.ToleratedDeltaMap@1e6dad8], http://www.dbunit.org/properties/metadataHandler=org.dbunit.database.DefaultMetadataHandler@6fc6deb7, http://www.dbunit.org/properties/fetchSize=100, http://www.dbunit.org/properties/resultSetTableFactory=org.dbunit.database.CachedResultSetTableFactory@8ed9cf, http://www.dbunit.org/features/datatypeWarning=true, http://www.dbunit.org/properties/escapePattern=null, http://www.dbunit.org/properties/allowVerifytabledefinitionExpectedtableCountMismatch=false}], _dataSet=AbstractDataSet[_orderedTableNameMap=null]], metaData=tableName=TB_FORNECEDOR, columns=[(ID_FORNECEDOR, UNKNOWN, nullableUnknown), (NOME_FORNECEDOR, UNKNOWN, nullableUnknown), (CNPJ_FORNECEDOR, UNKNOWN, nullableUnknown), (EMAIL_FORNECEDOR, UNKNOWN, nullableUnknown), (TIPO_FORNECEDOR, UNKNOWN, nullableUnknown), (TIPO_STATUS, UNKNOWN, nullableUnknown), (DESCRICAO, UNKNOWN, nullableUnknown), (DATA_CADASTRO, UNKNOWN, nullableUnknown)], keys=[]) - start
13:20:17.313 [main] DEBUG org.dbunit.database.AbstractDatabaseConnection - createDataSet() - start
13:20:17.313 [main] DEBUG org.dbunit.database.DatabaseDataSet - getTableMetaData(tableName=TB_FORNECEDOR) - start
13:20:17.313 [main] DEBUG org.dbunit.database.DatabaseDataSet - initialize() - start
13:20:17.313 [main] DEBUG org.dbunit.dataset.OrderedTableNameMap - getTableName(tableName=TB_FORNECEDOR) - start
13:20:17.313 [main] DEBUG org.dbunit.dataset.OrderedTableNameMap - getTableName(tableName=TB_FORNECEDOR) - end - result=TB_FORNECEDOR
13:20:17.313 [main] DEBUG org.dbunit.dataset.OrderedTableNameMap - getTableName(tableName=TB_FORNECEDOR) - start
13:20:17.313 [main] DEBUG org.dbunit.dataset.OrderedTableNameMap - getTableName(tableName=TB_FORNECEDOR) - end - result=TB_FORNECEDOR
13:20:17.313 [main] DEBUG org.dbunit.dataset.AbstractTableMetaData - getColumnIndex(columnName=ID_FORNECEDOR) - start
13:20:17.313 [main] DEBUG org.dbunit.database.DatabaseTableMetaData - getColumns() - start
13:20:17.313 [main] DEBUG org.dbunit.database.DatabaseTableMetaData - getColumns() - start
13:20:17.313 [main] DEBUG org.dbunit.dataset.AbstractTableMetaData - getColumnIndex(columnName=NOME_FORNECEDOR) - start
13:20:17.313 [main] DEBUG org.dbunit.database.DatabaseTableMetaData - getColumns() - start
13:20:17.313 [main] DEBUG org.dbunit.dataset.AbstractTableMetaData - getColumnIndex(columnName=CNPJ_FORNECEDOR) - start
13:20:17.313 [main] DEBUG org.dbunit.database.DatabaseTableMetaData - getColumns() - start
13:20:17.313 [main] DEBUG org.dbunit.dataset.AbstractTableMetaData - getColumnIndex(columnName=EMAIL_FORNECEDOR) - start
13:20:17.313 [main] DEBUG org.dbunit.database.DatabaseTableMetaData - getColumns() - start
13:20:17.313 [main] DEBUG org.dbunit.dataset.AbstractTableMetaData - getColumnIndex(columnName=TIPO_FORNECEDOR) - start
13:20:17.313 [main] DEBUG org.dbunit.database.DatabaseTableMetaData - getColumns() - start
13:20:17.313 [main] DEBUG org.dbunit.dataset.AbstractTableMetaData - getColumnIndex(columnName=TIPO_STATUS) - start
13:20:17.313 [main] DEBUG org.dbunit.database.DatabaseTableMetaData - getColumns() - start
13:20:17.313 [main] DEBUG org.dbunit.dataset.AbstractTableMetaData - getColumnIndex(columnName=DESCRICAO) - start
13:20:17.313 [main] DEBUG org.dbunit.database.DatabaseTableMetaData - getColumns() - start
13:20:17.313 [main] DEBUG org.dbunit.dataset.AbstractTableMetaData - getColumnIndex(columnName=DATA_CADASTRO) - start
13:20:17.313 [main] DEBUG org.dbunit.database.DatabaseTableMetaData - getColumns() - start
13:20:17.313 [main] DEBUG org.dbunit.database.DatabaseTableMetaData - getPrimaryKeys() - start
13:20:17.313 [main] DEBUG org.dbunit.operation.InsertOperation - getIgnoreMapping(table=org.dbunit.dataset.DefaultTable[_metaData=tableName=TB_FORNECEDOR, columns=[(ID_FORNECEDOR, UNKNOWN, nullableUnknown), (NOME_FORNECEDOR, UNKNOWN, nullableUnknown), (CNPJ_FORNECEDOR, UNKNOWN, nullableUnknown), (EMAIL_FORNECEDOR, UNKNOWN, nullableUnknown), (TIPO_FORNECEDOR, UNKNOWN, nullableUnknown), (TIPO_STATUS, UNKNOWN, nullableUnknown), (DESCRICAO, UNKNOWN, nullableUnknown), (DATA_CADASTRO, UNKNOWN, nullableUnknown)], keys=[], _rowList.size()=2], row=0) - start
13:20:17.314 [main] DEBUG org.dbunit.dataset.DefaultTable - getValue(row=0, column=ID_FORNECEDOR) - start
13:20:17.314 [main] DEBUG org.dbunit.dataset.AbstractTable - assertValidRowIndex(row=0) - start
13:20:17.314 [main] DEBUG org.dbunit.dataset.AbstractTable - assertValidRowIndex(row=0, rowCount=2) - start
13:20:17.314 [main] DEBUG org.dbunit.dataset.AbstractTable - getColumnIndex(columnName=ID_FORNECEDOR) - start
13:20:17.314 [main] DEBUG org.dbunit.dataset.AbstractTableMetaData - getColumnIndex(columnName=ID_FORNECEDOR) - start
13:20:17.314 [main] DEBUG org.dbunit.dataset.DefaultTable - getValue(row=0, column=NOME_FORNECEDOR) - start
13:20:17.314 [main] DEBUG org.dbunit.dataset.AbstractTable - assertValidRowIndex(row=0) - start
13:20:17.314 [main] DEBUG org.dbunit.dataset.AbstractTable - assertValidRowIndex(row=0, rowCount=2) - start
13:20:17.314 [main] DEBUG org.dbunit.dataset.AbstractTable - getColumnIndex(columnName=NOME_FORNECEDOR) - start
13:20:17.314 [main] DEBUG org.dbunit.dataset.AbstractTableMetaData - getColumnIndex(columnName=NOME_FORNECEDOR) - start
13:20:17.314 [main] DEBUG org.dbunit.dataset.DefaultTable - getValue(row=0, column=CNPJ_FORNECEDOR) - start
13:20:17.314 [main] DEBUG org.dbunit.dataset.AbstractTable - assertValidRowIndex(row=0) - start
13:20:17.314 [main] DEBUG org.dbunit.dataset.AbstractTable - assertValidRowIndex(row=0, rowCount=2) - start
13:20:17.314 [main] DEBUG org.dbunit.dataset.AbstractTable - getColumnIndex(columnName=CNPJ_FORNECEDOR) - start
13:20:17.314 [main] DEBUG org.dbunit.dataset.AbstractTableMetaData - getColumnIndex(columnName=CNPJ_FORNECEDOR) - start
13:20:17.314 [main] DEBUG org.dbunit.dataset.DefaultTable - getValue(row=0, column=EMAIL_FORNECEDOR) - start
13:20:17.314 [main] DEBUG org.dbunit.dataset.AbstractTable - assertValidRowIndex(row=0) - start
13:20:17.314 [main] DEBUG org.dbunit.dataset.AbstractTable - assertValidRowIndex(row=0, rowCount=2) - start
13:20:17.314 [main] DEBUG org.dbunit.dataset.AbstractTable - getColumnIndex(columnName=EMAIL_FORNECEDOR) - start
13:20:17.314 [main] DEBUG org.dbunit.dataset.AbstractTableMetaData - getColumnIndex(columnName=EMAIL_FORNECEDOR) - start
13:20:17.314 [main] DEBUG org.dbunit.dataset.DefaultTable - getValue(row=0, column=TIPO_FORNECEDOR) - start
13:20:17.314 [main] DEBUG org.dbunit.dataset.AbstractTable - assertValidRowIndex(row=0) - start
13:20:17.314 [main] DEBUG org.dbunit.dataset.AbstractTable - assertValidRowIndex(row=0, rowCount=2) - start
13:20:17.314 [main] DEBUG org.dbunit.dataset.AbstractTable - getColumnIndex(columnName=TIPO_FORNECEDOR) - start
13:20:17.314 [main] DEBUG org.dbunit.dataset.AbstractTableMetaData - getColumnIndex(columnName=TIPO_FORNECEDOR) - start
13:20:17.314 [main] DEBUG org.dbunit.dataset.DefaultTable - getValue(row=0, column=TIPO_STATUS) - start
13:20:17.314 [main] DEBUG org.dbunit.dataset.AbstractTable - assertValidRowIndex(row=0) - start
13:20:17.314 [main] DEBUG org.dbunit.dataset.AbstractTable - assertValidRowIndex(row=0, rowCount=2) - start
13:20:17.314 [main] DEBUG org.dbunit.dataset.AbstractTable - getColumnIndex(columnName=TIPO_STATUS) - start
13:20:17.314 [main] DEBUG org.dbunit.dataset.AbstractTableMetaData - getColumnIndex(columnName=TIPO_STATUS) - start
13:20:17.314 [main] DEBUG org.dbunit.dataset.DefaultTable - getValue(row=0, column=DESCRICAO) - start
13:20:17.314 [main] DEBUG org.dbunit.dataset.AbstractTable - assertValidRowIndex(row=0) - start
13:20:17.314 [main] DEBUG org.dbunit.dataset.AbstractTable - assertValidRowIndex(row=0, rowCount=2) - start
13:20:17.314 [main] DEBUG org.dbunit.dataset.AbstractTable - getColumnIndex(columnName=DESCRICAO) - start
13:20:17.314 [main] DEBUG org.dbunit.dataset.AbstractTableMetaData - getColumnIndex(columnName=DESCRICAO) - start
13:20:17.314 [main] DEBUG org.dbunit.dataset.DefaultTable - getValue(row=0, column=DATA_CADASTRO) - start
13:20:17.314 [main] DEBUG org.dbunit.dataset.AbstractTable - assertValidRowIndex(row=0) - start
13:20:17.314 [main] DEBUG org.dbunit.dataset.AbstractTable - assertValidRowIndex(row=0, rowCount=2) - start
13:20:17.314 [main] DEBUG org.dbunit.dataset.AbstractTable - getColumnIndex(columnName=DATA_CADASTRO) - start
13:20:17.314 [main] DEBUG org.dbunit.dataset.AbstractTableMetaData - getColumnIndex(columnName=DATA_CADASTRO) - start
13:20:17.314 [main] DEBUG org.dbunit.operation.InsertOperation - getOperationData(metaData=tableName=TB_FORNECEDOR, columns=[(ID_FORNECEDOR, BIGINT, noNulls), (NOME_FORNECEDOR, VARCHAR, noNulls), (CNPJ_FORNECEDOR, VARCHAR, noNulls), (EMAIL_FORNECEDOR, VARCHAR, noNulls), (TIPO_FORNECEDOR, VARCHAR, noNulls), (TIPO_STATUS, VARCHAR, noNulls), (DESCRICAO, VARCHAR, nullable), (DATA_CADASTRO, DATE, nullable)], keys=[(ID_FORNECEDOR, BIGINT, noNulls)], ignoreMapping={}, connection=org.dbunit.database.DatabaseConnection[schema=null, connection=org.apache.derby.client.net.NetConnection@7d7cac8, super=_databaseConfig=org.dbunit.database.DatabaseConfig[, _propertyMap={http://www.dbunit.org/features/qualifiedTableNames=false, http://www.dbunit.org/properties/tableType=[Ljava.lang.String;@2d2acd89, http://www.dbunit.org/properties/batchSize=100, http://www.dbunit.org/properties/statementFactory=org.dbunit.database.statement.PreparedStatementFactory@7baf6acf, http://www.dbunit.org/features/batchedStatements=false, http://www.dbunit.org/features/caseSensitiveTableNames=false, http://www.dbunit.org/features/allowEmptyFields=false, http://www.dbunit.org/properties/datatypeFactory=org.dbunit.dataset.datatype.DefaultDataTypeFactory[_toleratedDeltaMap=org.dbunit.dataset.datatype.ToleratedDeltaMap@1e6dad8], http://www.dbunit.org/properties/metadataHandler=org.dbunit.database.DefaultMetadataHandler@6fc6deb7, http://www.dbunit.org/properties/fetchSize=100, http://www.dbunit.org/properties/resultSetTableFactory=org.dbunit.database.CachedResultSetTableFactory@8ed9cf, http://www.dbunit.org/features/datatypeWarning=true, http://www.dbunit.org/properties/escapePattern=null, http://www.dbunit.org/properties/allowVerifytabledefinitionExpectedtableCountMismatch=false}], _dataSet=AbstractDataSet[_orderedTableNameMap=null]]) - start
13:20:17.314 [main] DEBUG org.dbunit.operation.AbstractOperation - getQualifiedName(prefix=null, name=TB_FORNECEDOR, connection=org.dbunit.database.DatabaseConnection[schema=null, connection=org.apache.derby.client.net.NetConnection@7d7cac8, super=_databaseConfig=org.dbunit.database.DatabaseConfig[, _propertyMap={http://www.dbunit.org/features/qualifiedTableNames=false, http://www.dbunit.org/properties/tableType=[Ljava.lang.String;@2d2acd89, http://www.dbunit.org/properties/batchSize=100, http://www.dbunit.org/properties/statementFactory=org.dbunit.database.statement.PreparedStatementFactory@7baf6acf, http://www.dbunit.org/features/batchedStatements=false, http://www.dbunit.org/features/caseSensitiveTableNames=false, http://www.dbunit.org/features/allowEmptyFields=false, http://www.dbunit.org/properties/datatypeFactory=org.dbunit.dataset.datatype.DefaultDataTypeFactory[_toleratedDeltaMap=org.dbunit.dataset.datatype.ToleratedDeltaMap@1e6dad8], http://www.dbunit.org/properties/metadataHandler=org.dbunit.database.DefaultMetadataHandler@6fc6deb7, http://www.dbunit.org/properties/fetchSize=100, http://www.dbunit.org/properties/resultSetTableFactory=org.dbunit.database.CachedResultSetTableFactory@8ed9cf, http://www.dbunit.org/features/datatypeWarning=true, http://www.dbunit.org/properties/escapePattern=null, http://www.dbunit.org/properties/allowVerifytabledefinitionExpectedtableCountMismatch=false}], _dataSet=AbstractDataSet[_orderedTableNameMap=null]]) - start
13:20:17.314 [main] DEBUG org.dbunit.util.QualifiedTableName - getQualifiedName() - start
13:20:17.314 [main] DEBUG org.dbunit.util.QualifiedTableName - getQualifiedName(prefix=null, name=TB_FORNECEDOR, escapePattern=null) - start
13:20:17.314 [main] DEBUG org.dbunit.operation.AbstractOperation - getQualifiedName(prefix=null, name=ID_FORNECEDOR, connection=org.dbunit.database.DatabaseConnection[schema=null, connection=org.apache.derby.client.net.NetConnection@7d7cac8, super=_databaseConfig=org.dbunit.database.DatabaseConfig[, _propertyMap={http://www.dbunit.org/features/qualifiedTableNames=false, http://www.dbunit.org/properties/tableType=[Ljava.lang.String;@2d2acd89, http://www.dbunit.org/properties/batchSize=100, http://www.dbunit.org/properties/statementFactory=org.dbunit.database.statement.PreparedStatementFactory@7baf6acf, http://www.dbunit.org/features/batchedStatements=false, http://www.dbunit.org/features/caseSensitiveTableNames=false, http://www.dbunit.org/features/allowEmptyFields=false, http://www.dbunit.org/properties/datatypeFactory=org.dbunit.dataset.datatype.DefaultDataTypeFactory[_toleratedDeltaMap=org.dbunit.dataset.datatype.ToleratedDeltaMap@1e6dad8], http://www.dbunit.org/properties/metadataHandler=org.dbunit.database.DefaultMetadataHandler@6fc6deb7, http://www.dbunit.org/properties/fetchSize=100, http://www.dbunit.org/properties/resultSetTableFactory=org.dbunit.database.CachedResultSetTableFactory@8ed9cf, http://www.dbunit.org/features/datatypeWarning=true, http://www.dbunit.org/properties/escapePattern=null, http://www.dbunit.org/properties/allowVerifytabledefinitionExpectedtableCountMismatch=false}], _dataSet=AbstractDataSet[_orderedTableNameMap=null]]) - start
13:20:17.314 [main] DEBUG org.dbunit.util.QualifiedTableName - getQualifiedName() - start
13:20:17.314 [main] DEBUG org.dbunit.util.QualifiedTableName - getQualifiedName(prefix=null, name=ID_FORNECEDOR, escapePattern=null) - start
13:20:17.314 [main] DEBUG org.dbunit.operation.AbstractOperation - getQualifiedName(prefix=null, name=NOME_FORNECEDOR, connection=org.dbunit.database.DatabaseConnection[schema=null, connection=org.apache.derby.client.net.NetConnection@7d7cac8, super=_databaseConfig=org.dbunit.database.DatabaseConfig[, _propertyMap={http://www.dbunit.org/features/qualifiedTableNames=false, http://www.dbunit.org/properties/tableType=[Ljava.lang.String;@2d2acd89, http://www.dbunit.org/properties/batchSize=100, http://www.dbunit.org/properties/statementFactory=org.dbunit.database.statement.PreparedStatementFactory@7baf6acf, http://www.dbunit.org/features/batchedStatements=false, http://www.dbunit.org/features/caseSensitiveTableNames=false, http://www.dbunit.org/features/allowEmptyFields=false, http://www.dbunit.org/properties/datatypeFactory=org.dbunit.dataset.datatype.DefaultDataTypeFactory[_toleratedDeltaMap=org.dbunit.dataset.datatype.ToleratedDeltaMap@1e6dad8], http://www.dbunit.org/properties/metadataHandler=org.dbunit.database.DefaultMetadataHandler@6fc6deb7, http://www.dbunit.org/properties/fetchSize=100, http://www.dbunit.org/properties/resultSetTableFactory=org.dbunit.database.CachedResultSetTableFactory@8ed9cf, http://www.dbunit.org/features/datatypeWarning=true, http://www.dbunit.org/properties/escapePattern=null, http://www.dbunit.org/properties/allowVerifytabledefinitionExpectedtableCountMismatch=false}], _dataSet=AbstractDataSet[_orderedTableNameMap=null]]) - start
13:20:17.314 [main] DEBUG org.dbunit.util.QualifiedTableName - getQualifiedName() - start
13:20:17.314 [main] DEBUG org.dbunit.util.QualifiedTableName - getQualifiedName(prefix=null, name=NOME_FORNECEDOR, escapePattern=null) - start
13:20:17.314 [main] DEBUG org.dbunit.operation.AbstractOperation - getQualifiedName(prefix=null, name=CNPJ_FORNECEDOR, connection=org.dbunit.database.DatabaseConnection[schema=null, connection=org.apache.derby.client.net.NetConnection@7d7cac8, super=_databaseConfig=org.dbunit.database.DatabaseConfig[, _propertyMap={http://www.dbunit.org/features/qualifiedTableNames=false, http://www.dbunit.org/properties/tableType=[Ljava.lang.String;@2d2acd89, http://www.dbunit.org/properties/batchSize=100, http://www.dbunit.org/properties/statementFactory=org.dbunit.database.statement.PreparedStatementFactory@7baf6acf, http://www.dbunit.org/features/batchedStatements=false, http://www.dbunit.org/features/caseSensitiveTableNames=false, http://www.dbunit.org/features/allowEmptyFields=false, http://www.dbunit.org/properties/datatypeFactory=org.dbunit.dataset.datatype.DefaultDataTypeFactory[_toleratedDeltaMap=org.dbunit.dataset.datatype.ToleratedDeltaMap@1e6dad8], http://www.dbunit.org/properties/metadataHandler=org.dbunit.database.DefaultMetadataHandler@6fc6deb7, http://www.dbunit.org/properties/fetchSize=100, http://www.dbunit.org/properties/resultSetTableFactory=org.dbunit.database.CachedResultSetTableFactory@8ed9cf, http://www.dbunit.org/features/datatypeWarning=true, http://www.dbunit.org/properties/escapePattern=null, http://www.dbunit.org/properties/allowVerifytabledefinitionExpectedtableCountMismatch=false}], _dataSet=AbstractDataSet[_orderedTableNameMap=null]]) - start
13:20:17.314 [main] DEBUG org.dbunit.util.QualifiedTableName - getQualifiedName() - start
13:20:17.314 [main] DEBUG org.dbunit.util.QualifiedTableName - getQualifiedName(prefix=null, name=CNPJ_FORNECEDOR, escapePattern=null) - start
13:20:17.314 [main] DEBUG org.dbunit.operation.AbstractOperation - getQualifiedName(prefix=null, name=EMAIL_FORNECEDOR, connection=org.dbunit.database.DatabaseConnection[schema=null, connection=org.apache.derby.client.net.NetConnection@7d7cac8, super=_databaseConfig=org.dbunit.database.DatabaseConfig[, _propertyMap={http://www.dbunit.org/features/qualifiedTableNames=false, http://www.dbunit.org/properties/tableType=[Ljava.lang.String;@2d2acd89, http://www.dbunit.org/properties/batchSize=100, http://www.dbunit.org/properties/statementFactory=org.dbunit.database.statement.PreparedStatementFactory@7baf6acf, http://www.dbunit.org/features/batchedStatements=false, http://www.dbunit.org/features/caseSensitiveTableNames=false, http://www.dbunit.org/features/allowEmptyFields=false, http://www.dbunit.org/properties/datatypeFactory=org.dbunit.dataset.datatype.DefaultDataTypeFactory[_toleratedDeltaMap=org.dbunit.dataset.datatype.ToleratedDeltaMap@1e6dad8], http://www.dbunit.org/properties/metadataHandler=org.dbunit.database.DefaultMetadataHandler@6fc6deb7, http://www.dbunit.org/properties/fetchSize=100, http://www.dbunit.org/properties/resultSetTableFactory=org.dbunit.database.CachedResultSetTableFactory@8ed9cf, http://www.dbunit.org/features/datatypeWarning=true, http://www.dbunit.org/properties/escapePattern=null, http://www.dbunit.org/properties/allowVerifytabledefinitionExpectedtableCountMismatch=false}], _dataSet=AbstractDataSet[_orderedTableNameMap=null]]) - start
13:20:17.314 [main] DEBUG org.dbunit.util.QualifiedTableName - getQualifiedName() - start
13:20:17.314 [main] DEBUG org.dbunit.util.QualifiedTableName - getQualifiedName(prefix=null, name=EMAIL_FORNECEDOR, escapePattern=null) - start
13:20:17.314 [main] DEBUG org.dbunit.operation.AbstractOperation - getQualifiedName(prefix=null, name=TIPO_FORNECEDOR, connection=org.dbunit.database.DatabaseConnection[schema=null, connection=org.apache.derby.client.net.NetConnection@7d7cac8, super=_databaseConfig=org.dbunit.database.DatabaseConfig[, _propertyMap={http://www.dbunit.org/features/qualifiedTableNames=false, http://www.dbunit.org/properties/tableType=[Ljava.lang.String;@2d2acd89, http://www.dbunit.org/properties/batchSize=100, http://www.dbunit.org/properties/statementFactory=org.dbunit.database.statement.PreparedStatementFactory@7baf6acf, http://www.dbunit.org/features/batchedStatements=false, http://www.dbunit.org/features/caseSensitiveTableNames=false, http://www.dbunit.org/features/allowEmptyFields=false, http://www.dbunit.org/properties/datatypeFactory=org.dbunit.dataset.datatype.DefaultDataTypeFactory[_toleratedDeltaMap=org.dbunit.dataset.datatype.ToleratedDeltaMap@1e6dad8], http://www.dbunit.org/properties/metadataHandler=org.dbunit.database.DefaultMetadataHandler@6fc6deb7, http://www.dbunit.org/properties/fetchSize=100, http://www.dbunit.org/properties/resultSetTableFactory=org.dbunit.database.CachedResultSetTableFactory@8ed9cf, http://www.dbunit.org/features/datatypeWarning=true, http://www.dbunit.org/properties/escapePattern=null, http://www.dbunit.org/properties/allowVerifytabledefinitionExpectedtableCountMismatch=false}], _dataSet=AbstractDataSet[_orderedTableNameMap=null]]) - start
13:20:17.314 [main] DEBUG org.dbunit.util.QualifiedTableName - getQualifiedName() - start
13:20:17.314 [main] DEBUG org.dbunit.util.QualifiedTableName - getQualifiedName(prefix=null, name=TIPO_FORNECEDOR, escapePattern=null) - start
13:20:17.314 [main] DEBUG org.dbunit.operation.AbstractOperation - getQualifiedName(prefix=null, name=TIPO_STATUS, connection=org.dbunit.database.DatabaseConnection[schema=null, connection=org.apache.derby.client.net.NetConnection@7d7cac8, super=_databaseConfig=org.dbunit.database.DatabaseConfig[, _propertyMap={http://www.dbunit.org/features/qualifiedTableNames=false, http://www.dbunit.org/properties/tableType=[Ljava.lang.String;@2d2acd89, http://www.dbunit.org/properties/batchSize=100, http://www.dbunit.org/properties/statementFactory=org.dbunit.database.statement.PreparedStatementFactory@7baf6acf, http://www.dbunit.org/features/batchedStatements=false, http://www.dbunit.org/features/caseSensitiveTableNames=false, http://www.dbunit.org/features/allowEmptyFields=false, http://www.dbunit.org/properties/datatypeFactory=org.dbunit.dataset.datatype.DefaultDataTypeFactory[_toleratedDeltaMap=org.dbunit.dataset.datatype.ToleratedDeltaMap@1e6dad8], http://www.dbunit.org/properties/metadataHandler=org.dbunit.database.DefaultMetadataHandler@6fc6deb7, http://www.dbunit.org/properties/fetchSize=100, http://www.dbunit.org/properties/resultSetTableFactory=org.dbunit.database.CachedResultSetTableFactory@8ed9cf, http://www.dbunit.org/features/datatypeWarning=true, http://www.dbunit.org/properties/escapePattern=null, http://www.dbunit.org/properties/allowVerifytabledefinitionExpectedtableCountMismatch=false}], _dataSet=AbstractDataSet[_orderedTableNameMap=null]]) - start
13:20:17.314 [main] DEBUG org.dbunit.util.QualifiedTableName - getQualifiedName() - start
13:20:17.314 [main] DEBUG org.dbunit.util.QualifiedTableName - getQualifiedName(prefix=null, name=TIPO_STATUS, escapePattern=null) - start
13:20:17.314 [main] DEBUG org.dbunit.operation.AbstractOperation - getQualifiedName(prefix=null, name=DESCRICAO, connection=org.dbunit.database.DatabaseConnection[schema=null, connection=org.apache.derby.client.net.NetConnection@7d7cac8, super=_databaseConfig=org.dbunit.database.DatabaseConfig[, _propertyMap={http://www.dbunit.org/features/qualifiedTableNames=false, http://www.dbunit.org/properties/tableType=[Ljava.lang.String;@2d2acd89, http://www.dbunit.org/properties/batchSize=100, http://www.dbunit.org/properties/statementFactory=org.dbunit.database.statement.PreparedStatementFactory@7baf6acf, http://www.dbunit.org/features/batchedStatements=false, http://www.dbunit.org/features/caseSensitiveTableNames=false, http://www.dbunit.org/features/allowEmptyFields=false, http://www.dbunit.org/properties/datatypeFactory=org.dbunit.dataset.datatype.DefaultDataTypeFactory[_toleratedDeltaMap=org.dbunit.dataset.datatype.ToleratedDeltaMap@1e6dad8], http://www.dbunit.org/properties/metadataHandler=org.dbunit.database.DefaultMetadataHandler@6fc6deb7, http://www.dbunit.org/properties/fetchSize=100, http://www.dbunit.org/properties/resultSetTableFactory=org.dbunit.database.CachedResultSetTableFactory@8ed9cf, http://www.dbunit.org/features/datatypeWarning=true, http://www.dbunit.org/properties/escapePattern=null, http://www.dbunit.org/properties/allowVerifytabledefinitionExpectedtableCountMismatch=false}], _dataSet=AbstractDataSet[_orderedTableNameMap=null]]) - start
13:20:17.314 [main] DEBUG org.dbunit.util.QualifiedTableName - getQualifiedName() - start
13:20:17.314 [main] DEBUG org.dbunit.util.QualifiedTableName - getQualifiedName(prefix=null, name=DESCRICAO, escapePattern=null) - start
13:20:17.314 [main] DEBUG org.dbunit.operation.AbstractOperation - getQualifiedName(prefix=null, name=DATA_CADASTRO, connection=org.dbunit.database.DatabaseConnection[schema=null, connection=org.apache.derby.client.net.NetConnection@7d7cac8, super=_databaseConfig=org.dbunit.database.DatabaseConfig[, _propertyMap={http://www.dbunit.org/features/qualifiedTableNames=false, http://www.dbunit.org/properties/tableType=[Ljava.lang.String;@2d2acd89, http://www.dbunit.org/properties/batchSize=100, http://www.dbunit.org/properties/statementFactory=org.dbunit.database.statement.PreparedStatementFactory@7baf6acf, http://www.dbunit.org/features/batchedStatements=false, http://www.dbunit.org/features/caseSensitiveTableNames=false, http://www.dbunit.org/features/allowEmptyFields=false, http://www.dbunit.org/properties/datatypeFactory=org.dbunit.dataset.datatype.DefaultDataTypeFactory[_toleratedDeltaMap=org.dbunit.dataset.datatype.ToleratedDeltaMap@1e6dad8], http://www.dbunit.org/properties/metadataHandler=org.dbunit.database.DefaultMetadataHandler@6fc6deb7, http://www.dbunit.org/properties/fetchSize=100, http://www.dbunit.org/properties/resultSetTableFactory=org.dbunit.database.CachedResultSetTableFactory@8ed9cf, http://www.dbunit.org/features/datatypeWarning=true, http://www.dbunit.org/properties/escapePattern=null, http://www.dbunit.org/properties/allowVerifytabledefinitionExpectedtableCountMismatch=false}], _dataSet=AbstractDataSet[_orderedTableNameMap=null]]) - start
13:20:17.314 [main] DEBUG org.dbunit.util.QualifiedTableName - getQualifiedName() - start
13:20:17.314 [main] DEBUG org.dbunit.util.QualifiedTableName - getQualifiedName(prefix=null, name=DATA_CADASTRO, escapePattern=null) - start
13:20:17.314 [main] DEBUG org.dbunit.database.statement.PreparedStatementFactory - createPreparedBatchStatement(sql=insert into TB_FORNECEDOR (ID_FORNECEDOR, NOME_FORNECEDOR, CNPJ_FORNECEDOR, EMAIL_FORNECEDOR, TIPO_FORNECEDOR, TIPO_STATUS, DESCRICAO, DATA_CADASTRO) values (?, ?, ?, ?, ?, ?, ?, ?), connection=org.dbunit.database.DatabaseConnection[schema=null, connection=org.apache.derby.client.net.NetConnection@7d7cac8, super=_databaseConfig=org.dbunit.database.DatabaseConfig[, _propertyMap={http://www.dbunit.org/features/qualifiedTableNames=false, http://www.dbunit.org/properties/tableType=[Ljava.lang.String;@2d2acd89, http://www.dbunit.org/properties/batchSize=100, http://www.dbunit.org/properties/statementFactory=org.dbunit.database.statement.PreparedStatementFactory@7baf6acf, http://www.dbunit.org/features/batchedStatements=false, http://www.dbunit.org/features/caseSensitiveTableNames=false, http://www.dbunit.org/features/allowEmptyFields=false, http://www.dbunit.org/properties/datatypeFactory=org.dbunit.dataset.datatype.DefaultDataTypeFactory[_toleratedDeltaMap=org.dbunit.dataset.datatype.ToleratedDeltaMap@1e6dad8], http://www.dbunit.org/properties/metadataHandler=org.dbunit.database.DefaultMetadataHandler@6fc6deb7, http://www.dbunit.org/properties/fetchSize=100, http://www.dbunit.org/properties/resultSetTableFactory=org.dbunit.database.CachedResultSetTableFactory@8ed9cf, http://www.dbunit.org/features/datatypeWarning=true, http://www.dbunit.org/properties/escapePattern=null, http://www.dbunit.org/properties/allowVerifytabledefinitionExpectedtableCountMismatch=false}], _dataSet=AbstractDataSet[_orderedTableNameMap=null]]) - start
13:20:17.314 [main] DEBUG org.dbunit.database.statement.AbstractStatementFactory - supportBatchStatement(connection=org.dbunit.database.DatabaseConnection[schema=null, connection=org.apache.derby.client.net.NetConnection@7d7cac8, super=_databaseConfig=org.dbunit.database.DatabaseConfig[, _propertyMap={http://www.dbunit.org/features/qualifiedTableNames=false, http://www.dbunit.org/properties/tableType=[Ljava.lang.String;@2d2acd89, http://www.dbunit.org/properties/batchSize=100, http://www.dbunit.org/properties/statementFactory=org.dbunit.database.statement.PreparedStatementFactory@7baf6acf, http://www.dbunit.org/features/batchedStatements=false, http://www.dbunit.org/features/caseSensitiveTableNames=false, http://www.dbunit.org/features/allowEmptyFields=false, http://www.dbunit.org/properties/datatypeFactory=org.dbunit.dataset.datatype.DefaultDataTypeFactory[_toleratedDeltaMap=org.dbunit.dataset.datatype.ToleratedDeltaMap@1e6dad8], http://www.dbunit.org/properties/metadataHandler=org.dbunit.database.DefaultMetadataHandler@6fc6deb7, http://www.dbunit.org/properties/fetchSize=100, http://www.dbunit.org/properties/resultSetTableFactory=org.dbunit.database.CachedResultSetTableFactory@8ed9cf, http://www.dbunit.org/features/datatypeWarning=true, http://www.dbunit.org/properties/escapePattern=null, http://www.dbunit.org/properties/allowVerifytabledefinitionExpectedtableCountMismatch=false}], _dataSet=AbstractDataSet[_orderedTableNameMap=null]]) - start
13:20:17.317 [main] DEBUG org.dbunit.dataset.DefaultTable - getValue(row=0, column=ID_FORNECEDOR) - start
13:20:17.317 [main] DEBUG org.dbunit.dataset.AbstractTable - assertValidRowIndex(row=0) - start
13:20:17.317 [main] DEBUG org.dbunit.dataset.AbstractTable - assertValidRowIndex(row=0, rowCount=2) - start
13:20:17.317 [main] DEBUG org.dbunit.dataset.AbstractTable - getColumnIndex(columnName=ID_FORNECEDOR) - start
13:20:17.317 [main] DEBUG org.dbunit.dataset.AbstractTableMetaData - getColumnIndex(columnName=ID_FORNECEDOR) - start
13:20:17.317 [main] DEBUG org.dbunit.database.statement.AutomaticPreparedBatchStatement - addValue(value=1, dataType=BIGINT) - start
13:20:17.317 [main] DEBUG org.dbunit.database.statement.SimplePreparedStatement - addValue(value=1, dataType=BIGINT) - start
13:20:17.317 [main] DEBUG org.dbunit.dataset.datatype.BigIntegerDataType - setSqlValue(value=1, column=1, statement=org.apache.derby.client.am.ClientPreparedStatement42@63538bb4) - start
13:20:17.317 [main] DEBUG org.dbunit.dataset.datatype.BigIntegerDataType - typeCast(value=1) - start
13:20:17.317 [main] DEBUG org.dbunit.dataset.DefaultTable - getValue(row=0, column=NOME_FORNECEDOR) - start
13:20:17.317 [main] DEBUG org.dbunit.dataset.AbstractTable - assertValidRowIndex(row=0) - start
13:20:17.317 [main] DEBUG org.dbunit.dataset.AbstractTable - assertValidRowIndex(row=0, rowCount=2) - start
13:20:17.317 [main] DEBUG org.dbunit.dataset.AbstractTable - getColumnIndex(columnName=NOME_FORNECEDOR) - start
13:20:17.317 [main] DEBUG org.dbunit.dataset.AbstractTableMetaData - getColumnIndex(columnName=NOME_FORNECEDOR) - start
13:20:17.317 [main] DEBUG org.dbunit.database.statement.AutomaticPreparedBatchStatement - addValue(value=Dell, dataType=VARCHAR) - start
13:20:17.317 [main] DEBUG org.dbunit.database.statement.SimplePreparedStatement - addValue(value=Dell, dataType=VARCHAR) - start
13:20:17.317 [main] DEBUG org.dbunit.dataset.datatype.StringDataType - setSqlValue(value=Dell, column=2, statement=org.apache.derby.client.am.ClientPreparedStatement42@63538bb4) - start
13:20:17.317 [main] DEBUG org.dbunit.dataset.datatype.DataType - asString(value=Dell) - start
13:20:17.317 [main] DEBUG org.dbunit.dataset.datatype.StringDataType - typeCast(value=Dell) - start
13:20:17.317 [main] DEBUG org.dbunit.dataset.DefaultTable - getValue(row=0, column=CNPJ_FORNECEDOR) - start
13:20:17.317 [main] DEBUG org.dbunit.dataset.AbstractTable - assertValidRowIndex(row=0) - start
13:20:17.317 [main] DEBUG org.dbunit.dataset.AbstractTable - assertValidRowIndex(row=0, rowCount=2) - start
13:20:17.317 [main] DEBUG org.dbunit.dataset.AbstractTable - getColumnIndex(columnName=CNPJ_FORNECEDOR) - start
13:20:17.317 [main] DEBUG org.dbunit.dataset.AbstractTableMetaData - getColumnIndex(columnName=CNPJ_FORNECEDOR) - start
13:20:17.317 [main] DEBUG org.dbunit.database.statement.AutomaticPreparedBatchStatement - addValue(value=44.555.666/0001-77, dataType=VARCHAR) - start
13:20:17.317 [main] DEBUG org.dbunit.database.statement.SimplePreparedStatement - addValue(value=44.555.666/0001-77, dataType=VARCHAR) - start
13:20:17.317 [main] DEBUG org.dbunit.dataset.datatype.StringDataType - setSqlValue(value=44.555.666/0001-77, column=3, statement=org.apache.derby.client.am.ClientPreparedStatement42@63538bb4) - start
13:20:17.317 [main] DEBUG org.dbunit.dataset.datatype.DataType - asString(value=44.555.666/0001-77) - start
13:20:17.317 [main] DEBUG org.dbunit.dataset.datatype.StringDataType - typeCast(value=44.555.666/0001-77) - start
13:20:17.317 [main] DEBUG org.dbunit.dataset.DefaultTable - getValue(row=0, column=EMAIL_FORNECEDOR) - start
13:20:17.317 [main] DEBUG org.dbunit.dataset.AbstractTable - assertValidRowIndex(row=0) - start
13:20:17.317 [main] DEBUG org.dbunit.dataset.AbstractTable - assertValidRowIndex(row=0, rowCount=2) - start
13:20:17.317 [main] DEBUG org.dbunit.dataset.AbstractTable - getColumnIndex(columnName=EMAIL_FORNECEDOR) - start
13:20:17.317 [main] DEBUG org.dbunit.dataset.AbstractTableMetaData - getColumnIndex(columnName=EMAIL_FORNECEDOR) - start
13:20:17.317 [main] DEBUG org.dbunit.database.statement.AutomaticPreparedBatchStatement - addValue(value=contact@dell.com, dataType=VARCHAR) - start
13:20:17.317 [main] DEBUG org.dbunit.database.statement.SimplePreparedStatement - addValue(value=contact@dell.com, dataType=VARCHAR) - start
13:20:17.317 [main] DEBUG org.dbunit.dataset.datatype.StringDataType - setSqlValue(value=contact@dell.com, column=4, statement=org.apache.derby.client.am.ClientPreparedStatement42@63538bb4) - start
13:20:17.317 [main] DEBUG org.dbunit.dataset.datatype.DataType - asString(value=contact@dell.com) - start
13:20:17.317 [main] DEBUG org.dbunit.dataset.datatype.StringDataType - typeCast(value=contact@dell.com) - start
13:20:17.317 [main] DEBUG org.dbunit.dataset.DefaultTable - getValue(row=0, column=TIPO_FORNECEDOR) - start
13:20:17.317 [main] DEBUG org.dbunit.dataset.AbstractTable - assertValidRowIndex(row=0) - start
13:20:17.317 [main] DEBUG org.dbunit.dataset.AbstractTable - assertValidRowIndex(row=0, rowCount=2) - start
13:20:17.317 [main] DEBUG org.dbunit.dataset.AbstractTable - getColumnIndex(columnName=TIPO_FORNECEDOR) - start
13:20:17.317 [main] DEBUG org.dbunit.dataset.AbstractTableMetaData - getColumnIndex(columnName=TIPO_FORNECEDOR) - start
13:20:17.317 [main] DEBUG org.dbunit.database.statement.AutomaticPreparedBatchStatement - addValue(value=HARDWARE, dataType=VARCHAR) - start
13:20:17.317 [main] DEBUG org.dbunit.database.statement.SimplePreparedStatement - addValue(value=HARDWARE, dataType=VARCHAR) - start
13:20:17.317 [main] DEBUG org.dbunit.dataset.datatype.StringDataType - setSqlValue(value=HARDWARE, column=5, statement=org.apache.derby.client.am.ClientPreparedStatement42@63538bb4) - start
13:20:17.317 [main] DEBUG org.dbunit.dataset.datatype.DataType - asString(value=HARDWARE) - start
13:20:17.317 [main] DEBUG org.dbunit.dataset.datatype.StringDataType - typeCast(value=HARDWARE) - start
13:20:17.317 [main] DEBUG org.dbunit.dataset.DefaultTable - getValue(row=0, column=TIPO_STATUS) - start
13:20:17.317 [main] DEBUG org.dbunit.dataset.AbstractTable - assertValidRowIndex(row=0) - start
13:20:17.317 [main] DEBUG org.dbunit.dataset.AbstractTable - assertValidRowIndex(row=0, rowCount=2) - start
13:20:17.317 [main] DEBUG org.dbunit.dataset.AbstractTable - getColumnIndex(columnName=TIPO_STATUS) - start
13:20:17.317 [main] DEBUG org.dbunit.dataset.AbstractTableMetaData - getColumnIndex(columnName=TIPO_STATUS) - start
13:20:17.317 [main] DEBUG org.dbunit.database.statement.AutomaticPreparedBatchStatement - addValue(value=ACTIVE, dataType=VARCHAR) - start
13:20:17.317 [main] DEBUG org.dbunit.database.statement.SimplePreparedStatement - addValue(value=ACTIVE, dataType=VARCHAR) - start
13:20:17.317 [main] DEBUG org.dbunit.dataset.datatype.StringDataType - setSqlValue(value=ACTIVE, column=6, statement=org.apache.derby.client.am.ClientPreparedStatement42@63538bb4) - start
13:20:17.317 [main] DEBUG org.dbunit.dataset.datatype.DataType - asString(value=ACTIVE) - start
13:20:17.317 [main] DEBUG org.dbunit.dataset.datatype.StringDataType - typeCast(value=ACTIVE) - start
13:20:17.317 [main] DEBUG org.dbunit.dataset.DefaultTable - getValue(row=0, column=DESCRICAO) - start
13:20:17.317 [main] DEBUG org.dbunit.dataset.AbstractTable - assertValidRowIndex(row=0) - start
13:20:17.317 [main] DEBUG org.dbunit.dataset.AbstractTable - assertValidRowIndex(row=0, rowCount=2) - start
13:20:17.317 [main] DEBUG org.dbunit.dataset.AbstractTable - getColumnIndex(columnName=DESCRICAO) - start
13:20:17.317 [main] DEBUG org.dbunit.dataset.AbstractTableMetaData - getColumnIndex(columnName=DESCRICAO) - start
13:20:17.317 [main] DEBUG org.dbunit.database.statement.AutomaticPreparedBatchStatement - addValue(value=Hardware supplier, dataType=VARCHAR) - start
13:20:17.317 [main] DEBUG org.dbunit.database.statement.SimplePreparedStatement - addValue(value=Hardware supplier, dataType=VARCHAR) - start
13:20:17.317 [main] DEBUG org.dbunit.dataset.datatype.StringDataType - setSqlValue(value=Hardware supplier, column=7, statement=org.apache.derby.client.am.ClientPreparedStatement42@63538bb4) - start
13:20:17.317 [main] DEBUG org.dbunit.dataset.datatype.DataType - asString(value=Hardware supplier) - start
13:20:17.317 [main] DEBUG org.dbunit.dataset.datatype.StringDataType - typeCast(value=Hardware supplier) - start
13:20:17.317 [main] DEBUG org.dbunit.dataset.DefaultTable - getValue(row=0, column=DATA_CADASTRO) - start
13:20:17.317 [main] DEBUG org.dbunit.dataset.AbstractTable - assertValidRowIndex(row=0) - start
13:20:17.317 [main] DEBUG org.dbunit.dataset.AbstractTable - assertValidRowIndex(row=0, rowCount=2) - start
13:20:17.317 [main] DEBUG org.dbunit.dataset.AbstractTable - getColumnIndex(columnName=DATA_CADASTRO) - start
13:20:17.317 [main] DEBUG org.dbunit.dataset.AbstractTableMetaData - getColumnIndex(columnName=DATA_CADASTRO) - start
13:20:17.317 [main] DEBUG org.dbunit.database.statement.AutomaticPreparedBatchStatement - addValue(value=2024-05-10, dataType=DATE) - start
13:20:17.317 [main] DEBUG org.dbunit.database.statement.SimplePreparedStatement - addValue(value=2024-05-10, dataType=DATE) - start
13:20:17.317 [main] DEBUG org.dbunit.dataset.datatype.DateDataType - setSqlValue(value=2024-05-10, column=8, statement=org.apache.derby.client.am.ClientPreparedStatement42@63538bb4) - start
13:20:17.318 [main] DEBUG org.dbunit.dataset.datatype.DateDataType - typeCast(value=2024-05-10) - start
13:20:17.318 [main] DEBUG org.dbunit.database.statement.AutomaticPreparedBatchStatement - addBatch() - start
13:20:17.318 [main] DEBUG org.dbunit.database.statement.SimplePreparedStatement - addBatch() - start
13:20:17.319 [main] DEBUG org.dbunit.operation.InsertOperation - equalsIgnoreMapping(ignoreMapping={}, table=org.dbunit.dataset.DefaultTable[_metaData=tableName=TB_FORNECEDOR, columns=[(ID_FORNECEDOR, UNKNOWN, nullableUnknown), (NOME_FORNECEDOR, UNKNOWN, nullableUnknown), (CNPJ_FORNECEDOR, UNKNOWN, nullableUnknown), (EMAIL_FORNECEDOR, UNKNOWN, nullableUnknown), (TIPO_FORNECEDOR, UNKNOWN, nullableUnknown), (TIPO_STATUS, UNKNOWN, nullableUnknown), (DESCRICAO, UNKNOWN, nullableUnknown), (DATA_CADASTRO, UNKNOWN, nullableUnknown)], keys=[], _rowList.size()=2], row=1) - start
13:20:17.319 [main] DEBUG org.dbunit.dataset.DefaultTable - getValue(row=1, column=ID_FORNECEDOR) - start
13:20:17.319 [main] DEBUG org.dbunit.dataset.AbstractTable - assertValidRowIndex(row=1) - start
13:20:17.319 [main] DEBUG org.dbunit.dataset.AbstractTable - assertValidRowIndex(row=1, rowCount=2) - start
13:20:17.319 [main] DEBUG org.dbunit.dataset.AbstractTable - getColumnIndex(columnName=ID_FORNECEDOR) - start
13:20:17.319 [main] DEBUG org.dbunit.dataset.AbstractTableMetaData - getColumnIndex(columnName=ID_FORNECEDOR) - start
13:20:17.319 [main] DEBUG org.dbunit.dataset.DefaultTable - getValue(row=1, column=NOME_FORNECEDOR) - start
13:20:17.319 [main] DEBUG org.dbunit.dataset.AbstractTable - assertValidRowIndex(row=1) - start
13:20:17.319 [main] DEBUG org.dbunit.dataset.AbstractTable - assertValidRowIndex(row=1, rowCount=2) - start
13:20:17.319 [main] DEBUG org.dbunit.dataset.AbstractTable - getColumnIndex(columnName=NOME_FORNECEDOR) - start
13:20:17.319 [main] DEBUG org.dbunit.dataset.AbstractTableMetaData - getColumnIndex(columnName=NOME_FORNECEDOR) - start
13:20:17.319 [main] DEBUG org.dbunit.dataset.DefaultTable - getValue(row=1, column=CNPJ_FORNECEDOR) - start
13:20:17.319 [main] DEBUG org.dbunit.dataset.AbstractTable - assertValidRowIndex(row=1) - start
13:20:17.319 [main] DEBUG org.dbunit.dataset.AbstractTable - assertValidRowIndex(row=1, rowCount=2) - start
13:20:17.319 [main] DEBUG org.dbunit.dataset.AbstractTable - getColumnIndex(columnName=CNPJ_FORNECEDOR) - start
13:20:17.319 [main] DEBUG org.dbunit.dataset.AbstractTableMetaData - getColumnIndex(columnName=CNPJ_FORNECEDOR) - start
13:20:17.319 [main] DEBUG org.dbunit.dataset.DefaultTable - getValue(row=1, column=EMAIL_FORNECEDOR) - start
13:20:17.319 [main] DEBUG org.dbunit.dataset.AbstractTable - assertValidRowIndex(row=1) - start
13:20:17.319 [main] DEBUG org.dbunit.dataset.AbstractTable - assertValidRowIndex(row=1, rowCount=2) - start
13:20:17.319 [main] DEBUG org.dbunit.dataset.AbstractTable - getColumnIndex(columnName=EMAIL_FORNECEDOR) - start
13:20:17.319 [main] DEBUG org.dbunit.dataset.AbstractTableMetaData - getColumnIndex(columnName=EMAIL_FORNECEDOR) - start
13:20:17.319 [main] DEBUG org.dbunit.dataset.DefaultTable - getValue(row=1, column=TIPO_FORNECEDOR) - start
13:20:17.319 [main] DEBUG org.dbunit.dataset.AbstractTable - assertValidRowIndex(row=1) - start
13:20:17.319 [main] DEBUG org.dbunit.dataset.AbstractTable - assertValidRowIndex(row=1, rowCount=2) - start
13:20:17.319 [main] DEBUG org.dbunit.dataset.AbstractTable - getColumnIndex(columnName=TIPO_FORNECEDOR) - start
13:20:17.319 [main] DEBUG org.dbunit.dataset.AbstractTableMetaData - getColumnIndex(columnName=TIPO_FORNECEDOR) - start
13:20:17.319 [main] DEBUG org.dbunit.dataset.DefaultTable - getValue(row=1, column=TIPO_STATUS) - start
13:20:17.319 [main] DEBUG org.dbunit.dataset.AbstractTable - assertValidRowIndex(row=1) - start
13:20:17.319 [main] DEBUG org.dbunit.dataset.AbstractTable - assertValidRowIndex(row=1, rowCount=2) - start
13:20:17.319 [main] DEBUG org.dbunit.dataset.AbstractTable - getColumnIndex(columnName=TIPO_STATUS) - start
13:20:17.319 [main] DEBUG org.dbunit.dataset.AbstractTableMetaData - getColumnIndex(columnName=TIPO_STATUS) - start
13:20:17.319 [main] DEBUG org.dbunit.dataset.DefaultTable - getValue(row=1, column=DESCRICAO) - start
13:20:17.319 [main] DEBUG org.dbunit.dataset.AbstractTable - assertValidRowIndex(row=1) - start
13:20:17.319 [main] DEBUG org.dbunit.dataset.AbstractTable - assertValidRowIndex(row=1, rowCount=2) - start
13:20:17.319 [main] DEBUG org.dbunit.dataset.AbstractTable - getColumnIndex(columnName=DESCRICAO) - start
13:20:17.319 [main] DEBUG org.dbunit.dataset.AbstractTableMetaData - getColumnIndex(columnName=DESCRICAO) - start
13:20:17.319 [main] DEBUG org.dbunit.dataset.DefaultTable - getValue(row=1, column=DATA_CADASTRO) - start
13:20:17.319 [main] DEBUG org.dbunit.dataset.AbstractTable - assertValidRowIndex(row=1) - start
13:20:17.319 [main] DEBUG org.dbunit.dataset.AbstractTable - assertValidRowIndex(row=1, rowCount=2) - start
13:20:17.319 [main] DEBUG org.dbunit.dataset.AbstractTable - getColumnIndex(columnName=DATA_CADASTRO) - start
13:20:17.319 [main] DEBUG org.dbunit.dataset.AbstractTableMetaData - getColumnIndex(columnName=DATA_CADASTRO) - start
13:20:17.319 [main] DEBUG org.dbunit.dataset.DefaultTable - getValue(row=1, column=ID_FORNECEDOR) - start
13:20:17.319 [main] DEBUG org.dbunit.dataset.AbstractTable - assertValidRowIndex(row=1) - start
13:20:17.319 [main] DEBUG org.dbunit.dataset.AbstractTable - assertValidRowIndex(row=1, rowCount=2) - start
13:20:17.319 [main] DEBUG org.dbunit.dataset.AbstractTable - getColumnIndex(columnName=ID_FORNECEDOR) - start
13:20:17.319 [main] DEBUG org.dbunit.dataset.AbstractTableMetaData - getColumnIndex(columnName=ID_FORNECEDOR) - start
13:20:17.319 [main] DEBUG org.dbunit.database.statement.AutomaticPreparedBatchStatement - addValue(value=2, dataType=BIGINT) - start
13:20:17.319 [main] DEBUG org.dbunit.database.statement.SimplePreparedStatement - addValue(value=2, dataType=BIGINT) - start
13:20:17.319 [main] DEBUG org.dbunit.dataset.datatype.BigIntegerDataType - setSqlValue(value=2, column=1, statement=org.apache.derby.client.am.ClientPreparedStatement42@63538bb4) - start
13:20:17.319 [main] DEBUG org.dbunit.dataset.datatype.BigIntegerDataType - typeCast(value=2) - start
13:20:17.319 [main] DEBUG org.dbunit.dataset.DefaultTable - getValue(row=1, column=NOME_FORNECEDOR) - start
13:20:17.319 [main] DEBUG org.dbunit.dataset.AbstractTable - assertValidRowIndex(row=1) - start
13:20:17.319 [main] DEBUG org.dbunit.dataset.AbstractTable - assertValidRowIndex(row=1, rowCount=2) - start
13:20:17.319 [main] DEBUG org.dbunit.dataset.AbstractTable - getColumnIndex(columnName=NOME_FORNECEDOR) - start
13:20:17.319 [main] DEBUG org.dbunit.dataset.AbstractTableMetaData - getColumnIndex(columnName=NOME_FORNECEDOR) - start
13:20:17.319 [main] DEBUG org.dbunit.database.statement.AutomaticPreparedBatchStatement - addValue(value=AWS, dataType=VARCHAR) - start
13:20:17.319 [main] DEBUG org.dbunit.database.statement.SimplePreparedStatement - addValue(value=AWS, dataType=VARCHAR) - start
13:20:17.319 [main] DEBUG org.dbunit.dataset.datatype.StringDataType - setSqlValue(value=AWS, column=2, statement=org.apache.derby.client.am.ClientPreparedStatement42@63538bb4) - start
13:20:17.319 [main] DEBUG org.dbunit.dataset.datatype.DataType - asString(value=AWS) - start
13:20:17.319 [main] DEBUG org.dbunit.dataset.datatype.StringDataType - typeCast(value=AWS) - start
13:20:17.319 [main] DEBUG org.dbunit.dataset.DefaultTable - getValue(row=1, column=CNPJ_FORNECEDOR) - start
13:20:17.319 [main] DEBUG org.dbunit.dataset.AbstractTable - assertValidRowIndex(row=1) - start
13:20:17.319 [main] DEBUG org.dbunit.dataset.AbstractTable - assertValidRowIndex(row=1, rowCount=2) - start
13:20:17.319 [main] DEBUG org.dbunit.dataset.AbstractTable - getColumnIndex(columnName=CNPJ_FORNECEDOR) - start
13:20:17.319 [main] DEBUG org.dbunit.dataset.AbstractTableMetaData - getColumnIndex(columnName=CNPJ_FORNECEDOR) - start
13:20:17.319 [main] DEBUG org.dbunit.database.statement.AutomaticPreparedBatchStatement - addValue(value=88.999.000/0001-22, dataType=VARCHAR) - start
13:20:17.319 [main] DEBUG org.dbunit.database.statement.SimplePreparedStatement - addValue(value=88.999.000/0001-22, dataType=VARCHAR) - start
13:20:17.319 [main] DEBUG org.dbunit.dataset.datatype.StringDataType - setSqlValue(value=88.999.000/0001-22, column=3, statement=org.apache.derby.client.am.ClientPreparedStatement42@63538bb4) - start
13:20:17.319 [main] DEBUG org.dbunit.dataset.datatype.DataType - asString(value=88.999.000/0001-22) - start
13:20:17.319 [main] DEBUG org.dbunit.dataset.datatype.StringDataType - typeCast(value=88.999.000/0001-22) - start
13:20:17.319 [main] DEBUG org.dbunit.dataset.DefaultTable - getValue(row=1, column=EMAIL_FORNECEDOR) - start
13:20:17.319 [main] DEBUG org.dbunit.dataset.AbstractTable - assertValidRowIndex(row=1) - start
13:20:17.319 [main] DEBUG org.dbunit.dataset.AbstractTable - assertValidRowIndex(row=1, rowCount=2) - start
13:20:17.319 [main] DEBUG org.dbunit.dataset.AbstractTable - getColumnIndex(columnName=EMAIL_FORNECEDOR) - start
13:20:17.319 [main] DEBUG org.dbunit.dataset.AbstractTableMetaData - getColumnIndex(columnName=EMAIL_FORNECEDOR) - start
13:20:17.319 [main] DEBUG org.dbunit.database.statement.AutomaticPreparedBatchStatement - addValue(value=contact@aws.com, dataType=VARCHAR) - start
13:20:17.319 [main] DEBUG org.dbunit.database.statement.SimplePreparedStatement - addValue(value=contact@aws.com, dataType=VARCHAR) - start
13:20:17.319 [main] DEBUG org.dbunit.dataset.datatype.StringDataType - setSqlValue(value=contact@aws.com, column=4, statement=org.apache.derby.client.am.ClientPreparedStatement42@63538bb4) - start
13:20:17.319 [main] DEBUG org.dbunit.dataset.datatype.DataType - asString(value=contact@aws.com) - start
13:20:17.319 [main] DEBUG org.dbunit.dataset.datatype.StringDataType - typeCast(value=contact@aws.com) - start
13:20:17.319 [main] DEBUG org.dbunit.dataset.DefaultTable - getValue(row=1, column=TIPO_FORNECEDOR) - start
13:20:17.319 [main] DEBUG org.dbunit.dataset.AbstractTable - assertValidRowIndex(row=1) - start
13:20:17.319 [main] DEBUG org.dbunit.dataset.AbstractTable - assertValidRowIndex(row=1, rowCount=2) - start
13:20:17.319 [main] DEBUG org.dbunit.dataset.AbstractTable - getColumnIndex(columnName=TIPO_FORNECEDOR) - start
13:20:17.319 [main] DEBUG org.dbunit.dataset.AbstractTableMetaData - getColumnIndex(columnName=TIPO_FORNECEDOR) - start
13:20:17.319 [main] DEBUG org.dbunit.database.statement.AutomaticPreparedBatchStatement - addValue(value=CLOUD, dataType=VARCHAR) - start
13:20:17.319 [main] DEBUG org.dbunit.database.statement.SimplePreparedStatement - addValue(value=CLOUD, dataType=VARCHAR) - start
13:20:17.319 [main] DEBUG org.dbunit.dataset.datatype.StringDataType - setSqlValue(value=CLOUD, column=5, statement=org.apache.derby.client.am.ClientPreparedStatement42@63538bb4) - start
13:20:17.319 [main] DEBUG org.dbunit.dataset.datatype.DataType - asString(value=CLOUD) - start
13:20:17.319 [main] DEBUG org.dbunit.dataset.datatype.StringDataType - typeCast(value=CLOUD) - start
13:20:17.319 [main] DEBUG org.dbunit.dataset.DefaultTable - getValue(row=1, column=TIPO_STATUS) - start
13:20:17.319 [main] DEBUG org.dbunit.dataset.AbstractTable - assertValidRowIndex(row=1) - start
13:20:17.319 [main] DEBUG org.dbunit.dataset.AbstractTable - assertValidRowIndex(row=1, rowCount=2) - start
13:20:17.319 [main] DEBUG org.dbunit.dataset.AbstractTable - getColumnIndex(columnName=TIPO_STATUS) - start
13:20:17.319 [main] DEBUG org.dbunit.dataset.AbstractTableMetaData - getColumnIndex(columnName=TIPO_STATUS) - start
13:20:17.319 [main] DEBUG org.dbunit.database.statement.AutomaticPreparedBatchStatement - addValue(value=ACTIVE, dataType=VARCHAR) - start
13:20:17.320 [main] DEBUG org.dbunit.database.statement.SimplePreparedStatement - addValue(value=ACTIVE, dataType=VARCHAR) - start
13:20:17.320 [main] DEBUG org.dbunit.dataset.datatype.StringDataType - setSqlValue(value=ACTIVE, column=6, statement=org.apache.derby.client.am.ClientPreparedStatement42@63538bb4) - start
13:20:17.320 [main] DEBUG org.dbunit.dataset.datatype.DataType - asString(value=ACTIVE) - start
13:20:17.320 [main] DEBUG org.dbunit.dataset.datatype.StringDataType - typeCast(value=ACTIVE) - start
13:20:17.320 [main] DEBUG org.dbunit.dataset.DefaultTable - getValue(row=1, column=DESCRICAO) - start
13:20:17.320 [main] DEBUG org.dbunit.dataset.AbstractTable - assertValidRowIndex(row=1) - start
13:20:17.320 [main] DEBUG org.dbunit.dataset.AbstractTable - assertValidRowIndex(row=1, rowCount=2) - start
13:20:17.320 [main] DEBUG org.dbunit.dataset.AbstractTable - getColumnIndex(columnName=DESCRICAO) - start
13:20:17.320 [main] DEBUG org.dbunit.dataset.AbstractTableMetaData - getColumnIndex(columnName=DESCRICAO) - start
13:20:17.320 [main] DEBUG org.dbunit.database.statement.AutomaticPreparedBatchStatement - addValue(value=Cloud service provider, dataType=VARCHAR) - start
13:20:17.320 [main] DEBUG org.dbunit.database.statement.SimplePreparedStatement - addValue(value=Cloud service provider, dataType=VARCHAR) - start
13:20:17.320 [main] DEBUG org.dbunit.dataset.datatype.StringDataType - setSqlValue(value=Cloud service provider, column=7, statement=org.apache.derby.client.am.ClientPreparedStatement42@63538bb4) - start
13:20:17.320 [main] DEBUG org.dbunit.dataset.datatype.DataType - asString(value=Cloud service provider) - start
13:20:17.320 [main] DEBUG org.dbunit.dataset.datatype.StringDataType - typeCast(value=Cloud service provider) - start
13:20:17.320 [main] DEBUG org.dbunit.dataset.DefaultTable - getValue(row=1, column=DATA_CADASTRO) - start
13:20:17.320 [main] DEBUG org.dbunit.dataset.AbstractTable - assertValidRowIndex(row=1) - start
13:20:17.320 [main] DEBUG org.dbunit.dataset.AbstractTable - assertValidRowIndex(row=1, rowCount=2) - start
13:20:17.320 [main] DEBUG org.dbunit.dataset.AbstractTable - getColumnIndex(columnName=DATA_CADASTRO) - start
13:20:17.320 [main] DEBUG org.dbunit.dataset.AbstractTableMetaData - getColumnIndex(columnName=DATA_CADASTRO) - start
13:20:17.320 [main] DEBUG org.dbunit.database.statement.AutomaticPreparedBatchStatement - addValue(value=2024-04-20, dataType=DATE) - start
13:20:17.320 [main] DEBUG org.dbunit.database.statement.SimplePreparedStatement - addValue(value=2024-04-20, dataType=DATE) - start
13:20:17.320 [main] DEBUG org.dbunit.dataset.datatype.DateDataType - setSqlValue(value=2024-04-20, column=8, statement=org.apache.derby.client.am.ClientPreparedStatement42@63538bb4) - start
13:20:17.320 [main] DEBUG org.dbunit.dataset.datatype.DateDataType - typeCast(value=2024-04-20) - start
13:20:17.320 [main] DEBUG org.dbunit.database.statement.AutomaticPreparedBatchStatement - addBatch() - start
13:20:17.320 [main] DEBUG org.dbunit.database.statement.SimplePreparedStatement - addBatch() - start
13:20:17.321 [main] DEBUG org.dbunit.operation.InsertOperation - equalsIgnoreMapping(ignoreMapping={}, table=org.dbunit.dataset.DefaultTable[_metaData=tableName=TB_FORNECEDOR, columns=[(ID_FORNECEDOR, UNKNOWN, nullableUnknown), (NOME_FORNECEDOR, UNKNOWN, nullableUnknown), (CNPJ_FORNECEDOR, UNKNOWN, nullableUnknown), (EMAIL_FORNECEDOR, UNKNOWN, nullableUnknown), (TIPO_FORNECEDOR, UNKNOWN, nullableUnknown), (TIPO_STATUS, UNKNOWN, nullableUnknown), (DESCRICAO, UNKNOWN, nullableUnknown), (DATA_CADASTRO, UNKNOWN, nullableUnknown)], keys=[], _rowList.size()=2], row=2) - start
13:20:17.321 [main] DEBUG org.dbunit.dataset.DefaultTable - getValue(row=2, column=ID_FORNECEDOR) - start
13:20:17.321 [main] DEBUG org.dbunit.dataset.AbstractTable - assertValidRowIndex(row=2) - start
13:20:17.321 [main] DEBUG org.dbunit.dataset.AbstractTable - assertValidRowIndex(row=2, rowCount=2) - start
13:20:17.321 [main] DEBUG org.dbunit.database.statement.AutomaticPreparedBatchStatement - executeBatch() - start
13:20:17.321 [main] DEBUG org.dbunit.database.statement.SimplePreparedStatement - executeBatch() - start
13:20:17.321 [main] DEBUG org.dbunit.database.statement.SimplePreparedStatement - clearBatch() - start
13:20:17.321 [main] DEBUG org.dbunit.database.statement.AutomaticPreparedBatchStatement - clearBatch() - start
13:20:17.321 [main] DEBUG org.dbunit.database.statement.SimplePreparedStatement - clearBatch() - start
13:20:17.321 [main] DEBUG org.dbunit.database.statement.AutomaticPreparedBatchStatement - close() - start
13:20:17.321 [main] DEBUG org.dbunit.database.statement.AbstractPreparedBatchStatement - close() - start
13:20:17.321 [main] DEBUG org.dbunit.dataset.DefaultTableIterator - getTable() - start
13:20:17.321 [main] DEBUG org.dbunit.operation.AbstractBatchOperation - isEmpty(table=org.dbunit.dataset.DefaultTable[_metaData=tableName=TB_PROJETO_FORNECEDOR, columns=[(ID_PROJETO, UNKNOWN, nullableUnknown), (ID_FORNECEDOR, UNKNOWN, nullableUnknown)], keys=[], _rowList.size()=2]) - start
13:20:17.321 [main] DEBUG org.dbunit.dataset.DefaultTable - getValue(row=0, column=ID_PROJETO) - start
13:20:17.321 [main] DEBUG org.dbunit.dataset.AbstractTable - assertValidRowIndex(row=0) - start
13:20:17.321 [main] DEBUG org.dbunit.dataset.AbstractTable - assertValidRowIndex(row=0, rowCount=2) - start
13:20:17.321 [main] DEBUG org.dbunit.dataset.AbstractTable - getColumnIndex(columnName=ID_PROJETO) - start
13:20:17.321 [main] DEBUG org.dbunit.dataset.AbstractTableMetaData - getColumnIndex(columnName=ID_PROJETO) - start
13:20:17.321 [main] DEBUG org.dbunit.operation.AbstractOperation - getOperationMetaData(connection=org.dbunit.database.DatabaseConnection[schema=null, connection=org.apache.derby.client.net.NetConnection@7d7cac8, super=_databaseConfig=org.dbunit.database.DatabaseConfig[, _propertyMap={http://www.dbunit.org/features/qualifiedTableNames=false, http://www.dbunit.org/properties/tableType=[Ljava.lang.String;@2d2acd89, http://www.dbunit.org/properties/batchSize=100, http://www.dbunit.org/properties/statementFactory=org.dbunit.database.statement.PreparedStatementFactory@7baf6acf, http://www.dbunit.org/features/batchedStatements=false, http://www.dbunit.org/features/caseSensitiveTableNames=false, http://www.dbunit.org/features/allowEmptyFields=false, http://www.dbunit.org/properties/datatypeFactory=org.dbunit.dataset.datatype.DefaultDataTypeFactory[_toleratedDeltaMap=org.dbunit.dataset.datatype.ToleratedDeltaMap@1e6dad8], http://www.dbunit.org/properties/metadataHandler=org.dbunit.database.DefaultMetadataHandler@6fc6deb7, http://www.dbunit.org/properties/fetchSize=100, http://www.dbunit.org/properties/resultSetTableFactory=org.dbunit.database.CachedResultSetTableFactory@8ed9cf, http://www.dbunit.org/features/datatypeWarning=true, http://www.dbunit.org/properties/escapePattern=null, http://www.dbunit.org/properties/allowVerifytabledefinitionExpectedtableCountMismatch=false}], _dataSet=AbstractDataSet[_orderedTableNameMap=null]], metaData=tableName=TB_PROJETO_FORNECEDOR, columns=[(ID_PROJETO, UNKNOWN, nullableUnknown), (ID_FORNECEDOR, UNKNOWN, nullableUnknown)], keys=[]) - start
13:20:17.321 [main] DEBUG org.dbunit.database.AbstractDatabaseConnection - createDataSet() - start
13:20:17.321 [main] DEBUG org.dbunit.database.DatabaseDataSet - getTableMetaData(tableName=TB_PROJETO_FORNECEDOR) - start
13:20:17.321 [main] DEBUG org.dbunit.database.DatabaseDataSet - initialize() - start
13:20:17.321 [main] DEBUG org.dbunit.dataset.OrderedTableNameMap - getTableName(tableName=TB_PROJETO_FORNECEDOR) - start
13:20:17.321 [main] DEBUG org.dbunit.dataset.OrderedTableNameMap - getTableName(tableName=TB_PROJETO_FORNECEDOR) - end - result=TB_PROJETO_FORNECEDOR
13:20:17.321 [main] DEBUG org.dbunit.dataset.OrderedTableNameMap - getTableName(tableName=TB_PROJETO_FORNECEDOR) - start
13:20:17.321 [main] DEBUG org.dbunit.dataset.OrderedTableNameMap - getTableName(tableName=TB_PROJETO_FORNECEDOR) - end - result=TB_PROJETO_FORNECEDOR
13:20:17.321 [main] DEBUG org.dbunit.dataset.AbstractTableMetaData - getColumnIndex(columnName=ID_PROJETO) - start
13:20:17.321 [main] DEBUG org.dbunit.database.DatabaseTableMetaData - getColumns() - start
13:20:17.321 [main] DEBUG org.dbunit.database.DatabaseTableMetaData - getColumns() - start
13:20:17.321 [main] DEBUG org.dbunit.dataset.AbstractTableMetaData - getColumnIndex(columnName=ID_FORNECEDOR) - start
13:20:17.321 [main] DEBUG org.dbunit.database.DatabaseTableMetaData - getColumns() - start
13:20:17.321 [main] DEBUG org.dbunit.database.DatabaseTableMetaData - getPrimaryKeys() - start
13:20:17.321 [main] DEBUG org.dbunit.operation.InsertOperation - getIgnoreMapping(table=org.dbunit.dataset.DefaultTable[_metaData=tableName=TB_PROJETO_FORNECEDOR, columns=[(ID_PROJETO, UNKNOWN, nullableUnknown), (ID_FORNECEDOR, UNKNOWN, nullableUnknown)], keys=[], _rowList.size()=2], row=0) - start
13:20:17.321 [main] DEBUG org.dbunit.dataset.DefaultTable - getValue(row=0, column=ID_PROJETO) - start
13:20:17.321 [main] DEBUG org.dbunit.dataset.AbstractTable - assertValidRowIndex(row=0) - start
13:20:17.321 [main] DEBUG org.dbunit.dataset.AbstractTable - assertValidRowIndex(row=0, rowCount=2) - start
13:20:17.321 [main] DEBUG org.dbunit.dataset.AbstractTable - getColumnIndex(columnName=ID_PROJETO) - start
13:20:17.321 [main] DEBUG org.dbunit.dataset.AbstractTableMetaData - getColumnIndex(columnName=ID_PROJETO) - start
13:20:17.321 [main] DEBUG org.dbunit.dataset.DefaultTable - getValue(row=0, column=ID_FORNECEDOR) - start
13:20:17.321 [main] DEBUG org.dbunit.dataset.AbstractTable - assertValidRowIndex(row=0) - start
13:20:17.321 [main] DEBUG org.dbunit.dataset.AbstractTable - assertValidRowIndex(row=0, rowCount=2) - start
13:20:17.321 [main] DEBUG org.dbunit.dataset.AbstractTable - getColumnIndex(columnName=ID_FORNECEDOR) - start
13:20:17.321 [main] DEBUG org.dbunit.dataset.AbstractTableMetaData - getColumnIndex(columnName=ID_FORNECEDOR) - start
13:20:17.321 [main] DEBUG org.dbunit.operation.InsertOperation - getOperationData(metaData=tableName=TB_PROJETO_FORNECEDOR, columns=[(ID_PROJETO, BIGINT, noNulls), (ID_FORNECEDOR, BIGINT, noNulls)], keys=[(ID_PROJETO, BIGINT, noNulls), (ID_FORNECEDOR, BIGINT, noNulls)], ignoreMapping={}, connection=org.dbunit.database.DatabaseConnection[schema=null, connection=org.apache.derby.client.net.NetConnection@7d7cac8, super=_databaseConfig=org.dbunit.database.DatabaseConfig[, _propertyMap={http://www.dbunit.org/features/qualifiedTableNames=false, http://www.dbunit.org/properties/tableType=[Ljava.lang.String;@2d2acd89, http://www.dbunit.org/properties/batchSize=100, http://www.dbunit.org/properties/statementFactory=org.dbunit.database.statement.PreparedStatementFactory@7baf6acf, http://www.dbunit.org/features/batchedStatements=false, http://www.dbunit.org/features/caseSensitiveTableNames=false, http://www.dbunit.org/features/allowEmptyFields=false, http://www.dbunit.org/properties/datatypeFactory=org.dbunit.dataset.datatype.DefaultDataTypeFactory[_toleratedDeltaMap=org.dbunit.dataset.datatype.ToleratedDeltaMap@1e6dad8], http://www.dbunit.org/properties/metadataHandler=org.dbunit.database.DefaultMetadataHandler@6fc6deb7, http://www.dbunit.org/properties/fetchSize=100, http://www.dbunit.org/properties/resultSetTableFactory=org.dbunit.database.CachedResultSetTableFactory@8ed9cf, http://www.dbunit.org/features/datatypeWarning=true, http://www.dbunit.org/properties/escapePattern=null, http://www.dbunit.org/properties/allowVerifytabledefinitionExpectedtableCountMismatch=false}], _dataSet=AbstractDataSet[_orderedTableNameMap=null]]) - start
13:20:17.322 [main] DEBUG org.dbunit.operation.AbstractOperation - getQualifiedName(prefix=null, name=TB_PROJETO_FORNECEDOR, connection=org.dbunit.database.DatabaseConnection[schema=null, connection=org.apache.derby.client.net.NetConnection@7d7cac8, super=_databaseConfig=org.dbunit.database.DatabaseConfig[, _propertyMap={http://www.dbunit.org/features/qualifiedTableNames=false, http://www.dbunit.org/properties/tableType=[Ljava.lang.String;@2d2acd89, http://www.dbunit.org/properties/batchSize=100, http://www.dbunit.org/properties/statementFactory=org.dbunit.database.statement.PreparedStatementFactory@7baf6acf, http://www.dbunit.org/features/batchedStatements=false, http://www.dbunit.org/features/caseSensitiveTableNames=false, http://www.dbunit.org/features/allowEmptyFields=false, http://www.dbunit.org/properties/datatypeFactory=org.dbunit.dataset.datatype.DefaultDataTypeFactory[_toleratedDeltaMap=org.dbunit.dataset.datatype.ToleratedDeltaMap@1e6dad8], http://www.dbunit.org/properties/metadataHandler=org.dbunit.database.DefaultMetadataHandler@6fc6deb7, http://www.dbunit.org/properties/fetchSize=100, http://www.dbunit.org/properties/resultSetTableFactory=org.dbunit.database.CachedResultSetTableFactory@8ed9cf, http://www.dbunit.org/features/datatypeWarning=true, http://www.dbunit.org/properties/escapePattern=null, http://www.dbunit.org/properties/allowVerifytabledefinitionExpectedtableCountMismatch=false}], _dataSet=AbstractDataSet[_orderedTableNameMap=null]]) - start
13:20:17.322 [main] DEBUG org.dbunit.util.QualifiedTableName - getQualifiedName() - start
13:20:17.322 [main] DEBUG org.dbunit.util.QualifiedTableName - getQualifiedName(prefix=null, name=TB_PROJETO_FORNECEDOR, escapePattern=null) - start
13:20:17.322 [main] DEBUG org.dbunit.operation.AbstractOperation - getQualifiedName(prefix=null, name=ID_PROJETO, connection=org.dbunit.database.DatabaseConnection[schema=null, connection=org.apache.derby.client.net.NetConnection@7d7cac8, super=_databaseConfig=org.dbunit.database.DatabaseConfig[, _propertyMap={http://www.dbunit.org/features/qualifiedTableNames=false, http://www.dbunit.org/properties/tableType=[Ljava.lang.String;@2d2acd89, http://www.dbunit.org/properties/batchSize=100, http://www.dbunit.org/properties/statementFactory=org.dbunit.database.statement.PreparedStatementFactory@7baf6acf, http://www.dbunit.org/features/batchedStatements=false, http://www.dbunit.org/features/caseSensitiveTableNames=false, http://www.dbunit.org/features/allowEmptyFields=false, http://www.dbunit.org/properties/datatypeFactory=org.dbunit.dataset.datatype.DefaultDataTypeFactory[_toleratedDeltaMap=org.dbunit.dataset.datatype.ToleratedDeltaMap@1e6dad8], http://www.dbunit.org/properties/metadataHandler=org.dbunit.database.DefaultMetadataHandler@6fc6deb7, http://www.dbunit.org/properties/fetchSize=100, http://www.dbunit.org/properties/resultSetTableFactory=org.dbunit.database.CachedResultSetTableFactory@8ed9cf, http://www.dbunit.org/features/datatypeWarning=true, http://www.dbunit.org/properties/escapePattern=null, http://www.dbunit.org/properties/allowVerifytabledefinitionExpectedtableCountMismatch=false}], _dataSet=AbstractDataSet[_orderedTableNameMap=null]]) - start
13:20:17.322 [main] DEBUG org.dbunit.util.QualifiedTableName - getQualifiedName() - start
13:20:17.322 [main] DEBUG org.dbunit.util.QualifiedTableName - getQualifiedName(prefix=null, name=ID_PROJETO, escapePattern=null) - start
13:20:17.322 [main] DEBUG org.dbunit.operation.AbstractOperation - getQualifiedName(prefix=null, name=ID_FORNECEDOR, connection=org.dbunit.database.DatabaseConnection[schema=null, connection=org.apache.derby.client.net.NetConnection@7d7cac8, super=_databaseConfig=org.dbunit.database.DatabaseConfig[, _propertyMap={http://www.dbunit.org/features/qualifiedTableNames=false, http://www.dbunit.org/properties/tableType=[Ljava.lang.String;@2d2acd89, http://www.dbunit.org/properties/batchSize=100, http://www.dbunit.org/properties/statementFactory=org.dbunit.database.statement.PreparedStatementFactory@7baf6acf, http://www.dbunit.org/features/batchedStatements=false, http://www.dbunit.org/features/caseSensitiveTableNames=false, http://www.dbunit.org/features/allowEmptyFields=false, http://www.dbunit.org/properties/datatypeFactory=org.dbunit.dataset.datatype.DefaultDataTypeFactory[_toleratedDeltaMap=org.dbunit.dataset.datatype.ToleratedDeltaMap@1e6dad8], http://www.dbunit.org/properties/metadataHandler=org.dbunit.database.DefaultMetadataHandler@6fc6deb7, http://www.dbunit.org/properties/fetchSize=100, http://www.dbunit.org/properties/resultSetTableFactory=org.dbunit.database.CachedResultSetTableFactory@8ed9cf, http://www.dbunit.org/features/datatypeWarning=true, http://www.dbunit.org/properties/escapePattern=null, http://www.dbunit.org/properties/allowVerifytabledefinitionExpectedtableCountMismatch=false}], _dataSet=AbstractDataSet[_orderedTableNameMap=null]]) - start
13:20:17.322 [main] DEBUG org.dbunit.util.QualifiedTableName - getQualifiedName() - start
13:20:17.322 [main] DEBUG org.dbunit.util.QualifiedTableName - getQualifiedName(prefix=null, name=ID_FORNECEDOR, escapePattern=null) - start
13:20:17.322 [main] DEBUG org.dbunit.database.statement.PreparedStatementFactory - createPreparedBatchStatement(sql=insert into TB_PROJETO_FORNECEDOR (ID_PROJETO, ID_FORNECEDOR) values (?, ?), connection=org.dbunit.database.DatabaseConnection[schema=null, connection=org.apache.derby.client.net.NetConnection@7d7cac8, super=_databaseConfig=org.dbunit.database.DatabaseConfig[, _propertyMap={http://www.dbunit.org/features/qualifiedTableNames=false, http://www.dbunit.org/properties/tableType=[Ljava.lang.String;@2d2acd89, http://www.dbunit.org/properties/batchSize=100, http://www.dbunit.org/properties/statementFactory=org.dbunit.database.statement.PreparedStatementFactory@7baf6acf, http://www.dbunit.org/features/batchedStatements=false, http://www.dbunit.org/features/caseSensitiveTableNames=false, http://www.dbunit.org/features/allowEmptyFields=false, http://www.dbunit.org/properties/datatypeFactory=org.dbunit.dataset.datatype.DefaultDataTypeFactory[_toleratedDeltaMap=org.dbunit.dataset.datatype.ToleratedDeltaMap@1e6dad8], http://www.dbunit.org/properties/metadataHandler=org.dbunit.database.DefaultMetadataHandler@6fc6deb7, http://www.dbunit.org/properties/fetchSize=100, http://www.dbunit.org/properties/resultSetTableFactory=org.dbunit.database.CachedResultSetTableFactory@8ed9cf, http://www.dbunit.org/features/datatypeWarning=true, http://www.dbunit.org/properties/escapePattern=null, http://www.dbunit.org/properties/allowVerifytabledefinitionExpectedtableCountMismatch=false}], _dataSet=AbstractDataSet[_orderedTableNameMap=null]]) - start
13:20:17.322 [main] DEBUG org.dbunit.database.statement.AbstractStatementFactory - supportBatchStatement(connection=org.dbunit.database.DatabaseConnection[schema=null, connection=org.apache.derby.client.net.NetConnection@7d7cac8, super=_databaseConfig=org.dbunit.database.DatabaseConfig[, _propertyMap={http://www.dbunit.org/features/qualifiedTableNames=false, http://www.dbunit.org/properties/tableType=[Ljava.lang.String;@2d2acd89, http://www.dbunit.org/properties/batchSize=100, http://www.dbunit.org/properties/statementFactory=org.dbunit.database.statement.PreparedStatementFactory@7baf6acf, http://www.dbunit.org/features/batchedStatements=false, http://www.dbunit.org/features/caseSensitiveTableNames=false, http://www.dbunit.org/features/allowEmptyFields=false, http://www.dbunit.org/properties/datatypeFactory=org.dbunit.dataset.datatype.DefaultDataTypeFactory[_toleratedDeltaMap=org.dbunit.dataset.datatype.ToleratedDeltaMap@1e6dad8], http://www.dbunit.org/properties/metadataHandler=org.dbunit.database.DefaultMetadataHandler@6fc6deb7, http://www.dbunit.org/properties/fetchSize=100, http://www.dbunit.org/properties/resultSetTableFactory=org.dbunit.database.CachedResultSetTableFactory@8ed9cf, http://www.dbunit.org/features/datatypeWarning=true, http://www.dbunit.org/properties/escapePattern=null, http://www.dbunit.org/properties/allowVerifytabledefinitionExpectedtableCountMismatch=false}], _dataSet=AbstractDataSet[_orderedTableNameMap=null]]) - start
13:20:17.324 [main] DEBUG org.dbunit.dataset.DefaultTable - getValue(row=0, column=ID_PROJETO) - start
13:20:17.324 [main] DEBUG org.dbunit.dataset.AbstractTable - assertValidRowIndex(row=0) - start
13:20:17.324 [main] DEBUG org.dbunit.dataset.AbstractTable - assertValidRowIndex(row=0, rowCount=2) - start
13:20:17.324 [main] DEBUG org.dbunit.dataset.AbstractTable - getColumnIndex(columnName=ID_PROJETO) - start
13:20:17.324 [main] DEBUG org.dbunit.dataset.AbstractTableMetaData - getColumnIndex(columnName=ID_PROJETO) - start
13:20:17.324 [main] DEBUG org.dbunit.database.statement.AutomaticPreparedBatchStatement - addValue(value=1, dataType=BIGINT) - start
13:20:17.324 [main] DEBUG org.dbunit.database.statement.SimplePreparedStatement - addValue(value=1, dataType=BIGINT) - start
13:20:17.324 [main] DEBUG org.dbunit.dataset.datatype.BigIntegerDataType - setSqlValue(value=1, column=1, statement=org.apache.derby.client.am.ClientPreparedStatement42@24534cb0) - start
13:20:17.324 [main] DEBUG org.dbunit.dataset.datatype.BigIntegerDataType - typeCast(value=1) - start
13:20:17.324 [main] DEBUG org.dbunit.dataset.DefaultTable - getValue(row=0, column=ID_FORNECEDOR) - start
13:20:17.324 [main] DEBUG org.dbunit.dataset.AbstractTable - assertValidRowIndex(row=0) - start
13:20:17.324 [main] DEBUG org.dbunit.dataset.AbstractTable - assertValidRowIndex(row=0, rowCount=2) - start
13:20:17.324 [main] DEBUG org.dbunit.dataset.AbstractTable - getColumnIndex(columnName=ID_FORNECEDOR) - start
13:20:17.324 [main] DEBUG org.dbunit.dataset.AbstractTableMetaData - getColumnIndex(columnName=ID_FORNECEDOR) - start
13:20:17.324 [main] DEBUG org.dbunit.database.statement.AutomaticPreparedBatchStatement - addValue(value=1, dataType=BIGINT) - start
13:20:17.324 [main] DEBUG org.dbunit.database.statement.SimplePreparedStatement - addValue(value=1, dataType=BIGINT) - start
13:20:17.324 [main] DEBUG org.dbunit.dataset.datatype.BigIntegerDataType - setSqlValue(value=1, column=2, statement=org.apache.derby.client.am.ClientPreparedStatement42@24534cb0) - start
13:20:17.324 [main] DEBUG org.dbunit.dataset.datatype.BigIntegerDataType - typeCast(value=1) - start
13:20:17.324 [main] DEBUG org.dbunit.database.statement.AutomaticPreparedBatchStatement - addBatch() - start
13:20:17.324 [main] DEBUG org.dbunit.database.statement.SimplePreparedStatement - addBatch() - start
13:20:17.325 [main] DEBUG org.dbunit.operation.InsertOperation - equalsIgnoreMapping(ignoreMapping={}, table=org.dbunit.dataset.DefaultTable[_metaData=tableName=TB_PROJETO_FORNECEDOR, columns=[(ID_PROJETO, UNKNOWN, nullableUnknown), (ID_FORNECEDOR, UNKNOWN, nullableUnknown)], keys=[], _rowList.size()=2], row=1) - start
13:20:17.325 [main] DEBUG org.dbunit.dataset.DefaultTable - getValue(row=1, column=ID_PROJETO) - start
13:20:17.325 [main] DEBUG org.dbunit.dataset.AbstractTable - assertValidRowIndex(row=1) - start
13:20:17.325 [main] DEBUG org.dbunit.dataset.AbstractTable - assertValidRowIndex(row=1, rowCount=2) - start
13:20:17.325 [main] DEBUG org.dbunit.dataset.AbstractTable - getColumnIndex(columnName=ID_PROJETO) - start
13:20:17.325 [main] DEBUG org.dbunit.dataset.AbstractTableMetaData - getColumnIndex(columnName=ID_PROJETO) - start
13:20:17.325 [main] DEBUG org.dbunit.dataset.DefaultTable - getValue(row=1, column=ID_FORNECEDOR) - start
13:20:17.325 [main] DEBUG org.dbunit.dataset.AbstractTable - assertValidRowIndex(row=1) - start
13:20:17.325 [main] DEBUG org.dbunit.dataset.AbstractTable - assertValidRowIndex(row=1, rowCount=2) - start
13:20:17.325 [main] DEBUG org.dbunit.dataset.AbstractTable - getColumnIndex(columnName=ID_FORNECEDOR) - start
13:20:17.325 [main] DEBUG org.dbunit.dataset.AbstractTableMetaData - getColumnIndex(columnName=ID_FORNECEDOR) - start
13:20:17.325 [main] DEBUG org.dbunit.dataset.DefaultTable - getValue(row=1, column=ID_PROJETO) - start
13:20:17.325 [main] DEBUG org.dbunit.dataset.AbstractTable - assertValidRowIndex(row=1) - start
13:20:17.325 [main] DEBUG org.dbunit.dataset.AbstractTable - assertValidRowIndex(row=1, rowCount=2) - start
13:20:17.325 [main] DEBUG org.dbunit.dataset.AbstractTable - getColumnIndex(columnName=ID_PROJETO) - start
13:20:17.325 [main] DEBUG org.dbunit.dataset.AbstractTableMetaData - getColumnIndex(columnName=ID_PROJETO) - start
13:20:17.325 [main] DEBUG org.dbunit.database.statement.AutomaticPreparedBatchStatement - addValue(value=2, dataType=BIGINT) - start
13:20:17.325 [main] DEBUG org.dbunit.database.statement.SimplePreparedStatement - addValue(value=2, dataType=BIGINT) - start
13:20:17.325 [main] DEBUG org.dbunit.dataset.datatype.BigIntegerDataType - setSqlValue(value=2, column=1, statement=org.apache.derby.client.am.ClientPreparedStatement42@24534cb0) - start
13:20:17.325 [main] DEBUG org.dbunit.dataset.datatype.BigIntegerDataType - typeCast(value=2) - start
13:20:17.325 [main] DEBUG org.dbunit.dataset.DefaultTable - getValue(row=1, column=ID_FORNECEDOR) - start
13:20:17.325 [main] DEBUG org.dbunit.dataset.AbstractTable - assertValidRowIndex(row=1) - start
13:20:17.325 [main] DEBUG org.dbunit.dataset.AbstractTable - assertValidRowIndex(row=1, rowCount=2) - start
13:20:17.325 [main] DEBUG org.dbunit.dataset.AbstractTable - getColumnIndex(columnName=ID_FORNECEDOR) - start
13:20:17.325 [main] DEBUG org.dbunit.dataset.AbstractTableMetaData - getColumnIndex(columnName=ID_FORNECEDOR) - start
13:20:17.325 [main] DEBUG org.dbunit.database.statement.AutomaticPreparedBatchStatement - addValue(value=2, dataType=BIGINT) - start
13:20:17.325 [main] DEBUG org.dbunit.database.statement.SimplePreparedStatement - addValue(value=2, dataType=BIGINT) - start
13:20:17.325 [main] DEBUG org.dbunit.dataset.datatype.BigIntegerDataType - setSqlValue(value=2, column=2, statement=org.apache.derby.client.am.ClientPreparedStatement42@24534cb0) - start
13:20:17.325 [main] DEBUG org.dbunit.dataset.datatype.BigIntegerDataType - typeCast(value=2) - start
13:20:17.325 [main] DEBUG org.dbunit.database.statement.AutomaticPreparedBatchStatement - addBatch() - start
13:20:17.325 [main] DEBUG org.dbunit.database.statement.SimplePreparedStatement - addBatch() - start
13:20:17.325 [main] DEBUG org.dbunit.operation.InsertOperation - equalsIgnoreMapping(ignoreMapping={}, table=org.dbunit.dataset.DefaultTable[_metaData=tableName=TB_PROJETO_FORNECEDOR, columns=[(ID_PROJETO, UNKNOWN, nullableUnknown), (ID_FORNECEDOR, UNKNOWN, nullableUnknown)], keys=[], _rowList.size()=2], row=2) - start
13:20:17.325 [main] DEBUG org.dbunit.dataset.DefaultTable - getValue(row=2, column=ID_PROJETO) - start
13:20:17.325 [main] DEBUG org.dbunit.dataset.AbstractTable - assertValidRowIndex(row=2) - start
13:20:17.325 [main] DEBUG org.dbunit.dataset.AbstractTable - assertValidRowIndex(row=2, rowCount=2) - start
13:20:17.325 [main] DEBUG org.dbunit.database.statement.AutomaticPreparedBatchStatement - executeBatch() - start
13:20:17.325 [main] DEBUG org.dbunit.database.statement.SimplePreparedStatement - executeBatch() - start
13:20:17.325 [main] DEBUG org.dbunit.database.statement.SimplePreparedStatement - clearBatch() - start
13:20:17.325 [main] DEBUG org.dbunit.database.statement.AutomaticPreparedBatchStatement - clearBatch() - start
13:20:17.325 [main] DEBUG org.dbunit.database.statement.SimplePreparedStatement - clearBatch() - start
13:20:17.325 [main] DEBUG org.dbunit.database.statement.AutomaticPreparedBatchStatement - close() - start
13:20:17.325 [main] DEBUG org.dbunit.database.statement.AbstractPreparedBatchStatement - close() - start
13:20:17.326 [main] DEBUG org.dbunit.dataset.DefaultTableIterator - getTable() - start
13:20:17.326 [main] DEBUG org.dbunit.operation.AbstractBatchOperation - isEmpty(table=org.dbunit.dataset.DefaultTable[_metaData=tableName=TB_USUARIO, columns=[(ID_USUARIO, UNKNOWN, nullableUnknown), (NOME_USUARIO, UNKNOWN, nullableUnknown), (EMAIL_USUARIO, UNKNOWN, nullableUnknown), (SENHA_USUARIO, UNKNOWN, nullableUnknown)], keys=[], _rowList.size()=2]) - start
13:20:17.326 [main] DEBUG org.dbunit.dataset.DefaultTable - getValue(row=0, column=ID_USUARIO) - start
13:20:17.326 [main] DEBUG org.dbunit.dataset.AbstractTable - assertValidRowIndex(row=0) - start
13:20:17.326 [main] DEBUG org.dbunit.dataset.AbstractTable - assertValidRowIndex(row=0, rowCount=2) - start
13:20:17.326 [main] DEBUG org.dbunit.dataset.AbstractTable - getColumnIndex(columnName=ID_USUARIO) - start
13:20:17.326 [main] DEBUG org.dbunit.dataset.AbstractTableMetaData - getColumnIndex(columnName=ID_USUARIO) - start
13:20:17.326 [main] DEBUG org.dbunit.operation.AbstractOperation - getOperationMetaData(connection=org.dbunit.database.DatabaseConnection[schema=null, connection=org.apache.derby.client.net.NetConnection@7d7cac8, super=_databaseConfig=org.dbunit.database.DatabaseConfig[, _propertyMap={http://www.dbunit.org/features/qualifiedTableNames=false, http://www.dbunit.org/properties/tableType=[Ljava.lang.String;@2d2acd89, http://www.dbunit.org/properties/batchSize=100, http://www.dbunit.org/properties/statementFactory=org.dbunit.database.statement.PreparedStatementFactory@7baf6acf, http://www.dbunit.org/features/batchedStatements=false, http://www.dbunit.org/features/caseSensitiveTableNames=false, http://www.dbunit.org/features/allowEmptyFields=false, http://www.dbunit.org/properties/datatypeFactory=org.dbunit.dataset.datatype.DefaultDataTypeFactory[_toleratedDeltaMap=org.dbunit.dataset.datatype.ToleratedDeltaMap@1e6dad8], http://www.dbunit.org/properties/metadataHandler=org.dbunit.database.DefaultMetadataHandler@6fc6deb7, http://www.dbunit.org/properties/fetchSize=100, http://www.dbunit.org/properties/resultSetTableFactory=org.dbunit.database.CachedResultSetTableFactory@8ed9cf, http://www.dbunit.org/features/datatypeWarning=true, http://www.dbunit.org/properties/escapePattern=null, http://www.dbunit.org/properties/allowVerifytabledefinitionExpectedtableCountMismatch=false}], _dataSet=AbstractDataSet[_orderedTableNameMap=null]], metaData=tableName=TB_USUARIO, columns=[(ID_USUARIO, UNKNOWN, nullableUnknown), (NOME_USUARIO, UNKNOWN, nullableUnknown), (EMAIL_USUARIO, UNKNOWN, nullableUnknown), (SENHA_USUARIO, UNKNOWN, nullableUnknown)], keys=[]) - start
13:20:17.326 [main] DEBUG org.dbunit.database.AbstractDatabaseConnection - createDataSet() - start
13:20:17.326 [main] DEBUG org.dbunit.database.DatabaseDataSet - getTableMetaData(tableName=TB_USUARIO) - start
13:20:17.326 [main] DEBUG org.dbunit.database.DatabaseDataSet - initialize() - start
13:20:17.326 [main] DEBUG org.dbunit.dataset.OrderedTableNameMap - getTableName(tableName=TB_USUARIO) - start
13:20:17.326 [main] DEBUG org.dbunit.dataset.OrderedTableNameMap - getTableName(tableName=TB_USUARIO) - end - result=TB_USUARIO
13:20:17.326 [main] DEBUG org.dbunit.dataset.OrderedTableNameMap - getTableName(tableName=TB_USUARIO) - start
13:20:17.326 [main] DEBUG org.dbunit.dataset.OrderedTableNameMap - getTableName(tableName=TB_USUARIO) - end - result=TB_USUARIO
13:20:17.326 [main] DEBUG org.dbunit.dataset.AbstractTableMetaData - getColumnIndex(columnName=ID_USUARIO) - start
13:20:17.326 [main] DEBUG org.dbunit.database.DatabaseTableMetaData - getColumns() - start
13:20:17.326 [main] DEBUG org.dbunit.database.DatabaseTableMetaData - getColumns() - start
13:20:17.326 [main] DEBUG org.dbunit.dataset.AbstractTableMetaData - getColumnIndex(columnName=NOME_USUARIO) - start
13:20:17.326 [main] DEBUG org.dbunit.database.DatabaseTableMetaData - getColumns() - start
13:20:17.326 [main] DEBUG org.dbunit.dataset.AbstractTableMetaData - getColumnIndex(columnName=EMAIL_USUARIO) - start
13:20:17.326 [main] DEBUG org.dbunit.database.DatabaseTableMetaData - getColumns() - start
13:20:17.326 [main] DEBUG org.dbunit.dataset.AbstractTableMetaData - getColumnIndex(columnName=SENHA_USUARIO) - start
13:20:17.326 [main] DEBUG org.dbunit.database.DatabaseTableMetaData - getColumns() - start
13:20:17.326 [main] DEBUG org.dbunit.database.DatabaseTableMetaData - getPrimaryKeys() - start
13:20:17.326 [main] DEBUG org.dbunit.operation.InsertOperation - getIgnoreMapping(table=org.dbunit.dataset.DefaultTable[_metaData=tableName=TB_USUARIO, columns=[(ID_USUARIO, UNKNOWN, nullableUnknown), (NOME_USUARIO, UNKNOWN, nullableUnknown), (EMAIL_USUARIO, UNKNOWN, nullableUnknown), (SENHA_USUARIO, UNKNOWN, nullableUnknown)], keys=[], _rowList.size()=2], row=0) - start
13:20:17.326 [main] DEBUG org.dbunit.dataset.DefaultTable - getValue(row=0, column=ID_USUARIO) - start
13:20:17.326 [main] DEBUG org.dbunit.dataset.AbstractTable - assertValidRowIndex(row=0) - start
13:20:17.326 [main] DEBUG org.dbunit.dataset.AbstractTable - assertValidRowIndex(row=0, rowCount=2) - start
13:20:17.326 [main] DEBUG org.dbunit.dataset.AbstractTable - getColumnIndex(columnName=ID_USUARIO) - start
13:20:17.326 [main] DEBUG org.dbunit.dataset.AbstractTableMetaData - getColumnIndex(columnName=ID_USUARIO) - start
13:20:17.326 [main] DEBUG org.dbunit.dataset.DefaultTable - getValue(row=0, column=NOME_USUARIO) - start
13:20:17.326 [main] DEBUG org.dbunit.dataset.AbstractTable - assertValidRowIndex(row=0) - start
13:20:17.326 [main] DEBUG org.dbunit.dataset.AbstractTable - assertValidRowIndex(row=0, rowCount=2) - start
13:20:17.326 [main] DEBUG org.dbunit.dataset.AbstractTable - getColumnIndex(columnName=NOME_USUARIO) - start
13:20:17.326 [main] DEBUG org.dbunit.dataset.AbstractTableMetaData - getColumnIndex(columnName=NOME_USUARIO) - start
13:20:17.326 [main] DEBUG org.dbunit.dataset.DefaultTable - getValue(row=0, column=EMAIL_USUARIO) - start
13:20:17.326 [main] DEBUG org.dbunit.dataset.AbstractTable - assertValidRowIndex(row=0) - start
13:20:17.326 [main] DEBUG org.dbunit.dataset.AbstractTable - assertValidRowIndex(row=0, rowCount=2) - start
13:20:17.326 [main] DEBUG org.dbunit.dataset.AbstractTable - getColumnIndex(columnName=EMAIL_USUARIO) - start
13:20:17.326 [main] DEBUG org.dbunit.dataset.AbstractTableMetaData - getColumnIndex(columnName=EMAIL_USUARIO) - start
13:20:17.326 [main] DEBUG org.dbunit.dataset.DefaultTable - getValue(row=0, column=SENHA_USUARIO) - start
13:20:17.326 [main] DEBUG org.dbunit.dataset.AbstractTable - assertValidRowIndex(row=0) - start
13:20:17.326 [main] DEBUG org.dbunit.dataset.AbstractTable - assertValidRowIndex(row=0, rowCount=2) - start
13:20:17.326 [main] DEBUG org.dbunit.dataset.AbstractTable - getColumnIndex(columnName=SENHA_USUARIO) - start
13:20:17.326 [main] DEBUG org.dbunit.dataset.AbstractTableMetaData - getColumnIndex(columnName=SENHA_USUARIO) - start
13:20:17.326 [main] DEBUG org.dbunit.operation.InsertOperation - getOperationData(metaData=tableName=TB_USUARIO, columns=[(ID_USUARIO, BIGINT, noNulls), (NOME_USUARIO, VARCHAR, noNulls), (EMAIL_USUARIO, VARCHAR, noNulls), (SENHA_USUARIO, VARCHAR, noNulls)], keys=[(ID_USUARIO, BIGINT, noNulls)], ignoreMapping={}, connection=org.dbunit.database.DatabaseConnection[schema=null, connection=org.apache.derby.client.net.NetConnection@7d7cac8, super=_databaseConfig=org.dbunit.database.DatabaseConfig[, _propertyMap={http://www.dbunit.org/features/qualifiedTableNames=false, http://www.dbunit.org/properties/tableType=[Ljava.lang.String;@2d2acd89, http://www.dbunit.org/properties/batchSize=100, http://www.dbunit.org/properties/statementFactory=org.dbunit.database.statement.PreparedStatementFactory@7baf6acf, http://www.dbunit.org/features/batchedStatements=false, http://www.dbunit.org/features/caseSensitiveTableNames=false, http://www.dbunit.org/features/allowEmptyFields=false, http://www.dbunit.org/properties/datatypeFactory=org.dbunit.dataset.datatype.DefaultDataTypeFactory[_toleratedDeltaMap=org.dbunit.dataset.datatype.ToleratedDeltaMap@1e6dad8], http://www.dbunit.org/properties/metadataHandler=org.dbunit.database.DefaultMetadataHandler@6fc6deb7, http://www.dbunit.org/properties/fetchSize=100, http://www.dbunit.org/properties/resultSetTableFactory=org.dbunit.database.CachedResultSetTableFactory@8ed9cf, http://www.dbunit.org/features/datatypeWarning=true, http://www.dbunit.org/properties/escapePattern=null, http://www.dbunit.org/properties/allowVerifytabledefinitionExpectedtableCountMismatch=false}], _dataSet=AbstractDataSet[_orderedTableNameMap=null]]) - start
13:20:17.326 [main] DEBUG org.dbunit.operation.AbstractOperation - getQualifiedName(prefix=null, name=TB_USUARIO, connection=org.dbunit.database.DatabaseConnection[schema=null, connection=org.apache.derby.client.net.NetConnection@7d7cac8, super=_databaseConfig=org.dbunit.database.DatabaseConfig[, _propertyMap={http://www.dbunit.org/features/qualifiedTableNames=false, http://www.dbunit.org/properties/tableType=[Ljava.lang.String;@2d2acd89, http://www.dbunit.org/properties/batchSize=100, http://www.dbunit.org/properties/statementFactory=org.dbunit.database.statement.PreparedStatementFactory@7baf6acf, http://www.dbunit.org/features/batchedStatements=false, http://www.dbunit.org/features/caseSensitiveTableNames=false, http://www.dbunit.org/features/allowEmptyFields=false, http://www.dbunit.org/properties/datatypeFactory=org.dbunit.dataset.datatype.DefaultDataTypeFactory[_toleratedDeltaMap=org.dbunit.dataset.datatype.ToleratedDeltaMap@1e6dad8], http://www.dbunit.org/properties/metadataHandler=org.dbunit.database.DefaultMetadataHandler@6fc6deb7, http://www.dbunit.org/properties/fetchSize=100, http://www.dbunit.org/properties/resultSetTableFactory=org.dbunit.database.CachedResultSetTableFactory@8ed9cf, http://www.dbunit.org/features/datatypeWarning=true, http://www.dbunit.org/properties/escapePattern=null, http://www.dbunit.org/properties/allowVerifytabledefinitionExpectedtableCountMismatch=false}], _dataSet=AbstractDataSet[_orderedTableNameMap=null]]) - start
13:20:17.326 [main] DEBUG org.dbunit.util.QualifiedTableName - getQualifiedName() - start
13:20:17.326 [main] DEBUG org.dbunit.util.QualifiedTableName - getQualifiedName(prefix=null, name=TB_USUARIO, escapePattern=null) - start
13:20:17.326 [main] DEBUG org.dbunit.operation.AbstractOperation - getQualifiedName(prefix=null, name=ID_USUARIO, connection=org.dbunit.database.DatabaseConnection[schema=null, connection=org.apache.derby.client.net.NetConnection@7d7cac8, super=_databaseConfig=org.dbunit.database.DatabaseConfig[, _propertyMap={http://www.dbunit.org/features/qualifiedTableNames=false, http://www.dbunit.org/properties/tableType=[Ljava.lang.String;@2d2acd89, http://www.dbunit.org/properties/batchSize=100, http://www.dbunit.org/properties/statementFactory=org.dbunit.database.statement.PreparedStatementFactory@7baf6acf, http://www.dbunit.org/features/batchedStatements=false, http://www.dbunit.org/features/caseSensitiveTableNames=false, http://www.dbunit.org/features/allowEmptyFields=false, http://www.dbunit.org/properties/datatypeFactory=org.dbunit.dataset.datatype.DefaultDataTypeFactory[_toleratedDeltaMap=org.dbunit.dataset.datatype.ToleratedDeltaMap@1e6dad8], http://www.dbunit.org/properties/metadataHandler=org.dbunit.database.DefaultMetadataHandler@6fc6deb7, http://www.dbunit.org/properties/fetchSize=100, http://www.dbunit.org/properties/resultSetTableFactory=org.dbunit.database.CachedResultSetTableFactory@8ed9cf, http://www.dbunit.org/features/datatypeWarning=true, http://www.dbunit.org/properties/escapePattern=null, http://www.dbunit.org/properties/allowVerifytabledefinitionExpectedtableCountMismatch=false}], _dataSet=AbstractDataSet[_orderedTableNameMap=null]]) - start
13:20:17.326 [main] DEBUG org.dbunit.util.QualifiedTableName - getQualifiedName() - start
13:20:17.326 [main] DEBUG org.dbunit.util.QualifiedTableName - getQualifiedName(prefix=null, name=ID_USUARIO, escapePattern=null) - start
13:20:17.326 [main] DEBUG org.dbunit.operation.AbstractOperation - getQualifiedName(prefix=null, name=NOME_USUARIO, connection=org.dbunit.database.DatabaseConnection[schema=null, connection=org.apache.derby.client.net.NetConnection@7d7cac8, super=_databaseConfig=org.dbunit.database.DatabaseConfig[, _propertyMap={http://www.dbunit.org/features/qualifiedTableNames=false, http://www.dbunit.org/properties/tableType=[Ljava.lang.String;@2d2acd89, http://www.dbunit.org/properties/batchSize=100, http://www.dbunit.org/properties/statementFactory=org.dbunit.database.statement.PreparedStatementFactory@7baf6acf, http://www.dbunit.org/features/batchedStatements=false, http://www.dbunit.org/features/caseSensitiveTableNames=false, http://www.dbunit.org/features/allowEmptyFields=false, http://www.dbunit.org/properties/datatypeFactory=org.dbunit.dataset.datatype.DefaultDataTypeFactory[_toleratedDeltaMap=org.dbunit.dataset.datatype.ToleratedDeltaMap@1e6dad8], http://www.dbunit.org/properties/metadataHandler=org.dbunit.database.DefaultMetadataHandler@6fc6deb7, http://www.dbunit.org/properties/fetchSize=100, http://www.dbunit.org/properties/resultSetTableFactory=org.dbunit.database.CachedResultSetTableFactory@8ed9cf, http://www.dbunit.org/features/datatypeWarning=true, http://www.dbunit.org/properties/escapePattern=null, http://www.dbunit.org/properties/allowVerifytabledefinitionExpectedtableCountMismatch=false}], _dataSet=AbstractDataSet[_orderedTableNameMap=null]]) - start
13:20:17.326 [main] DEBUG org.dbunit.util.QualifiedTableName - getQualifiedName() - start
13:20:17.326 [main] DEBUG org.dbunit.util.QualifiedTableName - getQualifiedName(prefix=null, name=NOME_USUARIO, escapePattern=null) - start
13:20:17.326 [main] DEBUG org.dbunit.operation.AbstractOperation - getQualifiedName(prefix=null, name=EMAIL_USUARIO, connection=org.dbunit.database.DatabaseConnection[schema=null, connection=org.apache.derby.client.net.NetConnection@7d7cac8, super=_databaseConfig=org.dbunit.database.DatabaseConfig[, _propertyMap={http://www.dbunit.org/features/qualifiedTableNames=false, http://www.dbunit.org/properties/tableType=[Ljava.lang.String;@2d2acd89, http://www.dbunit.org/properties/batchSize=100, http://www.dbunit.org/properties/statementFactory=org.dbunit.database.statement.PreparedStatementFactory@7baf6acf, http://www.dbunit.org/features/batchedStatements=false, http://www.dbunit.org/features/caseSensitiveTableNames=false, http://www.dbunit.org/features/allowEmptyFields=false, http://www.dbunit.org/properties/datatypeFactory=org.dbunit.dataset.datatype.DefaultDataTypeFactory[_toleratedDeltaMap=org.dbunit.dataset.datatype.ToleratedDeltaMap@1e6dad8], http://www.dbunit.org/properties/metadataHandler=org.dbunit.database.DefaultMetadataHandler@6fc6deb7, http://www.dbunit.org/properties/fetchSize=100, http://www.dbunit.org/properties/resultSetTableFactory=org.dbunit.database.CachedResultSetTableFactory@8ed9cf, http://www.dbunit.org/features/datatypeWarning=true, http://www.dbunit.org/properties/escapePattern=null, http://www.dbunit.org/properties/allowVerifytabledefinitionExpectedtableCountMismatch=false}], _dataSet=AbstractDataSet[_orderedTableNameMap=null]]) - start
13:20:17.326 [main] DEBUG org.dbunit.util.QualifiedTableName - getQualifiedName() - start
13:20:17.326 [main] DEBUG org.dbunit.util.QualifiedTableName - getQualifiedName(prefix=null, name=EMAIL_USUARIO, escapePattern=null) - start
13:20:17.326 [main] DEBUG org.dbunit.operation.AbstractOperation - getQualifiedName(prefix=null, name=SENHA_USUARIO, connection=org.dbunit.database.DatabaseConnection[schema=null, connection=org.apache.derby.client.net.NetConnection@7d7cac8, super=_databaseConfig=org.dbunit.database.DatabaseConfig[, _propertyMap={http://www.dbunit.org/features/qualifiedTableNames=false, http://www.dbunit.org/properties/tableType=[Ljava.lang.String;@2d2acd89, http://www.dbunit.org/properties/batchSize=100, http://www.dbunit.org/properties/statementFactory=org.dbunit.database.statement.PreparedStatementFactory@7baf6acf, http://www.dbunit.org/features/batchedStatements=false, http://www.dbunit.org/features/caseSensitiveTableNames=false, http://www.dbunit.org/features/allowEmptyFields=false, http://www.dbunit.org/properties/datatypeFactory=org.dbunit.dataset.datatype.DefaultDataTypeFactory[_toleratedDeltaMap=org.dbunit.dataset.datatype.ToleratedDeltaMap@1e6dad8], http://www.dbunit.org/properties/metadataHandler=org.dbunit.database.DefaultMetadataHandler@6fc6deb7, http://www.dbunit.org/properties/fetchSize=100, http://www.dbunit.org/properties/resultSetTableFactory=org.dbunit.database.CachedResultSetTableFactory@8ed9cf, http://www.dbunit.org/features/datatypeWarning=true, http://www.dbunit.org/properties/escapePattern=null, http://www.dbunit.org/properties/allowVerifytabledefinitionExpectedtableCountMismatch=false}], _dataSet=AbstractDataSet[_orderedTableNameMap=null]]) - start
13:20:17.326 [main] DEBUG org.dbunit.util.QualifiedTableName - getQualifiedName() - start
13:20:17.326 [main] DEBUG org.dbunit.util.QualifiedTableName - getQualifiedName(prefix=null, name=SENHA_USUARIO, escapePattern=null) - start
13:20:17.326 [main] DEBUG org.dbunit.database.statement.PreparedStatementFactory - createPreparedBatchStatement(sql=insert into TB_USUARIO (ID_USUARIO, NOME_USUARIO, EMAIL_USUARIO, SENHA_USUARIO) values (?, ?, ?, ?), connection=org.dbunit.database.DatabaseConnection[schema=null, connection=org.apache.derby.client.net.NetConnection@7d7cac8, super=_databaseConfig=org.dbunit.database.DatabaseConfig[, _propertyMap={http://www.dbunit.org/features/qualifiedTableNames=false, http://www.dbunit.org/properties/tableType=[Ljava.lang.String;@2d2acd89, http://www.dbunit.org/properties/batchSize=100, http://www.dbunit.org/properties/statementFactory=org.dbunit.database.statement.PreparedStatementFactory@7baf6acf, http://www.dbunit.org/features/batchedStatements=false, http://www.dbunit.org/features/caseSensitiveTableNames=false, http://www.dbunit.org/features/allowEmptyFields=false, http://www.dbunit.org/properties/datatypeFactory=org.dbunit.dataset.datatype.DefaultDataTypeFactory[_toleratedDeltaMap=org.dbunit.dataset.datatype.ToleratedDeltaMap@1e6dad8], http://www.dbunit.org/properties/metadataHandler=org.dbunit.database.DefaultMetadataHandler@6fc6deb7, http://www.dbunit.org/properties/fetchSize=100, http://www.dbunit.org/properties/resultSetTableFactory=org.dbunit.database.CachedResultSetTableFactory@8ed9cf, http://www.dbunit.org/features/datatypeWarning=true, http://www.dbunit.org/properties/escapePattern=null, http://www.dbunit.org/properties/allowVerifytabledefinitionExpectedtableCountMismatch=false}], _dataSet=AbstractDataSet[_orderedTableNameMap=null]]) - start
13:20:17.326 [main] DEBUG org.dbunit.database.statement.AbstractStatementFactory - supportBatchStatement(connection=org.dbunit.database.DatabaseConnection[schema=null, connection=org.apache.derby.client.net.NetConnection@7d7cac8, super=_databaseConfig=org.dbunit.database.DatabaseConfig[, _propertyMap={http://www.dbunit.org/features/qualifiedTableNames=false, http://www.dbunit.org/properties/tableType=[Ljava.lang.String;@2d2acd89, http://www.dbunit.org/properties/batchSize=100, http://www.dbunit.org/properties/statementFactory=org.dbunit.database.statement.PreparedStatementFactory@7baf6acf, http://www.dbunit.org/features/batchedStatements=false, http://www.dbunit.org/features/caseSensitiveTableNames=false, http://www.dbunit.org/features/allowEmptyFields=false, http://www.dbunit.org/properties/datatypeFactory=org.dbunit.dataset.datatype.DefaultDataTypeFactory[_toleratedDeltaMap=org.dbunit.dataset.datatype.ToleratedDeltaMap@1e6dad8], http://www.dbunit.org/properties/metadataHandler=org.dbunit.database.DefaultMetadataHandler@6fc6deb7, http://www.dbunit.org/properties/fetchSize=100, http://www.dbunit.org/properties/resultSetTableFactory=org.dbunit.database.CachedResultSetTableFactory@8ed9cf, http://www.dbunit.org/features/datatypeWarning=true, http://www.dbunit.org/properties/escapePattern=null, http://www.dbunit.org/properties/allowVerifytabledefinitionExpectedtableCountMismatch=false}], _dataSet=AbstractDataSet[_orderedTableNameMap=null]]) - start
13:20:17.328 [main] DEBUG org.dbunit.dataset.DefaultTable - getValue(row=0, column=ID_USUARIO) - start
13:20:17.328 [main] DEBUG org.dbunit.dataset.AbstractTable - assertValidRowIndex(row=0) - start
13:20:17.328 [main] DEBUG org.dbunit.dataset.AbstractTable - assertValidRowIndex(row=0, rowCount=2) - start
13:20:17.328 [main] DEBUG org.dbunit.dataset.AbstractTable - getColumnIndex(columnName=ID_USUARIO) - start
13:20:17.328 [main] DEBUG org.dbunit.dataset.AbstractTableMetaData - getColumnIndex(columnName=ID_USUARIO) - start
13:20:17.328 [main] DEBUG org.dbunit.database.statement.AutomaticPreparedBatchStatement - addValue(value=1, dataType=BIGINT) - start
13:20:17.328 [main] DEBUG org.dbunit.database.statement.SimplePreparedStatement - addValue(value=1, dataType=BIGINT) - start
13:20:17.328 [main] DEBUG org.dbunit.dataset.datatype.BigIntegerDataType - setSqlValue(value=1, column=1, statement=org.apache.derby.client.am.ClientPreparedStatement42@5a50d9fc) - start
13:20:17.328 [main] DEBUG org.dbunit.dataset.datatype.BigIntegerDataType - typeCast(value=1) - start
13:20:17.328 [main] DEBUG org.dbunit.dataset.DefaultTable - getValue(row=0, column=NOME_USUARIO) - start
13:20:17.328 [main] DEBUG org.dbunit.dataset.AbstractTable - assertValidRowIndex(row=0) - start
13:20:17.328 [main] DEBUG org.dbunit.dataset.AbstractTable - assertValidRowIndex(row=0, rowCount=2) - start
13:20:17.328 [main] DEBUG org.dbunit.dataset.AbstractTable - getColumnIndex(columnName=NOME_USUARIO) - start
13:20:17.328 [main] DEBUG org.dbunit.dataset.AbstractTableMetaData - getColumnIndex(columnName=NOME_USUARIO) - start
13:20:17.328 [main] DEBUG org.dbunit.database.statement.AutomaticPreparedBatchStatement - addValue(value=Alice, dataType=VARCHAR) - start
13:20:17.328 [main] DEBUG org.dbunit.database.statement.SimplePreparedStatement - addValue(value=Alice, dataType=VARCHAR) - start
13:20:17.328 [main] DEBUG org.dbunit.dataset.datatype.StringDataType - setSqlValue(value=Alice, column=2, statement=org.apache.derby.client.am.ClientPreparedStatement42@5a50d9fc) - start
13:20:17.328 [main] DEBUG org.dbunit.dataset.datatype.DataType - asString(value=Alice) - start
13:20:17.328 [main] DEBUG org.dbunit.dataset.datatype.StringDataType - typeCast(value=Alice) - start
13:20:17.328 [main] DEBUG org.dbunit.dataset.DefaultTable - getValue(row=0, column=EMAIL_USUARIO) - start
13:20:17.328 [main] DEBUG org.dbunit.dataset.AbstractTable - assertValidRowIndex(row=0) - start
13:20:17.328 [main] DEBUG org.dbunit.dataset.AbstractTable - assertValidRowIndex(row=0, rowCount=2) - start
13:20:17.328 [main] DEBUG org.dbunit.dataset.AbstractTable - getColumnIndex(columnName=EMAIL_USUARIO) - start
13:20:17.328 [main] DEBUG org.dbunit.dataset.AbstractTableMetaData - getColumnIndex(columnName=EMAIL_USUARIO) - start
13:20:17.328 [main] DEBUG org.dbunit.database.statement.AutomaticPreparedBatchStatement - addValue(value=alice@example.com, dataType=VARCHAR) - start
13:20:17.328 [main] DEBUG org.dbunit.database.statement.SimplePreparedStatement - addValue(value=alice@example.com, dataType=VARCHAR) - start
13:20:17.328 [main] DEBUG org.dbunit.dataset.datatype.StringDataType - setSqlValue(value=alice@example.com, column=3, statement=org.apache.derby.client.am.ClientPreparedStatement42@5a50d9fc) - start
13:20:17.328 [main] DEBUG org.dbunit.dataset.datatype.DataType - asString(value=alice@example.com) - start
13:20:17.328 [main] DEBUG org.dbunit.dataset.datatype.StringDataType - typeCast(value=alice@example.com) - start
13:20:17.328 [main] DEBUG org.dbunit.dataset.DefaultTable - getValue(row=0, column=SENHA_USUARIO) - start
13:20:17.328 [main] DEBUG org.dbunit.dataset.AbstractTable - assertValidRowIndex(row=0) - start
13:20:17.328 [main] DEBUG org.dbunit.dataset.AbstractTable - assertValidRowIndex(row=0, rowCount=2) - start
13:20:17.328 [main] DEBUG org.dbunit.dataset.AbstractTable - getColumnIndex(columnName=SENHA_USUARIO) - start
13:20:17.328 [main] DEBUG org.dbunit.dataset.AbstractTableMetaData - getColumnIndex(columnName=SENHA_USUARIO) - start
13:20:17.328 [main] DEBUG org.dbunit.database.statement.AutomaticPreparedBatchStatement - addValue(value=password123, dataType=VARCHAR) - start
13:20:17.328 [main] DEBUG org.dbunit.database.statement.SimplePreparedStatement - addValue(value=password123, dataType=VARCHAR) - start
13:20:17.328 [main] DEBUG org.dbunit.dataset.datatype.StringDataType - setSqlValue(value=password123, column=4, statement=org.apache.derby.client.am.ClientPreparedStatement42@5a50d9fc) - start
13:20:17.328 [main] DEBUG org.dbunit.dataset.datatype.DataType - asString(value=password123) - start
13:20:17.328 [main] DEBUG org.dbunit.dataset.datatype.StringDataType - typeCast(value=password123) - start
13:20:17.328 [main] DEBUG org.dbunit.database.statement.AutomaticPreparedBatchStatement - addBatch() - start
13:20:17.328 [main] DEBUG org.dbunit.database.statement.SimplePreparedStatement - addBatch() - start
13:20:17.330 [main] DEBUG org.dbunit.operation.InsertOperation - equalsIgnoreMapping(ignoreMapping={}, table=org.dbunit.dataset.DefaultTable[_metaData=tableName=TB_USUARIO, columns=[(ID_USUARIO, UNKNOWN, nullableUnknown), (NOME_USUARIO, UNKNOWN, nullableUnknown), (EMAIL_USUARIO, UNKNOWN, nullableUnknown), (SENHA_USUARIO, UNKNOWN, nullableUnknown)], keys=[], _rowList.size()=2], row=1) - start
13:20:17.330 [main] DEBUG org.dbunit.dataset.DefaultTable - getValue(row=1, column=ID_USUARIO) - start
13:20:17.330 [main] DEBUG org.dbunit.dataset.AbstractTable - assertValidRowIndex(row=1) - start
13:20:17.330 [main] DEBUG org.dbunit.dataset.AbstractTable - assertValidRowIndex(row=1, rowCount=2) - start
13:20:17.330 [main] DEBUG org.dbunit.dataset.AbstractTable - getColumnIndex(columnName=ID_USUARIO) - start
13:20:17.330 [main] DEBUG org.dbunit.dataset.AbstractTableMetaData - getColumnIndex(columnName=ID_USUARIO) - start
13:20:17.330 [main] DEBUG org.dbunit.dataset.DefaultTable - getValue(row=1, column=NOME_USUARIO) - start
13:20:17.330 [main] DEBUG org.dbunit.dataset.AbstractTable - assertValidRowIndex(row=1) - start
13:20:17.330 [main] DEBUG org.dbunit.dataset.AbstractTable - assertValidRowIndex(row=1, rowCount=2) - start
13:20:17.330 [main] DEBUG org.dbunit.dataset.AbstractTable - getColumnIndex(columnName=NOME_USUARIO) - start
13:20:17.330 [main] DEBUG org.dbunit.dataset.AbstractTableMetaData - getColumnIndex(columnName=NOME_USUARIO) - start
13:20:17.330 [main] DEBUG org.dbunit.dataset.DefaultTable - getValue(row=1, column=EMAIL_USUARIO) - start
13:20:17.330 [main] DEBUG org.dbunit.dataset.AbstractTable - assertValidRowIndex(row=1) - start
13:20:17.330 [main] DEBUG org.dbunit.dataset.AbstractTable - assertValidRowIndex(row=1, rowCount=2) - start
13:20:17.330 [main] DEBUG org.dbunit.dataset.AbstractTable - getColumnIndex(columnName=EMAIL_USUARIO) - start
13:20:17.330 [main] DEBUG org.dbunit.dataset.AbstractTableMetaData - getColumnIndex(columnName=EMAIL_USUARIO) - start
13:20:17.330 [main] DEBUG org.dbunit.dataset.DefaultTable - getValue(row=1, column=SENHA_USUARIO) - start
13:20:17.330 [main] DEBUG org.dbunit.dataset.AbstractTable - assertValidRowIndex(row=1) - start
13:20:17.330 [main] DEBUG org.dbunit.dataset.AbstractTable - assertValidRowIndex(row=1, rowCount=2) - start
13:20:17.330 [main] DEBUG org.dbunit.dataset.AbstractTable - getColumnIndex(columnName=SENHA_USUARIO) - start
13:20:17.330 [main] DEBUG org.dbunit.dataset.AbstractTableMetaData - getColumnIndex(columnName=SENHA_USUARIO) - start
13:20:17.330 [main] DEBUG org.dbunit.dataset.DefaultTable - getValue(row=1, column=ID_USUARIO) - start
13:20:17.330 [main] DEBUG org.dbunit.dataset.AbstractTable - assertValidRowIndex(row=1) - start
13:20:17.330 [main] DEBUG org.dbunit.dataset.AbstractTable - assertValidRowIndex(row=1, rowCount=2) - start
13:20:17.330 [main] DEBUG org.dbunit.dataset.AbstractTable - getColumnIndex(columnName=ID_USUARIO) - start
13:20:17.330 [main] DEBUG org.dbunit.dataset.AbstractTableMetaData - getColumnIndex(columnName=ID_USUARIO) - start
13:20:17.330 [main] DEBUG org.dbunit.database.statement.AutomaticPreparedBatchStatement - addValue(value=2, dataType=BIGINT) - start
13:20:17.330 [main] DEBUG org.dbunit.database.statement.SimplePreparedStatement - addValue(value=2, dataType=BIGINT) - start
13:20:17.330 [main] DEBUG org.dbunit.dataset.datatype.BigIntegerDataType - setSqlValue(value=2, column=1, statement=org.apache.derby.client.am.ClientPreparedStatement42@5a50d9fc) - start
13:20:17.330 [main] DEBUG org.dbunit.dataset.datatype.BigIntegerDataType - typeCast(value=2) - start
13:20:17.330 [main] DEBUG org.dbunit.dataset.DefaultTable - getValue(row=1, column=NOME_USUARIO) - start
13:20:17.330 [main] DEBUG org.dbunit.dataset.AbstractTable - assertValidRowIndex(row=1) - start
13:20:17.330 [main] DEBUG org.dbunit.dataset.AbstractTable - assertValidRowIndex(row=1, rowCount=2) - start
13:20:17.330 [main] DEBUG org.dbunit.dataset.AbstractTable - getColumnIndex(columnName=NOME_USUARIO) - start
13:20:17.330 [main] DEBUG org.dbunit.dataset.AbstractTableMetaData - getColumnIndex(columnName=NOME_USUARIO) - start
13:20:17.330 [main] DEBUG org.dbunit.database.statement.AutomaticPreparedBatchStatement - addValue(value=Bob, dataType=VARCHAR) - start
13:20:17.330 [main] DEBUG org.dbunit.database.statement.SimplePreparedStatement - addValue(value=Bob, dataType=VARCHAR) - start
13:20:17.330 [main] DEBUG org.dbunit.dataset.datatype.StringDataType - setSqlValue(value=Bob, column=2, statement=org.apache.derby.client.am.ClientPreparedStatement42@5a50d9fc) - start
13:20:17.330 [main] DEBUG org.dbunit.dataset.datatype.DataType - asString(value=Bob) - start
13:20:17.330 [main] DEBUG org.dbunit.dataset.datatype.StringDataType - typeCast(value=Bob) - start
13:20:17.330 [main] DEBUG org.dbunit.dataset.DefaultTable - getValue(row=1, column=EMAIL_USUARIO) - start
13:20:17.330 [main] DEBUG org.dbunit.dataset.AbstractTable - assertValidRowIndex(row=1) - start
13:20:17.330 [main] DEBUG org.dbunit.dataset.AbstractTable - assertValidRowIndex(row=1, rowCount=2) - start
13:20:17.330 [main] DEBUG org.dbunit.dataset.AbstractTable - getColumnIndex(columnName=EMAIL_USUARIO) - start
13:20:17.330 [main] DEBUG org.dbunit.dataset.AbstractTableMetaData - getColumnIndex(columnName=EMAIL_USUARIO) - start
13:20:17.330 [main] DEBUG org.dbunit.database.statement.AutomaticPreparedBatchStatement - addValue(value=bob@example.com, dataType=VARCHAR) - start
13:20:17.330 [main] DEBUG org.dbunit.database.statement.SimplePreparedStatement - addValue(value=bob@example.com, dataType=VARCHAR) - start
13:20:17.330 [main] DEBUG org.dbunit.dataset.datatype.StringDataType - setSqlValue(value=bob@example.com, column=3, statement=org.apache.derby.client.am.ClientPreparedStatement42@5a50d9fc) - start
13:20:17.330 [main] DEBUG org.dbunit.dataset.datatype.DataType - asString(value=bob@example.com) - start
13:20:17.330 [main] DEBUG org.dbunit.dataset.datatype.StringDataType - typeCast(value=bob@example.com) - start
13:20:17.331 [main] DEBUG org.dbunit.dataset.DefaultTable - getValue(row=1, column=SENHA_USUARIO) - start
13:20:17.331 [main] DEBUG org.dbunit.dataset.AbstractTable - assertValidRowIndex(row=1) - start
13:20:17.331 [main] DEBUG org.dbunit.dataset.AbstractTable - assertValidRowIndex(row=1, rowCount=2) - start
13:20:17.331 [main] DEBUG org.dbunit.dataset.AbstractTable - getColumnIndex(columnName=SENHA_USUARIO) - start
13:20:17.331 [main] DEBUG org.dbunit.dataset.AbstractTableMetaData - getColumnIndex(columnName=SENHA_USUARIO) - start
13:20:17.331 [main] DEBUG org.dbunit.database.statement.AutomaticPreparedBatchStatement - addValue(value=password456, dataType=VARCHAR) - start
13:20:17.331 [main] DEBUG org.dbunit.database.statement.SimplePreparedStatement - addValue(value=password456, dataType=VARCHAR) - start
13:20:17.331 [main] DEBUG org.dbunit.dataset.datatype.StringDataType - setSqlValue(value=password456, column=4, statement=org.apache.derby.client.am.ClientPreparedStatement42@5a50d9fc) - start
13:20:17.331 [main] DEBUG org.dbunit.dataset.datatype.DataType - asString(value=password456) - start
13:20:17.331 [main] DEBUG org.dbunit.dataset.datatype.StringDataType - typeCast(value=password456) - start
13:20:17.331 [main] DEBUG org.dbunit.database.statement.AutomaticPreparedBatchStatement - addBatch() - start
13:20:17.331 [main] DEBUG org.dbunit.database.statement.SimplePreparedStatement - addBatch() - start
13:20:17.331 [main] DEBUG org.dbunit.operation.InsertOperation - equalsIgnoreMapping(ignoreMapping={}, table=org.dbunit.dataset.DefaultTable[_metaData=tableName=TB_USUARIO, columns=[(ID_USUARIO, UNKNOWN, nullableUnknown), (NOME_USUARIO, UNKNOWN, nullableUnknown), (EMAIL_USUARIO, UNKNOWN, nullableUnknown), (SENHA_USUARIO, UNKNOWN, nullableUnknown)], keys=[], _rowList.size()=2], row=2) - start
13:20:17.331 [main] DEBUG org.dbunit.dataset.DefaultTable - getValue(row=2, column=ID_USUARIO) - start
13:20:17.332 [main] DEBUG org.dbunit.dataset.AbstractTable - assertValidRowIndex(row=2) - start
13:20:17.332 [main] DEBUG org.dbunit.dataset.AbstractTable - assertValidRowIndex(row=2, rowCount=2) - start
13:20:17.332 [main] DEBUG org.dbunit.database.statement.AutomaticPreparedBatchStatement - executeBatch() - start
13:20:17.332 [main] DEBUG org.dbunit.database.statement.SimplePreparedStatement - executeBatch() - start
13:20:17.332 [main] DEBUG org.dbunit.database.statement.SimplePreparedStatement - clearBatch() - start
13:20:17.332 [main] DEBUG org.dbunit.database.statement.AutomaticPreparedBatchStatement - clearBatch() - start
13:20:17.332 [main] DEBUG org.dbunit.database.statement.SimplePreparedStatement - clearBatch() - start
13:20:17.332 [main] DEBUG org.dbunit.database.statement.AutomaticPreparedBatchStatement - close() - start
13:20:17.332 [main] DEBUG org.dbunit.database.statement.AbstractPreparedBatchStatement - close() - start
13:20:17.332 [main] DEBUG org.dbunit.dataset.DefaultTableIterator - getTable() - start
13:20:17.332 [main] DEBUG org.dbunit.operation.AbstractBatchOperation - isEmpty(table=org.dbunit.dataset.DefaultTable[_metaData=tableName=TB_PERFIL, columns=[(ID_PERFIL, UNKNOWN, nullableUnknown), (NOME_PERFIL, UNKNOWN, nullableUnknown)], keys=[], _rowList.size()=2]) - start
13:20:17.332 [main] DEBUG org.dbunit.dataset.DefaultTable - getValue(row=0, column=ID_PERFIL) - start
13:20:17.332 [main] DEBUG org.dbunit.dataset.AbstractTable - assertValidRowIndex(row=0) - start
13:20:17.332 [main] DEBUG org.dbunit.dataset.AbstractTable - assertValidRowIndex(row=0, rowCount=2) - start
13:20:17.332 [main] DEBUG org.dbunit.dataset.AbstractTable - getColumnIndex(columnName=ID_PERFIL) - start
13:20:17.332 [main] DEBUG org.dbunit.dataset.AbstractTableMetaData - getColumnIndex(columnName=ID_PERFIL) - start
13:20:17.332 [main] DEBUG org.dbunit.operation.AbstractOperation - getOperationMetaData(connection=org.dbunit.database.DatabaseConnection[schema=null, connection=org.apache.derby.client.net.NetConnection@7d7cac8, super=_databaseConfig=org.dbunit.database.DatabaseConfig[, _propertyMap={http://www.dbunit.org/features/qualifiedTableNames=false, http://www.dbunit.org/properties/tableType=[Ljava.lang.String;@2d2acd89, http://www.dbunit.org/properties/batchSize=100, http://www.dbunit.org/properties/statementFactory=org.dbunit.database.statement.PreparedStatementFactory@7baf6acf, http://www.dbunit.org/features/batchedStatements=false, http://www.dbunit.org/features/caseSensitiveTableNames=false, http://www.dbunit.org/features/allowEmptyFields=false, http://www.dbunit.org/properties/datatypeFactory=org.dbunit.dataset.datatype.DefaultDataTypeFactory[_toleratedDeltaMap=org.dbunit.dataset.datatype.ToleratedDeltaMap@1e6dad8], http://www.dbunit.org/properties/metadataHandler=org.dbunit.database.DefaultMetadataHandler@6fc6deb7, http://www.dbunit.org/properties/fetchSize=100, http://www.dbunit.org/properties/resultSetTableFactory=org.dbunit.database.CachedResultSetTableFactory@8ed9cf, http://www.dbunit.org/features/datatypeWarning=true, http://www.dbunit.org/properties/escapePattern=null, http://www.dbunit.org/properties/allowVerifytabledefinitionExpectedtableCountMismatch=false}], _dataSet=AbstractDataSet[_orderedTableNameMap=null]], metaData=tableName=TB_PERFIL, columns=[(ID_PERFIL, UNKNOWN, nullableUnknown), (NOME_PERFIL, UNKNOWN, nullableUnknown)], keys=[]) - start
13:20:17.332 [main] DEBUG org.dbunit.database.AbstractDatabaseConnection - createDataSet() - start
13:20:17.332 [main] DEBUG org.dbunit.database.DatabaseDataSet - getTableMetaData(tableName=TB_PERFIL) - start
13:20:17.332 [main] DEBUG org.dbunit.database.DatabaseDataSet - initialize() - start
13:20:17.332 [main] DEBUG org.dbunit.dataset.OrderedTableNameMap - getTableName(tableName=TB_PERFIL) - start
13:20:17.332 [main] DEBUG org.dbunit.dataset.OrderedTableNameMap - getTableName(tableName=TB_PERFIL) - end - result=TB_PERFIL
13:20:17.332 [main] DEBUG org.dbunit.dataset.OrderedTableNameMap - getTableName(tableName=TB_PERFIL) - start
13:20:17.332 [main] DEBUG org.dbunit.dataset.OrderedTableNameMap - getTableName(tableName=TB_PERFIL) - end - result=TB_PERFIL
13:20:17.332 [main] DEBUG org.dbunit.dataset.AbstractTableMetaData - getColumnIndex(columnName=ID_PERFIL) - start
13:20:17.332 [main] DEBUG org.dbunit.database.DatabaseTableMetaData - getColumns() - start
13:20:17.332 [main] DEBUG org.dbunit.database.DatabaseTableMetaData - getColumns() - start
13:20:17.332 [main] DEBUG org.dbunit.dataset.AbstractTableMetaData - getColumnIndex(columnName=NOME_PERFIL) - start
13:20:17.332 [main] DEBUG org.dbunit.database.DatabaseTableMetaData - getColumns() - start
13:20:17.332 [main] DEBUG org.dbunit.database.DatabaseTableMetaData - getPrimaryKeys() - start
13:20:17.332 [main] DEBUG org.dbunit.operation.InsertOperation - getIgnoreMapping(table=org.dbunit.dataset.DefaultTable[_metaData=tableName=TB_PERFIL, columns=[(ID_PERFIL, UNKNOWN, nullableUnknown), (NOME_PERFIL, UNKNOWN, nullableUnknown)], keys=[], _rowList.size()=2], row=0) - start
13:20:17.332 [main] DEBUG org.dbunit.dataset.DefaultTable - getValue(row=0, column=ID_PERFIL) - start
13:20:17.332 [main] DEBUG org.dbunit.dataset.AbstractTable - assertValidRowIndex(row=0) - start
13:20:17.332 [main] DEBUG org.dbunit.dataset.AbstractTable - assertValidRowIndex(row=0, rowCount=2) - start
13:20:17.332 [main] DEBUG org.dbunit.dataset.AbstractTable - getColumnIndex(columnName=ID_PERFIL) - start
13:20:17.332 [main] DEBUG org.dbunit.dataset.AbstractTableMetaData - getColumnIndex(columnName=ID_PERFIL) - start
13:20:17.332 [main] DEBUG org.dbunit.dataset.DefaultTable - getValue(row=0, column=NOME_PERFIL) - start
13:20:17.332 [main] DEBUG org.dbunit.dataset.AbstractTable - assertValidRowIndex(row=0) - start
13:20:17.332 [main] DEBUG org.dbunit.dataset.AbstractTable - assertValidRowIndex(row=0, rowCount=2) - start
13:20:17.332 [main] DEBUG org.dbunit.dataset.AbstractTable - getColumnIndex(columnName=NOME_PERFIL) - start
13:20:17.332 [main] DEBUG org.dbunit.dataset.AbstractTableMetaData - getColumnIndex(columnName=NOME_PERFIL) - start
13:20:17.332 [main] DEBUG org.dbunit.operation.InsertOperation - getOperationData(metaData=tableName=TB_PERFIL, columns=[(ID_PERFIL, BIGINT, noNulls), (NOME_PERFIL, VARCHAR, noNulls)], keys=[(ID_PERFIL, BIGINT, noNulls)], ignoreMapping={}, connection=org.dbunit.database.DatabaseConnection[schema=null, connection=org.apache.derby.client.net.NetConnection@7d7cac8, super=_databaseConfig=org.dbunit.database.DatabaseConfig[, _propertyMap={http://www.dbunit.org/features/qualifiedTableNames=false, http://www.dbunit.org/properties/tableType=[Ljava.lang.String;@2d2acd89, http://www.dbunit.org/properties/batchSize=100, http://www.dbunit.org/properties/statementFactory=org.dbunit.database.statement.PreparedStatementFactory@7baf6acf, http://www.dbunit.org/features/batchedStatements=false, http://www.dbunit.org/features/caseSensitiveTableNames=false, http://www.dbunit.org/features/allowEmptyFields=false, http://www.dbunit.org/properties/datatypeFactory=org.dbunit.dataset.datatype.DefaultDataTypeFactory[_toleratedDeltaMap=org.dbunit.dataset.datatype.ToleratedDeltaMap@1e6dad8], http://www.dbunit.org/properties/metadataHandler=org.dbunit.database.DefaultMetadataHandler@6fc6deb7, http://www.dbunit.org/properties/fetchSize=100, http://www.dbunit.org/properties/resultSetTableFactory=org.dbunit.database.CachedResultSetTableFactory@8ed9cf, http://www.dbunit.org/features/datatypeWarning=true, http://www.dbunit.org/properties/escapePattern=null, http://www.dbunit.org/properties/allowVerifytabledefinitionExpectedtableCountMismatch=false}], _dataSet=AbstractDataSet[_orderedTableNameMap=null]]) - start
13:20:17.332 [main] DEBUG org.dbunit.operation.AbstractOperation - getQualifiedName(prefix=null, name=TB_PERFIL, connection=org.dbunit.database.DatabaseConnection[schema=null, connection=org.apache.derby.client.net.NetConnection@7d7cac8, super=_databaseConfig=org.dbunit.database.DatabaseConfig[, _propertyMap={http://www.dbunit.org/features/qualifiedTableNames=false, http://www.dbunit.org/properties/tableType=[Ljava.lang.String;@2d2acd89, http://www.dbunit.org/properties/batchSize=100, http://www.dbunit.org/properties/statementFactory=org.dbunit.database.statement.PreparedStatementFactory@7baf6acf, http://www.dbunit.org/features/batchedStatements=false, http://www.dbunit.org/features/caseSensitiveTableNames=false, http://www.dbunit.org/features/allowEmptyFields=false, http://www.dbunit.org/properties/datatypeFactory=org.dbunit.dataset.datatype.DefaultDataTypeFactory[_toleratedDeltaMap=org.dbunit.dataset.datatype.ToleratedDeltaMap@1e6dad8], http://www.dbunit.org/properties/metadataHandler=org.dbunit.database.DefaultMetadataHandler@6fc6deb7, http://www.dbunit.org/properties/fetchSize=100, http://www.dbunit.org/properties/resultSetTableFactory=org.dbunit.database.CachedResultSetTableFactory@8ed9cf, http://www.dbunit.org/features/datatypeWarning=true, http://www.dbunit.org/properties/escapePattern=null, http://www.dbunit.org/properties/allowVerifytabledefinitionExpectedtableCountMismatch=false}], _dataSet=AbstractDataSet[_orderedTableNameMap=null]]) - start
13:20:17.332 [main] DEBUG org.dbunit.util.QualifiedTableName - getQualifiedName() - start
13:20:17.332 [main] DEBUG org.dbunit.util.QualifiedTableName - getQualifiedName(prefix=null, name=TB_PERFIL, escapePattern=null) - start
13:20:17.332 [main] DEBUG org.dbunit.operation.AbstractOperation - getQualifiedName(prefix=null, name=ID_PERFIL, connection=org.dbunit.database.DatabaseConnection[schema=null, connection=org.apache.derby.client.net.NetConnection@7d7cac8, super=_databaseConfig=org.dbunit.database.DatabaseConfig[, _propertyMap={http://www.dbunit.org/features/qualifiedTableNames=false, http://www.dbunit.org/properties/tableType=[Ljava.lang.String;@2d2acd89, http://www.dbunit.org/properties/batchSize=100, http://www.dbunit.org/properties/statementFactory=org.dbunit.database.statement.PreparedStatementFactory@7baf6acf, http://www.dbunit.org/features/batchedStatements=false, http://www.dbunit.org/features/caseSensitiveTableNames=false, http://www.dbunit.org/features/allowEmptyFields=false, http://www.dbunit.org/properties/datatypeFactory=org.dbunit.dataset.datatype.DefaultDataTypeFactory[_toleratedDeltaMap=org.dbunit.dataset.datatype.ToleratedDeltaMap@1e6dad8], http://www.dbunit.org/properties/metadataHandler=org.dbunit.database.DefaultMetadataHandler@6fc6deb7, http://www.dbunit.org/properties/fetchSize=100, http://www.dbunit.org/properties/resultSetTableFactory=org.dbunit.database.CachedResultSetTableFactory@8ed9cf, http://www.dbunit.org/features/datatypeWarning=true, http://www.dbunit.org/properties/escapePattern=null, http://www.dbunit.org/properties/allowVerifytabledefinitionExpectedtableCountMismatch=false}], _dataSet=AbstractDataSet[_orderedTableNameMap=null]]) - start
13:20:17.332 [main] DEBUG org.dbunit.util.QualifiedTableName - getQualifiedName() - start
13:20:17.332 [main] DEBUG org.dbunit.util.QualifiedTableName - getQualifiedName(prefix=null, name=ID_PERFIL, escapePattern=null) - start
13:20:17.332 [main] DEBUG org.dbunit.operation.AbstractOperation - getQualifiedName(prefix=null, name=NOME_PERFIL, connection=org.dbunit.database.DatabaseConnection[schema=null, connection=org.apache.derby.client.net.NetConnection@7d7cac8, super=_databaseConfig=org.dbunit.database.DatabaseConfig[, _propertyMap={http://www.dbunit.org/features/qualifiedTableNames=false, http://www.dbunit.org/properties/tableType=[Ljava.lang.String;@2d2acd89, http://www.dbunit.org/properties/batchSize=100, http://www.dbunit.org/properties/statementFactory=org.dbunit.database.statement.PreparedStatementFactory@7baf6acf, http://www.dbunit.org/features/batchedStatements=false, http://www.dbunit.org/features/caseSensitiveTableNames=false, http://www.dbunit.org/features/allowEmptyFields=false, http://www.dbunit.org/properties/datatypeFactory=org.dbunit.dataset.datatype.DefaultDataTypeFactory[_toleratedDeltaMap=org.dbunit.dataset.datatype.ToleratedDeltaMap@1e6dad8], http://www.dbunit.org/properties/metadataHandler=org.dbunit.database.DefaultMetadataHandler@6fc6deb7, http://www.dbunit.org/properties/fetchSize=100, http://www.dbunit.org/properties/resultSetTableFactory=org.dbunit.database.CachedResultSetTableFactory@8ed9cf, http://www.dbunit.org/features/datatypeWarning=true, http://www.dbunit.org/properties/escapePattern=null, http://www.dbunit.org/properties/allowVerifytabledefinitionExpectedtableCountMismatch=false}], _dataSet=AbstractDataSet[_orderedTableNameMap=null]]) - start
13:20:17.332 [main] DEBUG org.dbunit.util.QualifiedTableName - getQualifiedName() - start
13:20:17.332 [main] DEBUG org.dbunit.util.QualifiedTableName - getQualifiedName(prefix=null, name=NOME_PERFIL, escapePattern=null) - start
13:20:17.332 [main] DEBUG org.dbunit.database.statement.PreparedStatementFactory - createPreparedBatchStatement(sql=insert into TB_PERFIL (ID_PERFIL, NOME_PERFIL) values (?, ?), connection=org.dbunit.database.DatabaseConnection[schema=null, connection=org.apache.derby.client.net.NetConnection@7d7cac8, super=_databaseConfig=org.dbunit.database.DatabaseConfig[, _propertyMap={http://www.dbunit.org/features/qualifiedTableNames=false, http://www.dbunit.org/properties/tableType=[Ljava.lang.String;@2d2acd89, http://www.dbunit.org/properties/batchSize=100, http://www.dbunit.org/properties/statementFactory=org.dbunit.database.statement.PreparedStatementFactory@7baf6acf, http://www.dbunit.org/features/batchedStatements=false, http://www.dbunit.org/features/caseSensitiveTableNames=false, http://www.dbunit.org/features/allowEmptyFields=false, http://www.dbunit.org/properties/datatypeFactory=org.dbunit.dataset.datatype.DefaultDataTypeFactory[_toleratedDeltaMap=org.dbunit.dataset.datatype.ToleratedDeltaMap@1e6dad8], http://www.dbunit.org/properties/metadataHandler=org.dbunit.database.DefaultMetadataHandler@6fc6deb7, http://www.dbunit.org/properties/fetchSize=100, http://www.dbunit.org/properties/resultSetTableFactory=org.dbunit.database.CachedResultSetTableFactory@8ed9cf, http://www.dbunit.org/features/datatypeWarning=true, http://www.dbunit.org/properties/escapePattern=null, http://www.dbunit.org/properties/allowVerifytabledefinitionExpectedtableCountMismatch=false}], _dataSet=AbstractDataSet[_orderedTableNameMap=null]]) - start
13:20:17.332 [main] DEBUG org.dbunit.database.statement.AbstractStatementFactory - supportBatchStatement(connection=org.dbunit.database.DatabaseConnection[schema=null, connection=org.apache.derby.client.net.NetConnection@7d7cac8, super=_databaseConfig=org.dbunit.database.DatabaseConfig[, _propertyMap={http://www.dbunit.org/features/qualifiedTableNames=false, http://www.dbunit.org/properties/tableType=[Ljava.lang.String;@2d2acd89, http://www.dbunit.org/properties/batchSize=100, http://www.dbunit.org/properties/statementFactory=org.dbunit.database.statement.PreparedStatementFactory@7baf6acf, http://www.dbunit.org/features/batchedStatements=false, http://www.dbunit.org/features/caseSensitiveTableNames=false, http://www.dbunit.org/features/allowEmptyFields=false, http://www.dbunit.org/properties/datatypeFactory=org.dbunit.dataset.datatype.DefaultDataTypeFactory[_toleratedDeltaMap=org.dbunit.dataset.datatype.ToleratedDeltaMap@1e6dad8], http://www.dbunit.org/properties/metadataHandler=org.dbunit.database.DefaultMetadataHandler@6fc6deb7, http://www.dbunit.org/properties/fetchSize=100, http://www.dbunit.org/properties/resultSetTableFactory=org.dbunit.database.CachedResultSetTableFactory@8ed9cf, http://www.dbunit.org/features/datatypeWarning=true, http://www.dbunit.org/properties/escapePattern=null, http://www.dbunit.org/properties/allowVerifytabledefinitionExpectedtableCountMismatch=false}], _dataSet=AbstractDataSet[_orderedTableNameMap=null]]) - start
13:20:17.334 [main] DEBUG org.dbunit.dataset.DefaultTable - getValue(row=0, column=ID_PERFIL) - start
13:20:17.334 [main] DEBUG org.dbunit.dataset.AbstractTable - assertValidRowIndex(row=0) - start
13:20:17.334 [main] DEBUG org.dbunit.dataset.AbstractTable - assertValidRowIndex(row=0, rowCount=2) - start
13:20:17.334 [main] DEBUG org.dbunit.dataset.AbstractTable - getColumnIndex(columnName=ID_PERFIL) - start
13:20:17.334 [main] DEBUG org.dbunit.dataset.AbstractTableMetaData - getColumnIndex(columnName=ID_PERFIL) - start
13:20:17.335 [main] DEBUG org.dbunit.database.statement.AutomaticPreparedBatchStatement - addValue(value=1, dataType=BIGINT) - start
13:20:17.335 [main] DEBUG org.dbunit.database.statement.SimplePreparedStatement - addValue(value=1, dataType=BIGINT) - start
13:20:17.335 [main] DEBUG org.dbunit.dataset.datatype.BigIntegerDataType - setSqlValue(value=1, column=1, statement=org.apache.derby.client.am.ClientPreparedStatement42@106d77da) - start
13:20:17.335 [main] DEBUG org.dbunit.dataset.datatype.BigIntegerDataType - typeCast(value=1) - start
13:20:17.335 [main] DEBUG org.dbunit.dataset.DefaultTable - getValue(row=0, column=NOME_PERFIL) - start
13:20:17.335 [main] DEBUG org.dbunit.dataset.AbstractTable - assertValidRowIndex(row=0) - start
13:20:17.335 [main] DEBUG org.dbunit.dataset.AbstractTable - assertValidRowIndex(row=0, rowCount=2) - start
13:20:17.335 [main] DEBUG org.dbunit.dataset.AbstractTable - getColumnIndex(columnName=NOME_PERFIL) - start
13:20:17.335 [main] DEBUG org.dbunit.dataset.AbstractTableMetaData - getColumnIndex(columnName=NOME_PERFIL) - start
13:20:17.335 [main] DEBUG org.dbunit.database.statement.AutomaticPreparedBatchStatement - addValue(value=Admin, dataType=VARCHAR) - start
13:20:17.335 [main] DEBUG org.dbunit.database.statement.SimplePreparedStatement - addValue(value=Admin, dataType=VARCHAR) - start
13:20:17.335 [main] DEBUG org.dbunit.dataset.datatype.StringDataType - setSqlValue(value=Admin, column=2, statement=org.apache.derby.client.am.ClientPreparedStatement42@106d77da) - start
13:20:17.335 [main] DEBUG org.dbunit.dataset.datatype.DataType - asString(value=Admin) - start
13:20:17.335 [main] DEBUG org.dbunit.dataset.datatype.StringDataType - typeCast(value=Admin) - start
13:20:17.335 [main] DEBUG org.dbunit.database.statement.AutomaticPreparedBatchStatement - addBatch() - start
13:20:17.335 [main] DEBUG org.dbunit.database.statement.SimplePreparedStatement - addBatch() - start
13:20:17.336 [main] DEBUG org.dbunit.operation.InsertOperation - equalsIgnoreMapping(ignoreMapping={}, table=org.dbunit.dataset.DefaultTable[_metaData=tableName=TB_PERFIL, columns=[(ID_PERFIL, UNKNOWN, nullableUnknown), (NOME_PERFIL, UNKNOWN, nullableUnknown)], keys=[], _rowList.size()=2], row=1) - start
13:20:17.336 [main] DEBUG org.dbunit.dataset.DefaultTable - getValue(row=1, column=ID_PERFIL) - start
13:20:17.336 [main] DEBUG org.dbunit.dataset.AbstractTable - assertValidRowIndex(row=1) - start
13:20:17.336 [main] DEBUG org.dbunit.dataset.AbstractTable - assertValidRowIndex(row=1, rowCount=2) - start
13:20:17.336 [main] DEBUG org.dbunit.dataset.AbstractTable - getColumnIndex(columnName=ID_PERFIL) - start
13:20:17.336 [main] DEBUG org.dbunit.dataset.AbstractTableMetaData - getColumnIndex(columnName=ID_PERFIL) - start
13:20:17.336 [main] DEBUG org.dbunit.dataset.DefaultTable - getValue(row=1, column=NOME_PERFIL) - start
13:20:17.336 [main] DEBUG org.dbunit.dataset.AbstractTable - assertValidRowIndex(row=1) - start
13:20:17.336 [main] DEBUG org.dbunit.dataset.AbstractTable - assertValidRowIndex(row=1, rowCount=2) - start
13:20:17.336 [main] DEBUG org.dbunit.dataset.AbstractTable - getColumnIndex(columnName=NOME_PERFIL) - start
13:20:17.336 [main] DEBUG org.dbunit.dataset.AbstractTableMetaData - getColumnIndex(columnName=NOME_PERFIL) - start
13:20:17.336 [main] DEBUG org.dbunit.dataset.DefaultTable - getValue(row=1, column=ID_PERFIL) - start
13:20:17.336 [main] DEBUG org.dbunit.dataset.AbstractTable - assertValidRowIndex(row=1) - start
13:20:17.336 [main] DEBUG org.dbunit.dataset.AbstractTable - assertValidRowIndex(row=1, rowCount=2) - start
13:20:17.336 [main] DEBUG org.dbunit.dataset.AbstractTable - getColumnIndex(columnName=ID_PERFIL) - start
13:20:17.336 [main] DEBUG org.dbunit.dataset.AbstractTableMetaData - getColumnIndex(columnName=ID_PERFIL) - start
13:20:17.336 [main] DEBUG org.dbunit.database.statement.AutomaticPreparedBatchStatement - addValue(value=2, dataType=BIGINT) - start
13:20:17.336 [main] DEBUG org.dbunit.database.statement.SimplePreparedStatement - addValue(value=2, dataType=BIGINT) - start
13:20:17.336 [main] DEBUG org.dbunit.dataset.datatype.BigIntegerDataType - setSqlValue(value=2, column=1, statement=org.apache.derby.client.am.ClientPreparedStatement42@106d77da) - start
13:20:17.336 [main] DEBUG org.dbunit.dataset.datatype.BigIntegerDataType - typeCast(value=2) - start
13:20:17.336 [main] DEBUG org.dbunit.dataset.DefaultTable - getValue(row=1, column=NOME_PERFIL) - start
13:20:17.336 [main] DEBUG org.dbunit.dataset.AbstractTable - assertValidRowIndex(row=1) - start
13:20:17.336 [main] DEBUG org.dbunit.dataset.AbstractTable - assertValidRowIndex(row=1, rowCount=2) - start
13:20:17.336 [main] DEBUG org.dbunit.dataset.AbstractTable - getColumnIndex(columnName=NOME_PERFIL) - start
13:20:17.336 [main] DEBUG org.dbunit.dataset.AbstractTableMetaData - getColumnIndex(columnName=NOME_PERFIL) - start
13:20:17.336 [main] DEBUG org.dbunit.database.statement.AutomaticPreparedBatchStatement - addValue(value=User, dataType=VARCHAR) - start
13:20:17.336 [main] DEBUG org.dbunit.database.statement.SimplePreparedStatement - addValue(value=User, dataType=VARCHAR) - start
13:20:17.336 [main] DEBUG org.dbunit.dataset.datatype.StringDataType - setSqlValue(value=User, column=2, statement=org.apache.derby.client.am.ClientPreparedStatement42@106d77da) - start
13:20:17.336 [main] DEBUG org.dbunit.dataset.datatype.DataType - asString(value=User) - start
13:20:17.336 [main] DEBUG org.dbunit.dataset.datatype.StringDataType - typeCast(value=User) - start
13:20:17.336 [main] DEBUG org.dbunit.database.statement.AutomaticPreparedBatchStatement - addBatch() - start
13:20:17.336 [main] DEBUG org.dbunit.database.statement.SimplePreparedStatement - addBatch() - start
13:20:17.337 [main] DEBUG org.dbunit.operation.InsertOperation - equalsIgnoreMapping(ignoreMapping={}, table=org.dbunit.dataset.DefaultTable[_metaData=tableName=TB_PERFIL, columns=[(ID_PERFIL, UNKNOWN, nullableUnknown), (NOME_PERFIL, UNKNOWN, nullableUnknown)], keys=[], _rowList.size()=2], row=2) - start
13:20:17.337 [main] DEBUG org.dbunit.dataset.DefaultTable - getValue(row=2, column=ID_PERFIL) - start
13:20:17.337 [main] DEBUG org.dbunit.dataset.AbstractTable - assertValidRowIndex(row=2) - start
13:20:17.337 [main] DEBUG org.dbunit.dataset.AbstractTable - assertValidRowIndex(row=2, rowCount=2) - start
13:20:17.337 [main] DEBUG org.dbunit.database.statement.AutomaticPreparedBatchStatement - executeBatch() - start
13:20:17.337 [main] DEBUG org.dbunit.database.statement.SimplePreparedStatement - executeBatch() - start
13:20:17.337 [main] DEBUG org.dbunit.database.statement.SimplePreparedStatement - clearBatch() - start
13:20:17.337 [main] DEBUG org.dbunit.database.statement.AutomaticPreparedBatchStatement - clearBatch() - start
13:20:17.337 [main] DEBUG org.dbunit.database.statement.SimplePreparedStatement - clearBatch() - start
13:20:17.337 [main] DEBUG org.dbunit.database.statement.AutomaticPreparedBatchStatement - close() - start
13:20:17.337 [main] DEBUG org.dbunit.database.statement.AbstractPreparedBatchStatement - close() - start
13:20:17.337 [main] DEBUG org.dbunit.dataset.DefaultTableIterator - getTable() - start
13:20:17.337 [main] DEBUG org.dbunit.operation.AbstractBatchOperation - isEmpty(table=org.dbunit.dataset.DefaultTable[_metaData=tableName=TB_USUARIO_PERFIL, columns=[(ID_USUARIO, UNKNOWN, nullableUnknown), (ID_PERFIL, UNKNOWN, nullableUnknown)], keys=[], _rowList.size()=2]) - start
13:20:17.337 [main] DEBUG org.dbunit.dataset.DefaultTable - getValue(row=0, column=ID_USUARIO) - start
13:20:17.337 [main] DEBUG org.dbunit.dataset.AbstractTable - assertValidRowIndex(row=0) - start
13:20:17.337 [main] DEBUG org.dbunit.dataset.AbstractTable - assertValidRowIndex(row=0, rowCount=2) - start
13:20:17.337 [main] DEBUG org.dbunit.dataset.AbstractTable - getColumnIndex(columnName=ID_USUARIO) - start
13:20:17.337 [main] DEBUG org.dbunit.dataset.AbstractTableMetaData - getColumnIndex(columnName=ID_USUARIO) - start
13:20:17.337 [main] DEBUG org.dbunit.operation.AbstractOperation - getOperationMetaData(connection=org.dbunit.database.DatabaseConnection[schema=null, connection=org.apache.derby.client.net.NetConnection@7d7cac8, super=_databaseConfig=org.dbunit.database.DatabaseConfig[, _propertyMap={http://www.dbunit.org/features/qualifiedTableNames=false, http://www.dbunit.org/properties/tableType=[Ljava.lang.String;@2d2acd89, http://www.dbunit.org/properties/batchSize=100, http://www.dbunit.org/properties/statementFactory=org.dbunit.database.statement.PreparedStatementFactory@7baf6acf, http://www.dbunit.org/features/batchedStatements=false, http://www.dbunit.org/features/caseSensitiveTableNames=false, http://www.dbunit.org/features/allowEmptyFields=false, http://www.dbunit.org/properties/datatypeFactory=org.dbunit.dataset.datatype.DefaultDataTypeFactory[_toleratedDeltaMap=org.dbunit.dataset.datatype.ToleratedDeltaMap@1e6dad8], http://www.dbunit.org/properties/metadataHandler=org.dbunit.database.DefaultMetadataHandler@6fc6deb7, http://www.dbunit.org/properties/fetchSize=100, http://www.dbunit.org/properties/resultSetTableFactory=org.dbunit.database.CachedResultSetTableFactory@8ed9cf, http://www.dbunit.org/features/datatypeWarning=true, http://www.dbunit.org/properties/escapePattern=null, http://www.dbunit.org/properties/allowVerifytabledefinitionExpectedtableCountMismatch=false}], _dataSet=AbstractDataSet[_orderedTableNameMap=null]], metaData=tableName=TB_USUARIO_PERFIL, columns=[(ID_USUARIO, UNKNOWN, nullableUnknown), (ID_PERFIL, UNKNOWN, nullableUnknown)], keys=[]) - start
13:20:17.337 [main] DEBUG org.dbunit.database.AbstractDatabaseConnection - createDataSet() - start
13:20:17.337 [main] DEBUG org.dbunit.database.DatabaseDataSet - getTableMetaData(tableName=TB_USUARIO_PERFIL) - start
13:20:17.337 [main] DEBUG org.dbunit.database.DatabaseDataSet - initialize() - start
13:20:17.337 [main] DEBUG org.dbunit.dataset.OrderedTableNameMap - getTableName(tableName=TB_USUARIO_PERFIL) - start
13:20:17.337 [main] DEBUG org.dbunit.dataset.OrderedTableNameMap - getTableName(tableName=TB_USUARIO_PERFIL) - end - result=TB_USUARIO_PERFIL
13:20:17.337 [main] DEBUG org.dbunit.dataset.OrderedTableNameMap - getTableName(tableName=TB_USUARIO_PERFIL) - start
13:20:17.337 [main] DEBUG org.dbunit.dataset.OrderedTableNameMap - getTableName(tableName=TB_USUARIO_PERFIL) - end - result=TB_USUARIO_PERFIL
13:20:17.337 [main] DEBUG org.dbunit.dataset.AbstractTableMetaData - getColumnIndex(columnName=ID_USUARIO) - start
13:20:17.337 [main] DEBUG org.dbunit.database.DatabaseTableMetaData - getColumns() - start
13:20:17.337 [main] DEBUG org.dbunit.database.DatabaseTableMetaData - getColumns() - start
13:20:17.337 [main] DEBUG org.dbunit.dataset.AbstractTableMetaData - getColumnIndex(columnName=ID_PERFIL) - start
13:20:17.337 [main] DEBUG org.dbunit.database.DatabaseTableMetaData - getColumns() - start
13:20:17.337 [main] DEBUG org.dbunit.database.DatabaseTableMetaData - getPrimaryKeys() - start
13:20:17.337 [main] DEBUG org.dbunit.operation.InsertOperation - getIgnoreMapping(table=org.dbunit.dataset.DefaultTable[_metaData=tableName=TB_USUARIO_PERFIL, columns=[(ID_USUARIO, UNKNOWN, nullableUnknown), (ID_PERFIL, UNKNOWN, nullableUnknown)], keys=[], _rowList.size()=2], row=0) - start
13:20:17.337 [main] DEBUG org.dbunit.dataset.DefaultTable - getValue(row=0, column=ID_USUARIO) - start
13:20:17.337 [main] DEBUG org.dbunit.dataset.AbstractTable - assertValidRowIndex(row=0) - start
13:20:17.337 [main] DEBUG org.dbunit.dataset.AbstractTable - assertValidRowIndex(row=0, rowCount=2) - start
13:20:17.337 [main] DEBUG org.dbunit.dataset.AbstractTable - getColumnIndex(columnName=ID_USUARIO) - start
13:20:17.337 [main] DEBUG org.dbunit.dataset.AbstractTableMetaData - getColumnIndex(columnName=ID_USUARIO) - start
13:20:17.337 [main] DEBUG org.dbunit.dataset.DefaultTable - getValue(row=0, column=ID_PERFIL) - start
13:20:17.337 [main] DEBUG org.dbunit.dataset.AbstractTable - assertValidRowIndex(row=0) - start
13:20:17.337 [main] DEBUG org.dbunit.dataset.AbstractTable - assertValidRowIndex(row=0, rowCount=2) - start
13:20:17.337 [main] DEBUG org.dbunit.dataset.AbstractTable - getColumnIndex(columnName=ID_PERFIL) - start
13:20:17.337 [main] DEBUG org.dbunit.dataset.AbstractTableMetaData - getColumnIndex(columnName=ID_PERFIL) - start
13:20:17.337 [main] DEBUG org.dbunit.operation.InsertOperation - getOperationData(metaData=tableName=TB_USUARIO_PERFIL, columns=[(ID_USUARIO, BIGINT, noNulls), (ID_PERFIL, BIGINT, noNulls)], keys=[(ID_USUARIO, BIGINT, noNulls), (ID_PERFIL, BIGINT, noNulls)], ignoreMapping={}, connection=org.dbunit.database.DatabaseConnection[schema=null, connection=org.apache.derby.client.net.NetConnection@7d7cac8, super=_databaseConfig=org.dbunit.database.DatabaseConfig[, _propertyMap={http://www.dbunit.org/features/qualifiedTableNames=false, http://www.dbunit.org/properties/tableType=[Ljava.lang.String;@2d2acd89, http://www.dbunit.org/properties/batchSize=100, http://www.dbunit.org/properties/statementFactory=org.dbunit.database.statement.PreparedStatementFactory@7baf6acf, http://www.dbunit.org/features/batchedStatements=false, http://www.dbunit.org/features/caseSensitiveTableNames=false, http://www.dbunit.org/features/allowEmptyFields=false, http://www.dbunit.org/properties/datatypeFactory=org.dbunit.dataset.datatype.DefaultDataTypeFactory[_toleratedDeltaMap=org.dbunit.dataset.datatype.ToleratedDeltaMap@1e6dad8], http://www.dbunit.org/properties/metadataHandler=org.dbunit.database.DefaultMetadataHandler@6fc6deb7, http://www.dbunit.org/properties/fetchSize=100, http://www.dbunit.org/properties/resultSetTableFactory=org.dbunit.database.CachedResultSetTableFactory@8ed9cf, http://www.dbunit.org/features/datatypeWarning=true, http://www.dbunit.org/properties/escapePattern=null, http://www.dbunit.org/properties/allowVerifytabledefinitionExpectedtableCountMismatch=false}], _dataSet=AbstractDataSet[_orderedTableNameMap=null]]) - start
13:20:17.337 [main] DEBUG org.dbunit.operation.AbstractOperation - getQualifiedName(prefix=null, name=TB_USUARIO_PERFIL, connection=org.dbunit.database.DatabaseConnection[schema=null, connection=org.apache.derby.client.net.NetConnection@7d7cac8, super=_databaseConfig=org.dbunit.database.DatabaseConfig[, _propertyMap={http://www.dbunit.org/features/qualifiedTableNames=false, http://www.dbunit.org/properties/tableType=[Ljava.lang.String;@2d2acd89, http://www.dbunit.org/properties/batchSize=100, http://www.dbunit.org/properties/statementFactory=org.dbunit.database.statement.PreparedStatementFactory@7baf6acf, http://www.dbunit.org/features/batchedStatements=false, http://www.dbunit.org/features/caseSensitiveTableNames=false, http://www.dbunit.org/features/allowEmptyFields=false, http://www.dbunit.org/properties/datatypeFactory=org.dbunit.dataset.datatype.DefaultDataTypeFactory[_toleratedDeltaMap=org.dbunit.dataset.datatype.ToleratedDeltaMap@1e6dad8], http://www.dbunit.org/properties/metadataHandler=org.dbunit.database.DefaultMetadataHandler@6fc6deb7, http://www.dbunit.org/properties/fetchSize=100, http://www.dbunit.org/properties/resultSetTableFactory=org.dbunit.database.CachedResultSetTableFactory@8ed9cf, http://www.dbunit.org/features/datatypeWarning=true, http://www.dbunit.org/properties/escapePattern=null, http://www.dbunit.org/properties/allowVerifytabledefinitionExpectedtableCountMismatch=false}], _dataSet=AbstractDataSet[_orderedTableNameMap=null]]) - start
13:20:17.337 [main] DEBUG org.dbunit.util.QualifiedTableName - getQualifiedName() - start
13:20:17.337 [main] DEBUG org.dbunit.util.QualifiedTableName - getQualifiedName(prefix=null, name=TB_USUARIO_PERFIL, escapePattern=null) - start
13:20:17.337 [main] DEBUG org.dbunit.operation.AbstractOperation - getQualifiedName(prefix=null, name=ID_USUARIO, connection=org.dbunit.database.DatabaseConnection[schema=null, connection=org.apache.derby.client.net.NetConnection@7d7cac8, super=_databaseConfig=org.dbunit.database.DatabaseConfig[, _propertyMap={http://www.dbunit.org/features/qualifiedTableNames=false, http://www.dbunit.org/properties/tableType=[Ljava.lang.String;@2d2acd89, http://www.dbunit.org/properties/batchSize=100, http://www.dbunit.org/properties/statementFactory=org.dbunit.database.statement.PreparedStatementFactory@7baf6acf, http://www.dbunit.org/features/batchedStatements=false, http://www.dbunit.org/features/caseSensitiveTableNames=false, http://www.dbunit.org/features/allowEmptyFields=false, http://www.dbunit.org/properties/datatypeFactory=org.dbunit.dataset.datatype.DefaultDataTypeFactory[_toleratedDeltaMap=org.dbunit.dataset.datatype.ToleratedDeltaMap@1e6dad8], http://www.dbunit.org/properties/metadataHandler=org.dbunit.database.DefaultMetadataHandler@6fc6deb7, http://www.dbunit.org/properties/fetchSize=100, http://www.dbunit.org/properties/resultSetTableFactory=org.dbunit.database.CachedResultSetTableFactory@8ed9cf, http://www.dbunit.org/features/datatypeWarning=true, http://www.dbunit.org/properties/escapePattern=null, http://www.dbunit.org/properties/allowVerifytabledefinitionExpectedtableCountMismatch=false}], _dataSet=AbstractDataSet[_orderedTableNameMap=null]]) - start
13:20:17.337 [main] DEBUG org.dbunit.util.QualifiedTableName - getQualifiedName() - start
13:20:17.337 [main] DEBUG org.dbunit.util.QualifiedTableName - getQualifiedName(prefix=null, name=ID_USUARIO, escapePattern=null) - start
13:20:17.337 [main] DEBUG org.dbunit.operation.AbstractOperation - getQualifiedName(prefix=null, name=ID_PERFIL, connection=org.dbunit.database.DatabaseConnection[schema=null, connection=org.apache.derby.client.net.NetConnection@7d7cac8, super=_databaseConfig=org.dbunit.database.DatabaseConfig[, _propertyMap={http://www.dbunit.org/features/qualifiedTableNames=false, http://www.dbunit.org/properties/tableType=[Ljava.lang.String;@2d2acd89, http://www.dbunit.org/properties/batchSize=100, http://www.dbunit.org/properties/statementFactory=org.dbunit.database.statement.PreparedStatementFactory@7baf6acf, http://www.dbunit.org/features/batchedStatements=false, http://www.dbunit.org/features/caseSensitiveTableNames=false, http://www.dbunit.org/features/allowEmptyFields=false, http://www.dbunit.org/properties/datatypeFactory=org.dbunit.dataset.datatype.DefaultDataTypeFactory[_toleratedDeltaMap=org.dbunit.dataset.datatype.ToleratedDeltaMap@1e6dad8], http://www.dbunit.org/properties/metadataHandler=org.dbunit.database.DefaultMetadataHandler@6fc6deb7, http://www.dbunit.org/properties/fetchSize=100, http://www.dbunit.org/properties/resultSetTableFactory=org.dbunit.database.CachedResultSetTableFactory@8ed9cf, http://www.dbunit.org/features/datatypeWarning=true, http://www.dbunit.org/properties/escapePattern=null, http://www.dbunit.org/properties/allowVerifytabledefinitionExpectedtableCountMismatch=false}], _dataSet=AbstractDataSet[_orderedTableNameMap=null]]) - start
13:20:17.337 [main] DEBUG org.dbunit.util.QualifiedTableName - getQualifiedName() - start
13:20:17.337 [main] DEBUG org.dbunit.util.QualifiedTableName - getQualifiedName(prefix=null, name=ID_PERFIL, escapePattern=null) - start
13:20:17.337 [main] DEBUG org.dbunit.database.statement.PreparedStatementFactory - createPreparedBatchStatement(sql=insert into TB_USUARIO_PERFIL (ID_USUARIO, ID_PERFIL) values (?, ?), connection=org.dbunit.database.DatabaseConnection[schema=null, connection=org.apache.derby.client.net.NetConnection@7d7cac8, super=_databaseConfig=org.dbunit.database.DatabaseConfig[, _propertyMap={http://www.dbunit.org/features/qualifiedTableNames=false, http://www.dbunit.org/properties/tableType=[Ljava.lang.String;@2d2acd89, http://www.dbunit.org/properties/batchSize=100, http://www.dbunit.org/properties/statementFactory=org.dbunit.database.statement.PreparedStatementFactory@7baf6acf, http://www.dbunit.org/features/batchedStatements=false, http://www.dbunit.org/features/caseSensitiveTableNames=false, http://www.dbunit.org/features/allowEmptyFields=false, http://www.dbunit.org/properties/datatypeFactory=org.dbunit.dataset.datatype.DefaultDataTypeFactory[_toleratedDeltaMap=org.dbunit.dataset.datatype.ToleratedDeltaMap@1e6dad8], http://www.dbunit.org/properties/metadataHandler=org.dbunit.database.DefaultMetadataHandler@6fc6deb7, http://www.dbunit.org/properties/fetchSize=100, http://www.dbunit.org/properties/resultSetTableFactory=org.dbunit.database.CachedResultSetTableFactory@8ed9cf, http://www.dbunit.org/features/datatypeWarning=true, http://www.dbunit.org/properties/escapePattern=null, http://www.dbunit.org/properties/allowVerifytabledefinitionExpectedtableCountMismatch=false}], _dataSet=AbstractDataSet[_orderedTableNameMap=null]]) - start
13:20:17.337 [main] DEBUG org.dbunit.database.statement.AbstractStatementFactory - supportBatchStatement(connection=org.dbunit.database.DatabaseConnection[schema=null, connection=org.apache.derby.client.net.NetConnection@7d7cac8, super=_databaseConfig=org.dbunit.database.DatabaseConfig[, _propertyMap={http://www.dbunit.org/features/qualifiedTableNames=false, http://www.dbunit.org/properties/tableType=[Ljava.lang.String;@2d2acd89, http://www.dbunit.org/properties/batchSize=100, http://www.dbunit.org/properties/statementFactory=org.dbunit.database.statement.PreparedStatementFactory@7baf6acf, http://www.dbunit.org/features/batchedStatements=false, http://www.dbunit.org/features/caseSensitiveTableNames=false, http://www.dbunit.org/features/allowEmptyFields=false, http://www.dbunit.org/properties/datatypeFactory=org.dbunit.dataset.datatype.DefaultDataTypeFactory[_toleratedDeltaMap=org.dbunit.dataset.datatype.ToleratedDeltaMap@1e6dad8], http://www.dbunit.org/properties/metadataHandler=org.dbunit.database.DefaultMetadataHandler@6fc6deb7, http://www.dbunit.org/properties/fetchSize=100, http://www.dbunit.org/properties/resultSetTableFactory=org.dbunit.database.CachedResultSetTableFactory@8ed9cf, http://www.dbunit.org/features/datatypeWarning=true, http://www.dbunit.org/properties/escapePattern=null, http://www.dbunit.org/properties/allowVerifytabledefinitionExpectedtableCountMismatch=false}], _dataSet=AbstractDataSet[_orderedTableNameMap=null]]) - start
13:20:17.339 [main] DEBUG org.dbunit.dataset.DefaultTable - getValue(row=0, column=ID_USUARIO) - start
13:20:17.340 [main] DEBUG org.dbunit.dataset.AbstractTable - assertValidRowIndex(row=0) - start
13:20:17.340 [main] DEBUG org.dbunit.dataset.AbstractTable - assertValidRowIndex(row=0, rowCount=2) - start
13:20:17.340 [main] DEBUG org.dbunit.dataset.AbstractTable - getColumnIndex(columnName=ID_USUARIO) - start
13:20:17.340 [main] DEBUG org.dbunit.dataset.AbstractTableMetaData - getColumnIndex(columnName=ID_USUARIO) - start
13:20:17.340 [main] DEBUG org.dbunit.database.statement.AutomaticPreparedBatchStatement - addValue(value=1, dataType=BIGINT) - start
13:20:17.340 [main] DEBUG org.dbunit.database.statement.SimplePreparedStatement - addValue(value=1, dataType=BIGINT) - start
13:20:17.340 [main] DEBUG org.dbunit.dataset.datatype.BigIntegerDataType - setSqlValue(value=1, column=1, statement=org.apache.derby.client.am.ClientPreparedStatement42@6f9c5048) - start
13:20:17.340 [main] DEBUG org.dbunit.dataset.datatype.BigIntegerDataType - typeCast(value=1) - start
13:20:17.340 [main] DEBUG org.dbunit.dataset.DefaultTable - getValue(row=0, column=ID_PERFIL) - start
13:20:17.340 [main] DEBUG org.dbunit.dataset.AbstractTable - assertValidRowIndex(row=0) - start
13:20:17.340 [main] DEBUG org.dbunit.dataset.AbstractTable - assertValidRowIndex(row=0, rowCount=2) - start
13:20:17.340 [main] DEBUG org.dbunit.dataset.AbstractTable - getColumnIndex(columnName=ID_PERFIL) - start
13:20:17.340 [main] DEBUG org.dbunit.dataset.AbstractTableMetaData - getColumnIndex(columnName=ID_PERFIL) - start
13:20:17.340 [main] DEBUG org.dbunit.database.statement.AutomaticPreparedBatchStatement - addValue(value=1, dataType=BIGINT) - start
13:20:17.340 [main] DEBUG org.dbunit.database.statement.SimplePreparedStatement - addValue(value=1, dataType=BIGINT) - start
13:20:17.340 [main] DEBUG org.dbunit.dataset.datatype.BigIntegerDataType - setSqlValue(value=1, column=2, statement=org.apache.derby.client.am.ClientPreparedStatement42@6f9c5048) - start
13:20:17.340 [main] DEBUG org.dbunit.dataset.datatype.BigIntegerDataType - typeCast(value=1) - start
13:20:17.340 [main] DEBUG org.dbunit.database.statement.AutomaticPreparedBatchStatement - addBatch() - start
13:20:17.340 [main] DEBUG org.dbunit.database.statement.SimplePreparedStatement - addBatch() - start
13:20:17.340 [main] DEBUG org.dbunit.operation.InsertOperation - equalsIgnoreMapping(ignoreMapping={}, table=org.dbunit.dataset.DefaultTable[_metaData=tableName=TB_USUARIO_PERFIL, columns=[(ID_USUARIO, UNKNOWN, nullableUnknown), (ID_PERFIL, UNKNOWN, nullableUnknown)], keys=[], _rowList.size()=2], row=1) - start
13:20:17.340 [main] DEBUG org.dbunit.dataset.DefaultTable - getValue(row=1, column=ID_USUARIO) - start
13:20:17.340 [main] DEBUG org.dbunit.dataset.AbstractTable - assertValidRowIndex(row=1) - start
13:20:17.340 [main] DEBUG org.dbunit.dataset.AbstractTable - assertValidRowIndex(row=1, rowCount=2) - start
13:20:17.340 [main] DEBUG org.dbunit.dataset.AbstractTable - getColumnIndex(columnName=ID_USUARIO) - start
13:20:17.340 [main] DEBUG org.dbunit.dataset.AbstractTableMetaData - getColumnIndex(columnName=ID_USUARIO) - start
13:20:17.340 [main] DEBUG org.dbunit.dataset.DefaultTable - getValue(row=1, column=ID_PERFIL) - start
13:20:17.340 [main] DEBUG org.dbunit.dataset.AbstractTable - assertValidRowIndex(row=1) - start
13:20:17.340 [main] DEBUG org.dbunit.dataset.AbstractTable - assertValidRowIndex(row=1, rowCount=2) - start
13:20:17.340 [main] DEBUG org.dbunit.dataset.AbstractTable - getColumnIndex(columnName=ID_PERFIL) - start
13:20:17.340 [main] DEBUG org.dbunit.dataset.AbstractTableMetaData - getColumnIndex(columnName=ID_PERFIL) - start
13:20:17.340 [main] DEBUG org.dbunit.dataset.DefaultTable - getValue(row=1, column=ID_USUARIO) - start
13:20:17.340 [main] DEBUG org.dbunit.dataset.AbstractTable - assertValidRowIndex(row=1) - start
13:20:17.340 [main] DEBUG org.dbunit.dataset.AbstractTable - assertValidRowIndex(row=1, rowCount=2) - start
13:20:17.340 [main] DEBUG org.dbunit.dataset.AbstractTable - getColumnIndex(columnName=ID_USUARIO) - start
13:20:17.340 [main] DEBUG org.dbunit.dataset.AbstractTableMetaData - getColumnIndex(columnName=ID_USUARIO) - start
13:20:17.340 [main] DEBUG org.dbunit.database.statement.AutomaticPreparedBatchStatement - addValue(value=2, dataType=BIGINT) - start
13:20:17.340 [main] DEBUG org.dbunit.database.statement.SimplePreparedStatement - addValue(value=2, dataType=BIGINT) - start
13:20:17.340 [main] DEBUG org.dbunit.dataset.datatype.BigIntegerDataType - setSqlValue(value=2, column=1, statement=org.apache.derby.client.am.ClientPreparedStatement42@6f9c5048) - start
13:20:17.340 [main] DEBUG org.dbunit.dataset.datatype.BigIntegerDataType - typeCast(value=2) - start
13:20:17.340 [main] DEBUG org.dbunit.dataset.DefaultTable - getValue(row=1, column=ID_PERFIL) - start
13:20:17.340 [main] DEBUG org.dbunit.dataset.AbstractTable - assertValidRowIndex(row=1) - start
13:20:17.340 [main] DEBUG org.dbunit.dataset.AbstractTable - assertValidRowIndex(row=1, rowCount=2) - start
13:20:17.340 [main] DEBUG org.dbunit.dataset.AbstractTable - getColumnIndex(columnName=ID_PERFIL) - start
13:20:17.340 [main] DEBUG org.dbunit.dataset.AbstractTableMetaData - getColumnIndex(columnName=ID_PERFIL) - start
13:20:17.340 [main] DEBUG org.dbunit.database.statement.AutomaticPreparedBatchStatement - addValue(value=2, dataType=BIGINT) - start
13:20:17.340 [main] DEBUG org.dbunit.database.statement.SimplePreparedStatement - addValue(value=2, dataType=BIGINT) - start
13:20:17.340 [main] DEBUG org.dbunit.dataset.datatype.BigIntegerDataType - setSqlValue(value=2, column=2, statement=org.apache.derby.client.am.ClientPreparedStatement42@6f9c5048) - start
13:20:17.340 [main] DEBUG org.dbunit.dataset.datatype.BigIntegerDataType - typeCast(value=2) - start
13:20:17.340 [main] DEBUG org.dbunit.database.statement.AutomaticPreparedBatchStatement - addBatch() - start
13:20:17.340 [main] DEBUG org.dbunit.database.statement.SimplePreparedStatement - addBatch() - start
13:20:17.342 [main] DEBUG org.dbunit.operation.InsertOperation - equalsIgnoreMapping(ignoreMapping={}, table=org.dbunit.dataset.DefaultTable[_metaData=tableName=TB_USUARIO_PERFIL, columns=[(ID_USUARIO, UNKNOWN, nullableUnknown), (ID_PERFIL, UNKNOWN, nullableUnknown)], keys=[], _rowList.size()=2], row=2) - start
13:20:17.342 [main] DEBUG org.dbunit.dataset.DefaultTable - getValue(row=2, column=ID_USUARIO) - start
13:20:17.342 [main] DEBUG org.dbunit.dataset.AbstractTable - assertValidRowIndex(row=2) - start
13:20:17.342 [main] DEBUG org.dbunit.dataset.AbstractTable - assertValidRowIndex(row=2, rowCount=2) - start
13:20:17.342 [main] DEBUG org.dbunit.database.statement.AutomaticPreparedBatchStatement - executeBatch() - start
13:20:17.342 [main] DEBUG org.dbunit.database.statement.SimplePreparedStatement - executeBatch() - start
13:20:17.342 [main] DEBUG org.dbunit.database.statement.SimplePreparedStatement - clearBatch() - start
13:20:17.342 [main] DEBUG org.dbunit.database.statement.AutomaticPreparedBatchStatement - clearBatch() - start
13:20:17.342 [main] DEBUG org.dbunit.database.statement.SimplePreparedStatement - clearBatch() - start
13:20:17.342 [main] DEBUG org.dbunit.database.statement.AutomaticPreparedBatchStatement - close() - start
13:20:17.342 [main] DEBUG org.dbunit.database.statement.AbstractPreparedBatchStatement - close() - start
13:20:17.342 [main] DEBUG org.dbunit.dataset.DefaultTableIterator - getTable() - start
13:20:17.342 [main] DEBUG org.dbunit.operation.AbstractBatchOperation - isEmpty(table=org.dbunit.dataset.DefaultTable[_metaData=tableName=TB_TAREFA, columns=[(ID_TAREFA, UNKNOWN, nullableUnknown), (NOME_TAREFA, UNKNOWN, nullableUnknown), (DESCRICAO_TAREFA, UNKNOWN, nullableUnknown), (DATA_INICIO_TAREFA, UNKNOWN, nullableUnknown), (PRIORIDADE_TAREFA, UNKNOWN, nullableUnknown), (TIPO_STATUS, UNKNOWN, nullableUnknown), (USUARIO_ID, UNKNOWN, nullableUnknown), (ID_PROJETO, UNKNOWN, nullableUnknown)], keys=[], _rowList.size()=2]) - start
13:20:17.342 [main] DEBUG org.dbunit.dataset.DefaultTable - getValue(row=0, column=ID_TAREFA) - start
13:20:17.342 [main] DEBUG org.dbunit.dataset.AbstractTable - assertValidRowIndex(row=0) - start
13:20:17.342 [main] DEBUG org.dbunit.dataset.AbstractTable - assertValidRowIndex(row=0, rowCount=2) - start
13:20:17.342 [main] DEBUG org.dbunit.dataset.AbstractTable - getColumnIndex(columnName=ID_TAREFA) - start
13:20:17.342 [main] DEBUG org.dbunit.dataset.AbstractTableMetaData - getColumnIndex(columnName=ID_TAREFA) - start
13:20:17.342 [main] DEBUG org.dbunit.operation.AbstractOperation - getOperationMetaData(connection=org.dbunit.database.DatabaseConnection[schema=null, connection=org.apache.derby.client.net.NetConnection@7d7cac8, super=_databaseConfig=org.dbunit.database.DatabaseConfig[, _propertyMap={http://www.dbunit.org/features/qualifiedTableNames=false, http://www.dbunit.org/properties/tableType=[Ljava.lang.String;@2d2acd89, http://www.dbunit.org/properties/batchSize=100, http://www.dbunit.org/properties/statementFactory=org.dbunit.database.statement.PreparedStatementFactory@7baf6acf, http://www.dbunit.org/features/batchedStatements=false, http://www.dbunit.org/features/caseSensitiveTableNames=false, http://www.dbunit.org/features/allowEmptyFields=false, http://www.dbunit.org/properties/datatypeFactory=org.dbunit.dataset.datatype.DefaultDataTypeFactory[_toleratedDeltaMap=org.dbunit.dataset.datatype.ToleratedDeltaMap@1e6dad8], http://www.dbunit.org/properties/metadataHandler=org.dbunit.database.DefaultMetadataHandler@6fc6deb7, http://www.dbunit.org/properties/fetchSize=100, http://www.dbunit.org/properties/resultSetTableFactory=org.dbunit.database.CachedResultSetTableFactory@8ed9cf, http://www.dbunit.org/features/datatypeWarning=true, http://www.dbunit.org/properties/escapePattern=null, http://www.dbunit.org/properties/allowVerifytabledefinitionExpectedtableCountMismatch=false}], _dataSet=AbstractDataSet[_orderedTableNameMap=null]], metaData=tableName=TB_TAREFA, columns=[(ID_TAREFA, UNKNOWN, nullableUnknown), (NOME_TAREFA, UNKNOWN, nullableUnknown), (DESCRICAO_TAREFA, UNKNOWN, nullableUnknown), (DATA_INICIO_TAREFA, UNKNOWN, nullableUnknown), (PRIORIDADE_TAREFA, UNKNOWN, nullableUnknown), (TIPO_STATUS, UNKNOWN, nullableUnknown), (USUARIO_ID, UNKNOWN, nullableUnknown), (ID_PROJETO, UNKNOWN, nullableUnknown)], keys=[]) - start
13:20:17.342 [main] DEBUG org.dbunit.database.AbstractDatabaseConnection - createDataSet() - start
13:20:17.342 [main] DEBUG org.dbunit.database.DatabaseDataSet - getTableMetaData(tableName=TB_TAREFA) - start
13:20:17.342 [main] DEBUG org.dbunit.database.DatabaseDataSet - initialize() - start
13:20:17.342 [main] DEBUG org.dbunit.dataset.OrderedTableNameMap - getTableName(tableName=TB_TAREFA) - start
13:20:17.342 [main] DEBUG org.dbunit.dataset.OrderedTableNameMap - getTableName(tableName=TB_TAREFA) - end - result=TB_TAREFA
13:20:17.342 [main] DEBUG org.dbunit.dataset.OrderedTableNameMap - getTableName(tableName=TB_TAREFA) - start
13:20:17.342 [main] DEBUG org.dbunit.dataset.OrderedTableNameMap - getTableName(tableName=TB_TAREFA) - end - result=TB_TAREFA
13:20:17.342 [main] DEBUG org.dbunit.dataset.AbstractTableMetaData - getColumnIndex(columnName=ID_TAREFA) - start
13:20:17.342 [main] DEBUG org.dbunit.database.DatabaseTableMetaData - getColumns() - start
13:20:17.342 [main] DEBUG org.dbunit.database.DatabaseTableMetaData - getColumns() - start
13:20:17.342 [main] DEBUG org.dbunit.dataset.AbstractTableMetaData - getColumnIndex(columnName=NOME_TAREFA) - start
13:20:17.342 [main] DEBUG org.dbunit.database.DatabaseTableMetaData - getColumns() - start
13:20:17.342 [main] DEBUG org.dbunit.dataset.AbstractTableMetaData - getColumnIndex(columnName=DESCRICAO_TAREFA) - start
13:20:17.342 [main] DEBUG org.dbunit.database.DatabaseTableMetaData - getColumns() - start
13:20:17.342 [main] DEBUG org.dbunit.dataset.AbstractTableMetaData - getColumnIndex(columnName=DATA_INICIO_TAREFA) - start
13:20:17.342 [main] DEBUG org.dbunit.database.DatabaseTableMetaData - getColumns() - start
13:20:17.342 [main] DEBUG org.dbunit.dataset.AbstractTableMetaData - getColumnIndex(columnName=PRIORIDADE_TAREFA) - start
13:20:17.342 [main] DEBUG org.dbunit.database.DatabaseTableMetaData - getColumns() - start
13:20:17.342 [main] DEBUG org.dbunit.dataset.AbstractTableMetaData - getColumnIndex(columnName=TIPO_STATUS) - start
13:20:17.342 [main] DEBUG org.dbunit.database.DatabaseTableMetaData - getColumns() - start
13:20:17.342 [main] DEBUG org.dbunit.dataset.AbstractTableMetaData - getColumnIndex(columnName=USUARIO_ID) - start
13:20:17.342 [main] DEBUG org.dbunit.database.DatabaseTableMetaData - getColumns() - start
13:20:17.342 [main] DEBUG org.dbunit.dataset.AbstractTableMetaData - getColumnIndex(columnName=ID_PROJETO) - start
13:20:17.342 [main] DEBUG org.dbunit.database.DatabaseTableMetaData - getColumns() - start
13:20:17.342 [main] DEBUG org.dbunit.database.DatabaseTableMetaData - getPrimaryKeys() - start
13:20:17.342 [main] DEBUG org.dbunit.operation.InsertOperation - getIgnoreMapping(table=org.dbunit.dataset.DefaultTable[_metaData=tableName=TB_TAREFA, columns=[(ID_TAREFA, UNKNOWN, nullableUnknown), (NOME_TAREFA, UNKNOWN, nullableUnknown), (DESCRICAO_TAREFA, UNKNOWN, nullableUnknown), (DATA_INICIO_TAREFA, UNKNOWN, nullableUnknown), (PRIORIDADE_TAREFA, UNKNOWN, nullableUnknown), (TIPO_STATUS, UNKNOWN, nullableUnknown), (USUARIO_ID, UNKNOWN, nullableUnknown), (ID_PROJETO, UNKNOWN, nullableUnknown)], keys=[], _rowList.size()=2], row=0) - start
13:20:17.342 [main] DEBUG org.dbunit.dataset.DefaultTable - getValue(row=0, column=ID_TAREFA) - start
13:20:17.342 [main] DEBUG org.dbunit.dataset.AbstractTable - assertValidRowIndex(row=0) - start
13:20:17.342 [main] DEBUG org.dbunit.dataset.AbstractTable - assertValidRowIndex(row=0, rowCount=2) - start
13:20:17.342 [main] DEBUG org.dbunit.dataset.AbstractTable - getColumnIndex(columnName=ID_TAREFA) - start
13:20:17.342 [main] DEBUG org.dbunit.dataset.AbstractTableMetaData - getColumnIndex(columnName=ID_TAREFA) - start
13:20:17.342 [main] DEBUG org.dbunit.dataset.DefaultTable - getValue(row=0, column=NOME_TAREFA) - start
13:20:17.342 [main] DEBUG org.dbunit.dataset.AbstractTable - assertValidRowIndex(row=0) - start
13:20:17.342 [main] DEBUG org.dbunit.dataset.AbstractTable - assertValidRowIndex(row=0, rowCount=2) - start
13:20:17.342 [main] DEBUG org.dbunit.dataset.AbstractTable - getColumnIndex(columnName=NOME_TAREFA) - start
13:20:17.342 [main] DEBUG org.dbunit.dataset.AbstractTableMetaData - getColumnIndex(columnName=NOME_TAREFA) - start
13:20:17.342 [main] DEBUG org.dbunit.dataset.DefaultTable - getValue(row=0, column=DESCRICAO_TAREFA) - start
13:20:17.342 [main] DEBUG org.dbunit.dataset.AbstractTable - assertValidRowIndex(row=0) - start
13:20:17.342 [main] DEBUG org.dbunit.dataset.AbstractTable - assertValidRowIndex(row=0, rowCount=2) - start
13:20:17.342 [main] DEBUG org.dbunit.dataset.AbstractTable - getColumnIndex(columnName=DESCRICAO_TAREFA) - start
13:20:17.342 [main] DEBUG org.dbunit.dataset.AbstractTableMetaData - getColumnIndex(columnName=DESCRICAO_TAREFA) - start
13:20:17.342 [main] DEBUG org.dbunit.dataset.DefaultTable - getValue(row=0, column=DATA_INICIO_TAREFA) - start
13:20:17.342 [main] DEBUG org.dbunit.dataset.AbstractTable - assertValidRowIndex(row=0) - start
13:20:17.342 [main] DEBUG org.dbunit.dataset.AbstractTable - assertValidRowIndex(row=0, rowCount=2) - start
13:20:17.342 [main] DEBUG org.dbunit.dataset.AbstractTable - getColumnIndex(columnName=DATA_INICIO_TAREFA) - start
13:20:17.342 [main] DEBUG org.dbunit.dataset.AbstractTableMetaData - getColumnIndex(columnName=DATA_INICIO_TAREFA) - start
13:20:17.342 [main] DEBUG org.dbunit.dataset.DefaultTable - getValue(row=0, column=PRIORIDADE_TAREFA) - start
13:20:17.342 [main] DEBUG org.dbunit.dataset.AbstractTable - assertValidRowIndex(row=0) - start
13:20:17.342 [main] DEBUG org.dbunit.dataset.AbstractTable - assertValidRowIndex(row=0, rowCount=2) - start
13:20:17.342 [main] DEBUG org.dbunit.dataset.AbstractTable - getColumnIndex(columnName=PRIORIDADE_TAREFA) - start
13:20:17.342 [main] DEBUG org.dbunit.dataset.AbstractTableMetaData - getColumnIndex(columnName=PRIORIDADE_TAREFA) - start
13:20:17.342 [main] DEBUG org.dbunit.dataset.DefaultTable - getValue(row=0, column=TIPO_STATUS) - start
13:20:17.342 [main] DEBUG org.dbunit.dataset.AbstractTable - assertValidRowIndex(row=0) - start
13:20:17.342 [main] DEBUG org.dbunit.dataset.AbstractTable - assertValidRowIndex(row=0, rowCount=2) - start
13:20:17.342 [main] DEBUG org.dbunit.dataset.AbstractTable - getColumnIndex(columnName=TIPO_STATUS) - start
13:20:17.342 [main] DEBUG org.dbunit.dataset.AbstractTableMetaData - getColumnIndex(columnName=TIPO_STATUS) - start
13:20:17.342 [main] DEBUG org.dbunit.dataset.DefaultTable - getValue(row=0, column=USUARIO_ID) - start
13:20:17.342 [main] DEBUG org.dbunit.dataset.AbstractTable - assertValidRowIndex(row=0) - start
13:20:17.342 [main] DEBUG org.dbunit.dataset.AbstractTable - assertValidRowIndex(row=0, rowCount=2) - start
13:20:17.342 [main] DEBUG org.dbunit.dataset.AbstractTable - getColumnIndex(columnName=USUARIO_ID) - start
13:20:17.342 [main] DEBUG org.dbunit.dataset.AbstractTableMetaData - getColumnIndex(columnName=USUARIO_ID) - start
13:20:17.342 [main] DEBUG org.dbunit.dataset.DefaultTable - getValue(row=0, column=ID_PROJETO) - start
13:20:17.342 [main] DEBUG org.dbunit.dataset.AbstractTable - assertValidRowIndex(row=0) - start
13:20:17.342 [main] DEBUG org.dbunit.dataset.AbstractTable - assertValidRowIndex(row=0, rowCount=2) - start
13:20:17.342 [main] DEBUG org.dbunit.dataset.AbstractTable - getColumnIndex(columnName=ID_PROJETO) - start
13:20:17.342 [main] DEBUG org.dbunit.dataset.AbstractTableMetaData - getColumnIndex(columnName=ID_PROJETO) - start
13:20:17.342 [main] DEBUG org.dbunit.operation.InsertOperation - getOperationData(metaData=tableName=TB_TAREFA, columns=[(ID_TAREFA, BIGINT, noNulls), (NOME_TAREFA, VARCHAR, noNulls), (DESCRICAO_TAREFA, VARCHAR, nullable), (DATA_INICIO_TAREFA, DATE, noNulls), (PRIORIDADE_TAREFA, VARCHAR, noNulls), (TIPO_STATUS, VARCHAR, noNulls), (USUARIO_ID, BIGINT, noNulls), (ID_PROJETO, BIGINT, noNulls)], keys=[(ID_TAREFA, BIGINT, noNulls)], ignoreMapping={}, connection=org.dbunit.database.DatabaseConnection[schema=null, connection=org.apache.derby.client.net.NetConnection@7d7cac8, super=_databaseConfig=org.dbunit.database.DatabaseConfig[, _propertyMap={http://www.dbunit.org/features/qualifiedTableNames=false, http://www.dbunit.org/properties/tableType=[Ljava.lang.String;@2d2acd89, http://www.dbunit.org/properties/batchSize=100, http://www.dbunit.org/properties/statementFactory=org.dbunit.database.statement.PreparedStatementFactory@7baf6acf, http://www.dbunit.org/features/batchedStatements=false, http://www.dbunit.org/features/caseSensitiveTableNames=false, http://www.dbunit.org/features/allowEmptyFields=false, http://www.dbunit.org/properties/datatypeFactory=org.dbunit.dataset.datatype.DefaultDataTypeFactory[_toleratedDeltaMap=org.dbunit.dataset.datatype.ToleratedDeltaMap@1e6dad8], http://www.dbunit.org/properties/metadataHandler=org.dbunit.database.DefaultMetadataHandler@6fc6deb7, http://www.dbunit.org/properties/fetchSize=100, http://www.dbunit.org/properties/resultSetTableFactory=org.dbunit.database.CachedResultSetTableFactory@8ed9cf, http://www.dbunit.org/features/datatypeWarning=true, http://www.dbunit.org/properties/escapePattern=null, http://www.dbunit.org/properties/allowVerifytabledefinitionExpectedtableCountMismatch=false}], _dataSet=AbstractDataSet[_orderedTableNameMap=null]]) - start
13:20:17.342 [main] DEBUG org.dbunit.operation.AbstractOperation - getQualifiedName(prefix=null, name=TB_TAREFA, connection=org.dbunit.database.DatabaseConnection[schema=null, connection=org.apache.derby.client.net.NetConnection@7d7cac8, super=_databaseConfig=org.dbunit.database.DatabaseConfig[, _propertyMap={http://www.dbunit.org/features/qualifiedTableNames=false, http://www.dbunit.org/properties/tableType=[Ljava.lang.String;@2d2acd89, http://www.dbunit.org/properties/batchSize=100, http://www.dbunit.org/properties/statementFactory=org.dbunit.database.statement.PreparedStatementFactory@7baf6acf, http://www.dbunit.org/features/batchedStatements=false, http://www.dbunit.org/features/caseSensitiveTableNames=false, http://www.dbunit.org/features/allowEmptyFields=false, http://www.dbunit.org/properties/datatypeFactory=org.dbunit.dataset.datatype.DefaultDataTypeFactory[_toleratedDeltaMap=org.dbunit.dataset.datatype.ToleratedDeltaMap@1e6dad8], http://www.dbunit.org/properties/metadataHandler=org.dbunit.database.DefaultMetadataHandler@6fc6deb7, http://www.dbunit.org/properties/fetchSize=100, http://www.dbunit.org/properties/resultSetTableFactory=org.dbunit.database.CachedResultSetTableFactory@8ed9cf, http://www.dbunit.org/features/datatypeWarning=true, http://www.dbunit.org/properties/escapePattern=null, http://www.dbunit.org/properties/allowVerifytabledefinitionExpectedtableCountMismatch=false}], _dataSet=AbstractDataSet[_orderedTableNameMap=null]]) - start
13:20:17.342 [main] DEBUG org.dbunit.util.QualifiedTableName - getQualifiedName() - start
13:20:17.342 [main] DEBUG org.dbunit.util.QualifiedTableName - getQualifiedName(prefix=null, name=TB_TAREFA, escapePattern=null) - start
13:20:17.342 [main] DEBUG org.dbunit.operation.AbstractOperation - getQualifiedName(prefix=null, name=ID_TAREFA, connection=org.dbunit.database.DatabaseConnection[schema=null, connection=org.apache.derby.client.net.NetConnection@7d7cac8, super=_databaseConfig=org.dbunit.database.DatabaseConfig[, _propertyMap={http://www.dbunit.org/features/qualifiedTableNames=false, http://www.dbunit.org/properties/tableType=[Ljava.lang.String;@2d2acd89, http://www.dbunit.org/properties/batchSize=100, http://www.dbunit.org/properties/statementFactory=org.dbunit.database.statement.PreparedStatementFactory@7baf6acf, http://www.dbunit.org/features/batchedStatements=false, http://www.dbunit.org/features/caseSensitiveTableNames=false, http://www.dbunit.org/features/allowEmptyFields=false, http://www.dbunit.org/properties/datatypeFactory=org.dbunit.dataset.datatype.DefaultDataTypeFactory[_toleratedDeltaMap=org.dbunit.dataset.datatype.ToleratedDeltaMap@1e6dad8], http://www.dbunit.org/properties/metadataHandler=org.dbunit.database.DefaultMetadataHandler@6fc6deb7, http://www.dbunit.org/properties/fetchSize=100, http://www.dbunit.org/properties/resultSetTableFactory=org.dbunit.database.CachedResultSetTableFactory@8ed9cf, http://www.dbunit.org/features/datatypeWarning=true, http://www.dbunit.org/properties/escapePattern=null, http://www.dbunit.org/properties/allowVerifytabledefinitionExpectedtableCountMismatch=false}], _dataSet=AbstractDataSet[_orderedTableNameMap=null]]) - start
13:20:17.342 [main] DEBUG org.dbunit.util.QualifiedTableName - getQualifiedName() - start
13:20:17.342 [main] DEBUG org.dbunit.util.QualifiedTableName - getQualifiedName(prefix=null, name=ID_TAREFA, escapePattern=null) - start
13:20:17.342 [main] DEBUG org.dbunit.operation.AbstractOperation - getQualifiedName(prefix=null, name=NOME_TAREFA, connection=org.dbunit.database.DatabaseConnection[schema=null, connection=org.apache.derby.client.net.NetConnection@7d7cac8, super=_databaseConfig=org.dbunit.database.DatabaseConfig[, _propertyMap={http://www.dbunit.org/features/qualifiedTableNames=false, http://www.dbunit.org/properties/tableType=[Ljava.lang.String;@2d2acd89, http://www.dbunit.org/properties/batchSize=100, http://www.dbunit.org/properties/statementFactory=org.dbunit.database.statement.PreparedStatementFactory@7baf6acf, http://www.dbunit.org/features/batchedStatements=false, http://www.dbunit.org/features/caseSensitiveTableNames=false, http://www.dbunit.org/features/allowEmptyFields=false, http://www.dbunit.org/properties/datatypeFactory=org.dbunit.dataset.datatype.DefaultDataTypeFactory[_toleratedDeltaMap=org.dbunit.dataset.datatype.ToleratedDeltaMap@1e6dad8], http://www.dbunit.org/properties/metadataHandler=org.dbunit.database.DefaultMetadataHandler@6fc6deb7, http://www.dbunit.org/properties/fetchSize=100, http://www.dbunit.org/properties/resultSetTableFactory=org.dbunit.database.CachedResultSetTableFactory@8ed9cf, http://www.dbunit.org/features/datatypeWarning=true, http://www.dbunit.org/properties/escapePattern=null, http://www.dbunit.org/properties/allowVerifytabledefinitionExpectedtableCountMismatch=false}], _dataSet=AbstractDataSet[_orderedTableNameMap=null]]) - start
13:20:17.342 [main] DEBUG org.dbunit.util.QualifiedTableName - getQualifiedName() - start
13:20:17.342 [main] DEBUG org.dbunit.util.QualifiedTableName - getQualifiedName(prefix=null, name=NOME_TAREFA, escapePattern=null) - start
13:20:17.342 [main] DEBUG org.dbunit.operation.AbstractOperation - getQualifiedName(prefix=null, name=DESCRICAO_TAREFA, connection=org.dbunit.database.DatabaseConnection[schema=null, connection=org.apache.derby.client.net.NetConnection@7d7cac8, super=_databaseConfig=org.dbunit.database.DatabaseConfig[, _propertyMap={http://www.dbunit.org/features/qualifiedTableNames=false, http://www.dbunit.org/properties/tableType=[Ljava.lang.String;@2d2acd89, http://www.dbunit.org/properties/batchSize=100, http://www.dbunit.org/properties/statementFactory=org.dbunit.database.statement.PreparedStatementFactory@7baf6acf, http://www.dbunit.org/features/batchedStatements=false, http://www.dbunit.org/features/caseSensitiveTableNames=false, http://www.dbunit.org/features/allowEmptyFields=false, http://www.dbunit.org/properties/datatypeFactory=org.dbunit.dataset.datatype.DefaultDataTypeFactory[_toleratedDeltaMap=org.dbunit.dataset.datatype.ToleratedDeltaMap@1e6dad8], http://www.dbunit.org/properties/metadataHandler=org.dbunit.database.DefaultMetadataHandler@6fc6deb7, http://www.dbunit.org/properties/fetchSize=100, http://www.dbunit.org/properties/resultSetTableFactory=org.dbunit.database.CachedResultSetTableFactory@8ed9cf, http://www.dbunit.org/features/datatypeWarning=true, http://www.dbunit.org/properties/escapePattern=null, http://www.dbunit.org/properties/allowVerifytabledefinitionExpectedtableCountMismatch=false}], _dataSet=AbstractDataSet[_orderedTableNameMap=null]]) - start
13:20:17.342 [main] DEBUG org.dbunit.util.QualifiedTableName - getQualifiedName() - start
13:20:17.342 [main] DEBUG org.dbunit.util.QualifiedTableName - getQualifiedName(prefix=null, name=DESCRICAO_TAREFA, escapePattern=null) - start
13:20:17.342 [main] DEBUG org.dbunit.operation.AbstractOperation - getQualifiedName(prefix=null, name=DATA_INICIO_TAREFA, connection=org.dbunit.database.DatabaseConnection[schema=null, connection=org.apache.derby.client.net.NetConnection@7d7cac8, super=_databaseConfig=org.dbunit.database.DatabaseConfig[, _propertyMap={http://www.dbunit.org/features/qualifiedTableNames=false, http://www.dbunit.org/properties/tableType=[Ljava.lang.String;@2d2acd89, http://www.dbunit.org/properties/batchSize=100, http://www.dbunit.org/properties/statementFactory=org.dbunit.database.statement.PreparedStatementFactory@7baf6acf, http://www.dbunit.org/features/batchedStatements=false, http://www.dbunit.org/features/caseSensitiveTableNames=false, http://www.dbunit.org/features/allowEmptyFields=false, http://www.dbunit.org/properties/datatypeFactory=org.dbunit.dataset.datatype.DefaultDataTypeFactory[_toleratedDeltaMap=org.dbunit.dataset.datatype.ToleratedDeltaMap@1e6dad8], http://www.dbunit.org/properties/metadataHandler=org.dbunit.database.DefaultMetadataHandler@6fc6deb7, http://www.dbunit.org/properties/fetchSize=100, http://www.dbunit.org/properties/resultSetTableFactory=org.dbunit.database.CachedResultSetTableFactory@8ed9cf, http://www.dbunit.org/features/datatypeWarning=true, http://www.dbunit.org/properties/escapePattern=null, http://www.dbunit.org/properties/allowVerifytabledefinitionExpectedtableCountMismatch=false}], _dataSet=AbstractDataSet[_orderedTableNameMap=null]]) - start
13:20:17.342 [main] DEBUG org.dbunit.util.QualifiedTableName - getQualifiedName() - start
13:20:17.342 [main] DEBUG org.dbunit.util.QualifiedTableName - getQualifiedName(prefix=null, name=DATA_INICIO_TAREFA, escapePattern=null) - start
13:20:17.342 [main] DEBUG org.dbunit.operation.AbstractOperation - getQualifiedName(prefix=null, name=PRIORIDADE_TAREFA, connection=org.dbunit.database.DatabaseConnection[schema=null, connection=org.apache.derby.client.net.NetConnection@7d7cac8, super=_databaseConfig=org.dbunit.database.DatabaseConfig[, _propertyMap={http://www.dbunit.org/features/qualifiedTableNames=false, http://www.dbunit.org/properties/tableType=[Ljava.lang.String;@2d2acd89, http://www.dbunit.org/properties/batchSize=100, http://www.dbunit.org/properties/statementFactory=org.dbunit.database.statement.PreparedStatementFactory@7baf6acf, http://www.dbunit.org/features/batchedStatements=false, http://www.dbunit.org/features/caseSensitiveTableNames=false, http://www.dbunit.org/features/allowEmptyFields=false, http://www.dbunit.org/properties/datatypeFactory=org.dbunit.dataset.datatype.DefaultDataTypeFactory[_toleratedDeltaMap=org.dbunit.dataset.datatype.ToleratedDeltaMap@1e6dad8], http://www.dbunit.org/properties/metadataHandler=org.dbunit.database.DefaultMetadataHandler@6fc6deb7, http://www.dbunit.org/properties/fetchSize=100, http://www.dbunit.org/properties/resultSetTableFactory=org.dbunit.database.CachedResultSetTableFactory@8ed9cf, http://www.dbunit.org/features/datatypeWarning=true, http://www.dbunit.org/properties/escapePattern=null, http://www.dbunit.org/properties/allowVerifytabledefinitionExpectedtableCountMismatch=false}], _dataSet=AbstractDataSet[_orderedTableNameMap=null]]) - start
13:20:17.342 [main] DEBUG org.dbunit.util.QualifiedTableName - getQualifiedName() - start
13:20:17.342 [main] DEBUG org.dbunit.util.QualifiedTableName - getQualifiedName(prefix=null, name=PRIORIDADE_TAREFA, escapePattern=null) - start
13:20:17.342 [main] DEBUG org.dbunit.operation.AbstractOperation - getQualifiedName(prefix=null, name=TIPO_STATUS, connection=org.dbunit.database.DatabaseConnection[schema=null, connection=org.apache.derby.client.net.NetConnection@7d7cac8, super=_databaseConfig=org.dbunit.database.DatabaseConfig[, _propertyMap={http://www.dbunit.org/features/qualifiedTableNames=false, http://www.dbunit.org/properties/tableType=[Ljava.lang.String;@2d2acd89, http://www.dbunit.org/properties/batchSize=100, http://www.dbunit.org/properties/statementFactory=org.dbunit.database.statement.PreparedStatementFactory@7baf6acf, http://www.dbunit.org/features/batchedStatements=false, http://www.dbunit.org/features/caseSensitiveTableNames=false, http://www.dbunit.org/features/allowEmptyFields=false, http://www.dbunit.org/properties/datatypeFactory=org.dbunit.dataset.datatype.DefaultDataTypeFactory[_toleratedDeltaMap=org.dbunit.dataset.datatype.ToleratedDeltaMap@1e6dad8], http://www.dbunit.org/properties/metadataHandler=org.dbunit.database.DefaultMetadataHandler@6fc6deb7, http://www.dbunit.org/properties/fetchSize=100, http://www.dbunit.org/properties/resultSetTableFactory=org.dbunit.database.CachedResultSetTableFactory@8ed9cf, http://www.dbunit.org/features/datatypeWarning=true, http://www.dbunit.org/properties/escapePattern=null, http://www.dbunit.org/properties/allowVerifytabledefinitionExpectedtableCountMismatch=false}], _dataSet=AbstractDataSet[_orderedTableNameMap=null]]) - start
13:20:17.343 [main] DEBUG org.dbunit.util.QualifiedTableName - getQualifiedName() - start
13:20:17.343 [main] DEBUG org.dbunit.util.QualifiedTableName - getQualifiedName(prefix=null, name=TIPO_STATUS, escapePattern=null) - start
13:20:17.343 [main] DEBUG org.dbunit.operation.AbstractOperation - getQualifiedName(prefix=null, name=USUARIO_ID, connection=org.dbunit.database.DatabaseConnection[schema=null, connection=org.apache.derby.client.net.NetConnection@7d7cac8, super=_databaseConfig=org.dbunit.database.DatabaseConfig[, _propertyMap={http://www.dbunit.org/features/qualifiedTableNames=false, http://www.dbunit.org/properties/tableType=[Ljava.lang.String;@2d2acd89, http://www.dbunit.org/properties/batchSize=100, http://www.dbunit.org/properties/statementFactory=org.dbunit.database.statement.PreparedStatementFactory@7baf6acf, http://www.dbunit.org/features/batchedStatements=false, http://www.dbunit.org/features/caseSensitiveTableNames=false, http://www.dbunit.org/features/allowEmptyFields=false, http://www.dbunit.org/properties/datatypeFactory=org.dbunit.dataset.datatype.DefaultDataTypeFactory[_toleratedDeltaMap=org.dbunit.dataset.datatype.ToleratedDeltaMap@1e6dad8], http://www.dbunit.org/properties/metadataHandler=org.dbunit.database.DefaultMetadataHandler@6fc6deb7, http://www.dbunit.org/properties/fetchSize=100, http://www.dbunit.org/properties/resultSetTableFactory=org.dbunit.database.CachedResultSetTableFactory@8ed9cf, http://www.dbunit.org/features/datatypeWarning=true, http://www.dbunit.org/properties/escapePattern=null, http://www.dbunit.org/properties/allowVerifytabledefinitionExpectedtableCountMismatch=false}], _dataSet=AbstractDataSet[_orderedTableNameMap=null]]) - start
13:20:17.343 [main] DEBUG org.dbunit.util.QualifiedTableName - getQualifiedName() - start
13:20:17.343 [main] DEBUG org.dbunit.util.QualifiedTableName - getQualifiedName(prefix=null, name=USUARIO_ID, escapePattern=null) - start
13:20:17.343 [main] DEBUG org.dbunit.operation.AbstractOperation - getQualifiedName(prefix=null, name=ID_PROJETO, connection=org.dbunit.database.DatabaseConnection[schema=null, connection=org.apache.derby.client.net.NetConnection@7d7cac8, super=_databaseConfig=org.dbunit.database.DatabaseConfig[, _propertyMap={http://www.dbunit.org/features/qualifiedTableNames=false, http://www.dbunit.org/properties/tableType=[Ljava.lang.String;@2d2acd89, http://www.dbunit.org/properties/batchSize=100, http://www.dbunit.org/properties/statementFactory=org.dbunit.database.statement.PreparedStatementFactory@7baf6acf, http://www.dbunit.org/features/batchedStatements=false, http://www.dbunit.org/features/caseSensitiveTableNames=false, http://www.dbunit.org/features/allowEmptyFields=false, http://www.dbunit.org/properties/datatypeFactory=org.dbunit.dataset.datatype.DefaultDataTypeFactory[_toleratedDeltaMap=org.dbunit.dataset.datatype.ToleratedDeltaMap@1e6dad8], http://www.dbunit.org/properties/metadataHandler=org.dbunit.database.DefaultMetadataHandler@6fc6deb7, http://www.dbunit.org/properties/fetchSize=100, http://www.dbunit.org/properties/resultSetTableFactory=org.dbunit.database.CachedResultSetTableFactory@8ed9cf, http://www.dbunit.org/features/datatypeWarning=true, http://www.dbunit.org/properties/escapePattern=null, http://www.dbunit.org/properties/allowVerifytabledefinitionExpectedtableCountMismatch=false}], _dataSet=AbstractDataSet[_orderedTableNameMap=null]]) - start
13:20:17.343 [main] DEBUG org.dbunit.util.QualifiedTableName - getQualifiedName() - start
13:20:17.343 [main] DEBUG org.dbunit.util.QualifiedTableName - getQualifiedName(prefix=null, name=ID_PROJETO, escapePattern=null) - start
13:20:17.343 [main] DEBUG org.dbunit.database.statement.PreparedStatementFactory - createPreparedBatchStatement(sql=insert into TB_TAREFA (ID_TAREFA, NOME_TAREFA, DESCRICAO_TAREFA, DATA_INICIO_TAREFA, PRIORIDADE_TAREFA, TIPO_STATUS, USUARIO_ID, ID_PROJETO) values (?, ?, ?, ?, ?, ?, ?, ?), connection=org.dbunit.database.DatabaseConnection[schema=null, connection=org.apache.derby.client.net.NetConnection@7d7cac8, super=_databaseConfig=org.dbunit.database.DatabaseConfig[, _propertyMap={http://www.dbunit.org/features/qualifiedTableNames=false, http://www.dbunit.org/properties/tableType=[Ljava.lang.String;@2d2acd89, http://www.dbunit.org/properties/batchSize=100, http://www.dbunit.org/properties/statementFactory=org.dbunit.database.statement.PreparedStatementFactory@7baf6acf, http://www.dbunit.org/features/batchedStatements=false, http://www.dbunit.org/features/caseSensitiveTableNames=false, http://www.dbunit.org/features/allowEmptyFields=false, http://www.dbunit.org/properties/datatypeFactory=org.dbunit.dataset.datatype.DefaultDataTypeFactory[_toleratedDeltaMap=org.dbunit.dataset.datatype.ToleratedDeltaMap@1e6dad8], http://www.dbunit.org/properties/metadataHandler=org.dbunit.database.DefaultMetadataHandler@6fc6deb7, http://www.dbunit.org/properties/fetchSize=100, http://www.dbunit.org/properties/resultSetTableFactory=org.dbunit.database.CachedResultSetTableFactory@8ed9cf, http://www.dbunit.org/features/datatypeWarning=true, http://www.dbunit.org/properties/escapePattern=null, http://www.dbunit.org/properties/allowVerifytabledefinitionExpectedtableCountMismatch=false}], _dataSet=AbstractDataSet[_orderedTableNameMap=null]]) - start
13:20:17.343 [main] DEBUG org.dbunit.database.statement.AbstractStatementFactory - supportBatchStatement(connection=org.dbunit.database.DatabaseConnection[schema=null, connection=org.apache.derby.client.net.NetConnection@7d7cac8, super=_databaseConfig=org.dbunit.database.DatabaseConfig[, _propertyMap={http://www.dbunit.org/features/qualifiedTableNames=false, http://www.dbunit.org/properties/tableType=[Ljava.lang.String;@2d2acd89, http://www.dbunit.org/properties/batchSize=100, http://www.dbunit.org/properties/statementFactory=org.dbunit.database.statement.PreparedStatementFactory@7baf6acf, http://www.dbunit.org/features/batchedStatements=false, http://www.dbunit.org/features/caseSensitiveTableNames=false, http://www.dbunit.org/features/allowEmptyFields=false, http://www.dbunit.org/properties/datatypeFactory=org.dbunit.dataset.datatype.DefaultDataTypeFactory[_toleratedDeltaMap=org.dbunit.dataset.datatype.ToleratedDeltaMap@1e6dad8], http://www.dbunit.org/properties/metadataHandler=org.dbunit.database.DefaultMetadataHandler@6fc6deb7, http://www.dbunit.org/properties/fetchSize=100, http://www.dbunit.org/properties/resultSetTableFactory=org.dbunit.database.CachedResultSetTableFactory@8ed9cf, http://www.dbunit.org/features/datatypeWarning=true, http://www.dbunit.org/properties/escapePattern=null, http://www.dbunit.org/properties/allowVerifytabledefinitionExpectedtableCountMismatch=false}], _dataSet=AbstractDataSet[_orderedTableNameMap=null]]) - start
13:20:17.345 [main] DEBUG org.dbunit.dataset.DefaultTable - getValue(row=0, column=ID_TAREFA) - start
13:20:17.345 [main] DEBUG org.dbunit.dataset.AbstractTable - assertValidRowIndex(row=0) - start
13:20:17.345 [main] DEBUG org.dbunit.dataset.AbstractTable - assertValidRowIndex(row=0, rowCount=2) - start
13:20:17.345 [main] DEBUG org.dbunit.dataset.AbstractTable - getColumnIndex(columnName=ID_TAREFA) - start
13:20:17.346 [main] DEBUG org.dbunit.dataset.AbstractTableMetaData - getColumnIndex(columnName=ID_TAREFA) - start
13:20:17.346 [main] DEBUG org.dbunit.database.statement.AutomaticPreparedBatchStatement - addValue(value=1, dataType=BIGINT) - start
13:20:17.346 [main] DEBUG org.dbunit.database.statement.SimplePreparedStatement - addValue(value=1, dataType=BIGINT) - start
13:20:17.346 [main] DEBUG org.dbunit.dataset.datatype.BigIntegerDataType - setSqlValue(value=1, column=1, statement=org.apache.derby.client.am.ClientPreparedStatement42@5114b7c7) - start
13:20:17.346 [main] DEBUG org.dbunit.dataset.datatype.BigIntegerDataType - typeCast(value=1) - start
13:20:17.346 [main] DEBUG org.dbunit.dataset.DefaultTable - getValue(row=0, column=NOME_TAREFA) - start
13:20:17.346 [main] DEBUG org.dbunit.dataset.AbstractTable - assertValidRowIndex(row=0) - start
13:20:17.346 [main] DEBUG org.dbunit.dataset.AbstractTable - assertValidRowIndex(row=0, rowCount=2) - start
13:20:17.346 [main] DEBUG org.dbunit.dataset.AbstractTable - getColumnIndex(columnName=NOME_TAREFA) - start
13:20:17.346 [main] DEBUG org.dbunit.dataset.AbstractTableMetaData - getColumnIndex(columnName=NOME_TAREFA) - start
13:20:17.346 [main] DEBUG org.dbunit.database.statement.AutomaticPreparedBatchStatement - addValue(value=Setup Environment, dataType=VARCHAR) - start
13:20:17.346 [main] DEBUG org.dbunit.database.statement.SimplePreparedStatement - addValue(value=Setup Environment, dataType=VARCHAR) - start
13:20:17.346 [main] DEBUG org.dbunit.dataset.datatype.StringDataType - setSqlValue(value=Setup Environment, column=2, statement=org.apache.derby.client.am.ClientPreparedStatement42@5114b7c7) - start
13:20:17.346 [main] DEBUG org.dbunit.dataset.datatype.DataType - asString(value=Setup Environment) - start
13:20:17.346 [main] DEBUG org.dbunit.dataset.datatype.StringDataType - typeCast(value=Setup Environment) - start
13:20:17.346 [main] DEBUG org.dbunit.dataset.DefaultTable - getValue(row=0, column=DESCRICAO_TAREFA) - start
13:20:17.346 [main] DEBUG org.dbunit.dataset.AbstractTable - assertValidRowIndex(row=0) - start
13:20:17.346 [main] DEBUG org.dbunit.dataset.AbstractTable - assertValidRowIndex(row=0, rowCount=2) - start
13:20:17.346 [main] DEBUG org.dbunit.dataset.AbstractTable - getColumnIndex(columnName=DESCRICAO_TAREFA) - start
13:20:17.346 [main] DEBUG org.dbunit.dataset.AbstractTableMetaData - getColumnIndex(columnName=DESCRICAO_TAREFA) - start
13:20:17.346 [main] DEBUG org.dbunit.database.statement.AutomaticPreparedBatchStatement - addValue(value=Setup development environment, dataType=VARCHAR) - start
13:20:17.346 [main] DEBUG org.dbunit.database.statement.SimplePreparedStatement - addValue(value=Setup development environment, dataType=VARCHAR) - start
13:20:17.346 [main] DEBUG org.dbunit.dataset.datatype.StringDataType - setSqlValue(value=Setup development environment, column=3, statement=org.apache.derby.client.am.ClientPreparedStatement42@5114b7c7) - start
13:20:17.346 [main] DEBUG org.dbunit.dataset.datatype.DataType - asString(value=Setup development environment) - start
13:20:17.346 [main] DEBUG org.dbunit.dataset.datatype.StringDataType - typeCast(value=Setup development environment) - start
13:20:17.346 [main] DEBUG org.dbunit.dataset.DefaultTable - getValue(row=0, column=DATA_INICIO_TAREFA) - start
13:20:17.346 [main] DEBUG org.dbunit.dataset.AbstractTable - assertValidRowIndex(row=0) - start
13:20:17.346 [main] DEBUG org.dbunit.dataset.AbstractTable - assertValidRowIndex(row=0, rowCount=2) - start
13:20:17.346 [main] DEBUG org.dbunit.dataset.AbstractTable - getColumnIndex(columnName=DATA_INICIO_TAREFA) - start
13:20:17.346 [main] DEBUG org.dbunit.dataset.AbstractTableMetaData - getColumnIndex(columnName=DATA_INICIO_TAREFA) - start
13:20:17.346 [main] DEBUG org.dbunit.database.statement.AutomaticPreparedBatchStatement - addValue(value=2024-01-01, dataType=DATE) - start
13:20:17.346 [main] DEBUG org.dbunit.database.statement.SimplePreparedStatement - addValue(value=2024-01-01, dataType=DATE) - start
13:20:17.346 [main] DEBUG org.dbunit.dataset.datatype.DateDataType - setSqlValue(value=2024-01-01, column=4, statement=org.apache.derby.client.am.ClientPreparedStatement42@5114b7c7) - start
13:20:17.346 [main] DEBUG org.dbunit.dataset.datatype.DateDataType - typeCast(value=2024-01-01) - start
13:20:17.346 [main] DEBUG org.dbunit.dataset.DefaultTable - getValue(row=0, column=PRIORIDADE_TAREFA) - start
13:20:17.346 [main] DEBUG org.dbunit.dataset.AbstractTable - assertValidRowIndex(row=0) - start
13:20:17.346 [main] DEBUG org.dbunit.dataset.AbstractTable - assertValidRowIndex(row=0, rowCount=2) - start
13:20:17.346 [main] DEBUG org.dbunit.dataset.AbstractTable - getColumnIndex(columnName=PRIORIDADE_TAREFA) - start
13:20:17.346 [main] DEBUG org.dbunit.dataset.AbstractTableMetaData - getColumnIndex(columnName=PRIORIDADE_TAREFA) - start
13:20:17.346 [main] DEBUG org.dbunit.database.statement.AutomaticPreparedBatchStatement - addValue(value=High, dataType=VARCHAR) - start
13:20:17.346 [main] DEBUG org.dbunit.database.statement.SimplePreparedStatement - addValue(value=High, dataType=VARCHAR) - start
13:20:17.346 [main] DEBUG org.dbunit.dataset.datatype.StringDataType - setSqlValue(value=High, column=5, statement=org.apache.derby.client.am.ClientPreparedStatement42@5114b7c7) - start
13:20:17.346 [main] DEBUG org.dbunit.dataset.datatype.DataType - asString(value=High) - start
13:20:17.346 [main] DEBUG org.dbunit.dataset.datatype.StringDataType - typeCast(value=High) - start
13:20:17.346 [main] DEBUG org.dbunit.dataset.DefaultTable - getValue(row=0, column=TIPO_STATUS) - start
13:20:17.346 [main] DEBUG org.dbunit.dataset.AbstractTable - assertValidRowIndex(row=0) - start
13:20:17.346 [main] DEBUG org.dbunit.dataset.AbstractTable - assertValidRowIndex(row=0, rowCount=2) - start
13:20:17.346 [main] DEBUG org.dbunit.dataset.AbstractTable - getColumnIndex(columnName=TIPO_STATUS) - start
13:20:17.346 [main] DEBUG org.dbunit.dataset.AbstractTableMetaData - getColumnIndex(columnName=TIPO_STATUS) - start
13:20:17.346 [main] DEBUG org.dbunit.database.statement.AutomaticPreparedBatchStatement - addValue(value=IN_PROGRESS, dataType=VARCHAR) - start
13:20:17.346 [main] DEBUG org.dbunit.database.statement.SimplePreparedStatement - addValue(value=IN_PROGRESS, dataType=VARCHAR) - start
13:20:17.346 [main] DEBUG org.dbunit.dataset.datatype.StringDataType - setSqlValue(value=IN_PROGRESS, column=6, statement=org.apache.derby.client.am.ClientPreparedStatement42@5114b7c7) - start
13:20:17.346 [main] DEBUG org.dbunit.dataset.datatype.DataType - asString(value=IN_PROGRESS) - start
13:20:17.346 [main] DEBUG org.dbunit.dataset.datatype.StringDataType - typeCast(value=IN_PROGRESS) - start
13:20:17.346 [main] DEBUG org.dbunit.dataset.DefaultTable - getValue(row=0, column=USUARIO_ID) - start
13:20:17.346 [main] DEBUG org.dbunit.dataset.AbstractTable - assertValidRowIndex(row=0) - start
13:20:17.346 [main] DEBUG org.dbunit.dataset.AbstractTable - assertValidRowIndex(row=0, rowCount=2) - start
13:20:17.346 [main] DEBUG org.dbunit.dataset.AbstractTable - getColumnIndex(columnName=USUARIO_ID) - start
13:20:17.346 [main] DEBUG org.dbunit.dataset.AbstractTableMetaData - getColumnIndex(columnName=USUARIO_ID) - start
13:20:17.346 [main] DEBUG org.dbunit.database.statement.AutomaticPreparedBatchStatement - addValue(value=1, dataType=BIGINT) - start
13:20:17.346 [main] DEBUG org.dbunit.database.statement.SimplePreparedStatement - addValue(value=1, dataType=BIGINT) - start
13:20:17.346 [main] DEBUG org.dbunit.dataset.datatype.BigIntegerDataType - setSqlValue(value=1, column=7, statement=org.apache.derby.client.am.ClientPreparedStatement42@5114b7c7) - start
13:20:17.346 [main] DEBUG org.dbunit.dataset.datatype.BigIntegerDataType - typeCast(value=1) - start
13:20:17.346 [main] DEBUG org.dbunit.dataset.DefaultTable - getValue(row=0, column=ID_PROJETO) - start
13:20:17.346 [main] DEBUG org.dbunit.dataset.AbstractTable - assertValidRowIndex(row=0) - start
13:20:17.346 [main] DEBUG org.dbunit.dataset.AbstractTable - assertValidRowIndex(row=0, rowCount=2) - start
13:20:17.346 [main] DEBUG org.dbunit.dataset.AbstractTable - getColumnIndex(columnName=ID_PROJETO) - start
13:20:17.346 [main] DEBUG org.dbunit.dataset.AbstractTableMetaData - getColumnIndex(columnName=ID_PROJETO) - start
13:20:17.346 [main] DEBUG org.dbunit.database.statement.AutomaticPreparedBatchStatement - addValue(value=1, dataType=BIGINT) - start
13:20:17.346 [main] DEBUG org.dbunit.database.statement.SimplePreparedStatement - addValue(value=1, dataType=BIGINT) - start
13:20:17.346 [main] DEBUG org.dbunit.dataset.datatype.BigIntegerDataType - setSqlValue(value=1, column=8, statement=org.apache.derby.client.am.ClientPreparedStatement42@5114b7c7) - start
13:20:17.346 [main] DEBUG org.dbunit.dataset.datatype.BigIntegerDataType - typeCast(value=1) - start
13:20:17.346 [main] DEBUG org.dbunit.database.statement.AutomaticPreparedBatchStatement - addBatch() - start
13:20:17.346 [main] DEBUG org.dbunit.database.statement.SimplePreparedStatement - addBatch() - start
13:20:17.348 [main] DEBUG org.dbunit.operation.InsertOperation - equalsIgnoreMapping(ignoreMapping={}, table=org.dbunit.dataset.DefaultTable[_metaData=tableName=TB_TAREFA, columns=[(ID_TAREFA, UNKNOWN, nullableUnknown), (NOME_TAREFA, UNKNOWN, nullableUnknown), (DESCRICAO_TAREFA, UNKNOWN, nullableUnknown), (DATA_INICIO_TAREFA, UNKNOWN, nullableUnknown), (PRIORIDADE_TAREFA, UNKNOWN, nullableUnknown), (TIPO_STATUS, UNKNOWN, nullableUnknown), (USUARIO_ID, UNKNOWN, nullableUnknown), (ID_PROJETO, UNKNOWN, nullableUnknown)], keys=[], _rowList.size()=2], row=1) - start
13:20:17.348 [main] DEBUG org.dbunit.dataset.DefaultTable - getValue(row=1, column=ID_TAREFA) - start
13:20:17.348 [main] DEBUG org.dbunit.dataset.AbstractTable - assertValidRowIndex(row=1) - start
13:20:17.348 [main] DEBUG org.dbunit.dataset.AbstractTable - assertValidRowIndex(row=1, rowCount=2) - start
13:20:17.348 [main] DEBUG org.dbunit.dataset.AbstractTable - getColumnIndex(columnName=ID_TAREFA) - start
13:20:17.348 [main] DEBUG org.dbunit.dataset.AbstractTableMetaData - getColumnIndex(columnName=ID_TAREFA) - start
13:20:17.348 [main] DEBUG org.dbunit.dataset.DefaultTable - getValue(row=1, column=NOME_TAREFA) - start
13:20:17.348 [main] DEBUG org.dbunit.dataset.AbstractTable - assertValidRowIndex(row=1) - start
13:20:17.348 [main] DEBUG org.dbunit.dataset.AbstractTable - assertValidRowIndex(row=1, rowCount=2) - start
13:20:17.348 [main] DEBUG org.dbunit.dataset.AbstractTable - getColumnIndex(columnName=NOME_TAREFA) - start
13:20:17.348 [main] DEBUG org.dbunit.dataset.AbstractTableMetaData - getColumnIndex(columnName=NOME_TAREFA) - start
13:20:17.348 [main] DEBUG org.dbunit.dataset.DefaultTable - getValue(row=1, column=DESCRICAO_TAREFA) - start
13:20:17.348 [main] DEBUG org.dbunit.dataset.AbstractTable - assertValidRowIndex(row=1) - start
13:20:17.348 [main] DEBUG org.dbunit.dataset.AbstractTable - assertValidRowIndex(row=1, rowCount=2) - start
13:20:17.348 [main] DEBUG org.dbunit.dataset.AbstractTable - getColumnIndex(columnName=DESCRICAO_TAREFA) - start
13:20:17.348 [main] DEBUG org.dbunit.dataset.AbstractTableMetaData - getColumnIndex(columnName=DESCRICAO_TAREFA) - start
13:20:17.348 [main] DEBUG org.dbunit.dataset.DefaultTable - getValue(row=1, column=DATA_INICIO_TAREFA) - start
13:20:17.348 [main] DEBUG org.dbunit.dataset.AbstractTable - assertValidRowIndex(row=1) - start
13:20:17.348 [main] DEBUG org.dbunit.dataset.AbstractTable - assertValidRowIndex(row=1, rowCount=2) - start
13:20:17.348 [main] DEBUG org.dbunit.dataset.AbstractTable - getColumnIndex(columnName=DATA_INICIO_TAREFA) - start
13:20:17.348 [main] DEBUG org.dbunit.dataset.AbstractTableMetaData - getColumnIndex(columnName=DATA_INICIO_TAREFA) - start
13:20:17.348 [main] DEBUG org.dbunit.dataset.DefaultTable - getValue(row=1, column=PRIORIDADE_TAREFA) - start
13:20:17.348 [main] DEBUG org.dbunit.dataset.AbstractTable - assertValidRowIndex(row=1) - start
13:20:17.348 [main] DEBUG org.dbunit.dataset.AbstractTable - assertValidRowIndex(row=1, rowCount=2) - start
13:20:17.348 [main] DEBUG org.dbunit.dataset.AbstractTable - getColumnIndex(columnName=PRIORIDADE_TAREFA) - start
13:20:17.348 [main] DEBUG org.dbunit.dataset.AbstractTableMetaData - getColumnIndex(columnName=PRIORIDADE_TAREFA) - start
13:20:17.348 [main] DEBUG org.dbunit.dataset.DefaultTable - getValue(row=1, column=TIPO_STATUS) - start
13:20:17.348 [main] DEBUG org.dbunit.dataset.AbstractTable - assertValidRowIndex(row=1) - start
13:20:17.348 [main] DEBUG org.dbunit.dataset.AbstractTable - assertValidRowIndex(row=1, rowCount=2) - start
13:20:17.348 [main] DEBUG org.dbunit.dataset.AbstractTable - getColumnIndex(columnName=TIPO_STATUS) - start
13:20:17.348 [main] DEBUG org.dbunit.dataset.AbstractTableMetaData - getColumnIndex(columnName=TIPO_STATUS) - start
13:20:17.348 [main] DEBUG org.dbunit.dataset.DefaultTable - getValue(row=1, column=USUARIO_ID) - start
13:20:17.348 [main] DEBUG org.dbunit.dataset.AbstractTable - assertValidRowIndex(row=1) - start
13:20:17.348 [main] DEBUG org.dbunit.dataset.AbstractTable - assertValidRowIndex(row=1, rowCount=2) - start
13:20:17.348 [main] DEBUG org.dbunit.dataset.AbstractTable - getColumnIndex(columnName=USUARIO_ID) - start
13:20:17.348 [main] DEBUG org.dbunit.dataset.AbstractTableMetaData - getColumnIndex(columnName=USUARIO_ID) - start
13:20:17.348 [main] DEBUG org.dbunit.dataset.DefaultTable - getValue(row=1, column=ID_PROJETO) - start
13:20:17.348 [main] DEBUG org.dbunit.dataset.AbstractTable - assertValidRowIndex(row=1) - start
13:20:17.348 [main] DEBUG org.dbunit.dataset.AbstractTable - assertValidRowIndex(row=1, rowCount=2) - start
13:20:17.348 [main] DEBUG org.dbunit.dataset.AbstractTable - getColumnIndex(columnName=ID_PROJETO) - start
13:20:17.348 [main] DEBUG org.dbunit.dataset.AbstractTableMetaData - getColumnIndex(columnName=ID_PROJETO) - start
13:20:17.348 [main] DEBUG org.dbunit.dataset.DefaultTable - getValue(row=1, column=ID_TAREFA) - start
13:20:17.348 [main] DEBUG org.dbunit.dataset.AbstractTable - assertValidRowIndex(row=1) - start
13:20:17.348 [main] DEBUG org.dbunit.dataset.AbstractTable - assertValidRowIndex(row=1, rowCount=2) - start
13:20:17.348 [main] DEBUG org.dbunit.dataset.AbstractTable - getColumnIndex(columnName=ID_TAREFA) - start
13:20:17.348 [main] DEBUG org.dbunit.dataset.AbstractTableMetaData - getColumnIndex(columnName=ID_TAREFA) - start
13:20:17.348 [main] DEBUG org.dbunit.database.statement.AutomaticPreparedBatchStatement - addValue(value=2, dataType=BIGINT) - start
13:20:17.348 [main] DEBUG org.dbunit.database.statement.SimplePreparedStatement - addValue(value=2, dataType=BIGINT) - start
13:20:17.348 [main] DEBUG org.dbunit.dataset.datatype.BigIntegerDataType - setSqlValue(value=2, column=1, statement=org.apache.derby.client.am.ClientPreparedStatement42@5114b7c7) - start
13:20:17.348 [main] DEBUG org.dbunit.dataset.datatype.BigIntegerDataType - typeCast(value=2) - start
13:20:17.348 [main] DEBUG org.dbunit.dataset.DefaultTable - getValue(row=1, column=NOME_TAREFA) - start
13:20:17.348 [main] DEBUG org.dbunit.dataset.AbstractTable - assertValidRowIndex(row=1) - start
13:20:17.348 [main] DEBUG org.dbunit.dataset.AbstractTable - assertValidRowIndex(row=1, rowCount=2) - start
13:20:17.348 [main] DEBUG org.dbunit.dataset.AbstractTable - getColumnIndex(columnName=NOME_TAREFA) - start
13:20:17.348 [main] DEBUG org.dbunit.dataset.AbstractTableMetaData - getColumnIndex(columnName=NOME_TAREFA) - start
13:20:17.348 [main] DEBUG org.dbunit.database.statement.AutomaticPreparedBatchStatement - addValue(value=Design Review, dataType=VARCHAR) - start
13:20:17.348 [main] DEBUG org.dbunit.database.statement.SimplePreparedStatement - addValue(value=Design Review, dataType=VARCHAR) - start
13:20:17.348 [main] DEBUG org.dbunit.dataset.datatype.StringDataType - setSqlValue(value=Design Review, column=2, statement=org.apache.derby.client.am.ClientPreparedStatement42@5114b7c7) - start
13:20:17.348 [main] DEBUG org.dbunit.dataset.datatype.DataType - asString(value=Design Review) - start
13:20:17.348 [main] DEBUG org.dbunit.dataset.datatype.StringDataType - typeCast(value=Design Review) - start
13:20:17.348 [main] DEBUG org.dbunit.dataset.DefaultTable - getValue(row=1, column=DESCRICAO_TAREFA) - start
13:20:17.348 [main] DEBUG org.dbunit.dataset.AbstractTable - assertValidRowIndex(row=1) - start
13:20:17.348 [main] DEBUG org.dbunit.dataset.AbstractTable - assertValidRowIndex(row=1, rowCount=2) - start
13:20:17.348 [main] DEBUG org.dbunit.dataset.AbstractTable - getColumnIndex(columnName=DESCRICAO_TAREFA) - start
13:20:17.348 [main] DEBUG org.dbunit.dataset.AbstractTableMetaData - getColumnIndex(columnName=DESCRICAO_TAREFA) - start
13:20:17.348 [main] DEBUG org.dbunit.database.statement.AutomaticPreparedBatchStatement - addValue(value=Review the initial designs, dataType=VARCHAR) - start
13:20:17.348 [main] DEBUG org.dbunit.database.statement.SimplePreparedStatement - addValue(value=Review the initial designs, dataType=VARCHAR) - start
13:20:17.348 [main] DEBUG org.dbunit.dataset.datatype.StringDataType - setSqlValue(value=Review the initial designs, column=3, statement=org.apache.derby.client.am.ClientPreparedStatement42@5114b7c7) - start
13:20:17.348 [main] DEBUG org.dbunit.dataset.datatype.DataType - asString(value=Review the initial designs) - start
13:20:17.348 [main] DEBUG org.dbunit.dataset.datatype.StringDataType - typeCast(value=Review the initial designs) - start
13:20:17.348 [main] DEBUG org.dbunit.dataset.DefaultTable - getValue(row=1, column=DATA_INICIO_TAREFA) - start
13:20:17.348 [main] DEBUG org.dbunit.dataset.AbstractTable - assertValidRowIndex(row=1) - start
13:20:17.348 [main] DEBUG org.dbunit.dataset.AbstractTable - assertValidRowIndex(row=1, rowCount=2) - start
13:20:17.348 [main] DEBUG org.dbunit.dataset.AbstractTable - getColumnIndex(columnName=DATA_INICIO_TAREFA) - start
13:20:17.348 [main] DEBUG org.dbunit.dataset.AbstractTableMetaData - getColumnIndex(columnName=DATA_INICIO_TAREFA) - start
13:20:17.348 [main] DEBUG org.dbunit.database.statement.AutomaticPreparedBatchStatement - addValue(value=2024-02-01, dataType=DATE) - start
13:20:17.348 [main] DEBUG org.dbunit.database.statement.SimplePreparedStatement - addValue(value=2024-02-01, dataType=DATE) - start
13:20:17.348 [main] DEBUG org.dbunit.dataset.datatype.DateDataType - setSqlValue(value=2024-02-01, column=4, statement=org.apache.derby.client.am.ClientPreparedStatement42@5114b7c7) - start
13:20:17.348 [main] DEBUG org.dbunit.dataset.datatype.DateDataType - typeCast(value=2024-02-01) - start
13:20:17.348 [main] DEBUG org.dbunit.dataset.DefaultTable - getValue(row=1, column=PRIORIDADE_TAREFA) - start
13:20:17.348 [main] DEBUG org.dbunit.dataset.AbstractTable - assertValidRowIndex(row=1) - start
13:20:17.348 [main] DEBUG org.dbunit.dataset.AbstractTable - assertValidRowIndex(row=1, rowCount=2) - start
13:20:17.348 [main] DEBUG org.dbunit.dataset.AbstractTable - getColumnIndex(columnName=PRIORIDADE_TAREFA) - start
13:20:17.348 [main] DEBUG org.dbunit.dataset.AbstractTableMetaData - getColumnIndex(columnName=PRIORIDADE_TAREFA) - start
13:20:17.348 [main] DEBUG org.dbunit.database.statement.AutomaticPreparedBatchStatement - addValue(value=Medium, dataType=VARCHAR) - start
13:20:17.348 [main] DEBUG org.dbunit.database.statement.SimplePreparedStatement - addValue(value=Medium, dataType=VARCHAR) - start
13:20:17.348 [main] DEBUG org.dbunit.dataset.datatype.StringDataType - setSqlValue(value=Medium, column=5, statement=org.apache.derby.client.am.ClientPreparedStatement42@5114b7c7) - start
13:20:17.348 [main] DEBUG org.dbunit.dataset.datatype.DataType - asString(value=Medium) - start
13:20:17.348 [main] DEBUG org.dbunit.dataset.datatype.StringDataType - typeCast(value=Medium) - start
13:20:17.348 [main] DEBUG org.dbunit.dataset.DefaultTable - getValue(row=1, column=TIPO_STATUS) - start
13:20:17.348 [main] DEBUG org.dbunit.dataset.AbstractTable - assertValidRowIndex(row=1) - start
13:20:17.348 [main] DEBUG org.dbunit.dataset.AbstractTable - assertValidRowIndex(row=1, rowCount=2) - start
13:20:17.348 [main] DEBUG org.dbunit.dataset.AbstractTable - getColumnIndex(columnName=TIPO_STATUS) - start
13:20:17.348 [main] DEBUG org.dbunit.dataset.AbstractTableMetaData - getColumnIndex(columnName=TIPO_STATUS) - start
13:20:17.348 [main] DEBUG org.dbunit.database.statement.AutomaticPreparedBatchStatement - addValue(value=PENDING, dataType=VARCHAR) - start
13:20:17.348 [main] DEBUG org.dbunit.database.statement.SimplePreparedStatement - addValue(value=PENDING, dataType=VARCHAR) - start
13:20:17.348 [main] DEBUG org.dbunit.dataset.datatype.StringDataType - setSqlValue(value=PENDING, column=6, statement=org.apache.derby.client.am.ClientPreparedStatement42@5114b7c7) - start
13:20:17.348 [main] DEBUG org.dbunit.dataset.datatype.DataType - asString(value=PENDING) - start
13:20:17.348 [main] DEBUG org.dbunit.dataset.datatype.StringDataType - typeCast(value=PENDING) - start
13:20:17.348 [main] DEBUG org.dbunit.dataset.DefaultTable - getValue(row=1, column=USUARIO_ID) - start
13:20:17.348 [main] DEBUG org.dbunit.dataset.AbstractTable - assertValidRowIndex(row=1) - start
13:20:17.348 [main] DEBUG org.dbunit.dataset.AbstractTable - assertValidRowIndex(row=1, rowCount=2) - start
13:20:17.348 [main] DEBUG org.dbunit.dataset.AbstractTable - getColumnIndex(columnName=USUARIO_ID) - start
13:20:17.348 [main] DEBUG org.dbunit.dataset.AbstractTableMetaData - getColumnIndex(columnName=USUARIO_ID) - start
13:20:17.348 [main] DEBUG org.dbunit.database.statement.AutomaticPreparedBatchStatement - addValue(value=2, dataType=BIGINT) - start
13:20:17.348 [main] DEBUG org.dbunit.database.statement.SimplePreparedStatement - addValue(value=2, dataType=BIGINT) - start
13:20:17.349 [main] DEBUG org.dbunit.dataset.datatype.BigIntegerDataType - setSqlValue(value=2, column=7, statement=org.apache.derby.client.am.ClientPreparedStatement42@5114b7c7) - start
13:20:17.349 [main] DEBUG org.dbunit.dataset.datatype.BigIntegerDataType - typeCast(value=2) - start
13:20:17.349 [main] DEBUG org.dbunit.dataset.DefaultTable - getValue(row=1, column=ID_PROJETO) - start
13:20:17.349 [main] DEBUG org.dbunit.dataset.AbstractTable - assertValidRowIndex(row=1) - start
13:20:17.349 [main] DEBUG org.dbunit.dataset.AbstractTable - assertValidRowIndex(row=1, rowCount=2) - start
13:20:17.349 [main] DEBUG org.dbunit.dataset.AbstractTable - getColumnIndex(columnName=ID_PROJETO) - start
13:20:17.349 [main] DEBUG org.dbunit.dataset.AbstractTableMetaData - getColumnIndex(columnName=ID_PROJETO) - start
13:20:17.349 [main] DEBUG org.dbunit.database.statement.AutomaticPreparedBatchStatement - addValue(value=2, dataType=BIGINT) - start
13:20:17.349 [main] DEBUG org.dbunit.database.statement.SimplePreparedStatement - addValue(value=2, dataType=BIGINT) - start
13:20:17.349 [main] DEBUG org.dbunit.dataset.datatype.BigIntegerDataType - setSqlValue(value=2, column=8, statement=org.apache.derby.client.am.ClientPreparedStatement42@5114b7c7) - start
13:20:17.349 [main] DEBUG org.dbunit.dataset.datatype.BigIntegerDataType - typeCast(value=2) - start
13:20:17.349 [main] DEBUG org.dbunit.database.statement.AutomaticPreparedBatchStatement - addBatch() - start
13:20:17.349 [main] DEBUG org.dbunit.database.statement.SimplePreparedStatement - addBatch() - start
13:20:17.350 [main] DEBUG org.dbunit.operation.InsertOperation - equalsIgnoreMapping(ignoreMapping={}, table=org.dbunit.dataset.DefaultTable[_metaData=tableName=TB_TAREFA, columns=[(ID_TAREFA, UNKNOWN, nullableUnknown), (NOME_TAREFA, UNKNOWN, nullableUnknown), (DESCRICAO_TAREFA, UNKNOWN, nullableUnknown), (DATA_INICIO_TAREFA, UNKNOWN, nullableUnknown), (PRIORIDADE_TAREFA, UNKNOWN, nullableUnknown), (TIPO_STATUS, UNKNOWN, nullableUnknown), (USUARIO_ID, UNKNOWN, nullableUnknown), (ID_PROJETO, UNKNOWN, nullableUnknown)], keys=[], _rowList.size()=2], row=2) - start
13:20:17.350 [main] DEBUG org.dbunit.dataset.DefaultTable - getValue(row=2, column=ID_TAREFA) - start
13:20:17.350 [main] DEBUG org.dbunit.dataset.AbstractTable - assertValidRowIndex(row=2) - start
13:20:17.350 [main] DEBUG org.dbunit.dataset.AbstractTable - assertValidRowIndex(row=2, rowCount=2) - start
13:20:17.350 [main] DEBUG org.dbunit.database.statement.AutomaticPreparedBatchStatement - executeBatch() - start
13:20:17.350 [main] DEBUG org.dbunit.database.statement.SimplePreparedStatement - executeBatch() - start
13:20:17.350 [main] DEBUG org.dbunit.database.statement.SimplePreparedStatement - clearBatch() - start
13:20:17.350 [main] DEBUG org.dbunit.database.statement.AutomaticPreparedBatchStatement - clearBatch() - start
13:20:17.350 [main] DEBUG org.dbunit.database.statement.SimplePreparedStatement - clearBatch() - start
13:20:17.350 [main] DEBUG org.dbunit.database.statement.AutomaticPreparedBatchStatement - close() - start
13:20:17.350 [main] DEBUG org.dbunit.database.statement.AbstractPreparedBatchStatement - close() - start
13:20:17.350 [main] DEBUG org.dbunit.database.DatabaseConnection - close() - start
[EL Fine]: sql: 2024-12-20 13:20:17.358--ServerSession(1728465884)--Connection(1117747481)--Thread(Thread[#1,main,5,main])--SELECT ID_CLIENTE, CNPJ_CLIENTE, EMAIL_CLIENTE, NOME_CLIENTE FROM TB_CLIENTE WHERE (NOME_CLIENTE = ?)
	bind => [Empresa ABC]
]]></system-out>
    <system-err><![CDATA[dez. 20, 2024 1:20:16 PM tests.GenericTest setUpClass
INFO: Inicializando EntityManagerFactory...
dez. 20, 2024 1:20:16 PM tests.GenericTest setUpClass
INFO: EntityManagerFactory inicializado com sucesso.
dez. 20, 2024 1:20:16 PM tests.GenericTest setUpClass
INFO: Inserindo dados de teste...
dez. 20, 2024 1:20:17 PM tests.GenericTest setUpClass
INFO: Dados de teste inseridos com sucesso.
dez. 20, 2024 1:20:17 PM tests.GenericTest setUp
INFO: Criando EntityManager...
dez. 20, 2024 1:20:17 PM tests.GenericTest beginTransaction
INFO: Iniciando transação...
dez. 20, 2024 1:20:17 PM tests.ClienteCrudTest atualizarCliente
INFO: Executando atualizarCliente()
dez. 20, 2024 1:20:17 PM tests.GenericTest commitTransaction
INFO: Commit da transação...
dez. 20, 2024 1:20:17 PM tests.GenericTest tearDown
INFO: Fechando EntityManager...
dez. 20, 2024 1:20:17 PM tests.GenericTest tearDown
INFO: EntityManager fechado com sucesso.
]]></system-err>
  </testcase>
  <testcase name="atualizarClienteMerge" classname="tests.ClienteCrudTest" time="0.006">
    <error message="getSingleResult() did not retrieve any entities." type="jakarta.persistence.NoResultException"><![CDATA[jakarta.persistence.NoResultException: getSingleResult() did not retrieve any entities.
	at org.eclipse.persistence.internal.jpa.QueryImpl.throwNoResultException(QueryImpl.java:980)
	at org.eclipse.persistence.internal.jpa.QueryImpl.getSingleResult(QueryImpl.java:536)
	at org.eclipse.persistence.internal.jpa.EJBQueryImpl.getSingleResult(EJBQueryImpl.java:400)
	at tests.ClienteCrudTest.atualizarClienteMerge(ClienteCrudTest.java:85)
	at java.base/java.lang.reflect.Method.invoke(Method.java:580)
	at java.base/java.util.ArrayList.forEach(ArrayList.java:1596)
	at java.base/java.util.ArrayList.forEach(ArrayList.java:1596)
]]></error>
    <system-out><![CDATA[[EL Fine]: sql: 2024-12-20 13:20:17.372--ServerSession(1728465884)--Connection(1117747481)--Thread(Thread[#1,main,5,main])--SELECT ID_CLIENTE, CNPJ_CLIENTE, EMAIL_CLIENTE, NOME_CLIENTE FROM TB_CLIENTE WHERE (NOME_CLIENTE = ?)
	bind => [Empresa XYZ]
]]></system-out>
    <system-err><![CDATA[dez. 20, 2024 1:20:17 PM tests.GenericTest setUp
INFO: Criando EntityManager...
dez. 20, 2024 1:20:17 PM tests.GenericTest beginTransaction
INFO: Iniciando transação...
dez. 20, 2024 1:20:17 PM tests.ClienteCrudTest atualizarClienteMerge
INFO: Executando atualizarClienteMerge()
dez. 20, 2024 1:20:17 PM tests.GenericTest commitTransaction
INFO: Commit da transação...
dez. 20, 2024 1:20:17 PM tests.GenericTest tearDown
INFO: Fechando EntityManager...
dez. 20, 2024 1:20:17 PM tests.GenericTest tearDown
INFO: EntityManager fechado com sucesso.
]]></system-err>
  </testcase>
  <testcase name="persistirCliente" classname="tests.ClienteCrudTest" time="0.162">
    <error message="Exception [EclipseLink-4002] (Eclipse Persistence Services - 4.0.4.v202407190748-059428cdd2583c46f1f3e50d235854840a6fa9a7): org.eclipse.persistence.exceptions.DatabaseException&#10;Internal Exception: java.sql.SQLIntegrityConstraintViolationException: A coluna &apos;ID_CALENDARIO&apos; não aceita valor nulo.&#10;Error Code: 20000&#10;Call: INSERT INTO TB_PROJETO (DESCRICAO_PROJETO, NOME_PROJETO, ID_CLIENTE, ID_CALENDARIO, ID_RELATORIO) VALUES (?, ?, ?, ?, ?)&#10;	bind =&gt; [Descrição do Projeto A, Projeto A, 1, null, null]&#10;Query: InsertObjectQuery(exemplo.jpa.Projeto[ id=null ])" type="jakarta.persistence.PersistenceException"><![CDATA[jakarta.persistence.PersistenceException: 
Exception [EclipseLink-4002] (Eclipse Persistence Services - 4.0.4.v202407190748-059428cdd2583c46f1f3e50d235854840a6fa9a7): org.eclipse.persistence.exceptions.DatabaseException
Internal Exception: java.sql.SQLIntegrityConstraintViolationException: A coluna 'ID_CALENDARIO' não aceita valor nulo.
Error Code: 20000
Call: INSERT INTO TB_PROJETO (DESCRICAO_PROJETO, NOME_PROJETO, ID_CLIENTE, ID_CALENDARIO, ID_RELATORIO) VALUES (?, ?, ?, ?, ?)
	bind => [Descrição do Projeto A, Projeto A, 1, null, null]
Query: InsertObjectQuery(exemplo.jpa.Projeto[ id=null ])
	at org.eclipse.persistence.internal.jpa.EntityManagerImpl.flush(EntityManagerImpl.java:967)
	at tests.ClienteCrudTest.persistirCliente(ClienteCrudTest.java:51)
	at java.base/java.lang.reflect.Method.invoke(Method.java:580)
	at java.base/java.util.ArrayList.forEach(ArrayList.java:1596)
	at java.base/java.util.ArrayList.forEach(ArrayList.java:1596)
Caused by: Exception [EclipseLink-4002] (Eclipse Persistence Services - 4.0.4.v202407190748-059428cdd2583c46f1f3e50d235854840a6fa9a7): org.eclipse.persistence.exceptions.DatabaseException
Internal Exception: java.sql.SQLIntegrityConstraintViolationException: A coluna 'ID_CALENDARIO' não aceita valor nulo.
Error Code: 20000
Call: INSERT INTO TB_PROJETO (DESCRICAO_PROJETO, NOME_PROJETO, ID_CLIENTE, ID_CALENDARIO, ID_RELATORIO) VALUES (?, ?, ?, ?, ?)
	bind => [Descrição do Projeto A, Projeto A, 1, null, null]
Query: InsertObjectQuery(exemplo.jpa.Projeto[ id=null ])
	at org.eclipse.persistence.exceptions.DatabaseException.sqlException(DatabaseException.java:334)
	at org.eclipse.persistence.internal.databaseaccess.DatabaseAccessor.executeDirectNoSelect(DatabaseAccessor.java:919)
	at org.eclipse.persistence.internal.databaseaccess.DatabaseAccessor.executeNoSelect(DatabaseAccessor.java:981)
	at org.eclipse.persistence.internal.databaseaccess.DatabaseAccessor.basicExecuteCall(DatabaseAccessor.java:642)
	at org.eclipse.persistence.internal.databaseaccess.DatabaseAccessor.executeCall(DatabaseAccessor.java:569)
	at org.eclipse.persistence.internal.sessions.AbstractSession.basicExecuteCall(AbstractSession.java:2048)
	at org.eclipse.persistence.sessions.server.ClientSession.executeCall(ClientSession.java:311)
	at org.eclipse.persistence.internal.queries.DatasourceCallQueryMechanism.executeCall(DatasourceCallQueryMechanism.java:280)
	at org.eclipse.persistence.internal.queries.DatasourceCallQueryMechanism.executeCall(DatasourceCallQueryMechanism.java:266)
	at org.eclipse.persistence.internal.queries.DatasourceCallQueryMechanism.insertObject(DatasourceCallQueryMechanism.java:436)
	at org.eclipse.persistence.internal.queries.StatementQueryMechanism.insertObject(StatementQueryMechanism.java:193)
	at org.eclipse.persistence.internal.queries.StatementQueryMechanism.insertObject(StatementQueryMechanism.java:209)
	at org.eclipse.persistence.internal.queries.DatabaseQueryMechanism.insertObjectForWrite(DatabaseQueryMechanism.java:514)
	at org.eclipse.persistence.queries.InsertObjectQuery.executeCommit(InsertObjectQuery.java:86)
	at org.eclipse.persistence.queries.InsertObjectQuery.executeCommitWithChangeSet(InsertObjectQuery.java:97)
	at org.eclipse.persistence.internal.queries.DatabaseQueryMechanism.executeWriteWithChangeSet(DatabaseQueryMechanism.java:326)
	at org.eclipse.persistence.queries.WriteObjectQuery.executeDatabaseQuery(WriteObjectQuery.java:61)
	at org.eclipse.persistence.queries.DatabaseQuery.execute(DatabaseQuery.java:913)
	at org.eclipse.persistence.queries.DatabaseQuery.executeInUnitOfWork(DatabaseQuery.java:812)
	at org.eclipse.persistence.queries.ObjectLevelModifyQuery.executeInUnitOfWorkObjectLevelModifyQuery(ObjectLevelModifyQuery.java:109)
	at org.eclipse.persistence.queries.ObjectLevelModifyQuery.executeInUnitOfWork(ObjectLevelModifyQuery.java:86)
	at org.eclipse.persistence.internal.sessions.UnitOfWorkImpl.internalExecuteQuery(UnitOfWorkImpl.java:3028)
	at org.eclipse.persistence.internal.sessions.AbstractSession.executeQuery(AbstractSession.java:1841)
	at org.eclipse.persistence.internal.sessions.AbstractSession.executeQuery(AbstractSession.java:1823)
	at org.eclipse.persistence.internal.sessions.AbstractSession.executeQuery(AbstractSession.java:1773)
	at org.eclipse.persistence.internal.sessions.CommitManager.commitNewObjectsForClassWithChangeSet(CommitManager.java:248)
	at org.eclipse.persistence.internal.sessions.CommitManager.commitAllObjectsForClassWithChangeSet(CommitManager.java:215)
	at org.eclipse.persistence.internal.sessions.CommitManager.commitAllObjectsWithChangeSet(CommitManager.java:160)
	at org.eclipse.persistence.internal.sessions.AbstractSession.writeAllObjectsWithChangeSet(AbstractSession.java:4335)
	at org.eclipse.persistence.internal.sessions.UnitOfWorkImpl.commitToDatabase(UnitOfWorkImpl.java:1518)
	at org.eclipse.persistence.internal.sessions.UnitOfWorkImpl.commitToDatabaseWithPreBuiltChangeSet(UnitOfWorkImpl.java:1664)
	at org.eclipse.persistence.internal.sessions.RepeatableWriteUnitOfWork.writeChanges(RepeatableWriteUnitOfWork.java:478)
	at org.eclipse.persistence.internal.jpa.EntityManagerImpl.flush(EntityManagerImpl.java:962)
	... 4 more
Caused by: java.sql.SQLIntegrityConstraintViolationException: A coluna 'ID_CALENDARIO' não aceita valor nulo.
	at org.apache.derby.client.am.SQLExceptionFactory.getSQLException(SQLExceptionFactory.java:79)
	at org.apache.derby.client.am.SqlException.getSQLException(SqlException.java:325)
	at org.apache.derby.client.am.ClientPreparedStatement.executeUpdate(ClientPreparedStatement.java:405)
	at org.eclipse.persistence.internal.databaseaccess.DatabaseAccessor.executeDirectNoSelect(DatabaseAccessor.java:909)
	... 35 more
Caused by: ERROR 23502: A coluna 'ID_CALENDARIO' não aceita valor nulo.
	at org.apache.derby.client.am.ClientStatement.completeExecute(ClientStatement.java:1868)
	at org.apache.derby.client.net.NetStatementReply.parseEXCSQLSTTreply(NetStatementReply.java:323)
	at org.apache.derby.client.net.NetStatementReply.readExecute(NetStatementReply.java:72)
	at org.apache.derby.client.net.StatementReply.readExecute(StatementReply.java:59)
	at org.apache.derby.client.net.NetPreparedStatement.readExecute_(NetPreparedStatement.java:167)
	at org.apache.derby.client.am.ClientPreparedStatement.readExecute(ClientPreparedStatement.java:1844)
	at org.apache.derby.client.am.ClientPreparedStatement.flowExecute(ClientPreparedStatement.java:2133)
	at org.apache.derby.client.am.ClientPreparedStatement.executeUpdateX(ClientPreparedStatement.java:410)
	at org.apache.derby.client.am.ClientPreparedStatement.executeUpdate(ClientPreparedStatement.java:396)
	... 36 more
]]></error>
    <system-out><![CDATA[[EL Fine]: sql: 2024-12-20 13:20:17.485--ClientSession(1370494288)--Connection(1117747481)--Thread(Thread[#1,main,5,main])--INSERT INTO TB_CLIENTE (CNPJ_CLIENTE, EMAIL_CLIENTE, NOME_CLIENTE) VALUES (?, ?, ?)
	bind => [12.345.678/0001-90, contato@empresaabc.com, Empresa ABC]
[EL Fine]: sql: 2024-12-20 13:20:17.496--ClientSession(1370494288)--Connection(1117747481)--Thread(Thread[#1,main,5,main])--INSERT INTO TB_PROJETO (DESCRICAO_PROJETO, NOME_PROJETO, ID_CLIENTE, ID_CALENDARIO, ID_RELATORIO) VALUES (?, ?, ?, ?, ?)
	bind => [Descrição do Projeto A, Projeto A, 1, null, null]
[EL Fine]: sql: 2024-12-20 13:20:17.526--ClientSession(1370494288)--Thread(Thread[#1,main,5,main])--VALUES(1)
[EL Warning]: 2024-12-20 13:20:17.527--UnitOfWork(49485418)--Thread(Thread[#1,main,5,main])--Exception [EclipseLink-4002] (Eclipse Persistence Services - 4.0.4.v202407190748-059428cdd2583c46f1f3e50d235854840a6fa9a7): org.eclipse.persistence.exceptions.DatabaseException
Internal Exception: java.sql.SQLIntegrityConstraintViolationException: A coluna 'ID_CALENDARIO' não aceita valor nulo.
Error Code: 20000
Call: INSERT INTO TB_PROJETO (DESCRICAO_PROJETO, NOME_PROJETO, ID_CLIENTE, ID_CALENDARIO, ID_RELATORIO) VALUES (?, ?, ?, ?, ?)
	bind => [Descrição do Projeto A, Projeto A, 1, null, null]
Query: InsertObjectQuery(exemplo.jpa.Projeto[ id=null ])
]]></system-out>
    <system-err><![CDATA[dez. 20, 2024 1:20:17 PM tests.GenericTest setUp
INFO: Criando EntityManager...
dez. 20, 2024 1:20:17 PM tests.GenericTest beginTransaction
INFO: Iniciando transação...
dez. 20, 2024 1:20:17 PM tests.ClienteCrudTest persistirCliente
INFO: Executando persistirCliente()
dez. 20, 2024 1:20:17 PM tests.GenericTest commitTransaction
WARNING: Transação marcada para rollback. Realizando rollback...
dez. 20, 2024 1:20:17 PM tests.GenericTest tearDown
INFO: Fechando EntityManager...
dez. 20, 2024 1:20:17 PM tests.GenericTest tearDown
INFO: EntityManager fechado com sucesso.
]]></system-err>
  </testcase>
  <testcase name="removerCliente" classname="tests.ClienteCrudTest" time="0.007">
    <error message="getSingleResult() did not retrieve any entities." type="jakarta.persistence.NoResultException"><![CDATA[jakarta.persistence.NoResultException: getSingleResult() did not retrieve any entities.
	at org.eclipse.persistence.internal.jpa.QueryImpl.throwNoResultException(QueryImpl.java:980)
	at org.eclipse.persistence.internal.jpa.QueryImpl.getSingleResult(QueryImpl.java:536)
	at org.eclipse.persistence.internal.jpa.EJBQueryImpl.getSingleResult(EJBQueryImpl.java:400)
	at tests.ClienteCrudTest.removerCliente(ClienteCrudTest.java:109)
	at java.base/java.lang.reflect.Method.invoke(Method.java:580)
	at java.base/java.util.ArrayList.forEach(ArrayList.java:1596)
	at java.base/java.util.ArrayList.forEach(ArrayList.java:1596)
]]></error>
    <system-out><![CDATA[[EL Fine]: sql: 2024-12-20 13:20:17.544--ServerSession(1728465884)--Connection(1117747481)--Thread(Thread[#1,main,5,main])--SELECT ID_CLIENTE, CNPJ_CLIENTE, EMAIL_CLIENTE, NOME_CLIENTE FROM TB_CLIENTE WHERE (NOME_CLIENTE = ?)
	bind => [Empresa XYZ]
]]></system-out>
    <system-err><![CDATA[dez. 20, 2024 1:20:17 PM tests.GenericTest setUp
INFO: Criando EntityManager...
dez. 20, 2024 1:20:17 PM tests.GenericTest beginTransaction
INFO: Iniciando transação...
dez. 20, 2024 1:20:17 PM tests.ClienteCrudTest removerCliente
INFO: Executando removerCliente()
dez. 20, 2024 1:20:17 PM tests.GenericTest commitTransaction
INFO: Commit da transação...
dez. 20, 2024 1:20:17 PM tests.GenericTest tearDown
INFO: Fechando EntityManager...
dez. 20, 2024 1:20:17 PM tests.GenericTest tearDown
INFO: EntityManager fechado com sucesso.
]]></system-err>
  </testcase>
</testsuite>